2016-07-20 17:06:56,654 - mnist_binary - INFO - experiment started for:{'run_id': 0, 'max_iter': 300, 'optimization_config': {'hyp': 15, 'mog': 60}, 'xtol': 0.001, 'git_hash': '5edc0d6857cfb1d942b413dea0f2e297c22c9e92', 'model_init': None, 'ftol': 10, 'latent_noise:': 0.001, 'sparsity_factor': 0.02, 'll': 'LogisticLL', 'sample_num': 100, 'experiment': 'mnist_binary', 'git_branch': 'master', 'random_Z': False, 'method': 'full'}
2016-07-20 17:07:31,945 - mnist_binary - INFO - Iteration 1 started.
2016-07-20 17:07:31,945 - mnist_binary - INFO - Optimizing: mog
2016-07-20 17:07:32,304 - mnist_binary - DEBUG - Objective: 86828.6599
2016-07-20 17:07:38,697 - mnist_binary - DEBUG - Objective: 83508.6084
2016-07-20 17:07:44,683 - mnist_binary - DEBUG - Objective: 73371.8143
2016-07-20 17:07:50,734 - mnist_binary - DEBUG - Objective: 65710.7545
2016-07-20 17:07:56,826 - mnist_binary - DEBUG - Objective: 49903.2787
2016-07-20 17:08:02,569 - mnist_binary - DEBUG - Objective: 59206.8226
2016-07-20 17:08:07,705 - mnist_binary - DEBUG - Objective: 42259.4319
2016-07-20 17:08:12,440 - mnist_binary - DEBUG - Objective: 35268.3105
2016-07-20 17:08:17,352 - mnist_binary - DEBUG - Objective: 30821.7374
2016-07-20 17:08:21,878 - mnist_binary - DEBUG - Objective: 27051.6821
2016-07-20 17:08:28,443 - mnist_binary - DEBUG - Objective: 37072.1433
2016-07-20 17:08:33,386 - mnist_binary - DEBUG - Objective: 25953.2574
2016-07-20 17:08:37,971 - mnist_binary - DEBUG - Objective: 22737.4793
2016-07-20 17:08:43,812 - mnist_binary - DEBUG - Objective: 19929.5911
2016-07-20 17:08:49,202 - mnist_binary - DEBUG - Objective: 17516.0053
2016-07-20 17:08:54,428 - mnist_binary - DEBUG - Objective: 20345.0653
2016-07-20 17:09:00,113 - mnist_binary - DEBUG - Objective: 16662.6198
2016-07-20 17:09:05,590 - mnist_binary - DEBUG - Objective: 15594.3351
2016-07-20 17:09:12,196 - mnist_binary - DEBUG - Objective: 14743.4142
2016-07-20 17:09:19,403 - mnist_binary - DEBUG - Objective: 15537.4509
2016-07-20 17:09:25,964 - mnist_binary - DEBUG - Objective: 14352.2863
2016-07-20 17:09:33,147 - mnist_binary - DEBUG - Objective: 13747.5807
2016-07-20 17:09:38,399 - mnist_binary - DEBUG - Objective: 13286.9794
2016-07-20 17:09:43,708 - mnist_binary - DEBUG - Objective: 12850.6960
2016-07-20 17:09:48,841 - mnist_binary - DEBUG - Objective: 12360.9505
2016-07-20 17:09:54,118 - mnist_binary - DEBUG - Objective: 12039.2028
2016-07-20 17:09:59,456 - mnist_binary - DEBUG - Objective: 11806.1790
2016-07-20 17:10:04,884 - mnist_binary - DEBUG - Objective: 11652.7255
2016-07-20 17:10:10,559 - mnist_binary - DEBUG - Objective: 11461.8232
2016-07-20 17:10:15,812 - mnist_binary - DEBUG - Objective: 11197.0792
2016-07-20 17:10:21,129 - mnist_binary - DEBUG - Objective: 10934.2871
2016-07-20 17:10:26,755 - mnist_binary - DEBUG - Objective: 10693.5957
2016-07-20 17:10:32,210 - mnist_binary - DEBUG - Objective: 10572.5412
2016-07-20 17:10:37,440 - mnist_binary - DEBUG - Objective: 10384.5930
2016-07-20 17:10:42,824 - mnist_binary - DEBUG - Objective: 10224.5953
2016-07-20 17:10:48,095 - mnist_binary - DEBUG - Objective: 10009.0535
2016-07-20 17:10:53,739 - mnist_binary - DEBUG - Objective: 9865.2520
2016-07-20 17:10:59,128 - mnist_binary - DEBUG - Objective: 9754.3399
2016-07-20 17:11:05,292 - mnist_binary - DEBUG - Objective: 9701.2763
2016-07-20 17:11:12,092 - mnist_binary - DEBUG - Objective: 9634.5388
2016-07-20 17:11:18,353 - mnist_binary - DEBUG - Objective: 9526.7874
2016-07-20 17:11:24,808 - mnist_binary - DEBUG - Objective: 9394.0756
2016-07-20 17:11:31,622 - mnist_binary - DEBUG - Objective: 9454.1783
2016-07-20 17:11:37,860 - mnist_binary - DEBUG - Objective: 9358.0355
2016-07-20 17:11:44,109 - mnist_binary - DEBUG - Objective: 9268.6639
2016-07-20 17:11:50,264 - mnist_binary - DEBUG - Objective: 9221.1998
2016-07-20 17:11:56,755 - mnist_binary - DEBUG - Objective: 9155.3582
2016-07-20 17:12:02,286 - mnist_binary - DEBUG - Objective: 9087.3376
2016-07-20 17:12:08,539 - mnist_binary - DEBUG - Objective: 8994.8343
2016-07-20 17:12:14,260 - mnist_binary - DEBUG - Objective: 8916.9844
2016-07-20 17:12:20,665 - mnist_binary - DEBUG - Objective: 8877.9826
2016-07-20 17:12:27,219 - mnist_binary - DEBUG - Objective: 8854.8052
2016-07-20 17:12:32,347 - mnist_binary - DEBUG - Objective: 8837.2240
2016-07-20 17:12:37,614 - mnist_binary - DEBUG - Objective: 8774.5329
2016-07-20 17:12:42,853 - mnist_binary - DEBUG - Objective: 8733.6445
2016-07-20 17:12:49,073 - mnist_binary - DEBUG - Objective: 8707.6965
2016-07-20 17:12:55,432 - mnist_binary - DEBUG - Objective: 8667.1907
2016-07-20 17:13:02,225 - mnist_binary - DEBUG - Objective: 8654.5810
2016-07-20 17:13:08,985 - mnist_binary - DEBUG - Objective: 8631.2497
2016-07-20 17:13:15,848 - mnist_binary - DEBUG - Objective: 8599.2932
2016-07-20 17:13:22,615 - mnist_binary - DEBUG - Objective: 8560.1259
2016-07-20 17:13:22,748 - mnist_binary - INFO - Optimizing: hyp
2016-07-20 17:14:50,362 - mnist_binary - DEBUG - Objective: 8555.0314
2016-07-20 17:16:17,361 - mnist_binary - DEBUG - Objective: 29647.0092
2016-07-20 17:17:41,576 - mnist_binary - DEBUG - Objective: 8528.5248
2016-07-20 17:18:42,743 - mnist_binary - DEBUG - Objective: 8532.6678
2016-07-20 17:19:41,201 - mnist_binary - DEBUG - Objective: 8520.9907
2016-07-20 17:20:41,635 - mnist_binary - DEBUG - Objective: 8532.1504
2016-07-20 17:21:41,921 - mnist_binary - DEBUG - Objective: 8536.3730
2016-07-20 17:22:41,545 - mnist_binary - DEBUG - Objective: 8527.3698
2016-07-20 17:23:41,992 - mnist_binary - DEBUG - Objective: 8527.2632
2016-07-20 17:24:41,448 - mnist_binary - DEBUG - Objective: 8520.3856
2016-07-20 17:24:41,449 - mnist_binary - DEBUG - Objective: 8520.3856
2016-07-20 17:25:41,898 - mnist_binary - DEBUG - Objective: 8526.5925
2016-07-20 17:26:58,108 - mnist_binary - DEBUG - Objective: 8534.5091
2016-07-20 17:26:58,109 - mnist_binary - DEBUG - Objective: 8534.5091
2016-07-20 17:26:58,387 - mnist_binary - INFO - Iteration 2 started.
2016-07-20 17:26:58,387 - mnist_binary - INFO - Optimizing: mog
2016-07-20 17:27:04,870 - mnist_binary - DEBUG - Objective: 8531.3412
2016-07-20 17:27:09,333 - mnist_binary - DEBUG - Objective: 8822.4448
2016-07-20 17:27:15,571 - mnist_binary - DEBUG - Objective: 8510.6223
2016-07-20 17:27:21,445 - mnist_binary - DEBUG - Objective: 8514.4952
2016-07-20 17:27:26,779 - mnist_binary - DEBUG - Objective: 8512.3999
2016-07-20 17:27:32,800 - mnist_binary - DEBUG - Objective: 8515.1875
2016-07-20 17:27:38,229 - mnist_binary - DEBUG - Objective: 8508.4859
2016-07-20 17:27:44,281 - mnist_binary - DEBUG - Objective: 8506.2553
2016-07-20 17:27:50,617 - mnist_binary - DEBUG - Objective: 8515.7985
2016-07-20 17:27:56,365 - mnist_binary - DEBUG - Objective: 8515.1835
2016-07-20 17:28:02,689 - mnist_binary - DEBUG - Objective: 8511.5019
2016-07-20 17:28:08,549 - mnist_binary - DEBUG - Objective: 8516.9559
2016-07-20 17:28:08,560 - mnist_binary - INFO - Optimizing: hyp
2016-07-20 17:29:34,950 - mnist_binary - DEBUG - Objective: 8515.6358
2016-07-20 17:31:06,316 - mnist_binary - DEBUG - Objective: 13316.5617
2016-07-20 17:32:34,305 - mnist_binary - DEBUG - Objective: 8500.6921
2016-07-20 17:33:34,761 - mnist_binary - DEBUG - Objective: 8506.7538
2016-07-20 17:34:39,444 - mnist_binary - DEBUG - Objective: 8504.2615
2016-07-20 17:35:39,623 - mnist_binary - DEBUG - Objective: 8505.8935
2016-07-20 17:36:38,544 - mnist_binary - DEBUG - Objective: 8508.4275
2016-07-20 17:36:38,545 - mnist_binary - DEBUG - Objective: 8508.4275
2016-07-20 17:36:40,081 - mnist_binary - DEBUG - Objective difference: 26.081573
2016-07-20 17:36:40,081 - mnist_binary - INFO - Mean difference: 0.001029
2016-07-20 17:36:40,081 - mnist_binary - INFO - Covariance difference: 0.000009
2016-07-20 17:36:40,082 - mnist_binary - DEBUG - prediction started...
2016-07-20 17:37:03,969 - mnist_binary - DEBUG - prediction finished
