2016-07-26 03:41:46,254 - sarcos_all_joints - INFO - experiment started for:{'run_id': 0, 'max_iter': 200, 'optimization_config': {'hyp': 10, 'll': 10, 'mog': 25}, 'xtol': 0.001, 'git_hash': 'a85fdfeab3bd20912baae11372acdecfaf56bbd7', 'model_init': None, 'ftol': 10, 'latent_noise:': 0.001, 'sparsity_factor': 0.001, 'll': 'CogLL', 'sample_num': 20000, 'experiment': 'sarcos_all_joints', 'git_branch': 'master', 'random_Z': False, 'method': 'full'}
2016-07-26 03:46:09,779 - sarcos_all_joints - INFO - Iteration 1 started.
2016-07-26 03:46:09,780 - sarcos_all_joints - INFO - Optimizing: mog
2016-07-26 03:46:09,789 - sarcos_all_joints - DEBUG - Objective: 3057942.3128
2016-07-26 03:50:32,760 - sarcos_all_joints - DEBUG - Objective: 3000618.2516
2016-07-26 03:54:59,071 - sarcos_all_joints - DEBUG - Objective: 2961586.3507
2016-07-26 03:59:21,228 - sarcos_all_joints - DEBUG - Objective: 2917524.5541
2016-07-26 04:03:43,677 - sarcos_all_joints - DEBUG - Objective: 2904279.7323
2016-07-26 04:08:08,355 - sarcos_all_joints - DEBUG - Objective: 2878015.0570
2016-07-26 04:12:31,956 - sarcos_all_joints - DEBUG - Objective: 2869039.6508
2016-07-26 04:16:55,034 - sarcos_all_joints - DEBUG - Objective: 2860262.1955
2016-07-26 04:21:22,037 - sarcos_all_joints - DEBUG - Objective: 2850670.0583
2016-07-26 04:25:46,386 - sarcos_all_joints - DEBUG - Objective: 2843388.6661
2016-07-26 04:30:09,554 - sarcos_all_joints - DEBUG - Objective: 2841958.3447
2016-07-26 04:34:32,576 - sarcos_all_joints - DEBUG - Objective: 2840467.0710
2016-07-26 04:38:57,014 - sarcos_all_joints - DEBUG - Objective: 2839232.4321
2016-07-26 04:43:20,516 - sarcos_all_joints - DEBUG - Objective: 2837517.6709
2016-07-26 04:47:44,376 - sarcos_all_joints - DEBUG - Objective: 2835904.3834
2016-07-26 04:52:07,000 - sarcos_all_joints - DEBUG - Objective: 2835265.3731
2016-07-26 04:56:31,136 - sarcos_all_joints - DEBUG - Objective: 2834054.2444
2016-07-26 05:00:54,187 - sarcos_all_joints - DEBUG - Objective: 2832794.7693
2016-07-26 05:05:23,507 - sarcos_all_joints - DEBUG - Objective: 2831802.2936
2016-07-26 05:09:48,022 - sarcos_all_joints - DEBUG - Objective: 2830040.1774
2016-07-26 05:14:10,022 - sarcos_all_joints - DEBUG - Objective: 2829422.0010
2016-07-26 05:18:34,728 - sarcos_all_joints - DEBUG - Objective: 2829035.3981
2016-07-26 05:22:57,878 - sarcos_all_joints - DEBUG - Objective: 2828437.5830
2016-07-26 05:27:24,270 - sarcos_all_joints - DEBUG - Objective: 2828074.8908
2016-07-26 05:31:46,854 - sarcos_all_joints - DEBUG - Objective: 2827777.9234
2016-07-26 05:36:09,391 - sarcos_all_joints - DEBUG - Objective: 2827557.8527
2016-07-26 05:36:09,393 - sarcos_all_joints - INFO - Optimizing: hyp
2016-07-26 05:44:29,575 - sarcos_all_joints - DEBUG - Objective: 2827719.1202
2016-07-26 05:52:52,169 - sarcos_all_joints - DEBUG - Objective: 1919932.5316
2016-07-26 06:01:10,939 - sarcos_all_joints - DEBUG - Objective: 1709639.2982
2016-07-26 06:09:32,237 - sarcos_all_joints - DEBUG - Objective: 1536011.4177
2016-07-26 06:17:53,940 - sarcos_all_joints - DEBUG - Objective: 1372006.7122
2016-07-26 06:26:16,730 - sarcos_all_joints - DEBUG - Objective: 1203852.3244
2016-07-26 06:34:32,028 - sarcos_all_joints - DEBUG - Objective: 1099538.2403
2016-07-26 06:43:00,745 - sarcos_all_joints - DEBUG - Objective: 1081770.9522
2016-07-26 06:51:30,203 - sarcos_all_joints - DEBUG - Objective: 1064396.5606
2016-07-26 06:59:53,059 - sarcos_all_joints - DEBUG - Objective: 1057037.2842
2016-07-26 07:08:24,092 - sarcos_all_joints - DEBUG - Objective: 1077903.8472
2016-07-26 07:16:46,831 - sarcos_all_joints - INFO - Optimizing: ll
2016-07-26 07:18:52,275 - sarcos_all_joints - DEBUG - Objective: 1057034.8941
2016-07-26 07:20:57,225 - sarcos_all_joints - DEBUG - Objective: 509683.3501
2016-07-26 07:23:03,008 - sarcos_all_joints - DEBUG - Objective: 441963.7901
2016-07-26 07:25:09,427 - sarcos_all_joints - DEBUG - Objective: 411039.7559
2016-07-26 07:27:15,173 - sarcos_all_joints - DEBUG - Objective: 406939.8037
2016-07-26 07:29:20,448 - sarcos_all_joints - DEBUG - Objective: 406654.9322
2016-07-26 07:31:26,478 - sarcos_all_joints - DEBUG - Objective: 406649.3565
2016-07-26 07:33:32,274 - sarcos_all_joints - DEBUG - Objective: 406649.8946
2016-07-26 07:35:37,642 - sarcos_all_joints - DEBUG - Objective: 406649.7476
2016-07-26 07:37:42,964 - sarcos_all_joints - DEBUG - Objective: 406651.7139
2016-07-26 07:39:48,011 - sarcos_all_joints - DEBUG - Objective: 406651.7344
2016-07-26 07:39:48,024 - sarcos_all_joints - INFO - Iteration 2 started.
2016-07-26 07:39:48,024 - sarcos_all_joints - INFO - Optimizing: mog
2016-07-26 07:44:14,274 - sarcos_all_joints - DEBUG - Objective: 406651.1656
2016-07-26 07:48:39,473 - sarcos_all_joints - DEBUG - Objective: 394923.7450
2016-07-26 07:53:06,349 - sarcos_all_joints - DEBUG - Objective: 976245.5756
2016-07-26 07:57:28,413 - sarcos_all_joints - DEBUG - Objective: 355444.0288
2016-07-26 08:01:53,349 - sarcos_all_joints - DEBUG - Objective: 368515.4699
2016-07-26 08:06:16,290 - sarcos_all_joints - DEBUG - Objective: 338909.7065
2016-07-26 08:10:37,166 - sarcos_all_joints - DEBUG - Objective: 317031.0473
2016-07-26 08:14:55,142 - sarcos_all_joints - DEBUG - Objective: 295226.8582
2016-07-26 08:19:19,698 - sarcos_all_joints - DEBUG - Objective: 286482.9153
2016-07-26 08:23:45,617 - sarcos_all_joints - DEBUG - Objective: 281882.6379
2016-07-26 08:28:12,332 - sarcos_all_joints - DEBUG - Objective: 278147.8215
2016-07-26 08:32:43,846 - sarcos_all_joints - DEBUG - Objective: 275485.7901
2016-07-26 08:37:11,090 - sarcos_all_joints - DEBUG - Objective: 273805.5016
2016-07-26 08:41:39,891 - sarcos_all_joints - DEBUG - Objective: 272406.4586
2016-07-26 08:46:05,146 - sarcos_all_joints - DEBUG - Objective: 270956.3214
2016-07-26 08:50:31,626 - sarcos_all_joints - DEBUG - Objective: 270102.7507
2016-07-26 08:54:58,368 - sarcos_all_joints - DEBUG - Objective: 269399.9525
2016-07-26 08:59:26,990 - sarcos_all_joints - DEBUG - Objective: 268926.7237
2016-07-26 09:03:53,628 - sarcos_all_joints - DEBUG - Objective: 268558.2690
2016-07-26 09:08:21,619 - sarcos_all_joints - DEBUG - Objective: 267999.4042
2016-07-26 09:12:47,132 - sarcos_all_joints - DEBUG - Objective: 268153.7740
2016-07-26 09:17:13,049 - sarcos_all_joints - DEBUG - Objective: 267783.5237
2016-07-26 09:21:36,357 - sarcos_all_joints - DEBUG - Objective: 267641.4359
2016-07-26 09:26:01,764 - sarcos_all_joints - DEBUG - Objective: 267513.8201
2016-07-26 09:30:28,519 - sarcos_all_joints - DEBUG - Objective: 267365.2896
2016-07-26 09:34:49,021 - sarcos_all_joints - DEBUG - Objective: 267469.1274
2016-07-26 09:39:15,461 - sarcos_all_joints - INFO - Optimizing: hyp
2016-07-26 09:47:38,827 - sarcos_all_joints - DEBUG - Objective: 267365.1924
2016-07-26 09:56:06,613 - sarcos_all_joints - DEBUG - Objective: 267197.0210
2016-07-26 10:04:36,791 - sarcos_all_joints - DEBUG - Objective: 266493.7339
2016-07-26 10:13:05,658 - sarcos_all_joints - DEBUG - Objective: 266620.9600
2016-07-26 10:21:30,696 - sarcos_all_joints - DEBUG - Objective: 264623.9229
2016-07-26 10:29:56,133 - sarcos_all_joints - DEBUG - Objective: 264521.1733
2016-07-26 10:38:21,606 - sarcos_all_joints - DEBUG - Objective: 263984.0195
2016-07-26 10:46:41,311 - sarcos_all_joints - DEBUG - Objective: 263351.7605
2016-07-26 10:55:06,515 - sarcos_all_joints - DEBUG - Objective: 263446.9937
2016-07-26 11:03:34,636 - sarcos_all_joints - DEBUG - Objective: 263061.0356
2016-07-26 11:11:58,815 - sarcos_all_joints - DEBUG - Objective: 270602.3242
2016-07-26 11:20:27,420 - sarcos_all_joints - INFO - Optimizing: ll
2016-07-26 11:22:32,858 - sarcos_all_joints - DEBUG - Objective: 263062.0034
2016-07-26 11:24:38,573 - sarcos_all_joints - DEBUG - Objective: 150841.3708
2016-07-26 11:26:43,404 - sarcos_all_joints - DEBUG - Objective: 278632.9466
2016-07-26 11:28:48,522 - sarcos_all_joints - DEBUG - Objective: 111321.5692
2016-07-26 11:30:53,782 - sarcos_all_joints - DEBUG - Objective: 110730.2965
2016-07-26 11:32:58,103 - sarcos_all_joints - DEBUG - Objective: 110551.3550
2016-07-26 11:35:03,233 - sarcos_all_joints - DEBUG - Objective: 110544.2685
2016-07-26 11:37:08,555 - sarcos_all_joints - DEBUG - Objective: 110544.4128
2016-07-26 11:39:13,847 - sarcos_all_joints - DEBUG - Objective: 110548.1940
2016-07-26 11:41:19,060 - sarcos_all_joints - DEBUG - Objective: 110545.5872
2016-07-26 11:43:24,537 - sarcos_all_joints - DEBUG - Objective: 110547.6515
2016-07-26 11:43:24,552 - sarcos_all_joints - DEBUG - Objective difference: 296104.082886
2016-07-26 11:43:24,552 - sarcos_all_joints - INFO - Mean difference: 0.715258
2016-07-26 11:43:24,553 - sarcos_all_joints - INFO - Covariance difference: 0.038531
2016-07-26 11:43:24,553 - sarcos_all_joints - INFO - Iteration 3 started.
2016-07-26 11:43:24,553 - sarcos_all_joints - INFO - Optimizing: mog
2016-07-26 11:47:48,624 - sarcos_all_joints - DEBUG - Objective: 110546.2393
2016-07-26 11:52:14,698 - sarcos_all_joints - DEBUG - Objective: 112504.1475
2016-07-26 11:56:40,880 - sarcos_all_joints - DEBUG - Objective: 104053.5706
2016-07-26 12:01:08,698 - sarcos_all_joints - DEBUG - Objective: 101536.3364
2016-07-26 12:05:34,696 - sarcos_all_joints - DEBUG - Objective: 97854.8506
2016-07-26 12:10:01,512 - sarcos_all_joints - DEBUG - Objective: 95100.3601
2016-07-26 12:14:27,350 - sarcos_all_joints - DEBUG - Objective: 92753.7934
2016-07-26 12:18:52,944 - sarcos_all_joints - DEBUG - Objective: 91845.0945
2016-07-26 12:23:18,575 - sarcos_all_joints - DEBUG - Objective: 91156.3250
2016-07-26 12:27:44,555 - sarcos_all_joints - DEBUG - Objective: 90579.6470
2016-07-26 12:32:10,588 - sarcos_all_joints - DEBUG - Objective: 90113.5559
2016-07-26 12:36:37,281 - sarcos_all_joints - DEBUG - Objective: 89815.0629
2016-07-26 12:41:06,200 - sarcos_all_joints - DEBUG - Objective: 89533.7622
2016-07-26 12:45:33,286 - sarcos_all_joints - DEBUG - Objective: 89372.1774
2016-07-26 12:49:58,530 - sarcos_all_joints - DEBUG - Objective: 88963.3203
2016-07-26 12:54:24,371 - sarcos_all_joints - DEBUG - Objective: 88849.6453
2016-07-26 12:58:50,861 - sarcos_all_joints - DEBUG - Objective: 88686.8117
2016-07-26 13:03:17,371 - sarcos_all_joints - DEBUG - Objective: 88469.2893
2016-07-26 13:07:46,004 - sarcos_all_joints - DEBUG - Objective: 88329.9531
2016-07-26 13:12:13,128 - sarcos_all_joints - DEBUG - Objective: 88165.8738
2016-07-26 13:16:38,880 - sarcos_all_joints - DEBUG - Objective: 88062.7248
2016-07-26 13:21:04,111 - sarcos_all_joints - DEBUG - Objective: 87933.7982
2016-07-26 13:25:29,029 - sarcos_all_joints - DEBUG - Objective: 87781.4928
2016-07-26 13:29:56,758 - sarcos_all_joints - DEBUG - Objective: 87548.0013
2016-07-26 13:34:22,645 - sarcos_all_joints - DEBUG - Objective: 87450.2249
2016-07-26 13:38:52,263 - sarcos_all_joints - DEBUG - Objective: 87310.0483
2016-07-26 13:38:52,265 - sarcos_all_joints - INFO - Optimizing: hyp
2016-07-26 13:47:21,157 - sarcos_all_joints - DEBUG - Objective: 87313.3777
2016-07-26 13:55:48,140 - sarcos_all_joints - DEBUG - Objective: 93158.2034
2016-07-26 14:04:16,518 - sarcos_all_joints - DEBUG - Objective: 87295.6625
2016-07-26 14:12:42,368 - sarcos_all_joints - DEBUG - Objective: 90054.9354
2016-07-26 14:21:13,074 - sarcos_all_joints - DEBUG - Objective: 87319.6410
2016-07-26 14:29:40,881 - sarcos_all_joints - DEBUG - Objective: 87298.7136
2016-07-26 14:38:09,387 - sarcos_all_joints - DEBUG - Objective: 87294.5561
2016-07-26 14:38:09,387 - sarcos_all_joints - DEBUG - Objective: 87294.5561
2016-07-26 14:46:35,761 - sarcos_all_joints - DEBUG - Objective: 105671.0219
2016-07-26 14:55:05,344 - sarcos_all_joints - DEBUG - Objective: 87280.5606
2016-07-26 15:03:34,587 - sarcos_all_joints - DEBUG - Objective: 95956.2554
2016-07-26 15:12:04,924 - sarcos_all_joints - INFO - Optimizing: ll
2016-07-26 15:14:10,782 - sarcos_all_joints - DEBUG - Objective: 87278.7426
2016-07-26 15:16:17,493 - sarcos_all_joints - DEBUG - Objective: 151760.0390
2016-07-26 15:18:23,158 - sarcos_all_joints - DEBUG - Objective: 84533.0977
2016-07-26 15:20:29,874 - sarcos_all_joints - DEBUG - Objective: 84510.0633
2016-07-26 15:22:36,312 - sarcos_all_joints - DEBUG - Objective: 84506.5563
2016-07-26 15:24:42,792 - sarcos_all_joints - DEBUG - Objective: 84506.3857
2016-07-26 15:26:48,932 - sarcos_all_joints - DEBUG - Objective: 84508.0683
2016-07-26 15:28:54,859 - sarcos_all_joints - DEBUG - Objective: 84508.1896
2016-07-26 15:31:01,547 - sarcos_all_joints - DEBUG - Objective: 84512.1855
2016-07-26 15:31:01,547 - sarcos_all_joints - DEBUG - Objective: 84512.1855
2016-07-26 15:31:01,563 - sarcos_all_joints - DEBUG - Objective difference: 26035.466009
2016-07-26 15:31:01,563 - sarcos_all_joints - INFO - Mean difference: 0.162619
2016-07-26 15:31:01,563 - sarcos_all_joints - INFO - Covariance difference: 0.007730
2016-07-26 15:31:01,564 - sarcos_all_joints - INFO - Iteration 4 started.
2016-07-26 15:31:01,564 - sarcos_all_joints - INFO - Optimizing: mog
2016-07-26 15:35:29,622 - sarcos_all_joints - DEBUG - Objective: 84505.1051
2016-07-26 15:39:58,367 - sarcos_all_joints - DEBUG - Objective: 124962.9546
2016-07-26 15:44:22,846 - sarcos_all_joints - DEBUG - Objective: 84312.6930
2016-07-26 15:48:49,712 - sarcos_all_joints - DEBUG - Objective: 84203.8516
2016-07-26 15:53:18,076 - sarcos_all_joints - DEBUG - Objective: 84104.7969
2016-07-26 15:57:45,531 - sarcos_all_joints - DEBUG - Objective: 84027.4396
2016-07-26 16:02:12,217 - sarcos_all_joints - DEBUG - Objective: 83936.6456
2016-07-26 16:06:39,681 - sarcos_all_joints - DEBUG - Objective: 83845.8830
2016-07-26 16:11:05,919 - sarcos_all_joints - DEBUG - Objective: 83773.1758
2016-07-26 16:15:32,561 - sarcos_all_joints - DEBUG - Objective: 83685.5212
2016-07-26 16:20:03,398 - sarcos_all_joints - DEBUG - Objective: 83620.9022
2016-07-26 16:24:30,981 - sarcos_all_joints - DEBUG - Objective: 83556.6762
2016-07-26 16:29:01,081 - sarcos_all_joints - DEBUG - Objective: 83489.7446
2016-07-26 16:33:31,145 - sarcos_all_joints - DEBUG - Objective: 83425.7625
2016-07-26 16:37:59,143 - sarcos_all_joints - DEBUG - Objective: 83313.4591
2016-07-26 16:42:26,435 - sarcos_all_joints - DEBUG - Objective: 83181.1872
2016-07-26 16:46:54,042 - sarcos_all_joints - DEBUG - Objective: 83084.1985
2016-07-26 16:51:24,189 - sarcos_all_joints - DEBUG - Objective: 82946.6987
2016-07-26 16:55:51,955 - sarcos_all_joints - DEBUG - Objective: 82822.0386
2016-07-26 17:00:18,119 - sarcos_all_joints - DEBUG - Objective: 82665.4439
2016-07-26 17:04:46,267 - sarcos_all_joints - DEBUG - Objective: 82517.9765
2016-07-26 17:09:12,002 - sarcos_all_joints - DEBUG - Objective: 82428.5896
2016-07-26 17:13:39,677 - sarcos_all_joints - DEBUG - Objective: 82304.7362
2016-07-26 17:18:07,474 - sarcos_all_joints - DEBUG - Objective: 82171.9442
2016-07-26 17:22:36,781 - sarcos_all_joints - DEBUG - Objective: 82009.4819
2016-07-26 17:27:05,186 - sarcos_all_joints - DEBUG - Objective: 81892.1333
2016-07-26 17:27:05,188 - sarcos_all_joints - INFO - Optimizing: hyp
2016-07-26 17:35:35,194 - sarcos_all_joints - DEBUG - Objective: 81888.1199
2016-07-26 17:44:08,954 - sarcos_all_joints - DEBUG - Objective: 90870.5280
2016-07-26 17:52:43,754 - sarcos_all_joints - DEBUG - Objective: 81917.4243
2016-07-26 18:01:20,105 - sarcos_all_joints - DEBUG - Objective: 81889.9820
2016-07-26 18:09:52,234 - sarcos_all_joints - DEBUG - Objective: 81889.2783
2016-07-26 18:18:23,506 - sarcos_all_joints - DEBUG - Objective: 81884.4427
2016-07-26 18:26:54,908 - sarcos_all_joints - DEBUG - Objective: 81888.6262
2016-07-26 18:35:31,045 - sarcos_all_joints - DEBUG - Objective: 81889.1110
2016-07-26 18:44:06,374 - sarcos_all_joints - DEBUG - Objective: 81888.9508
2016-07-26 18:44:06,374 - sarcos_all_joints - INFO - Optimizing: ll
2016-07-26 18:46:12,179 - sarcos_all_joints - DEBUG - Objective: 81887.9561
2016-07-26 18:48:17,739 - sarcos_all_joints - DEBUG - Objective: 189843.2665
2016-07-26 18:50:24,197 - sarcos_all_joints - DEBUG - Objective: 81868.8241
2016-07-26 18:52:30,135 - sarcos_all_joints - DEBUG - Objective: 81870.5024
2016-07-26 18:54:36,254 - sarcos_all_joints - DEBUG - Objective: 81872.0455
2016-07-26 18:56:42,992 - sarcos_all_joints - DEBUG - Objective: 81874.8972
2016-07-26 18:58:48,657 - sarcos_all_joints - DEBUG - Objective: 81871.1387
2016-07-26 18:58:48,658 - sarcos_all_joints - DEBUG - Objective: 81871.1387
2016-07-26 18:58:48,658 - sarcos_all_joints - DEBUG - Objective: 81871.1387
2016-07-26 18:58:48,672 - sarcos_all_joints - DEBUG - Objective difference: 2641.046781
2016-07-26 18:58:48,672 - sarcos_all_joints - INFO - Mean difference: 0.076536
2016-07-26 18:58:48,673 - sarcos_all_joints - INFO - Covariance difference: 0.009793
2016-07-26 18:58:48,673 - sarcos_all_joints - INFO - Iteration 5 started.
2016-07-26 18:58:48,673 - sarcos_all_joints - INFO - Optimizing: mog
2016-07-26 19:03:16,090 - sarcos_all_joints - DEBUG - Objective: 81870.3548
2016-07-26 19:07:47,736 - sarcos_all_joints - DEBUG - Objective: 148236.6675
2016-07-26 19:12:18,082 - sarcos_all_joints - DEBUG - Objective: 81797.5315
2016-07-26 19:16:44,879 - sarcos_all_joints - DEBUG - Objective: 81751.2577
2016-07-26 19:21:13,222 - sarcos_all_joints - DEBUG - Objective: 81608.1287
2016-07-26 19:25:41,290 - sarcos_all_joints - DEBUG - Objective: 81576.6654
2016-07-26 19:30:08,370 - sarcos_all_joints - DEBUG - Objective: 81517.6353
2016-07-26 19:34:34,649 - sarcos_all_joints - DEBUG - Objective: 81470.7288
2016-07-26 19:39:01,222 - sarcos_all_joints - DEBUG - Objective: 81412.9386
2016-07-26 19:43:29,879 - sarcos_all_joints - DEBUG - Objective: 81342.4766
2016-07-26 19:47:58,560 - sarcos_all_joints - DEBUG - Objective: 81443.4500
2016-07-26 19:52:24,263 - sarcos_all_joints - DEBUG - Objective: 81304.0930
2016-07-26 19:56:50,758 - sarcos_all_joints - DEBUG - Objective: 81236.2552
2016-07-26 20:01:23,589 - sarcos_all_joints - DEBUG - Objective: 81197.9367
2016-07-26 20:05:49,403 - sarcos_all_joints - DEBUG - Objective: 81150.2025
2016-07-26 20:10:16,856 - sarcos_all_joints - DEBUG - Objective: 81115.5406
2016-07-26 20:14:42,278 - sarcos_all_joints - DEBUG - Objective: 81085.1748
2016-07-26 20:19:07,598 - sarcos_all_joints - DEBUG - Objective: 81055.3902
2016-07-26 20:23:36,202 - sarcos_all_joints - DEBUG - Objective: 81035.2316
2016-07-26 20:28:03,921 - sarcos_all_joints - DEBUG - Objective: 81010.7807
2016-07-26 20:32:29,946 - sarcos_all_joints - DEBUG - Objective: 80985.6514
2016-07-26 20:37:02,604 - sarcos_all_joints - DEBUG - Objective: 80969.7226
2016-07-26 20:41:28,647 - sarcos_all_joints - DEBUG - Objective: 80949.8984
2016-07-26 20:46:01,739 - sarcos_all_joints - DEBUG - Objective: 80938.9835
2016-07-26 20:50:36,235 - sarcos_all_joints - DEBUG - Objective: 80916.0829
2016-07-26 20:55:09,861 - sarcos_all_joints - DEBUG - Objective: 80904.0189
2016-07-26 20:55:09,863 - sarcos_all_joints - INFO - Optimizing: hyp
2016-07-26 21:03:43,549 - sarcos_all_joints - DEBUG - Objective: 80907.4458
2016-07-26 21:12:15,235 - sarcos_all_joints - DEBUG - Objective: 90210.3564
2016-07-26 21:20:44,643 - sarcos_all_joints - DEBUG - Objective: 80923.1938
2016-07-26 21:29:12,640 - sarcos_all_joints - DEBUG - Objective: 80905.5344
2016-07-26 21:37:41,722 - sarcos_all_joints - DEBUG - Objective: 80915.3622
2016-07-26 21:46:12,411 - sarcos_all_joints - DEBUG - Objective: 80908.3215
2016-07-26 21:54:45,047 - sarcos_all_joints - DEBUG - Objective: 80904.7975
2016-07-26 22:03:12,689 - sarcos_all_joints - DEBUG - Objective: 80909.5039
2016-07-26 22:11:46,209 - sarcos_all_joints - DEBUG - Objective: 80907.3027
2016-07-26 22:20:17,774 - sarcos_all_joints - DEBUG - Objective: 80903.6613
2016-07-26 22:28:48,288 - sarcos_all_joints - DEBUG - Objective: 118163.5822
2016-07-26 22:37:19,090 - sarcos_all_joints - INFO - Optimizing: ll
2016-07-26 22:39:24,193 - sarcos_all_joints - DEBUG - Objective: 80907.5240
2016-07-26 22:41:29,610 - sarcos_all_joints - DEBUG - Objective: 189266.5816
2016-07-26 22:43:35,526 - sarcos_all_joints - DEBUG - Objective: 80897.3312
2016-07-26 22:45:41,996 - sarcos_all_joints - DEBUG - Objective: 80891.4860
2016-07-26 22:47:47,867 - sarcos_all_joints - DEBUG - Objective: 80895.0037
2016-07-26 22:49:54,058 - sarcos_all_joints - DEBUG - Objective: 80895.8960
2016-07-26 22:51:59,908 - sarcos_all_joints - DEBUG - Objective: 80891.4564
2016-07-26 22:51:59,909 - sarcos_all_joints - DEBUG - Objective: 80891.4564
2016-07-26 22:54:06,020 - sarcos_all_joints - DEBUG - Objective: 80893.6015
2016-07-26 22:56:11,901 - sarcos_all_joints - DEBUG - Objective: 80894.4357
2016-07-26 22:56:11,902 - sarcos_all_joints - DEBUG - Objective: 80894.4357
2016-07-26 22:56:11,917 - sarcos_all_joints - DEBUG - Objective difference: 976.702984
2016-07-26 22:56:11,917 - sarcos_all_joints - INFO - Mean difference: 0.040899
2016-07-26 22:56:11,917 - sarcos_all_joints - INFO - Covariance difference: 0.002269
2016-07-26 22:56:11,917 - sarcos_all_joints - INFO - Iteration 6 started.
2016-07-26 22:56:11,917 - sarcos_all_joints - INFO - Optimizing: mog
2016-07-26 23:00:37,811 - sarcos_all_joints - DEBUG - Objective: 80892.8205
2016-07-26 23:05:05,819 - sarcos_all_joints - DEBUG - Objective: 108120.0956
2016-07-26 23:09:32,321 - sarcos_all_joints - DEBUG - Objective: 80886.2361
2016-07-26 23:13:59,194 - sarcos_all_joints - DEBUG - Objective: 80879.7745
2016-07-26 23:18:25,357 - sarcos_all_joints - DEBUG - Objective: 80858.7617
2016-07-26 23:22:56,531 - sarcos_all_joints - DEBUG - Objective: 80846.9610
2016-07-26 23:27:24,023 - sarcos_all_joints - DEBUG - Objective: 80833.6603
2016-07-26 23:31:50,171 - sarcos_all_joints - DEBUG - Objective: 80821.7634
2016-07-26 23:36:15,902 - sarcos_all_joints - DEBUG - Objective: 80804.7883
2016-07-26 23:40:43,625 - sarcos_all_joints - DEBUG - Objective: 80789.4761
2016-07-26 23:45:10,795 - sarcos_all_joints - DEBUG - Objective: 80770.0132
2016-07-26 23:49:36,486 - sarcos_all_joints - DEBUG - Objective: 80748.0436
2016-07-26 23:54:02,716 - sarcos_all_joints - DEBUG - Objective: 80714.9584
2016-07-26 23:58:28,480 - sarcos_all_joints - DEBUG - Objective: 80699.4050
2016-07-27 00:02:54,583 - sarcos_all_joints - DEBUG - Objective: 80667.9938
2016-07-27 00:07:20,602 - sarcos_all_joints - DEBUG - Objective: 80637.4046
2016-07-27 00:11:47,694 - sarcos_all_joints - DEBUG - Objective: 80602.4384
2016-07-27 00:16:13,671 - sarcos_all_joints - DEBUG - Objective: 80563.9560
2016-07-27 00:20:40,511 - sarcos_all_joints - DEBUG - Objective: 80539.8456
2016-07-27 00:25:07,487 - sarcos_all_joints - DEBUG - Objective: 80473.4840
2016-07-27 00:29:33,661 - sarcos_all_joints - DEBUG - Objective: 80451.6410
2016-07-27 00:34:03,903 - sarcos_all_joints - DEBUG - Objective: 80408.2030
2016-07-27 00:38:34,656 - sarcos_all_joints - DEBUG - Objective: 80371.4192
2016-07-27 00:43:01,679 - sarcos_all_joints - DEBUG - Objective: 80318.1178
2016-07-27 00:47:32,077 - sarcos_all_joints - DEBUG - Objective: 80253.5565
2016-07-27 00:51:59,185 - sarcos_all_joints - DEBUG - Objective: 80177.6942
2016-07-27 00:51:59,186 - sarcos_all_joints - INFO - Optimizing: hyp
2016-07-27 01:00:30,924 - sarcos_all_joints - DEBUG - Objective: 80177.9311
2016-07-27 01:09:00,221 - sarcos_all_joints - DEBUG - Objective: 89228.6381
2016-07-27 01:17:28,282 - sarcos_all_joints - DEBUG - Objective: 80204.4581
2016-07-27 01:25:59,031 - sarcos_all_joints - DEBUG - Objective: 80177.2415
2016-07-27 01:34:29,332 - sarcos_all_joints - DEBUG - Objective: 80191.1983
2016-07-27 01:43:00,831 - sarcos_all_joints - DEBUG - Objective: 80177.3503
2016-07-27 01:51:29,761 - sarcos_all_joints - DEBUG - Objective: 80179.2800
2016-07-27 01:59:59,715 - sarcos_all_joints - DEBUG - Objective: 80172.3773
2016-07-27 01:59:59,715 - sarcos_all_joints - DEBUG - Objective: 80172.3773
2016-07-27 02:08:31,521 - sarcos_all_joints - DEBUG - Objective: 103586.4940
2016-07-27 02:16:55,663 - sarcos_all_joints - DEBUG - Objective: 80168.2685
2016-07-27 02:16:55,664 - sarcos_all_joints - INFO - Optimizing: ll
2016-07-27 02:19:01,381 - sarcos_all_joints - DEBUG - Objective: 80168.1666
2016-07-27 02:21:06,551 - sarcos_all_joints - DEBUG - Objective: 191791.0028
2016-07-27 02:23:12,435 - sarcos_all_joints - DEBUG - Objective: 80169.7034
2016-07-27 02:25:17,870 - sarcos_all_joints - DEBUG - Objective: 80170.1409
2016-07-27 02:27:23,389 - sarcos_all_joints - DEBUG - Objective: 80166.7953
2016-07-27 02:29:28,940 - sarcos_all_joints - DEBUG - Objective: 80169.5758
2016-07-27 02:31:33,906 - sarcos_all_joints - DEBUG - Objective: 80168.2060
2016-07-27 02:31:33,906 - sarcos_all_joints - DEBUG - Objective: 80168.2060
2016-07-27 02:31:33,921 - sarcos_all_joints - DEBUG - Objective difference: 726.229729
2016-07-27 02:31:33,921 - sarcos_all_joints - INFO - Mean difference: 0.031148
2016-07-27 02:31:33,921 - sarcos_all_joints - INFO - Covariance difference: 0.007545
2016-07-27 02:31:33,921 - sarcos_all_joints - INFO - Iteration 7 started.
2016-07-27 02:31:33,921 - sarcos_all_joints - INFO - Optimizing: mog
2016-07-27 02:36:01,280 - sarcos_all_joints - DEBUG - Objective: 80170.3516
2016-07-27 02:40:26,993 - sarcos_all_joints - DEBUG - Objective: 115363.8749
2016-07-27 02:44:54,649 - sarcos_all_joints - DEBUG - Objective: 80063.2836
2016-07-27 02:49:22,391 - sarcos_all_joints - DEBUG - Objective: 80005.7831
2016-07-27 02:53:52,838 - sarcos_all_joints - DEBUG - Objective: 79975.7483
2016-07-27 02:58:20,993 - sarcos_all_joints - DEBUG - Objective: 79935.7038
2016-07-27 03:02:48,789 - sarcos_all_joints - DEBUG - Objective: 79912.6232
2016-07-27 03:07:16,987 - sarcos_all_joints - DEBUG - Objective: 79874.9242
2016-07-27 03:11:43,151 - sarcos_all_joints - DEBUG - Objective: 79860.3162
2016-07-27 03:16:10,145 - sarcos_all_joints - DEBUG - Objective: 79840.5755
2016-07-27 03:20:38,303 - sarcos_all_joints - DEBUG - Objective: 79805.2792
2016-07-27 03:25:09,525 - sarcos_all_joints - DEBUG - Objective: 79872.2045
2016-07-27 03:29:37,425 - sarcos_all_joints - DEBUG - Objective: 79796.0255
2016-07-27 03:34:03,522 - sarcos_all_joints - DEBUG - Objective: 79779.7984
2016-07-27 03:38:32,427 - sarcos_all_joints - DEBUG - Objective: 79767.2661
2016-07-27 03:42:59,678 - sarcos_all_joints - DEBUG - Objective: 79749.3852
2016-07-27 03:47:25,776 - sarcos_all_joints - DEBUG - Objective: 79737.3020
2016-07-27 03:51:52,015 - sarcos_all_joints - DEBUG - Objective: 79724.8173
2016-07-27 03:56:19,715 - sarcos_all_joints - DEBUG - Objective: 79709.7439
2016-07-27 04:00:46,703 - sarcos_all_joints - DEBUG - Objective: 79701.6985
2016-07-27 04:05:11,897 - sarcos_all_joints - DEBUG - Objective: 79694.3936
2016-07-27 04:09:39,160 - sarcos_all_joints - DEBUG - Objective: 79680.5908
2016-07-27 04:14:04,184 - sarcos_all_joints - DEBUG - Objective: 79677.1704
2016-07-27 04:18:30,181 - sarcos_all_joints - DEBUG - Objective: 79676.6412
2016-07-27 04:22:56,702 - sarcos_all_joints - DEBUG - Objective: 79669.1252
2016-07-27 04:27:23,195 - sarcos_all_joints - DEBUG - Objective: 79665.0315
2016-07-27 04:27:23,197 - sarcos_all_joints - INFO - Optimizing: hyp
2016-07-27 04:35:53,991 - sarcos_all_joints - DEBUG - Objective: 79663.8650
2016-07-27 04:44:23,017 - sarcos_all_joints - DEBUG - Objective: 89272.2810
2016-07-27 04:52:51,457 - sarcos_all_joints - DEBUG - Objective: 79691.9008
2016-07-27 05:01:24,029 - sarcos_all_joints - DEBUG - Objective: 79666.3203
2016-07-27 05:09:55,651 - sarcos_all_joints - DEBUG - Objective: 79665.9718
2016-07-27 05:18:26,369 - sarcos_all_joints - DEBUG - Objective: 79666.7082
2016-07-27 05:26:54,785 - sarcos_all_joints - DEBUG - Objective: 79664.3842
2016-07-27 05:35:25,448 - sarcos_all_joints - DEBUG - Objective: 79664.3358
2016-07-27 05:43:53,856 - sarcos_all_joints - DEBUG - Objective: 79663.2633
2016-07-27 05:43:53,856 - sarcos_all_joints - DEBUG - Objective: 79663.2633
2016-07-27 05:52:19,431 - sarcos_all_joints - DEBUG - Objective: 79667.0562
2016-07-27 06:00:48,611 - sarcos_all_joints - INFO - Optimizing: ll
2016-07-27 06:02:54,819 - sarcos_all_joints - DEBUG - Objective: 79664.5298
2016-07-27 06:05:00,566 - sarcos_all_joints - DEBUG - Objective: 189286.1391
2016-07-27 06:07:06,402 - sarcos_all_joints - DEBUG - Objective: 79653.6957
2016-07-27 06:09:12,310 - sarcos_all_joints - DEBUG - Objective: 79659.6480
2016-07-27 06:11:18,165 - sarcos_all_joints - DEBUG - Objective: 79659.5024
2016-07-27 06:13:23,813 - sarcos_all_joints - DEBUG - Objective: 79659.7599
2016-07-27 06:15:28,819 - sarcos_all_joints - DEBUG - Objective: 79660.0646
2016-07-27 06:15:28,819 - sarcos_all_joints - DEBUG - Objective: 79660.0646
2016-07-27 06:15:28,834 - sarcos_all_joints - DEBUG - Objective difference: 508.141449
2016-07-27 06:15:28,834 - sarcos_all_joints - INFO - Mean difference: 0.024539
2016-07-27 06:15:28,834 - sarcos_all_joints - INFO - Covariance difference: 0.001335
2016-07-27 06:15:28,834 - sarcos_all_joints - INFO - Iteration 8 started.
2016-07-27 06:15:28,835 - sarcos_all_joints - INFO - Optimizing: mog
2016-07-27 06:19:55,715 - sarcos_all_joints - DEBUG - Objective: 79659.3488
2016-07-27 06:24:23,254 - sarcos_all_joints - DEBUG - Objective: 133021.3530
2016-07-27 06:28:50,849 - sarcos_all_joints - DEBUG - Objective: 79661.1725
2016-07-27 06:33:16,737 - sarcos_all_joints - DEBUG - Objective: 79658.6217
2016-07-27 06:37:44,239 - sarcos_all_joints - DEBUG - Objective: 79652.1772
2016-07-27 06:42:13,396 - sarcos_all_joints - DEBUG - Objective: 79655.9302
2016-07-27 06:46:42,717 - sarcos_all_joints - DEBUG - Objective: 79653.5403
2016-07-27 06:51:11,417 - sarcos_all_joints - DEBUG - Objective: 79656.7070
2016-07-27 06:55:38,733 - sarcos_all_joints - DEBUG - Objective: 79656.5107
2016-07-27 07:00:07,414 - sarcos_all_joints - DEBUG - Objective: 79658.0846
2016-07-27 07:04:35,771 - sarcos_all_joints - DEBUG - Objective: 79654.3036
2016-07-27 07:04:35,771 - sarcos_all_joints - INFO - Optimizing: hyp
2016-07-27 07:13:06,634 - sarcos_all_joints - DEBUG - Objective: 79658.4575
2016-07-27 07:21:35,945 - sarcos_all_joints - DEBUG - Objective: 89344.0183
2016-07-27 07:30:09,992 - sarcos_all_joints - DEBUG - Objective: 79686.2884
2016-07-27 07:38:40,059 - sarcos_all_joints - DEBUG - Objective: 79664.6410
2016-07-27 07:47:06,524 - sarcos_all_joints - DEBUG - Objective: 79657.7422
2016-07-27 07:55:40,858 - sarcos_all_joints - DEBUG - Objective: 79655.5802
2016-07-27 08:04:10,377 - sarcos_all_joints - DEBUG - Objective: 79656.4967
2016-07-27 08:12:41,188 - sarcos_all_joints - DEBUG - Objective: 79657.9678
2016-07-27 08:21:09,055 - sarcos_all_joints - DEBUG - Objective: 79658.8804
2016-07-27 08:21:09,055 - sarcos_all_joints - INFO - Optimizing: ll
2016-07-27 08:23:14,768 - sarcos_all_joints - DEBUG - Objective: 79653.7036
2016-07-27 08:25:21,049 - sarcos_all_joints - DEBUG - Objective: 191296.7554
2016-07-27 08:27:27,993 - sarcos_all_joints - DEBUG - Objective: 79658.7051
2016-07-27 08:29:33,399 - sarcos_all_joints - DEBUG - Objective: 79660.8311
2016-07-27 08:31:39,554 - sarcos_all_joints - DEBUG - Objective: 79658.4045
2016-07-27 08:33:45,703 - sarcos_all_joints - DEBUG - Objective: 79656.4632
2016-07-27 08:33:45,703 - sarcos_all_joints - DEBUG - Objective: 79656.4632
2016-07-27 08:33:45,718 - sarcos_all_joints - DEBUG - Objective difference: 3.601326
2016-07-27 08:33:45,718 - sarcos_all_joints - INFO - Mean difference: 0.000249
2016-07-27 08:33:45,718 - sarcos_all_joints - INFO - Covariance difference: 0.000019
2016-07-27 08:33:45,718 - sarcos_all_joints - DEBUG - prediction started...
2016-07-27 08:35:07,093 - sarcos_all_joints - DEBUG - prediction finished
