2017-12-12 21:11:43,326 - sarcos - INFO - experiment started for:{'run_id': 0, 'max_iter': 200, 'optimization_config': {'hyp': 10, 'll': 10, 'mog': 25}, 'xtol': 0.001, 'git_hash': 'e9937eb5130531ee5f0a59d3e5ee7d7157392db8', 'model_init': None, 'ftol': 1e-05, 'latent_noise:': 0.001, 'sparsity_factor': 0.001, 'll': 'CogLL', 'sample_num': 100, 'experiment': 'sarcos', 'git_branch': 'master', 'random_Z': False, 'method': 'diag'}
2017-12-12 21:11:53,466 - sarcos - INFO - Iteration 1 started.
2017-12-12 21:11:53,467 - sarcos - INFO - Optimizing: hyp
2017-12-12 21:14:02,614 - sarcos - DEBUG - Objective: 854505.9686
2017-12-12 21:16:11,519 - sarcos - DEBUG - Objective: 557624.0775
2017-12-12 21:18:20,305 - sarcos - DEBUG - Objective: 500008.2961
2017-12-12 21:20:30,866 - sarcos - DEBUG - Objective: 457907.0010
2017-12-12 21:22:43,872 - sarcos - DEBUG - Objective: 439985.5353
2017-12-12 21:24:56,775 - sarcos - DEBUG - Objective: 430855.7104
2017-12-12 21:27:06,838 - sarcos - DEBUG - Objective: 425724.4343
2017-12-12 21:29:24,018 - sarcos - DEBUG - Objective: 423449.4865
2017-12-12 21:32:17,031 - sarcos - DEBUG - Objective: 433269.2407
2017-12-12 21:34:55,804 - sarcos - DEBUG - Objective: 424395.2447
2017-12-12 21:37:20,275 - sarcos - DEBUG - Objective: 423424.0629
2017-12-12 21:39:39,629 - sarcos - DEBUG - Objective: 423419.6450
2017-12-12 21:41:57,337 - sarcos - DEBUG - Objective: 423423.5149
2017-12-12 21:44:16,338 - sarcos - DEBUG - Objective: 423396.6287
2017-12-12 21:44:16,338 - sarcos - DEBUG - Objective: 423396.6287
2017-12-12 21:44:16,339 - sarcos - INFO - Optimizing: mog
2017-12-12 21:44:28,960 - sarcos - DEBUG - Objective: 423391.9110
2017-12-12 21:44:41,584 - sarcos - DEBUG - Objective: 420967.7984
2017-12-12 21:44:54,214 - sarcos - DEBUG - Objective: 439296.1268
2017-12-12 21:45:06,889 - sarcos - DEBUG - Objective: 415764.9501
2017-12-12 21:45:19,529 - sarcos - DEBUG - Objective: 411640.6092
2017-12-12 21:45:32,360 - sarcos - DEBUG - Objective: 411342.2431
2017-12-12 21:45:45,002 - sarcos - DEBUG - Objective: 408625.0815
2017-12-12 21:45:57,690 - sarcos - DEBUG - Objective: 406231.6467
2017-12-12 21:46:10,444 - sarcos - DEBUG - Objective: 402879.2147
2017-12-12 21:46:23,120 - sarcos - DEBUG - Objective: 404502.2966
2017-12-12 21:46:35,741 - sarcos - DEBUG - Objective: 400565.5696
2017-12-12 21:46:48,348 - sarcos - DEBUG - Objective: 397047.6948
2017-12-12 21:47:00,998 - sarcos - DEBUG - Objective: 395313.6245
2017-12-12 21:47:13,712 - sarcos - DEBUG - Objective: 394863.6360
2017-12-12 21:47:26,360 - sarcos - DEBUG - Objective: 394420.0113
2017-12-12 21:47:39,018 - sarcos - DEBUG - Objective: 393788.8143
2017-12-12 21:47:51,663 - sarcos - DEBUG - Objective: 393195.9422
2017-12-12 21:48:04,335 - sarcos - DEBUG - Objective: 392249.6827
2017-12-12 21:48:16,988 - sarcos - DEBUG - Objective: 391755.2042
2017-12-12 21:48:29,656 - sarcos - DEBUG - Objective: 391365.8184
2017-12-12 21:48:42,324 - sarcos - DEBUG - Objective: 390986.1413
2017-12-12 21:48:54,996 - sarcos - DEBUG - Objective: 390905.6046
2017-12-12 21:49:07,709 - sarcos - DEBUG - Objective: 390741.9088
2017-12-12 21:49:20,355 - sarcos - DEBUG - Objective: 390670.4659
2017-12-12 21:49:33,018 - sarcos - DEBUG - Objective: 390584.8048
2017-12-12 21:49:45,719 - sarcos - DEBUG - Objective: 390414.2199
2017-12-12 21:49:45,719 - sarcos - INFO - Optimizing: hyp
2017-12-12 21:52:04,588 - sarcos - DEBUG - Objective: 390360.9727
2017-12-12 21:54:19,993 - sarcos - DEBUG - Objective: 434710.0565
2017-12-12 21:57:07,485 - sarcos - DEBUG - Objective: 430265.8570
2017-12-12 22:00:02,216 - sarcos - DEBUG - Objective: 420203.5362
2017-12-12 22:02:44,747 - sarcos - DEBUG - Objective: 409956.5306
2017-12-12 22:05:11,266 - sarcos - DEBUG - Objective: 397065.2500
2017-12-12 22:07:32,322 - sarcos - DEBUG - Objective: 392716.6663
2017-12-12 22:09:52,008 - sarcos - DEBUG - Objective: 391387.6027
2017-12-12 22:12:11,198 - sarcos - DEBUG - Objective: 390777.2056
2017-12-12 22:14:30,063 - sarcos - DEBUG - Objective: 390686.1435
2017-12-12 22:16:48,920 - sarcos - DEBUG - Objective: 390397.5197
2017-12-12 22:19:07,989 - sarcos - DEBUG - Objective: 390362.1685
2017-12-12 22:21:26,818 - sarcos - DEBUG - Objective: 390403.5826
2017-12-12 22:23:45,761 - sarcos - DEBUG - Objective: 390479.3940
2017-12-12 22:26:04,875 - sarcos - DEBUG - Objective: 390368.0883
2017-12-12 22:28:23,833 - sarcos - DEBUG - Objective: 390417.8217
2017-12-12 22:30:42,579 - sarcos - DEBUG - Objective: 390329.5608
2017-12-12 22:33:02,455 - sarcos - DEBUG - Objective: 390312.9395
2017-12-12 22:35:21,477 - sarcos - DEBUG - Objective: 390453.5307
2017-12-12 22:37:40,168 - sarcos - DEBUG - Objective: 390434.9180
2017-12-12 22:39:59,280 - sarcos - DEBUG - Objective: 390370.0531
2017-12-12 22:42:18,385 - sarcos - INFO - Optimizing: ll
2017-12-12 22:42:30,228 - sarcos - DEBUG - Objective: 390404.8724
2017-12-12 22:42:42,080 - sarcos - DEBUG - Objective: 177883.5213
2017-12-12 22:42:53,884 - sarcos - DEBUG - Objective: 145857.3984
2017-12-12 22:43:05,728 - sarcos - DEBUG - Objective: 129934.4856
2017-12-12 22:43:17,592 - sarcos - DEBUG - Objective: 127055.5458
2017-12-12 22:43:29,381 - sarcos - DEBUG - Objective: 126741.2289
2017-12-12 22:43:41,226 - sarcos - DEBUG - Objective: 126738.6794
2017-12-12 22:43:53,065 - sarcos - DEBUG - Objective: 126734.1151
2017-12-12 22:44:04,865 - sarcos - DEBUG - Objective: 126737.2446
2017-12-12 22:44:16,712 - sarcos - DEBUG - Objective: 126726.6513
2017-12-12 22:44:28,585 - sarcos - DEBUG - Objective: 126727.2621
2017-12-12 22:44:40,433 - sarcos - DEBUG - Objective: 126728.3753
2017-12-12 22:44:52,333 - sarcos - DEBUG - Objective: 126728.0901
2017-12-12 22:44:52,353 - sarcos - INFO - Iteration 2 started.
2017-12-12 22:44:52,353 - sarcos - INFO - Optimizing: hyp
2017-12-12 22:47:11,498 - sarcos - DEBUG - Objective: 126722.3200
2017-12-12 22:49:26,823 - sarcos - DEBUG - Objective: 131578.1664
2017-12-12 22:52:14,343 - sarcos - DEBUG - Objective: 131113.9396
2017-12-12 22:54:41,337 - sarcos - DEBUG - Objective: 127538.7163
2017-12-12 22:57:01,632 - sarcos - DEBUG - Objective: 126881.6126
2017-12-12 22:59:21,359 - sarcos - DEBUG - Objective: 126790.9015
2017-12-12 23:01:40,293 - sarcos - DEBUG - Objective: 126750.6295
2017-12-12 23:03:59,375 - sarcos - DEBUG - Objective: 126734.2689
2017-12-12 23:06:18,420 - sarcos - DEBUG - Objective: 126727.0862
2017-12-12 23:08:37,350 - sarcos - DEBUG - Objective: 126732.8581
2017-12-12 23:10:56,220 - sarcos - DEBUG - Objective: 126729.6904
2017-12-12 23:13:15,366 - sarcos - DEBUG - Objective: 126733.0638
2017-12-12 23:15:34,794 - sarcos - DEBUG - Objective: 126723.5645
2017-12-12 23:17:53,711 - sarcos - DEBUG - Objective: 126733.7972
2017-12-12 23:20:12,582 - sarcos - DEBUG - Objective: 126726.0551
2017-12-12 23:22:31,321 - sarcos - DEBUG - Objective: 126728.5976
2017-12-12 23:24:50,652 - sarcos - DEBUG - Objective: 126737.1634
2017-12-12 23:27:09,691 - sarcos - DEBUG - Objective: 126731.8128
2017-12-12 23:29:28,546 - sarcos - DEBUG - Objective: 126735.5201
2017-12-12 23:31:47,762 - sarcos - DEBUG - Objective: 126732.4604
2017-12-12 23:34:06,528 - sarcos - DEBUG - Objective: 126724.6952
2017-12-12 23:36:25,648 - sarcos - INFO - Optimizing: mog
2017-12-12 23:36:38,291 - sarcos - DEBUG - Objective: 126731.7185
2017-12-12 23:36:50,930 - sarcos - DEBUG - Objective: 126280.6553
2017-12-12 23:37:03,579 - sarcos - DEBUG - Objective: 125141.1535
2017-12-12 23:37:16,211 - sarcos - DEBUG - Objective: 124852.1727
2017-12-12 23:37:29,027 - sarcos - DEBUG - Objective: 124804.5191
2017-12-12 23:37:41,726 - sarcos - DEBUG - Objective: 124768.6410
2017-12-12 23:37:54,358 - sarcos - DEBUG - Objective: 124708.4705
2017-12-12 23:38:07,086 - sarcos - DEBUG - Objective: 124643.6282
2017-12-12 23:38:19,765 - sarcos - DEBUG - Objective: 124592.2760
2017-12-12 23:38:32,443 - sarcos - DEBUG - Objective: 124545.6994
2017-12-12 23:38:45,104 - sarcos - DEBUG - Objective: 124528.7250
2017-12-12 23:38:57,791 - sarcos - DEBUG - Objective: 124514.5001
2017-12-12 23:39:10,569 - sarcos - DEBUG - Objective: 124522.9125
2017-12-12 23:39:23,241 - sarcos - DEBUG - Objective: 124505.0853
2017-12-12 23:39:35,852 - sarcos - DEBUG - Objective: 124515.3718
2017-12-12 23:39:48,501 - sarcos - DEBUG - Objective: 124524.5966
2017-12-12 23:40:01,190 - sarcos - DEBUG - Objective: 124512.9272
2017-12-12 23:40:13,955 - sarcos - DEBUG - Objective: 124522.2373
2017-12-12 23:40:26,701 - sarcos - DEBUG - Objective: 124520.2165
2017-12-12 23:40:39,398 - sarcos - DEBUG - Objective: 124519.5479
2017-12-12 23:40:39,398 - sarcos - DEBUG - Objective: 124519.5479
2017-12-12 23:40:39,399 - sarcos - INFO - Optimizing: hyp
2017-12-12 23:42:58,519 - sarcos - DEBUG - Objective: 124510.0754
2017-12-12 23:45:06,898 - sarcos - DEBUG - Objective: 129266.1086
2017-12-12 23:47:15,314 - sarcos - DEBUG - Objective: 120537.5138
2017-12-12 23:49:26,668 - sarcos - DEBUG - Objective: 123243.5527
2017-12-12 23:51:42,681 - sarcos - DEBUG - Objective: 124119.2850
2017-12-12 23:54:00,491 - sarcos - DEBUG - Objective: 124389.8281
2017-12-12 23:56:19,122 - sarcos - DEBUG - Objective: 124472.1168
2017-12-12 23:58:38,011 - sarcos - DEBUG - Objective: 124493.5978
2017-12-13 00:00:57,033 - sarcos - DEBUG - Objective: 124514.7479
2017-12-13 00:03:15,991 - sarcos - DEBUG - Objective: 124521.4750
2017-12-13 00:05:35,131 - sarcos - DEBUG - Objective: 124520.0561
2017-12-13 00:07:54,453 - sarcos - DEBUG - Objective: 124519.2801
2017-12-13 00:10:13,520 - sarcos - DEBUG - Objective: 124518.5744
2017-12-13 00:12:32,671 - sarcos - DEBUG - Objective: 124523.9277
2017-12-13 00:14:51,616 - sarcos - DEBUG - Objective: 124531.4425
2017-12-13 00:17:10,977 - sarcos - DEBUG - Objective: 124519.1838
2017-12-13 00:19:31,085 - sarcos - DEBUG - Objective: 124528.0133
2017-12-13 00:21:51,364 - sarcos - DEBUG - Objective: 124524.6834
2017-12-13 00:24:11,197 - sarcos - DEBUG - Objective: 124522.8755
2017-12-13 00:26:31,152 - sarcos - DEBUG - Objective: 124529.6976
2017-12-13 00:28:50,113 - sarcos - DEBUG - Objective: 124525.3941
2017-12-13 00:30:58,537 - sarcos - INFO - Optimizing: ll
2017-12-13 00:31:07,641 - sarcos - DEBUG - Objective: 120540.2643
2017-12-13 00:31:16,729 - sarcos - DEBUG - Objective: 147681.3021
2017-12-13 00:31:25,773 - sarcos - DEBUG - Objective: 120455.3449
2017-12-13 00:31:34,811 - sarcos - DEBUG - Objective: 120466.1150
2017-12-13 00:31:43,910 - sarcos - DEBUG - Objective: 120455.1482
2017-12-13 00:31:52,971 - sarcos - DEBUG - Objective: 120460.8225
2017-12-13 00:32:01,999 - sarcos - DEBUG - Objective: 120456.3177
2017-12-13 00:32:02,021 - sarcos - DEBUG - Objective difference: 6271.772402
2017-12-13 00:32:02,021 - sarcos - INFO - Mean difference: 0.168021
2017-12-13 00:32:02,022 - sarcos - INFO - Covariance difference: 0.070889
2017-12-13 00:32:02,022 - sarcos - INFO - Iteration 3 started.
2017-12-13 00:32:02,022 - sarcos - INFO - Optimizing: hyp
2017-12-13 00:34:10,399 - sarcos - DEBUG - Objective: 120454.4555
2017-12-13 00:36:18,707 - sarcos - DEBUG - Objective: 120054.1205
2017-12-13 00:38:26,960 - sarcos - DEBUG - Objective: 136175.7472
2017-12-13 00:40:35,427 - sarcos - DEBUG - Objective: 119507.6896
2017-12-13 00:42:43,774 - sarcos - DEBUG - Objective: 119592.0787
2017-12-13 00:44:51,817 - sarcos - DEBUG - Objective: 119509.9567
2017-12-13 00:46:59,909 - sarcos - DEBUG - Objective: 119516.8750
2017-12-13 00:49:08,606 - sarcos - DEBUG - Objective: 119504.5564
2017-12-13 00:51:17,715 - sarcos - DEBUG - Objective: 119513.0005
2017-12-13 00:53:26,969 - sarcos - DEBUG - Objective: 119506.5031
2017-12-13 00:55:36,615 - sarcos - DEBUG - Objective: 119495.2951
2017-12-13 00:55:36,616 - sarcos - INFO - Optimizing: mog
2017-12-13 00:55:46,549 - sarcos - DEBUG - Objective: 119500.4134
2017-12-13 00:55:56,398 - sarcos - DEBUG - Objective: 118078.2229
2017-12-13 00:56:06,419 - sarcos - DEBUG - Objective: 117737.5827
2017-12-13 00:56:16,296 - sarcos - DEBUG - Objective: 117628.0162
2017-12-13 00:56:26,126 - sarcos - DEBUG - Objective: 117379.6733
2017-12-13 00:56:36,019 - sarcos - DEBUG - Objective: 117154.7557
2017-12-13 00:56:46,236 - sarcos - DEBUG - Objective: 116905.4564
2017-12-13 00:56:56,230 - sarcos - DEBUG - Objective: 116694.3838
2017-12-13 00:57:06,126 - sarcos - DEBUG - Objective: 116551.1542
2017-12-13 00:57:16,094 - sarcos - DEBUG - Objective: 116348.1777
2017-12-13 00:57:26,055 - sarcos - DEBUG - Objective: 116254.7505
2017-12-13 00:57:35,974 - sarcos - DEBUG - Objective: 116227.8530
2017-12-13 00:57:45,936 - sarcos - DEBUG - Objective: 116208.8518
2017-12-13 00:57:55,911 - sarcos - DEBUG - Objective: 116158.9570
2017-12-13 00:58:05,916 - sarcos - DEBUG - Objective: 116103.9515
2017-12-13 00:58:15,759 - sarcos - DEBUG - Objective: 116070.8701
2017-12-13 00:58:25,557 - sarcos - DEBUG - Objective: 116050.7386
2017-12-13 00:58:35,382 - sarcos - DEBUG - Objective: 116002.9636
2017-12-13 00:58:45,231 - sarcos - DEBUG - Objective: 115977.0987
2017-12-13 00:58:55,080 - sarcos - DEBUG - Objective: 115915.7065
2017-12-13 00:59:05,004 - sarcos - DEBUG - Objective: 115885.0611
2017-12-13 00:59:15,004 - sarcos - DEBUG - Objective: 115865.5872
2017-12-13 00:59:24,948 - sarcos - DEBUG - Objective: 115846.8606
2017-12-13 00:59:34,941 - sarcos - DEBUG - Objective: 115847.4243
2017-12-13 00:59:44,782 - sarcos - DEBUG - Objective: 115843.0697
2017-12-13 00:59:54,605 - sarcos - DEBUG - Objective: 115841.3808
2017-12-13 00:59:54,606 - sarcos - INFO - Optimizing: hyp
2017-12-13 01:02:03,129 - sarcos - DEBUG - Objective: 115835.2261
2017-12-13 01:04:11,339 - sarcos - DEBUG - Objective: 115291.2877
2017-12-13 01:06:19,412 - sarcos - DEBUG - Objective: 233698.3608
2017-12-13 01:08:27,784 - sarcos - DEBUG - Objective: 114037.8759
2017-12-13 01:10:36,092 - sarcos - DEBUG - Objective: 113290.4166
2017-12-13 01:12:44,568 - sarcos - DEBUG - Objective: 115051.0899
2017-12-13 01:14:52,796 - sarcos - DEBUG - Objective: 113300.7901
2017-12-13 01:17:01,460 - sarcos - DEBUG - Objective: 113295.1934
2017-12-13 01:19:10,619 - sarcos - DEBUG - Objective: 113293.9019
2017-12-13 01:21:19,762 - sarcos - DEBUG - Objective: 113291.9789
2017-12-13 01:23:28,200 - sarcos - DEBUG - Objective: 113295.6245
2017-12-13 01:25:36,477 - sarcos - DEBUG - Objective: 113292.1487
2017-12-13 01:25:36,478 - sarcos - DEBUG - Objective: 113292.1487
2017-12-13 01:25:36,478 - sarcos - INFO - Optimizing: ll
2017-12-13 01:25:45,831 - sarcos - DEBUG - Objective: 113275.6286
2017-12-13 01:25:55,116 - sarcos - DEBUG - Objective: 128585.9829
2017-12-13 01:26:04,364 - sarcos - DEBUG - Objective: 112066.3279
2017-12-13 01:26:13,537 - sarcos - DEBUG - Objective: 112051.9486
2017-12-13 01:26:22,839 - sarcos - DEBUG - Objective: 112054.2116
2017-12-13 01:26:32,072 - sarcos - DEBUG - Objective: 112048.6832
2017-12-13 01:26:41,544 - sarcos - DEBUG - Objective: 112052.3816
2017-12-13 01:26:50,874 - sarcos - DEBUG - Objective: 112049.6781
2017-12-13 01:27:00,305 - sarcos - DEBUG - Objective: 112051.5708
2017-12-13 01:27:09,540 - sarcos - DEBUG - Objective: 112058.6115
2017-12-13 01:27:18,896 - sarcos - DEBUG - Objective: 112050.4539
2017-12-13 01:27:28,065 - sarcos - DEBUG - Objective: 112050.9993
2017-12-13 01:27:28,065 - sarcos - DEBUG - Objective: 112050.9993
2017-12-13 01:27:28,065 - sarcos - DEBUG - Objective: 112050.9993
2017-12-13 01:27:28,087 - sarcos - DEBUG - Objective difference: 8405.318334
2017-12-13 01:27:28,087 - sarcos - INFO - Mean difference: 0.129998
2017-12-13 01:27:28,087 - sarcos - INFO - Covariance difference: 0.069111
2017-12-13 01:27:28,088 - sarcos - INFO - Iteration 4 started.
2017-12-13 01:27:28,088 - sarcos - INFO - Optimizing: hyp
2017-12-13 01:29:37,396 - sarcos - DEBUG - Objective: 112050.8003
2017-12-13 01:31:46,127 - sarcos - DEBUG - Objective: 111672.8982
2017-12-13 01:33:54,265 - sarcos - DEBUG - Objective: 140860.6865
2017-12-13 01:36:02,377 - sarcos - DEBUG - Objective: 111552.1622
2017-12-13 01:38:11,402 - sarcos - DEBUG - Objective: 111451.9725
2017-12-13 01:40:22,317 - sarcos - DEBUG - Objective: 117451.8839
2017-12-13 01:42:31,651 - sarcos - DEBUG - Objective: 111374.0246
2017-12-13 01:44:40,841 - sarcos - DEBUG - Objective: 111312.2793
2017-12-13 01:46:49,766 - sarcos - DEBUG - Objective: 112226.4471
2017-12-13 01:48:58,712 - sarcos - DEBUG - Objective: 111275.2097
2017-12-13 01:51:07,630 - sarcos - DEBUG - Objective: 111258.3859
2017-12-13 01:53:16,585 - sarcos - DEBUG - Objective: 111458.2785
2017-12-13 01:55:25,250 - sarcos - DEBUG - Objective: 111259.7094
2017-12-13 01:57:34,533 - sarcos - DEBUG - Objective: 111260.8072
2017-12-13 01:57:34,534 - sarcos - INFO - Optimizing: mog
2017-12-13 01:57:44,470 - sarcos - DEBUG - Objective: 111257.7141
2017-12-13 01:57:54,314 - sarcos - DEBUG - Objective: 110096.9284
2017-12-13 01:58:04,263 - sarcos - DEBUG - Objective: 109789.8619
2017-12-13 01:58:14,151 - sarcos - DEBUG - Objective: 109598.1958
2017-12-13 01:58:24,065 - sarcos - DEBUG - Objective: 109504.0752
2017-12-13 01:58:33,971 - sarcos - DEBUG - Objective: 109344.1595
2017-12-13 01:58:43,882 - sarcos - DEBUG - Objective: 109214.9577
2017-12-13 01:58:53,883 - sarcos - DEBUG - Objective: 109066.4320
2017-12-13 01:59:03,819 - sarcos - DEBUG - Objective: 108909.8573
2017-12-13 01:59:13,687 - sarcos - DEBUG - Objective: 108816.2833
2017-12-13 01:59:23,587 - sarcos - DEBUG - Objective: 108736.0615
2017-12-13 01:59:33,454 - sarcos - DEBUG - Objective: 108686.2230
2017-12-13 01:59:43,308 - sarcos - DEBUG - Objective: 108657.7105
2017-12-13 01:59:53,197 - sarcos - DEBUG - Objective: 108613.0258
2017-12-13 02:00:03,138 - sarcos - DEBUG - Objective: 108520.8528
2017-12-13 02:00:12,976 - sarcos - DEBUG - Objective: 108443.6147
2017-12-13 02:00:22,976 - sarcos - DEBUG - Objective: 108404.1211
2017-12-13 02:00:32,881 - sarcos - DEBUG - Objective: 108386.2259
2017-12-13 02:00:42,769 - sarcos - DEBUG - Objective: 108373.1921
2017-12-13 02:00:52,635 - sarcos - DEBUG - Objective: 108371.2600
2017-12-13 02:01:02,558 - sarcos - DEBUG - Objective: 108352.3141
2017-12-13 02:01:12,407 - sarcos - DEBUG - Objective: 108336.6315
2017-12-13 02:01:22,375 - sarcos - DEBUG - Objective: 108326.6668
2017-12-13 02:01:32,424 - sarcos - DEBUG - Objective: 108284.9504
2017-12-13 02:01:42,274 - sarcos - DEBUG - Objective: 108222.3824
2017-12-13 02:01:52,173 - sarcos - DEBUG - Objective: 108196.0868
2017-12-13 02:01:52,174 - sarcos - INFO - Optimizing: hyp
2017-12-13 02:04:00,768 - sarcos - DEBUG - Objective: 108198.0003
2017-12-13 02:06:09,610 - sarcos - DEBUG - Objective: 108211.7346
2017-12-13 02:08:18,417 - sarcos - DEBUG - Objective: 107907.7194
2017-12-13 02:10:27,307 - sarcos - DEBUG - Objective: 107760.4393
2017-12-13 02:12:36,387 - sarcos - DEBUG - Objective: 107749.8346
2017-12-13 02:14:45,402 - sarcos - DEBUG - Objective: 107783.8016
2017-12-13 02:16:54,381 - sarcos - DEBUG - Objective: 107738.4445
2017-12-13 02:20:28,920 - sarcos - DEBUG - Objective: nan
2017-12-13 02:20:28,921 - sarcos - DEBUG - Objective: nan
2017-12-13 02:20:28,921 - sarcos - DEBUG - Objective: nan
2017-12-13 02:20:28,921 - sarcos - DEBUG - Objective: nan
2017-12-13 02:20:28,922 - sarcos - DEBUG - Objective: nan
2017-12-13 02:20:28,922 - sarcos - DEBUG - Objective: nan
2017-12-13 02:20:28,922 - sarcos - DEBUG - Objective: nan
2017-12-13 02:20:28,922 - sarcos - DEBUG - Objective: nan
2017-12-13 02:20:28,923 - sarcos - DEBUG - Objective: nan
2017-12-13 02:20:28,923 - sarcos - DEBUG - Objective: nan
2017-12-13 02:20:28,923 - sarcos - DEBUG - Objective: nan
2017-12-13 02:20:28,923 - sarcos - DEBUG - Objective: nan
2017-12-13 02:20:28,923 - sarcos - DEBUG - Objective: nan
2017-12-13 02:20:28,924 - sarcos - DEBUG - Objective: nan
2017-12-13 02:20:28,924 - sarcos - DEBUG - Objective: nan
2017-12-13 02:20:28,924 - sarcos - DEBUG - Objective: nan
2017-12-13 02:20:28,924 - sarcos - DEBUG - Objective: nan
2017-12-13 02:20:28,925 - sarcos - DEBUG - Objective: nan
2017-12-13 02:20:28,925 - sarcos - DEBUG - Objective: nan
2017-12-13 02:20:28,925 - sarcos - DEBUG - Objective: nan
2017-12-13 02:22:37,750 - sarcos - INFO - Optimizing: ll
2017-12-13 02:22:46,886 - sarcos - DEBUG - Objective: 107750.2067
2017-12-13 02:22:56,022 - sarcos - DEBUG - Objective: 129349.7148
2017-12-13 02:23:05,239 - sarcos - DEBUG - Objective: 107290.7866
2017-12-13 02:23:14,385 - sarcos - DEBUG - Objective: 107295.2571
2017-12-13 02:23:23,533 - sarcos - DEBUG - Objective: 107296.0520
2017-12-13 02:23:32,688 - sarcos - DEBUG - Objective: 107296.5119
2017-12-13 02:23:42,005 - sarcos - DEBUG - Objective: 107301.3042
2017-12-13 02:23:51,087 - sarcos - DEBUG - Objective: 107298.0381
2017-12-13 02:24:00,335 - sarcos - DEBUG - Objective: 107298.9819
2017-12-13 02:24:00,336 - sarcos - DEBUG - Objective: 107298.9819
2017-12-13 02:24:00,358 - sarcos - DEBUG - Objective difference: 4752.017437
2017-12-13 02:24:00,358 - sarcos - INFO - Mean difference: 0.136198
2017-12-13 02:24:00,358 - sarcos - INFO - Covariance difference: 0.087983
2017-12-13 02:24:00,358 - sarcos - INFO - Iteration 5 started.
2017-12-13 02:24:00,358 - sarcos - INFO - Optimizing: hyp
2017-12-13 02:26:09,267 - sarcos - DEBUG - Objective: 107298.0523
2017-12-13 02:28:18,569 - sarcos - DEBUG - Objective: 106486.0159
2017-12-13 02:30:27,402 - sarcos - DEBUG - Objective: 129235.4893
2017-12-13 02:32:36,146 - sarcos - DEBUG - Objective: 107624.9940
2017-12-13 02:34:45,094 - sarcos - DEBUG - Objective: 106600.6322
2017-12-13 02:36:53,942 - sarcos - DEBUG - Objective: 106489.9291
2017-12-13 02:39:01,947 - sarcos - DEBUG - Objective: nan
2017-12-13 02:39:01,947 - sarcos - DEBUG - Objective: nan
2017-12-13 02:39:01,947 - sarcos - DEBUG - Objective: nan
2017-12-13 02:39:01,948 - sarcos - DEBUG - Objective: nan
2017-12-13 02:39:01,948 - sarcos - DEBUG - Objective: nan
2017-12-13 02:39:01,948 - sarcos - DEBUG - Objective: nan
2017-12-13 02:39:01,948 - sarcos - DEBUG - Objective: nan
2017-12-13 02:39:01,948 - sarcos - DEBUG - Objective: nan
2017-12-13 02:39:01,948 - sarcos - DEBUG - Objective: nan
2017-12-13 02:39:01,949 - sarcos - DEBUG - Objective: nan
2017-12-13 02:39:01,949 - sarcos - DEBUG - Objective: nan
2017-12-13 02:39:01,949 - sarcos - DEBUG - Objective: nan
2017-12-13 02:39:01,949 - sarcos - DEBUG - Objective: nan
2017-12-13 02:39:01,949 - sarcos - DEBUG - Objective: nan
2017-12-13 02:39:01,949 - sarcos - DEBUG - Objective: nan
2017-12-13 02:39:01,950 - sarcos - DEBUG - Objective: nan
2017-12-13 02:39:01,950 - sarcos - DEBUG - Objective: nan
2017-12-13 02:39:01,950 - sarcos - DEBUG - Objective: nan
2017-12-13 02:39:01,950 - sarcos - DEBUG - Objective: nan
2017-12-13 02:39:01,950 - sarcos - DEBUG - Objective: nan
2017-12-13 02:41:11,776 - sarcos - INFO - Optimizing: mog
2017-12-13 02:41:21,797 - sarcos - DEBUG - Objective: 106490.9593
2017-12-13 02:41:31,822 - sarcos - DEBUG - Objective: 105027.2809
2017-12-13 02:41:41,878 - sarcos - DEBUG - Objective: 104910.4560
2017-12-13 02:41:51,988 - sarcos - DEBUG - Objective: 104878.5152
2017-12-13 02:42:02,008 - sarcos - DEBUG - Objective: 104795.9023
2017-12-13 02:42:11,937 - sarcos - DEBUG - Objective: 104717.0403
2017-12-13 02:42:21,857 - sarcos - DEBUG - Objective: 104428.3571
2017-12-13 02:42:31,864 - sarcos - DEBUG - Objective: 104265.6203
2017-12-13 02:42:41,867 - sarcos - DEBUG - Objective: 104067.5581
2017-12-13 02:42:51,920 - sarcos - DEBUG - Objective: 103974.3202
2017-12-13 02:43:02,048 - sarcos - DEBUG - Objective: 103900.8577
2017-12-13 02:43:12,067 - sarcos - DEBUG - Objective: 103847.9862
2017-12-13 02:43:22,019 - sarcos - DEBUG - Objective: 103789.8415
2017-12-13 02:43:32,021 - sarcos - DEBUG - Objective: 103752.0369
2017-12-13 02:43:41,980 - sarcos - DEBUG - Objective: 103710.1698
2017-12-13 02:43:52,161 - sarcos - DEBUG - Objective: 103708.7898
2017-12-13 02:44:02,239 - sarcos - DEBUG - Objective: 103690.2583
2017-12-13 02:44:12,168 - sarcos - DEBUG - Objective: 103692.6917
2017-12-13 02:44:22,084 - sarcos - DEBUG - Objective: 103674.7999
2017-12-13 02:44:31,972 - sarcos - DEBUG - Objective: 103640.1502
2017-12-13 02:44:41,875 - sarcos - DEBUG - Objective: 103615.3614
2017-12-13 02:44:51,755 - sarcos - DEBUG - Objective: 103598.0535
2017-12-13 02:45:01,682 - sarcos - DEBUG - Objective: 103588.2225
2017-12-13 02:45:11,651 - sarcos - DEBUG - Objective: 103571.4041
2017-12-13 02:45:21,558 - sarcos - DEBUG - Objective: 103555.1773
2017-12-13 02:45:31,411 - sarcos - DEBUG - Objective: 103559.1190
2017-12-13 02:45:41,380 - sarcos - DEBUG - Objective: 103557.3944
2017-12-13 02:45:51,359 - sarcos - DEBUG - Objective: 103566.6300
2017-12-13 02:46:01,547 - sarcos - DEBUG - Objective: 103550.9368
2017-12-13 02:46:01,547 - sarcos - INFO - Optimizing: hyp
2017-12-13 02:48:10,941 - sarcos - DEBUG - Objective: 103560.8738
2017-12-13 02:50:19,832 - sarcos - DEBUG - Objective: 105665.0252
2017-12-13 02:52:28,916 - sarcos - DEBUG - Objective: 103459.5581
2017-12-13 02:54:37,741 - sarcos - DEBUG - Objective: 103474.1336
2017-12-13 02:56:46,787 - sarcos - DEBUG - Objective: 103456.5265
2017-12-13 02:58:55,921 - sarcos - DEBUG - Objective: 103458.5642
2017-12-13 03:01:05,198 - sarcos - DEBUG - Objective: 103467.8659
2017-12-13 03:03:14,688 - sarcos - DEBUG - Objective: 103467.3849
2017-12-13 03:05:22,354 - sarcos - DEBUG - Objective: nan
2017-12-13 03:05:22,354 - sarcos - DEBUG - Objective: nan
2017-12-13 03:05:22,355 - sarcos - DEBUG - Objective: nan
2017-12-13 03:05:22,355 - sarcos - DEBUG - Objective: nan
2017-12-13 03:05:22,355 - sarcos - DEBUG - Objective: nan
2017-12-13 03:05:22,355 - sarcos - DEBUG - Objective: nan
2017-12-13 03:05:22,355 - sarcos - DEBUG - Objective: nan
2017-12-13 03:05:22,356 - sarcos - DEBUG - Objective: nan
2017-12-13 03:05:22,356 - sarcos - DEBUG - Objective: nan
2017-12-13 03:05:22,356 - sarcos - DEBUG - Objective: nan
2017-12-13 03:05:22,356 - sarcos - DEBUG - Objective: nan
2017-12-13 03:05:22,356 - sarcos - DEBUG - Objective: nan
2017-12-13 03:05:22,356 - sarcos - DEBUG - Objective: nan
2017-12-13 03:05:22,357 - sarcos - DEBUG - Objective: nan
2017-12-13 03:05:22,357 - sarcos - DEBUG - Objective: nan
2017-12-13 03:05:22,357 - sarcos - DEBUG - Objective: nan
2017-12-13 03:05:22,357 - sarcos - DEBUG - Objective: nan
2017-12-13 03:05:22,357 - sarcos - DEBUG - Objective: nan
2017-12-13 03:05:22,357 - sarcos - DEBUG - Objective: nan
2017-12-13 03:05:22,358 - sarcos - DEBUG - Objective: nan
2017-12-13 03:07:31,780 - sarcos - INFO - Optimizing: ll
2017-12-13 03:07:41,040 - sarcos - DEBUG - Objective: 103460.4914
2017-12-13 03:07:50,309 - sarcos - DEBUG - Objective: 125658.4178
2017-12-13 03:07:59,601 - sarcos - DEBUG - Objective: 103065.2184
2017-12-13 03:08:08,875 - sarcos - DEBUG - Objective: 103074.3820
2017-12-13 03:08:18,138 - sarcos - DEBUG - Objective: 103074.9937
2017-12-13 03:08:27,410 - sarcos - DEBUG - Objective: 103077.8645
2017-12-13 03:08:36,678 - sarcos - DEBUG - Objective: 103069.1382
2017-12-13 03:08:45,962 - sarcos - DEBUG - Objective: 103065.8607
2017-12-13 03:08:45,962 - sarcos - DEBUG - Objective: 103065.8607
2017-12-13 03:08:45,963 - sarcos - DEBUG - Objective: 103065.8607
2017-12-13 03:08:45,984 - sarcos - DEBUG - Objective difference: 4233.121233
2017-12-13 03:08:45,984 - sarcos - INFO - Mean difference: 0.136572
2017-12-13 03:08:45,985 - sarcos - INFO - Covariance difference: 0.034959
2017-12-13 03:08:45,985 - sarcos - INFO - Iteration 6 started.
2017-12-13 03:08:45,985 - sarcos - INFO - Optimizing: hyp
2017-12-13 03:10:55,519 - sarcos - DEBUG - Objective: 103067.5262
2017-12-13 03:13:05,762 - sarcos - DEBUG - Objective: 106686.5817
2017-12-13 03:15:16,528 - sarcos - DEBUG - Objective: 103124.7391
2017-12-13 03:17:26,209 - sarcos - DEBUG - Objective: 103068.3675
2017-12-13 03:19:35,985 - sarcos - DEBUG - Objective: 103056.8570
2017-12-13 03:21:45,933 - sarcos - DEBUG - Objective: 103067.9399
2017-12-13 03:23:55,844 - sarcos - DEBUG - Objective: 103064.9744
2017-12-13 03:26:05,644 - sarcos - DEBUG - Objective: 103074.1282
2017-12-13 03:28:15,441 - sarcos - DEBUG - Objective: 103064.2887
2017-12-13 03:30:23,462 - sarcos - DEBUG - Objective: nan
2017-12-13 03:30:23,463 - sarcos - DEBUG - Objective: nan
2017-12-13 03:30:23,463 - sarcos - DEBUG - Objective: nan
2017-12-13 03:30:23,463 - sarcos - DEBUG - Objective: nan
2017-12-13 03:30:23,464 - sarcos - DEBUG - Objective: nan
2017-12-13 03:30:23,464 - sarcos - DEBUG - Objective: nan
2017-12-13 03:30:23,464 - sarcos - DEBUG - Objective: nan
2017-12-13 03:30:23,464 - sarcos - DEBUG - Objective: nan
2017-12-13 03:30:23,465 - sarcos - DEBUG - Objective: nan
2017-12-13 03:30:23,465 - sarcos - DEBUG - Objective: nan
2017-12-13 03:30:23,465 - sarcos - DEBUG - Objective: nan
2017-12-13 03:30:23,465 - sarcos - DEBUG - Objective: nan
2017-12-13 03:30:23,466 - sarcos - DEBUG - Objective: nan
2017-12-13 03:30:23,466 - sarcos - DEBUG - Objective: nan
2017-12-13 03:30:23,466 - sarcos - DEBUG - Objective: nan
2017-12-13 03:30:23,466 - sarcos - DEBUG - Objective: nan
2017-12-13 03:30:23,467 - sarcos - DEBUG - Objective: nan
2017-12-13 03:30:23,467 - sarcos - DEBUG - Objective: nan
2017-12-13 03:30:23,467 - sarcos - DEBUG - Objective: nan
2017-12-13 03:30:23,467 - sarcos - DEBUG - Objective: nan
2017-12-13 03:32:33,130 - sarcos - INFO - Optimizing: mog
2017-12-13 03:32:43,149 - sarcos - DEBUG - Objective: 103080.5748
2017-12-13 03:32:53,195 - sarcos - DEBUG - Objective: 105971.4420
2017-12-13 03:33:03,249 - sarcos - DEBUG - Objective: 102977.0835
2017-12-13 03:33:13,363 - sarcos - DEBUG - Objective: 102978.5009
2017-12-13 03:33:23,406 - sarcos - DEBUG - Objective: 102981.5633
2017-12-13 03:33:33,434 - sarcos - DEBUG - Objective: 102979.6226
2017-12-13 03:33:43,439 - sarcos - DEBUG - Objective: 102975.5576
2017-12-13 03:33:53,476 - sarcos - DEBUG - Objective: 102981.1550
2017-12-13 03:34:03,538 - sarcos - DEBUG - Objective: 102983.9496
2017-12-13 03:34:03,539 - sarcos - INFO - Optimizing: hyp
2017-12-13 03:36:13,392 - sarcos - DEBUG - Objective: 102990.4819
2017-12-13 03:38:22,943 - sarcos - DEBUG - Objective: 106536.8849
2017-12-13 03:40:32,960 - sarcos - DEBUG - Objective: 102961.4388
2017-12-13 03:42:43,515 - sarcos - DEBUG - Objective: 103057.3572
2017-12-13 03:44:53,811 - sarcos - DEBUG - Objective: 102967.4811
2017-12-13 03:47:05,099 - sarcos - DEBUG - Objective: 102967.1086
2017-12-13 03:49:15,209 - sarcos - DEBUG - Objective: 102970.1518
2017-12-13 03:51:23,697 - sarcos - DEBUG - Objective: nan
2017-12-13 03:51:23,697 - sarcos - DEBUG - Objective: nan
2017-12-13 03:51:23,697 - sarcos - DEBUG - Objective: nan
2017-12-13 03:51:23,697 - sarcos - DEBUG - Objective: nan
2017-12-13 03:51:23,698 - sarcos - DEBUG - Objective: nan
2017-12-13 03:51:23,698 - sarcos - DEBUG - Objective: nan
2017-12-13 03:51:23,698 - sarcos - DEBUG - Objective: nan
2017-12-13 03:51:23,698 - sarcos - DEBUG - Objective: nan
2017-12-13 03:51:23,698 - sarcos - DEBUG - Objective: nan
2017-12-13 03:51:23,698 - sarcos - DEBUG - Objective: nan
2017-12-13 03:51:23,699 - sarcos - DEBUG - Objective: nan
2017-12-13 03:51:23,699 - sarcos - DEBUG - Objective: nan
2017-12-13 03:51:23,699 - sarcos - DEBUG - Objective: nan
2017-12-13 03:51:23,699 - sarcos - DEBUG - Objective: nan
2017-12-13 03:51:23,699 - sarcos - DEBUG - Objective: nan
2017-12-13 03:51:23,700 - sarcos - DEBUG - Objective: nan
2017-12-13 03:51:23,700 - sarcos - DEBUG - Objective: nan
2017-12-13 03:51:23,700 - sarcos - DEBUG - Objective: nan
2017-12-13 03:51:23,700 - sarcos - DEBUG - Objective: nan
2017-12-13 03:51:23,700 - sarcos - DEBUG - Objective: nan
2017-12-13 03:53:34,316 - sarcos - INFO - Optimizing: ll
2017-12-13 03:53:43,796 - sarcos - DEBUG - Objective: 102975.3312
2017-12-13 03:53:53,365 - sarcos - DEBUG - Objective: 133303.8281
2017-12-13 03:54:02,897 - sarcos - DEBUG - Objective: 102935.3751
2017-12-13 03:54:12,417 - sarcos - DEBUG - Objective: 102962.7754
2017-12-13 03:54:21,878 - sarcos - DEBUG - Objective: 102970.2710
2017-12-13 03:54:31,253 - sarcos - DEBUG - Objective: 102951.5546
2017-12-13 03:54:40,617 - sarcos - DEBUG - Objective: 102959.3125
2017-12-13 03:54:40,618 - sarcos - DEBUG - Objective: 102959.3125
2017-12-13 03:54:40,640 - sarcos - DEBUG - Objective difference: 106.548127
2017-12-13 03:54:40,640 - sarcos - INFO - Mean difference: 0.001194
2017-12-13 03:54:40,640 - sarcos - INFO - Covariance difference: 0.000041
2017-12-13 03:54:40,641 - sarcos - DEBUG - prediction started...
2017-12-13 03:56:55,352 - sarcos - DEBUG - prediction finished
