2016-07-14 18:03:11,058 - usps - INFO - experiment started for:{'run_id': 2, 'max_iter': 300, 'optimization_config': {'hyp': 25, 'mog': 25}, 'xtol': 1e-07, 'git_hash': '56b400bf485c09994800ecf66753736a8f1efd98', 'model_init': None, 'ftol': 1e-05, 'latent_noise:': 0.001, 'sparsity_factor': 0.5, 'll': 'SoftmaxLL', 'sample_num': 2000, 'experiment': 'usps', 'git_branch': 'master', 'random_Z': True, 'method': 'full'}
2016-07-14 18:03:11,542 - usps - INFO - Iteration 1 started.
2016-07-14 18:03:11,542 - usps - INFO - Optimizing: mog
2016-07-14 18:03:12,280 - usps - DEBUG - Objective: 2983.1757
2016-07-14 18:03:13,666 - usps - DEBUG - Objective: 2946.1161
2016-07-14 18:03:15,042 - usps - DEBUG - Objective: 2808.0706
2016-07-14 18:03:16,445 - usps - DEBUG - Objective: 2158.9331
2016-07-14 18:03:17,847 - usps - DEBUG - Objective: 2071.5862
2016-07-14 18:03:19,248 - usps - DEBUG - Objective: 2028.7188
2016-07-14 18:03:20,661 - usps - DEBUG - Objective: 2009.8649
2016-07-14 18:03:22,072 - usps - DEBUG - Objective: 2002.7479
2016-07-14 18:03:23,497 - usps - DEBUG - Objective: 1996.4513
2016-07-14 18:03:24,922 - usps - DEBUG - Objective: 1989.1354
2016-07-14 18:03:26,356 - usps - DEBUG - Objective: 1984.5710
2016-07-14 18:03:27,843 - usps - DEBUG - Objective: 1983.3014
2016-07-14 18:03:29,295 - usps - DEBUG - Objective: 1981.1583
2016-07-14 18:03:30,732 - usps - DEBUG - Objective: 1980.5378
2016-07-14 18:03:31,928 - usps - DEBUG - Objective: 1980.2135
2016-07-14 18:03:33,135 - usps - DEBUG - Objective: 1979.2473
2016-07-14 18:03:34,513 - usps - DEBUG - Objective: 1979.7197
2016-07-14 18:03:35,895 - usps - DEBUG - Objective: 1979.6550
2016-07-14 18:03:37,276 - usps - DEBUG - Objective: 1979.3326
2016-07-14 18:03:38,662 - usps - DEBUG - Objective: 1979.7274
2016-07-14 18:03:40,036 - usps - DEBUG - Objective: 1979.8194
2016-07-14 18:03:40,508 - usps - DEBUG - Objective: 1979.9561
2016-07-14 18:03:41,697 - usps - DEBUG - Objective: 1979.7538
2016-07-14 18:03:42,845 - usps - DEBUG - Objective: 1979.8583
2016-07-14 18:03:43,977 - usps - DEBUG - Objective: 1980.2327
2016-07-14 18:03:45,109 - usps - DEBUG - Objective: 1979.5023
2016-07-14 18:03:46,039 - usps - INFO - Optimizing: hyp
2016-07-14 18:03:48,262 - usps - DEBUG - Objective: 1980.5331
2016-07-14 18:03:50,508 - usps - DEBUG - Objective: 2599.4453
2016-07-14 18:03:53,330 - usps - DEBUG - Objective: 1868.0887
2016-07-14 18:03:56,110 - usps - DEBUG - Objective: 1853.9904
2016-07-14 18:03:58,905 - usps - DEBUG - Objective: 1842.9403
2016-07-14 18:04:01,440 - usps - DEBUG - Objective: 1849.8350
2016-07-14 18:04:04,127 - usps - DEBUG - Objective: 1838.3167
2016-07-14 18:04:06,817 - usps - DEBUG - Objective: 1835.6887
2016-07-14 18:04:09,315 - usps - DEBUG - Objective: 1834.9084
2016-07-14 18:04:11,794 - usps - DEBUG - Objective: 1835.0187
2016-07-14 18:04:14,283 - usps - DEBUG - Objective: 1835.6794
2016-07-14 18:04:16,791 - usps - DEBUG - Objective: 1834.5092
2016-07-14 18:04:19,273 - usps - DEBUG - Objective: 1835.6788
2016-07-14 18:04:19,730 - usps - DEBUG - Objective: 1835.8854
2016-07-14 18:04:20,226 - usps - DEBUG - Objective: 1835.4791
2016-07-14 18:04:20,681 - usps - DEBUG - Objective: 1835.0509
2016-07-14 18:04:21,137 - usps - DEBUG - Objective: 1836.1027
2016-07-14 18:04:21,594 - usps - DEBUG - Objective: 1835.2507
2016-07-14 18:04:24,101 - usps - INFO - Iteration 2 started.
2016-07-14 18:04:24,101 - usps - INFO - Optimizing: mog
2016-07-14 18:04:25,203 - usps - DEBUG - Objective: 1835.5291
2016-07-14 18:04:26,530 - usps - DEBUG - Objective: 1818.5424
2016-07-14 18:04:27,886 - usps - DEBUG - Objective: 1768.0248
2016-07-14 18:04:29,241 - usps - DEBUG - Objective: 1754.7991
2016-07-14 18:04:30,604 - usps - DEBUG - Objective: 1743.7455
2016-07-14 18:04:31,976 - usps - DEBUG - Objective: 1734.1827
2016-07-14 18:04:33,340 - usps - DEBUG - Objective: 1729.4281
2016-07-14 18:04:34,722 - usps - DEBUG - Objective: 1726.6377
2016-07-14 18:04:36,092 - usps - DEBUG - Objective: 1725.7199
2016-07-14 18:04:37,493 - usps - DEBUG - Objective: 1724.7947
2016-07-14 18:04:38,870 - usps - DEBUG - Objective: 1723.5599
2016-07-14 18:04:39,966 - usps - DEBUG - Objective: 1723.5747
2016-07-14 18:04:41,308 - usps - DEBUG - Objective: 1724.4906
2016-07-14 18:04:42,635 - usps - DEBUG - Objective: 1724.2826
2016-07-14 18:04:43,960 - usps - DEBUG - Objective: 1724.6113
2016-07-14 18:04:45,049 - usps - DEBUG - Objective: 1723.5355
2016-07-14 18:04:46,142 - usps - DEBUG - Objective: 1724.6142
2016-07-14 18:04:47,042 - usps - INFO - Optimizing: hyp
2016-07-14 18:04:49,230 - usps - DEBUG - Objective: 1724.1713
2016-07-14 18:04:51,380 - usps - DEBUG - Objective: 3313.8669
2016-07-14 18:04:53,808 - usps - DEBUG - Objective: 1661.0587
2016-07-14 18:04:56,166 - usps - DEBUG - Objective: 1655.4335
2016-07-14 18:04:58,518 - usps - DEBUG - Objective: 1648.6923
2016-07-14 18:05:00,891 - usps - DEBUG - Objective: 1638.6072
2016-07-14 18:05:03,031 - usps - DEBUG - Objective: 1638.2417
2016-07-14 18:05:05,368 - usps - DEBUG - Objective: 1638.1008
2016-07-14 18:05:07,531 - usps - DEBUG - Objective: 1638.0752
2016-07-14 18:05:09,907 - usps - DEBUG - Objective: 1637.9493
2016-07-14 18:05:12,284 - usps - DEBUG - Objective: 1637.0711
2016-07-14 18:05:14,651 - usps - DEBUG - Objective: 1638.5219
2016-07-14 18:05:17,042 - usps - DEBUG - Objective: 1637.2993
2016-07-14 18:05:17,462 - usps - DEBUG - Objective: 1637.1911
2016-07-14 18:05:17,898 - usps - DEBUG - Objective difference: 196.090973
2016-07-14 18:05:17,898 - usps - INFO - Mean difference: 0.310268
2016-07-14 18:05:17,898 - usps - INFO - Covariance difference: 0.003381
2016-07-14 18:05:17,898 - usps - INFO - Iteration 3 started.
2016-07-14 18:05:17,898 - usps - INFO - Optimizing: mog
2016-07-14 18:05:18,953 - usps - DEBUG - Objective: 1637.2366
2016-07-14 18:05:20,194 - usps - DEBUG - Objective: 1624.3734
2016-07-14 18:05:21,444 - usps - DEBUG - Objective: 1598.3921
2016-07-14 18:05:22,482 - usps - DEBUG - Objective: 1599.2218
2016-07-14 18:05:23,716 - usps - DEBUG - Objective: 1593.6825
2016-07-14 18:05:24,978 - usps - DEBUG - Objective: 1590.2775
2016-07-14 18:05:26,236 - usps - DEBUG - Objective: 1580.8289
2016-07-14 18:05:27,525 - usps - DEBUG - Objective: 1573.4908
2016-07-14 18:05:28,796 - usps - DEBUG - Objective: 1568.6998
2016-07-14 18:05:30,081 - usps - DEBUG - Objective: 1566.6451
2016-07-14 18:05:31,364 - usps - DEBUG - Objective: 1565.2547
2016-07-14 18:05:32,661 - usps - DEBUG - Objective: 1563.1353
2016-07-14 18:05:33,953 - usps - DEBUG - Objective: 1561.9466
2016-07-14 18:05:35,247 - usps - DEBUG - Objective: 1560.6284
2016-07-14 18:05:36,552 - usps - DEBUG - Objective: 1559.3222
2016-07-14 18:05:37,848 - usps - DEBUG - Objective: 1558.9773
2016-07-14 18:05:39,168 - usps - DEBUG - Objective: 1557.8168
2016-07-14 18:05:40,479 - usps - DEBUG - Objective: 1556.8115
2016-07-14 18:05:41,568 - usps - DEBUG - Objective: 1556.1053
2016-07-14 18:05:42,887 - usps - DEBUG - Objective: 1556.2284
2016-07-14 18:05:43,968 - usps - DEBUG - Objective: 1555.4158
2016-07-14 18:05:45,264 - usps - DEBUG - Objective: 1555.4700
2016-07-14 18:05:46,349 - usps - DEBUG - Objective: 1555.2761
2016-07-14 18:05:47,366 - usps - DEBUG - Objective: 1554.7513
2016-07-14 18:05:48,388 - usps - DEBUG - Objective: 1556.2113
2016-07-14 18:05:49,406 - usps - DEBUG - Objective: 1555.8109
2016-07-14 18:05:50,237 - usps - INFO - Optimizing: hyp
2016-07-14 18:05:52,156 - usps - DEBUG - Objective: 1555.9045
2016-07-14 18:05:54,333 - usps - DEBUG - Objective: 3412.7043
2016-07-14 18:05:56,679 - usps - DEBUG - Objective: 1515.5552
2016-07-14 18:05:59,057 - usps - DEBUG - Objective: 1511.9185
2016-07-14 18:06:01,403 - usps - DEBUG - Objective: 1507.9386
2016-07-14 18:06:03,782 - usps - DEBUG - Objective: 1498.4821
2016-07-14 18:06:05,915 - usps - DEBUG - Objective: 1507.1985
2016-07-14 18:06:08,270 - usps - DEBUG - Objective: 1497.5725
2016-07-14 18:06:10,639 - usps - DEBUG - Objective: 1497.2007
2016-07-14 18:06:12,780 - usps - DEBUG - Objective: 1497.3341
2016-07-14 18:06:15,168 - usps - DEBUG - Objective: 1496.6236
2016-07-14 18:06:17,517 - usps - DEBUG - Objective: 1496.6432
2016-07-14 18:06:19,700 - usps - DEBUG - Objective: 1496.2961
2016-07-14 18:06:22,036 - usps - DEBUG - Objective: 1497.5172
2016-07-14 18:06:22,453 - usps - DEBUG - Objective: 1496.5945
2016-07-14 18:06:22,888 - usps - DEBUG - Objective difference: 143.051239
2016-07-14 18:06:22,888 - usps - INFO - Mean difference: 0.422618
2016-07-14 18:06:22,888 - usps - INFO - Covariance difference: 0.005175
2016-07-14 18:06:22,888 - usps - INFO - Iteration 4 started.
2016-07-14 18:06:22,888 - usps - INFO - Optimizing: mog
2016-07-14 18:06:23,947 - usps - DEBUG - Objective: 1497.2884
2016-07-14 18:06:25,196 - usps - DEBUG - Objective: 1487.0931
2016-07-14 18:06:26,437 - usps - DEBUG - Objective: 1473.4173
2016-07-14 18:06:27,700 - usps - DEBUG - Objective: 1473.8332
2016-07-14 18:06:28,931 - usps - DEBUG - Objective: 1469.3426
2016-07-14 18:06:30,186 - usps - DEBUG - Objective: 1466.8869
2016-07-14 18:06:31,457 - usps - DEBUG - Objective: 1463.3256
2016-07-14 18:06:32,729 - usps - DEBUG - Objective: 1460.7108
2016-07-14 18:06:34,005 - usps - DEBUG - Objective: 1456.3482
2016-07-14 18:06:35,294 - usps - DEBUG - Objective: 1455.6739
2016-07-14 18:06:36,577 - usps - DEBUG - Objective: 1453.2581
2016-07-14 18:06:37,870 - usps - DEBUG - Objective: 1452.5073
2016-07-14 18:06:39,159 - usps - DEBUG - Objective: 1451.2538
2016-07-14 18:06:40,461 - usps - DEBUG - Objective: 1450.7952
2016-07-14 18:06:41,760 - usps - DEBUG - Objective: 1450.1041
2016-07-14 18:06:43,052 - usps - DEBUG - Objective: 1449.0181
2016-07-14 18:06:44,074 - usps - DEBUG - Objective: 1449.6488
2016-07-14 18:06:45,093 - usps - DEBUG - Objective: 1449.9348
2016-07-14 18:06:46,112 - usps - DEBUG - Objective: 1449.3443
2016-07-14 18:06:47,132 - usps - DEBUG - Objective: 1449.5312
2016-07-14 18:06:48,143 - usps - DEBUG - Objective: 1449.7616
2016-07-14 18:06:49,181 - usps - INFO - Optimizing: hyp
2016-07-14 18:06:51,073 - usps - DEBUG - Objective: 1449.5932
2016-07-14 18:06:53,263 - usps - DEBUG - Objective: 4651.8904
2016-07-14 18:06:55,661 - usps - DEBUG - Objective: 1429.3024
2016-07-14 18:06:58,051 - usps - DEBUG - Objective: 1426.3614
2016-07-14 18:07:00,406 - usps - DEBUG - Objective: 1423.5286
2016-07-14 18:07:02,803 - usps - DEBUG - Objective: 1415.2220
2016-07-14 18:07:05,162 - usps - DEBUG - Objective: 1413.8373
2016-07-14 18:07:07,561 - usps - DEBUG - Objective: 1411.6618
2016-07-14 18:07:09,743 - usps - DEBUG - Objective: 1411.6974
2016-07-14 18:07:11,923 - usps - DEBUG - Objective: 1411.3427
2016-07-14 18:07:14,111 - usps - DEBUG - Objective: 1410.9355
2016-07-14 18:07:16,252 - usps - DEBUG - Objective: 1410.8853
2016-07-14 18:07:18,438 - usps - DEBUG - Objective: 1411.5349
2016-07-14 18:07:20,616 - usps - DEBUG - Objective: 1410.7766
2016-07-14 18:07:22,803 - usps - DEBUG - Objective: 1411.0017
2016-07-14 18:07:23,225 - usps - DEBUG - Objective: 1411.3118
2016-07-14 18:07:25,397 - usps - DEBUG - Objective difference: 84.028931
2016-07-14 18:07:25,397 - usps - INFO - Mean difference: 0.221000
2016-07-14 18:07:25,397 - usps - INFO - Covariance difference: 0.003882
2016-07-14 18:07:25,397 - usps - INFO - Iteration 5 started.
2016-07-14 18:07:25,397 - usps - INFO - Optimizing: mog
2016-07-14 18:07:26,432 - usps - DEBUG - Objective: 1411.4076
2016-07-14 18:07:27,695 - usps - DEBUG - Objective: 1404.0674
2016-07-14 18:07:28,943 - usps - DEBUG - Objective: 1398.1795
2016-07-14 18:07:30,202 - usps - DEBUG - Objective: 1395.6022
2016-07-14 18:07:31,469 - usps - DEBUG - Objective: 1393.2080
2016-07-14 18:07:32,759 - usps - DEBUG - Objective: 1392.5255
2016-07-14 18:07:34,030 - usps - DEBUG - Objective: 1391.6808
2016-07-14 18:07:35,310 - usps - DEBUG - Objective: 1389.4690
2016-07-14 18:07:36,596 - usps - DEBUG - Objective: 1387.5518
2016-07-14 18:07:37,883 - usps - DEBUG - Objective: 1385.0401
2016-07-14 18:07:39,174 - usps - DEBUG - Objective: 1383.5086
2016-07-14 18:07:40,467 - usps - DEBUG - Objective: 1381.7512
2016-07-14 18:07:41,762 - usps - DEBUG - Objective: 1380.4709
2016-07-14 18:07:42,781 - usps - DEBUG - Objective: 1380.5153
2016-07-14 18:07:44,081 - usps - DEBUG - Objective: 1379.0032
2016-07-14 18:07:45,378 - usps - DEBUG - Objective: 1378.4253
2016-07-14 18:07:46,675 - usps - DEBUG - Objective: 1377.5811
2016-07-14 18:07:47,977 - usps - DEBUG - Objective: 1376.7216
2016-07-14 18:07:48,996 - usps - DEBUG - Objective: 1377.3842
2016-07-14 18:07:50,011 - usps - DEBUG - Objective: 1378.2516
2016-07-14 18:07:51,023 - usps - DEBUG - Objective: 1377.6516
2016-07-14 18:07:52,049 - usps - DEBUG - Objective: 1377.2908
2016-07-14 18:07:53,065 - usps - DEBUG - Objective: 1377.0125
2016-07-14 18:07:54,094 - usps - DEBUG - Objective: 1377.1532
2016-07-14 18:07:54,524 - usps - DEBUG - Objective: 1377.8458
2016-07-14 18:07:55,568 - usps - INFO - Optimizing: hyp
2016-07-14 18:07:57,496 - usps - DEBUG - Objective: 1376.6570
2016-07-14 18:07:59,649 - usps - DEBUG - Objective: 5110.5656
2016-07-14 18:08:02,057 - usps - DEBUG - Objective: 1365.1450
2016-07-14 18:08:04,418 - usps - DEBUG - Objective: 1362.4321
2016-07-14 18:08:06,827 - usps - DEBUG - Objective: 1360.5000
2016-07-14 18:08:09,225 - usps - DEBUG - Objective: 1351.5218
2016-07-14 18:08:11,632 - usps - DEBUG - Objective: 1352.1975
2016-07-14 18:08:14,049 - usps - DEBUG - Objective: 1348.9654
2016-07-14 18:08:16,456 - usps - DEBUG - Objective: 1348.9141
2016-07-14 18:08:18,594 - usps - DEBUG - Objective: 1348.7441
2016-07-14 18:08:20,767 - usps - DEBUG - Objective: 1347.8477
2016-07-14 18:08:22,957 - usps - DEBUG - Objective: 1349.3647
2016-07-14 18:08:25,102 - usps - DEBUG - Objective: 1348.7749
2016-07-14 18:08:25,529 - usps - DEBUG - Objective: 1348.0886
2016-07-14 18:08:25,956 - usps - DEBUG - Objective: 1348.1557
2016-07-14 18:08:26,405 - usps - DEBUG - Objective difference: 63.386292
2016-07-14 18:08:26,406 - usps - INFO - Mean difference: 0.246403
2016-07-14 18:08:26,406 - usps - INFO - Covariance difference: 0.004342
2016-07-14 18:08:26,406 - usps - INFO - Iteration 6 started.
2016-07-14 18:08:26,406 - usps - INFO - Optimizing: mog
2016-07-14 18:08:27,468 - usps - DEBUG - Objective: 1348.7743
2016-07-14 18:08:28,714 - usps - DEBUG - Objective: 1343.7328
2016-07-14 18:08:29,954 - usps - DEBUG - Objective: 1339.7309
2016-07-14 18:08:31,198 - usps - DEBUG - Objective: 1338.1035
2016-07-14 18:08:32,461 - usps - DEBUG - Objective: 1336.7016
2016-07-14 18:08:33,725 - usps - DEBUG - Objective: 1335.7781
2016-07-14 18:08:34,987 - usps - DEBUG - Objective: 1335.5694
2016-07-14 18:08:36,258 - usps - DEBUG - Objective: 1334.4962
2016-07-14 18:08:37,549 - usps - DEBUG - Objective: 1334.1974
2016-07-14 18:08:38,837 - usps - DEBUG - Objective: 1332.8164
2016-07-14 18:08:40,122 - usps - DEBUG - Objective: 1331.1574
2016-07-14 18:08:41,412 - usps - DEBUG - Objective: 1330.0456
2016-07-14 18:08:42,714 - usps - DEBUG - Objective: 1328.9551
2016-07-14 18:08:44,015 - usps - DEBUG - Objective: 1328.1390
2016-07-14 18:08:45,315 - usps - DEBUG - Objective: 1326.8205
2016-07-14 18:08:46,613 - usps - DEBUG - Objective: 1325.3400
2016-07-14 18:08:47,933 - usps - DEBUG - Objective: 1324.6901
2016-07-14 18:08:49,229 - usps - DEBUG - Objective: 1324.4615
2016-07-14 18:08:50,256 - usps - DEBUG - Objective: 1324.8802
2016-07-14 18:08:51,364 - usps - DEBUG - Objective: 1323.9627
2016-07-14 18:08:52,658 - usps - DEBUG - Objective: 1323.1302
2016-07-14 18:08:53,883 - usps - DEBUG - Objective: 1323.7953
2016-07-14 18:08:54,903 - usps - DEBUG - Objective: 1323.5284
2016-07-14 18:08:55,915 - usps - DEBUG - Objective: 1323.9732
2016-07-14 18:08:56,927 - usps - DEBUG - Objective: 1324.1456
2016-07-14 18:08:57,938 - usps - DEBUG - Objective: 1324.2515
2016-07-14 18:08:58,756 - usps - INFO - Optimizing: hyp
2016-07-14 18:09:00,682 - usps - DEBUG - Objective: 1324.3740
2016-07-14 18:09:02,871 - usps - DEBUG - Objective: 5404.2945
2016-07-14 18:09:05,272 - usps - DEBUG - Objective: 1317.6581
2016-07-14 18:09:07,677 - usps - DEBUG - Objective: 1314.5231
2016-07-14 18:09:10,067 - usps - DEBUG - Objective: 1314.3549
2016-07-14 18:09:12,420 - usps - DEBUG - Objective: 1312.4256
2016-07-14 18:09:14,809 - usps - DEBUG - Objective: 1306.2754
2016-07-14 18:09:16,993 - usps - DEBUG - Objective: 1307.7145
2016-07-14 18:09:19,353 - usps - DEBUG - Objective: 1304.6045
2016-07-14 18:09:21,746 - usps - DEBUG - Objective: 1303.4878
2016-07-14 18:09:24,145 - usps - DEBUG - Objective: 1304.0280
2016-07-14 18:09:26,335 - usps - DEBUG - Objective: 1304.3988
2016-07-14 18:09:28,519 - usps - DEBUG - Objective: 1304.1528
2016-07-14 18:09:30,659 - usps - DEBUG - Objective: 1303.8758
2016-07-14 18:09:33,054 - usps - DEBUG - Objective: 1304.1474
2016-07-14 18:09:35,245 - usps - DEBUG - Objective: 1303.7957
2016-07-14 18:09:37,626 - usps - DEBUG - Objective: 1304.6533
2016-07-14 18:09:39,815 - usps - DEBUG - Objective: 1303.8304
2016-07-14 18:09:42,012 - usps - DEBUG - Objective: 1303.8494
2016-07-14 18:09:42,457 - usps - DEBUG - Objective difference: 44.470154
2016-07-14 18:09:42,458 - usps - INFO - Mean difference: 0.220822
2016-07-14 18:09:42,458 - usps - INFO - Covariance difference: 0.004101
2016-07-14 18:09:42,458 - usps - INFO - Iteration 7 started.
2016-07-14 18:09:42,458 - usps - INFO - Optimizing: mog
2016-07-14 18:09:43,522 - usps - DEBUG - Objective: 1304.3165
2016-07-14 18:09:44,769 - usps - DEBUG - Objective: 1300.7034
2016-07-14 18:09:46,011 - usps - DEBUG - Objective: 1298.1582
2016-07-14 18:09:47,264 - usps - DEBUG - Objective: 1297.4888
2016-07-14 18:09:48,524 - usps - DEBUG - Objective: 1296.5981
2016-07-14 18:09:49,804 - usps - DEBUG - Objective: 1295.1238
2016-07-14 18:09:50,854 - usps - DEBUG - Objective: 1295.1374
2016-07-14 18:09:52,131 - usps - DEBUG - Objective: 1294.3562
2016-07-14 18:09:53,190 - usps - DEBUG - Objective: 1294.7206
2016-07-14 18:09:54,413 - usps - DEBUG - Objective: 1294.3924
2016-07-14 18:09:55,688 - usps - DEBUG - Objective: 1293.9845
2016-07-14 18:09:56,985 - usps - DEBUG - Objective: 1294.1951
2016-07-14 18:09:58,276 - usps - DEBUG - Objective: 1292.7825
2016-07-14 18:09:59,300 - usps - DEBUG - Objective: 1293.7400
2016-07-14 18:10:00,312 - usps - DEBUG - Objective: 1294.2109
2016-07-14 18:10:01,394 - usps - DEBUG - Objective: 1293.0385
2016-07-14 18:10:02,690 - usps - DEBUG - Objective: 1292.3438
2016-07-14 18:10:03,774 - usps - DEBUG - Objective: 1291.8082
2016-07-14 18:10:05,073 - usps - DEBUG - Objective: 1290.5808
2016-07-14 18:10:06,365 - usps - DEBUG - Objective: 1290.0887
2016-07-14 18:10:07,657 - usps - DEBUG - Objective: 1289.5794
2016-07-14 18:10:08,954 - usps - DEBUG - Objective: 1288.4746
2016-07-14 18:10:10,032 - usps - DEBUG - Objective: 1288.0985
2016-07-14 18:10:11,324 - usps - DEBUG - Objective: 1286.9447
2016-07-14 18:10:12,621 - usps - DEBUG - Objective: 1286.6980
2016-07-14 18:10:13,914 - usps - DEBUG - Objective: 1286.1693
2016-07-14 18:10:14,216 - usps - INFO - Optimizing: hyp
2016-07-14 18:10:16,105 - usps - DEBUG - Objective: 1286.2249
2016-07-14 18:10:18,283 - usps - DEBUG - Objective: 5501.3067
2016-07-14 18:10:20,677 - usps - DEBUG - Objective: 1282.3366
2016-07-14 18:10:23,060 - usps - DEBUG - Objective: 1279.6423
2016-07-14 18:10:25,239 - usps - DEBUG - Objective: 1280.1992
2016-07-14 18:10:27,620 - usps - DEBUG - Objective: 1280.3268
2016-07-14 18:10:29,769 - usps - DEBUG - Objective: 1280.8835
2016-07-14 18:10:31,963 - usps - DEBUG - Objective: 1279.8569
2016-07-14 18:10:32,406 - usps - DEBUG - Objective difference: 24.381744
2016-07-14 18:10:32,406 - usps - INFO - Mean difference: 0.199890
2016-07-14 18:10:32,406 - usps - INFO - Covariance difference: 0.003815
2016-07-14 18:10:32,406 - usps - INFO - Iteration 8 started.
2016-07-14 18:10:32,406 - usps - INFO - Optimizing: mog
2016-07-14 18:10:33,444 - usps - DEBUG - Objective: 1280.2086
2016-07-14 18:10:34,475 - usps - DEBUG - Objective: 1280.8152
2016-07-14 18:10:35,710 - usps - DEBUG - Objective: 1278.4908
2016-07-14 18:10:36,961 - usps - DEBUG - Objective: 1277.0413
2016-07-14 18:10:38,221 - usps - DEBUG - Objective: 1276.0391
2016-07-14 18:10:39,294 - usps - DEBUG - Objective: 1276.7462
2016-07-14 18:10:40,567 - usps - DEBUG - Objective: 1274.9903
2016-07-14 18:10:41,653 - usps - DEBUG - Objective: 1274.9786
2016-07-14 18:10:42,715 - usps - DEBUG - Objective: 1275.2009
2016-07-14 18:10:43,776 - usps - DEBUG - Objective: 1275.1564
2016-07-14 18:10:45,008 - usps - DEBUG - Objective: 1275.2800
2016-07-14 18:10:46,029 - usps - DEBUG - Objective: 1275.1868
2016-07-14 18:10:47,052 - usps - DEBUG - Objective: 1275.3991
2016-07-14 18:10:48,282 - usps - DEBUG - Objective: 1275.9999
2016-07-14 18:10:49,305 - usps - DEBUG - Objective: 1275.6468
2016-07-14 18:10:49,736 - usps - DEBUG - Objective: 1276.4617
2016-07-14 18:10:50,557 - usps - INFO - Optimizing: hyp
2016-07-14 18:10:52,491 - usps - DEBUG - Objective: 1275.2539
2016-07-14 18:10:54,678 - usps - DEBUG - Objective: 5779.3127
2016-07-14 18:10:57,032 - usps - DEBUG - Objective: 1274.3649
2016-07-14 18:10:59,431 - usps - DEBUG - Objective: 1270.7079
2016-07-14 18:11:01,826 - usps - DEBUG - Objective: 1271.6356
2016-07-14 18:11:04,225 - usps - DEBUG - Objective: 1269.9899
2016-07-14 18:11:06,642 - usps - DEBUG - Objective: 1266.4109
2016-07-14 18:11:08,796 - usps - DEBUG - Objective: 1268.4490
2016-07-14 18:11:11,152 - usps - DEBUG - Objective: 1264.9069
2016-07-14 18:11:13,551 - usps - DEBUG - Objective: 1265.1564
2016-07-14 18:11:15,733 - usps - DEBUG - Objective: 1265.1579
2016-07-14 18:11:17,873 - usps - DEBUG - Objective: 1265.0448
2016-07-14 18:11:20,265 - usps - DEBUG - Objective: 1265.6143
2016-07-14 18:11:20,685 - usps - DEBUG - Objective: 1264.8151
2016-07-14 18:11:23,038 - usps - DEBUG - Objective: 1264.9735
2016-07-14 18:11:25,223 - usps - DEBUG - Objective: 1265.2957
2016-07-14 18:11:27,617 - usps - DEBUG - Objective: 1264.5696
2016-07-14 18:11:29,789 - usps - DEBUG - Objective: 1265.7729
2016-07-14 18:11:31,964 - usps - DEBUG - Objective: 1264.9339
2016-07-14 18:11:34,160 - usps - DEBUG - Objective: 1264.5220
2016-07-14 18:11:36,321 - usps - DEBUG - Objective: 1265.4358
2016-07-14 18:11:36,744 - usps - DEBUG - Objective: 1264.3656
2016-07-14 18:11:39,137 - usps - DEBUG - Objective difference: 15.131485
2016-07-14 18:11:39,137 - usps - INFO - Mean difference: 0.011550
2016-07-14 18:11:39,138 - usps - INFO - Covariance difference: 0.000594
2016-07-14 18:11:39,138 - usps - INFO - Iteration 9 started.
2016-07-14 18:11:39,138 - usps - INFO - Optimizing: mog
2016-07-14 18:11:40,175 - usps - DEBUG - Objective: 1264.7590
2016-07-14 18:11:41,203 - usps - DEBUG - Objective: 1266.3821
2016-07-14 18:11:42,435 - usps - DEBUG - Objective: 1263.5455
2016-07-14 18:11:43,682 - usps - DEBUG - Objective: 1262.2314
2016-07-14 18:11:44,933 - usps - DEBUG - Objective: 1261.2777
2016-07-14 18:11:46,193 - usps - DEBUG - Objective: 1261.2892
2016-07-14 18:11:47,458 - usps - DEBUG - Objective: 1260.0612
2016-07-14 18:11:48,689 - usps - DEBUG - Objective: 1259.8121
2016-07-14 18:11:49,970 - usps - DEBUG - Objective: 1259.5836
2016-07-14 18:11:51,204 - usps - DEBUG - Objective: 1259.4560
2016-07-14 18:11:52,222 - usps - DEBUG - Objective: 1259.9175
2016-07-14 18:11:53,241 - usps - DEBUG - Objective: 1260.3059
2016-07-14 18:11:54,259 - usps - DEBUG - Objective: 1260.8316
2016-07-14 18:11:55,280 - usps - DEBUG - Objective: 1259.7656
2016-07-14 18:11:55,710 - usps - DEBUG - Objective: 1259.5070
2016-07-14 18:11:56,974 - usps - DEBUG - Objective: 1259.2723
2016-07-14 18:11:58,245 - usps - DEBUG - Objective: 1259.5918
2016-07-14 18:11:59,532 - usps - DEBUG - Objective: 1258.0627
2016-07-14 18:12:00,604 - usps - DEBUG - Objective: 1258.9510
2016-07-14 18:12:01,623 - usps - DEBUG - Objective: 1258.5685
2016-07-14 18:12:02,927 - usps - DEBUG - Objective: 1257.8466
2016-07-14 18:12:04,159 - usps - DEBUG - Objective: 1258.5534
2016-07-14 18:12:05,176 - usps - DEBUG - Objective: 1258.1112
2016-07-14 18:12:06,408 - usps - DEBUG - Objective: 1258.6447
2016-07-14 18:12:07,426 - usps - DEBUG - Objective: 1258.4680
2016-07-14 18:12:08,651 - usps - DEBUG - Objective: 1258.7041
2016-07-14 18:12:08,889 - usps - INFO - Optimizing: hyp
2016-07-14 18:12:10,767 - usps - DEBUG - Objective: 1259.1126
2016-07-14 18:12:12,931 - usps - DEBUG - Objective: 4435.6824
2016-07-14 18:12:15,308 - usps - DEBUG - Objective: 1256.2375
2016-07-14 18:12:17,682 - usps - DEBUG - Objective: 1255.8473
2016-07-14 18:12:20,049 - usps - DEBUG - Objective: 1255.3122
2016-07-14 18:12:22,387 - usps - DEBUG - Objective: 1255.2810
2016-07-14 18:12:24,555 - usps - DEBUG - Objective: 1255.4630
2016-07-14 18:12:26,925 - usps - DEBUG - Objective: 1256.2633
2016-07-14 18:12:29,082 - usps - DEBUG - Objective: 1255.9068
2016-07-14 18:12:31,216 - usps - DEBUG - Objective: 1255.3040
2016-07-14 18:12:33,377 - usps - DEBUG - Objective: 1255.7046
2016-07-14 18:12:35,751 - usps - DEBUG - Objective: 1256.0179
2016-07-14 18:12:36,186 - usps - DEBUG - Objective difference: 8.967102
2016-07-14 18:12:36,186 - usps - INFO - Mean difference: 0.020405
2016-07-14 18:12:36,186 - usps - INFO - Covariance difference: 0.001090
2016-07-14 18:12:36,186 - usps - INFO - Iteration 10 started.
2016-07-14 18:12:36,186 - usps - INFO - Optimizing: mog
2016-07-14 18:12:37,219 - usps - DEBUG - Objective: 1255.2148
2016-07-14 18:12:38,460 - usps - DEBUG - Objective: 1255.1922
2016-07-14 18:12:39,708 - usps - DEBUG - Objective: 1253.5532
2016-07-14 18:12:40,956 - usps - DEBUG - Objective: 1253.1089
2016-07-14 18:12:42,205 - usps - DEBUG - Objective: 1253.6190
2016-07-14 18:12:43,426 - usps - DEBUG - Objective: 1253.4528
2016-07-14 18:12:44,442 - usps - DEBUG - Objective: 1253.5751
2016-07-14 18:12:45,667 - usps - DEBUG - Objective: 1253.6680
2016-07-14 18:12:46,688 - usps - DEBUG - Objective: 1254.4790
2016-07-14 18:12:47,114 - usps - DEBUG - Objective: 1253.3401
2016-07-14 18:12:47,935 - usps - INFO - Optimizing: hyp
2016-07-14 18:12:49,820 - usps - DEBUG - Objective: 1253.2489
2016-07-14 18:12:51,993 - usps - DEBUG - Objective: 6156.5197
2016-07-14 18:12:54,169 - usps - DEBUG - Objective: 1256.4732
2016-07-14 18:12:56,562 - usps - DEBUG - Objective: 1253.4648
2016-07-14 18:12:58,742 - usps - DEBUG - Objective: 1253.6718
2016-07-14 18:13:00,883 - usps - DEBUG - Objective: 1253.8267
2016-07-14 18:13:03,059 - usps - DEBUG - Objective: 1253.7525
2016-07-14 18:13:05,236 - usps - DEBUG - Objective: 1253.4977
2016-07-14 18:13:07,405 - usps - DEBUG - Objective: 1254.3897
2016-07-14 18:13:07,828 - usps - DEBUG - Objective: 1253.8480
2016-07-14 18:13:09,994 - usps - DEBUG - Objective difference: 2.157288
2016-07-14 18:13:09,994 - usps - INFO - Mean difference: 0.005799
2016-07-14 18:13:09,994 - usps - INFO - Covariance difference: 0.000386
2016-07-14 18:13:09,994 - usps - INFO - Iteration 11 started.
2016-07-14 18:13:09,994 - usps - INFO - Optimizing: mog
2016-07-14 18:13:11,038 - usps - DEBUG - Objective: 1253.0591
2016-07-14 18:13:12,063 - usps - DEBUG - Objective: 1268.8278
2016-07-14 18:13:13,306 - usps - DEBUG - Objective: 1252.9557
2016-07-14 18:13:14,552 - usps - DEBUG - Objective: 1252.3323
2016-07-14 18:13:15,593 - usps - DEBUG - Objective: 1251.6873
2016-07-14 18:13:16,854 - usps - DEBUG - Objective: 1251.8206
2016-07-14 18:13:18,126 - usps - DEBUG - Objective: 1250.2006
2016-07-14 18:13:19,422 - usps - DEBUG - Objective: 1249.6287
2016-07-14 18:13:20,704 - usps - DEBUG - Objective: 1249.8608
2016-07-14 18:13:21,979 - usps - DEBUG - Objective: 1250.2802
2016-07-14 18:13:22,999 - usps - DEBUG - Objective: 1249.6738
2016-07-14 18:13:24,227 - usps - DEBUG - Objective: 1249.7845
2016-07-14 18:13:25,451 - usps - DEBUG - Objective: 1249.8524
2016-07-14 18:13:26,707 - usps - DEBUG - Objective: 1250.2419
2016-07-14 18:13:27,990 - usps - DEBUG - Objective: 1249.9324
2016-07-14 18:13:29,003 - usps - DEBUG - Objective: 1250.5251
2016-07-14 18:13:30,241 - usps - DEBUG - Objective: 1249.6306
2016-07-14 18:13:31,478 - usps - DEBUG - Objective: 1249.6172
2016-07-14 18:13:32,713 - usps - DEBUG - Objective: 1249.9305
2016-07-14 18:13:33,145 - usps - DEBUG - Objective: 1249.7761
2016-07-14 18:13:33,386 - usps - INFO - Optimizing: hyp
2016-07-14 18:13:35,324 - usps - DEBUG - Objective: 1249.4154
2016-07-14 18:13:37,466 - usps - DEBUG - Objective: 5037.2009
2016-07-14 18:13:39,810 - usps - DEBUG - Objective: 1248.4435
2016-07-14 18:13:42,198 - usps - DEBUG - Objective: 1247.2753
2016-07-14 18:13:44,338 - usps - DEBUG - Objective: 1247.9203
2016-07-14 18:13:46,523 - usps - DEBUG - Objective: 1247.8808
2016-07-14 18:13:48,660 - usps - DEBUG - Objective: 1247.9296
2016-07-14 18:13:51,040 - usps - DEBUG - Objective: 1248.1936
2016-07-14 18:13:51,455 - usps - DEBUG - Objective: 1247.7065
2016-07-14 18:13:51,872 - usps - DEBUG - Objective: 1248.0450
2016-07-14 18:13:52,312 - usps - DEBUG - Objective difference: 5.492996
2016-07-14 18:13:52,312 - usps - INFO - Mean difference: 0.016231
2016-07-14 18:13:52,312 - usps - INFO - Covariance difference: 0.000904
2016-07-14 18:13:52,312 - usps - INFO - Iteration 12 started.
2016-07-14 18:13:52,312 - usps - INFO - Optimizing: mog
2016-07-14 18:13:53,356 - usps - DEBUG - Objective: 1248.3315
2016-07-14 18:13:54,601 - usps - DEBUG - Objective: 1248.8507
2016-07-14 18:13:55,838 - usps - DEBUG - Objective: 1247.0505
2016-07-14 18:13:57,083 - usps - DEBUG - Objective: 1245.8750
2016-07-14 18:13:58,339 - usps - DEBUG - Objective: 1244.9724
2016-07-14 18:13:59,596 - usps - DEBUG - Objective: 1244.3772
2016-07-14 18:14:00,857 - usps - DEBUG - Objective: 1244.8178
2016-07-14 18:14:01,916 - usps - DEBUG - Objective: 1243.9539
2016-07-14 18:14:03,189 - usps - DEBUG - Objective: 1243.2066
2016-07-14 18:14:04,470 - usps - DEBUG - Objective: 1242.9632
2016-07-14 18:14:05,754 - usps - DEBUG - Objective: 1242.9526
2016-07-14 18:14:06,834 - usps - DEBUG - Objective: 1242.7055
2016-07-14 18:14:07,913 - usps - DEBUG - Objective: 1242.0743
2016-07-14 18:14:09,134 - usps - DEBUG - Objective: 1242.3835
2016-07-14 18:14:10,426 - usps - DEBUG - Objective: 1242.3780
2016-07-14 18:14:11,512 - usps - DEBUG - Objective: 1241.4622
2016-07-14 18:14:12,529 - usps - DEBUG - Objective: 1241.7527
2016-07-14 18:14:13,611 - usps - DEBUG - Objective: 1241.5837
2016-07-14 18:14:14,699 - usps - DEBUG - Objective: 1241.9050
2016-07-14 18:14:15,931 - usps - DEBUG - Objective: 1241.2243
2016-07-14 18:14:17,162 - usps - DEBUG - Objective: 1242.4394
2016-07-14 18:14:18,396 - usps - DEBUG - Objective: 1242.3073
2016-07-14 18:14:19,418 - usps - DEBUG - Objective: 1241.4754
2016-07-14 18:14:20,428 - usps - DEBUG - Objective: 1241.9992
2016-07-14 18:14:20,666 - usps - INFO - Optimizing: hyp
2016-07-14 18:14:22,570 - usps - DEBUG - Objective: 1241.7069
2016-07-14 18:14:24,744 - usps - DEBUG - Objective: 5507.7204
2016-07-14 18:14:27,101 - usps - DEBUG - Objective: 1240.8254
2016-07-14 18:14:29,498 - usps - DEBUG - Objective: 1239.6883
2016-07-14 18:14:31,681 - usps - DEBUG - Objective: 1239.3618
2016-07-14 18:14:34,061 - usps - DEBUG - Objective: 1239.2997
2016-07-14 18:14:36,242 - usps - DEBUG - Objective: 1243.3134
2016-07-14 18:14:38,588 - usps - DEBUG - Objective: 1238.8743
2016-07-14 18:14:40,933 - usps - DEBUG - Objective: 1237.7632
2016-07-14 18:14:43,101 - usps - DEBUG - Objective: 1237.2328
2016-07-14 18:14:45,262 - usps - DEBUG - Objective: 1237.6115
2016-07-14 18:14:47,428 - usps - DEBUG - Objective: 1238.2749
2016-07-14 18:14:49,627 - usps - DEBUG - Objective: 1237.3730
2016-07-14 18:14:51,793 - usps - DEBUG - Objective: 1237.8345
2016-07-14 18:14:53,927 - usps - DEBUG - Objective: 1237.1229
2016-07-14 18:14:56,324 - usps - DEBUG - Objective: 1237.4109
2016-07-14 18:14:58,503 - usps - DEBUG - Objective: 1237.4397
2016-07-14 18:15:00,842 - usps - DEBUG - Objective: 1237.6482
2016-07-14 18:15:01,260 - usps - DEBUG - Objective: 1237.8786
2016-07-14 18:15:01,695 - usps - DEBUG - Objective difference: 11.197800
2016-07-14 18:15:01,695 - usps - INFO - Mean difference: 0.037979
2016-07-14 18:15:01,695 - usps - INFO - Covariance difference: 0.001783
2016-07-14 18:15:01,695 - usps - INFO - Iteration 13 started.
2016-07-14 18:15:01,695 - usps - INFO - Optimizing: mog
2016-07-14 18:15:02,723 - usps - DEBUG - Objective: 1237.4745
2016-07-14 18:15:03,753 - usps - DEBUG - Objective: 1246.8363
2016-07-14 18:15:04,981 - usps - DEBUG - Objective: 1237.2220
2016-07-14 18:15:06,017 - usps - DEBUG - Objective: 1238.1828
2016-07-14 18:15:07,045 - usps - DEBUG - Objective: 1236.9494
2016-07-14 18:15:08,297 - usps - DEBUG - Objective: 1236.0023
2016-07-14 18:15:09,549 - usps - DEBUG - Objective: 1235.7113
2016-07-14 18:15:10,596 - usps - DEBUG - Objective: 1235.4351
2016-07-14 18:15:11,643 - usps - DEBUG - Objective: 1235.6156
2016-07-14 18:15:12,654 - usps - DEBUG - Objective: 1235.6090
2016-07-14 18:15:13,678 - usps - DEBUG - Objective: 1235.1895
2016-07-14 18:15:14,687 - usps - DEBUG - Objective: 1235.6403
2016-07-14 18:15:15,698 - usps - DEBUG - Objective: 1235.4619
2016-07-14 18:15:16,735 - usps - DEBUG - Objective: 1235.3226
2016-07-14 18:15:17,791 - usps - DEBUG - Objective: 1235.3002
2016-07-14 18:15:18,813 - usps - DEBUG - Objective: 1235.7526
2016-07-14 18:15:20,036 - usps - DEBUG - Objective: 1235.2194
2016-07-14 18:15:21,277 - usps - DEBUG - Objective: 1235.4730
2016-07-14 18:15:22,503 - usps - DEBUG - Objective: 1235.2702
2016-07-14 18:15:23,760 - usps - DEBUG - Objective: 1235.7592
2016-07-14 18:15:25,010 - usps - DEBUG - Objective: 1236.1198
2016-07-14 18:15:26,022 - usps - DEBUG - Objective: 1234.5660
2016-07-14 18:15:27,044 - usps - DEBUG - Objective: 1235.1425
2016-07-14 18:15:28,054 - usps - DEBUG - Objective: 1235.2906
2016-07-14 18:15:28,480 - usps - DEBUG - Objective: 1235.8497
2016-07-14 18:15:29,304 - usps - INFO - Optimizing: hyp
2016-07-14 18:15:31,231 - usps - DEBUG - Objective: 1234.9666
2016-07-14 18:15:33,367 - usps - DEBUG - Objective: 5960.0505
2016-07-14 18:15:35,537 - usps - DEBUG - Objective: 1235.9935
2016-07-14 18:15:37,946 - usps - DEBUG - Objective: 1234.7053
2016-07-14 18:15:40,090 - usps - DEBUG - Objective: 1234.7267
2016-07-14 18:15:42,273 - usps - DEBUG - Objective: 1234.7010
2016-07-14 18:15:44,408 - usps - DEBUG - Objective: 1234.8935
2016-07-14 18:15:46,794 - usps - DEBUG - Objective: 1234.5740
2016-07-14 18:15:48,971 - usps - DEBUG - Objective: 1234.7263
2016-07-14 18:15:51,350 - usps - DEBUG - Objective difference: 2.060425
2016-07-14 18:15:51,351 - usps - INFO - Mean difference: 0.007565
2016-07-14 18:15:51,351 - usps - INFO - Covariance difference: 0.000581
2016-07-14 18:15:51,351 - usps - INFO - Iteration 14 started.
2016-07-14 18:15:51,351 - usps - INFO - Optimizing: mog
2016-07-14 18:15:52,410 - usps - DEBUG - Objective: 1234.7336
2016-07-14 18:15:53,444 - usps - DEBUG - Objective: 1256.6952
2016-07-14 18:15:54,678 - usps - DEBUG - Objective: 1234.1712
2016-07-14 18:15:55,926 - usps - DEBUG - Objective: 1233.7867
2016-07-14 18:15:56,964 - usps - DEBUG - Objective: 1233.6292
2016-07-14 18:15:58,221 - usps - DEBUG - Objective: 1232.7711
2016-07-14 18:15:59,237 - usps - DEBUG - Objective: 1233.4963
2016-07-14 18:16:00,498 - usps - DEBUG - Objective: 1232.3546
2016-07-14 18:16:01,771 - usps - DEBUG - Objective: 1232.3020
2016-07-14 18:16:03,051 - usps - DEBUG - Objective: 1232.2529
2016-07-14 18:16:04,068 - usps - DEBUG - Objective: 1232.5044
2016-07-14 18:16:05,090 - usps - DEBUG - Objective: 1233.1419
2016-07-14 18:16:06,119 - usps - DEBUG - Objective: 1233.0007
2016-07-14 18:16:07,161 - usps - DEBUG - Objective: 1232.8987
2016-07-14 18:16:08,179 - usps - DEBUG - Objective: 1232.6184
2016-07-14 18:16:09,194 - usps - DEBUG - Objective: 1232.6229
2016-07-14 18:16:10,213 - usps - DEBUG - Objective: 1232.7221
2016-07-14 18:16:11,036 - usps - INFO - Optimizing: hyp
2016-07-14 18:16:12,956 - usps - DEBUG - Objective: 1232.5102
2016-07-14 18:16:15,134 - usps - DEBUG - Objective: 5626.1077
2016-07-14 18:16:17,270 - usps - DEBUG - Objective: 1231.7275
2016-07-14 18:16:19,663 - usps - DEBUG - Objective: 1231.1281
2016-07-14 18:16:21,831 - usps - DEBUG - Objective: 1231.2985
2016-07-14 18:16:24,005 - usps - DEBUG - Objective: 1231.4798
2016-07-14 18:16:26,399 - usps - DEBUG - Objective: 1231.4401
2016-07-14 18:16:28,528 - usps - DEBUG - Objective: 1232.2885
2016-07-14 18:16:30,717 - usps - DEBUG - Objective: 1231.6816
2016-07-14 18:16:32,899 - usps - DEBUG - Objective: 1231.0582
2016-07-14 18:16:35,038 - usps - DEBUG - Objective: 1230.5636
2016-07-14 18:16:37,249 - usps - DEBUG - Objective difference: 3.336960
2016-07-14 18:16:37,249 - usps - INFO - Mean difference: 0.012228
2016-07-14 18:16:37,249 - usps - INFO - Covariance difference: 0.000730
2016-07-14 18:16:37,249 - usps - INFO - Iteration 15 started.
2016-07-14 18:16:37,249 - usps - INFO - Optimizing: mog
2016-07-14 18:16:38,306 - usps - DEBUG - Objective: 1231.7263
2016-07-14 18:16:39,333 - usps - DEBUG - Objective: 1243.0087
2016-07-14 18:16:40,567 - usps - DEBUG - Objective: 1231.1893
2016-07-14 18:16:41,593 - usps - DEBUG - Objective: 1230.5953
2016-07-14 18:16:42,612 - usps - DEBUG - Objective: 1231.3447
2016-07-14 18:16:43,627 - usps - DEBUG - Objective: 1231.6195
2016-07-14 18:16:44,718 - usps - DEBUG - Objective: 1231.1996
2016-07-14 18:16:45,736 - usps - DEBUG - Objective: 1231.4825
2016-07-14 18:16:46,754 - usps - DEBUG - Objective: 1230.8942
2016-07-14 18:16:46,982 - usps - INFO - Optimizing: hyp
2016-07-14 18:16:48,897 - usps - DEBUG - Objective: 1231.0072
2016-07-14 18:16:51,037 - usps - DEBUG - Objective: 9981.1697
2016-07-14 18:16:53,209 - usps - DEBUG - Objective: 1255.9732
2016-07-14 18:16:55,379 - usps - DEBUG - Objective: 1231.2828
2016-07-14 18:16:57,558 - usps - DEBUG - Objective: 1231.0210
2016-07-14 18:16:59,758 - usps - DEBUG - Objective: 1231.4592
2016-07-14 18:17:02,179 - usps - DEBUG - Objective: 1231.1491
2016-07-14 18:17:04,576 - usps - DEBUG - Objective: 1230.4687
2016-07-14 18:17:06,955 - usps - DEBUG - Objective: 1230.7126
2016-07-14 18:17:09,138 - usps - DEBUG - Objective: 1230.6186
2016-07-14 18:17:11,324 - usps - DEBUG - Objective: 1231.5885
2016-07-14 18:17:11,745 - usps - DEBUG - Objective: 1231.6680
2016-07-14 18:17:12,189 - usps - DEBUG - Objective difference: 1.238602
2016-07-14 18:17:12,189 - usps - INFO - Mean difference: 0.001082
2016-07-14 18:17:12,189 - usps - INFO - Covariance difference: 0.000069
2016-07-14 18:17:12,189 - usps - INFO - Iteration 16 started.
2016-07-14 18:17:12,189 - usps - INFO - Optimizing: mog
2016-07-14 18:17:13,232 - usps - DEBUG - Objective: 1230.7312
2016-07-14 18:17:14,264 - usps - DEBUG - Objective: 1260.8701
2016-07-14 18:17:15,499 - usps - DEBUG - Objective: 1230.9504
2016-07-14 18:17:16,525 - usps - DEBUG - Objective: 1230.5777
2016-07-14 18:17:17,775 - usps - DEBUG - Objective: 1230.9707
2016-07-14 18:17:18,793 - usps - DEBUG - Objective: 1231.0661
2016-07-14 18:17:20,046 - usps - DEBUG - Objective: 1230.2773
2016-07-14 18:17:21,304 - usps - DEBUG - Objective: 1229.6498
2016-07-14 18:17:22,575 - usps - DEBUG - Objective: 1229.5154
2016-07-14 18:17:23,592 - usps - DEBUG - Objective: 1229.7179
2016-07-14 18:17:24,818 - usps - DEBUG - Objective: 1229.8893
2016-07-14 18:17:25,835 - usps - DEBUG - Objective: 1228.9104
2016-07-14 18:17:26,870 - usps - INFO - Optimizing: hyp
2016-07-14 18:17:28,792 - usps - DEBUG - Objective: 1229.8854
2016-07-14 18:17:30,936 - usps - DEBUG - Objective: 6138.6437
2016-07-14 18:17:33,115 - usps - DEBUG - Objective: 1230.7164
2016-07-14 18:17:35,457 - usps - DEBUG - Objective: 1229.2424
2016-07-14 18:17:37,645 - usps - DEBUG - Objective: 1228.9412
2016-07-14 18:17:39,783 - usps - DEBUG - Objective: 1229.6058
2016-07-14 18:17:42,181 - usps - DEBUG - Objective: 1229.2284
2016-07-14 18:17:44,585 - usps - DEBUG - Objective: 1229.3096
2016-07-14 18:17:46,725 - usps - DEBUG - Objective: 1229.1363
2016-07-14 18:17:47,147 - usps - DEBUG - Objective: 1229.0032
2016-07-14 18:17:47,571 - usps - DEBUG - Objective: 1229.6024
2016-07-14 18:17:49,743 - usps - DEBUG - Objective: 1229.1992
2016-07-14 18:17:51,921 - usps - DEBUG - Objective: 1229.1160
2016-07-14 18:17:54,101 - usps - DEBUG - Objective: 1229.5118
2016-07-14 18:17:56,479 - usps - DEBUG - Objective: 1229.6503
2016-07-14 18:17:58,820 - usps - DEBUG - Objective: 1229.2310
2016-07-14 18:17:59,243 - usps - DEBUG - Objective: 1229.4736
2016-07-14 18:17:59,687 - usps - DEBUG - Objective difference: 1.164185
2016-07-14 18:17:59,688 - usps - INFO - Mean difference: 0.007642
2016-07-14 18:17:59,688 - usps - INFO - Covariance difference: 0.000455
2016-07-14 18:17:59,688 - usps - INFO - Iteration 17 started.
2016-07-14 18:17:59,688 - usps - INFO - Optimizing: mog
2016-07-14 18:18:00,747 - usps - DEBUG - Objective: 1228.9786
2016-07-14 18:18:01,780 - usps - DEBUG - Objective: 1247.5152
2016-07-14 18:18:03,014 - usps - DEBUG - Objective: 1228.5220
2016-07-14 18:18:04,036 - usps - DEBUG - Objective: 1229.6345
2016-07-14 18:18:05,056 - usps - DEBUG - Objective: 1229.8055
2016-07-14 18:18:06,077 - usps - DEBUG - Objective: 1229.3471
2016-07-14 18:18:07,117 - usps - DEBUG - Objective: 1229.1236
2016-07-14 18:18:08,125 - usps - DEBUG - Objective: 1228.6857
2016-07-14 18:18:08,553 - usps - DEBUG - Objective: 1229.3687
2016-07-14 18:18:09,595 - usps - INFO - Optimizing: hyp
2016-07-14 18:18:11,516 - usps - DEBUG - Objective: 1228.7572
2016-07-14 18:18:13,678 - usps - DEBUG - Objective: 1477.9680
2016-07-14 18:18:16,063 - usps - DEBUG - Objective: 1229.1292
2016-07-14 18:18:18,426 - usps - DEBUG - Objective: 1229.0032
2016-07-14 18:18:20,800 - usps - DEBUG - Objective: 1228.5289
2016-07-14 18:18:22,971 - usps - DEBUG - Objective: 1228.9555
2016-07-14 18:18:25,338 - usps - DEBUG - Objective: 1229.2197
2016-07-14 18:18:27,495 - usps - DEBUG - Objective: 1229.2615
2016-07-14 18:18:29,832 - usps - DEBUG - Objective: 1229.2814
2016-07-14 18:18:30,252 - usps - DEBUG - Objective: 1228.9124
2016-07-14 18:18:30,690 - usps - DEBUG - Objective difference: -0.159256
2016-07-14 18:18:30,691 - usps - INFO - Mean difference: 0.000768
2016-07-14 18:18:30,691 - usps - INFO - Covariance difference: 0.000048
2016-07-14 18:18:30,691 - usps - INFO - Iteration 18 started.
2016-07-14 18:18:30,691 - usps - INFO - Optimizing: mog
2016-07-14 18:18:31,733 - usps - DEBUG - Objective: 1229.4047
2016-07-14 18:18:32,752 - usps - DEBUG - Objective: 1255.6138
2016-07-14 18:18:33,773 - usps - DEBUG - Objective: 1228.8239
2016-07-14 18:18:34,807 - usps - DEBUG - Objective: 1228.6238
2016-07-14 18:18:35,864 - usps - DEBUG - Objective: 1228.2647
2016-07-14 18:18:36,877 - usps - DEBUG - Objective: 1228.6649
2016-07-14 18:18:37,895 - usps - DEBUG - Objective: 1228.7075
2016-07-14 18:18:38,911 - usps - DEBUG - Objective: 1228.2349
2016-07-14 18:18:39,929 - usps - DEBUG - Objective: 1228.7740
2016-07-14 18:18:40,944 - usps - DEBUG - Objective: 1228.4407
2016-07-14 18:18:41,760 - usps - INFO - Optimizing: hyp
2016-07-14 18:18:43,640 - usps - DEBUG - Objective: 1229.0392
2016-07-14 18:18:45,808 - usps - DEBUG - Objective: 1404.9104
2016-07-14 18:18:47,989 - usps - DEBUG - Objective: 1228.5147
2016-07-14 18:18:50,370 - usps - DEBUG - Objective: 1228.5834
2016-07-14 18:18:51,961 - usps - INFO - Interrupted by the user.
2016-07-14 18:18:52,171 - usps - INFO - Last objective value: 1228.137299
2016-07-14 18:18:52,171 - usps - DEBUG - prediction started...
2016-07-14 18:18:59,233 - usps - DEBUG - prediction finished
