2016-01-31 09:55:49,037 - abalone - INFO - experiment started for:{'run_id': 5, 'max_iter': 200, 'optimization_config': {'hyp': 25, 'll': 25, 'mog': 25}, 'xtol': 0.001, 'git_hash': 'a89f7e60526a847e4cefa30be774ad3ee7bf41f8', 'model_init': None, 'ftol': 1e-05, 'latent_noise:': 0.001, 'sparsity_factor': 1.0, 'll': 'WarpLL', 'sample_num': 2000, 'experiment': 'abalone', 'git_branch': 'master', 'random_Z': True, 'method': u'full'}
2016-01-31 09:55:52,584 - abalone - INFO - Iteration 0 started.
2016-01-31 09:55:52,587 - abalone - INFO - MoG params
2016-01-31 09:55:55,815 - abalone - DEBUG - objective:10280.3671
2016-01-31 09:55:58,334 - abalone - DEBUG - objective:7649.1410
2016-01-31 09:56:01,066 - abalone - DEBUG - objective:5103.4959
2016-01-31 09:56:03,759 - abalone - DEBUG - objective:4949.6599
2016-01-31 09:56:06,639 - abalone - DEBUG - objective:4448.4704
2016-01-31 09:56:09,338 - abalone - DEBUG - objective:2552.6691
2016-01-31 09:56:12,380 - abalone - DEBUG - objective:-3.4529
2016-01-31 09:56:15,452 - abalone - DEBUG - objective:4201.3023
2016-01-31 09:56:18,157 - abalone - DEBUG - objective:-472.2669
2016-01-31 09:56:21,178 - abalone - DEBUG - objective:-1297.2976
2016-01-31 09:56:24,205 - abalone - DEBUG - objective:-1435.0412
2016-01-31 09:56:27,560 - abalone - DEBUG - objective:-1461.2172
2016-01-31 09:56:30,340 - abalone - DEBUG - objective:-1496.9950
2016-01-31 09:56:33,545 - abalone - DEBUG - objective:-1501.6373
2016-01-31 09:56:36,363 - abalone - DEBUG - objective:-1522.6321
2016-01-31 09:56:39,381 - abalone - DEBUG - objective:-1526.1391
2016-01-31 09:56:42,529 - abalone - DEBUG - objective:-1532.0230
2016-01-31 09:56:45,891 - abalone - DEBUG - objective:-1537.6476
2016-01-31 09:56:49,353 - abalone - DEBUG - objective:-1538.0154
2016-01-31 09:56:52,481 - abalone - DEBUG - objective:-1540.5284
2016-01-31 09:56:55,561 - abalone - DEBUG - objective:-1542.8054
2016-01-31 09:56:58,411 - abalone - DEBUG - objective:-1544.2791
2016-01-31 09:57:01,530 - abalone - DEBUG - objective:-1546.0809
2016-01-31 09:57:04,574 - abalone - DEBUG - objective:-1547.5469
2016-01-31 09:57:07,607 - abalone - DEBUG - objective:-1549.0647
2016-01-31 09:57:10,550 - abalone - DEBUG - objective:-1550.0620
2016-01-31 09:57:11,177 - abalone - INFO - Saving model...
2016-01-31 09:57:13,226 - abalone - INFO - Model saved.
2016-01-31 09:57:13,244 - abalone - INFO - ll params
2016-01-31 09:57:14,915 - abalone - DEBUG - objective:-1550.0620
2016-01-31 09:57:16,187 - abalone - DEBUG - objective:-1687.9520
2016-01-31 09:57:17,532 - abalone - DEBUG - objective:-1705.8448
2016-01-31 09:57:19,046 - abalone - DEBUG - objective:-1708.0142
2016-01-31 09:57:20,733 - abalone - DEBUG - objective:-1708.0725
2016-01-31 09:57:22,227 - abalone - DEBUG - objective:-1708.0726
2016-01-31 09:57:23,863 - abalone - DEBUG - objective:-1708.0726
2016-01-31 09:57:23,873 - abalone - INFO - hyp params
2016-01-31 09:57:26,134 - abalone - DEBUG - objective:-1708.0726
2016-01-31 09:57:27,539 - abalone - DEBUG - objective:-1534.1412
2016-01-31 09:57:29,140 - abalone - DEBUG - objective:-1712.6319
2016-01-31 09:57:30,563 - abalone - DEBUG - objective:-1714.8859
2016-01-31 09:57:31,746 - abalone - DEBUG - objective:-1717.3077
2016-01-31 09:57:32,949 - abalone - DEBUG - objective:-1720.2083
2016-01-31 09:57:34,518 - abalone - DEBUG - objective:-1727.6371
2016-01-31 09:57:35,939 - abalone - DEBUG - objective:-1730.4248
2016-01-31 09:57:37,298 - abalone - DEBUG - objective:-1730.6564
2016-01-31 09:57:38,688 - abalone - DEBUG - objective:-1730.6834
2016-01-31 09:57:40,300 - abalone - DEBUG - objective:-1730.6835
2016-01-31 09:57:41,584 - abalone - DEBUG - objective:-1730.6835
2016-01-31 09:57:42,888 - abalone - DEBUG - objective:-1730.6835
2016-01-31 09:57:42,900 - abalone - INFO - Iteration 1 started.
2016-01-31 09:57:42,908 - abalone - INFO - MoG params
2016-01-31 09:57:45,806 - abalone - DEBUG - objective:-1731.0303
2016-01-31 09:57:48,448 - abalone - DEBUG - objective:-1557.5442
2016-01-31 09:57:51,127 - abalone - DEBUG - objective:-1733.6968
2016-01-31 09:57:53,468 - abalone - DEBUG - objective:-1734.8992
2016-01-31 09:57:56,085 - abalone - DEBUG - objective:-1736.1389
2016-01-31 09:57:58,566 - abalone - DEBUG - objective:-1736.8971
2016-01-31 09:58:01,490 - abalone - DEBUG - objective:-1737.5132
2016-01-31 09:58:04,468 - abalone - DEBUG - objective:-1737.8282
2016-01-31 09:58:07,044 - abalone - DEBUG - objective:-1738.1046
2016-01-31 09:58:09,781 - abalone - DEBUG - objective:-1738.3206
2016-01-31 09:58:12,671 - abalone - DEBUG - objective:-1738.5112
2016-01-31 09:58:15,518 - abalone - DEBUG - objective:-1738.6652
2016-01-31 09:58:18,289 - abalone - DEBUG - objective:-1738.8129
2016-01-31 09:58:21,278 - abalone - DEBUG - objective:-1738.9625
2016-01-31 09:58:24,426 - abalone - DEBUG - objective:-1739.0862
2016-01-31 09:58:27,159 - abalone - DEBUG - objective:-1739.1891
2016-01-31 09:58:30,126 - abalone - DEBUG - objective:-1739.2863
2016-01-31 09:58:32,882 - abalone - DEBUG - objective:-1739.3768
2016-01-31 09:58:35,634 - abalone - DEBUG - objective:-1739.4494
2016-01-31 09:58:38,699 - abalone - DEBUG - objective:-1739.5107
2016-01-31 09:58:41,550 - abalone - DEBUG - objective:-1739.5811
2016-01-31 09:58:44,566 - abalone - DEBUG - objective:-1739.6287
2016-01-31 09:58:47,505 - abalone - DEBUG - objective:-1739.7046
2016-01-31 09:58:50,250 - abalone - DEBUG - objective:-1739.7412
2016-01-31 09:58:53,369 - abalone - DEBUG - objective:-1739.7959
2016-01-31 09:58:56,513 - abalone - DEBUG - objective:-1739.8523
2016-01-31 09:58:57,226 - abalone - INFO - Saving model...
2016-01-31 09:58:59,306 - abalone - INFO - Model saved.
2016-01-31 09:58:59,324 - abalone - DEBUG - ftol: 189.790307865
2016-01-31 09:58:59,329 - abalone - INFO - diff:m:0.0140472237554 s:0.00026666176724
2016-01-31 09:58:59,335 - abalone - INFO - ll params
2016-01-31 09:59:01,153 - abalone - DEBUG - objective:-1739.8523
2016-01-31 09:59:02,681 - abalone - DEBUG - objective:-1387.1163
2016-01-31 09:59:03,955 - abalone - DEBUG - objective:-1739.8661
2016-01-31 09:59:05,593 - abalone - DEBUG - objective:-1739.8662
2016-01-31 09:59:06,650 - abalone - DEBUG - objective:-1739.8662
2016-01-31 09:59:06,660 - abalone - INFO - hyp params
2016-01-31 09:59:09,177 - abalone - DEBUG - objective:-1739.8662
2016-01-31 09:59:10,833 - abalone - DEBUG - objective:-1517.4839
2016-01-31 09:59:12,104 - abalone - DEBUG - objective:-1740.1012
2016-01-31 09:59:13,581 - abalone - DEBUG - objective:-1740.2862
2016-01-31 09:59:15,136 - abalone - DEBUG - objective:-1740.4326
2016-01-31 09:59:16,456 - abalone - DEBUG - objective:-1740.8775
2016-01-31 09:59:17,933 - abalone - DEBUG - objective:-1741.5089
2016-01-31 09:59:19,086 - abalone - DEBUG - objective:-1742.1801
2016-01-31 09:59:20,367 - abalone - DEBUG - objective:-1742.3421
2016-01-31 09:59:21,808 - abalone - DEBUG - objective:-1742.3468
2016-01-31 09:59:23,039 - abalone - DEBUG - objective:-1742.3469
2016-01-31 09:59:24,437 - abalone - DEBUG - objective:-1742.3469
2016-01-31 09:59:25,628 - abalone - DEBUG - objective:-1742.3469
2016-01-31 09:59:27,157 - abalone - DEBUG - objective:-1742.3469
2016-01-31 09:59:27,161 - abalone - INFO - Iteration 2 started.
2016-01-31 09:59:27,168 - abalone - INFO - MoG params
2016-01-31 09:59:30,200 - abalone - DEBUG - objective:-1742.4437
2016-01-31 09:59:32,690 - abalone - DEBUG - objective:-1508.9709
2016-01-31 09:59:35,426 - abalone - DEBUG - objective:-1742.9217
2016-01-31 09:59:38,186 - abalone - DEBUG - objective:-1743.0978
2016-01-31 09:59:41,197 - abalone - DEBUG - objective:-1743.2608
2016-01-31 09:59:44,022 - abalone - DEBUG - objective:-1743.3725
2016-01-31 09:59:46,872 - abalone - DEBUG - objective:-1743.5152
2016-01-31 09:59:50,134 - abalone - DEBUG - objective:-1743.6447
2016-01-31 09:59:53,065 - abalone - DEBUG - objective:-1743.7417
2016-01-31 09:59:55,754 - abalone - DEBUG - objective:-1743.7958
2016-01-31 09:59:58,575 - abalone - DEBUG - objective:-1743.8608
2016-01-31 10:00:01,529 - abalone - DEBUG - objective:-1743.8973
2016-01-31 10:00:04,650 - abalone - DEBUG - objective:-1743.9416
2016-01-31 10:00:07,857 - abalone - DEBUG - objective:-1743.9775
2016-01-31 10:00:10,864 - abalone - DEBUG - objective:-1744.0054
2016-01-31 10:00:13,990 - abalone - DEBUG - objective:-1744.0423
2016-01-31 10:00:17,100 - abalone - DEBUG - objective:-1744.0956
2016-01-31 10:00:20,266 - abalone - DEBUG - objective:-1744.1233
2016-01-31 10:00:23,612 - abalone - DEBUG - objective:-1744.1547
2016-01-31 10:00:26,734 - abalone - DEBUG - objective:-1744.1546
2016-01-31 10:00:29,521 - abalone - DEBUG - objective:-1744.1695
2016-01-31 10:00:32,807 - abalone - DEBUG - objective:-1744.1875
2016-01-31 10:00:35,748 - abalone - DEBUG - objective:-1744.2117
2016-01-31 10:00:38,783 - abalone - DEBUG - objective:-1744.2284
2016-01-31 10:00:41,567 - abalone - DEBUG - objective:-1744.2473
2016-01-31 10:00:44,569 - abalone - DEBUG - objective:-1744.2659
2016-01-31 10:00:45,422 - abalone - INFO - Saving model...
2016-01-31 10:00:47,187 - abalone - INFO - Model saved.
2016-01-31 10:00:47,196 - abalone - DEBUG - ftol: 4.41365612071
2016-01-31 10:00:47,214 - abalone - INFO - diff:m:0.0100158580065 s:0.000104073550357
2016-01-31 10:00:47,221 - abalone - INFO - ll params
2016-01-31 10:00:49,051 - abalone - DEBUG - objective:-1744.2659
2016-01-31 10:00:50,324 - abalone - DEBUG - objective:-1392.3873
2016-01-31 10:00:51,890 - abalone - DEBUG - objective:-1744.2838
2016-01-31 10:00:53,388 - abalone - DEBUG - objective:-1744.2839
2016-01-31 10:00:54,786 - abalone - DEBUG - objective:-1744.2839
2016-01-31 10:00:54,789 - abalone - INFO - hyp params
2016-01-31 10:00:57,334 - abalone - DEBUG - objective:-1744.2839
2016-01-31 10:00:58,740 - abalone - DEBUG - objective:-1495.8670
2016-01-31 10:01:00,243 - abalone - DEBUG - objective:-1744.3736
2016-01-31 10:01:01,747 - abalone - DEBUG - objective:-1744.4441
2016-01-31 10:01:03,378 - abalone - DEBUG - objective:-1744.4768
2016-01-31 10:01:04,540 - abalone - DEBUG - objective:-1744.6346
2016-01-31 10:01:06,083 - abalone - DEBUG - objective:-1744.8450
2016-01-31 10:01:07,074 - abalone - DEBUG - objective:-1745.0976
2016-01-31 10:01:08,463 - abalone - DEBUG - objective:-1745.1861
2016-01-31 10:01:09,923 - abalone - DEBUG - objective:-1745.1894
2016-01-31 10:01:11,531 - abalone - DEBUG - objective:-1745.1895
2016-01-31 10:01:12,792 - abalone - DEBUG - objective:-1745.1895
2016-01-31 10:01:13,725 - abalone - DEBUG - objective:-1745.1895
2016-01-31 10:01:15,267 - abalone - DEBUG - objective:-1745.1895
2016-01-31 10:01:15,270 - abalone - INFO - Iteration 3 started.
2016-01-31 10:01:15,272 - abalone - INFO - MoG params
2016-01-31 10:01:18,140 - abalone - DEBUG - objective:-1745.2452
2016-01-31 10:01:20,665 - abalone - DEBUG - objective:-1516.9914
2016-01-31 10:01:23,390 - abalone - DEBUG - objective:-1745.4165
2016-01-31 10:01:26,450 - abalone - DEBUG - objective:-1745.4779
2016-01-31 10:01:29,170 - abalone - DEBUG - objective:-1745.5284
2016-01-31 10:01:31,649 - abalone - DEBUG - objective:-1745.5686
2016-01-31 10:01:34,121 - abalone - DEBUG - objective:-1745.6160
2016-01-31 10:01:37,002 - abalone - DEBUG - objective:-1745.6536
2016-01-31 10:01:39,687 - abalone - DEBUG - objective:-1745.6848
2016-01-31 10:01:42,802 - abalone - DEBUG - objective:-1745.7076
2016-01-31 10:01:45,711 - abalone - DEBUG - objective:-1745.7258
2016-01-31 10:01:48,313 - abalone - DEBUG - objective:-1745.7380
2016-01-31 10:01:51,348 - abalone - DEBUG - objective:-1745.7467
2016-01-31 10:01:54,050 - abalone - DEBUG - objective:-1745.7602
2016-01-31 10:01:56,821 - abalone - DEBUG - objective:-1745.7723
2016-01-31 10:01:59,524 - abalone - DEBUG - objective:-1745.7888
2016-01-31 10:02:02,200 - abalone - DEBUG - objective:-1745.8061
2016-01-31 10:02:05,110 - abalone - DEBUG - objective:-1745.8190
2016-01-31 10:02:08,026 - abalone - DEBUG - objective:-1745.8220
2016-01-31 10:02:10,903 - abalone - DEBUG - objective:-1745.8404
2016-01-31 10:02:13,819 - abalone - DEBUG - objective:-1745.8448
2016-01-31 10:02:16,921 - abalone - DEBUG - objective:-1745.8529
2016-01-31 10:02:20,231 - abalone - DEBUG - objective:-1745.8595
2016-01-31 10:02:23,467 - abalone - DEBUG - objective:-1745.8694
2016-01-31 10:02:26,499 - abalone - DEBUG - objective:-1745.8755
2016-01-31 10:02:29,563 - abalone - DEBUG - objective:-1745.8810
2016-01-31 10:02:30,362 - abalone - INFO - Saving model...
2016-01-31 10:02:32,489 - abalone - INFO - Model saved.
2016-01-31 10:02:32,502 - abalone - DEBUG - ftol: 1.61502369985
2016-01-31 10:02:32,520 - abalone - INFO - diff:m:0.00519958185039 s:6.02709075907e-05
2016-01-31 10:02:32,534 - abalone - INFO - ll params
2016-01-31 10:02:34,301 - abalone - DEBUG - objective:-1745.8810
2016-01-31 10:02:35,708 - abalone - DEBUG - objective:-1389.5034
2016-01-31 10:02:36,979 - abalone - DEBUG - objective:-1745.8835
2016-01-31 10:02:38,641 - abalone - DEBUG - objective:-1745.8835
2016-01-31 10:02:40,107 - abalone - DEBUG - objective:-1745.8835
2016-01-31 10:02:40,109 - abalone - INFO - hyp params
2016-01-31 10:02:42,623 - abalone - DEBUG - objective:-1745.8835
2016-01-31 10:02:44,057 - abalone - DEBUG - objective:-1479.6895
2016-01-31 10:02:45,440 - abalone - DEBUG - objective:-1745.9240
2016-01-31 10:02:46,667 - abalone - DEBUG - objective:-1745.9555
2016-01-31 10:02:48,120 - abalone - DEBUG - objective:-1745.9638
2016-01-31 10:02:49,517 - abalone - DEBUG - objective:-1746.0262
2016-01-31 10:02:51,120 - abalone - DEBUG - objective:-1746.1007
2016-01-31 10:02:52,628 - abalone - DEBUG - objective:-1746.1874
2016-01-31 10:02:54,321 - abalone - DEBUG - objective:-1746.2149
2016-01-31 10:02:55,882 - abalone - DEBUG - objective:-1746.2163
2016-01-31 10:02:57,578 - abalone - DEBUG - objective:-1746.2163
2016-01-31 10:02:59,275 - abalone - DEBUG - objective:-1746.2163
2016-01-31 10:03:00,877 - abalone - DEBUG - objective:-1746.2163
2016-01-31 10:03:02,409 - abalone - DEBUG - objective:-1746.2163
2016-01-31 10:03:03,767 - abalone - DEBUG - objective:-1746.2163
2016-01-31 10:03:05,413 - abalone - DEBUG - objective:-1746.2163
2016-01-31 10:03:06,978 - abalone - DEBUG - objective:-1746.2163
2016-01-31 10:03:06,981 - abalone - DEBUG - objective:-1746.2163
2016-01-31 10:03:08,299 - abalone - DEBUG - objective:-1746.2163
2016-01-31 10:03:09,669 - abalone - DEBUG - objective:-1746.2163
2016-01-31 10:03:09,677 - abalone - DEBUG - objective:-1746.2163
2016-01-31 10:03:11,057 - abalone - DEBUG - objective:-1746.2163
2016-01-31 10:03:12,748 - abalone - DEBUG - objective:-1746.2163
2016-01-31 10:03:12,758 - abalone - DEBUG - objective:-1746.2163
2016-01-31 10:03:13,835 - abalone - DEBUG - objective:-1746.2163
2016-01-31 10:03:15,253 - abalone - DEBUG - objective:-1746.2163
2016-01-31 10:03:16,575 - abalone - INFO - Iteration 4 started.
2016-01-31 10:03:16,583 - abalone - INFO - MoG params
2016-01-31 10:03:19,778 - abalone - DEBUG - objective:-1746.2476
2016-01-31 10:03:22,560 - abalone - DEBUG - objective:-1519.5011
2016-01-31 10:03:25,189 - abalone - DEBUG - objective:-1746.3101
2016-01-31 10:03:27,963 - abalone - DEBUG - objective:-1746.3329
2016-01-31 10:03:30,803 - abalone - DEBUG - objective:-1746.3505
2016-01-31 10:03:33,476 - abalone - DEBUG - objective:-1746.3643
2016-01-31 10:03:36,250 - abalone - DEBUG - objective:-1746.3812
2016-01-31 10:03:38,903 - abalone - DEBUG - objective:-1746.3958
2016-01-31 10:03:41,602 - abalone - DEBUG - objective:-1746.4067
2016-01-31 10:03:44,186 - abalone - DEBUG - objective:-1746.4130
2016-01-31 10:03:47,096 - abalone - DEBUG - objective:-1746.4180
2016-01-31 10:03:50,243 - abalone - DEBUG - objective:-1746.4210
2016-01-31 10:03:53,112 - abalone - DEBUG - objective:-1746.4236
2016-01-31 10:03:55,867 - abalone - DEBUG - objective:-1746.4273
2016-01-31 10:03:59,014 - abalone - DEBUG - objective:-1746.4307
2016-01-31 10:04:02,160 - abalone - DEBUG - objective:-1746.4353
2016-01-31 10:04:05,224 - abalone - DEBUG - objective:-1746.4406
2016-01-31 10:04:08,376 - abalone - DEBUG - objective:-1746.4439
2016-01-31 10:04:11,626 - abalone - DEBUG - objective:-1746.4471
2016-01-31 10:04:14,792 - abalone - DEBUG - objective:-1746.4506
2016-01-31 10:04:17,861 - abalone - DEBUG - objective:-1746.4527
2016-01-31 10:04:20,725 - abalone - DEBUG - objective:-1746.4554
2016-01-31 10:04:24,319 - abalone - DEBUG - objective:-1746.4576
2016-01-31 10:04:27,594 - abalone - DEBUG - objective:-1746.4599
2016-01-31 10:04:30,997 - abalone - DEBUG - objective:-1746.4620
2016-01-31 10:04:33,971 - abalone - DEBUG - objective:-1746.4642
2016-01-31 10:04:34,866 - abalone - INFO - Saving model...
2016-01-31 10:04:36,951 - abalone - INFO - Model saved.
2016-01-31 10:04:36,964 - abalone - DEBUG - ftol: 0.583262091267
2016-01-31 10:04:36,989 - abalone - INFO - diff:m:0.00270915479379 s:3.61808805184e-05
2016-01-31 10:04:36,995 - abalone - INFO - ll params
2016-01-31 10:04:38,739 - abalone - DEBUG - objective:-1746.4642
2016-01-31 10:04:40,453 - abalone - DEBUG - objective:-1388.8352
2016-01-31 10:04:41,866 - abalone - DEBUG - objective:-1746.4650
2016-01-31 10:04:43,304 - abalone - DEBUG - objective:-1746.4650
2016-01-31 10:04:44,491 - abalone - DEBUG - objective:-1746.4650
2016-01-31 10:04:44,493 - abalone - INFO - hyp params
2016-01-31 10:04:46,870 - abalone - DEBUG - objective:-1746.4650
2016-01-31 10:04:48,087 - abalone - DEBUG - objective:-1468.2112
2016-01-31 10:04:49,835 - abalone - DEBUG - objective:-1746.4848
2016-01-31 10:04:51,618 - abalone - DEBUG - objective:-1746.5002
2016-01-31 10:04:52,940 - abalone - DEBUG - objective:-1746.5024
2016-01-31 10:04:54,155 - abalone - DEBUG - objective:-1746.5280
2016-01-31 10:04:55,763 - abalone - DEBUG - objective:-1746.5537
2016-01-31 10:04:57,184 - abalone - DEBUG - objective:-1746.5791
2016-01-31 10:04:58,716 - abalone - DEBUG - objective:-1746.5844
2016-01-31 10:05:00,280 - abalone - DEBUG - objective:-1746.5847
2016-01-31 10:05:01,620 - abalone - DEBUG - objective:-1746.5847
2016-01-31 10:05:02,940 - abalone - DEBUG - objective:-1746.5847
2016-01-31 10:05:04,596 - abalone - DEBUG - objective:-1746.5847
2016-01-31 10:05:04,598 - abalone - INFO - Iteration 5 started.
2016-01-31 10:05:04,608 - abalone - INFO - MoG params
2016-01-31 10:05:07,374 - abalone - DEBUG - objective:-1746.6016
2016-01-31 10:05:09,586 - abalone - DEBUG - objective:-1521.4622
2016-01-31 10:05:11,916 - abalone - DEBUG - objective:-1746.6228
2016-01-31 10:05:14,330 - abalone - DEBUG - objective:-1746.6310
2016-01-31 10:05:16,782 - abalone - DEBUG - objective:-1746.6377
2016-01-31 10:05:19,094 - abalone - DEBUG - objective:-1746.6426
2016-01-31 10:05:21,423 - abalone - DEBUG - objective:-1746.6481
2016-01-31 10:05:23,596 - abalone - DEBUG - objective:-1746.6527
2016-01-31 10:05:25,786 - abalone - DEBUG - objective:-1746.6564
2016-01-31 10:05:28,148 - abalone - DEBUG - objective:-1746.6587
2016-01-31 10:05:30,229 - abalone - DEBUG - objective:-1746.6608
2016-01-31 10:05:32,560 - abalone - DEBUG - objective:-1746.6620
2016-01-31 10:05:34,822 - abalone - DEBUG - objective:-1746.6630
2016-01-31 10:05:37,113 - abalone - DEBUG - objective:-1746.6639
2016-01-31 10:05:39,539 - abalone - DEBUG - objective:-1746.6649
2016-01-31 10:05:41,785 - abalone - DEBUG - objective:-1746.6662
2016-01-31 10:05:43,801 - abalone - DEBUG - objective:-1746.6675
2016-01-31 10:05:46,186 - abalone - DEBUG - objective:-1746.6687
2016-01-31 10:05:48,169 - abalone - DEBUG - objective:-1746.6696
2016-01-31 10:05:50,392 - abalone - DEBUG - objective:-1746.6705
2016-01-31 10:05:52,405 - abalone - DEBUG - objective:-1746.6712
2016-01-31 10:05:54,593 - abalone - DEBUG - objective:-1746.6719
2016-01-31 10:05:56,846 - abalone - DEBUG - objective:-1746.6725
2016-01-31 10:05:59,063 - abalone - DEBUG - objective:-1746.6731
2016-01-31 10:06:01,511 - abalone - DEBUG - objective:-1746.6738
2016-01-31 10:06:04,131 - abalone - DEBUG - objective:-1746.6744
2016-01-31 10:06:04,716 - abalone - INFO - Saving model...
2016-01-31 10:06:06,236 - abalone - INFO - Model saved.
2016-01-31 10:06:06,243 - abalone - DEBUG - ftol: 0.210185860617
2016-01-31 10:06:06,248 - abalone - INFO - diff:m:0.00163564776178 s:2.12079814338e-05
2016-01-31 10:06:06,252 - abalone - INFO - best obj found: -1746.67440473
2016-01-31 10:06:06,256 - abalone - DEBUG - prediction started...
2016-01-31 10:06:18,020 - abalone - DEBUG - prediction finished
