2016-06-02 02:00:30,964 - sarcos - INFO - experiment started for:{'run_id': 0, 'max_iter': 200, 'optimization_config': {'hyp': 1, 'll': 1, 'mog': 5}, 'xtol': 0.001, 'git_hash': '30a6e624d6e81f0a3d3479c387e52213ea0394c9', 'model_init': '../results/sarcos_01-Jun-2016_19h47m36s_1713/', 'ftol': 1e-05, 'latent_noise:': 0.001, 'sparsity_factor': 0.004, 'll': 'CogLL', 'sample_num': 100, 'experiment': 'sarcos', 'git_branch': 'master', 'random_Z': True, 'method': 'full'}
2016-06-02 02:00:30,981 - sarcos - INFO - Iteration 1 started.
2016-06-02 02:00:31,076 - sarcos - INFO - Optimizing: mog
2016-06-02 02:00:31,338 - sarcos - DEBUG - Objective: 74.3065
2016-06-02 02:00:31,435 - sarcos - DEBUG - Objective: 16.6625
2016-06-02 02:00:31,530 - sarcos - DEBUG - Objective: 220.4980
2016-06-02 02:00:31,628 - sarcos - DEBUG - Objective: 9.4159
2016-06-02 02:00:31,725 - sarcos - DEBUG - Objective: 136.7996
2016-06-02 02:00:31,819 - sarcos - DEBUG - Objective: 669.2388
2016-06-02 02:00:31,916 - sarcos - DEBUG - Objective: 392.8409
2016-06-02 02:00:32,011 - sarcos - DEBUG - Objective: 102.0596
2016-06-02 02:00:32,099 - sarcos - DEBUG - Objective: 162.5298
2016-06-02 02:00:32,197 - sarcos - DEBUG - Objective: 113.8491
2016-06-02 02:00:32,292 - sarcos - DEBUG - Objective: 28.8606
2016-06-02 02:00:32,389 - sarcos - DEBUG - Objective: -13.4337
2016-06-02 02:00:32,485 - sarcos - DEBUG - Objective: -44.5820
2016-06-02 02:00:32,580 - sarcos - DEBUG - Objective: -49.0125
2016-06-02 02:00:32,676 - sarcos - DEBUG - Objective: -58.3292
2016-06-02 02:00:32,771 - sarcos - DEBUG - Objective: -59.5642
2016-06-02 02:00:32,866 - sarcos - DEBUG - Objective: -61.1795
2016-06-02 02:00:32,962 - sarcos - DEBUG - Objective: -65.7469
2016-06-02 02:00:33,057 - sarcos - DEBUG - Objective: -65.6091
2016-06-02 02:00:33,151 - sarcos - DEBUG - Objective: -71.2134
2016-06-02 02:00:33,246 - sarcos - DEBUG - Objective: -75.6552
2016-06-02 02:00:33,341 - sarcos - DEBUG - Objective: -88.5186
2016-06-02 02:00:33,433 - sarcos - DEBUG - Objective: -81.7201
2016-06-02 02:00:33,527 - sarcos - DEBUG - Objective: -76.3017
2016-06-02 02:00:33,622 - sarcos - DEBUG - Objective: -83.5478
2016-06-02 02:00:33,719 - sarcos - DEBUG - Objective: -96.8535
2016-06-02 02:00:33,814 - sarcos - DEBUG - Objective: -84.5146
2016-06-02 02:00:33,910 - sarcos - DEBUG - Objective: -72.0694
2016-06-02 02:00:34,006 - sarcos - DEBUG - Objective: -63.7329
2016-06-02 02:00:34,102 - sarcos - DEBUG - Objective: -62.9677
2016-06-02 02:00:34,197 - sarcos - DEBUG - Objective: -65.4078
2016-06-02 02:00:34,292 - sarcos - DEBUG - Objective: -67.9870
2016-06-02 02:00:34,387 - sarcos - DEBUG - Objective: -72.3904
2016-06-02 02:00:34,483 - sarcos - DEBUG - Objective: -71.8814
2016-06-02 02:00:34,578 - sarcos - DEBUG - Objective: -72.1368
2016-06-02 02:00:34,673 - sarcos - DEBUG - Objective: -71.1362
2016-06-02 02:00:34,767 - sarcos - DEBUG - Objective: -71.4350
2016-06-02 02:00:34,863 - sarcos - DEBUG - Objective: -73.7965
2016-06-02 02:00:34,958 - sarcos - DEBUG - Objective: -75.5782
2016-06-02 02:00:35,053 - sarcos - DEBUG - Objective: -72.4055
2016-06-02 02:00:35,149 - sarcos - DEBUG - Objective: -69.3577
2016-06-02 02:00:35,245 - sarcos - DEBUG - Objective: -69.0704
2016-06-02 02:00:35,340 - sarcos - DEBUG - Objective: -66.7831
2016-06-02 02:00:35,436 - sarcos - DEBUG - Objective: -55.8139
2016-06-02 02:00:35,529 - sarcos - DEBUG - Objective: -59.0820
2016-06-02 02:00:35,623 - sarcos - DEBUG - Objective: -52.7156
2016-06-02 02:00:35,719 - sarcos - DEBUG - Objective: -51.9723
2016-06-02 02:00:35,814 - sarcos - DEBUG - Objective: -46.1416
2016-06-02 02:00:35,911 - sarcos - DEBUG - Objective: -10.3056
2016-06-02 02:00:36,007 - sarcos - DEBUG - Objective: 61.7635
2016-06-02 02:00:36,102 - sarcos - DEBUG - Objective: 71.2111
2016-06-02 02:00:36,197 - sarcos - DEBUG - Objective: -23.0163
2016-06-02 02:00:36,291 - sarcos - DEBUG - Objective: -24.7692
2016-06-02 02:00:36,385 - sarcos - DEBUG - Objective: -29.1985
2016-06-02 02:00:36,479 - sarcos - DEBUG - Objective: -36.8189
2016-06-02 02:00:36,575 - sarcos - DEBUG - Objective: -37.7569
2016-06-02 02:00:36,670 - sarcos - DEBUG - Objective: -41.2977
2016-06-02 02:00:36,766 - sarcos - DEBUG - Objective: -44.5127
2016-06-02 02:00:36,861 - sarcos - DEBUG - Objective: -47.4963
2016-06-02 02:00:36,958 - sarcos - DEBUG - Objective: -49.9709
2016-06-02 02:00:37,054 - sarcos - DEBUG - Objective: -49.0939
2016-06-02 02:00:37,149 - sarcos - DEBUG - Objective: -50.5820
2016-06-02 02:00:37,244 - sarcos - DEBUG - Objective: -54.6309
2016-06-02 02:00:37,340 - sarcos - DEBUG - Objective: -56.9827
2016-06-02 02:00:37,434 - sarcos - DEBUG - Objective: -58.9202
2016-06-02 02:00:37,530 - sarcos - DEBUG - Objective: -54.8797
2016-06-02 02:00:37,625 - sarcos - DEBUG - Objective: -60.1555
2016-06-02 02:00:37,720 - sarcos - DEBUG - Objective: -59.4870
2016-06-02 02:00:37,814 - sarcos - DEBUG - Objective: -62.1977
2016-06-02 02:00:37,908 - sarcos - DEBUG - Objective: -64.2783
2016-06-02 02:00:38,003 - sarcos - DEBUG - Objective: -65.8481
2016-06-02 02:00:38,098 - sarcos - DEBUG - Objective: -70.2489
2016-06-02 02:00:38,194 - sarcos - DEBUG - Objective: -70.1665
2016-06-02 02:00:38,289 - sarcos - DEBUG - Objective: -77.1874
2016-06-02 02:00:38,385 - sarcos - DEBUG - Objective: -74.7141
2016-06-02 02:00:38,480 - sarcos - DEBUG - Objective: -82.6201
2016-06-02 02:00:38,576 - sarcos - DEBUG - Objective: -80.4211
2016-06-02 02:00:38,672 - sarcos - DEBUG - Objective: -80.4521
2016-06-02 02:00:38,767 - sarcos - DEBUG - Objective: -85.1161
2016-06-02 02:00:38,863 - sarcos - DEBUG - Objective: -83.8074
2016-06-02 02:00:38,959 - sarcos - DEBUG - Objective: -84.5315
2016-06-02 02:00:39,055 - sarcos - DEBUG - Objective: -85.3551
2016-06-02 02:00:39,150 - sarcos - DEBUG - Objective: -83.4964
2016-06-02 02:00:39,244 - sarcos - DEBUG - Objective: -83.9414
2016-06-02 02:00:39,339 - sarcos - DEBUG - Objective: -82.4237
2016-06-02 02:00:39,434 - sarcos - DEBUG - Objective: -78.9787
2016-06-02 02:00:39,530 - sarcos - DEBUG - Objective: -83.4245
2016-06-02 02:00:39,625 - sarcos - DEBUG - Objective: -81.3329
2016-06-02 02:00:39,720 - sarcos - DEBUG - Objective: -81.3841
2016-06-02 02:00:41,591 - sarcos - DEBUG - Overall objective: 9082.5567
2016-06-02 02:00:41,675 - sarcos - DEBUG - Objective: -128.8955
2016-06-02 02:00:41,761 - sarcos - DEBUG - Objective: -127.9955
2016-06-02 02:00:41,836 - sarcos - DEBUG - Objective: -124.4686
2016-06-02 02:00:41,962 - sarcos - DEBUG - Objective: -134.6593
2016-06-02 02:00:42,115 - sarcos - DEBUG - Objective: -139.9446
2016-06-02 02:00:42,184 - sarcos - DEBUG - Objective: -109.1467
2016-06-02 02:00:42,256 - sarcos - DEBUG - Objective: -115.3450
2016-06-02 02:00:42,333 - sarcos - DEBUG - Objective: -122.7868
2016-06-02 02:00:42,415 - sarcos - DEBUG - Objective: -122.9390
2016-06-02 02:00:42,512 - sarcos - DEBUG - Objective: -110.3072
2016-06-02 02:00:42,607 - sarcos - DEBUG - Objective: -107.9211
2016-06-02 02:00:42,699 - sarcos - DEBUG - Objective: -134.1507
2016-06-02 02:00:42,793 - sarcos - DEBUG - Objective: -135.0878
2016-06-02 02:00:42,889 - sarcos - DEBUG - Objective: -133.1368
2016-06-02 02:00:42,984 - sarcos - DEBUG - Objective: -137.1297
2016-06-02 02:00:43,080 - sarcos - DEBUG - Objective: -138.9595
2016-06-02 02:00:43,170 - sarcos - DEBUG - Objective: -140.9772
2016-06-02 02:00:43,264 - sarcos - DEBUG - Objective: -139.0325
2016-06-02 02:00:43,359 - sarcos - DEBUG - Objective: -133.8882
2016-06-02 02:00:43,452 - sarcos - DEBUG - Objective: -138.0842
2016-06-02 02:00:43,547 - sarcos - DEBUG - Objective: -133.9598
2016-06-02 02:00:43,638 - sarcos - DEBUG - Objective: -132.1046
2016-06-02 02:00:43,734 - sarcos - DEBUG - Objective: -135.9124
2016-06-02 02:00:43,829 - sarcos - DEBUG - Objective: -131.2131
2016-06-02 02:00:43,925 - sarcos - DEBUG - Objective: -131.9900
2016-06-02 02:00:44,017 - sarcos - DEBUG - Objective: -129.5188
2016-06-02 02:00:44,113 - sarcos - DEBUG - Objective: -131.5927
2016-06-02 02:00:44,209 - sarcos - DEBUG - Objective: -126.5041
2016-06-02 02:00:44,300 - sarcos - DEBUG - Objective: -124.3567
2016-06-02 02:00:44,394 - sarcos - DEBUG - Objective: -122.8116
2016-06-02 02:00:44,489 - sarcos - DEBUG - Objective: -116.5646
2016-06-02 02:00:44,584 - sarcos - DEBUG - Objective: -119.9557
2016-06-02 02:00:44,680 - sarcos - DEBUG - Objective: -116.0518
2016-06-02 02:00:44,771 - sarcos - DEBUG - Objective: -115.8568
2016-06-02 02:00:44,865 - sarcos - DEBUG - Objective: -115.5725
2016-06-02 02:00:44,959 - sarcos - DEBUG - Objective: -116.3240
2016-06-02 02:00:45,054 - sarcos - DEBUG - Objective: -111.7037
2016-06-02 02:00:45,145 - sarcos - DEBUG - Objective: -117.0476
2016-06-02 02:00:45,236 - sarcos - DEBUG - Objective: -112.0608
2016-06-02 02:00:45,331 - sarcos - DEBUG - Objective: -114.4065
2016-06-02 02:00:45,427 - sarcos - DEBUG - Objective: -112.9089
2016-06-02 02:00:45,522 - sarcos - DEBUG - Objective: -114.0456
2016-06-02 02:00:45,615 - sarcos - DEBUG - Objective: -106.3274
2016-06-02 02:00:45,693 - sarcos - DEBUG - Objective: -108.2074
2016-06-02 02:00:45,767 - sarcos - DEBUG - Objective: -107.4718
2016-06-02 02:00:45,891 - sarcos - DEBUG - Objective: -105.4188
2016-06-02 02:00:46,051 - sarcos - DEBUG - Objective: -103.4674
2016-06-02 02:00:46,170 - sarcos - DEBUG - Objective: -105.0518
2016-06-02 02:00:46,264 - sarcos - DEBUG - Objective: -97.4666
2016-06-02 02:00:46,359 - sarcos - DEBUG - Objective: -74.7120
2016-06-02 02:00:46,455 - sarcos - DEBUG - Objective: -68.4165
2016-06-02 02:00:46,545 - sarcos - DEBUG - Objective: -86.6591
2016-06-02 02:00:46,639 - sarcos - DEBUG - Objective: -88.5498
2016-06-02 02:00:46,733 - sarcos - DEBUG - Objective: -86.4661
2016-06-02 02:00:46,824 - sarcos - DEBUG - Objective: -91.9900
2016-06-02 02:00:46,920 - sarcos - DEBUG - Objective: -90.8088
2016-06-02 02:00:47,016 - sarcos - DEBUG - Objective: -95.7598
2016-06-02 02:00:47,111 - sarcos - DEBUG - Objective: -99.2081
2016-06-02 02:00:47,206 - sarcos - DEBUG - Objective: -96.8359
2016-06-02 02:00:47,298 - sarcos - DEBUG - Objective: -95.9597
2016-06-02 02:00:47,394 - sarcos - DEBUG - Objective: -99.5838
2016-06-02 02:00:47,491 - sarcos - DEBUG - Objective: -96.7233
2016-06-02 02:00:47,587 - sarcos - DEBUG - Objective: -97.7197
2016-06-02 02:00:47,682 - sarcos - DEBUG - Objective: -100.8871
2016-06-02 02:00:47,777 - sarcos - DEBUG - Objective: -99.8367
2016-06-02 02:00:47,870 - sarcos - DEBUG - Objective: -96.2949
2016-06-02 02:00:47,960 - sarcos - DEBUG - Objective: -99.0096
2016-06-02 02:00:48,054 - sarcos - DEBUG - Objective: -101.3192
2016-06-02 02:00:48,149 - sarcos - DEBUG - Objective: -99.0895
2016-06-02 02:00:48,241 - sarcos - DEBUG - Objective: -100.6842
2016-06-02 02:00:48,333 - sarcos - DEBUG - Objective: -102.6866
2016-06-02 02:00:48,429 - sarcos - DEBUG - Objective: -100.0139
2016-06-02 02:00:48,525 - sarcos - DEBUG - Objective: -103.2848
2016-06-02 02:00:48,621 - sarcos - DEBUG - Objective: -102.6673
2016-06-02 02:00:48,716 - sarcos - DEBUG - Objective: -106.0372
2016-06-02 02:00:48,811 - sarcos - DEBUG - Objective: -101.7066
2016-06-02 02:00:48,901 - sarcos - DEBUG - Objective: -102.7832
2016-06-02 02:00:48,997 - sarcos - DEBUG - Objective: -100.8910
2016-06-02 02:00:49,093 - sarcos - DEBUG - Objective: -108.8128
2016-06-02 02:00:49,188 - sarcos - DEBUG - Objective: -108.5231
2016-06-02 02:00:49,283 - sarcos - DEBUG - Objective: -107.7315
2016-06-02 02:00:49,378 - sarcos - DEBUG - Objective: -110.8978
2016-06-02 02:00:49,472 - sarcos - DEBUG - Objective: -106.8692
2016-06-02 02:00:49,568 - sarcos - DEBUG - Objective: -102.1603
2016-06-02 02:00:49,660 - sarcos - DEBUG - Objective: -98.4751
2016-06-02 02:00:49,756 - sarcos - DEBUG - Objective: -103.3892
2016-06-02 02:00:49,852 - sarcos - DEBUG - Objective: -100.9217
2016-06-02 02:00:49,947 - sarcos - DEBUG - Objective: -104.0283
2016-06-02 02:00:50,042 - sarcos - DEBUG - Objective: -100.4257
2016-06-02 02:00:51,890 - sarcos - DEBUG - Overall objective: 5354.1205
2016-06-02 02:00:51,972 - sarcos - DEBUG - Objective: -117.1777
2016-06-02 02:00:52,073 - sarcos - DEBUG - Objective: -90.6307
2016-06-02 02:00:52,169 - sarcos - DEBUG - Objective: -52.5178
2016-06-02 02:00:52,263 - sarcos - DEBUG - Objective: -82.2852
2016-06-02 02:00:52,358 - sarcos - DEBUG - Objective: -23.0163
2016-06-02 02:00:52,450 - sarcos - DEBUG - Objective: 188.3984
2016-06-02 02:00:52,543 - sarcos - DEBUG - Objective: 45.7140
2016-06-02 02:00:52,638 - sarcos - DEBUG - Objective: -68.1419
2016-06-02 02:00:52,733 - sarcos - DEBUG - Objective: -30.7689
2016-06-02 02:00:52,828 - sarcos - DEBUG - Objective: -53.2798
2016-06-02 02:00:52,924 - sarcos - DEBUG - Objective: -25.9158
2016-06-02 02:00:53,018 - sarcos - DEBUG - Objective: -89.7402
2016-06-02 02:00:53,113 - sarcos - DEBUG - Objective: -112.2104
2016-06-02 02:00:53,204 - sarcos - DEBUG - Objective: -114.4912
2016-06-02 02:00:53,294 - sarcos - DEBUG - Objective: -113.5316
2016-06-02 02:00:53,389 - sarcos - DEBUG - Objective: -117.1831
2016-06-02 02:00:53,484 - sarcos - DEBUG - Objective: -121.5019
2016-06-02 02:00:53,580 - sarcos - DEBUG - Objective: -119.1306
2016-06-02 02:00:53,676 - sarcos - DEBUG - Objective: -119.4745
2016-06-02 02:00:53,772 - sarcos - DEBUG - Objective: -123.7705
2016-06-02 02:00:53,863 - sarcos - DEBUG - Objective: -122.3654
2016-06-02 02:00:53,955 - sarcos - DEBUG - Objective: -119.5382
2016-06-02 02:00:54,049 - sarcos - DEBUG - Objective: -121.5692
2016-06-02 02:00:54,143 - sarcos - DEBUG - Objective: -117.5575
2016-06-02 02:00:54,235 - sarcos - DEBUG - Objective: -121.0286
2016-06-02 02:00:54,329 - sarcos - DEBUG - Objective: -120.5771
2016-06-02 02:00:54,419 - sarcos - DEBUG - Objective: -119.1124
2016-06-02 02:00:54,515 - sarcos - DEBUG - Objective: -118.3914
2016-06-02 02:00:54,610 - sarcos - DEBUG - Objective: -115.6577
2016-06-02 02:00:54,702 - sarcos - DEBUG - Objective: -113.4508
2016-06-02 02:00:54,797 - sarcos - DEBUG - Objective: -111.1181
2016-06-02 02:00:54,893 - sarcos - DEBUG - Objective: -108.1437
2016-06-02 02:00:54,988 - sarcos - DEBUG - Objective: -113.6954
2016-06-02 02:00:55,080 - sarcos - DEBUG - Objective: -109.5748
2016-06-02 02:00:55,175 - sarcos - DEBUG - Objective: -112.3697
2016-06-02 02:00:55,271 - sarcos - DEBUG - Objective: -113.1059
2016-06-02 02:00:55,362 - sarcos - DEBUG - Objective: -112.6733
2016-06-02 02:00:55,456 - sarcos - DEBUG - Objective: -104.8717
2016-06-02 02:00:55,552 - sarcos - DEBUG - Objective: -112.0903
2016-06-02 02:00:55,648 - sarcos - DEBUG - Objective: -108.4219
2016-06-02 02:00:55,743 - sarcos - DEBUG - Objective: -107.5993
2016-06-02 02:00:55,835 - sarcos - DEBUG - Objective: -111.4143
2016-06-02 02:00:55,927 - sarcos - DEBUG - Objective: -109.3798
2016-06-02 02:00:56,022 - sarcos - DEBUG - Objective: -106.9944
2016-06-02 02:00:56,117 - sarcos - DEBUG - Objective: -106.8268
2016-06-02 02:00:56,211 - sarcos - DEBUG - Objective: -102.7796
2016-06-02 02:00:56,306 - sarcos - DEBUG - Objective: -102.5439
2016-06-02 02:00:56,400 - sarcos - DEBUG - Objective: -97.8119
2016-06-02 02:00:56,495 - sarcos - DEBUG - Objective: -97.6111
2016-06-02 02:00:56,587 - sarcos - DEBUG - Objective: -75.6828
2016-06-02 02:00:56,679 - sarcos - DEBUG - Objective: -71.2674
2016-06-02 02:00:56,774 - sarcos - DEBUG - Objective: -89.1614
2016-06-02 02:00:56,870 - sarcos - DEBUG - Objective: -91.4391
2016-06-02 02:00:56,965 - sarcos - DEBUG - Objective: -94.1528
2016-06-02 02:00:57,060 - sarcos - DEBUG - Objective: -87.3996
2016-06-02 02:00:57,154 - sarcos - DEBUG - Objective: -90.7995
2016-06-02 02:00:57,249 - sarcos - DEBUG - Objective: -94.1610
2016-06-02 02:00:57,344 - sarcos - DEBUG - Objective: -99.7430
2016-06-02 02:00:57,435 - sarcos - DEBUG - Objective: -97.5773
2016-06-02 02:00:57,530 - sarcos - DEBUG - Objective: -97.7347
2016-06-02 02:00:57,623 - sarcos - DEBUG - Objective: -96.3949
2016-06-02 02:00:57,717 - sarcos - DEBUG - Objective: -94.8252
2016-06-02 02:00:57,812 - sarcos - DEBUG - Objective: -98.2124
2016-06-02 02:00:57,904 - sarcos - DEBUG - Objective: -99.4615
2016-06-02 02:00:57,999 - sarcos - DEBUG - Objective: -96.8967
2016-06-02 02:00:58,093 - sarcos - DEBUG - Objective: -96.1925
2016-06-02 02:00:58,185 - sarcos - DEBUG - Objective: -101.7030
2016-06-02 02:00:58,281 - sarcos - DEBUG - Objective: -101.0256
2016-06-02 02:00:58,377 - sarcos - DEBUG - Objective: -101.4315
2016-06-02 02:00:58,468 - sarcos - DEBUG - Objective: -102.1835
2016-06-02 02:00:58,564 - sarcos - DEBUG - Objective: -103.6842
2016-06-02 02:00:58,659 - sarcos - DEBUG - Objective: -102.6568
2016-06-02 02:00:58,755 - sarcos - DEBUG - Objective: -107.9027
2016-06-02 02:00:58,848 - sarcos - DEBUG - Objective: -104.4517
2016-06-02 02:00:58,940 - sarcos - DEBUG - Objective: -102.8493
2016-06-02 02:00:59,035 - sarcos - DEBUG - Objective: -106.8471
2016-06-02 02:00:59,128 - sarcos - DEBUG - Objective: -105.4979
2016-06-02 02:00:59,222 - sarcos - DEBUG - Objective: -107.7819
2016-06-02 02:00:59,313 - sarcos - DEBUG - Objective: -106.4031
2016-06-02 02:00:59,409 - sarcos - DEBUG - Objective: -109.2476
2016-06-02 02:00:59,503 - sarcos - DEBUG - Objective: -109.6966
2016-06-02 02:00:59,597 - sarcos - DEBUG - Objective: -108.4875
2016-06-02 02:00:59,694 - sarcos - DEBUG - Objective: -105.8135
2016-06-02 02:00:59,786 - sarcos - DEBUG - Objective: -106.8659
2016-06-02 02:00:59,876 - sarcos - DEBUG - Objective: -108.8652
2016-06-02 02:00:59,971 - sarcos - DEBUG - Objective: -103.5892
2016-06-02 02:01:00,067 - sarcos - DEBUG - Objective: -106.5331
2016-06-02 02:01:00,162 - sarcos - DEBUG - Objective: -106.9113
2016-06-02 02:01:00,260 - sarcos - DEBUG - Objective: -99.3128
2016-06-02 02:01:02,143 - sarcos - DEBUG - Overall objective: 5053.0569
2016-06-02 02:01:02,217 - sarcos - DEBUG - Objective: -123.8959
2016-06-02 02:01:02,303 - sarcos - DEBUG - Objective: -111.9721
2016-06-02 02:01:02,403 - sarcos - DEBUG - Objective: -90.2952
2016-06-02 02:01:02,501 - sarcos - DEBUG - Objective: -110.9780
2016-06-02 02:01:02,594 - sarcos - DEBUG - Objective: -104.3210
2016-06-02 02:01:02,689 - sarcos - DEBUG - Objective: -3.3553
2016-06-02 02:01:02,786 - sarcos - DEBUG - Objective: -14.8767
2016-06-02 02:01:02,881 - sarcos - DEBUG - Objective: -82.9824
2016-06-02 02:01:02,973 - sarcos - DEBUG - Objective: -63.9638
2016-06-02 02:01:03,069 - sarcos - DEBUG - Objective: -67.1638
2016-06-02 02:01:03,156 - sarcos - DEBUG - Objective: -65.6025
2016-06-02 02:01:03,252 - sarcos - DEBUG - Objective: -105.1678
2016-06-02 02:01:03,346 - sarcos - DEBUG - Objective: -118.1785
2016-06-02 02:01:03,440 - sarcos - DEBUG - Objective: -122.6815
2016-06-02 02:01:03,532 - sarcos - DEBUG - Objective: -127.6667
2016-06-02 02:01:03,627 - sarcos - DEBUG - Objective: -124.6165
2016-06-02 02:01:03,718 - sarcos - DEBUG - Objective: -127.6303
2016-06-02 02:01:03,814 - sarcos - DEBUG - Objective: -122.3345
2016-06-02 02:01:03,910 - sarcos - DEBUG - Objective: -123.9322
2016-06-02 02:01:04,003 - sarcos - DEBUG - Objective: -128.7131
2016-06-02 02:01:04,096 - sarcos - DEBUG - Objective: -127.6929
2016-06-02 02:01:04,187 - sarcos - DEBUG - Objective: -128.7158
2016-06-02 02:01:04,276 - sarcos - DEBUG - Objective: -128.8809
2016-06-02 02:01:04,369 - sarcos - DEBUG - Objective: -124.7097
2016-06-02 02:01:04,459 - sarcos - DEBUG - Objective: -120.6604
2016-06-02 02:01:04,553 - sarcos - DEBUG - Objective: -125.3954
2016-06-02 02:01:04,648 - sarcos - DEBUG - Objective: -121.4010
2016-06-02 02:01:04,745 - sarcos - DEBUG - Objective: -117.6877
2016-06-02 02:01:04,840 - sarcos - DEBUG - Objective: -114.2979
2016-06-02 02:01:04,935 - sarcos - DEBUG - Objective: -111.7080
2016-06-02 02:01:05,027 - sarcos - DEBUG - Objective: -105.5923
2016-06-02 02:01:05,123 - sarcos - DEBUG - Objective: -110.9947
2016-06-02 02:01:05,218 - sarcos - DEBUG - Objective: -106.3957
2016-06-02 02:01:05,313 - sarcos - DEBUG - Objective: -109.6799
2016-06-02 02:01:05,405 - sarcos - DEBUG - Objective: -107.6305
2016-06-02 02:01:05,500 - sarcos - DEBUG - Objective: -107.3641
2016-06-02 02:01:05,577 - sarcos - DEBUG - Objective: -108.6595
2016-06-02 02:01:05,652 - sarcos - DEBUG - Objective: -105.5600
2016-06-02 02:01:05,735 - sarcos - DEBUG - Objective: -106.5715
2016-06-02 02:01:05,908 - sarcos - DEBUG - Objective: -108.4267
2016-06-02 02:01:06,004 - sarcos - DEBUG - Objective: -106.5294
2016-06-02 02:01:06,096 - sarcos - DEBUG - Objective: -106.4488
2016-06-02 02:01:06,100 - sarcos - INFO - Interrupted by the user.
2016-06-02 02:01:07,947 - sarcos - INFO - Last objective value: 5236.861901
2016-06-02 02:01:07,947 - sarcos - DEBUG - prediction started...
2016-06-02 02:01:30,466 - sarcos - DEBUG - prediction finished
