2016-07-26 05:39:31,511 - sarcos - INFO - experiment started for:{'run_id': 0, 'max_iter': 200, 'optimization_config': {'hyp': 10, 'll': 10, 'mog': 25}, 'xtol': 0.001, 'git_hash': '831bf39c96d946b2a405d9aad5e19429592546c6', 'model_init': None, 'ftol': 1e-05, 'latent_noise:': 0.001, 'sparsity_factor': 0.004, 'll': 'CogLL', 'sample_num': 50000, 'experiment': 'sarcos', 'git_branch': 'master', 'random_Z': False, 'method': 'full'}
2016-07-26 05:43:36,656 - sarcos - INFO - Iteration 1 started.
2016-07-26 05:43:36,657 - sarcos - INFO - Optimizing: mog
2016-07-26 05:43:36,682 - sarcos - DEBUG - Objective: 1013006.4889
2016-07-26 05:47:37,111 - sarcos - DEBUG - Objective: 966584.1372
2016-07-26 05:51:38,262 - sarcos - DEBUG - Objective: 829837.9120
2016-07-26 05:55:38,907 - sarcos - DEBUG - Objective: 782678.7896
2016-07-26 05:59:39,954 - sarcos - DEBUG - Objective: 754898.6469
2016-07-26 06:03:41,300 - sarcos - DEBUG - Objective: 737404.4720
2016-07-26 06:07:42,331 - sarcos - DEBUG - Objective: 729036.0493
2016-07-26 06:11:43,204 - sarcos - DEBUG - Objective: 722521.0401
2016-07-26 06:15:44,116 - sarcos - DEBUG - Objective: 718133.1481
2016-07-26 06:19:45,057 - sarcos - DEBUG - Objective: 715114.1602
2016-07-26 06:23:45,888 - sarcos - DEBUG - Objective: 712896.5342
2016-07-26 06:27:46,631 - sarcos - DEBUG - Objective: 711644.4740
2016-07-26 06:31:47,682 - sarcos - DEBUG - Objective: 710022.9942
2016-07-26 06:35:48,598 - sarcos - DEBUG - Objective: 709309.9868
2016-07-26 06:39:50,382 - sarcos - DEBUG - Objective: 708515.3554
2016-07-26 06:43:54,106 - sarcos - DEBUG - Objective: 707518.6702
2016-07-26 06:47:57,073 - sarcos - DEBUG - Objective: 707125.3291
2016-07-26 06:52:00,922 - sarcos - DEBUG - Objective: 706746.1245
2016-07-26 06:56:04,060 - sarcos - DEBUG - Objective: 706335.7415
2016-07-26 07:00:07,204 - sarcos - DEBUG - Objective: 706194.6836
2016-07-26 07:04:10,487 - sarcos - DEBUG - Objective: 706059.5667
2016-07-26 07:08:13,849 - sarcos - DEBUG - Objective: 705920.0886
2016-07-26 07:12:16,133 - sarcos - DEBUG - Objective: 705797.5574
2016-07-26 07:16:19,598 - sarcos - DEBUG - Objective: 705615.3146
2016-07-26 07:20:23,228 - sarcos - DEBUG - Objective: 705478.2656
2016-07-26 07:24:25,352 - sarcos - DEBUG - Objective: 705418.9362
2016-07-26 07:24:25,360 - sarcos - INFO - Optimizing: hyp
2016-07-26 07:31:54,062 - sarcos - DEBUG - Objective: 705418.0065
2016-07-26 07:39:25,525 - sarcos - DEBUG - Objective: 444196.4713
2016-07-26 07:46:56,754 - sarcos - DEBUG - Objective: 339013.3937
2016-07-26 07:54:30,817 - sarcos - DEBUG - Objective: 320376.1782
2016-07-26 08:02:05,908 - sarcos - DEBUG - Objective: 243940.8711
2016-07-26 08:09:44,190 - sarcos - DEBUG - Objective: 237015.3524
2016-07-26 08:17:20,597 - sarcos - DEBUG - Objective: 220597.5366
2016-07-26 08:25:02,327 - sarcos - DEBUG - Objective: 211508.5378
2016-07-26 08:32:40,266 - sarcos - DEBUG - Objective: 208151.4967
2016-07-26 08:40:16,413 - sarcos - DEBUG - Objective: 206504.4929
2016-07-26 08:47:55,211 - sarcos - DEBUG - Objective: 204649.8409
2016-07-26 08:47:55,212 - sarcos - INFO - Optimizing: ll
2016-07-26 08:49:58,894 - sarcos - DEBUG - Objective: 204653.1982
2016-07-26 08:52:03,007 - sarcos - DEBUG - Objective: 111994.1290
2016-07-26 08:54:07,302 - sarcos - DEBUG - Objective: 105325.8741
2016-07-26 08:56:11,279 - sarcos - DEBUG - Objective: 102821.4111
2016-07-26 08:58:15,269 - sarcos - DEBUG - Objective: 102670.0725
2016-07-26 09:00:19,342 - sarcos - DEBUG - Objective: 102666.5430
2016-07-26 09:02:23,398 - sarcos - DEBUG - Objective: 102666.9185
2016-07-26 09:04:27,524 - sarcos - DEBUG - Objective: 102667.1038
2016-07-26 09:06:31,341 - sarcos - DEBUG - Objective: 102667.2053
2016-07-26 09:08:35,395 - sarcos - DEBUG - Objective: 102665.7307
2016-07-26 09:08:35,395 - sarcos - DEBUG - Objective: 102665.7307
2016-07-26 09:08:35,411 - sarcos - INFO - Iteration 2 started.
2016-07-26 09:08:35,411 - sarcos - INFO - Optimizing: mog
2016-07-26 09:12:40,064 - sarcos - DEBUG - Objective: 102667.0906
2016-07-26 09:16:44,320 - sarcos - DEBUG - Objective: 99231.0562
2016-07-26 09:20:48,360 - sarcos - DEBUG - Objective: 91157.6414
2016-07-26 09:24:52,529 - sarcos - DEBUG - Objective: 88292.2950
2016-07-26 09:28:56,395 - sarcos - DEBUG - Objective: 86428.1255
2016-07-26 09:33:00,066 - sarcos - DEBUG - Objective: 84116.3297
2016-07-26 09:37:04,071 - sarcos - DEBUG - Objective: 82246.2569
2016-07-26 09:41:08,296 - sarcos - DEBUG - Objective: 81177.1602
2016-07-26 09:45:12,731 - sarcos - DEBUG - Objective: 80445.3613
2016-07-26 09:49:17,392 - sarcos - DEBUG - Objective: 79851.3154
2016-07-26 09:53:21,943 - sarcos - DEBUG - Objective: 79489.6669
2016-07-26 09:57:27,349 - sarcos - DEBUG - Objective: 79118.7759
2016-07-26 10:01:32,193 - sarcos - DEBUG - Objective: 78857.1458
2016-07-26 10:05:36,806 - sarcos - DEBUG - Objective: 78710.8922
2016-07-26 10:09:41,273 - sarcos - DEBUG - Objective: 78554.8401
2016-07-26 10:13:45,804 - sarcos - DEBUG - Objective: 78483.6487
2016-07-26 10:17:50,138 - sarcos - DEBUG - Objective: 78337.4667
2016-07-26 10:21:54,463 - sarcos - DEBUG - Objective: 78290.2406
2016-07-26 10:25:58,617 - sarcos - DEBUG - Objective: 78227.6129
2016-07-26 10:30:03,590 - sarcos - DEBUG - Objective: 78174.7218
2016-07-26 10:34:08,389 - sarcos - DEBUG - Objective: 78110.3140
2016-07-26 10:38:12,770 - sarcos - DEBUG - Objective: 78080.9154
2016-07-26 10:42:17,123 - sarcos - DEBUG - Objective: 78057.8366
2016-07-26 10:46:21,627 - sarcos - DEBUG - Objective: 78013.4410
2016-07-26 10:50:26,626 - sarcos - DEBUG - Objective: 78077.4684
2016-07-26 10:54:30,378 - sarcos - DEBUG - Objective: 77999.6940
2016-07-26 10:54:30,385 - sarcos - INFO - Optimizing: hyp
2016-07-26 11:02:04,940 - sarcos - DEBUG - Objective: 77998.1245
2016-07-26 11:09:37,547 - sarcos - DEBUG - Objective: 76009.9269
2016-07-26 11:17:12,227 - sarcos - DEBUG - Objective: 71788.6296
2016-07-26 11:24:46,111 - sarcos - DEBUG - Objective: 71744.0720
2016-07-26 11:32:19,184 - sarcos - DEBUG - Objective: 71533.1501
2016-07-26 11:39:51,926 - sarcos - DEBUG - Objective: 71365.2346
2016-07-26 11:47:37,655 - sarcos - DEBUG - Objective: 71070.7150
2016-07-26 11:55:48,091 - sarcos - DEBUG - Objective: 70860.1755
2016-07-26 12:03:59,188 - sarcos - DEBUG - Objective: 70383.6979
2016-07-26 12:11:48,827 - sarcos - DEBUG - Objective: 70328.4540
2016-07-26 12:19:55,312 - sarcos - DEBUG - Objective: 70281.3439
2016-07-26 12:19:55,313 - sarcos - INFO - Optimizing: ll
2016-07-26 12:22:10,235 - sarcos - DEBUG - Objective: 70281.4167
2016-07-26 12:24:24,034 - sarcos - DEBUG - Objective: 54590.5720
2016-07-26 12:26:38,777 - sarcos - DEBUG - Objective: 54582.8125
2016-07-26 12:28:53,413 - sarcos - DEBUG - Objective: 54579.4609
2016-07-26 12:31:08,475 - sarcos - DEBUG - Objective: 54578.9278
2016-07-26 12:33:23,262 - sarcos - DEBUG - Objective: 54580.4703
2016-07-26 12:35:36,300 - sarcos - DEBUG - Objective: 54575.8860
2016-07-26 12:37:45,373 - sarcos - DEBUG - Objective: 54579.5406
2016-07-26 12:39:54,821 - sarcos - DEBUG - Objective: 54579.6337
2016-07-26 12:39:54,822 - sarcos - DEBUG - Objective: 54579.6337
2016-07-26 12:39:54,854 - sarcos - DEBUG - Objective difference: 48086.097046
2016-07-26 12:39:54,854 - sarcos - INFO - Mean difference: 0.677150
2016-07-26 12:39:54,855 - sarcos - INFO - Covariance difference: 0.005823
2016-07-26 12:39:54,855 - sarcos - INFO - Iteration 3 started.
2016-07-26 12:39:54,855 - sarcos - INFO - Optimizing: mog
2016-07-26 12:44:19,756 - sarcos - DEBUG - Objective: 54579.9768
2016-07-26 12:48:41,222 - sarcos - DEBUG - Objective: 48589.6766
2016-07-26 12:53:05,539 - sarcos - DEBUG - Objective: 46414.5376
2016-07-26 12:57:25,203 - sarcos - DEBUG - Objective: 45845.5286
2016-07-26 13:01:36,642 - sarcos - DEBUG - Objective: 45496.7072
2016-07-26 13:05:50,912 - sarcos - DEBUG - Objective: 45254.3331
2016-07-26 13:10:04,964 - sarcos - DEBUG - Objective: 44974.7503
2016-07-26 13:14:15,250 - sarcos - DEBUG - Objective: 44762.3103
2016-07-26 13:18:26,401 - sarcos - DEBUG - Objective: 44508.7403
2016-07-26 13:22:36,552 - sarcos - DEBUG - Objective: 44389.9565
2016-07-26 13:26:52,621 - sarcos - DEBUG - Objective: 44237.4042
2016-07-26 13:31:04,651 - sarcos - DEBUG - Objective: 44031.0227
2016-07-26 13:35:14,713 - sarcos - DEBUG - Objective: 44036.6869
2016-07-26 13:39:30,942 - sarcos - DEBUG - Objective: 43905.7452
2016-07-26 13:43:56,739 - sarcos - DEBUG - Objective: 43750.8350
2016-07-26 13:48:22,497 - sarcos - DEBUG - Objective: 43625.9211
2016-07-26 13:52:46,967 - sarcos - DEBUG - Objective: 43513.2082
2016-07-26 13:57:10,714 - sarcos - DEBUG - Objective: 43418.6472
2016-07-26 14:01:34,808 - sarcos - DEBUG - Objective: 43290.2983
2016-07-26 14:05:59,331 - sarcos - DEBUG - Objective: 43221.8093
2016-07-26 14:10:10,031 - sarcos - DEBUG - Objective: 43144.0365
2016-07-26 14:14:35,618 - sarcos - DEBUG - Objective: 43066.6543
2016-07-26 14:19:03,507 - sarcos - DEBUG - Objective: 42997.5523
2016-07-26 14:23:28,929 - sarcos - DEBUG - Objective: 42936.4809
2016-07-26 14:27:41,758 - sarcos - DEBUG - Objective: 42897.9903
2016-07-26 14:31:51,526 - sarcos - DEBUG - Objective: 42844.7456
2016-07-26 14:31:51,534 - sarcos - INFO - Optimizing: hyp
2016-07-26 14:39:34,331 - sarcos - DEBUG - Objective: 42842.3957
2016-07-26 14:47:23,669 - sarcos - DEBUG - Objective: 41973.7802
2016-07-26 14:55:15,780 - sarcos - DEBUG - Objective: 259150.6177
2016-07-26 15:03:01,859 - sarcos - DEBUG - Objective: 146484.5813
2016-07-26 15:10:52,793 - sarcos - DEBUG - Objective: 36250.2249
2016-07-26 15:18:40,736 - sarcos - DEBUG - Objective: 36205.7808
2016-07-26 15:26:23,562 - sarcos - DEBUG - Objective: 36211.5435
2016-07-26 15:34:08,972 - sarcos - DEBUG - Objective: 36185.4796
2016-07-26 15:42:05,557 - sarcos - DEBUG - Objective: 36196.8054
2016-07-26 15:50:12,417 - sarcos - DEBUG - Objective: 36175.3533
2016-07-26 15:58:13,356 - sarcos - DEBUG - Objective: 36194.6115
2016-07-26 16:06:12,106 - sarcos - INFO - Optimizing: ll
2016-07-26 16:08:22,745 - sarcos - DEBUG - Objective: 36176.7430
2016-07-26 16:10:30,964 - sarcos - DEBUG - Objective: 33409.9619
2016-07-26 16:12:40,746 - sarcos - DEBUG - Objective: 29760.4509
2016-07-26 16:14:51,256 - sarcos - DEBUG - Objective: 29481.6293
2016-07-26 16:16:59,642 - sarcos - DEBUG - Objective: 29445.8087
2016-07-26 16:19:09,345 - sarcos - DEBUG - Objective: 29445.0307
2016-07-26 16:21:18,067 - sarcos - DEBUG - Objective: 29444.9756
2016-07-26 16:23:26,190 - sarcos - DEBUG - Objective: 29442.8507
2016-07-26 16:25:35,625 - sarcos - DEBUG - Objective: 29445.8823
2016-07-26 16:27:44,757 - sarcos - DEBUG - Objective: 29445.4827
2016-07-26 16:29:53,550 - sarcos - DEBUG - Objective: 29443.8338
2016-07-26 16:29:53,593 - sarcos - DEBUG - Objective difference: 25135.799889
2016-07-26 16:29:53,593 - sarcos - INFO - Mean difference: 0.306225
2016-07-26 16:29:53,593 - sarcos - INFO - Covariance difference: 0.004357
2016-07-26 16:29:53,594 - sarcos - INFO - Iteration 4 started.
2016-07-26 16:29:53,594 - sarcos - INFO - Optimizing: mog
2016-07-26 16:34:06,737 - sarcos - DEBUG - Objective: 29444.5350
2016-07-26 16:38:24,151 - sarcos - DEBUG - Objective: 24254.5635
2016-07-26 16:42:38,716 - sarcos - DEBUG - Objective: 22994.7512
2016-07-26 16:46:54,179 - sarcos - DEBUG - Objective: 22496.0812
2016-07-26 16:51:08,229 - sarcos - DEBUG - Objective: 22347.0742
2016-07-26 16:55:25,330 - sarcos - DEBUG - Objective: 22249.8243
2016-07-26 16:59:42,098 - sarcos - DEBUG - Objective: 22179.9463
2016-07-26 17:03:57,517 - sarcos - DEBUG - Objective: 22119.3388
2016-07-26 17:08:12,778 - sarcos - DEBUG - Objective: 22078.8560
2016-07-26 17:12:27,139 - sarcos - DEBUG - Objective: 22005.5847
2016-07-26 17:16:42,804 - sarcos - DEBUG - Objective: 21964.7859
2016-07-26 17:20:58,436 - sarcos - DEBUG - Objective: 21912.2731
2016-07-26 17:25:14,690 - sarcos - DEBUG - Objective: 21835.1480
2016-07-26 17:29:31,673 - sarcos - DEBUG - Objective: 21776.6190
2016-07-26 17:33:46,517 - sarcos - DEBUG - Objective: 21714.6989
2016-07-26 17:38:01,037 - sarcos - DEBUG - Objective: 21663.7036
2016-07-26 17:42:15,226 - sarcos - DEBUG - Objective: 21606.7520
2016-07-26 17:46:28,809 - sarcos - DEBUG - Objective: 21559.7060
2016-07-26 17:50:43,332 - sarcos - DEBUG - Objective: 21468.6864
2016-07-26 17:54:57,533 - sarcos - DEBUG - Objective: 21431.1929
2016-07-26 17:59:10,980 - sarcos - DEBUG - Objective: 21381.9506
2016-07-26 18:03:24,918 - sarcos - DEBUG - Objective: 21324.2296
2016-07-26 18:07:38,979 - sarcos - DEBUG - Objective: 21268.1736
2016-07-26 18:11:55,209 - sarcos - DEBUG - Objective: 21207.5534
2016-07-26 18:16:10,244 - sarcos - DEBUG - Objective: 21165.1754
2016-07-26 18:20:24,571 - sarcos - DEBUG - Objective: 21116.3005
2016-07-26 18:20:24,578 - sarcos - INFO - Optimizing: hyp
2016-07-26 18:28:16,208 - sarcos - DEBUG - Objective: 21116.7693
2016-07-26 18:36:10,601 - sarcos - DEBUG - Objective: 22240.3989
2016-07-26 18:44:07,894 - sarcos - DEBUG - Objective: 20686.2974
2016-07-26 18:52:09,268 - sarcos - DEBUG - Objective: 48847.9625
2016-07-26 19:00:06,018 - sarcos - DEBUG - Objective: 55623.6364
2016-07-26 19:08:07,761 - sarcos - DEBUG - Objective: 27186.4339
2016-07-26 19:16:07,334 - sarcos - DEBUG - Objective: 13715.4054
2016-07-26 19:24:01,947 - sarcos - DEBUG - Objective: 13709.3915
2016-07-26 19:31:58,778 - sarcos - DEBUG - Objective: 13706.6946
2016-07-26 19:39:54,679 - sarcos - DEBUG - Objective: 13692.0645
2016-07-26 19:47:46,889 - sarcos - DEBUG - Objective: 13656.9538
2016-07-26 19:47:46,890 - sarcos - INFO - Optimizing: ll
2016-07-26 19:49:56,963 - sarcos - DEBUG - Objective: 13656.2593
2016-07-26 19:52:05,525 - sarcos - DEBUG - Objective: 18048.2202
2016-07-26 19:54:14,400 - sarcos - DEBUG - Objective: 9818.7189
2016-07-26 19:56:22,524 - sarcos - DEBUG - Objective: 9804.6177
2016-07-26 19:58:31,997 - sarcos - DEBUG - Objective: 9804.6676
2016-07-26 20:00:40,261 - sarcos - DEBUG - Objective: 9804.9037
2016-07-26 20:02:46,947 - sarcos - DEBUG - Objective: 9803.3404
2016-07-26 20:04:54,689 - sarcos - DEBUG - Objective: 9803.4979
2016-07-26 20:07:05,329 - sarcos - DEBUG - Objective: 9805.6051
2016-07-26 20:07:05,346 - sarcos - DEBUG - Objective difference: 19638.228661
2016-07-26 20:07:05,346 - sarcos - INFO - Mean difference: 0.116110
2016-07-26 20:07:05,346 - sarcos - INFO - Covariance difference: 0.003695
2016-07-26 20:07:05,346 - sarcos - INFO - Iteration 5 started.
2016-07-26 20:07:05,347 - sarcos - INFO - Optimizing: mog
2016-07-26 20:11:17,819 - sarcos - DEBUG - Objective: 9804.2708
2016-07-26 20:15:34,638 - sarcos - DEBUG - Objective: 5588.5079
2016-07-26 20:19:49,488 - sarcos - DEBUG - Objective: 4343.1406
2016-07-26 20:24:03,038 - sarcos - DEBUG - Objective: 4068.8322
2016-07-26 20:28:19,431 - sarcos - DEBUG - Objective: 3894.6237
2016-07-26 20:32:35,819 - sarcos - DEBUG - Objective: 3794.9026
2016-07-26 20:36:51,154 - sarcos - DEBUG - Objective: 3724.8174
2016-07-26 20:41:08,571 - sarcos - DEBUG - Objective: 3681.4193
2016-07-26 20:45:22,081 - sarcos - DEBUG - Objective: 3642.2357
2016-07-26 20:49:35,991 - sarcos - DEBUG - Objective: 3625.2821
2016-07-26 20:53:53,279 - sarcos - DEBUG - Objective: 3584.6968
2016-07-26 20:58:06,319 - sarcos - DEBUG - Objective: 3573.9184
2016-07-26 21:02:21,178 - sarcos - DEBUG - Objective: 3557.8277
2016-07-26 21:06:39,690 - sarcos - DEBUG - Objective: 3535.8188
2016-07-26 21:11:02,192 - sarcos - DEBUG - Objective: 3517.5682
2016-07-26 21:15:29,676 - sarcos - DEBUG - Objective: 3487.8882
2016-07-26 21:19:56,816 - sarcos - DEBUG - Objective: 3466.3573
2016-07-26 21:24:20,743 - sarcos - DEBUG - Objective: 3435.5115
2016-07-26 21:28:48,934 - sarcos - DEBUG - Objective: 3396.5389
2016-07-26 21:33:17,829 - sarcos - DEBUG - Objective: 3348.5945
2016-07-26 21:37:44,310 - sarcos - DEBUG - Objective: 3308.2557
2016-07-26 21:42:09,545 - sarcos - DEBUG - Objective: 3267.3343
2016-07-26 21:46:34,177 - sarcos - DEBUG - Objective: 3232.0069
2016-07-26 21:51:00,339 - sarcos - DEBUG - Objective: 3189.4759
2016-07-26 21:55:25,522 - sarcos - DEBUG - Objective: 3139.5311
2016-07-26 21:59:50,552 - sarcos - DEBUG - Objective: 3110.1789
2016-07-26 21:59:50,559 - sarcos - INFO - Optimizing: hyp
2016-07-26 22:08:01,325 - sarcos - DEBUG - Objective: 3111.1755
2016-07-26 22:16:06,283 - sarcos - DEBUG - Objective: 4758.8340
2016-07-26 22:24:00,067 - sarcos - DEBUG - Objective: 2860.5420
2016-07-26 22:32:16,510 - sarcos - DEBUG - Objective: 27294.2108
2016-07-26 22:40:38,575 - sarcos - DEBUG - Objective: 6903.9486
2016-07-26 22:48:59,954 - sarcos - DEBUG - Objective: -3822.9645
2016-07-26 22:57:20,181 - sarcos - DEBUG - Objective: -4126.4462
2016-07-26 23:05:46,824 - sarcos - DEBUG - Objective: -4039.3546
2016-07-26 23:14:06,692 - sarcos - DEBUG - Objective: -4149.5948
2016-07-26 23:22:26,308 - sarcos - DEBUG - Objective: -4100.0907
2016-07-26 23:30:47,324 - sarcos - DEBUG - Objective: -4151.2769
2016-07-26 23:30:47,324 - sarcos - INFO - Optimizing: ll
2016-07-26 23:33:03,773 - sarcos - DEBUG - Objective: -4151.5738
2016-07-26 23:35:20,719 - sarcos - DEBUG - Objective: 3316.1965
2016-07-26 23:37:37,241 - sarcos - DEBUG - Objective: -7064.0882
2016-07-26 23:39:54,147 - sarcos - DEBUG - Objective: -7076.8382
2016-07-26 23:42:11,415 - sarcos - DEBUG - Objective: -7082.2183
2016-07-26 23:44:27,445 - sarcos - DEBUG - Objective: -7078.6105
2016-07-26 23:46:44,240 - sarcos - DEBUG - Objective: -7078.1054
2016-07-26 23:49:02,215 - sarcos - DEBUG - Objective: -7079.2403
2016-07-26 23:49:02,216 - sarcos - DEBUG - Objective: -7079.2403
2016-07-26 23:49:02,234 - sarcos - DEBUG - Objective difference: 16884.845466
2016-07-26 23:49:02,234 - sarcos - INFO - Mean difference: 0.076855
2016-07-26 23:49:02,234 - sarcos - INFO - Covariance difference: 0.002655
2016-07-26 23:49:02,235 - sarcos - INFO - Iteration 6 started.
2016-07-26 23:49:02,235 - sarcos - INFO - Optimizing: mog
2016-07-26 23:53:32,468 - sarcos - DEBUG - Objective: -7081.7409
2016-07-26 23:58:07,689 - sarcos - DEBUG - Objective: -10863.9394
2016-07-27 00:02:42,265 - sarcos - DEBUG - Objective: -12985.6381
2016-07-27 00:07:15,969 - sarcos - DEBUG - Objective: -13201.8830
2016-07-27 00:11:46,637 - sarcos - DEBUG - Objective: -13402.0407
2016-07-27 00:16:19,796 - sarcos - DEBUG - Objective: -13534.4965
2016-07-27 00:20:54,700 - sarcos - DEBUG - Objective: -13628.1256
2016-07-27 00:25:29,361 - sarcos - DEBUG - Objective: -13689.0602
2016-07-27 00:30:03,376 - sarcos - DEBUG - Objective: -13763.1221
2016-07-27 00:34:37,974 - sarcos - DEBUG - Objective: -13803.6315
2016-07-27 00:39:07,646 - sarcos - DEBUG - Objective: -13848.1016
2016-07-27 00:43:38,545 - sarcos - DEBUG - Objective: -13892.0258
2016-07-27 00:48:10,144 - sarcos - DEBUG - Objective: -13922.8597
2016-07-27 00:52:42,376 - sarcos - DEBUG - Objective: -13974.2678
2016-07-27 00:57:14,058 - sarcos - DEBUG - Objective: -14031.9829
2016-07-27 01:01:44,109 - sarcos - DEBUG - Objective: -14058.5742
2016-07-27 01:06:14,952 - sarcos - DEBUG - Objective: -14100.1299
2016-07-27 01:10:46,975 - sarcos - DEBUG - Objective: -14119.6678
2016-07-27 01:15:16,502 - sarcos - DEBUG - Objective: -14151.1864
2016-07-27 01:19:46,652 - sarcos - DEBUG - Objective: -14169.1806
2016-07-27 01:24:17,447 - sarcos - DEBUG - Objective: -14180.4010
2016-07-27 01:28:48,761 - sarcos - DEBUG - Objective: -14201.2048
2016-07-27 01:33:21,981 - sarcos - DEBUG - Objective: -14221.8919
2016-07-27 01:37:53,515 - sarcos - DEBUG - Objective: -14233.4053
2016-07-27 01:42:26,699 - sarcos - DEBUG - Objective: -14254.0269
2016-07-27 01:46:59,369 - sarcos - DEBUG - Objective: -14270.9386
2016-07-27 01:46:59,378 - sarcos - INFO - Optimizing: hyp
2016-07-27 01:55:27,935 - sarcos - DEBUG - Objective: -14269.2430
2016-07-27 02:03:56,526 - sarcos - DEBUG - Objective: -11572.0516
2016-07-27 02:12:17,605 - sarcos - DEBUG - Objective: -14314.8575
2016-07-27 02:20:38,677 - sarcos - DEBUG - Objective: 15744.3539
2016-07-27 02:29:01,549 - sarcos - DEBUG - Objective: -18094.0677
2016-07-27 02:37:15,137 - sarcos - DEBUG - Objective: -19622.2544
2016-07-27 02:45:33,311 - sarcos - DEBUG - Objective: -19842.8383
2016-07-27 02:53:54,681 - sarcos - DEBUG - Objective: -19897.6136
2016-07-27 03:02:16,113 - sarcos - DEBUG - Objective: -19605.6529
2016-07-27 03:10:38,229 - sarcos - DEBUG - Objective: -19910.7781
2016-07-27 03:19:01,316 - sarcos - DEBUG - Objective: -19759.8023
2016-07-27 03:27:24,865 - sarcos - INFO - Optimizing: ll
2016-07-27 03:29:42,516 - sarcos - DEBUG - Objective: -19910.0601
2016-07-27 03:32:00,828 - sarcos - DEBUG - Objective: -11063.3134
2016-07-27 03:34:19,850 - sarcos - DEBUG - Objective: -22459.5618
2016-07-27 03:36:38,451 - sarcos - DEBUG - Objective: -22473.1117
2016-07-27 03:38:57,166 - sarcos - DEBUG - Objective: -22472.7048
2016-07-27 03:41:15,834 - sarcos - DEBUG - Objective: -22473.6613
2016-07-27 03:43:33,326 - sarcos - DEBUG - Objective: -22472.9519
2016-07-27 03:45:51,300 - sarcos - DEBUG - Objective: -22472.4850
2016-07-27 03:48:09,744 - sarcos - DEBUG - Objective: -22472.4114
2016-07-27 03:50:27,698 - sarcos - DEBUG - Objective: -22474.4807
2016-07-27 03:50:27,699 - sarcos - DEBUG - Objective: -22474.4807
2016-07-27 03:50:27,717 - sarcos - DEBUG - Objective difference: 15395.240380
2016-07-27 03:50:27,717 - sarcos - INFO - Mean difference: 0.095836
2016-07-27 03:50:27,717 - sarcos - INFO - Covariance difference: 0.001047
2016-07-27 03:50:27,718 - sarcos - INFO - Iteration 7 started.
2016-07-27 03:50:27,718 - sarcos - INFO - Optimizing: mog
2016-07-27 03:54:58,524 - sarcos - DEBUG - Objective: -22472.7576
2016-07-27 03:59:31,087 - sarcos - DEBUG - Objective: -22722.3867
2016-07-27 04:03:59,815 - sarcos - DEBUG - Objective: -27098.2896
2016-07-27 04:08:30,653 - sarcos - DEBUG - Objective: -27878.8032
2016-07-27 04:13:04,627 - sarcos - DEBUG - Objective: -28225.3021
2016-07-27 04:17:37,383 - sarcos - DEBUG - Objective: -28404.3366
2016-07-27 04:22:09,995 - sarcos - DEBUG - Objective: -28515.1000
2016-07-27 04:26:39,337 - sarcos - DEBUG - Objective: -28599.8165
2016-07-27 04:31:09,578 - sarcos - DEBUG - Objective: -28663.9083
2016-07-27 04:35:42,376 - sarcos - DEBUG - Objective: -28718.8922
2016-07-27 04:40:13,994 - sarcos - DEBUG - Objective: -28758.6106
2016-07-27 04:44:46,888 - sarcos - DEBUG - Objective: -28819.8942
2016-07-27 04:49:20,387 - sarcos - DEBUG - Objective: -28839.9655
2016-07-27 04:53:53,843 - sarcos - DEBUG - Objective: -28872.8734
2016-07-27 04:58:27,011 - sarcos - DEBUG - Objective: -28894.0414
2016-07-27 05:02:58,436 - sarcos - DEBUG - Objective: -28924.5965
2016-07-27 05:07:30,806 - sarcos - DEBUG - Objective: -28941.4093
2016-07-27 05:12:02,505 - sarcos - DEBUG - Objective: -28964.6182
2016-07-27 05:16:34,458 - sarcos - DEBUG - Objective: -28996.3036
2016-07-27 05:21:07,197 - sarcos - DEBUG - Objective: -29032.6111
2016-07-27 05:25:40,307 - sarcos - DEBUG - Objective: -29067.8916
2016-07-27 05:30:12,260 - sarcos - DEBUG - Objective: -29103.9056
2016-07-27 05:34:42,768 - sarcos - DEBUG - Objective: -29138.8522
2016-07-27 05:39:14,440 - sarcos - DEBUG - Objective: -29188.2319
2016-07-27 05:43:46,589 - sarcos - DEBUG - Objective: -29221.1912
2016-07-27 05:48:18,216 - sarcos - DEBUG - Objective: -29244.4632
2016-07-27 05:48:18,223 - sarcos - INFO - Optimizing: hyp
2016-07-27 05:56:45,758 - sarcos - DEBUG - Objective: -29247.3192
2016-07-27 06:05:13,586 - sarcos - DEBUG - Objective: -27108.9292
2016-07-27 06:13:36,364 - sarcos - DEBUG - Objective: -29260.1542
2016-07-27 06:21:59,571 - sarcos - DEBUG - Objective: -28287.6432
2016-07-27 06:30:24,143 - sarcos - DEBUG - Objective: -29241.8318
2016-07-27 06:38:49,415 - sarcos - DEBUG - Objective: -29258.8481
2016-07-27 06:47:11,343 - sarcos - DEBUG - Objective: -29260.6850
2016-07-27 06:47:11,344 - sarcos - DEBUG - Objective: -29260.6850
2016-07-27 06:55:32,704 - sarcos - DEBUG - Objective: -5215.1756
2016-07-27 07:04:00,495 - sarcos - DEBUG - Objective: -30797.7045
2016-07-27 07:12:29,285 - sarcos - DEBUG - Objective: -30593.4740
2016-07-27 07:20:54,049 - sarcos - INFO - Optimizing: ll
2016-07-27 07:23:08,959 - sarcos - DEBUG - Objective: -30798.0255
2016-07-27 07:25:17,008 - sarcos - DEBUG - Objective: -13157.4910
2016-07-27 07:27:33,147 - sarcos - DEBUG - Objective: -31683.8943
2016-07-27 07:29:49,709 - sarcos - DEBUG - Objective: -31693.5637
2016-07-27 07:32:03,156 - sarcos - DEBUG - Objective: -31692.8392
2016-07-27 07:34:19,557 - sarcos - DEBUG - Objective: -31692.7153
2016-07-27 07:36:27,299 - sarcos - DEBUG - Objective: -31690.7633
2016-07-27 07:38:34,388 - sarcos - DEBUG - Objective: -31693.3748
2016-07-27 07:40:44,506 - sarcos - DEBUG - Objective: -31692.6158
2016-07-27 07:40:44,507 - sarcos - DEBUG - Objective: -31692.6158
2016-07-27 07:40:44,525 - sarcos - DEBUG - Objective difference: 9218.135040
2016-07-27 07:40:44,525 - sarcos - INFO - Mean difference: 0.086793
2016-07-27 07:40:44,525 - sarcos - INFO - Covariance difference: 0.001062
2016-07-27 07:40:44,526 - sarcos - INFO - Iteration 8 started.
2016-07-27 07:40:44,526 - sarcos - INFO - Optimizing: mog
2016-07-27 07:45:00,790 - sarcos - DEBUG - Objective: -31691.5502
2016-07-27 07:49:18,278 - sarcos - DEBUG - Objective: -19687.7383
2016-07-27 07:53:51,347 - sarcos - DEBUG - Objective: -32195.4399
2016-07-27 07:58:25,723 - sarcos - DEBUG - Objective: -32352.5011
2016-07-27 08:02:57,217 - sarcos - DEBUG - Objective: -32429.2361
2016-07-27 08:07:27,787 - sarcos - DEBUG - Objective: -32492.1669
2016-07-27 08:12:00,457 - sarcos - DEBUG - Objective: -32519.2918
2016-07-27 08:16:35,767 - sarcos - DEBUG - Objective: -32546.2125
2016-07-27 08:21:09,669 - sarcos - DEBUG - Objective: -32558.9356
2016-07-27 08:25:43,722 - sarcos - DEBUG - Objective: -32571.6797
2016-07-27 08:30:13,108 - sarcos - DEBUG - Objective: -32591.9159
2016-07-27 08:34:41,873 - sarcos - DEBUG - Objective: -32592.5559
2016-07-27 08:38:57,557 - sarcos - DEBUG - Objective: -32602.9831
2016-07-27 08:43:07,417 - sarcos - DEBUG - Objective: -32614.7042
2016-07-27 08:47:17,441 - sarcos - DEBUG - Objective: -32623.5302
2016-07-27 08:51:27,295 - sarcos - DEBUG - Objective: -32628.2333
2016-07-27 08:55:37,288 - sarcos - DEBUG - Objective: -32637.9738
2016-07-27 08:59:46,990 - sarcos - DEBUG - Objective: -32645.3510
2016-07-27 09:03:56,771 - sarcos - DEBUG - Objective: -32656.2225
2016-07-27 09:08:06,816 - sarcos - DEBUG - Objective: -32669.6824
2016-07-27 09:12:17,056 - sarcos - DEBUG - Objective: -32685.6033
2016-07-27 09:16:27,575 - sarcos - DEBUG - Objective: -32698.2404
2016-07-27 09:20:37,004 - sarcos - DEBUG - Objective: -32714.4909
2016-07-27 09:24:47,195 - sarcos - DEBUG - Objective: -32734.6140
2016-07-27 09:28:57,286 - sarcos - DEBUG - Objective: -32747.2960
2016-07-27 09:33:07,524 - sarcos - DEBUG - Objective: -32760.5894
2016-07-27 09:33:07,533 - sarcos - INFO - Optimizing: hyp
2016-07-27 09:40:51,036 - sarcos - DEBUG - Objective: -32759.6593
2016-07-27 09:48:59,300 - sarcos - DEBUG - Objective: -28347.5190
2016-07-27 09:57:23,898 - sarcos - DEBUG - Objective: -32711.2856
2016-07-27 10:05:52,706 - sarcos - DEBUG - Objective: -32753.1828
2016-07-27 10:14:20,205 - sarcos - DEBUG - Objective: -32759.0361
2016-07-27 10:22:29,582 - sarcos - DEBUG - Objective: -32758.6755
2016-07-27 10:30:57,480 - sarcos - DEBUG - Objective: -32760.1962
2016-07-27 10:39:28,361 - sarcos - DEBUG - Objective: -32758.5765
2016-07-27 10:47:57,996 - sarcos - DEBUG - Objective: -32759.3877
2016-07-27 10:47:57,997 - sarcos - INFO - Optimizing: ll
2016-07-27 10:50:17,462 - sarcos - DEBUG - Objective: -32759.6707
2016-07-27 10:52:35,934 - sarcos - DEBUG - Objective: -2925.8923
2016-07-27 10:54:55,420 - sarcos - DEBUG - Objective: -32775.7926
2016-07-27 10:57:13,873 - sarcos - DEBUG - Objective: -32777.1001
2016-07-27 10:59:33,874 - sarcos - DEBUG - Objective: -32777.2541
2016-07-27 11:01:52,628 - sarcos - DEBUG - Objective: -32776.4134
2016-07-27 11:04:12,952 - sarcos - DEBUG - Objective: -32778.3123
2016-07-27 11:06:32,613 - sarcos - DEBUG - Objective: -32776.4556
2016-07-27 11:08:52,120 - sarcos - DEBUG - Objective: -32775.5357
2016-07-27 11:08:52,138 - sarcos - DEBUG - Objective difference: 1082.919918
2016-07-27 11:08:52,138 - sarcos - INFO - Mean difference: 0.041015
2016-07-27 11:08:52,138 - sarcos - INFO - Covariance difference: 0.000779
2016-07-27 11:08:52,139 - sarcos - INFO - Iteration 9 started.
2016-07-27 11:08:52,139 - sarcos - INFO - Optimizing: mog
2016-07-27 11:13:25,575 - sarcos - DEBUG - Objective: -32775.7228
2016-07-27 11:17:58,418 - sarcos - DEBUG - Objective: -20852.9769
2016-07-27 11:22:31,517 - sarcos - DEBUG - Objective: -32785.3643
2016-07-27 11:27:06,064 - sarcos - DEBUG - Objective: -32790.4854
2016-07-27 11:31:41,847 - sarcos - DEBUG - Objective: -32805.3821
2016-07-27 11:36:17,799 - sarcos - DEBUG - Objective: -32807.9477
2016-07-27 11:40:53,334 - sarcos - DEBUG - Objective: -32815.7433
2016-07-27 11:45:29,821 - sarcos - DEBUG - Objective: -32824.0177
2016-07-27 11:50:03,229 - sarcos - DEBUG - Objective: -32828.7397
2016-07-27 11:54:38,491 - sarcos - DEBUG - Objective: -32837.0540
2016-07-27 11:59:13,786 - sarcos - DEBUG - Objective: -32842.4711
2016-07-27 12:03:48,967 - sarcos - DEBUG - Objective: -32845.8763
2016-07-27 12:08:23,607 - sarcos - DEBUG - Objective: -32848.8161
2016-07-27 12:12:57,633 - sarcos - DEBUG - Objective: -32854.0299
2016-07-27 12:17:33,348 - sarcos - DEBUG - Objective: -32860.6518
2016-07-27 12:22:08,370 - sarcos - DEBUG - Objective: -32864.7666
2016-07-27 12:26:43,987 - sarcos - DEBUG - Objective: -32872.1842
2016-07-27 12:31:17,231 - sarcos - DEBUG - Objective: -32877.8757
2016-07-27 12:35:40,112 - sarcos - DEBUG - Objective: -32881.2620
2016-07-27 12:39:54,393 - sarcos - DEBUG - Objective: -32890.5517
2016-07-27 12:44:06,403 - sarcos - DEBUG - Objective: -32901.6292
2016-07-27 12:48:17,907 - sarcos - DEBUG - Objective: -32910.2978
2016-07-27 12:52:31,272 - sarcos - DEBUG - Objective: -32920.7149
2016-07-27 12:56:43,593 - sarcos - DEBUG - Objective: -32934.4924
2016-07-27 13:01:00,156 - sarcos - DEBUG - Objective: -32952.9839
2016-07-27 13:05:21,065 - sarcos - DEBUG - Objective: -32980.8814
2016-07-27 13:05:21,073 - sarcos - INFO - Optimizing: hyp
2016-07-27 13:13:24,033 - sarcos - DEBUG - Objective: -32977.8053
2016-07-27 13:21:22,080 - sarcos - DEBUG - Objective: -27004.7588
2016-07-27 13:29:26,119 - sarcos - DEBUG - Objective: -32905.2693
2016-07-27 13:37:22,679 - sarcos - DEBUG - Objective: -32971.8648
2016-07-27 13:45:23,475 - sarcos - DEBUG - Objective: -32979.8448
2016-07-27 13:53:18,789 - sarcos - DEBUG - Objective: -32971.4270
2016-07-27 14:01:14,236 - sarcos - DEBUG - Objective: -32978.2379
2016-07-27 14:09:17,128 - sarcos - DEBUG - Objective: -32977.3739
2016-07-27 14:17:31,628 - sarcos - DEBUG - Objective: -32978.0281
2016-07-27 14:25:33,500 - sarcos - DEBUG - Objective: -26653.0090
2016-07-27 14:33:27,309 - sarcos - DEBUG - Objective: -35010.3062
2016-07-27 14:33:27,310 - sarcos - INFO - Optimizing: ll
2016-07-27 14:35:35,726 - sarcos - DEBUG - Objective: -35008.7052
2016-07-27 14:37:44,551 - sarcos - DEBUG - Objective: -8109.3488
2016-07-27 14:39:53,021 - sarcos - DEBUG - Objective: -35111.3481
2016-07-27 14:42:02,910 - sarcos - DEBUG - Objective: -35110.7394
2016-07-27 14:44:13,411 - sarcos - DEBUG - Objective: -35110.6473
2016-07-27 14:46:23,753 - sarcos - DEBUG - Objective: -35110.2217
2016-07-27 14:48:33,761 - sarcos - DEBUG - Objective: -35110.8524
2016-07-27 14:50:44,182 - sarcos - DEBUG - Objective: -35109.2241
2016-07-27 14:52:54,233 - sarcos - DEBUG - Objective: -35111.9785
2016-07-27 14:52:54,233 - sarcos - DEBUG - Objective: -35111.9785
2016-07-27 14:55:04,059 - sarcos - DEBUG - Objective: -35110.7168
2016-07-27 14:57:14,714 - sarcos - DEBUG - Objective difference: 2335.963947
2016-07-27 14:57:14,714 - sarcos - INFO - Mean difference: 0.027211
2016-07-27 14:57:14,714 - sarcos - INFO - Covariance difference: 0.001002
2016-07-27 14:57:14,714 - sarcos - INFO - Iteration 10 started.
2016-07-27 14:57:14,714 - sarcos - INFO - Optimizing: mog
2016-07-27 15:01:29,155 - sarcos - DEBUG - Objective: -35109.1182
2016-07-27 15:05:43,585 - sarcos - DEBUG - Objective: -17428.6892
2016-07-27 15:09:58,838 - sarcos - DEBUG - Objective: -35640.0201
2016-07-27 15:14:13,697 - sarcos - DEBUG - Objective: -35776.7803
2016-07-27 15:18:27,664 - sarcos - DEBUG - Objective: -35876.0623
2016-07-27 15:22:43,183 - sarcos - DEBUG - Objective: -35927.4833
2016-07-27 15:26:58,265 - sarcos - DEBUG - Objective: -35959.9908
2016-07-27 15:31:12,412 - sarcos - DEBUG - Objective: -35984.4102
2016-07-27 15:35:28,368 - sarcos - DEBUG - Objective: -35996.4524
2016-07-27 15:39:46,860 - sarcos - DEBUG - Objective: -36020.5226
2016-07-27 15:44:04,869 - sarcos - DEBUG - Objective: -36042.8618
2016-07-27 15:48:23,007 - sarcos - DEBUG - Objective: -36050.6245
2016-07-27 15:53:00,335 - sarcos - DEBUG - Objective: -36065.4236
2016-07-27 15:57:38,169 - sarcos - DEBUG - Objective: -36070.6279
2016-07-27 16:02:04,093 - sarcos - DEBUG - Objective: -36076.4967
2016-07-27 16:06:21,178 - sarcos - DEBUG - Objective: -36083.1623
2016-07-27 16:10:33,890 - sarcos - DEBUG - Objective: -36089.1449
2016-07-27 16:14:47,000 - sarcos - DEBUG - Objective: -36090.5280
2016-07-27 16:19:00,312 - sarcos - DEBUG - Objective: -36093.6183
2016-07-27 16:23:11,964 - sarcos - DEBUG - Objective: -36098.2099
2016-07-27 16:27:25,037 - sarcos - DEBUG - Objective: -36104.9566
2016-07-27 16:31:38,971 - sarcos - DEBUG - Objective: -36106.5129
2016-07-27 16:35:51,931 - sarcos - DEBUG - Objective: -36110.2551
2016-07-27 16:40:04,966 - sarcos - DEBUG - Objective: -36113.1630
2016-07-27 16:44:17,731 - sarcos - DEBUG - Objective: -36117.0587
2016-07-27 16:48:31,350 - sarcos - DEBUG - Objective: -36120.8959
2016-07-27 16:48:31,358 - sarcos - INFO - Optimizing: hyp
2016-07-27 16:56:19,958 - sarcos - DEBUG - Objective: -36122.8796
2016-07-27 17:04:06,833 - sarcos - DEBUG - Objective: -32325.8548
2016-07-27 17:12:19,698 - sarcos - DEBUG - Objective: -36111.7871
2016-07-27 17:20:40,041 - sarcos - DEBUG - Objective: -36123.6470
2016-07-27 17:28:34,420 - sarcos - DEBUG - Objective: -36119.7547
2016-07-27 17:36:21,366 - sarcos - DEBUG - Objective: -36122.8616
2016-07-27 17:44:13,346 - sarcos - DEBUG - Objective: -36123.6989
2016-07-27 17:52:02,732 - sarcos - DEBUG - Objective: -36124.3430
2016-07-27 17:52:02,732 - sarcos - DEBUG - Objective: -36124.3430
2016-07-27 17:59:59,142 - sarcos - DEBUG - Objective: -33040.8527
2016-07-27 18:07:46,358 - sarcos - DEBUG - Objective: -37005.7764
2016-07-27 18:07:46,358 - sarcos - INFO - Optimizing: ll
2016-07-27 18:09:54,016 - sarcos - DEBUG - Objective: -37006.1945
2016-07-27 18:12:02,140 - sarcos - DEBUG - Objective: -9023.8226
2016-07-27 18:14:10,067 - sarcos - DEBUG - Objective: -37066.3327
2016-07-27 18:16:20,470 - sarcos - DEBUG - Objective: -37068.4572
2016-07-27 18:18:30,547 - sarcos - DEBUG - Objective: -37066.8953
2016-07-27 18:20:39,030 - sarcos - DEBUG - Objective: -37069.5504
2016-07-27 18:22:47,773 - sarcos - DEBUG - Objective: -37068.1655
2016-07-27 18:24:56,721 - sarcos - DEBUG - Objective: -37067.7628
2016-07-27 18:24:56,721 - sarcos - DEBUG - Objective: -37067.7628
2016-07-27 18:24:56,739 - sarcos - DEBUG - Objective difference: 1956.263184
2016-07-27 18:24:56,739 - sarcos - INFO - Mean difference: 0.028436
2016-07-27 18:24:56,739 - sarcos - INFO - Covariance difference: 0.000392
2016-07-27 18:24:56,739 - sarcos - INFO - Iteration 11 started.
2016-07-27 18:24:56,739 - sarcos - INFO - Optimizing: mog
2016-07-27 18:29:12,317 - sarcos - DEBUG - Objective: -37066.4959
2016-07-27 18:33:25,803 - sarcos - DEBUG - Objective: -16110.7762
2016-07-27 18:37:41,187 - sarcos - DEBUG - Objective: -37278.3750
2016-07-27 18:41:54,363 - sarcos - DEBUG - Objective: -37337.5130
2016-07-27 18:46:08,531 - sarcos - DEBUG - Objective: -37378.6591
2016-07-27 18:50:21,844 - sarcos - DEBUG - Objective: -37398.9067
2016-07-27 18:54:35,282 - sarcos - DEBUG - Objective: -37408.1340
2016-07-27 18:58:50,514 - sarcos - DEBUG - Objective: -37415.7066
2016-07-27 19:03:07,795 - sarcos - DEBUG - Objective: -37421.3145
2016-07-27 19:07:24,685 - sarcos - DEBUG - Objective: -37427.2651
2016-07-27 19:11:40,784 - sarcos - DEBUG - Objective: -37432.3973
2016-07-27 19:15:58,146 - sarcos - DEBUG - Objective: -37438.2236
2016-07-27 19:20:16,251 - sarcos - DEBUG - Objective: -37440.2174
2016-07-27 19:24:29,169 - sarcos - DEBUG - Objective: -37443.9398
2016-07-27 19:28:42,385 - sarcos - DEBUG - Objective: -37446.6105
2016-07-27 19:32:56,644 - sarcos - DEBUG - Objective: -37449.4697
2016-07-27 19:37:08,133 - sarcos - DEBUG - Objective: -37452.8785
2016-07-27 19:41:20,624 - sarcos - DEBUG - Objective: -37456.0787
2016-07-27 19:45:34,039 - sarcos - DEBUG - Objective: -37459.5066
2016-07-27 19:49:45,975 - sarcos - DEBUG - Objective: -37463.8482
2016-07-27 19:54:00,879 - sarcos - DEBUG - Objective: -37465.2986
2016-07-27 19:58:15,633 - sarcos - DEBUG - Objective: -37474.8078
2016-07-27 20:02:27,777 - sarcos - DEBUG - Objective: -37476.6253
2016-07-27 20:06:39,167 - sarcos - DEBUG - Objective: -37483.0001
2016-07-27 20:10:52,858 - sarcos - DEBUG - Objective: -37490.6548
2016-07-27 20:15:06,201 - sarcos - DEBUG - Objective: -37495.4884
2016-07-27 20:15:06,208 - sarcos - INFO - Optimizing: hyp
2016-07-27 20:22:53,588 - sarcos - DEBUG - Objective: -37495.4490
2016-07-27 20:30:50,305 - sarcos - DEBUG - Objective: -32654.6636
2016-07-27 20:38:39,045 - sarcos - DEBUG - Objective: -37472.8706
2016-07-27 20:46:30,919 - sarcos - DEBUG - Objective: -37496.6448
2016-07-27 20:54:28,282 - sarcos - DEBUG - Objective: -37484.8578
2016-07-27 21:02:24,896 - sarcos - DEBUG - Objective: -37493.2697
2016-07-27 21:10:16,579 - sarcos - DEBUG - Objective: -37494.6465
2016-07-27 21:18:10,028 - sarcos - DEBUG - Objective: -37494.6768
2016-07-27 21:18:10,029 - sarcos - INFO - Optimizing: ll
2016-07-27 21:20:19,209 - sarcos - DEBUG - Objective: -37494.9599
2016-07-27 21:22:28,144 - sarcos - DEBUG - Objective: -6198.3445
2016-07-27 21:24:37,696 - sarcos - DEBUG - Objective: -37497.7142
2016-07-27 21:26:46,699 - sarcos - DEBUG - Objective: -37496.8814
2016-07-27 21:28:55,687 - sarcos - DEBUG - Objective: -37497.8871
2016-07-27 21:31:04,368 - sarcos - DEBUG - Objective: -37496.0465
2016-07-27 21:33:14,112 - sarcos - DEBUG - Objective: -37495.2085
2016-07-27 21:35:24,360 - sarcos - DEBUG - Objective: -37495.9534
2016-07-27 21:35:24,378 - sarcos - DEBUG - Objective difference: 428.190552
2016-07-27 21:35:24,378 - sarcos - INFO - Mean difference: 0.026597
2016-07-27 21:35:24,378 - sarcos - INFO - Covariance difference: 0.000438
2016-07-27 21:35:24,378 - sarcos - INFO - Iteration 12 started.
2016-07-27 21:35:24,379 - sarcos - INFO - Optimizing: mog
2016-07-27 21:39:37,912 - sarcos - DEBUG - Objective: -37497.9548
2016-07-27 21:43:53,258 - sarcos - DEBUG - Objective: -11016.5028
2016-07-27 21:48:08,885 - sarcos - DEBUG - Objective: -37501.3329
2016-07-27 21:52:25,080 - sarcos - DEBUG - Objective: -37504.4847
2016-07-27 21:56:38,274 - sarcos - DEBUG - Objective: -37511.1060
2016-07-27 22:00:52,635 - sarcos - DEBUG - Objective: -37514.3308
2016-07-27 22:05:08,637 - sarcos - DEBUG - Objective: -37514.7776
2016-07-27 22:09:21,937 - sarcos - DEBUG - Objective: -37517.0391
2016-07-27 22:13:39,177 - sarcos - DEBUG - Objective: -37519.7331
2016-07-27 22:17:53,680 - sarcos - DEBUG - Objective: -37524.8929
2016-07-27 22:22:08,374 - sarcos - DEBUG - Objective: -37522.5870
2016-07-27 22:26:21,603 - sarcos - DEBUG - Objective: -37525.7924
2016-07-27 22:30:35,431 - sarcos - DEBUG - Objective: -37527.7134
2016-07-27 22:34:50,215 - sarcos - DEBUG - Objective: -37530.7192
2016-07-27 22:39:08,280 - sarcos - DEBUG - Objective: -37530.6856
2016-07-27 22:43:24,211 - sarcos - DEBUG - Objective: -37532.2498
2016-07-27 22:47:37,359 - sarcos - DEBUG - Objective: -37533.2551
2016-07-27 22:51:51,856 - sarcos - DEBUG - Objective: -37537.5157
2016-07-27 22:56:06,562 - sarcos - DEBUG - Objective: -37539.4861
2016-07-27 23:00:21,341 - sarcos - DEBUG - Objective: -37542.5569
2016-07-27 23:04:35,212 - sarcos - DEBUG - Objective: -37547.3160
2016-07-27 23:08:50,479 - sarcos - DEBUG - Objective: -37549.0502
2016-07-27 23:13:05,797 - sarcos - DEBUG - Objective: -37549.8386
2016-07-27 23:17:20,146 - sarcos - DEBUG - Objective: -37552.2595
2016-07-27 23:21:33,058 - sarcos - DEBUG - Objective: -37557.8834
2016-07-27 23:25:46,982 - sarcos - DEBUG - Objective: -37561.7992
2016-07-27 23:25:46,989 - sarcos - INFO - Optimizing: hyp
2016-07-27 23:33:39,393 - sarcos - DEBUG - Objective: -37561.4103
2016-07-27 23:41:30,407 - sarcos - DEBUG - Objective: -32511.8343
2016-07-27 23:49:21,304 - sarcos - DEBUG - Objective: -37532.4661
2016-07-27 23:57:14,851 - sarcos - DEBUG - Objective: -37558.7594
2016-07-28 00:05:03,192 - sarcos - DEBUG - Objective: -37560.4948
2016-07-28 00:12:51,913 - sarcos - DEBUG - Objective: -37561.2603
2016-07-28 00:20:39,576 - sarcos - DEBUG - Objective: -37561.7101
2016-07-28 00:28:33,043 - sarcos - DEBUG - Objective: -37560.8585
2016-07-28 00:36:28,205 - sarcos - DEBUG - Objective: -37560.3027
2016-07-28 00:44:20,987 - sarcos - DEBUG - Objective: -37559.2639
2016-07-28 00:44:20,987 - sarcos - INFO - Optimizing: ll
2016-07-28 00:46:30,752 - sarcos - DEBUG - Objective: -37562.1331
2016-07-28 00:48:40,385 - sarcos - DEBUG - Objective: -6007.2508
2016-07-28 00:50:49,566 - sarcos - DEBUG - Objective: -37561.7684
2016-07-28 00:53:00,116 - sarcos - DEBUG - Objective: -37558.8864
2016-07-28 00:55:09,955 - sarcos - DEBUG - Objective: -37562.2986
2016-07-28 00:57:18,780 - sarcos - DEBUG - Objective: -37561.0769
2016-07-28 00:59:27,815 - sarcos - DEBUG - Objective: -37561.5018
2016-07-28 00:59:27,834 - sarcos - DEBUG - Objective difference: 65.548462
2016-07-28 00:59:27,834 - sarcos - INFO - Mean difference: 0.014006
2016-07-28 00:59:27,834 - sarcos - INFO - Covariance difference: 0.000350
2016-07-28 00:59:27,834 - sarcos - INFO - Iteration 13 started.
2016-07-28 00:59:27,835 - sarcos - INFO - Optimizing: mog
2016-07-28 01:03:42,847 - sarcos - DEBUG - Objective: -37561.2867
2016-07-28 01:07:58,265 - sarcos - DEBUG - Objective: -27606.7981
2016-07-28 01:12:13,026 - sarcos - DEBUG - Objective: -37563.0258
2016-07-28 01:16:30,390 - sarcos - DEBUG - Objective: -37566.6713
2016-07-28 01:20:45,248 - sarcos - DEBUG - Objective: -37570.8107
2016-07-28 01:25:01,419 - sarcos - DEBUG - Objective: -37571.8851
2016-07-28 01:29:15,604 - sarcos - DEBUG - Objective: -37574.4178
2016-07-28 01:33:30,255 - sarcos - DEBUG - Objective: -37576.1656
2016-07-28 01:37:43,165 - sarcos - DEBUG - Objective: -37576.8716
2016-07-28 01:41:57,345 - sarcos - DEBUG - Objective: -37578.7825
2016-07-28 01:46:12,003 - sarcos - DEBUG - Objective: -37580.4419
2016-07-28 01:50:27,042 - sarcos - DEBUG - Objective: -37583.9136
2016-07-28 01:54:41,358 - sarcos - DEBUG - Objective: -37585.8990
2016-07-28 01:58:58,620 - sarcos - DEBUG - Objective: -37587.8060
2016-07-28 02:03:14,136 - sarcos - DEBUG - Objective: -37588.2524
2016-07-28 02:07:30,164 - sarcos - DEBUG - Objective: -37591.3999
2016-07-28 02:11:45,851 - sarcos - DEBUG - Objective: -37592.8940
2016-07-28 02:16:01,382 - sarcos - DEBUG - Objective: -37595.9448
2016-07-28 02:20:17,524 - sarcos - DEBUG - Objective: -37597.4409
2016-07-28 02:24:32,481 - sarcos - DEBUG - Objective: -37599.1935
2016-07-28 02:28:48,720 - sarcos - DEBUG - Objective: -37602.1171
2016-07-28 02:33:06,383 - sarcos - DEBUG - Objective: -37604.1705
2016-07-28 02:37:23,177 - sarcos - DEBUG - Objective: -37611.4551
2016-07-28 02:41:40,433 - sarcos - DEBUG - Objective: -37615.7148
2016-07-28 02:45:56,607 - sarcos - DEBUG - Objective: -37623.2583
2016-07-28 02:50:13,881 - sarcos - DEBUG - Objective: -37634.2192
2016-07-28 02:50:13,889 - sarcos - INFO - Optimizing: hyp
2016-07-28 02:58:09,497 - sarcos - DEBUG - Objective: -37632.6501
2016-07-28 03:06:00,913 - sarcos - DEBUG - Objective: -32573.9756
2016-07-28 03:13:50,124 - sarcos - DEBUG - Objective: -37602.6030
2016-07-28 03:21:41,514 - sarcos - DEBUG - Objective: -37631.9131
2016-07-28 03:29:32,288 - sarcos - DEBUG - Objective: -37632.8041
2016-07-28 03:37:25,015 - sarcos - DEBUG - Objective: -37630.8183
2016-07-28 03:45:18,161 - sarcos - DEBUG - Objective: -37634.5624
2016-07-28 03:53:12,760 - sarcos - DEBUG - Objective: -37632.5115
2016-07-28 04:01:08,006 - sarcos - DEBUG - Objective: -37632.1670
2016-07-28 04:08:58,747 - sarcos - DEBUG - Objective: -37632.5021
2016-07-28 04:16:55,391 - sarcos - DEBUG - Objective: -37632.7057
2016-07-28 04:16:55,391 - sarcos - INFO - Optimizing: ll
2016-07-28 04:19:05,325 - sarcos - DEBUG - Objective: -37632.7695
2016-07-28 04:21:14,992 - sarcos - DEBUG - Objective: -6238.0688
2016-07-28 04:23:25,669 - sarcos - DEBUG - Objective: -37633.2526
2016-07-28 04:25:36,143 - sarcos - DEBUG - Objective: -37633.9036
2016-07-28 04:27:46,176 - sarcos - DEBUG - Objective: -37634.5922
2016-07-28 04:29:56,053 - sarcos - DEBUG - Objective: -37634.2573
2016-07-28 04:32:07,916 - sarcos - DEBUG - Objective: -37634.6704
2016-07-28 04:34:18,471 - sarcos - DEBUG - Objective: -37633.1088
2016-07-28 04:36:28,251 - sarcos - DEBUG - Objective: -37634.0956
2016-07-28 04:38:37,970 - sarcos - DEBUG - Objective: -37634.6099
2016-07-28 04:40:48,679 - sarcos - DEBUG - Objective: -37633.6216
2016-07-28 04:42:58,733 - sarcos - DEBUG - Objective difference: 73.009949
2016-07-28 04:42:58,733 - sarcos - INFO - Mean difference: 0.016049
2016-07-28 04:42:58,733 - sarcos - INFO - Covariance difference: 0.000722
2016-07-28 04:42:58,733 - sarcos - INFO - Iteration 14 started.
2016-07-28 04:42:58,733 - sarcos - INFO - Optimizing: mog
2016-07-28 04:47:13,130 - sarcos - DEBUG - Objective: -37634.2745
2016-07-28 04:51:29,485 - sarcos - DEBUG - Objective: -19592.1299
2016-07-28 04:55:47,292 - sarcos - DEBUG - Objective: -37638.3666
2016-07-28 05:00:03,057 - sarcos - DEBUG - Objective: -37641.4565
2016-07-28 05:04:20,378 - sarcos - DEBUG - Objective: -37650.9949
2016-07-28 05:08:36,063 - sarcos - DEBUG - Objective: -37653.6901
2016-07-28 05:12:52,377 - sarcos - DEBUG - Objective: -37655.9272
2016-07-28 05:17:07,891 - sarcos - DEBUG - Objective: -37656.4899
2016-07-28 05:21:24,465 - sarcos - DEBUG - Objective: -37659.9533
2016-07-28 05:25:41,119 - sarcos - DEBUG - Objective: -37662.4734
2016-07-28 05:29:56,872 - sarcos - DEBUG - Objective: -37665.0673
2016-07-28 05:34:13,273 - sarcos - DEBUG - Objective: -37667.7571
2016-07-28 05:38:27,770 - sarcos - DEBUG - Objective: -37669.5719
2016-07-28 05:42:44,242 - sarcos - DEBUG - Objective: -37669.9600
2016-07-28 05:47:01,099 - sarcos - DEBUG - Objective: -37672.8538
2016-07-28 05:51:16,684 - sarcos - DEBUG - Objective: -37673.2371
2016-07-28 05:55:29,952 - sarcos - DEBUG - Objective: -37673.5153
2016-07-28 05:59:47,571 - sarcos - DEBUG - Objective: -37676.1984
2016-07-28 06:04:14,736 - sarcos - DEBUG - Objective: -37679.9135
2016-07-28 06:08:51,007 - sarcos - DEBUG - Objective: -37679.7306
2016-07-28 06:13:31,379 - sarcos - DEBUG - Objective: -37678.2035
2016-07-28 06:18:05,785 - sarcos - DEBUG - Objective: -37678.4727
2016-07-28 06:22:24,868 - sarcos - DEBUG - Objective: -37677.7472
2016-07-28 06:26:39,047 - sarcos - DEBUG - Objective: -37677.0375
2016-07-28 06:30:56,445 - sarcos - DEBUG - Objective: -37678.2214
2016-07-28 06:30:56,445 - sarcos - DEBUG - Objective: -37678.2214
2016-07-28 06:30:56,446 - sarcos - INFO - Optimizing: hyp
2016-07-28 06:39:29,687 - sarcos - DEBUG - Objective: -37677.7038
2016-07-28 06:47:58,523 - sarcos - DEBUG - Objective: -32588.0607
2016-07-28 06:56:14,692 - sarcos - DEBUG - Objective: -37642.4288
2016-07-28 07:04:10,912 - sarcos - DEBUG - Objective: -37674.3841
2016-07-28 07:12:08,028 - sarcos - DEBUG - Objective: -37677.3073
2016-07-28 07:20:08,673 - sarcos - DEBUG - Objective: -37678.7255
2016-07-28 07:28:01,963 - sarcos - DEBUG - Objective: -37676.9940
2016-07-28 07:36:03,426 - sarcos - DEBUG - Objective: -37678.1602
2016-07-28 07:44:38,395 - sarcos - DEBUG - Objective: -37678.2152
2016-07-28 07:53:17,647 - sarcos - DEBUG - Objective: -36100.1133
2016-07-28 08:01:40,637 - sarcos - DEBUG - Objective: -38692.9626
2016-07-28 08:01:40,638 - sarcos - INFO - Optimizing: ll
2016-07-28 08:04:03,983 - sarcos - DEBUG - Objective: -38692.3145
2016-07-28 08:06:26,992 - sarcos - DEBUG - Objective: -9006.8531
2016-07-28 08:08:48,987 - sarcos - DEBUG - Objective: -38711.8777
2016-07-28 08:11:08,163 - sarcos - DEBUG - Objective: -38711.2365
2016-07-28 08:13:27,929 - sarcos - DEBUG - Objective: -38711.6405
2016-07-28 08:15:37,471 - sarcos - DEBUG - Objective: -38711.6121
2016-07-28 08:17:47,167 - sarcos - DEBUG - Objective: -38711.4838
2016-07-28 08:19:56,640 - sarcos - DEBUG - Objective: -38710.8328
2016-07-28 08:19:56,640 - sarcos - DEBUG - Objective: -38710.8328
2016-07-28 08:19:56,641 - sarcos - DEBUG - Objective: -38710.8328
2016-07-28 08:19:56,658 - sarcos - DEBUG - Objective difference: 1076.320984
2016-07-28 08:19:56,658 - sarcos - INFO - Mean difference: 0.010245
2016-07-28 08:19:56,658 - sarcos - INFO - Covariance difference: 0.000194
2016-07-28 08:19:56,659 - sarcos - INFO - Iteration 15 started.
2016-07-28 08:19:56,659 - sarcos - INFO - Optimizing: mog
2016-07-28 08:24:12,228 - sarcos - DEBUG - Objective: -38712.0126
2016-07-28 08:28:26,965 - sarcos - DEBUG - Objective: -18487.6774
2016-07-28 08:32:42,342 - sarcos - DEBUG - Objective: -38948.2037
2016-07-28 08:36:57,106 - sarcos - DEBUG - Objective: -39007.8834
2016-07-28 08:41:12,232 - sarcos - DEBUG - Objective: -39047.1463
2016-07-28 08:45:26,469 - sarcos - DEBUG - Objective: -39068.1938
2016-07-28 08:49:41,002 - sarcos - DEBUG - Objective: -39079.3692
2016-07-28 08:53:55,667 - sarcos - DEBUG - Objective: -39088.7628
2016-07-28 08:58:10,962 - sarcos - DEBUG - Objective: -39092.4939
2016-07-28 09:02:25,598 - sarcos - DEBUG - Objective: -39099.5790
2016-07-28 09:06:41,260 - sarcos - DEBUG - Objective: -39105.6063
2016-07-28 09:11:16,977 - sarcos - DEBUG - Objective: -39108.3386
2016-07-28 09:15:59,040 - sarcos - DEBUG - Objective: -39113.0423
2016-07-28 09:20:25,150 - sarcos - DEBUG - Objective: -39115.9589
2016-07-28 09:24:41,713 - sarcos - DEBUG - Objective: -39120.5251
2016-07-28 09:29:18,416 - sarcos - DEBUG - Objective: -39121.1296
2016-07-28 09:33:47,182 - sarcos - DEBUG - Objective: -39123.5438
2016-07-28 09:38:24,539 - sarcos - DEBUG - Objective: -39123.6561
2016-07-28 09:43:00,098 - sarcos - DEBUG - Objective: -39126.4393
2016-07-28 09:47:36,013 - sarcos - DEBUG - Objective: -39128.2422
2016-07-28 09:52:11,837 - sarcos - DEBUG - Objective: -39128.7464
2016-07-28 09:56:50,479 - sarcos - DEBUG - Objective: -39130.7417
2016-07-28 10:01:27,608 - sarcos - DEBUG - Objective: -39133.7889
2016-07-28 10:06:03,457 - sarcos - DEBUG - Objective: -39134.3524
2016-07-28 10:10:37,140 - sarcos - DEBUG - Objective: -39136.4191
2016-07-28 10:15:09,602 - sarcos - DEBUG - Objective: -39137.4238
2016-07-28 10:15:09,609 - sarcos - INFO - Optimizing: hyp
2016-07-28 10:23:34,656 - sarcos - DEBUG - Objective: -39138.3634
2016-07-28 10:31:58,056 - sarcos - DEBUG - Objective: -32983.2635
2016-07-28 10:40:23,827 - sarcos - DEBUG - Objective: -39101.5927
2016-07-28 10:48:54,605 - sarcos - DEBUG - Objective: -39135.6500
2016-07-28 10:57:32,099 - sarcos - DEBUG - Objective: -39138.3187
2016-07-28 11:06:03,308 - sarcos - DEBUG - Objective: -39137.9753
2016-07-28 11:14:34,862 - sarcos - DEBUG - Objective: -39138.2057
2016-07-28 11:23:07,686 - sarcos - DEBUG - Objective: -39137.1295
2016-07-28 11:31:39,664 - sarcos - DEBUG - Objective: -39138.7467
2016-07-28 11:40:05,602 - sarcos - DEBUG - Objective: -39139.3352
2016-07-28 11:48:32,323 - sarcos - DEBUG - Objective: -39138.7782
2016-07-28 11:57:02,179 - sarcos - INFO - Optimizing: ll
2016-07-28 11:59:23,855 - sarcos - DEBUG - Objective: -39138.3472
2016-07-28 12:01:46,231 - sarcos - DEBUG - Objective: -7822.4142
2016-07-28 12:04:06,599 - sarcos - DEBUG - Objective: -39139.1723
2016-07-28 12:06:27,987 - sarcos - DEBUG - Objective: -39139.2263
2016-07-28 12:08:48,023 - sarcos - DEBUG - Objective: -39140.4976
2016-07-28 12:11:06,960 - sarcos - DEBUG - Objective: -39138.8941
2016-07-28 12:13:26,563 - sarcos - DEBUG - Objective: -39138.6578
2016-07-28 12:15:48,133 - sarcos - DEBUG - Objective: -39140.5623
2016-07-28 12:18:11,707 - sarcos - DEBUG - Objective: -39139.3220
2016-07-28 12:20:32,255 - sarcos - DEBUG - Objective: -39139.2770
2016-07-28 12:22:50,480 - sarcos - DEBUG - Objective: -39140.2654
2016-07-28 12:22:50,498 - sarcos - DEBUG - Objective difference: 429.432648
2016-07-28 12:22:50,498 - sarcos - INFO - Mean difference: 0.017109
2016-07-28 12:22:50,498 - sarcos - INFO - Covariance difference: 0.000210
2016-07-28 12:22:50,498 - sarcos - INFO - Iteration 16 started.
2016-07-28 12:22:50,498 - sarcos - INFO - Optimizing: mog
2016-07-28 12:27:24,725 - sarcos - DEBUG - Objective: -39140.3496
2016-07-28 12:32:00,509 - sarcos - DEBUG - Objective: -30083.3112
2016-07-28 12:36:37,063 - sarcos - DEBUG - Objective: -39140.1466
2016-07-28 12:41:11,546 - sarcos - DEBUG - Objective: -39142.4597
2016-07-28 12:45:46,747 - sarcos - DEBUG - Objective: -39141.8961
2016-07-28 12:50:23,767 - sarcos - DEBUG - Objective: -39142.4048
2016-07-28 12:54:58,919 - sarcos - DEBUG - Objective: -39140.6884
2016-07-28 12:59:35,678 - sarcos - DEBUG - Objective: -39139.1658
2016-07-28 13:04:12,199 - sarcos - DEBUG - Objective: -39142.4758
2016-07-28 13:08:50,925 - sarcos - DEBUG - Objective: -39140.1103
2016-07-28 13:13:29,675 - sarcos - DEBUG - Objective: -39139.9886
2016-07-28 13:13:29,676 - sarcos - INFO - Optimizing: hyp
2016-07-28 13:22:03,726 - sarcos - DEBUG - Objective: -39142.4105
2016-07-28 13:30:38,547 - sarcos - DEBUG - Objective: -32942.9001
2016-07-28 13:39:05,744 - sarcos - DEBUG - Objective: -39104.3639
2016-07-28 13:47:34,472 - sarcos - DEBUG - Objective: -39136.6853
2016-07-28 13:55:54,208 - sarcos - DEBUG - Objective: -39139.7115
2016-07-28 14:04:23,892 - sarcos - DEBUG - Objective: -39140.2224
2016-07-28 14:12:51,713 - sarcos - DEBUG - Objective: -39140.4988
2016-07-28 14:21:11,626 - sarcos - DEBUG - Objective: -39140.1663
2016-07-28 14:29:35,542 - sarcos - DEBUG - Objective: -39141.5063
2016-07-28 14:29:35,543 - sarcos - DEBUG - Objective: -39141.5063
2016-07-28 14:29:35,543 - sarcos - DEBUG - Objective: -39141.5063
2016-07-28 14:29:35,543 - sarcos - INFO - Optimizing: ll
2016-07-28 14:31:55,651 - sarcos - DEBUG - Objective: -39141.5282
2016-07-28 14:34:15,936 - sarcos - DEBUG - Objective: -7194.6418
2016-07-28 14:36:38,183 - sarcos - DEBUG - Objective: -39139.7930
2016-07-28 14:38:56,993 - sarcos - DEBUG - Objective: -39139.7973
2016-07-28 14:41:19,757 - sarcos - DEBUG - Objective: -39141.7120
2016-07-28 14:41:19,757 - sarcos - DEBUG - Objective: -39141.7120
2016-07-28 14:43:40,743 - sarcos - DEBUG - Objective: -39140.3147
2016-07-28 14:45:59,244 - sarcos - DEBUG - Objective: -39140.9248
2016-07-28 14:45:59,244 - sarcos - DEBUG - Objective: -39140.9248
2016-07-28 14:45:59,263 - sarcos - DEBUG - Objective difference: 0.659393
2016-07-28 14:45:59,263 - sarcos - INFO - Mean difference: 0.000111
2016-07-28 14:45:59,263 - sarcos - INFO - Covariance difference: 0.000002
2016-07-28 14:45:59,264 - sarcos - DEBUG - prediction started...
2016-07-28 14:46:28,558 - sarcos - DEBUG - prediction finished
