2016-01-28 22:18:47,749 - mining - INFO - experiment started for:{'run_id': 1, 'max_iter': 1, 'optimization_config': {'mog': 15000}, 'xtol': 0.001, 'git_hash': 'a89f7e60526a847e4cefa30be774ad3ee7bf41f8', 'model_init': None, 'ftol': 1e-05, 'latent_noise:': 0.001, 'sparsity_factor': 1.0, 'll': 'LogGaussianCox', 'sample_num': 2000, 'experiment': 'mining', 'git_branch': 'master', 'random_Z': True, 'method': u'mix2'}
2016-01-28 22:18:53,731 - mining - INFO - Iteration 0 started.
2016-01-28 22:18:53,732 - mining - INFO - MoG params
2016-01-28 22:18:59,665 - mining - DEBUG - objective:306358.4826
2016-01-28 22:19:04,995 - mining - DEBUG - objective:294297.1179
2016-01-28 22:19:11,309 - mining - DEBUG - objective:251406.1452
2016-01-28 22:19:16,239 - mining - DEBUG - objective:336647.7003
2016-01-28 22:19:21,517 - mining - DEBUG - objective:150196.8991
2016-01-28 22:19:27,075 - mining - DEBUG - objective:123147.5445
2016-01-28 22:19:32,527 - mining - DEBUG - objective:46953.2972
2016-01-28 22:19:38,282 - mining - DEBUG - objective:44737.5454
2016-01-28 22:19:43,286 - mining - DEBUG - objective:16214.0094
2016-01-28 22:19:47,595 - mining - DEBUG - objective:9645.1633
2016-01-28 22:19:53,310 - mining - DEBUG - objective:4892.6396
2016-01-28 22:19:58,870 - mining - DEBUG - objective:2556.0796
2016-01-28 22:20:04,959 - mining - DEBUG - objective:645.6022
2016-01-28 22:20:09,384 - mining - DEBUG - objective:209.5160
2016-01-28 22:20:14,582 - mining - DEBUG - objective:-31.0971
2016-01-28 22:20:20,395 - mining - DEBUG - objective:1184.5735
2016-01-28 22:20:25,775 - mining - DEBUG - objective:-54.9421
2016-01-28 22:20:31,362 - mining - DEBUG - objective:-100.3875
2016-01-28 22:20:36,251 - mining - DEBUG - objective:-107.2725
2016-01-28 22:20:42,337 - mining - DEBUG - objective:-106.4603
2016-01-28 22:20:48,209 - mining - DEBUG - objective:-107.9563
2016-01-28 22:20:55,319 - mining - DEBUG - objective:-108.0497
2016-01-28 22:21:00,862 - mining - DEBUG - objective:-108.1047
2016-01-28 22:21:06,714 - mining - DEBUG - objective:-108.1595
2016-01-28 22:21:11,955 - mining - DEBUG - objective:-108.3408
2016-01-28 22:21:17,004 - mining - DEBUG - objective:-108.5057
2016-01-28 22:21:22,743 - mining - DEBUG - objective:-108.7189
2016-01-28 22:21:27,861 - mining - DEBUG - objective:-109.0672
2016-01-28 22:21:32,864 - mining - DEBUG - objective:-109.8042
2016-01-28 22:21:38,835 - mining - DEBUG - objective:-111.6810
2016-01-28 22:21:44,425 - mining - DEBUG - objective:-114.8260
2016-01-28 22:21:49,792 - mining - DEBUG - objective:-120.2252
2016-01-28 22:21:54,820 - mining - DEBUG - objective:-117.0442
2016-01-28 22:22:00,307 - mining - DEBUG - objective:-121.9341
2016-01-28 22:22:04,863 - mining - DEBUG - objective:-126.1763
2016-01-28 22:22:10,827 - mining - DEBUG - objective:-127.2443
2016-01-28 22:22:17,262 - mining - DEBUG - objective:-127.4025
2016-01-28 22:22:23,121 - mining - DEBUG - objective:-127.4465
2016-01-28 22:22:28,781 - mining - DEBUG - objective:-127.4780
2016-01-28 22:22:35,286 - mining - DEBUG - objective:-127.5272
2016-01-28 22:22:39,893 - mining - DEBUG - objective:-127.5310
2016-01-28 22:22:45,196 - mining - DEBUG - objective:-127.5650
2016-01-28 22:22:51,789 - mining - DEBUG - objective:-127.6174
2016-01-28 22:22:57,275 - mining - DEBUG - objective:-127.6373
2016-01-28 22:23:02,067 - mining - DEBUG - objective:-127.6531
2016-01-28 22:23:07,046 - mining - DEBUG - objective:-127.6801
2016-01-28 22:23:12,417 - mining - DEBUG - objective:-127.7527
2016-01-28 22:23:18,294 - mining - DEBUG - objective:-127.8143
2016-01-28 22:23:23,440 - mining - DEBUG - objective:-127.9394
2016-01-28 22:23:29,385 - mining - DEBUG - objective:-128.0137
2016-01-28 22:23:34,662 - mining - DEBUG - objective:-128.0595
2016-01-28 22:23:41,111 - mining - DEBUG - objective:-128.0735
2016-01-28 22:23:46,513 - mining - DEBUG - objective:-128.0922
2016-01-28 22:23:50,864 - mining - DEBUG - objective:-128.1218
2016-01-28 22:23:55,293 - mining - DEBUG - objective:-128.1426
2016-01-28 22:24:00,431 - mining - DEBUG - objective:-128.1948
2016-01-28 22:24:05,428 - mining - DEBUG - objective:-128.1125
2016-01-28 22:24:11,102 - mining - DEBUG - objective:-128.2273
2016-01-28 22:24:16,838 - mining - DEBUG - objective:-128.3079
2016-01-28 22:24:21,888 - mining - DEBUG - objective:-128.3888
2016-01-28 22:24:26,730 - mining - DEBUG - objective:-128.4888
2016-01-28 22:24:32,037 - mining - DEBUG - objective:-128.6166
2016-01-28 22:24:37,543 - mining - DEBUG - objective:-128.8236
2016-01-28 22:24:43,005 - mining - DEBUG - objective:-128.9451
2016-01-28 22:24:48,820 - mining - DEBUG - objective:-129.0611
2016-01-28 22:24:54,985 - mining - DEBUG - objective:-129.1058
2016-01-28 22:25:00,376 - mining - DEBUG - objective:-129.1522
2016-01-28 22:25:06,066 - mining - DEBUG - objective:-129.1970
2016-01-28 22:25:11,948 - mining - DEBUG - objective:-129.1660
2016-01-28 22:25:16,749 - mining - DEBUG - objective:-129.2113
2016-01-28 22:25:21,942 - mining - DEBUG - objective:-129.2241
2016-01-28 22:25:27,254 - mining - DEBUG - objective:-129.2261
2016-01-28 22:25:32,927 - mining - DEBUG - objective:-129.2290
2016-01-28 22:25:37,915 - mining - DEBUG - objective:-129.2337
2016-01-28 22:25:42,845 - mining - DEBUG - objective:-129.2420
2016-01-28 22:25:48,527 - mining - DEBUG - objective:-129.2490
2016-01-28 22:25:54,191 - mining - DEBUG - objective:-129.2682
2016-01-28 22:25:59,193 - mining - DEBUG - objective:-129.2858
2016-01-28 22:26:05,312 - mining - DEBUG - objective:-129.3007
2016-01-28 22:26:10,953 - mining - DEBUG - objective:-129.1857
2016-01-28 22:26:15,787 - mining - DEBUG - objective:-129.3055
2016-01-28 22:26:20,492 - mining - DEBUG - objective:-129.3164
2016-01-28 22:26:25,259 - mining - DEBUG - objective:-129.3195
2016-01-28 22:26:30,631 - mining - DEBUG - objective:-129.3210
2016-01-28 22:26:36,376 - mining - DEBUG - objective:-129.3227
2016-01-28 22:26:41,868 - mining - DEBUG - objective:-129.3234
2016-01-28 22:26:46,693 - mining - DEBUG - objective:-129.3242
2016-01-28 22:26:52,264 - mining - DEBUG - objective:-129.3247
2016-01-28 22:26:57,902 - mining - DEBUG - objective:-129.3265
2016-01-28 22:27:03,006 - mining - DEBUG - objective:-129.3290
2016-01-28 22:27:08,798 - mining - DEBUG - objective:-129.3267
2016-01-28 22:27:14,353 - mining - DEBUG - objective:-129.3301
2016-01-28 22:27:19,198 - mining - DEBUG - objective:-129.3341
2016-01-28 22:27:25,770 - mining - DEBUG - objective:-129.3332
2016-01-28 22:27:31,511 - mining - DEBUG - objective:-129.3362
2016-01-28 22:27:37,798 - mining - DEBUG - objective:-129.3390
2016-01-28 22:27:44,451 - mining - DEBUG - objective:-129.3395
2016-01-28 22:27:49,962 - mining - DEBUG - objective:-129.3389
2016-01-28 22:27:56,635 - mining - DEBUG - objective:-129.3396
2016-01-28 22:28:01,903 - mining - DEBUG - objective:-129.3395
2016-01-28 22:28:07,954 - mining - DEBUG - objective:-129.3397
2016-01-28 22:28:13,402 - mining - DEBUG - objective:-129.3398
2016-01-28 22:28:18,888 - mining - DEBUG - objective:-129.3400
2016-01-28 22:28:24,425 - mining - DEBUG - objective:-129.3403
2016-01-28 22:28:30,214 - mining - DEBUG - objective:-129.3411
2016-01-28 22:28:35,950 - mining - DEBUG - objective:-129.3415
2016-01-28 22:28:41,087 - mining - DEBUG - objective:-129.3417
2016-01-28 22:28:47,018 - mining - DEBUG - objective:-129.3434
2016-01-28 22:28:51,689 - mining - DEBUG - objective:-129.3456
2016-01-28 22:28:56,543 - mining - DEBUG - objective:-129.3493
2016-01-28 22:29:01,907 - mining - DEBUG - objective:-129.3503
2016-01-28 22:29:08,497 - mining - DEBUG - objective:-129.3539
2016-01-28 22:29:14,619 - mining - DEBUG - objective:-129.3546
2016-01-28 22:29:20,107 - mining - DEBUG - objective:-129.3549
2016-01-28 22:29:25,339 - mining - DEBUG - objective:-129.3553
2016-01-28 22:29:32,383 - mining - DEBUG - objective:-129.3564
2016-01-28 22:29:38,681 - mining - DEBUG - objective:-129.3579
2016-01-28 22:29:44,727 - mining - DEBUG - objective:-129.3596
2016-01-28 22:29:50,534 - mining - DEBUG - objective:-129.3610
2016-01-28 22:29:56,585 - mining - DEBUG - objective:-129.3616
2016-01-28 22:30:01,924 - mining - DEBUG - objective:-129.3619
2016-01-28 22:30:07,516 - mining - DEBUG - objective:-129.3622
2016-01-28 22:30:12,435 - mining - DEBUG - objective:-129.3623
2016-01-28 22:30:18,408 - mining - DEBUG - objective:-129.3619
2016-01-28 22:30:23,853 - mining - DEBUG - objective:-129.3624
2016-01-28 22:30:29,608 - mining - DEBUG - objective:-129.3624
2016-01-28 22:30:34,679 - mining - DEBUG - objective:-129.3625
2016-01-28 22:30:40,740 - mining - DEBUG - objective:-129.3626
2016-01-28 22:30:45,234 - mining - DEBUG - objective:-129.3628
2016-01-28 22:30:51,476 - mining - DEBUG - objective:-129.3628
2016-01-28 22:30:57,422 - mining - DEBUG - objective:-129.3629
2016-01-28 22:31:02,994 - mining - DEBUG - objective:-129.3630
2016-01-28 22:31:08,527 - mining - DEBUG - objective:-129.3631
2016-01-28 22:31:13,987 - mining - DEBUG - objective:-129.3621
2016-01-28 22:31:18,154 - mining - DEBUG - objective:-129.3631
2016-01-28 22:31:22,340 - mining - DEBUG - objective:-129.3633
2016-01-28 22:31:26,731 - mining - DEBUG - objective:-129.3631
2016-01-28 22:31:30,810 - mining - DEBUG - objective:-129.3633
2016-01-28 22:31:35,796 - mining - DEBUG - objective:-129.3633
2016-01-28 22:31:40,400 - mining - DEBUG - objective:-129.3634
2016-01-28 22:31:45,615 - mining - DEBUG - objective:-129.3628
2016-01-28 22:31:50,531 - mining - DEBUG - objective:-129.3634
2016-01-28 22:31:55,499 - mining - DEBUG - objective:-129.3633
2016-01-28 22:32:00,845 - mining - DEBUG - objective:-129.3635
2016-01-28 22:32:06,455 - mining - DEBUG - objective:-129.3633
2016-01-28 22:32:11,243 - mining - DEBUG - objective:-129.3635
2016-01-28 22:32:15,470 - mining - DEBUG - objective:-129.3633
2016-01-28 22:32:19,688 - mining - DEBUG - objective:-129.3635
2016-01-28 22:32:24,650 - mining - DEBUG - objective:-129.3633
2016-01-28 22:32:29,120 - mining - DEBUG - objective:-129.3635
2016-01-28 22:32:34,098 - mining - DEBUG - objective:-129.3635
2016-01-28 22:32:39,442 - mining - DEBUG - objective:-129.3635
2016-01-28 22:32:44,025 - mining - DEBUG - objective:-129.3635
2016-01-28 22:32:48,490 - mining - DEBUG - objective:-129.3635
2016-01-28 22:32:52,700 - mining - DEBUG - objective:-129.3635
2016-01-28 22:32:57,169 - mining - DEBUG - objective:-129.3635
2016-01-28 22:33:02,345 - mining - DEBUG - objective:-129.3635
2016-01-28 22:33:06,311 - mining - DEBUG - objective:-129.3635
2016-01-28 22:33:10,686 - mining - DEBUG - objective:-129.3635
2016-01-28 22:33:15,728 - mining - DEBUG - objective:-129.3635
2016-01-28 22:33:19,874 - mining - DEBUG - objective:-129.3635
2016-01-28 22:33:24,553 - mining - DEBUG - objective:-129.3635
2016-01-28 22:33:29,156 - mining - DEBUG - objective:-129.3633
2016-01-28 22:33:33,388 - mining - DEBUG - objective:-129.3635
2016-01-28 22:33:37,677 - mining - DEBUG - objective:-129.3634
2016-01-28 22:33:42,542 - mining - DEBUG - objective:-129.3635
2016-01-28 22:33:46,890 - mining - DEBUG - objective:-129.3635
2016-01-28 22:33:51,861 - mining - DEBUG - objective:-129.3635
2016-01-28 22:33:56,495 - mining - DEBUG - objective:-129.3634
2016-01-28 22:34:00,257 - mining - DEBUG - objective:-129.3635
2016-01-28 22:34:04,701 - mining - DEBUG - objective:-129.3626
2016-01-28 22:34:09,386 - mining - DEBUG - objective:-129.3635
2016-01-28 22:34:13,683 - mining - DEBUG - objective:-129.3634
2016-01-28 22:34:17,783 - mining - DEBUG - objective:-129.3635
2016-01-28 22:34:23,228 - mining - DEBUG - objective:-129.3635
2016-01-28 22:34:28,224 - mining - DEBUG - objective:-129.3627
2016-01-28 22:34:32,633 - mining - DEBUG - objective:-129.3636
2016-01-28 22:34:37,040 - mining - DEBUG - objective:-129.3637
2016-01-28 22:34:42,409 - mining - DEBUG - objective:-129.3630
2016-01-28 22:34:46,889 - mining - DEBUG - objective:-129.3639
2016-01-28 22:34:52,211 - mining - DEBUG - objective:-129.3646
2016-01-28 22:34:57,141 - mining - DEBUG - objective:-129.3634
2016-01-28 22:35:01,423 - mining - DEBUG - objective:-129.3649
2016-01-28 22:35:06,950 - mining - DEBUG - objective:-129.3657
2016-01-28 22:35:11,072 - mining - DEBUG - objective:-129.3662
2016-01-28 22:35:16,446 - mining - DEBUG - objective:-129.3665
2016-01-28 22:35:21,558 - mining - DEBUG - objective:-129.3665
2016-01-28 22:35:26,487 - mining - DEBUG - objective:-129.3665
2016-01-28 22:35:30,991 - mining - DEBUG - objective:-129.3666
2016-01-28 22:35:35,627 - mining - DEBUG - objective:-129.3664
2016-01-28 22:35:40,192 - mining - DEBUG - objective:-129.3666
2016-01-28 22:35:44,642 - mining - DEBUG - objective:-129.3666
2016-01-28 22:35:48,997 - mining - DEBUG - objective:-129.3666
2016-01-28 22:35:53,277 - mining - DEBUG - objective:-129.3666
2016-01-28 22:35:57,759 - mining - DEBUG - objective:-129.3666
2016-01-28 22:36:01,668 - mining - DEBUG - objective:-129.3666
2016-01-28 22:36:06,311 - mining - DEBUG - objective:-129.3666
2016-01-28 22:36:10,983 - mining - DEBUG - objective:-129.3666
2016-01-28 22:36:14,937 - mining - DEBUG - objective:-129.3666
2016-01-28 22:36:18,936 - mining - DEBUG - objective:-129.3666
2016-01-28 22:36:23,021 - mining - DEBUG - objective:-129.3666
2016-01-28 22:36:27,422 - mining - DEBUG - objective:-129.3666
2016-01-28 22:36:32,484 - mining - DEBUG - objective:-129.3666
2016-01-28 22:36:37,389 - mining - DEBUG - objective:-129.3666
2016-01-28 22:36:42,272 - mining - DEBUG - objective:-129.3666
2016-01-28 22:36:46,726 - mining - DEBUG - objective:-129.3666
2016-01-28 22:36:51,622 - mining - DEBUG - objective:-129.3666
2016-01-28 22:36:56,599 - mining - DEBUG - objective:-129.3666
2016-01-28 22:36:56,608 - mining - DEBUG - objective:-129.3666
2016-01-28 22:36:56,615 - mining - INFO - Saving model...
2016-01-28 22:36:56,669 - mining - INFO - Model saved.
2016-01-28 22:36:56,689 - mining - DEBUG - prediction started...
2016-01-28 22:36:57,771 - mining - DEBUG - prediction finished
