2016-07-14 18:30:59,566 - usps - INFO - experiment started for:{'run_id': 5, 'max_iter': 300, 'optimization_config': {'hyp': 25, 'mog': 25}, 'xtol': 1e-07, 'git_hash': '56b400bf485c09994800ecf66753736a8f1efd98', 'model_init': None, 'ftol': 1e-05, 'latent_noise:': 0.001, 'sparsity_factor': 0.5, 'll': 'SoftmaxLL', 'sample_num': 2000, 'experiment': 'usps', 'git_branch': 'master', 'random_Z': True, 'method': 'full'}
2016-07-14 18:31:00,057 - usps - INFO - Iteration 1 started.
2016-07-14 18:31:00,057 - usps - INFO - Optimizing: mog
2016-07-14 18:31:00,811 - usps - DEBUG - Objective: 2993.4238
2016-07-14 18:31:02,273 - usps - DEBUG - Objective: 2953.9843
2016-07-14 18:31:03,713 - usps - DEBUG - Objective: 2816.5598
2016-07-14 18:31:05,159 - usps - DEBUG - Objective: 2176.8663
2016-07-14 18:31:06,611 - usps - DEBUG - Objective: 2065.6938
2016-07-14 18:31:08,068 - usps - DEBUG - Objective: 2036.4211
2016-07-14 18:31:09,531 - usps - DEBUG - Objective: 2019.6899
2016-07-14 18:31:10,994 - usps - DEBUG - Objective: 2012.5667
2016-07-14 18:31:12,470 - usps - DEBUG - Objective: 2007.3048
2016-07-14 18:31:13,940 - usps - DEBUG - Objective: 2000.5731
2016-07-14 18:31:15,429 - usps - DEBUG - Objective: 1996.4119
2016-07-14 18:31:16,923 - usps - DEBUG - Objective: 1994.1583
2016-07-14 18:31:18,425 - usps - DEBUG - Objective: 1992.2711
2016-07-14 18:31:19,913 - usps - DEBUG - Objective: 1990.9543
2016-07-14 18:31:21,398 - usps - DEBUG - Objective: 1989.8743
2016-07-14 18:31:22,901 - usps - DEBUG - Objective: 1988.5329
2016-07-14 18:31:24,398 - usps - DEBUG - Objective: 1987.7999
2016-07-14 18:31:25,579 - usps - DEBUG - Objective: 1987.4636
2016-07-14 18:31:27,064 - usps - DEBUG - Objective: 1987.7341
2016-07-14 18:31:28,300 - usps - DEBUG - Objective: 1986.5251
2016-07-14 18:31:29,723 - usps - DEBUG - Objective: 1987.4550
2016-07-14 18:31:30,896 - usps - DEBUG - Objective: 1987.6045
2016-07-14 18:31:32,088 - usps - DEBUG - Objective: 1987.3282
2016-07-14 18:31:33,274 - usps - DEBUG - Objective: 1987.4686
2016-07-14 18:31:34,752 - usps - DEBUG - Objective: 1987.6021
2016-07-14 18:31:35,991 - usps - DEBUG - Objective: 1987.0467
2016-07-14 18:31:36,949 - usps - INFO - Optimizing: hyp
2016-07-14 18:31:39,271 - usps - DEBUG - Objective: 1988.0597
2016-07-14 18:31:41,497 - usps - DEBUG - Objective: 2628.0488
2016-07-14 18:31:44,211 - usps - DEBUG - Objective: 1887.4592
2016-07-14 18:31:46,900 - usps - DEBUG - Objective: 1873.3287
2016-07-14 18:31:49,504 - usps - DEBUG - Objective: 1860.4070
2016-07-14 18:31:51,748 - usps - DEBUG - Objective: 1859.7274
2016-07-14 18:31:54,261 - usps - DEBUG - Objective: 1857.7928
2016-07-14 18:31:56,804 - usps - DEBUG - Objective: 1855.1765
2016-07-14 18:31:59,340 - usps - DEBUG - Objective: 1853.8269
2016-07-14 18:32:01,658 - usps - DEBUG - Objective: 1854.7189
2016-07-14 18:32:03,915 - usps - DEBUG - Objective: 1856.2673
2016-07-14 18:32:06,459 - usps - DEBUG - Objective: 1855.8829
2016-07-14 18:32:09,010 - usps - DEBUG - Objective: 1854.1459
2016-07-14 18:32:11,557 - usps - DEBUG - Objective: 1855.1215
2016-07-14 18:32:14,101 - usps - DEBUG - Objective: 1854.3964
2016-07-14 18:32:14,545 - usps - DEBUG - Objective: 1854.6490
2016-07-14 18:32:15,004 - usps - INFO - Iteration 2 started.
2016-07-14 18:32:15,004 - usps - INFO - Optimizing: mog
2016-07-14 18:32:16,088 - usps - DEBUG - Objective: 1853.7311
2016-07-14 18:32:17,400 - usps - DEBUG - Objective: 1839.2047
2016-07-14 18:32:18,694 - usps - DEBUG - Objective: 1791.7548
2016-07-14 18:32:20,020 - usps - DEBUG - Objective: 1779.1824
2016-07-14 18:32:21,324 - usps - DEBUG - Objective: 1768.3095
2016-07-14 18:32:22,658 - usps - DEBUG - Objective: 1761.2971
2016-07-14 18:32:23,969 - usps - DEBUG - Objective: 1756.4322
2016-07-14 18:32:25,306 - usps - DEBUG - Objective: 1754.8661
2016-07-14 18:32:26,643 - usps - DEBUG - Objective: 1752.2589
2016-07-14 18:32:27,992 - usps - DEBUG - Objective: 1752.9483
2016-07-14 18:32:29,338 - usps - DEBUG - Objective: 1750.8351
2016-07-14 18:32:30,700 - usps - DEBUG - Objective: 1751.0262
2016-07-14 18:32:31,821 - usps - DEBUG - Objective: 1750.0275
2016-07-14 18:32:33,173 - usps - DEBUG - Objective: 1749.7035
2016-07-14 18:32:34,232 - usps - DEBUG - Objective: 1749.7958
2016-07-14 18:32:35,364 - usps - DEBUG - Objective: 1749.1836
2016-07-14 18:32:36,445 - usps - DEBUG - Objective: 1750.1487
2016-07-14 18:32:37,806 - usps - DEBUG - Objective: 1749.2294
2016-07-14 18:32:38,877 - usps - DEBUG - Objective: 1749.4799
2016-07-14 18:32:40,009 - usps - DEBUG - Objective: 1750.6843
2016-07-14 18:32:41,071 - usps - DEBUG - Objective: 1749.3748
2016-07-14 18:32:42,143 - usps - DEBUG - Objective: 1750.0044
2016-07-14 18:32:43,201 - usps - DEBUG - Objective: 1749.4166
2016-07-14 18:32:44,267 - usps - DEBUG - Objective: 1750.1297
2016-07-14 18:32:45,322 - usps - DEBUG - Objective: 1750.1301
2016-07-14 18:32:45,770 - usps - DEBUG - Objective: 1749.9361
2016-07-14 18:32:46,635 - usps - INFO - Optimizing: hyp
2016-07-14 18:32:48,693 - usps - DEBUG - Objective: 1750.4344
2016-07-14 18:32:50,887 - usps - DEBUG - Objective: 3376.6974
2016-07-14 18:32:53,293 - usps - DEBUG - Objective: 1690.1615
2016-07-14 18:32:55,689 - usps - DEBUG - Objective: 1683.7547
2016-07-14 18:32:58,097 - usps - DEBUG - Objective: 1677.8281
2016-07-14 18:33:00,507 - usps - DEBUG - Objective: 1668.8021
2016-07-14 18:33:02,709 - usps - DEBUG - Objective: 1670.4436
2016-07-14 18:33:04,893 - usps - DEBUG - Objective: 1668.4279
2016-07-14 18:33:07,070 - usps - DEBUG - Objective: 1668.9660
2016-07-14 18:33:09,459 - usps - DEBUG - Objective: 1669.2537
2016-07-14 18:33:11,639 - usps - DEBUG - Objective: 1668.0917
2016-07-14 18:33:13,821 - usps - DEBUG - Objective: 1668.5794
2016-07-14 18:33:14,267 - usps - DEBUG - Objective difference: 186.371155
2016-07-14 18:33:14,267 - usps - INFO - Mean difference: 0.323842
2016-07-14 18:33:14,267 - usps - INFO - Covariance difference: 0.003396
2016-07-14 18:33:14,268 - usps - INFO - Iteration 3 started.
2016-07-14 18:33:14,268 - usps - INFO - Optimizing: mog
2016-07-14 18:33:15,307 - usps - DEBUG - Objective: 1668.6398
2016-07-14 18:33:16,549 - usps - DEBUG - Objective: 1655.7704
2016-07-14 18:33:17,797 - usps - DEBUG - Objective: 1628.7232
2016-07-14 18:33:18,847 - usps - DEBUG - Objective: 1633.3498
2016-07-14 18:33:20,083 - usps - DEBUG - Objective: 1625.1155
2016-07-14 18:33:21,341 - usps - DEBUG - Objective: 1621.9729
2016-07-14 18:33:22,621 - usps - DEBUG - Objective: 1614.5912
2016-07-14 18:33:23,898 - usps - DEBUG - Objective: 1611.0249
2016-07-14 18:33:25,202 - usps - DEBUG - Objective: 1606.9612
2016-07-14 18:33:26,475 - usps - DEBUG - Objective: 1606.0320
2016-07-14 18:33:27,760 - usps - DEBUG - Objective: 1603.7654
2016-07-14 18:33:29,049 - usps - DEBUG - Objective: 1603.1943
2016-07-14 18:33:30,342 - usps - DEBUG - Objective: 1601.8091
2016-07-14 18:33:31,651 - usps - DEBUG - Objective: 1601.3818
2016-07-14 18:33:32,950 - usps - DEBUG - Objective: 1601.0888
2016-07-14 18:33:34,258 - usps - DEBUG - Objective: 1600.4359
2016-07-14 18:33:35,554 - usps - DEBUG - Objective: 1599.7325
2016-07-14 18:33:36,849 - usps - DEBUG - Objective: 1598.7032
2016-07-14 18:33:38,154 - usps - DEBUG - Objective: 1598.5833
2016-07-14 18:33:39,444 - usps - DEBUG - Objective: 1598.3243
2016-07-14 18:33:40,459 - usps - DEBUG - Objective: 1598.4585
2016-07-14 18:33:41,713 - usps - DEBUG - Objective: 1598.0895
2016-07-14 18:33:42,797 - usps - DEBUG - Objective: 1599.0411
2016-07-14 18:33:43,825 - usps - DEBUG - Objective: 1599.1442
2016-07-14 18:33:44,837 - usps - DEBUG - Objective: 1598.6409
2016-07-14 18:33:45,851 - usps - DEBUG - Objective: 1598.2662
2016-07-14 18:33:46,675 - usps - INFO - Optimizing: hyp
2016-07-14 18:33:48,604 - usps - DEBUG - Objective: 1598.9917
2016-07-14 18:33:50,779 - usps - DEBUG - Objective: 3722.6164
2016-07-14 18:33:53,161 - usps - DEBUG - Objective: 1561.4746
2016-07-14 18:33:55,574 - usps - DEBUG - Objective: 1557.0913
2016-07-14 18:33:57,970 - usps - DEBUG - Objective: 1553.4435
2016-07-14 18:34:00,567 - usps - DEBUG - Objective: 1544.4420
2016-07-14 18:34:02,937 - usps - DEBUG - Objective: 1548.9648
2016-07-14 18:34:05,527 - usps - DEBUG - Objective: 1545.0528
2016-07-14 18:34:08,157 - usps - DEBUG - Objective: 1542.2888
2016-07-14 18:34:10,783 - usps - DEBUG - Objective: 1543.0502
2016-07-14 18:34:13,403 - usps - DEBUG - Objective: 1542.9666
2016-07-14 18:34:16,025 - usps - DEBUG - Objective: 1543.5464
2016-07-14 18:34:18,634 - usps - DEBUG - Objective: 1543.2227
2016-07-14 18:34:21,268 - usps - DEBUG - Objective: 1543.0272
2016-07-14 18:34:23,673 - usps - DEBUG - Objective: 1543.4728
2016-07-14 18:34:26,120 - usps - DEBUG - Objective difference: 126.279968
2016-07-14 18:34:26,120 - usps - INFO - Mean difference: 0.293162
2016-07-14 18:34:26,120 - usps - INFO - Covariance difference: 0.003974
2016-07-14 18:34:26,120 - usps - INFO - Iteration 4 started.
2016-07-14 18:34:26,120 - usps - INFO - Optimizing: mog
2016-07-14 18:34:27,201 - usps - DEBUG - Objective: 1542.7200
2016-07-14 18:34:28,508 - usps - DEBUG - Objective: 1533.4430
2016-07-14 18:34:29,841 - usps - DEBUG - Objective: 1520.0779
2016-07-14 18:34:31,151 - usps - DEBUG - Objective: 1520.1128
2016-07-14 18:34:32,449 - usps - DEBUG - Objective: 1516.5352
2016-07-14 18:34:33,804 - usps - DEBUG - Objective: 1515.1240
2016-07-14 18:34:35,144 - usps - DEBUG - Objective: 1511.1934
2016-07-14 18:34:36,482 - usps - DEBUG - Objective: 1508.4621
2016-07-14 18:34:37,831 - usps - DEBUG - Objective: 1503.1059
2016-07-14 18:34:39,180 - usps - DEBUG - Objective: 1503.0884
2016-07-14 18:34:40,558 - usps - DEBUG - Objective: 1502.1538
2016-07-14 18:34:41,931 - usps - DEBUG - Objective: 1500.1187
2016-07-14 18:34:43,294 - usps - DEBUG - Objective: 1499.7557
2016-07-14 18:34:44,670 - usps - DEBUG - Objective: 1498.3333
2016-07-14 18:34:46,057 - usps - DEBUG - Objective: 1498.3980
2016-07-14 18:34:47,440 - usps - DEBUG - Objective: 1497.6110
2016-07-14 18:34:48,801 - usps - DEBUG - Objective: 1496.4860
2016-07-14 18:34:50,170 - usps - DEBUG - Objective: 1496.4935
2016-07-14 18:34:51,535 - usps - DEBUG - Objective: 1495.9044
2016-07-14 18:34:52,697 - usps - DEBUG - Objective: 1495.2531
2016-07-14 18:34:54,071 - usps - DEBUG - Objective: 1494.7728
2016-07-14 18:34:55,438 - usps - DEBUG - Objective: 1495.1637
2016-07-14 18:34:56,509 - usps - DEBUG - Objective: 1493.9307
2016-07-14 18:34:57,646 - usps - DEBUG - Objective: 1493.8818
2016-07-14 18:34:59,006 - usps - DEBUG - Objective: 1493.0366
2016-07-14 18:35:00,394 - usps - DEBUG - Objective: 1493.9442
2016-07-14 18:35:00,708 - usps - INFO - Optimizing: hyp
2016-07-14 18:35:02,850 - usps - DEBUG - Objective: 1493.2801
2016-07-14 18:35:05,067 - usps - DEBUG - Objective: 4142.2554
2016-07-14 18:35:07,658 - usps - DEBUG - Objective: 1472.1425
2016-07-14 18:35:10,180 - usps - DEBUG - Objective: 1468.6522
2016-07-14 18:35:12,683 - usps - DEBUG - Objective: 1466.1749
2016-07-14 18:35:15,143 - usps - DEBUG - Objective: 1457.2146
2016-07-14 18:35:17,358 - usps - DEBUG - Objective: 1459.3313
2016-07-14 18:35:19,777 - usps - DEBUG - Objective: 1456.4373
2016-07-14 18:35:22,212 - usps - DEBUG - Objective: 1454.3189
2016-07-14 18:35:24,456 - usps - DEBUG - Objective: 1454.9244
2016-07-14 18:35:26,704 - usps - DEBUG - Objective: 1454.9409
2016-07-14 18:35:28,942 - usps - DEBUG - Objective: 1455.4154
2016-07-14 18:35:31,191 - usps - DEBUG - Objective: 1454.9331
2016-07-14 18:35:33,676 - usps - DEBUG - Objective: 1454.6954
2016-07-14 18:35:36,145 - usps - DEBUG - Objective: 1455.2758
2016-07-14 18:35:38,636 - usps - DEBUG - Objective: 1454.8547
2016-07-14 18:35:39,064 - usps - DEBUG - Objective: 1455.4039
2016-07-14 18:35:39,495 - usps - DEBUG - Objective: 1455.5372
2016-07-14 18:35:39,946 - usps - DEBUG - Objective difference: 87.778992
2016-07-14 18:35:39,946 - usps - INFO - Mean difference: 0.299286
2016-07-14 18:35:39,946 - usps - INFO - Covariance difference: 0.004107
2016-07-14 18:35:39,946 - usps - INFO - Iteration 5 started.
2016-07-14 18:35:39,946 - usps - INFO - Optimizing: mog
2016-07-14 18:35:41,015 - usps - DEBUG - Objective: 1455.6235
2016-07-14 18:35:42,276 - usps - DEBUG - Objective: 1447.0740
2016-07-14 18:35:43,544 - usps - DEBUG - Objective: 1441.7827
2016-07-14 18:35:44,816 - usps - DEBUG - Objective: 1438.8459
2016-07-14 18:35:46,104 - usps - DEBUG - Objective: 1436.5628
2016-07-14 18:35:47,399 - usps - DEBUG - Objective: 1435.0125
2016-07-14 18:35:48,687 - usps - DEBUG - Objective: 1433.7775
2016-07-14 18:35:49,981 - usps - DEBUG - Objective: 1432.5540
2016-07-14 18:35:51,283 - usps - DEBUG - Objective: 1431.1745
2016-07-14 18:35:52,590 - usps - DEBUG - Objective: 1429.1783
2016-07-14 18:35:53,900 - usps - DEBUG - Objective: 1428.7644
2016-07-14 18:35:55,220 - usps - DEBUG - Objective: 1428.4270
2016-07-14 18:35:56,534 - usps - DEBUG - Objective: 1426.4167
2016-07-14 18:35:57,847 - usps - DEBUG - Objective: 1425.9071
2016-07-14 18:35:58,881 - usps - DEBUG - Objective: 1426.2446
2016-07-14 18:36:00,196 - usps - DEBUG - Objective: 1425.3113
2016-07-14 18:36:01,538 - usps - DEBUG - Objective: 1424.5696
2016-07-14 18:36:02,854 - usps - DEBUG - Objective: 1424.6890
2016-07-14 18:36:04,167 - usps - DEBUG - Objective: 1423.2705
2016-07-14 18:36:05,481 - usps - DEBUG - Objective: 1422.3824
2016-07-14 18:36:06,578 - usps - DEBUG - Objective: 1422.5989
2016-07-14 18:36:07,890 - usps - DEBUG - Objective: 1421.4841
2016-07-14 18:36:08,990 - usps - DEBUG - Objective: 1421.4113
2016-07-14 18:36:10,308 - usps - DEBUG - Objective: 1421.4251
2016-07-14 18:36:11,656 - usps - DEBUG - Objective: 1420.8831
2016-07-14 18:36:12,758 - usps - DEBUG - Objective: 1420.2718
2016-07-14 18:36:13,595 - usps - INFO - Optimizing: hyp
2016-07-14 18:36:15,588 - usps - DEBUG - Objective: 1421.4984
2016-07-14 18:36:17,781 - usps - DEBUG - Objective: 4957.6166
2016-07-14 18:36:20,378 - usps - DEBUG - Objective: 1408.8112
2016-07-14 18:36:22,935 - usps - DEBUG - Objective: 1405.7301
2016-07-14 18:36:25,466 - usps - DEBUG - Objective: 1403.9529
2016-07-14 18:36:28,028 - usps - DEBUG - Objective: 1396.0781
2016-07-14 18:36:30,392 - usps - DEBUG - Objective: 1399.7553
2016-07-14 18:36:32,968 - usps - DEBUG - Objective: 1395.2069
2016-07-14 18:36:35,577 - usps - DEBUG - Objective: 1394.3707
2016-07-14 18:36:38,179 - usps - DEBUG - Objective: 1393.7951
2016-07-14 18:36:40,789 - usps - DEBUG - Objective: 1393.7929
2016-07-14 18:36:43,396 - usps - DEBUG - Objective: 1393.2118
2016-07-14 18:36:45,772 - usps - DEBUG - Objective: 1393.2946
2016-07-14 18:36:48,152 - usps - DEBUG - Objective: 1394.5890
2016-07-14 18:36:48,623 - usps - DEBUG - Objective difference: 60.485168
2016-07-14 18:36:48,623 - usps - INFO - Mean difference: 0.216613
2016-07-14 18:36:48,623 - usps - INFO - Covariance difference: 0.003585
2016-07-14 18:36:48,623 - usps - INFO - Iteration 6 started.
2016-07-14 18:36:48,623 - usps - INFO - Optimizing: mog
2016-07-14 18:36:49,708 - usps - DEBUG - Objective: 1392.7546
2016-07-14 18:36:51,016 - usps - DEBUG - Objective: 1388.1798
2016-07-14 18:36:52,323 - usps - DEBUG - Objective: 1384.4158
2016-07-14 18:36:53,642 - usps - DEBUG - Objective: 1382.5691
2016-07-14 18:36:54,972 - usps - DEBUG - Objective: 1381.5667
2016-07-14 18:36:56,303 - usps - DEBUG - Objective: 1380.0282
2016-07-14 18:36:57,665 - usps - DEBUG - Objective: 1379.8861
2016-07-14 18:36:58,997 - usps - DEBUG - Objective: 1378.3408
2016-07-14 18:37:00,354 - usps - DEBUG - Objective: 1378.1915
2016-07-14 18:37:01,718 - usps - DEBUG - Objective: 1376.7694
2016-07-14 18:37:03,083 - usps - DEBUG - Objective: 1376.4164
2016-07-14 18:37:04,460 - usps - DEBUG - Objective: 1375.6771
2016-07-14 18:37:05,817 - usps - DEBUG - Objective: 1374.9706
2016-07-14 18:37:07,178 - usps - DEBUG - Objective: 1374.2042
2016-07-14 18:37:08,534 - usps - DEBUG - Objective: 1372.5343
2016-07-14 18:37:09,900 - usps - DEBUG - Objective: 1371.8950
2016-07-14 18:37:11,045 - usps - DEBUG - Objective: 1372.2568
2016-07-14 18:37:12,202 - usps - DEBUG - Objective: 1371.3782
2016-07-14 18:37:13,282 - usps - DEBUG - Objective: 1371.7354
2016-07-14 18:37:14,570 - usps - DEBUG - Objective: 1371.6593
2016-07-14 18:37:15,644 - usps - DEBUG - Objective: 1371.8136
2016-07-14 18:37:16,712 - usps - DEBUG - Objective: 1372.1747
2016-07-14 18:37:17,789 - usps - DEBUG - Objective: 1372.4471
2016-07-14 18:37:18,851 - usps - DEBUG - Objective: 1372.8413
2016-07-14 18:37:19,730 - usps - INFO - Optimizing: hyp
2016-07-14 18:37:21,836 - usps - DEBUG - Objective: 1371.0601
2016-07-14 18:37:24,050 - usps - DEBUG - Objective: 5287.4920
2016-07-14 18:37:26,532 - usps - DEBUG - Objective: 1366.4164
2016-07-14 18:37:29,083 - usps - DEBUG - Objective: 1363.3785
2016-07-14 18:37:31,637 - usps - DEBUG - Objective: 1362.6478
2016-07-14 18:37:34,207 - usps - DEBUG - Objective: 1360.6106
2016-07-14 18:37:36,735 - usps - DEBUG - Objective: 1356.4295
2016-07-14 18:37:39,011 - usps - DEBUG - Objective: 1357.7792
2016-07-14 18:37:41,523 - usps - DEBUG - Objective: 1356.1990
2016-07-14 18:37:43,995 - usps - DEBUG - Objective: 1354.9966
2016-07-14 18:37:46,237 - usps - DEBUG - Objective: 1354.5454
2016-07-14 18:37:48,483 - usps - DEBUG - Objective: 1354.8531
2016-07-14 18:37:50,746 - usps - DEBUG - Objective: 1354.7170
2016-07-14 18:37:52,983 - usps - DEBUG - Objective: 1354.8380
2016-07-14 18:37:55,456 - usps - DEBUG - Objective: 1354.2328
2016-07-14 18:37:57,704 - usps - DEBUG - Objective: 1355.6704
2016-07-14 18:37:59,966 - usps - DEBUG - Objective difference: 39.216293
2016-07-14 18:37:59,966 - usps - INFO - Mean difference: 0.148518
2016-07-14 18:37:59,966 - usps - INFO - Covariance difference: 0.003501
2016-07-14 18:37:59,966 - usps - INFO - Iteration 7 started.
2016-07-14 18:37:59,966 - usps - INFO - Optimizing: mog
2016-07-14 18:38:01,027 - usps - DEBUG - Objective: 1355.5948
2016-07-14 18:38:02,083 - usps - DEBUG - Objective: 1359.9797
2016-07-14 18:38:03,357 - usps - DEBUG - Objective: 1352.8687
2016-07-14 18:38:04,621 - usps - DEBUG - Objective: 1352.1031
2016-07-14 18:38:05,886 - usps - DEBUG - Objective: 1346.3030
2016-07-14 18:38:07,171 - usps - DEBUG - Objective: 1345.9658
2016-07-14 18:38:08,451 - usps - DEBUG - Objective: 1344.7702
2016-07-14 18:38:09,735 - usps - DEBUG - Objective: 1343.7625
2016-07-14 18:38:10,813 - usps - DEBUG - Objective: 1343.5495
2016-07-14 18:38:12,108 - usps - DEBUG - Objective: 1342.6835
2016-07-14 18:38:13,407 - usps - DEBUG - Objective: 1342.6273
2016-07-14 18:38:14,728 - usps - DEBUG - Objective: 1342.2972
2016-07-14 18:38:15,761 - usps - DEBUG - Objective: 1342.7634
2016-07-14 18:38:16,796 - usps - DEBUG - Objective: 1343.1570
2016-07-14 18:38:17,851 - usps - DEBUG - Objective: 1343.0039
2016-07-14 18:38:18,878 - usps - DEBUG - Objective: 1343.4850
2016-07-14 18:38:19,910 - usps - DEBUG - Objective: 1341.7199
2016-07-14 18:38:20,350 - usps - DEBUG - Objective: 1343.0479
2016-07-14 18:38:21,179 - usps - INFO - Optimizing: hyp
2016-07-14 18:38:23,150 - usps - DEBUG - Objective: 1341.8807
2016-07-14 18:38:25,329 - usps - DEBUG - Objective: 3412.8650
2016-07-14 18:38:27,749 - usps - DEBUG - Objective: 1335.1701
2016-07-14 18:38:30,166 - usps - DEBUG - Objective: 1335.3939
2016-07-14 18:38:32,392 - usps - DEBUG - Objective: 1334.5193
2016-07-14 18:38:34,589 - usps - DEBUG - Objective: 1334.5533
2016-07-14 18:38:36,793 - usps - DEBUG - Objective: 1336.1306
2016-07-14 18:38:38,981 - usps - DEBUG - Objective: 1334.6766
2016-07-14 18:38:41,178 - usps - DEBUG - Objective: 1334.3385
2016-07-14 18:38:41,605 - usps - DEBUG - Objective: 1334.8644
2016-07-14 18:38:42,029 - usps - DEBUG - Objective: 1335.4230
2016-07-14 18:38:42,477 - usps - DEBUG - Objective difference: 19.481857
2016-07-14 18:38:42,477 - usps - INFO - Mean difference: 0.036720
2016-07-14 18:38:42,477 - usps - INFO - Covariance difference: 0.001403
2016-07-14 18:38:42,477 - usps - INFO - Iteration 8 started.
2016-07-14 18:38:42,477 - usps - INFO - Optimizing: mog
2016-07-14 18:38:43,524 - usps - DEBUG - Objective: 1335.2395
2016-07-14 18:38:44,575 - usps - DEBUG - Objective: 1337.9681
2016-07-14 18:38:45,833 - usps - DEBUG - Objective: 1334.0527
2016-07-14 18:38:47,082 - usps - DEBUG - Objective: 1332.8204
2016-07-14 18:38:48,336 - usps - DEBUG - Objective: 1331.7316
2016-07-14 18:38:49,611 - usps - DEBUG - Objective: 1330.3198
2016-07-14 18:38:50,875 - usps - DEBUG - Objective: 1329.6743
2016-07-14 18:38:52,147 - usps - DEBUG - Objective: 1329.4870
2016-07-14 18:38:53,167 - usps - DEBUG - Objective: 1329.4182
2016-07-14 18:38:54,207 - usps - DEBUG - Objective: 1329.1285
2016-07-14 18:38:55,225 - usps - DEBUG - Objective: 1330.3692
2016-07-14 18:38:56,240 - usps - DEBUG - Objective: 1329.5166
2016-07-14 18:38:57,257 - usps - DEBUG - Objective: 1330.3082
2016-07-14 18:38:58,072 - usps - INFO - Optimizing: hyp
2016-07-14 18:38:59,999 - usps - DEBUG - Objective: 1329.7105
2016-07-14 18:39:02,168 - usps - DEBUG - Objective: 4275.3190
2016-07-14 18:39:04,537 - usps - DEBUG - Objective: 1325.3262
2016-07-14 18:39:06,948 - usps - DEBUG - Objective: 1324.2288
2016-07-14 18:39:09,330 - usps - DEBUG - Objective: 1325.8525
2016-07-14 18:39:11,492 - usps - DEBUG - Objective: 1325.0636
2016-07-14 18:39:13,656 - usps - DEBUG - Objective: 1324.8145
2016-07-14 18:39:15,822 - usps - DEBUG - Objective: 1324.8910
2016-07-14 18:39:18,002 - usps - DEBUG - Objective: 1325.2373
2016-07-14 18:39:20,161 - usps - DEBUG - Objective: 1325.1393
2016-07-14 18:39:22,542 - usps - DEBUG - Objective: 1324.6801
2016-07-14 18:39:24,921 - usps - DEBUG - Objective: 1324.5602
2016-07-14 18:39:27,308 - usps - DEBUG - Objective: 1323.3112
2016-07-14 18:39:29,690 - usps - DEBUG - Objective: 1323.1750
2016-07-14 18:39:31,865 - usps - DEBUG - Objective: 1324.0738
2016-07-14 18:39:34,031 - usps - DEBUG - Objective: 1323.6954
2016-07-14 18:39:36,408 - usps - DEBUG - Objective: 1323.6531
2016-07-14 18:39:38,781 - usps - DEBUG - Objective: 1323.7264
2016-07-14 18:39:41,181 - usps - DEBUG - Objective: 1322.3900
2016-07-14 18:39:43,360 - usps - DEBUG - Objective: 1321.8456
2016-07-14 18:39:45,543 - usps - DEBUG - Objective: 1322.1440
2016-07-14 18:39:47,712 - usps - DEBUG - Objective: 1322.5157
2016-07-14 18:39:50,080 - usps - DEBUG - Objective: 1322.3541
2016-07-14 18:39:50,521 - usps - DEBUG - Objective difference: 12.277817
2016-07-14 18:39:50,521 - usps - INFO - Mean difference: 0.016147
2016-07-14 18:39:50,521 - usps - INFO - Covariance difference: 0.000712
2016-07-14 18:39:50,521 - usps - INFO - Iteration 9 started.
2016-07-14 18:39:50,521 - usps - INFO - Optimizing: mog
2016-07-14 18:39:51,563 - usps - DEBUG - Objective: 1322.7482
2016-07-14 18:39:52,588 - usps - DEBUG - Objective: 1327.6500
2016-07-14 18:39:53,828 - usps - DEBUG - Objective: 1321.5076
2016-07-14 18:39:55,069 - usps - DEBUG - Objective: 1320.1816
2016-07-14 18:39:56,318 - usps - DEBUG - Objective: 1318.5354
2016-07-14 18:39:57,588 - usps - DEBUG - Objective: 1317.8533
2016-07-14 18:39:58,844 - usps - DEBUG - Objective: 1316.3837
2016-07-14 18:40:00,130 - usps - DEBUG - Objective: 1316.1578
2016-07-14 18:40:01,156 - usps - DEBUG - Objective: 1315.5910
2016-07-14 18:40:02,170 - usps - DEBUG - Objective: 1316.1850
2016-07-14 18:40:03,196 - usps - DEBUG - Objective: 1315.7630
2016-07-14 18:40:04,221 - usps - DEBUG - Objective: 1316.9616
2016-07-14 18:40:05,231 - usps - DEBUG - Objective: 1315.9275
2016-07-14 18:40:05,659 - usps - DEBUG - Objective: 1316.6100
2016-07-14 18:40:06,086 - usps - DEBUG - Objective: 1316.9656
2016-07-14 18:40:06,921 - usps - INFO - Optimizing: hyp
2016-07-14 18:40:08,834 - usps - DEBUG - Objective: 1315.6486
2016-07-14 18:40:11,012 - usps - DEBUG - Objective: 3998.0381
2016-07-14 18:40:13,405 - usps - DEBUG - Objective: 1312.1135
2016-07-14 18:40:15,792 - usps - DEBUG - Objective: 1311.4152
2016-07-14 18:40:17,973 - usps - DEBUG - Objective: 1310.7640
2016-07-14 18:40:20,136 - usps - DEBUG - Objective: 1312.1512
2016-07-14 18:40:22,522 - usps - DEBUG - Objective: 1311.0778
2016-07-14 18:40:24,909 - usps - DEBUG - Objective: 1311.4167
2016-07-14 18:40:27,316 - usps - DEBUG - Objective: 1311.9162
2016-07-14 18:40:29,702 - usps - DEBUG - Objective: 1310.7133
2016-07-14 18:40:30,125 - usps - DEBUG - Objective: 1311.6598
2016-07-14 18:40:32,512 - usps - DEBUG - Objective: 1312.0298
2016-07-14 18:40:34,892 - usps - DEBUG - Objective: 1311.1072
2016-07-14 18:40:37,274 - usps - DEBUG - Objective: 1311.3391
2016-07-14 18:40:39,436 - usps - DEBUG - Objective: 1310.6461
2016-07-14 18:40:41,611 - usps - DEBUG - Objective: 1311.1969
2016-07-14 18:40:42,034 - usps - DEBUG - Objective: 1310.9361
2016-07-14 18:40:44,254 - usps - DEBUG - Objective difference: 12.109360
2016-07-14 18:40:44,255 - usps - INFO - Mean difference: 0.020827
2016-07-14 18:40:44,255 - usps - INFO - Covariance difference: 0.001075
2016-07-14 18:40:44,255 - usps - INFO - Iteration 10 started.
2016-07-14 18:40:44,255 - usps - INFO - Optimizing: mog
2016-07-14 18:40:45,292 - usps - DEBUG - Objective: 1311.5421
2016-07-14 18:40:46,333 - usps - DEBUG - Objective: 1331.9312
2016-07-14 18:40:47,572 - usps - DEBUG - Objective: 1311.4971
2016-07-14 18:40:48,632 - usps - DEBUG - Objective: 1310.1908
2016-07-14 18:40:49,863 - usps - DEBUG - Objective: 1310.6401
2016-07-14 18:40:50,895 - usps - DEBUG - Objective: 1311.2586
2016-07-14 18:40:51,920 - usps - DEBUG - Objective: 1310.8007
2016-07-14 18:40:52,960 - usps - DEBUG - Objective: 1310.6098
2016-07-14 18:40:53,988 - usps - DEBUG - Objective: 1310.7380
2016-07-14 18:40:54,417 - usps - DEBUG - Objective: 1311.0291
2016-07-14 18:40:55,235 - usps - INFO - Optimizing: hyp
2016-07-14 18:40:57,149 - usps - DEBUG - Objective: 1310.9884
2016-07-14 18:40:59,322 - usps - DEBUG - Objective: 3713.5831
2016-07-14 18:41:01,697 - usps - DEBUG - Objective: 1310.7598
2016-07-14 18:41:03,859 - usps - DEBUG - Objective: 1311.5909
2016-07-14 18:41:06,028 - usps - DEBUG - Objective: 1310.7213
2016-07-14 18:41:08,397 - usps - DEBUG - Objective: 1311.0281
2016-07-14 18:41:10,562 - usps - DEBUG - Objective: 1310.9965
2016-07-14 18:41:12,748 - usps - DEBUG - Objective: 1310.4235
2016-07-14 18:41:14,907 - usps - DEBUG - Objective: 1311.2667
2016-07-14 18:41:15,324 - usps - DEBUG - Objective: 1311.1458
2016-07-14 18:41:17,512 - usps - DEBUG - Objective difference: 0.344208
2016-07-14 18:41:17,512 - usps - INFO - Mean difference: 0.000881
2016-07-14 18:41:17,512 - usps - INFO - Covariance difference: 0.000048
2016-07-14 18:41:17,513 - usps - INFO - Iteration 11 started.
2016-07-14 18:41:17,513 - usps - INFO - Optimizing: mog
2016-07-14 18:41:18,564 - usps - DEBUG - Objective: 1311.5165
2016-07-14 18:41:19,602 - usps - DEBUG - Objective: 1327.4929
2016-07-14 18:41:20,627 - usps - DEBUG - Objective: 1310.4217
2016-07-14 18:41:21,869 - usps - DEBUG - Objective: 1310.0489
2016-07-14 18:41:23,129 - usps - DEBUG - Objective: 1308.1746
2016-07-14 18:41:24,397 - usps - DEBUG - Objective: 1307.0615
2016-07-14 18:41:25,657 - usps - DEBUG - Objective: 1305.4562
2016-07-14 18:41:26,695 - usps - DEBUG - Objective: 1306.1418
2016-07-14 18:41:27,960 - usps - DEBUG - Objective: 1305.8091
2016-07-14 18:41:29,256 - usps - DEBUG - Objective: 1305.4527
2016-07-14 18:41:30,321 - usps - DEBUG - Objective: 1304.1888
2016-07-14 18:41:31,338 - usps - DEBUG - Objective: 1304.7221
2016-07-14 18:41:32,431 - usps - DEBUG - Objective: 1304.5359
2016-07-14 18:41:33,718 - usps - DEBUG - Objective: 1304.1329
2016-07-14 18:41:35,020 - usps - DEBUG - Objective: 1303.5002
2016-07-14 18:41:36,038 - usps - DEBUG - Objective: 1303.5333
2016-07-14 18:41:37,075 - usps - DEBUG - Objective: 1303.8688
2016-07-14 18:41:38,092 - usps - DEBUG - Objective: 1303.6347
2016-07-14 18:41:39,116 - usps - DEBUG - Objective: 1304.1634
2016-07-14 18:41:40,131 - usps - DEBUG - Objective: 1303.8817
2016-07-14 18:41:41,169 - usps - DEBUG - Objective: 1304.0917
2016-07-14 18:41:41,984 - usps - INFO - Optimizing: hyp
2016-07-14 18:41:43,906 - usps - DEBUG - Objective: 1303.0445
2016-07-14 18:41:46,075 - usps - DEBUG - Objective: 4514.6717
2016-07-14 18:41:48,465 - usps - DEBUG - Objective: 1300.7988
2016-07-14 18:41:50,859 - usps - DEBUG - Objective: 1300.2006
2016-07-14 18:41:53,248 - usps - DEBUG - Objective: 1299.9636
2016-07-14 18:41:55,625 - usps - DEBUG - Objective: 1299.9478
2016-07-14 18:41:58,015 - usps - DEBUG - Objective: 1300.1068
2016-07-14 18:42:00,179 - usps - DEBUG - Objective: 1300.6760
2016-07-14 18:42:02,358 - usps - DEBUG - Objective: 1299.9642
2016-07-14 18:42:04,745 - usps - DEBUG - Objective: 1298.9897
2016-07-14 18:42:06,913 - usps - DEBUG - Objective: 1299.0307
2016-07-14 18:42:09,322 - usps - DEBUG - Objective: 1299.1518
2016-07-14 18:42:11,715 - usps - DEBUG - Objective: 1298.4736
2016-07-14 18:42:14,105 - usps - DEBUG - Objective: 1298.5139
2016-07-14 18:42:16,280 - usps - DEBUG - Objective: 1298.8200
2016-07-14 18:42:18,464 - usps - DEBUG - Objective: 1298.3332
2016-07-14 18:42:18,886 - usps - DEBUG - Objective: 1298.0046
2016-07-14 18:42:19,308 - usps - DEBUG - Objective: 1298.4903
2016-07-14 18:42:21,504 - usps - DEBUG - Objective difference: 12.835480
2016-07-14 18:42:21,504 - usps - INFO - Mean difference: 0.032291
2016-07-14 18:42:21,505 - usps - INFO - Covariance difference: 0.001554
2016-07-14 18:42:21,505 - usps - INFO - Iteration 12 started.
2016-07-14 18:42:21,505 - usps - INFO - Optimizing: mog
2016-07-14 18:42:22,551 - usps - DEBUG - Objective: 1298.3664
2016-07-14 18:42:23,585 - usps - DEBUG - Objective: 1310.7802
2016-07-14 18:42:24,822 - usps - DEBUG - Objective: 1298.2251
2016-07-14 18:42:26,083 - usps - DEBUG - Objective: 1297.4295
2016-07-14 18:42:27,329 - usps - DEBUG - Objective: 1296.3254
2016-07-14 18:42:28,376 - usps - DEBUG - Objective: 1294.9839
2016-07-14 18:42:29,639 - usps - DEBUG - Objective: 1295.5189
2016-07-14 18:42:30,686 - usps - DEBUG - Objective: 1293.8864
2016-07-14 18:42:31,972 - usps - DEBUG - Objective: 1294.6572
2016-07-14 18:42:33,248 - usps - DEBUG - Objective: 1293.4155
2016-07-14 18:42:34,533 - usps - DEBUG - Objective: 1292.7467
2016-07-14 18:42:35,779 - usps - DEBUG - Objective: 1292.5062
2016-07-14 18:42:36,818 - usps - DEBUG - Objective: 1293.5336
2016-07-14 18:42:37,844 - usps - DEBUG - Objective: 1293.4492
2016-07-14 18:42:39,079 - usps - DEBUG - Objective: 1293.9226
2016-07-14 18:42:40,333 - usps - DEBUG - Objective: 1292.6744
2016-07-14 18:42:40,762 - usps - DEBUG - Objective: 1292.9242
2016-07-14 18:42:41,189 - usps - DEBUG - Objective: 1293.2080
2016-07-14 18:42:41,428 - usps - INFO - Optimizing: hyp
2016-07-14 18:42:43,339 - usps - DEBUG - Objective: 1293.4558
2016-07-14 18:42:45,480 - usps - DEBUG - Objective: 4607.7125
2016-07-14 18:42:47,853 - usps - DEBUG - Objective: 1291.8763
2016-07-14 18:42:50,216 - usps - DEBUG - Objective: 1290.6368
2016-07-14 18:42:52,356 - usps - DEBUG - Objective: 1291.1756
2016-07-14 18:42:54,507 - usps - DEBUG - Objective: 1290.7834
2016-07-14 18:42:56,651 - usps - DEBUG - Objective: 1291.7422
2016-07-14 18:42:58,798 - usps - DEBUG - Objective: 1290.4085
2016-07-14 18:43:00,949 - usps - DEBUG - Objective: 1291.1183
2016-07-14 18:43:03,361 - usps - DEBUG - Objective: 1290.9853
2016-07-14 18:43:05,509 - usps - DEBUG - Objective: 1290.8591
2016-07-14 18:43:07,662 - usps - DEBUG - Objective: 1290.6644
2016-07-14 18:43:10,015 - usps - DEBUG - Objective: 1291.6655
2016-07-14 18:43:12,183 - usps - DEBUG - Objective: 1291.3441
2016-07-14 18:43:14,542 - usps - DEBUG - Objective: 1291.0121
2016-07-14 18:43:14,953 - usps - DEBUG - Objective: 1290.9455
2016-07-14 18:43:15,385 - usps - DEBUG - Objective difference: 6.810242
2016-07-14 18:43:15,386 - usps - INFO - Mean difference: 0.021029
2016-07-14 18:43:15,386 - usps - INFO - Covariance difference: 0.001000
2016-07-14 18:43:15,386 - usps - INFO - Iteration 13 started.
2016-07-14 18:43:15,386 - usps - INFO - Optimizing: mog
2016-07-14 18:43:16,423 - usps - DEBUG - Objective: 1291.2425
2016-07-14 18:43:17,447 - usps - DEBUG - Objective: 1307.2253
2016-07-14 18:43:18,685 - usps - DEBUG - Objective: 1290.3659
2016-07-14 18:43:19,924 - usps - DEBUG - Objective: 1290.4448
2016-07-14 18:43:21,181 - usps - DEBUG - Objective: 1289.7648
2016-07-14 18:43:22,219 - usps - DEBUG - Objective: 1289.0302
2016-07-14 18:43:23,473 - usps - DEBUG - Objective: 1287.5050
2016-07-14 18:43:24,732 - usps - DEBUG - Objective: 1287.0437
2016-07-14 18:43:25,806 - usps - DEBUG - Objective: 1286.8491
2016-07-14 18:43:27,074 - usps - DEBUG - Objective: 1286.3145
2016-07-14 18:43:28,349 - usps - DEBUG - Objective: 1286.3986
2016-07-14 18:43:29,594 - usps - DEBUG - Objective: 1286.0064
2016-07-14 18:43:30,608 - usps - DEBUG - Objective: 1286.2222
2016-07-14 18:43:31,620 - usps - DEBUG - Objective: 1286.2709
2016-07-14 18:43:32,645 - usps - DEBUG - Objective: 1286.3561
2016-07-14 18:43:33,671 - usps - DEBUG - Objective: 1286.2092
2016-07-14 18:43:34,701 - usps - INFO - Optimizing: hyp
2016-07-14 18:43:36,602 - usps - DEBUG - Objective: 1286.2105
2016-07-14 18:43:38,769 - usps - DEBUG - Objective: 5103.1102
2016-07-14 18:43:41,135 - usps - DEBUG - Objective: 1284.3838
2016-07-14 18:43:43,535 - usps - DEBUG - Objective: 1284.6230
2016-07-14 18:43:45,894 - usps - DEBUG - Objective: 1283.9639
2016-07-14 18:43:48,271 - usps - DEBUG - Objective: 1284.0907
2016-07-14 18:43:50,426 - usps - DEBUG - Objective: 1283.5782
2016-07-14 18:43:52,802 - usps - DEBUG - Objective: 1284.4058
2016-07-14 18:43:54,968 - usps - DEBUG - Objective: 1284.0799
2016-07-14 18:43:55,386 - usps - DEBUG - Objective: 1284.4143
2016-07-14 18:43:57,597 - usps - DEBUG - Objective difference: 6.880692
2016-07-14 18:43:57,597 - usps - INFO - Mean difference: 0.019113
2016-07-14 18:43:57,597 - usps - INFO - Covariance difference: 0.000996
2016-07-14 18:43:57,597 - usps - INFO - Iteration 14 started.
2016-07-14 18:43:57,597 - usps - INFO - Optimizing: mog
2016-07-14 18:43:58,641 - usps - DEBUG - Objective: 1284.3867
2016-07-14 18:43:59,672 - usps - DEBUG - Objective: 1296.2533
2016-07-14 18:44:00,681 - usps - DEBUG - Objective: 1283.9589
2016-07-14 18:44:01,692 - usps - DEBUG - Objective: 1283.9152
2016-07-14 18:44:02,718 - usps - DEBUG - Objective: 1284.7422
2016-07-14 18:44:03,946 - usps - DEBUG - Objective: 1284.2392
2016-07-14 18:44:04,981 - usps - DEBUG - Objective: 1284.2347
2016-07-14 18:44:05,991 - usps - DEBUG - Objective: 1284.2739
2016-07-14 18:44:06,418 - usps - DEBUG - Objective: 1284.0632
2016-07-14 18:44:07,238 - usps - INFO - Optimizing: hyp
2016-07-14 18:44:09,139 - usps - DEBUG - Objective: 1283.8682
2016-07-14 18:44:11,308 - usps - DEBUG - Objective: 2200.6936
2016-07-14 18:44:13,689 - usps - DEBUG - Objective: 1283.6066
2016-07-14 18:44:15,864 - usps - DEBUG - Objective: 1282.9712
2016-07-14 18:44:18,040 - usps - DEBUG - Objective: 1283.7458
2016-07-14 18:44:20,209 - usps - DEBUG - Objective: 1283.5388
2016-07-14 18:44:22,573 - usps - DEBUG - Objective: 1284.2977
2016-07-14 18:44:24,952 - usps - DEBUG - Objective: 1283.8935
2016-07-14 18:44:27,134 - usps - DEBUG - Objective: 1284.1042
2016-07-14 18:44:29,545 - usps - DEBUG - Objective: 1284.1492
2016-07-14 18:44:31,729 - usps - DEBUG - Objective: 1284.2003
2016-07-14 18:44:34,119 - usps - DEBUG - Objective: 1284.2380
2016-07-14 18:44:36,497 - usps - DEBUG - Objective: 1283.7556
2016-07-14 18:44:36,941 - usps - DEBUG - Objective difference: 0.125763
2016-07-14 18:44:36,941 - usps - INFO - Mean difference: 0.000000
2016-07-14 18:44:36,941 - usps - INFO - Covariance difference: 0.000000
2016-07-14 18:44:36,942 - usps - DEBUG - prediction started...
2016-07-14 18:44:43,962 - usps - DEBUG - prediction finished
