2016-04-17 04:47:25,290 - sarcos - INFO - experiment started for:{'run_id': 0, 'max_iter': 200, 'optimization_config': {'hyp': 10, 'inducing': 6, 'll': 10, 'mog': 50}, 'xtol': 0.001, 'git_hash': '87b4efbf87eb479eff760f9cccb9258a0ffc5274', 'model_init': None, 'ftol': 1e-05, 'latent_noise:': 0.001, 'sparsity_factor': 0.004, 'll': 'CogLL', 'sample_num': 2000, 'experiment': 'sarcos', 'git_branch': 'master', 'random_Z': True, 'method': 'full'}
2016-04-17 04:47:39,041 - sarcos - INFO - Iteration 1 started.
2016-04-17 04:47:39,042 - sarcos - INFO - Optimizing: mog
2016-04-17 04:47:39,057 - sarcos - DEBUG - Objective:387719623.0864
2016-04-17 04:47:52,646 - sarcos - DEBUG - Objective:366229138.8076
2016-04-17 04:48:06,072 - sarcos - DEBUG - Objective:194150203.2015
2016-04-17 04:48:19,791 - sarcos - DEBUG - Objective:105162310.7105
2016-04-17 04:48:33,557 - sarcos - DEBUG - Objective:53358226.5961
2016-04-17 04:48:47,057 - sarcos - DEBUG - Objective:29507417.7228
2016-04-17 04:49:00,421 - sarcos - DEBUG - Objective:17693018.7277
2016-04-17 04:49:14,325 - sarcos - DEBUG - Objective:12043700.1503
2016-04-17 04:49:28,018 - sarcos - DEBUG - Objective:8960009.9770
2016-04-17 04:49:41,655 - sarcos - DEBUG - Objective:6348967.1873
2016-04-17 04:49:55,540 - sarcos - DEBUG - Objective:4228356.4009
2016-04-17 04:50:09,471 - sarcos - DEBUG - Objective:3823975.6232
2016-04-17 04:50:23,068 - sarcos - DEBUG - Objective:3034046.0407
2016-04-17 04:50:36,630 - sarcos - DEBUG - Objective:2589214.4922
2016-04-17 04:50:51,187 - sarcos - DEBUG - Objective:2173631.0303
2016-04-17 04:51:04,926 - sarcos - DEBUG - Objective:1938449.5784
2016-04-17 04:51:19,122 - sarcos - DEBUG - Objective:1650177.6284
2016-04-17 04:51:32,874 - sarcos - DEBUG - Objective:1838922.7450
2016-04-17 04:51:46,623 - sarcos - DEBUG - Objective:1539414.2507
2016-04-17 04:52:00,335 - sarcos - DEBUG - Objective:1422846.1286
2016-04-17 04:52:14,375 - sarcos - DEBUG - Objective:1331552.8007
2016-04-17 04:52:27,859 - sarcos - DEBUG - Objective:1239215.7724
2016-04-17 04:52:41,356 - sarcos - DEBUG - Objective:1164027.9540
2016-04-17 04:52:54,919 - sarcos - DEBUG - Objective:1108253.6858
2016-04-17 04:53:08,852 - sarcos - DEBUG - Objective:1058709.3965
2016-04-17 04:53:22,559 - sarcos - DEBUG - Objective:993097.4446
2016-04-17 04:53:36,026 - sarcos - DEBUG - Objective:960626.0034
2016-04-17 04:53:50,158 - sarcos - DEBUG - Objective:929340.8339
2016-04-17 04:54:04,485 - sarcos - DEBUG - Objective:913984.2775
2016-04-17 04:54:18,535 - sarcos - DEBUG - Objective:879126.7336
2016-04-17 04:54:32,019 - sarcos - DEBUG - Objective:866098.4765
2016-04-17 04:54:45,921 - sarcos - DEBUG - Objective:848101.4987
2016-04-17 04:54:59,698 - sarcos - DEBUG - Objective:838789.7493
2016-04-17 04:55:13,370 - sarcos - DEBUG - Objective:821631.1099
2016-04-17 04:55:27,352 - sarcos - DEBUG - Objective:811070.7645
2016-04-17 04:55:41,732 - sarcos - DEBUG - Objective:799778.9188
2016-04-17 04:55:55,552 - sarcos - DEBUG - Objective:792007.3137
2016-04-17 04:56:09,736 - sarcos - DEBUG - Objective:786383.1954
2016-04-17 04:56:23,243 - sarcos - DEBUG - Objective:780092.2525
2016-04-17 04:56:37,159 - sarcos - DEBUG - Objective:774624.7298
2016-04-17 04:56:50,771 - sarcos - DEBUG - Objective:770787.8489
2016-04-17 04:57:05,233 - sarcos - DEBUG - Objective:767751.9250
2016-04-17 04:57:18,754 - sarcos - DEBUG - Objective:765302.4050
2016-04-17 04:57:32,426 - sarcos - DEBUG - Objective:762430.2318
2016-04-17 04:57:46,212 - sarcos - DEBUG - Objective:759871.5881
2016-04-17 04:58:00,085 - sarcos - DEBUG - Objective:759706.5951
2016-04-17 04:58:13,688 - sarcos - DEBUG - Objective:758365.1376
2016-04-17 04:58:28,000 - sarcos - DEBUG - Objective:756863.0209
2016-04-17 04:58:41,860 - sarcos - DEBUG - Objective:755488.2288
2016-04-17 04:58:55,704 - sarcos - DEBUG - Objective:754509.9198
2016-04-17 04:59:10,040 - sarcos - DEBUG - Objective:753761.6883
2016-04-17 04:59:10,047 - sarcos - INFO - Optimizing: ll
2016-04-17 04:59:23,712 - sarcos - DEBUG - Objective:753978.5160
2016-04-17 04:59:37,861 - sarcos - DEBUG - Objective:309245.1090
2016-04-17 04:59:51,663 - sarcos - DEBUG - Objective:220768.6124
2016-04-17 05:00:05,791 - sarcos - DEBUG - Objective:170049.4915
2016-04-17 05:00:19,174 - sarcos - DEBUG - Objective:155528.3198
2016-04-17 05:00:32,924 - sarcos - DEBUG - Objective:152147.0526
2016-04-17 05:00:46,647 - sarcos - DEBUG - Objective:151778.8235
2016-04-17 05:01:00,766 - sarcos - DEBUG - Objective:151770.8167
2016-04-17 05:01:14,650 - sarcos - DEBUG - Objective:151767.6781
2016-04-17 05:01:28,084 - sarcos - DEBUG - Objective:151771.7140
2016-04-17 05:01:41,535 - sarcos - DEBUG - Objective:151758.6071
2016-04-17 05:01:41,535 - sarcos - INFO - Optimizing: hyp
2016-04-17 05:01:58,647 - sarcos - DEBUG - Objective:151768.8047
2016-04-17 05:02:15,240 - sarcos - DEBUG - Objective:137177.7458
2016-04-17 05:02:32,720 - sarcos - DEBUG - Objective:133414.7546
2016-04-17 05:02:48,881 - sarcos - DEBUG - Objective:128032.2905
2016-04-17 05:03:06,271 - sarcos - DEBUG - Objective:126946.2738
2016-04-17 05:03:22,623 - sarcos - DEBUG - Objective:126783.1408
2016-04-17 05:03:40,267 - sarcos - DEBUG - Objective:126741.1534
2016-04-17 05:03:57,614 - sarcos - DEBUG - Objective:126704.9437
2016-04-17 05:04:14,799 - sarcos - DEBUG - Objective:126625.5257
2016-04-17 05:04:31,785 - sarcos - DEBUG - Objective:126675.2854
2016-04-17 05:04:48,575 - sarcos - DEBUG - Objective:126618.6130
2016-04-17 05:04:48,575 - sarcos - INFO - Optimizing: inducing
2016-04-17 05:06:10,910 - sarcos - DEBUG - Objective:126619.0435
2016-04-17 05:07:32,472 - sarcos - DEBUG - Objective:125843.1943
2016-04-17 05:08:53,735 - sarcos - DEBUG - Objective:125253.3641
2016-04-17 05:10:14,623 - sarcos - DEBUG - Objective:124202.6287
2016-04-17 05:11:34,359 - sarcos - DEBUG - Objective:123052.5942
2016-04-17 05:12:55,167 - sarcos - DEBUG - Objective:122153.8314
2016-04-17 05:14:15,835 - sarcos - DEBUG - Objective:121685.2903
2016-04-17 05:14:15,860 - sarcos - INFO - Iteration 2 started.
2016-04-17 05:14:15,860 - sarcos - INFO - Optimizing: mog
2016-04-17 05:14:29,315 - sarcos - DEBUG - Objective:121686.4119
2016-04-17 05:14:43,035 - sarcos - DEBUG - Objective:121274.9762
2016-04-17 05:14:56,657 - sarcos - DEBUG - Objective:120958.1561
2016-04-17 05:15:10,403 - sarcos - DEBUG - Objective:120207.8588
2016-04-17 05:15:24,086 - sarcos - DEBUG - Objective:119934.7423
2016-04-17 05:15:37,861 - sarcos - DEBUG - Objective:119547.9778
2016-04-17 05:15:51,603 - sarcos - DEBUG - Objective:119158.9792
2016-04-17 05:16:04,989 - sarcos - DEBUG - Objective:118847.4011
2016-04-17 05:16:18,554 - sarcos - DEBUG - Objective:118368.0915
2016-04-17 05:16:32,148 - sarcos - DEBUG - Objective:118273.8571
2016-04-17 05:16:45,711 - sarcos - DEBUG - Objective:117789.3841
2016-04-17 05:16:59,486 - sarcos - DEBUG - Objective:117625.2019
2016-04-17 05:17:13,099 - sarcos - DEBUG - Objective:117393.4489
2016-04-17 05:17:26,433 - sarcos - DEBUG - Objective:117169.7489
2016-04-17 05:17:40,117 - sarcos - DEBUG - Objective:116918.0706
2016-04-17 05:17:54,321 - sarcos - DEBUG - Objective:116808.9871
2016-04-17 05:18:07,653 - sarcos - DEBUG - Objective:116625.2744
2016-04-17 05:18:21,208 - sarcos - DEBUG - Objective:116467.0770
2016-04-17 05:18:34,688 - sarcos - DEBUG - Objective:116331.8115
2016-04-17 05:18:48,003 - sarcos - DEBUG - Objective:116256.6728
2016-04-17 05:19:01,781 - sarcos - DEBUG - Objective:116153.7962
2016-04-17 05:19:15,353 - sarcos - DEBUG - Objective:116088.9726
2016-04-17 05:19:28,757 - sarcos - DEBUG - Objective:116023.7847
2016-04-17 05:19:42,455 - sarcos - DEBUG - Objective:115972.5381
2016-04-17 05:19:55,983 - sarcos - DEBUG - Objective:115931.0823
2016-04-17 05:20:09,304 - sarcos - DEBUG - Objective:115883.7729
2016-04-17 05:20:22,609 - sarcos - DEBUG - Objective:115839.7157
2016-04-17 05:20:36,079 - sarcos - DEBUG - Objective:115808.8231
2016-04-17 05:20:50,157 - sarcos - DEBUG - Objective:115781.8908
2016-04-17 05:21:03,759 - sarcos - DEBUG - Objective:115754.8621
2016-04-17 05:21:17,386 - sarcos - DEBUG - Objective:115732.8182
2016-04-17 05:21:31,247 - sarcos - DEBUG - Objective:115715.5805
2016-04-17 05:21:44,732 - sarcos - DEBUG - Objective:115702.2944
2016-04-17 05:21:58,464 - sarcos - DEBUG - Objective:115687.2543
2016-04-17 05:22:12,387 - sarcos - DEBUG - Objective:115673.1887
2016-04-17 05:22:25,788 - sarcos - DEBUG - Objective:115663.3082
2016-04-17 05:22:39,119 - sarcos - DEBUG - Objective:115649.6744
2016-04-17 05:22:53,032 - sarcos - DEBUG - Objective:115645.1653
2016-04-17 05:23:06,880 - sarcos - DEBUG - Objective:115636.6876
2016-04-17 05:23:20,315 - sarcos - DEBUG - Objective:115628.2493
2016-04-17 05:23:34,121 - sarcos - DEBUG - Objective:115620.8440
2016-04-17 05:23:47,295 - sarcos - DEBUG - Objective:115617.6308
2016-04-17 05:24:01,331 - sarcos - DEBUG - Objective:115614.6105
2016-04-17 05:24:15,000 - sarcos - DEBUG - Objective:115608.2145
2016-04-17 05:24:28,716 - sarcos - DEBUG - Objective:115606.8255
2016-04-17 05:24:41,815 - sarcos - DEBUG - Objective:115601.8457
2016-04-17 05:24:55,507 - sarcos - DEBUG - Objective:115598.9732
2016-04-17 05:25:08,937 - sarcos - DEBUG - Objective:115595.8598
2016-04-17 05:25:22,860 - sarcos - DEBUG - Objective:115596.0654
2016-04-17 05:25:36,538 - sarcos - DEBUG - Objective:115595.1628
2016-04-17 05:25:49,894 - sarcos - DEBUG - Objective:115592.5923
2016-04-17 05:25:49,901 - sarcos - INFO - Optimizing: ll
2016-04-17 05:26:03,093 - sarcos - DEBUG - Objective:115592.1935
2016-04-17 05:26:16,245 - sarcos - DEBUG - Objective:84416.0603
2016-04-17 05:26:29,239 - sarcos - DEBUG - Objective:107503.8237
2016-04-17 05:26:42,362 - sarcos - DEBUG - Objective:74723.9462
2016-04-17 05:26:55,683 - sarcos - DEBUG - Objective:74613.7659
2016-04-17 05:27:09,342 - sarcos - DEBUG - Objective:74566.2556
2016-04-17 05:27:22,401 - sarcos - DEBUG - Objective:74566.2437
2016-04-17 05:27:35,507 - sarcos - DEBUG - Objective:74571.9864
2016-04-17 05:27:49,038 - sarcos - DEBUG - Objective:74576.2564
2016-04-17 05:28:02,538 - sarcos - DEBUG - Objective:74578.0045
2016-04-17 05:28:02,539 - sarcos - DEBUG - Objective:74578.0045
2016-04-17 05:28:02,539 - sarcos - INFO - Optimizing: hyp
2016-04-17 05:28:18,249 - sarcos - DEBUG - Objective:74579.7457
2016-04-17 05:28:33,929 - sarcos - DEBUG - Objective:69762.0622
2016-04-17 05:28:49,285 - sarcos - DEBUG - Objective:140980.1856
2016-04-17 05:29:04,845 - sarcos - DEBUG - Objective:115902.3883
2016-04-17 05:29:20,282 - sarcos - DEBUG - Objective:61228.4363
2016-04-17 05:29:35,983 - sarcos - DEBUG - Objective:59380.2952
2016-04-17 05:29:51,680 - sarcos - DEBUG - Objective:59937.6478
2016-04-17 05:30:07,329 - sarcos - DEBUG - Objective:58783.7585
2016-04-17 05:30:22,953 - sarcos - DEBUG - Objective:58558.6838
2016-04-17 05:30:38,437 - sarcos - DEBUG - Objective:58603.8422
2016-04-17 05:30:53,980 - sarcos - DEBUG - Objective:58555.4967
2016-04-17 05:30:53,980 - sarcos - INFO - Optimizing: inducing
2016-04-17 05:32:13,895 - sarcos - DEBUG - Objective:58554.4697
2016-04-17 05:33:33,544 - sarcos - DEBUG - Objective:56160.5211
2016-04-17 05:34:53,020 - sarcos - DEBUG - Objective:54860.1817
2016-04-17 05:36:12,067 - sarcos - DEBUG - Objective:53761.2349
2016-04-17 05:37:30,611 - sarcos - DEBUG - Objective:52623.9411
2016-04-17 05:38:49,266 - sarcos - DEBUG - Objective:51707.5022
2016-04-17 05:40:06,174 - sarcos - DEBUG - Objective:51083.4978
2016-04-17 05:40:06,197 - sarcos - DEBUG - Objective difference: 70601.792529
2016-04-17 05:40:06,198 - sarcos - INFO - Mean difference: 0.715742
2016-04-17 05:40:06,198 - sarcos - INFO - Covariance difference: 0.033347
2016-04-17 05:40:06,198 - sarcos - INFO - Iteration 3 started.
2016-04-17 05:40:06,198 - sarcos - INFO - Optimizing: mog
2016-04-17 05:40:20,247 - sarcos - DEBUG - Objective:51080.7655
2016-04-17 05:40:34,140 - sarcos - DEBUG - Objective:51254.7573
2016-04-17 05:40:47,888 - sarcos - DEBUG - Objective:50762.6161
2016-04-17 05:41:01,480 - sarcos - DEBUG - Objective:50528.1392
2016-04-17 05:41:15,148 - sarcos - DEBUG - Objective:50375.8224
2016-04-17 05:41:28,621 - sarcos - DEBUG - Objective:50119.4459
2016-04-17 05:41:42,166 - sarcos - DEBUG - Objective:50039.1251
2016-04-17 05:41:55,664 - sarcos - DEBUG - Objective:49888.0850
2016-04-17 05:42:09,089 - sarcos - DEBUG - Objective:49808.3264
2016-04-17 05:42:22,450 - sarcos - DEBUG - Objective:49712.0853
2016-04-17 05:42:36,293 - sarcos - DEBUG - Objective:49589.6604
2016-04-17 05:42:49,845 - sarcos - DEBUG - Objective:49762.4191
2016-04-17 05:43:03,194 - sarcos - DEBUG - Objective:49547.1029
2016-04-17 05:43:16,789 - sarcos - DEBUG - Objective:49473.2610
2016-04-17 05:43:30,412 - sarcos - DEBUG - Objective:49420.0964
2016-04-17 05:43:43,988 - sarcos - DEBUG - Objective:49346.6782
2016-04-17 05:43:57,375 - sarcos - DEBUG - Objective:49313.4646
2016-04-17 05:44:10,888 - sarcos - DEBUG - Objective:49242.4760
2016-04-17 05:44:24,057 - sarcos - DEBUG - Objective:49208.5602
2016-04-17 05:44:37,412 - sarcos - DEBUG - Objective:49164.1398
2016-04-17 05:44:51,028 - sarcos - DEBUG - Objective:49112.6304
2016-04-17 05:45:04,837 - sarcos - DEBUG - Objective:49053.4176
2016-04-17 05:45:18,848 - sarcos - DEBUG - Objective:49018.0422
2016-04-17 05:45:32,423 - sarcos - DEBUG - Objective:48961.4323
2016-04-17 05:45:46,235 - sarcos - DEBUG - Objective:48909.6060
2016-04-17 05:45:59,760 - sarcos - DEBUG - Objective:48864.9261
2016-04-17 05:46:13,612 - sarcos - DEBUG - Objective:48825.0728
2016-04-17 05:46:27,354 - sarcos - DEBUG - Objective:48792.4523
2016-04-17 05:46:40,763 - sarcos - DEBUG - Objective:48767.4527
2016-04-17 05:46:54,619 - sarcos - DEBUG - Objective:48731.3500
2016-04-17 05:47:07,956 - sarcos - DEBUG - Objective:48703.6672
2016-04-17 05:47:21,772 - sarcos - DEBUG - Objective:48675.2872
2016-04-17 05:47:35,715 - sarcos - DEBUG - Objective:48654.7313
2016-04-17 05:47:49,185 - sarcos - DEBUG - Objective:48630.4215
2016-04-17 05:48:02,866 - sarcos - DEBUG - Objective:48611.2365
2016-04-17 05:48:16,600 - sarcos - DEBUG - Objective:48591.4184
2016-04-17 05:48:29,808 - sarcos - DEBUG - Objective:48562.5850
2016-04-17 05:48:43,097 - sarcos - DEBUG - Objective:48546.0571
2016-04-17 05:48:57,010 - sarcos - DEBUG - Objective:48514.8732
2016-04-17 05:49:10,200 - sarcos - DEBUG - Objective:48482.0552
2016-04-17 05:49:23,694 - sarcos - DEBUG - Objective:48470.8296
2016-04-17 05:49:37,287 - sarcos - DEBUG - Objective:48454.5977
2016-04-17 05:49:50,727 - sarcos - DEBUG - Objective:48437.7078
2016-04-17 05:50:04,057 - sarcos - DEBUG - Objective:48423.3353
2016-04-17 05:50:17,902 - sarcos - DEBUG - Objective:48401.9351
2016-04-17 05:50:31,617 - sarcos - DEBUG - Objective:48393.2559
2016-04-17 05:50:45,575 - sarcos - DEBUG - Objective:48377.5560
2016-04-17 05:50:59,015 - sarcos - DEBUG - Objective:48369.3418
2016-04-17 05:51:13,388 - sarcos - DEBUG - Objective:48349.4467
2016-04-17 05:51:26,959 - sarcos - DEBUG - Objective:48341.6564
2016-04-17 05:51:40,422 - sarcos - DEBUG - Objective:48332.3642
2016-04-17 05:51:40,428 - sarcos - INFO - Optimizing: ll
2016-04-17 05:51:53,966 - sarcos - DEBUG - Objective:48334.2436
2016-04-17 05:52:07,686 - sarcos - DEBUG - Objective:30289.0918
2016-04-17 05:52:20,921 - sarcos - DEBUG - Objective:30244.1194
2016-04-17 05:52:33,942 - sarcos - DEBUG - Objective:30209.1620
2016-04-17 05:52:47,510 - sarcos - DEBUG - Objective:30202.7599
2016-04-17 05:53:01,015 - sarcos - DEBUG - Objective:30208.3937
2016-04-17 05:53:14,318 - sarcos - DEBUG - Objective:30204.7149
2016-04-17 05:53:27,692 - sarcos - DEBUG - Objective:30207.8174
2016-04-17 05:53:27,693 - sarcos - DEBUG - Objective:30207.8174
2016-04-17 05:53:27,693 - sarcos - INFO - Optimizing: hyp
2016-04-17 05:53:42,777 - sarcos - DEBUG - Objective:30202.9992
2016-04-17 05:53:57,915 - sarcos - DEBUG - Objective:29793.6718
2016-04-17 05:54:13,678 - sarcos - DEBUG - Objective:428005.8232
2016-04-17 05:54:28,823 - sarcos - DEBUG - Objective:91739.1753
2016-04-17 05:54:44,391 - sarcos - DEBUG - Objective:27599.2435
2016-04-17 05:55:00,165 - sarcos - DEBUG - Objective:23926.9404
2016-04-17 05:55:15,291 - sarcos - DEBUG - Objective:23585.7218
2016-04-17 05:55:31,000 - sarcos - DEBUG - Objective:23444.3280
2016-04-17 05:55:46,226 - sarcos - DEBUG - Objective:23304.5238
2016-04-17 05:56:01,839 - sarcos - DEBUG - Objective:23288.0393
2016-04-17 05:56:17,156 - sarcos - DEBUG - Objective:23265.1447
2016-04-17 05:56:17,157 - sarcos - INFO - Optimizing: inducing
2016-04-17 05:57:33,188 - sarcos - DEBUG - Objective:23267.2728
2016-04-17 05:58:51,724 - sarcos - DEBUG - Objective:21579.4146
2016-04-17 06:00:07,710 - sarcos - DEBUG - Objective:20895.4715
2016-04-17 06:01:26,091 - sarcos - DEBUG - Objective:20434.9454
2016-04-17 06:02:41,978 - sarcos - DEBUG - Objective:19912.0926
2016-04-17 06:03:59,875 - sarcos - DEBUG - Objective:19266.6622
2016-04-17 06:05:17,806 - sarcos - DEBUG - Objective:18616.1974
2016-04-17 06:05:17,831 - sarcos - DEBUG - Objective difference: 32467.300380
2016-04-17 06:05:17,831 - sarcos - INFO - Mean difference: 0.169811
2016-04-17 06:05:17,831 - sarcos - INFO - Covariance difference: 0.008905
2016-04-17 06:05:17,832 - sarcos - INFO - Iteration 4 started.
2016-04-17 06:05:17,832 - sarcos - INFO - Optimizing: mog
2016-04-17 06:05:31,473 - sarcos - DEBUG - Objective:18607.2317
2016-04-17 06:05:45,146 - sarcos - DEBUG - Objective:22476.5704
2016-04-17 06:05:59,177 - sarcos - DEBUG - Objective:18377.3728
2016-04-17 06:06:13,154 - sarcos - DEBUG - Objective:18221.0042
2016-04-17 06:06:26,555 - sarcos - DEBUG - Objective:18069.8699
2016-04-17 06:06:40,020 - sarcos - DEBUG - Objective:17984.7170
2016-04-17 06:06:53,703 - sarcos - DEBUG - Objective:17911.9724
2016-04-17 06:07:07,572 - sarcos - DEBUG - Objective:17841.8473
2016-04-17 06:07:21,371 - sarcos - DEBUG - Objective:17804.3637
2016-04-17 06:07:34,964 - sarcos - DEBUG - Objective:17755.8720
2016-04-17 06:07:48,072 - sarcos - DEBUG - Objective:17727.7912
2016-04-17 06:08:01,479 - sarcos - DEBUG - Objective:17702.1906
2016-04-17 06:08:15,350 - sarcos - DEBUG - Objective:17681.9246
2016-04-17 06:08:29,314 - sarcos - DEBUG - Objective:17659.9636
2016-04-17 06:08:43,585 - sarcos - DEBUG - Objective:17642.9221
2016-04-17 06:08:57,100 - sarcos - DEBUG - Objective:17617.9192
2016-04-17 06:09:10,826 - sarcos - DEBUG - Objective:17605.0876
2016-04-17 06:09:24,320 - sarcos - DEBUG - Objective:17585.6031
2016-04-17 06:09:37,848 - sarcos - DEBUG - Objective:17572.6885
2016-04-17 06:09:51,674 - sarcos - DEBUG - Objective:17559.6224
2016-04-17 06:10:05,208 - sarcos - DEBUG - Objective:17540.6370
2016-04-17 06:10:18,870 - sarcos - DEBUG - Objective:17530.3293
2016-04-17 06:10:32,788 - sarcos - DEBUG - Objective:17516.5974
2016-04-17 06:10:46,309 - sarcos - DEBUG - Objective:17497.7762
2016-04-17 06:10:59,904 - sarcos - DEBUG - Objective:17483.6931
2016-04-17 06:11:13,398 - sarcos - DEBUG - Objective:17471.6306
2016-04-17 06:11:26,799 - sarcos - DEBUG - Objective:17446.0889
2016-04-17 06:11:40,150 - sarcos - DEBUG - Objective:17437.6243
2016-04-17 06:11:54,423 - sarcos - DEBUG - Objective:17422.7082
2016-04-17 06:12:08,061 - sarcos - DEBUG - Objective:17401.3693
2016-04-17 06:12:21,416 - sarcos - DEBUG - Objective:17381.9755
2016-04-17 06:12:34,870 - sarcos - DEBUG - Objective:17355.2473
2016-04-17 06:12:48,457 - sarcos - DEBUG - Objective:17338.8396
2016-04-17 06:13:02,379 - sarcos - DEBUG - Objective:17322.6830
2016-04-17 06:13:15,845 - sarcos - DEBUG - Objective:17299.8576
2016-04-17 06:13:29,395 - sarcos - DEBUG - Objective:17290.8462
2016-04-17 06:13:43,605 - sarcos - DEBUG - Objective:17271.6204
2016-04-17 06:13:57,079 - sarcos - DEBUG - Objective:17250.8349
2016-04-17 06:14:10,473 - sarcos - DEBUG - Objective:17241.5886
2016-04-17 06:14:24,000 - sarcos - DEBUG - Objective:17213.7481
2016-04-17 06:14:38,048 - sarcos - DEBUG - Objective:17214.4347
2016-04-17 06:14:51,599 - sarcos - DEBUG - Objective:17200.7477
2016-04-17 06:15:05,266 - sarcos - DEBUG - Objective:17185.5814
2016-04-17 06:15:18,870 - sarcos - DEBUG - Objective:17164.8331
2016-04-17 06:15:32,350 - sarcos - DEBUG - Objective:17151.6387
2016-04-17 06:15:45,653 - sarcos - DEBUG - Objective:17135.7942
2016-04-17 06:15:59,013 - sarcos - DEBUG - Objective:17116.2787
2016-04-17 06:16:13,106 - sarcos - DEBUG - Objective:17113.1494
2016-04-17 06:16:26,609 - sarcos - DEBUG - Objective:17098.6486
2016-04-17 06:16:40,305 - sarcos - DEBUG - Objective:17086.8568
2016-04-17 06:16:54,361 - sarcos - DEBUG - Objective:17067.7953
2016-04-17 06:16:54,368 - sarcos - INFO - Optimizing: ll
2016-04-17 06:17:07,910 - sarcos - DEBUG - Objective:17067.3672
2016-04-17 06:17:21,081 - sarcos - DEBUG - Objective:21513.7884
2016-04-17 06:17:34,210 - sarcos - DEBUG - Objective:13246.7902
2016-04-17 06:17:48,202 - sarcos - DEBUG - Objective:13237.5569
2016-04-17 06:18:01,939 - sarcos - DEBUG - Objective:13222.9602
2016-04-17 06:18:15,072 - sarcos - DEBUG - Objective:13226.2515
2016-04-17 06:18:28,031 - sarcos - DEBUG - Objective:13239.5318
2016-04-17 06:18:41,423 - sarcos - DEBUG - Objective:13237.0679
2016-04-17 06:18:54,902 - sarcos - DEBUG - Objective:13235.5227
2016-04-17 06:18:54,903 - sarcos - DEBUG - Objective:13235.5227
2016-04-17 06:18:54,903 - sarcos - INFO - Optimizing: hyp
2016-04-17 06:19:10,429 - sarcos - DEBUG - Objective:13232.1694
2016-04-17 06:19:25,570 - sarcos - DEBUG - Objective:50806.6345
2016-04-17 06:19:41,389 - sarcos - DEBUG - Objective:10235.7370
2016-04-17 06:19:56,527 - sarcos - DEBUG - Objective:10213.4728
2016-04-17 06:20:12,184 - sarcos - DEBUG - Objective:10176.7534
2016-04-17 06:20:27,163 - sarcos - DEBUG - Objective:10121.9935
2016-04-17 06:20:42,385 - sarcos - DEBUG - Objective:10057.4713
2016-04-17 06:20:57,759 - sarcos - DEBUG - Objective:10062.5117
2016-04-17 06:21:12,942 - sarcos - DEBUG - Objective:10034.0951
2016-04-17 06:21:28,445 - sarcos - DEBUG - Objective:10013.5833
2016-04-17 06:21:43,452 - sarcos - DEBUG - Objective:10009.7985
2016-04-17 06:21:43,453 - sarcos - INFO - Optimizing: inducing
2016-04-17 06:22:59,885 - sarcos - DEBUG - Objective:10003.1775
2016-04-17 06:24:17,884 - sarcos - DEBUG - Objective:9411.6095
2016-04-17 06:25:34,067 - sarcos - DEBUG - Objective:8415.3692
2016-04-17 06:26:50,007 - sarcos - DEBUG - Objective:8212.4672
2016-04-17 06:28:08,039 - sarcos - DEBUG - Objective:7870.7855
2016-04-17 06:29:23,829 - sarcos - DEBUG - Objective:7469.1777
2016-04-17 06:30:41,021 - sarcos - DEBUG - Objective:6843.2520
2016-04-17 06:30:41,044 - sarcos - DEBUG - Objective difference: 11772.945383
2016-04-17 06:30:41,045 - sarcos - INFO - Mean difference: 0.097875
2016-04-17 06:30:41,045 - sarcos - INFO - Covariance difference: 0.004918
2016-04-17 06:30:41,045 - sarcos - INFO - Iteration 5 started.
2016-04-17 06:30:41,045 - sarcos - INFO - Optimizing: mog
2016-04-17 06:30:55,348 - sarcos - DEBUG - Objective:6844.2101
2016-04-17 06:31:09,312 - sarcos - DEBUG - Objective:15688.8418
2016-04-17 06:31:22,907 - sarcos - DEBUG - Objective:6658.5453
2016-04-17 06:31:36,126 - sarcos - DEBUG - Objective:6549.8968
2016-04-17 06:31:49,885 - sarcos - DEBUG - Objective:6422.0816
2016-04-17 06:32:03,715 - sarcos - DEBUG - Objective:6347.8051
2016-04-17 06:32:17,162 - sarcos - DEBUG - Objective:6300.3444
2016-04-17 06:32:31,419 - sarcos - DEBUG - Objective:6261.0133
2016-04-17 06:32:44,502 - sarcos - DEBUG - Objective:6219.3500
2016-04-17 06:32:58,457 - sarcos - DEBUG - Objective:6193.7812
2016-04-17 06:33:12,244 - sarcos - DEBUG - Objective:6165.1834
2016-04-17 06:33:25,576 - sarcos - DEBUG - Objective:6154.4447
2016-04-17 06:33:39,638 - sarcos - DEBUG - Objective:6134.5002
2016-04-17 06:33:52,980 - sarcos - DEBUG - Objective:6122.2240
2016-04-17 06:34:06,603 - sarcos - DEBUG - Objective:6110.1561
2016-04-17 06:34:20,354 - sarcos - DEBUG - Objective:6099.3655
2016-04-17 06:34:34,176 - sarcos - DEBUG - Objective:6085.3208
2016-04-17 06:34:47,210 - sarcos - DEBUG - Objective:6076.1335
2016-04-17 06:35:00,676 - sarcos - DEBUG - Objective:6070.5182
2016-04-17 06:35:14,142 - sarcos - DEBUG - Objective:6067.1418
2016-04-17 06:35:27,723 - sarcos - DEBUG - Objective:6061.0842
2016-04-17 06:35:41,390 - sarcos - DEBUG - Objective:6056.2160
2016-04-17 06:35:54,991 - sarcos - DEBUG - Objective:6041.6978
2016-04-17 06:36:08,490 - sarcos - DEBUG - Objective:6039.4919
2016-04-17 06:36:21,695 - sarcos - DEBUG - Objective:6034.4529
2016-04-17 06:36:34,960 - sarcos - DEBUG - Objective:6031.1820
2016-04-17 06:36:48,283 - sarcos - DEBUG - Objective:6024.9172
2016-04-17 06:37:01,964 - sarcos - DEBUG - Objective:6017.3475
2016-04-17 06:37:15,207 - sarcos - DEBUG - Objective:6013.0710
2016-04-17 06:37:29,082 - sarcos - DEBUG - Objective:6013.2211
2016-04-17 06:37:42,351 - sarcos - DEBUG - Objective:6011.7635
2016-04-17 06:37:55,992 - sarcos - DEBUG - Objective:6009.4723
2016-04-17 06:38:09,201 - sarcos - DEBUG - Objective:6003.1657
2016-04-17 06:38:22,583 - sarcos - DEBUG - Objective:5996.3041
2016-04-17 06:38:36,105 - sarcos - DEBUG - Objective:5993.6882
2016-04-17 06:38:49,408 - sarcos - DEBUG - Objective:5976.6310
2016-04-17 06:39:02,779 - sarcos - DEBUG - Objective:5975.7264
2016-04-17 06:39:16,204 - sarcos - DEBUG - Objective:5968.6140
2016-04-17 06:39:29,698 - sarcos - DEBUG - Objective:5967.1120
2016-04-17 06:39:43,208 - sarcos - DEBUG - Objective:5946.9418
2016-04-17 06:39:56,885 - sarcos - DEBUG - Objective:5936.3882
2016-04-17 06:40:10,465 - sarcos - DEBUG - Objective:5924.3110
2016-04-17 06:40:23,658 - sarcos - DEBUG - Objective:5918.5382
2016-04-17 06:40:37,162 - sarcos - DEBUG - Objective:5900.7381
2016-04-17 06:40:50,867 - sarcos - DEBUG - Objective:5884.5778
2016-04-17 06:41:04,087 - sarcos - DEBUG - Objective:5874.3265
2016-04-17 06:41:17,861 - sarcos - DEBUG - Objective:5853.7916
2016-04-17 06:41:30,993 - sarcos - DEBUG - Objective:5846.1560
2016-04-17 06:41:45,238 - sarcos - DEBUG - Objective:5834.5137
2016-04-17 06:41:59,360 - sarcos - DEBUG - Objective:5828.8909
2016-04-17 06:42:12,816 - sarcos - DEBUG - Objective:5823.9554
2016-04-17 06:42:12,822 - sarcos - INFO - Optimizing: ll
2016-04-17 06:42:26,182 - sarcos - DEBUG - Objective:5819.8013
2016-04-17 06:42:39,361 - sarcos - DEBUG - Objective:23522.4872
2016-04-17 06:42:52,611 - sarcos - DEBUG - Objective:4942.3649
2016-04-17 06:43:06,086 - sarcos - DEBUG - Objective:4938.2557
2016-04-17 06:43:19,378 - sarcos - DEBUG - Objective:4943.8236
2016-04-17 06:43:32,701 - sarcos - DEBUG - Objective:4935.9399
2016-04-17 06:43:46,072 - sarcos - DEBUG - Objective:4930.2649
2016-04-17 06:43:59,015 - sarcos - DEBUG - Objective:4931.4566
2016-04-17 06:44:12,831 - sarcos - DEBUG - Objective:4936.6399
2016-04-17 06:44:26,053 - sarcos - DEBUG - Objective:4932.3800
2016-04-17 06:44:39,499 - sarcos - DEBUG - Objective:4943.1702
2016-04-17 06:44:52,678 - sarcos - INFO - Optimizing: hyp
2016-04-17 06:45:08,123 - sarcos - DEBUG - Objective:4943.5043
2016-04-17 06:45:23,760 - sarcos - DEBUG - Objective:45545.6129
2016-04-17 06:45:39,776 - sarcos - DEBUG - Objective:3212.1808
2016-04-17 06:45:55,559 - sarcos - DEBUG - Objective:3203.1831
2016-04-17 06:46:11,313 - sarcos - DEBUG - Objective:3190.5041
2016-04-17 06:46:26,570 - sarcos - DEBUG - Objective:3192.1995
2016-04-17 06:46:42,122 - sarcos - DEBUG - Objective:3183.3319
2016-04-17 06:46:57,681 - sarcos - DEBUG - Objective:3184.9274
2016-04-17 06:47:12,741 - sarcos - DEBUG - Objective:3176.9110
2016-04-17 06:47:28,277 - sarcos - DEBUG - Objective:3188.9581
2016-04-17 06:47:43,459 - sarcos - DEBUG - Objective:3186.9537
2016-04-17 06:47:43,460 - sarcos - INFO - Optimizing: inducing
2016-04-17 06:49:01,230 - sarcos - DEBUG - Objective:3190.4425
2016-04-17 06:50:17,954 - sarcos - DEBUG - Objective:3724.8752
2016-04-17 06:51:33,981 - sarcos - DEBUG - Objective:2386.7921
2016-04-17 06:52:49,375 - sarcos - DEBUG - Objective:2131.9367
2016-04-17 06:54:06,741 - sarcos - DEBUG - Objective:1937.1166
2016-04-17 06:55:23,584 - sarcos - DEBUG - Objective:1713.3802
2016-04-17 06:56:39,145 - sarcos - DEBUG - Objective:1438.4789
2016-04-17 06:56:39,169 - sarcos - DEBUG - Objective difference: 5404.773094
2016-04-17 06:56:39,169 - sarcos - INFO - Mean difference: 0.061289
2016-04-17 06:56:39,169 - sarcos - INFO - Covariance difference: 0.003085
2016-04-17 06:56:39,169 - sarcos - INFO - Iteration 6 started.
2016-04-17 06:56:39,169 - sarcos - INFO - Optimizing: mog
2016-04-17 06:56:52,765 - sarcos - DEBUG - Objective:1439.5049
2016-04-17 06:57:06,363 - sarcos - DEBUG - Objective:9517.8690
2016-04-17 06:57:19,664 - sarcos - DEBUG - Objective:1355.7885
2016-04-17 06:57:33,367 - sarcos - DEBUG - Objective:1299.1482
2016-04-17 06:57:46,439 - sarcos - DEBUG - Objective:1258.1379
2016-04-17 06:58:00,190 - sarcos - DEBUG - Objective:1234.8259
2016-04-17 06:58:13,595 - sarcos - DEBUG - Objective:1200.7452
2016-04-17 06:58:27,294 - sarcos - DEBUG - Objective:1181.5198
2016-04-17 06:58:40,707 - sarcos - DEBUG - Objective:1177.7992
2016-04-17 06:58:54,458 - sarcos - DEBUG - Objective:1158.9242
2016-04-17 06:59:08,321 - sarcos - DEBUG - Objective:1138.8173
2016-04-17 06:59:21,729 - sarcos - DEBUG - Objective:1139.5239
2016-04-17 06:59:35,307 - sarcos - DEBUG - Objective:1144.5040
2016-04-17 06:59:48,675 - sarcos - DEBUG - Objective:1139.6161
2016-04-17 07:00:02,378 - sarcos - DEBUG - Objective:1149.6010
2016-04-17 07:00:16,016 - sarcos - DEBUG - Objective:1137.5176
2016-04-17 07:00:29,409 - sarcos - DEBUG - Objective:1146.4833
2016-04-17 07:00:43,128 - sarcos - DEBUG - Objective:1149.6015
2016-04-17 07:00:56,368 - sarcos - DEBUG - Objective:1146.7133
2016-04-17 07:00:56,369 - sarcos - INFO - Optimizing: ll
2016-04-17 07:01:10,014 - sarcos - DEBUG - Objective:1148.1362
2016-04-17 07:01:22,806 - sarcos - DEBUG - Objective:26955.8945
2016-04-17 07:01:36,348 - sarcos - DEBUG - Objective:991.2722
2016-04-17 07:01:49,135 - sarcos - DEBUG - Objective:993.6838
2016-04-17 07:02:03,116 - sarcos - DEBUG - Objective:993.4876
2016-04-17 07:02:16,517 - sarcos - DEBUG - Objective:995.7972
2016-04-17 07:02:29,766 - sarcos - DEBUG - Objective:992.8319
2016-04-17 07:02:43,608 - sarcos - DEBUG - Objective:990.1398
2016-04-17 07:02:57,017 - sarcos - DEBUG - Objective:994.2516
2016-04-17 07:03:10,346 - sarcos - DEBUG - Objective:992.5000
2016-04-17 07:03:10,346 - sarcos - DEBUG - Objective:992.5000
2016-04-17 07:03:10,346 - sarcos - INFO - Optimizing: hyp
2016-04-17 07:03:25,839 - sarcos - DEBUG - Objective:996.8786
2016-04-17 07:03:41,522 - sarcos - DEBUG - Objective:36077.1649
2016-04-17 07:03:56,733 - sarcos - DEBUG - Objective:-113.0899
2016-04-17 07:04:11,946 - sarcos - DEBUG - Objective:-118.7948
2016-04-17 07:04:27,255 - sarcos - DEBUG - Objective:-123.1138
2016-04-17 07:04:42,618 - sarcos - DEBUG - Objective:-149.8247
2016-04-17 07:04:58,079 - sarcos - DEBUG - Objective:-193.1558
2016-04-17 07:05:13,125 - sarcos - DEBUG - Objective:-216.9584
2016-04-17 07:05:28,495 - sarcos - DEBUG - Objective:-225.7935
2016-04-17 07:05:43,387 - sarcos - DEBUG - Objective:-227.2968
2016-04-17 07:05:58,468 - sarcos - DEBUG - Objective:-235.2914
2016-04-17 07:05:58,469 - sarcos - INFO - Optimizing: inducing
2016-04-17 07:07:15,976 - sarcos - DEBUG - Objective:-235.6278
2016-04-17 07:08:32,090 - sarcos - DEBUG - Objective:1695.1242
2016-04-17 07:09:47,988 - sarcos - DEBUG - Objective:-741.4500
2016-04-17 07:11:05,180 - sarcos - DEBUG - Objective:-905.5979
2016-04-17 07:12:21,273 - sarcos - DEBUG - Objective:-1050.8808
2016-04-17 07:13:38,596 - sarcos - DEBUG - Objective:-1203.5497
2016-04-17 07:14:55,739 - sarcos - DEBUG - Objective:-1441.5812
2016-04-17 07:14:55,763 - sarcos - DEBUG - Objective difference: 2880.060124
2016-04-17 07:14:55,763 - sarcos - INFO - Mean difference: 0.017979
2016-04-17 07:14:55,763 - sarcos - INFO - Covariance difference: 0.000366
2016-04-17 07:14:55,763 - sarcos - INFO - Iteration 7 started.
2016-04-17 07:14:55,763 - sarcos - INFO - Optimizing: mog
2016-04-17 07:15:09,420 - sarcos - DEBUG - Objective:-1453.0543
2016-04-17 07:15:22,963 - sarcos - DEBUG - Objective:11449.1927
2016-04-17 07:15:36,470 - sarcos - DEBUG - Objective:-1517.6905
2016-04-17 07:15:50,514 - sarcos - DEBUG - Objective:-1566.0051
2016-04-17 07:16:03,878 - sarcos - DEBUG - Objective:-1607.9199
2016-04-17 07:16:17,247 - sarcos - DEBUG - Objective:-1639.6942
2016-04-17 07:16:30,306 - sarcos - DEBUG - Objective:-1658.5765
2016-04-17 07:16:44,509 - sarcos - DEBUG - Objective:-1678.6366
2016-04-17 07:16:57,629 - sarcos - DEBUG - Objective:-1697.8775
2016-04-17 07:17:11,312 - sarcos - DEBUG - Objective:-1719.6114
2016-04-17 07:17:24,680 - sarcos - DEBUG - Objective:-1726.2284
2016-04-17 07:17:38,060 - sarcos - DEBUG - Objective:-1742.4114
2016-04-17 07:17:51,469 - sarcos - DEBUG - Objective:-1752.4435
2016-04-17 07:18:04,855 - sarcos - DEBUG - Objective:-1762.5247
2016-04-17 07:18:18,444 - sarcos - DEBUG - Objective:-1769.2394
2016-04-17 07:18:31,415 - sarcos - DEBUG - Objective:-1770.9327
2016-04-17 07:18:45,063 - sarcos - DEBUG - Objective:-1779.8524
2016-04-17 07:18:58,323 - sarcos - DEBUG - Objective:-1786.0330
2016-04-17 07:19:11,897 - sarcos - DEBUG - Objective:-1790.0672
2016-04-17 07:19:25,523 - sarcos - DEBUG - Objective:-1791.1410
2016-04-17 07:19:38,720 - sarcos - DEBUG - Objective:-1793.1907
2016-04-17 07:19:52,086 - sarcos - DEBUG - Objective:-1804.2227
2016-04-17 07:20:05,182 - sarcos - DEBUG - Objective:-1817.5407
2016-04-17 07:20:18,489 - sarcos - DEBUG - Objective:-1808.2957
2016-04-17 07:20:31,929 - sarcos - DEBUG - Objective:-1807.2906
2016-04-17 07:20:45,336 - sarcos - DEBUG - Objective:-1810.0121
2016-04-17 07:20:58,650 - sarcos - DEBUG - Objective:-1808.7433
2016-04-17 07:21:12,423 - sarcos - DEBUG - Objective:-1812.9557
2016-04-17 07:21:25,926 - sarcos - DEBUG - Objective:-1808.9909
2016-04-17 07:21:25,927 - sarcos - DEBUG - Objective:-1808.9909
2016-04-17 07:21:25,928 - sarcos - INFO - Optimizing: ll
2016-04-17 07:21:39,594 - sarcos - DEBUG - Objective:-1809.4093
2016-04-17 07:21:53,276 - sarcos - DEBUG - Objective:25230.3038
2016-04-17 07:22:06,637 - sarcos - DEBUG - Objective:-1902.5602
2016-04-17 07:22:19,808 - sarcos - DEBUG - Objective:-1894.8493
2016-04-17 07:22:33,724 - sarcos - DEBUG - Objective:-1906.2954
2016-04-17 07:22:46,820 - sarcos - DEBUG - Objective:-1900.6730
2016-04-17 07:23:00,774 - sarcos - DEBUG - Objective:-1902.9831
2016-04-17 07:23:13,727 - sarcos - DEBUG - Objective:-1905.0836
2016-04-17 07:23:27,326 - sarcos - DEBUG - Objective:-1908.5568
2016-04-17 07:23:40,810 - sarcos - DEBUG - Objective:-1900.4028
2016-04-17 07:23:54,256 - sarcos - DEBUG - Objective:-1898.7162
2016-04-17 07:24:07,748 - sarcos - INFO - Optimizing: hyp
2016-04-17 07:24:22,962 - sarcos - DEBUG - Objective:-1903.5954
2016-04-17 07:24:38,460 - sarcos - DEBUG - Objective:27851.4956
2016-04-17 07:24:53,788 - sarcos - DEBUG - Objective:-2715.8954
2016-04-17 07:25:09,169 - sarcos - DEBUG - Objective:-2724.2608
2016-04-17 07:25:24,077 - sarcos - DEBUG - Objective:-2714.2786
2016-04-17 07:25:39,290 - sarcos - DEBUG - Objective:-2715.4354
2016-04-17 07:25:54,932 - sarcos - DEBUG - Objective:-2714.7128
2016-04-17 07:26:09,969 - sarcos - DEBUG - Objective:-2722.8412
2016-04-17 07:26:25,370 - sarcos - DEBUG - Objective:-2721.7527
2016-04-17 07:26:25,371 - sarcos - DEBUG - Objective:-2721.7527
2016-04-17 07:26:25,371 - sarcos - INFO - Optimizing: inducing
2016-04-17 07:27:41,833 - sarcos - DEBUG - Objective:-2715.3536
2016-04-17 07:28:58,861 - sarcos - DEBUG - Objective:74.7910
2016-04-17 07:30:15,386 - sarcos - DEBUG - Objective:-3083.1380
2016-04-17 07:31:32,950 - sarcos - DEBUG - Objective:-3210.2712
2016-04-17 07:32:49,219 - sarcos - DEBUG - Objective:-3339.0034
2016-04-17 07:34:06,992 - sarcos - DEBUG - Objective:-3492.7225
2016-04-17 07:35:23,065 - sarcos - DEBUG - Objective:-3711.3936
2016-04-17 07:35:23,089 - sarcos - DEBUG - Objective difference: 2269.812422
2016-04-17 07:35:23,089 - sarcos - INFO - Mean difference: 0.029115
2016-04-17 07:35:23,090 - sarcos - INFO - Covariance difference: 0.000614
2016-04-17 07:35:23,090 - sarcos - INFO - Iteration 8 started.
2016-04-17 07:35:23,090 - sarcos - INFO - Optimizing: mog
2016-04-17 07:35:36,955 - sarcos - DEBUG - Objective:-3704.3011
2016-04-17 07:35:50,605 - sarcos - DEBUG - Objective:7870.5326
2016-04-17 07:36:03,863 - sarcos - DEBUG - Objective:-3785.8098
2016-04-17 07:36:17,562 - sarcos - DEBUG - Objective:-3835.1816
2016-04-17 07:36:31,114 - sarcos - DEBUG - Objective:-3873.0985
2016-04-17 07:36:45,215 - sarcos - DEBUG - Objective:-3893.5654
2016-04-17 07:36:58,620 - sarcos - DEBUG - Objective:-3913.8655
2016-04-17 07:37:12,607 - sarcos - DEBUG - Objective:-3924.6860
2016-04-17 07:37:25,985 - sarcos - DEBUG - Objective:-3930.4032
2016-04-17 07:37:39,652 - sarcos - DEBUG - Objective:-3956.0581
2016-04-17 07:37:52,960 - sarcos - DEBUG - Objective:-3959.2957
2016-04-17 07:38:06,249 - sarcos - DEBUG - Objective:-3964.4600
2016-04-17 07:38:19,757 - sarcos - DEBUG - Objective:-3962.5135
2016-04-17 07:38:33,038 - sarcos - DEBUG - Objective:-3957.9192
2016-04-17 07:38:46,828 - sarcos - DEBUG - Objective:-3963.4016
2016-04-17 07:39:00,281 - sarcos - DEBUG - Objective:-3962.5315
2016-04-17 07:39:13,867 - sarcos - DEBUG - Objective:-3957.7148
2016-04-17 07:39:27,429 - sarcos - DEBUG - Objective:-3967.1209
2016-04-17 07:39:27,430 - sarcos - DEBUG - Objective:-3967.1209
2016-04-17 07:39:41,136 - sarcos - DEBUG - Objective:-3966.0589
2016-04-17 07:39:54,921 - sarcos - DEBUG - Objective:-3966.4548
2016-04-17 07:39:54,922 - sarcos - DEBUG - Objective:-3966.4548
2016-04-17 07:40:08,191 - sarcos - DEBUG - Objective:84602755469.6164
2016-04-17 07:40:21,662 - sarcos - DEBUG - Objective:79392318.3692
2016-04-17 07:40:34,997 - sarcos - DEBUG - Objective:282831.5177
2016-04-17 07:40:48,217 - sarcos - DEBUG - Objective:-3964.0957
2016-04-17 07:41:01,358 - sarcos - DEBUG - Objective:-3970.6539
2016-04-17 07:41:14,867 - sarcos - DEBUG - Objective:-3971.9624
2016-04-17 07:41:28,508 - sarcos - DEBUG - Objective:-3979.8193
2016-04-17 07:41:42,476 - sarcos - DEBUG - Objective:-3979.0902
2016-04-17 07:41:56,209 - sarcos - DEBUG - Objective:-3984.3987
2016-04-17 07:42:09,656 - sarcos - DEBUG - Objective:-3974.9505
2016-04-17 07:42:23,226 - sarcos - DEBUG - Objective:-3971.2829
2016-04-17 07:42:36,568 - sarcos - DEBUG - Objective:-3972.5365
2016-04-17 07:42:49,894 - sarcos - DEBUG - Objective:-3975.1473
2016-04-17 07:43:03,599 - sarcos - DEBUG - Objective:-3976.8997
2016-04-17 07:43:17,070 - sarcos - DEBUG - Objective:-3976.4468
2016-04-17 07:43:17,071 - sarcos - DEBUG - Objective:-3976.4468
2016-04-17 07:43:17,072 - sarcos - INFO - Optimizing: ll
2016-04-17 07:43:30,447 - sarcos - DEBUG - Objective:-3972.9091
2016-04-17 07:43:43,358 - sarcos - DEBUG - Objective:24673.1352
2016-04-17 07:43:56,582 - sarcos - DEBUG - Objective:-4017.6458
2016-04-17 07:44:09,921 - sarcos - DEBUG - Objective:-4018.2948
2016-04-17 07:44:22,762 - sarcos - DEBUG - Objective:-4016.6912
2016-04-17 07:44:36,100 - sarcos - DEBUG - Objective:-4018.5065
2016-04-17 07:44:36,100 - sarcos - DEBUG - Objective:-4018.5065
2016-04-17 07:44:49,591 - sarcos - DEBUG - Objective:-4008.7173
2016-04-17 07:45:02,759 - sarcos - DEBUG - Objective:-4018.7891
2016-04-17 07:45:16,041 - sarcos - DEBUG - Objective:-4013.2976
2016-04-17 07:45:29,199 - sarcos - DEBUG - Objective:-4019.8143
2016-04-17 07:45:29,199 - sarcos - INFO - Optimizing: hyp
2016-04-17 07:45:44,691 - sarcos - DEBUG - Objective:-4011.7911
2016-04-17 07:45:59,738 - sarcos - DEBUG - Objective:21704.5768
2016-04-17 07:46:15,034 - sarcos - DEBUG - Objective:-4562.1523
2016-04-17 07:46:30,084 - sarcos - DEBUG - Objective:-4561.8520
2016-04-17 07:46:45,747 - sarcos - DEBUG - Objective:-4569.1580
2016-04-17 07:47:00,778 - sarcos - DEBUG - Objective:-4566.5882
2016-04-17 07:47:16,372 - sarcos - DEBUG - Objective:-4568.3742
2016-04-17 07:47:31,550 - sarcos - DEBUG - Objective:-4567.9896
2016-04-17 07:47:46,755 - sarcos - DEBUG - Objective:-4571.8843
2016-04-17 07:48:01,974 - sarcos - DEBUG - Objective:-4577.3920
2016-04-17 07:48:17,327 - sarcos - DEBUG - Objective:-4587.2224
2016-04-17 07:48:17,328 - sarcos - INFO - Optimizing: inducing
2016-04-17 07:49:34,172 - sarcos - DEBUG - Objective:-4578.6153
2016-04-17 07:50:50,761 - sarcos - DEBUG - Objective:-811.3410
2016-04-17 07:52:06,724 - sarcos - DEBUG - Objective:-4800.7549
2016-04-17 07:53:23,522 - sarcos - DEBUG - Objective:-4886.5397
2016-04-17 07:54:39,689 - sarcos - DEBUG - Objective:-4989.4625
2016-04-17 07:55:56,061 - sarcos - DEBUG - Objective:-5081.1353
2016-04-17 07:57:12,118 - sarcos - DEBUG - Objective:-5258.1451
2016-04-17 07:57:12,141 - sarcos - DEBUG - Objective difference: 1546.751508
2016-04-17 07:57:12,141 - sarcos - INFO - Mean difference: 0.014722
2016-04-17 07:57:12,141 - sarcos - INFO - Covariance difference: 0.000223
2016-04-17 07:57:12,141 - sarcos - INFO - Iteration 9 started.
2016-04-17 07:57:12,141 - sarcos - INFO - Optimizing: mog
2016-04-17 07:57:25,695 - sarcos - DEBUG - Objective:-5259.9427
2016-04-17 07:57:39,599 - sarcos - DEBUG - Objective:3403.5882
2016-04-17 07:57:53,020 - sarcos - DEBUG - Objective:-5305.2901
2016-04-17 07:58:06,415 - sarcos - DEBUG - Objective:-5350.1022
2016-04-17 07:58:20,010 - sarcos - DEBUG - Objective:-5368.3646
2016-04-17 07:58:33,386 - sarcos - DEBUG - Objective:-5385.3561
2016-04-17 07:58:46,904 - sarcos - DEBUG - Objective:-5405.2118
2016-04-17 07:59:00,393 - sarcos - DEBUG - Objective:-5410.7790
2016-04-17 07:59:13,683 - sarcos - DEBUG - Objective:-5415.5088
2016-04-17 07:59:27,324 - sarcos - DEBUG - Objective:-5429.9908
2016-04-17 07:59:40,694 - sarcos - DEBUG - Objective:-5436.7149
2016-04-17 07:59:53,992 - sarcos - DEBUG - Objective:-5447.5219
2016-04-17 08:00:07,471 - sarcos - DEBUG - Objective:-5452.3939
2016-04-17 08:00:20,957 - sarcos - DEBUG - Objective:-5454.6615
2016-04-17 08:00:34,380 - sarcos - DEBUG - Objective:-5461.1290
2016-04-17 08:00:48,011 - sarcos - DEBUG - Objective:-5471.1611
2016-04-17 08:01:01,396 - sarcos - DEBUG - Objective:-5476.9086
2016-04-17 08:01:14,458 - sarcos - DEBUG - Objective:-5486.7951
2016-04-17 08:01:27,806 - sarcos - DEBUG - Objective:-5485.3832
2016-04-17 08:01:41,213 - sarcos - DEBUG - Objective:-5478.4231
2016-04-17 08:01:54,658 - sarcos - DEBUG - Objective:-5490.3305
2016-04-17 08:02:08,435 - sarcos - DEBUG - Objective:-5491.0511
2016-04-17 08:02:21,767 - sarcos - DEBUG - Objective:-5479.6298
2016-04-17 08:02:35,206 - sarcos - DEBUG - Objective:-5478.4615
2016-04-17 08:02:48,746 - sarcos - DEBUG - Objective:-5476.5246
2016-04-17 08:03:02,438 - sarcos - DEBUG - Objective:-5475.7336
2016-04-17 08:03:02,439 - sarcos - INFO - Optimizing: ll
2016-04-17 08:03:15,659 - sarcos - DEBUG - Objective:-5481.2642
2016-04-17 08:03:28,735 - sarcos - DEBUG - Objective:24256.7132
2016-04-17 08:03:42,231 - sarcos - DEBUG - Objective:-5503.5514
2016-04-17 08:03:55,817 - sarcos - DEBUG - Objective:-5503.7340
2016-04-17 08:04:09,071 - sarcos - DEBUG - Objective:-5497.4384
2016-04-17 08:04:22,566 - sarcos - DEBUG - Objective:-5502.1470
2016-04-17 08:04:35,625 - sarcos - DEBUG - Objective:-5498.6958
2016-04-17 08:04:35,626 - sarcos - DEBUG - Objective:-5498.6958
2016-04-17 08:04:35,626 - sarcos - INFO - Optimizing: hyp
2016-04-17 08:04:50,759 - sarcos - DEBUG - Objective:-5501.5218
2016-04-17 08:05:05,770 - sarcos - DEBUG - Objective:16940.5973
2016-04-17 08:05:20,974 - sarcos - DEBUG - Objective:-5901.8390
2016-04-17 08:05:36,157 - sarcos - DEBUG - Objective:-5905.8197
2016-04-17 08:05:51,639 - sarcos - DEBUG - Objective:-5916.4468
2016-04-17 08:06:06,980 - sarcos - DEBUG - Objective:-5921.8543
2016-04-17 08:06:22,395 - sarcos - DEBUG - Objective:-5927.4643
2016-04-17 08:06:37,613 - sarcos - DEBUG - Objective:-5934.7788
2016-04-17 08:06:52,741 - sarcos - DEBUG - Objective:-5938.5392
2016-04-17 08:07:08,111 - sarcos - DEBUG - Objective:-5940.9792
2016-04-17 08:07:23,243 - sarcos - DEBUG - Objective:-5940.1071
2016-04-17 08:07:38,657 - sarcos - INFO - Optimizing: inducing
2016-04-17 08:08:54,653 - sarcos - DEBUG - Objective:-5939.2988
2016-04-17 08:10:11,980 - sarcos - DEBUG - Objective:-1656.7317
2016-04-17 08:11:28,581 - sarcos - DEBUG - Objective:-6157.4598
2016-04-17 08:12:45,487 - sarcos - DEBUG - Objective:-6238.5333
2016-04-17 08:14:01,578 - sarcos - DEBUG - Objective:-6307.6585
2016-04-17 08:15:18,268 - sarcos - DEBUG - Objective:-6393.7314
2016-04-17 08:16:34,115 - sarcos - DEBUG - Objective:-6566.4817
2016-04-17 08:16:34,138 - sarcos - DEBUG - Objective difference: 1308.336590
2016-04-17 08:16:34,138 - sarcos - INFO - Mean difference: 0.020705
2016-04-17 08:16:34,138 - sarcos - INFO - Covariance difference: 0.000344
2016-04-17 08:16:34,138 - sarcos - INFO - Iteration 10 started.
2016-04-17 08:16:34,139 - sarcos - INFO - Optimizing: mog
2016-04-17 08:16:48,170 - sarcos - DEBUG - Objective:-6560.7015
2016-04-17 08:17:01,515 - sarcos - DEBUG - Objective:200.5422
2016-04-17 08:17:14,734 - sarcos - DEBUG - Objective:-6637.1295
2016-04-17 08:17:28,208 - sarcos - DEBUG - Objective:-6658.7261
2016-04-17 08:17:41,951 - sarcos - DEBUG - Objective:-6659.8572
2016-04-17 08:17:55,762 - sarcos - DEBUG - Objective:-6678.7740
2016-04-17 08:18:09,164 - sarcos - DEBUG - Objective:-6690.3110
2016-04-17 08:18:22,963 - sarcos - DEBUG - Objective:-6703.6346
2016-04-17 08:18:37,124 - sarcos - DEBUG - Objective:-6722.6440
2016-04-17 08:18:50,896 - sarcos - DEBUG - Objective:-6713.7183
2016-04-17 08:19:04,509 - sarcos - DEBUG - Objective:-6713.5433
2016-04-17 08:19:17,870 - sarcos - DEBUG - Objective:-6720.5245
2016-04-17 08:19:31,011 - sarcos - DEBUG - Objective:-6714.9042
2016-04-17 08:19:44,726 - sarcos - DEBUG - Objective:-6715.6443
2016-04-17 08:19:58,289 - sarcos - DEBUG - Objective:-6714.2862
2016-04-17 08:19:58,289 - sarcos - DEBUG - Objective:-6714.2862
2016-04-17 08:19:58,290 - sarcos - INFO - Optimizing: ll
2016-04-17 08:20:11,494 - sarcos - DEBUG - Objective:-6710.7475
2016-04-17 08:20:24,862 - sarcos - DEBUG - Objective:23751.3732
2016-04-17 08:20:37,914 - sarcos - DEBUG - Objective:-6725.1566
2016-04-17 08:20:50,952 - sarcos - DEBUG - Objective:-6717.6170
2016-04-17 08:21:04,114 - sarcos - DEBUG - Objective:-6723.0279
2016-04-17 08:21:17,079 - sarcos - DEBUG - Objective:-6728.1792
2016-04-17 08:21:30,420 - sarcos - DEBUG - Objective:-6724.1075
2016-04-17 08:21:43,914 - sarcos - DEBUG - Objective:-6725.9031
2016-04-17 08:21:43,914 - sarcos - DEBUG - Objective:-6725.9031
2016-04-17 08:21:56,876 - sarcos - DEBUG - Objective:-6719.3072
2016-04-17 08:22:10,206 - sarcos - DEBUG - Objective:-6716.2146
2016-04-17 08:22:23,447 - sarcos - INFO - Optimizing: hyp
2016-04-17 08:22:38,759 - sarcos - DEBUG - Objective:-6723.3641
2016-04-17 08:22:53,966 - sarcos - DEBUG - Objective:19111.7168
2016-04-17 08:23:09,341 - sarcos - DEBUG - Objective:-6976.1756
2016-04-17 08:23:24,533 - sarcos - DEBUG - Objective:-6971.0047
2016-04-17 08:23:39,687 - sarcos - DEBUG - Objective:-6968.4382
2016-04-17 08:23:54,978 - sarcos - DEBUG - Objective:-6972.8655
2016-04-17 08:24:10,097 - sarcos - DEBUG - Objective:-6971.8796
2016-04-17 08:24:25,534 - sarcos - DEBUG - Objective:-6968.7656
2016-04-17 08:24:40,655 - sarcos - DEBUG - Objective:-6977.7287
2016-04-17 08:24:40,655 - sarcos - DEBUG - Objective:-6977.7287
2016-04-17 08:24:55,824 - sarcos - DEBUG - Objective:-6969.3216
2016-04-17 08:25:11,106 - sarcos - INFO - Optimizing: inducing
2016-04-17 08:26:28,394 - sarcos - DEBUG - Objective:-6970.1976
2016-04-17 08:27:45,102 - sarcos - DEBUG - Objective:-1824.8168
2016-04-17 08:29:01,714 - sarcos - DEBUG - Objective:-7093.4355
2016-04-17 08:30:18,076 - sarcos - DEBUG - Objective:-7140.3513
2016-04-17 08:31:34,482 - sarcos - DEBUG - Objective:-7194.2618
2016-04-17 08:32:50,991 - sarcos - DEBUG - Objective:-7285.7305
2016-04-17 08:34:07,364 - sarcos - DEBUG - Objective:-7432.9281
2016-04-17 08:34:07,387 - sarcos - DEBUG - Objective difference: 866.446412
2016-04-17 08:34:07,388 - sarcos - INFO - Mean difference: 0.009091
2016-04-17 08:34:07,388 - sarcos - INFO - Covariance difference: 0.000141
2016-04-17 08:34:07,388 - sarcos - INFO - Iteration 11 started.
2016-04-17 08:34:07,388 - sarcos - INFO - Optimizing: mog
2016-04-17 08:34:20,872 - sarcos - DEBUG - Objective:-7437.6837
2016-04-17 08:34:34,138 - sarcos - DEBUG - Objective:4914.0975
2016-04-17 08:34:47,699 - sarcos - DEBUG - Objective:-7483.6407
2016-04-17 08:35:01,109 - sarcos - DEBUG - Objective:-7520.0185
2016-04-17 08:35:14,266 - sarcos - DEBUG - Objective:-7542.8893
2016-04-17 08:35:27,725 - sarcos - DEBUG - Objective:-7558.8554
2016-04-17 08:35:41,043 - sarcos - DEBUG - Objective:-7564.2650
2016-04-17 08:35:54,348 - sarcos - DEBUG - Objective:-7575.2072
2016-04-17 08:36:07,708 - sarcos - DEBUG - Objective:-7579.1748
2016-04-17 08:36:21,137 - sarcos - DEBUG - Objective:-7587.2179
2016-04-17 08:36:34,874 - sarcos - DEBUG - Objective:-7597.0371
2016-04-17 08:36:48,176 - sarcos - DEBUG - Objective:-7597.5285
2016-04-17 08:37:01,678 - sarcos - DEBUG - Objective:-7613.1345
2016-04-17 08:37:15,098 - sarcos - DEBUG - Objective:-7620.7581
2016-04-17 08:37:28,606 - sarcos - DEBUG - Objective:-7627.6664
2016-04-17 08:37:41,878 - sarcos - DEBUG - Objective:-7627.9428
2016-04-17 08:37:55,476 - sarcos - DEBUG - Objective:-7635.4258
2016-04-17 08:38:09,178 - sarcos - DEBUG - Objective:-7643.7094
2016-04-17 08:38:22,629 - sarcos - DEBUG - Objective:-7654.2612
2016-04-17 08:38:36,178 - sarcos - DEBUG - Objective:-7656.9683
2016-04-17 08:38:49,525 - sarcos - DEBUG - Objective:-7671.8766
2016-04-17 08:39:02,815 - sarcos - DEBUG - Objective:-7665.7181
2016-04-17 08:39:16,003 - sarcos - DEBUG - Objective:-7672.6520
2016-04-17 08:39:29,686 - sarcos - DEBUG - Objective:-7672.4133
2016-04-17 08:39:42,974 - sarcos - DEBUG - Objective:-7673.2607
2016-04-17 08:39:56,894 - sarcos - DEBUG - Objective:-7673.4076
2016-04-17 08:40:10,423 - sarcos - DEBUG - Objective:-7682.0784
2016-04-17 08:40:23,685 - sarcos - DEBUG - Objective:-7697.2798
2016-04-17 08:40:36,926 - sarcos - DEBUG - Objective:-7704.5898
2016-04-17 08:40:50,297 - sarcos - DEBUG - Objective:-7702.0602
2016-04-17 08:41:03,745 - sarcos - DEBUG - Objective:-7703.4754
2016-04-17 08:41:17,051 - sarcos - DEBUG - Objective:-7699.6658
2016-04-17 08:41:30,144 - sarcos - DEBUG - Objective:-7691.3449
2016-04-17 08:41:43,239 - sarcos - DEBUG - Objective:-7697.1548
2016-04-17 08:41:56,785 - sarcos - DEBUG - Objective:-7700.7900
2016-04-17 08:42:10,189 - sarcos - DEBUG - Objective:-7697.7042
2016-04-17 08:42:10,189 - sarcos - INFO - Optimizing: ll
2016-04-17 08:42:22,956 - sarcos - DEBUG - Objective:-7703.3164
2016-04-17 08:42:36,411 - sarcos - DEBUG - Objective:22269.9565
2016-04-17 08:42:49,370 - sarcos - DEBUG - Objective:-7718.5048
2016-04-17 08:43:02,585 - sarcos - DEBUG - Objective:-7711.1584
2016-04-17 08:43:15,906 - sarcos - DEBUG - Objective:-7710.7569
2016-04-17 08:43:29,570 - sarcos - DEBUG - Objective:-7714.6809
2016-04-17 08:43:42,844 - sarcos - DEBUG - Objective:-7720.9085
2016-04-17 08:43:42,844 - sarcos - DEBUG - Objective:-7720.9085
2016-04-17 08:43:56,366 - sarcos - DEBUG - Objective:-7712.0177
2016-04-17 08:44:09,739 - sarcos - DEBUG - Objective:-7714.2553
2016-04-17 08:44:09,739 - sarcos - DEBUG - Objective:-7714.2553
2016-04-17 08:44:09,739 - sarcos - INFO - Optimizing: hyp
2016-04-17 08:44:24,753 - sarcos - DEBUG - Objective:-7714.9382
2016-04-17 08:44:39,760 - sarcos - DEBUG - Objective:10707.6854
2016-04-17 08:44:55,235 - sarcos - DEBUG - Objective:-7900.6105
2016-04-17 08:45:10,499 - sarcos - DEBUG - Objective:-7902.2889
2016-04-17 08:45:25,672 - sarcos - DEBUG - Objective:-7918.2575
2016-04-17 08:45:40,891 - sarcos - DEBUG - Objective:-7919.9403
2016-04-17 08:45:56,274 - sarcos - DEBUG - Objective:-7929.2576
2016-04-17 08:46:11,466 - sarcos - DEBUG - Objective:-7934.1346
2016-04-17 08:46:26,745 - sarcos - DEBUG - Objective:-7929.5197
2016-04-17 08:46:41,873 - sarcos - DEBUG - Objective:-7920.8436
2016-04-17 08:46:57,201 - sarcos - DEBUG - Objective:-7928.0737
2016-04-17 08:47:12,355 - sarcos - INFO - Optimizing: inducing
2016-04-17 08:48:28,862 - sarcos - DEBUG - Objective:-7927.3730
2016-04-17 08:49:45,580 - sarcos - DEBUG - Objective:-2332.0794
2016-04-17 08:51:01,912 - sarcos - DEBUG - Objective:-8050.3372
2016-04-17 08:52:17,730 - sarcos - DEBUG - Objective:-8091.7332
2016-04-17 08:53:33,947 - sarcos - DEBUG - Objective:-8143.6664
2016-04-17 08:54:49,906 - sarcos - DEBUG - Objective:-8226.2509
2016-04-17 08:56:06,075 - sarcos - DEBUG - Objective:-8372.1766
2016-04-17 08:56:06,098 - sarcos - DEBUG - Objective difference: 939.248512
2016-04-17 08:56:06,098 - sarcos - INFO - Mean difference: 0.029712
2016-04-17 08:56:06,099 - sarcos - INFO - Covariance difference: 0.000659
2016-04-17 08:56:06,099 - sarcos - INFO - Iteration 12 started.
2016-04-17 08:56:06,099 - sarcos - INFO - Optimizing: mog
2016-04-17 08:56:19,969 - sarcos - DEBUG - Objective:-8370.9781
2016-04-17 08:56:33,636 - sarcos - DEBUG - Objective:-179.2168
2016-04-17 08:56:47,029 - sarcos - DEBUG - Objective:-8429.5205
2016-04-17 08:57:00,072 - sarcos - DEBUG - Objective:-8468.7205
2016-04-17 08:57:13,732 - sarcos - DEBUG - Objective:-8468.5735
2016-04-17 08:57:27,792 - sarcos - DEBUG - Objective:-8464.9707
2016-04-17 08:57:41,828 - sarcos - DEBUG - Objective:-8462.8497
2016-04-17 08:57:55,186 - sarcos - DEBUG - Objective:-8451.6290
2016-04-17 08:58:08,815 - sarcos - DEBUG - Objective:-8466.7221
2016-04-17 08:58:21,931 - sarcos - DEBUG - Objective:-8463.6974
2016-04-17 08:58:35,603 - sarcos - DEBUG - Objective:-8462.9623
2016-04-17 08:58:35,603 - sarcos - DEBUG - Objective:-8462.9623
2016-04-17 08:58:35,604 - sarcos - INFO - Optimizing: ll
2016-04-17 08:58:48,830 - sarcos - DEBUG - Objective:-8452.7903
2016-04-17 08:59:02,648 - sarcos - DEBUG - Objective:22607.8965
2016-04-17 08:59:15,897 - sarcos - DEBUG - Objective:-8465.7487
2016-04-17 08:59:28,990 - sarcos - DEBUG - Objective:-8466.1846
2016-04-17 08:59:41,802 - sarcos - DEBUG - Objective:-8471.5846
2016-04-17 08:59:54,799 - sarcos - DEBUG - Objective:-8466.2688
2016-04-17 09:00:07,937 - sarcos - DEBUG - Objective:-8464.0972
2016-04-17 09:00:21,551 - sarcos - DEBUG - Objective:-8465.1447
2016-04-17 09:00:34,914 - sarcos - DEBUG - Objective:-8461.7321
2016-04-17 09:00:34,914 - sarcos - DEBUG - Objective:-8461.7321
2016-04-17 09:00:48,520 - sarcos - INFO - Optimizing: hyp
2016-04-17 09:01:03,772 - sarcos - DEBUG - Objective:-8462.9314
2016-04-17 09:01:18,918 - sarcos - DEBUG - Objective:8908.8784
2016-04-17 09:01:34,179 - sarcos - DEBUG - Objective:-8591.2198
2016-04-17 09:01:49,507 - sarcos - DEBUG - Objective:-8594.5161
2016-04-17 09:02:04,656 - sarcos - DEBUG - Objective:-8607.8924
2016-04-17 09:02:19,886 - sarcos - DEBUG - Objective:-8608.0754
2016-04-17 09:02:35,185 - sarcos - DEBUG - Objective:-8597.0297
2016-04-17 09:02:50,335 - sarcos - DEBUG - Objective:-8606.2346
2016-04-17 09:03:05,454 - sarcos - DEBUG - Objective:-8600.4644
2016-04-17 09:03:20,840 - sarcos - DEBUG - Objective:-8600.3084
2016-04-17 09:03:36,021 - sarcos - DEBUG - Objective:-8605.7814
2016-04-17 09:03:36,021 - sarcos - INFO - Optimizing: inducing
2016-04-17 09:04:53,247 - sarcos - DEBUG - Objective:-8601.8106
2016-04-17 09:06:09,713 - sarcos - DEBUG - Objective:-3019.5325
2016-04-17 09:07:26,575 - sarcos - DEBUG - Objective:-8683.3685
2016-04-17 09:08:43,630 - sarcos - DEBUG - Objective:-8720.0910
2016-04-17 09:10:00,196 - sarcos - DEBUG - Objective:-8749.9933
2016-04-17 09:11:16,622 - sarcos - DEBUG - Objective:-8824.5085
2016-04-17 09:12:32,454 - sarcos - DEBUG - Objective:-8947.4539
2016-04-17 09:12:32,482 - sarcos - DEBUG - Objective difference: 575.277308
2016-04-17 09:12:32,482 - sarcos - INFO - Mean difference: 0.003915
2016-04-17 09:12:32,482 - sarcos - INFO - Covariance difference: 0.000050
2016-04-17 09:12:32,483 - sarcos - INFO - Iteration 13 started.
2016-04-17 09:12:32,483 - sarcos - INFO - Optimizing: mog
2016-04-17 09:12:45,937 - sarcos - DEBUG - Objective:-8955.4803
2016-04-17 09:12:59,518 - sarcos - DEBUG - Objective:2551.4743
2016-04-17 09:13:13,167 - sarcos - DEBUG - Objective:-9019.1613
2016-04-17 09:13:27,057 - sarcos - DEBUG - Objective:-9053.5672
2016-04-17 09:13:40,297 - sarcos - DEBUG - Objective:-9051.3087
2016-04-17 09:13:53,702 - sarcos - DEBUG - Objective:-9058.7934
2016-04-17 09:14:06,832 - sarcos - DEBUG - Objective:-9069.3378
2016-04-17 09:14:20,185 - sarcos - DEBUG - Objective:-9078.9921
2016-04-17 09:14:33,322 - sarcos - DEBUG - Objective:-9081.4049
2016-04-17 09:14:47,030 - sarcos - DEBUG - Objective:-9101.3450
2016-04-17 09:15:00,184 - sarcos - DEBUG - Objective:-9102.7127
2016-04-17 09:15:14,293 - sarcos - DEBUG - Objective:-9107.8487
2016-04-17 09:15:27,765 - sarcos - DEBUG - Objective:-9108.8341
2016-04-17 09:15:40,957 - sarcos - DEBUG - Objective:-9108.0456
2016-04-17 09:15:54,438 - sarcos - DEBUG - Objective:-9107.5962
2016-04-17 09:16:07,836 - sarcos - DEBUG - Objective:-9112.7757
2016-04-17 09:16:21,258 - sarcos - DEBUG - Objective:-9106.5446
2016-04-17 09:16:34,459 - sarcos - DEBUG - Objective:-9110.8844
2016-04-17 09:16:47,487 - sarcos - DEBUG - Objective:-9111.5361
2016-04-17 09:17:00,689 - sarcos - DEBUG - Objective:-9110.4753
2016-04-17 09:17:14,311 - sarcos - DEBUG - Objective:-9109.6321
2016-04-17 09:17:27,418 - sarcos - DEBUG - Objective:-9113.4011
2016-04-17 09:17:40,901 - sarcos - DEBUG - Objective:-9110.6029
2016-04-17 09:17:54,513 - sarcos - DEBUG - Objective:-9108.2469
2016-04-17 09:18:07,990 - sarcos - DEBUG - Objective:-9112.0133
2016-04-17 09:18:21,347 - sarcos - DEBUG - Objective:-9113.3757
2016-04-17 09:18:34,767 - sarcos - DEBUG - Objective:-9121.4723
2016-04-17 09:18:48,030 - sarcos - DEBUG - Objective:-9106.3680
2016-04-17 09:19:01,152 - sarcos - DEBUG - Objective:-9113.0605
2016-04-17 09:19:01,152 - sarcos - INFO - Optimizing: ll
2016-04-17 09:19:14,815 - sarcos - DEBUG - Objective:-9104.7476
2016-04-17 09:19:27,950 - sarcos - DEBUG - Objective:21967.1309
2016-04-17 09:19:41,442 - sarcos - DEBUG - Objective:-9115.8506
2016-04-17 09:19:54,468 - sarcos - DEBUG - Objective:-9112.1908
2016-04-17 09:20:08,142 - sarcos - DEBUG - Objective:-9118.8375
2016-04-17 09:20:21,452 - sarcos - DEBUG - Objective:-9113.5065
2016-04-17 09:20:34,658 - sarcos - DEBUG - Objective:-9118.6478
2016-04-17 09:20:48,108 - sarcos - DEBUG - Objective:-9112.0593
2016-04-17 09:20:48,109 - sarcos - INFO - Optimizing: hyp
2016-04-17 09:21:03,454 - sarcos - DEBUG - Objective:-9109.5345
2016-04-17 09:21:18,536 - sarcos - DEBUG - Objective:7437.5282
2016-04-17 09:21:33,677 - sarcos - DEBUG - Objective:-9198.3520
2016-04-17 09:21:49,022 - sarcos - DEBUG - Objective:-9206.0082
2016-04-17 09:22:04,217 - sarcos - DEBUG - Objective:-9207.4712
2016-04-17 09:22:19,407 - sarcos - DEBUG - Objective:-9218.5387
2016-04-17 09:22:34,499 - sarcos - DEBUG - Objective:-9212.2105
2016-04-17 09:22:49,464 - sarcos - DEBUG - Objective:-9217.4880
2016-04-17 09:23:04,887 - sarcos - DEBUG - Objective:-9210.1092
2016-04-17 09:23:20,340 - sarcos - DEBUG - Objective:-9214.1294
2016-04-17 09:23:35,397 - sarcos - DEBUG - Objective:-9208.3679
2016-04-17 09:23:50,792 - sarcos - INFO - Optimizing: inducing
2016-04-17 09:25:06,913 - sarcos - DEBUG - Objective:-9216.8231
2016-04-17 09:26:24,003 - sarcos - DEBUG - Objective:-3023.9582
2016-04-17 09:27:39,698 - sarcos - DEBUG - Objective:-9263.8552
2016-04-17 09:28:55,789 - sarcos - DEBUG - Objective:-9284.3705
2016-04-17 09:30:12,135 - sarcos - DEBUG - Objective:-9329.4183
2016-04-17 09:31:28,372 - sarcos - DEBUG - Objective:-9388.6981
2016-04-17 09:32:45,003 - sarcos - DEBUG - Objective:-9512.2319
2016-04-17 09:32:45,028 - sarcos - DEBUG - Objective difference: 564.777947
2016-04-17 09:32:45,028 - sarcos - INFO - Mean difference: 0.009732
2016-04-17 09:32:45,028 - sarcos - INFO - Covariance difference: 0.000213
2016-04-17 09:32:45,028 - sarcos - INFO - Iteration 14 started.
2016-04-17 09:32:45,028 - sarcos - INFO - Optimizing: mog
2016-04-17 09:32:58,123 - sarcos - DEBUG - Objective:-9518.4841
2016-04-17 09:33:11,379 - sarcos - DEBUG - Objective:-1084.3559
2016-04-17 09:33:24,813 - sarcos - DEBUG - Objective:-9616.3102
2016-04-17 09:33:38,218 - sarcos - DEBUG - Objective:-9648.3533
2016-04-17 09:33:51,606 - sarcos - DEBUG - Objective:-9668.0274
2016-04-17 09:34:04,845 - sarcos - DEBUG - Objective:-9681.0237
2016-04-17 09:34:18,413 - sarcos - DEBUG - Objective:-9701.6839
2016-04-17 09:34:31,526 - sarcos - DEBUG - Objective:-9711.1092
2016-04-17 09:34:45,054 - sarcos - DEBUG - Objective:-9717.9919
2016-04-17 09:34:58,654 - sarcos - DEBUG - Objective:-9726.8264
2016-04-17 09:35:12,014 - sarcos - DEBUG - Objective:-9725.9219
2016-04-17 09:35:26,049 - sarcos - DEBUG - Objective:-9728.4414
2016-04-17 09:35:39,184 - sarcos - DEBUG - Objective:-9718.3983
2016-04-17 09:35:52,464 - sarcos - DEBUG - Objective:-9722.4978
2016-04-17 09:36:05,720 - sarcos - DEBUG - Objective:-9724.9663
2016-04-17 09:36:05,721 - sarcos - INFO - Optimizing: ll
2016-04-17 09:36:18,758 - sarcos - DEBUG - Objective:-9719.3128
2016-04-17 09:36:32,325 - sarcos - DEBUG - Objective:21298.3768
2016-04-17 09:36:45,581 - sarcos - DEBUG - Objective:-9726.9703
2016-04-17 09:36:59,392 - sarcos - DEBUG - Objective:-9728.0061
2016-04-17 09:37:12,560 - sarcos - DEBUG - Objective:-9727.9684
2016-04-17 09:37:25,871 - sarcos - DEBUG - Objective:-9725.6819
2016-04-17 09:37:39,382 - sarcos - DEBUG - Objective:-9727.8115
2016-04-17 09:37:39,382 - sarcos - DEBUG - Objective:-9727.8115
2016-04-17 09:37:39,382 - sarcos - INFO - Optimizing: hyp
2016-04-17 09:37:54,414 - sarcos - DEBUG - Objective:-9730.5192
2016-04-17 09:38:09,533 - sarcos - DEBUG - Objective:10646.7546
2016-04-17 09:38:24,684 - sarcos - DEBUG - Objective:-9775.0087
2016-04-17 09:38:39,945 - sarcos - DEBUG - Objective:-9786.9297
2016-04-17 09:38:55,094 - sarcos - DEBUG - Objective:-9784.4489
2016-04-17 09:39:10,512 - sarcos - DEBUG - Objective:-9783.0717
2016-04-17 09:39:25,743 - sarcos - DEBUG - Objective:-9784.0678
2016-04-17 09:39:40,888 - sarcos - DEBUG - Objective:-9782.9059
2016-04-17 09:39:56,165 - sarcos - DEBUG - Objective:-9773.7627
2016-04-17 09:40:11,249 - sarcos - DEBUG - Objective:-9781.8381
2016-04-17 09:40:11,249 - sarcos - DEBUG - Objective:-9781.8381
2016-04-17 09:40:11,250 - sarcos - INFO - Optimizing: inducing
2016-04-17 09:41:28,078 - sarcos - DEBUG - Objective:-9779.2328
2016-04-17 09:42:44,334 - sarcos - DEBUG - Objective:-4313.8661
2016-04-17 09:44:00,592 - sarcos - DEBUG - Objective:-9810.5722
2016-04-17 09:45:17,439 - sarcos - DEBUG - Objective:-9828.1291
2016-04-17 09:46:33,698 - sarcos - DEBUG - Objective:-9870.8969
2016-04-17 09:47:49,649 - sarcos - DEBUG - Objective:-9920.0460
2016-04-17 09:49:06,031 - sarcos - DEBUG - Objective:-10023.5377
2016-04-17 09:49:06,054 - sarcos - DEBUG - Objective difference: 511.305791
2016-04-17 09:49:06,054 - sarcos - INFO - Mean difference: 0.009608
2016-04-17 09:49:06,054 - sarcos - INFO - Covariance difference: 0.000100
2016-04-17 09:49:06,054 - sarcos - INFO - Iteration 15 started.
2016-04-17 09:49:06,054 - sarcos - INFO - Optimizing: mog
2016-04-17 09:49:19,632 - sarcos - DEBUG - Objective:-10028.6392
2016-04-17 09:49:33,097 - sarcos - DEBUG - Objective:-2525.9993
2016-04-17 09:49:46,416 - sarcos - DEBUG - Objective:-10108.0919
2016-04-17 09:50:00,045 - sarcos - DEBUG - Objective:-10155.3821
2016-04-17 09:50:13,726 - sarcos - DEBUG - Objective:-10168.2486
2016-04-17 09:50:27,163 - sarcos - DEBUG - Objective:-10190.4811
2016-04-17 09:50:40,484 - sarcos - DEBUG - Objective:-10201.5258
2016-04-17 09:50:53,571 - sarcos - DEBUG - Objective:-10206.1592
2016-04-17 09:51:06,834 - sarcos - DEBUG - Objective:-10212.5020
2016-04-17 09:51:20,384 - sarcos - DEBUG - Objective:-10224.4517
2016-04-17 09:51:34,055 - sarcos - DEBUG - Objective:-10230.8365
2016-04-17 09:51:47,648 - sarcos - DEBUG - Objective:-10238.2520
2016-04-17 09:52:00,977 - sarcos - DEBUG - Objective:-10240.3490
2016-04-17 09:52:14,429 - sarcos - DEBUG - Objective:-10244.4820
2016-04-17 09:52:28,436 - sarcos - DEBUG - Objective:-10251.7496
2016-04-17 09:52:41,387 - sarcos - DEBUG - Objective:-10254.3621
2016-04-17 09:52:54,737 - sarcos - DEBUG - Objective:-10261.6128
2016-04-17 09:53:08,365 - sarcos - DEBUG - Objective:-10270.3382
2016-04-17 09:53:21,755 - sarcos - DEBUG - Objective:-10270.3396
2016-04-17 09:53:35,386 - sarcos - DEBUG - Objective:-10273.7138
2016-04-17 09:53:48,925 - sarcos - DEBUG - Objective:-10275.3397
2016-04-17 09:54:02,473 - sarcos - DEBUG - Objective:-10277.3995
2016-04-17 09:54:16,531 - sarcos - DEBUG - Objective:-10287.8881
2016-04-17 09:54:30,290 - sarcos - DEBUG - Objective:-10285.4415
2016-04-17 09:54:43,781 - sarcos - DEBUG - Objective:-10294.1030
2016-04-17 09:54:57,208 - sarcos - DEBUG - Objective:-10295.5133
2016-04-17 09:55:10,317 - sarcos - DEBUG - Objective:-10302.4866
2016-04-17 09:55:24,017 - sarcos - DEBUG - Objective:-10311.2083
2016-04-17 09:55:37,180 - sarcos - DEBUG - Objective:-10316.2357
2016-04-17 09:55:50,497 - sarcos - DEBUG - Objective:-10320.4855
2016-04-17 09:56:04,473 - sarcos - DEBUG - Objective:-10336.8962
2016-04-17 09:56:17,980 - sarcos - DEBUG - Objective:-10340.4999
2016-04-17 09:56:31,228 - sarcos - DEBUG - Objective:-10340.4772
2016-04-17 09:56:44,982 - sarcos - DEBUG - Objective:-10335.0578
2016-04-17 09:56:58,733 - sarcos - DEBUG - Objective:-10339.9216
2016-04-17 09:57:12,441 - sarcos - DEBUG - Objective:-10339.5352
2016-04-17 09:57:25,774 - sarcos - DEBUG - Objective:-10343.6630
2016-04-17 09:57:39,365 - sarcos - DEBUG - Objective:-10334.0385
2016-04-17 09:57:52,440 - sarcos - DEBUG - Objective:-10336.0145
2016-04-17 09:58:05,919 - sarcos - DEBUG - Objective:-10336.3202
2016-04-17 09:58:05,919 - sarcos - INFO - Optimizing: ll
2016-04-17 09:58:18,996 - sarcos - DEBUG - Objective:-10332.6517
2016-04-17 09:58:32,248 - sarcos - DEBUG - Objective:20103.3418
2016-04-17 09:58:45,802 - sarcos - DEBUG - Objective:-10340.6404
2016-04-17 09:58:58,756 - sarcos - DEBUG - Objective:-10351.9540
2016-04-17 09:59:11,673 - sarcos - DEBUG - Objective:-10348.8811
2016-04-17 09:59:25,175 - sarcos - DEBUG - Objective:-10341.3546
2016-04-17 09:59:38,219 - sarcos - DEBUG - Objective:-10349.8814
2016-04-17 09:59:51,828 - sarcos - DEBUG - Objective:-10344.7835
2016-04-17 09:59:51,829 - sarcos - DEBUG - Objective:-10344.7835
2016-04-17 09:59:51,829 - sarcos - INFO - Optimizing: hyp
2016-04-17 10:00:07,063 - sarcos - DEBUG - Objective:-10347.5398
2016-04-17 10:00:22,243 - sarcos - DEBUG - Objective:5544.2722
2016-04-17 10:00:37,325 - sarcos - DEBUG - Objective:-10379.8607
2016-04-17 10:00:52,475 - sarcos - DEBUG - Objective:-10388.2151
2016-04-17 10:01:07,589 - sarcos - DEBUG - Objective:-10405.8777
2016-04-17 10:01:22,776 - sarcos - DEBUG - Objective:-10408.1893
2016-04-17 10:01:37,829 - sarcos - DEBUG - Objective:-10415.7814
2016-04-17 10:01:53,086 - sarcos - DEBUG - Objective:-10404.7330
2016-04-17 10:02:08,285 - sarcos - DEBUG - Objective:-10405.6924
2016-04-17 10:02:23,403 - sarcos - DEBUG - Objective:-10402.5151
2016-04-17 10:02:38,504 - sarcos - DEBUG - Objective:-10407.9853
2016-04-17 10:02:38,504 - sarcos - INFO - Optimizing: inducing
2016-04-17 10:03:55,079 - sarcos - DEBUG - Objective:-10412.1712
2016-04-17 10:05:11,374 - sarcos - DEBUG - Objective:-2793.9738
2016-04-17 10:06:28,312 - sarcos - DEBUG - Objective:-10464.0568
2016-04-17 10:07:44,566 - sarcos - DEBUG - Objective:-10490.8446
2016-04-17 10:09:00,001 - sarcos - DEBUG - Objective:-10532.7100
2016-04-17 10:10:16,510 - sarcos - DEBUG - Objective:-10589.3057
2016-04-17 10:11:32,607 - sarcos - DEBUG - Objective:-10658.6544
2016-04-17 10:11:32,633 - sarcos - DEBUG - Objective difference: 635.116758
2016-04-17 10:11:32,633 - sarcos - INFO - Mean difference: 0.029492
2016-04-17 10:11:32,633 - sarcos - INFO - Covariance difference: 0.000750
2016-04-17 10:11:32,633 - sarcos - INFO - Iteration 16 started.
2016-04-17 10:11:32,633 - sarcos - INFO - Optimizing: mog
2016-04-17 10:11:47,019 - sarcos - DEBUG - Objective:-10672.6079
2016-04-17 10:12:00,414 - sarcos - DEBUG - Objective:2578.8706
2016-04-17 10:12:13,607 - sarcos - DEBUG - Objective:-10694.3609
2016-04-17 10:12:27,183 - sarcos - DEBUG - Objective:-10723.3225
2016-04-17 10:12:40,822 - sarcos - DEBUG - Objective:-10738.9979
2016-04-17 10:12:54,244 - sarcos - DEBUG - Objective:-10735.3591
2016-04-17 10:13:07,867 - sarcos - DEBUG - Objective:-10734.9967
2016-04-17 10:13:21,372 - sarcos - DEBUG - Objective:-10729.6941
2016-04-17 10:13:34,804 - sarcos - DEBUG - Objective:-10728.3246
2016-04-17 10:13:48,016 - sarcos - DEBUG - Objective:-10731.3619
2016-04-17 10:14:01,362 - sarcos - DEBUG - Objective:-10727.7226
2016-04-17 10:14:14,569 - sarcos - DEBUG - Objective:-10729.9387
2016-04-17 10:14:14,570 - sarcos - INFO - Optimizing: ll
2016-04-17 10:14:27,941 - sarcos - DEBUG - Objective:-10733.4959
2016-04-17 10:14:41,550 - sarcos - DEBUG - Objective:20994.9344
2016-04-17 10:14:54,638 - sarcos - DEBUG - Objective:-10736.5879
2016-04-17 10:15:07,943 - sarcos - DEBUG - Objective:-10737.3973
2016-04-17 10:15:20,950 - sarcos - DEBUG - Objective:-10739.0802
2016-04-17 10:15:34,113 - sarcos - DEBUG - Objective:-10736.9703
2016-04-17 10:15:47,537 - sarcos - DEBUG - Objective:-10730.3910
2016-04-17 10:16:01,174 - sarcos - DEBUG - Objective:-10736.1340
2016-04-17 10:16:01,174 - sarcos - INFO - Optimizing: hyp
2016-04-17 10:16:16,290 - sarcos - DEBUG - Objective:-10728.5269
2016-04-17 10:16:31,546 - sarcos - DEBUG - Objective:4956.5816
2016-04-17 10:16:46,615 - sarcos - DEBUG - Objective:-10763.2880
2016-04-17 10:17:01,813 - sarcos - DEBUG - Objective:-10756.2864
2016-04-17 10:17:16,983 - sarcos - DEBUG - Objective:-10761.8126
2016-04-17 10:17:32,277 - sarcos - DEBUG - Objective:-10747.8431
2016-04-17 10:17:47,524 - sarcos - DEBUG - Objective:-10757.5558
2016-04-17 10:18:02,571 - sarcos - DEBUG - Objective:-10758.6342
2016-04-17 10:18:02,571 - sarcos - DEBUG - Objective:-10758.6342
2016-04-17 10:18:02,571 - sarcos - INFO - Optimizing: inducing
2016-04-17 10:19:19,189 - sarcos - DEBUG - Objective:-10756.4225
2016-04-17 10:20:34,995 - sarcos - DEBUG - Objective:-5681.9235
2016-04-17 10:21:51,244 - sarcos - DEBUG - Objective:-10791.2506
2016-04-17 10:23:07,700 - sarcos - DEBUG - Objective:-10809.2847
2016-04-17 10:24:23,966 - sarcos - DEBUG - Objective:-10837.7547
2016-04-17 10:25:40,636 - sarcos - DEBUG - Objective:-10882.8645
2016-04-17 10:26:56,939 - sarcos - DEBUG - Objective:-10951.0272
2016-04-17 10:26:56,962 - sarcos - DEBUG - Objective difference: 292.372746
2016-04-17 10:26:56,963 - sarcos - INFO - Mean difference: 0.003376
2016-04-17 10:26:56,963 - sarcos - INFO - Covariance difference: 0.000044
2016-04-17 10:26:56,963 - sarcos - INFO - Iteration 17 started.
2016-04-17 10:26:56,963 - sarcos - INFO - Optimizing: mog
2016-04-17 10:27:10,282 - sarcos - DEBUG - Objective:-10955.6838
2016-04-17 10:27:23,691 - sarcos - DEBUG - Objective:585.0349
2016-04-17 10:27:36,841 - sarcos - DEBUG - Objective:-10987.5769
2016-04-17 10:27:50,401 - sarcos - DEBUG - Objective:-11003.5093
2016-04-17 10:28:04,270 - sarcos - DEBUG - Objective:-11008.0501
2016-04-17 10:28:17,665 - sarcos - DEBUG - Objective:-11024.8225
2016-04-17 10:28:31,273 - sarcos - DEBUG - Objective:-11022.2168
2016-04-17 10:28:44,640 - sarcos - DEBUG - Objective:-11021.1748
2016-04-17 10:28:57,719 - sarcos - DEBUG - Objective:-11018.4968
2016-04-17 10:29:11,419 - sarcos - DEBUG - Objective:-11022.1307
2016-04-17 10:29:24,973 - sarcos - DEBUG - Objective:-11020.4695
2016-04-17 10:29:38,512 - sarcos - DEBUG - Objective:-11029.9752
2016-04-17 10:29:38,512 - sarcos - DEBUG - Objective:-11029.9752
2016-04-17 10:29:51,939 - sarcos - DEBUG - Objective:-11017.1209
2016-04-17 10:30:05,480 - sarcos - DEBUG - Objective:-11025.0612
2016-04-17 10:30:19,347 - sarcos - DEBUG - Objective:-11017.9128
2016-04-17 10:30:19,348 - sarcos - INFO - Optimizing: ll
2016-04-17 10:30:33,086 - sarcos - DEBUG - Objective:-11030.1286
2016-04-17 10:30:46,531 - sarcos - DEBUG - Objective:20430.0566
2016-04-17 10:30:59,637 - sarcos - DEBUG - Objective:-11021.1922
2016-04-17 10:31:12,977 - sarcos - DEBUG - Objective:-11020.9010
2016-04-17 10:31:26,012 - sarcos - DEBUG - Objective:-11025.2760
2016-04-17 10:31:38,918 - sarcos - DEBUG - Objective:-11017.7617
2016-04-17 10:31:52,273 - sarcos - DEBUG - Objective:-11023.8386
2016-04-17 10:31:52,273 - sarcos - DEBUG - Objective:-11023.8386
2016-04-17 10:31:52,273 - sarcos - INFO - Optimizing: hyp
2016-04-17 10:32:07,276 - sarcos - DEBUG - Objective:-11024.0446
2016-04-17 10:32:22,500 - sarcos - DEBUG - Objective:4488.4050
2016-04-17 10:32:37,727 - sarcos - DEBUG - Objective:-11037.9813
2016-04-17 10:32:52,789 - sarcos - DEBUG - Objective:-11040.8314
2016-04-17 10:33:08,036 - sarcos - DEBUG - Objective:-11049.2183
2016-04-17 10:33:23,231 - sarcos - DEBUG - Objective:-11057.1190
2016-04-17 10:33:38,406 - sarcos - DEBUG - Objective:-11052.2474
2016-04-17 10:33:53,422 - sarcos - DEBUG - Objective:-11055.0188
2016-04-17 10:34:08,745 - sarcos - DEBUG - Objective:-11059.9973
2016-04-17 10:34:23,901 - sarcos - DEBUG - Objective:-11052.2829
2016-04-17 10:34:39,113 - sarcos - DEBUG - Objective:-11048.8098
2016-04-17 10:34:54,360 - sarcos - INFO - Optimizing: inducing
2016-04-17 10:36:10,837 - sarcos - DEBUG - Objective:-11056.8914
2016-04-17 10:37:27,953 - sarcos - DEBUG - Objective:-5501.8249
2016-04-17 10:38:44,688 - sarcos - DEBUG - Objective:-11078.9056
2016-04-17 10:40:01,155 - sarcos - DEBUG - Objective:-11106.9297
2016-04-17 10:41:17,656 - sarcos - DEBUG - Objective:-11133.4014
2016-04-17 10:42:33,996 - sarcos - DEBUG - Objective:-11173.1042
2016-04-17 10:43:50,560 - sarcos - DEBUG - Objective:-11247.0947
2016-04-17 10:43:50,584 - sarcos - DEBUG - Objective difference: 296.067546
2016-04-17 10:43:50,585 - sarcos - INFO - Mean difference: 0.004355
2016-04-17 10:43:50,585 - sarcos - INFO - Covariance difference: 0.000065
2016-04-17 10:43:50,585 - sarcos - INFO - Iteration 18 started.
2016-04-17 10:43:50,585 - sarcos - INFO - Optimizing: mog
2016-04-17 10:44:03,826 - sarcos - DEBUG - Objective:-11247.5652
2016-04-17 10:44:17,047 - sarcos - INFO - Interrupted by the user.
2016-04-17 10:44:17,048 - sarcos - INFO - Last objective value: -11020.473968
2016-04-17 10:44:17,048 - sarcos - DEBUG - prediction started...
2016-04-17 10:44:36,394 - sarcos - DEBUG - prediction finished
