2016-07-20 14:16:48,162 - sarcos_all_joints - INFO - experiment started for:{'run_id': 0, 'max_iter': 200, 'optimization_config': {'hyp': 10, 'll': 10, 'mog': 50}, 'xtol': 0.001, 'git_hash': '5edc0d6857cfb1d942b413dea0f2e297c22c9e92', 'model_init': None, 'ftol': 10, 'latent_noise:': 0.001, 'sparsity_factor': 0.04, 'll': 'CogLL', 'sample_num': 100, 'experiment': 'sarcos_all_joints', 'git_branch': 'master', 'random_Z': True, 'method': 'full'}
2016-07-20 14:17:44,670 - sarcos_all_joints - INFO - Iteration 1 started.
2016-07-20 14:17:44,670 - sarcos_all_joints - INFO - Optimizing: mog
2016-07-20 14:17:51,522 - sarcos_all_joints - DEBUG - Objective: 5659052.8047
2016-07-20 14:18:52,024 - sarcos_all_joints - DEBUG - Objective: 5284638.2412
2016-07-20 14:20:00,552 - sarcos_all_joints - DEBUG - Objective: 4088402.4229
2016-07-20 14:20:57,443 - sarcos_all_joints - DEBUG - Objective: 3670863.0352
2016-07-20 14:21:54,134 - sarcos_all_joints - DEBUG - Objective: 3285742.0059
2016-07-20 14:23:04,764 - sarcos_all_joints - DEBUG - Objective: 2999110.8604
2016-07-20 14:24:00,577 - sarcos_all_joints - DEBUG - Objective: 2807245.8076
2016-07-20 14:25:12,416 - sarcos_all_joints - DEBUG - Objective: 2694561.6914
2016-07-20 14:26:11,412 - sarcos_all_joints - DEBUG - Objective: 2587997.3223
2016-07-20 14:27:11,059 - sarcos_all_joints - DEBUG - Objective: 2513090.6143
2016-07-20 14:28:20,714 - sarcos_all_joints - DEBUG - Objective: 2459133.6182
2016-07-20 14:29:18,106 - sarcos_all_joints - DEBUG - Objective: 2403553.2236
2016-07-20 14:30:16,288 - sarcos_all_joints - DEBUG - Objective: 2364493.6123
2016-07-20 14:31:29,237 - sarcos_all_joints - DEBUG - Objective: 2324489.7607
2016-07-20 14:32:27,178 - sarcos_all_joints - DEBUG - Objective: 2286653.1392
2016-07-20 14:33:26,285 - sarcos_all_joints - DEBUG - Objective: 2252204.8740
2016-07-20 14:34:25,364 - sarcos_all_joints - DEBUG - Objective: 2220121.6489
2016-07-20 14:35:24,403 - sarcos_all_joints - DEBUG - Objective: 2193002.3901
2016-07-20 14:36:42,440 - sarcos_all_joints - DEBUG - Objective: 2166553.6860
2016-07-20 14:37:41,393 - sarcos_all_joints - DEBUG - Objective: 2136975.4968
2016-07-20 14:38:40,249 - sarcos_all_joints - DEBUG - Objective: 2116349.1979
2016-07-20 14:39:40,046 - sarcos_all_joints - DEBUG - Objective: 2095848.8667
2016-07-20 14:40:39,850 - sarcos_all_joints - DEBUG - Objective: 2070867.8882
2016-07-20 14:41:38,195 - sarcos_all_joints - DEBUG - Objective: 2055412.9410
2016-07-20 14:42:38,026 - sarcos_all_joints - DEBUG - Objective: 2042411.3575
2016-07-20 14:43:36,920 - sarcos_all_joints - DEBUG - Objective: 2020636.7734
2016-07-20 14:44:32,464 - sarcos_all_joints - DEBUG - Objective: 2007426.7130
2016-07-20 14:45:34,821 - sarcos_all_joints - DEBUG - Objective: 1989806.7893
2016-07-20 14:46:33,903 - sarcos_all_joints - DEBUG - Objective: 1974806.1123
2016-07-20 14:47:29,423 - sarcos_all_joints - DEBUG - Objective: 1964194.2178
2016-07-20 14:48:28,816 - sarcos_all_joints - DEBUG - Objective: 1951067.3425
2016-07-20 14:49:44,344 - sarcos_all_joints - DEBUG - Objective: 1941050.7388
2016-07-20 14:50:43,961 - sarcos_all_joints - DEBUG - Objective: 1932209.9307
2016-07-20 14:51:56,734 - sarcos_all_joints - DEBUG - Objective: 1921825.9419
2016-07-20 14:52:53,020 - sarcos_all_joints - DEBUG - Objective: 1914388.9170
2016-07-20 14:54:03,653 - sarcos_all_joints - DEBUG - Objective: 1906716.0532
2016-07-20 14:54:59,086 - sarcos_all_joints - DEBUG - Objective: 1896214.6489
2016-07-20 14:56:10,518 - sarcos_all_joints - DEBUG - Objective: 1889412.6924
2016-07-20 14:57:22,925 - sarcos_all_joints - DEBUG - Objective: 1884483.9849
2016-07-20 14:58:21,873 - sarcos_all_joints - DEBUG - Objective: 1878171.1147
2016-07-20 14:59:17,405 - sarcos_all_joints - DEBUG - Objective: 1872311.4604
2016-07-20 15:00:23,625 - sarcos_all_joints - DEBUG - Objective: 1868937.2993
2016-07-20 15:01:18,975 - sarcos_all_joints - DEBUG - Objective: 1864233.6460
2016-07-20 15:02:12,350 - sarcos_all_joints - DEBUG - Objective: 1860311.1807
2016-07-20 15:03:09,282 - sarcos_all_joints - DEBUG - Objective: 1854702.4355
2016-07-20 15:04:03,505 - sarcos_all_joints - DEBUG - Objective: 1853309.9893
2016-07-20 15:04:59,790 - sarcos_all_joints - DEBUG - Objective: 1848139.2881
2016-07-20 15:05:56,771 - sarcos_all_joints - DEBUG - Objective: 1845841.6885
2016-07-20 15:06:51,582 - sarcos_all_joints - DEBUG - Objective: 1843131.5166
2016-07-20 15:07:57,689 - sarcos_all_joints - DEBUG - Objective: 1841540.4736
2016-07-20 15:08:52,393 - sarcos_all_joints - DEBUG - Objective: 1839394.2256
2016-07-20 15:08:54,748 - sarcos_all_joints - INFO - Optimizing: hyp
2016-07-20 15:23:24,051 - sarcos_all_joints - DEBUG - Objective: 1838824.7705
2016-07-20 15:36:57,099 - sarcos_all_joints - DEBUG - Objective: 1396748.0537
2016-07-20 15:46:14,185 - sarcos_all_joints - DEBUG - Objective: 1253696.3691
2016-07-20 15:56:28,831 - sarcos_all_joints - DEBUG - Objective: 1044561.7266
2016-07-20 16:04:24,039 - sarcos_all_joints - DEBUG - Objective: 1001891.7500
2016-07-20 16:12:20,801 - sarcos_all_joints - DEBUG - Objective: 997881.3193
2016-07-20 16:20:12,074 - sarcos_all_joints - DEBUG - Objective: 991386.4189
2016-07-20 16:29:46,159 - sarcos_all_joints - DEBUG - Objective: 986307.5566
2016-07-20 16:37:38,534 - sarcos_all_joints - DEBUG - Objective: 984429.8330
2016-07-20 16:45:31,766 - sarcos_all_joints - DEBUG - Objective: 984185.2188
2016-07-20 16:53:21,455 - sarcos_all_joints - DEBUG - Objective: 983892.5264
2016-07-20 16:53:21,456 - sarcos_all_joints - INFO - Optimizing: ll
2016-07-20 16:54:03,733 - sarcos_all_joints - DEBUG - Objective: 983725.9502
2016-07-20 16:54:35,829 - sarcos_all_joints - DEBUG - Objective: 503122.3340
2016-07-20 16:55:24,387 - sarcos_all_joints - DEBUG - Objective: 449584.1182
2016-07-20 16:55:55,829 - sarcos_all_joints - DEBUG - Objective: 426192.2197
2016-07-20 16:56:44,321 - sarcos_all_joints - DEBUG - Objective: 423484.6641
2016-07-20 16:57:16,265 - sarcos_all_joints - DEBUG - Objective: 423324.9287
2016-07-20 16:57:56,804 - sarcos_all_joints - DEBUG - Objective: 423367.0791
2016-07-20 16:58:28,092 - sarcos_all_joints - DEBUG - Objective: 423335.7021
2016-07-20 16:58:59,234 - sarcos_all_joints - DEBUG - Objective: 423350.4844
2016-07-20 16:59:41,570 - sarcos_all_joints - DEBUG - Objective: 423366.4912
2016-07-20 17:00:16,153 - sarcos_all_joints - DEBUG - Objective: 423368.5928
2016-07-20 17:00:16,855 - sarcos_all_joints - INFO - Iteration 2 started.
2016-07-20 17:00:16,855 - sarcos_all_joints - INFO - Optimizing: mog
2016-07-20 17:01:11,035 - sarcos_all_joints - DEBUG - Objective: 423361.3877
2016-07-20 17:02:17,652 - sarcos_all_joints - DEBUG - Objective: 418944.7100
2016-07-20 17:03:20,463 - sarcos_all_joints - DEBUG - Objective: 403074.5000
2016-07-20 17:04:13,205 - sarcos_all_joints - DEBUG - Objective: 393694.2529
2016-07-20 17:05:02,991 - sarcos_all_joints - DEBUG - Objective: 387369.1348
2016-07-20 17:06:16,058 - sarcos_all_joints - DEBUG - Objective: 381461.9385
2016-07-20 17:07:24,834 - sarcos_all_joints - DEBUG - Objective: 375111.0664
2016-07-20 17:08:19,750 - sarcos_all_joints - DEBUG - Objective: 368345.6953
2016-07-20 17:09:26,605 - sarcos_all_joints - DEBUG - Objective: 362732.6250
2016-07-20 17:10:21,545 - sarcos_all_joints - DEBUG - Objective: 358729.6445
2016-07-20 17:11:27,638 - sarcos_all_joints - DEBUG - Objective: 353676.7861
2016-07-20 17:12:17,749 - sarcos_all_joints - DEBUG - Objective: 349289.9990
2016-07-20 17:13:11,504 - sarcos_all_joints - DEBUG - Objective: 345447.0488
2016-07-20 17:14:01,369 - sarcos_all_joints - DEBUG - Objective: 342926.0166
2016-07-20 17:14:55,144 - sarcos_all_joints - DEBUG - Objective: 339680.4521
2016-07-20 17:15:47,215 - sarcos_all_joints - DEBUG - Objective: 336631.4824
2016-07-20 17:16:38,945 - sarcos_all_joints - DEBUG - Objective: 333987.8887
2016-07-20 17:17:30,305 - sarcos_all_joints - DEBUG - Objective: 331952.9102
2016-07-20 17:18:24,009 - sarcos_all_joints - DEBUG - Objective: 330179.8682
2016-07-20 17:19:24,745 - sarcos_all_joints - DEBUG - Objective: 328596.5566
2016-07-20 17:20:15,156 - sarcos_all_joints - DEBUG - Objective: 327199.7764
2016-07-20 17:21:06,535 - sarcos_all_joints - DEBUG - Objective: 326033.8301
2016-07-20 17:22:14,080 - sarcos_all_joints - DEBUG - Objective: 324916.3984
2016-07-20 17:23:08,151 - sarcos_all_joints - DEBUG - Objective: 323932.9756
2016-07-20 17:24:21,751 - sarcos_all_joints - DEBUG - Objective: 322883.6084
2016-07-20 17:25:22,112 - sarcos_all_joints - DEBUG - Objective: 322017.1426
2016-07-20 17:26:35,930 - sarcos_all_joints - DEBUG - Objective: 321186.2041
2016-07-20 17:27:38,510 - sarcos_all_joints - DEBUG - Objective: 320345.1797
2016-07-20 17:28:47,077 - sarcos_all_joints - DEBUG - Objective: 319603.3086
2016-07-20 17:29:55,719 - sarcos_all_joints - DEBUG - Objective: 318906.5117
2016-07-20 17:31:03,978 - sarcos_all_joints - DEBUG - Objective: 318133.0938
2016-07-20 17:31:56,885 - sarcos_all_joints - DEBUG - Objective: 317460.6982
2016-07-20 17:33:02,453 - sarcos_all_joints - DEBUG - Objective: 316769.4248
2016-07-20 17:33:54,553 - sarcos_all_joints - DEBUG - Objective: 316110.4893
2016-07-20 17:34:46,367 - sarcos_all_joints - DEBUG - Objective: 315410.9902
2016-07-20 17:35:51,756 - sarcos_all_joints - DEBUG - Objective: 314838.6650
2016-07-20 17:36:41,473 - sarcos_all_joints - DEBUG - Objective: 314250.1045
2016-07-20 17:37:50,195 - sarcos_all_joints - DEBUG - Objective: 313738.4609
2016-07-20 17:38:55,330 - sarcos_all_joints - DEBUG - Objective: 313271.0518
2016-07-20 17:40:00,248 - sarcos_all_joints - DEBUG - Objective: 312825.2607
2016-07-20 17:40:51,941 - sarcos_all_joints - DEBUG - Objective: 312361.4082
2016-07-20 17:41:44,320 - sarcos_all_joints - DEBUG - Objective: 311928.1006
2016-07-20 17:42:54,093 - sarcos_all_joints - DEBUG - Objective: 311570.6953
2016-07-20 17:44:04,604 - sarcos_all_joints - DEBUG - Objective: 311191.0254
2016-07-20 17:45:07,583 - sarcos_all_joints - DEBUG - Objective: 310875.4785
2016-07-20 17:46:14,303 - sarcos_all_joints - DEBUG - Objective: 310585.2930
2016-07-20 17:47:25,116 - sarcos_all_joints - DEBUG - Objective: 310320.8848
2016-07-20 17:48:35,264 - sarcos_all_joints - DEBUG - Objective: 310089.2275
2016-07-20 17:49:40,876 - sarcos_all_joints - DEBUG - Objective: 309829.5566
2016-07-20 17:50:31,461 - sarcos_all_joints - DEBUG - Objective: 309614.6172
2016-07-20 17:51:27,517 - sarcos_all_joints - DEBUG - Objective: 309394.1523
2016-07-20 17:51:29,847 - sarcos_all_joints - INFO - Optimizing: hyp
2016-07-20 18:03:48,043 - sarcos_all_joints - DEBUG - Objective: 309398.1748
2016-07-20 18:13:58,229 - sarcos_all_joints - DEBUG - Objective: 310595.6855
2016-07-20 18:23:45,301 - sarcos_all_joints - DEBUG - Objective: 308885.9609
2016-07-20 18:34:27,085 - sarcos_all_joints - DEBUG - Objective: 353105.4092
2016-07-20 18:43:36,135 - sarcos_all_joints - DEBUG - Objective: 304970.7939
2016-07-20 18:51:19,214 - sarcos_all_joints - DEBUG - Objective: 304221.1807
2016-07-20 19:00:00,761 - sarcos_all_joints - DEBUG - Objective: 303074.0723
2016-07-20 19:08:39,030 - sarcos_all_joints - DEBUG - Objective: 302940.2188
2016-07-20 19:20:57,263 - sarcos_all_joints - DEBUG - Objective: 302896.4150
2016-07-20 19:32:38,171 - sarcos_all_joints - DEBUG - Objective: 302738.6035
2016-07-20 19:40:30,099 - sarcos_all_joints - DEBUG - Objective: 302621.0859
2016-07-20 19:40:30,099 - sarcos_all_joints - INFO - Optimizing: ll
2016-07-20 19:41:01,880 - sarcos_all_joints - DEBUG - Objective: 302632.7344
2016-07-20 19:41:36,562 - sarcos_all_joints - DEBUG - Objective: 251098.8584
2016-07-20 19:42:07,553 - sarcos_all_joints - DEBUG - Objective: 250856.2861
2016-07-20 19:42:55,909 - sarcos_all_joints - DEBUG - Objective: 250853.4502
2016-07-20 19:43:27,277 - sarcos_all_joints - DEBUG - Objective: 250798.4419
2016-07-20 19:44:13,388 - sarcos_all_joints - DEBUG - Objective: 250826.6196
2016-07-20 19:44:59,376 - sarcos_all_joints - DEBUG - Objective: 250800.7622
2016-07-20 19:45:41,546 - sarcos_all_joints - DEBUG - Objective: 250901.2412
2016-07-20 19:46:28,533 - sarcos_all_joints - DEBUG - Objective: 250841.5684
2016-07-20 19:46:28,534 - sarcos_all_joints - DEBUG - Objective: 250841.5684
2016-07-20 19:46:30,613 - sarcos_all_joints - DEBUG - Objective difference: 172527.024414
2016-07-20 19:46:30,613 - sarcos_all_joints - INFO - Mean difference: 0.852541
2016-07-20 19:46:30,613 - sarcos_all_joints - INFO - Covariance difference: 0.001654
2016-07-20 19:46:30,614 - sarcos_all_joints - INFO - Iteration 3 started.
2016-07-20 19:46:30,614 - sarcos_all_joints - INFO - Optimizing: mog
2016-07-20 19:47:40,449 - sarcos_all_joints - DEBUG - Objective: 250851.1626
2016-07-20 19:48:43,290 - sarcos_all_joints - DEBUG - Objective: 246051.2046
2016-07-20 19:49:37,824 - sarcos_all_joints - DEBUG - Objective: 244344.2466
2016-07-20 19:50:39,200 - sarcos_all_joints - DEBUG - Objective: 243199.2759
2016-07-20 19:51:32,268 - sarcos_all_joints - DEBUG - Objective: 242569.6909
2016-07-20 19:52:36,123 - sarcos_all_joints - DEBUG - Objective: 241982.7715
2016-07-20 19:53:25,068 - sarcos_all_joints - DEBUG - Objective: 241385.6675
2016-07-20 19:54:14,502 - sarcos_all_joints - DEBUG - Objective: 241007.9609
2016-07-20 19:55:10,406 - sarcos_all_joints - DEBUG - Objective: 240467.3091
2016-07-20 19:56:00,882 - sarcos_all_joints - DEBUG - Objective: 239920.8110
2016-07-20 19:56:55,868 - sarcos_all_joints - DEBUG - Objective: 239430.1270
2016-07-20 19:57:52,227 - sarcos_all_joints - DEBUG - Objective: 238795.0127
2016-07-20 19:58:45,720 - sarcos_all_joints - DEBUG - Objective: 238125.1763
2016-07-20 19:59:48,735 - sarcos_all_joints - DEBUG - Objective: 237497.3081
2016-07-20 20:00:37,323 - sarcos_all_joints - DEBUG - Objective: 236961.7388
2016-07-20 20:01:40,513 - sarcos_all_joints - DEBUG - Objective: 236326.5000
2016-07-20 20:02:43,726 - sarcos_all_joints - DEBUG - Objective: 235738.3184
2016-07-20 20:03:32,007 - sarcos_all_joints - DEBUG - Objective: 235235.3462
2016-07-20 20:04:23,199 - sarcos_all_joints - DEBUG - Objective: 234745.4907
2016-07-20 20:05:29,189 - sarcos_all_joints - DEBUG - Objective: 234200.2466
2016-07-20 20:06:17,373 - sarcos_all_joints - DEBUG - Objective: 233691.4849
2016-07-20 20:07:05,962 - sarcos_all_joints - DEBUG - Objective: 233250.5610
2016-07-20 20:08:00,534 - sarcos_all_joints - DEBUG - Objective: 232747.0947
2016-07-20 20:08:49,061 - sarcos_all_joints - DEBUG - Objective: 232342.7739
2016-07-20 20:09:40,454 - sarcos_all_joints - DEBUG - Objective: 231818.4731
2016-07-20 20:10:30,337 - sarcos_all_joints - DEBUG - Objective: 231435.6167
2016-07-20 20:11:20,865 - sarcos_all_joints - DEBUG - Objective: 230985.8101
2016-07-20 20:12:26,725 - sarcos_all_joints - DEBUG - Objective: 230510.4839
2016-07-20 20:13:16,317 - sarcos_all_joints - DEBUG - Objective: 230048.2808
2016-07-20 20:14:26,498 - sarcos_all_joints - DEBUG - Objective: 229587.3003
2016-07-20 20:15:14,176 - sarcos_all_joints - DEBUG - Objective: 229245.3311
2016-07-20 20:16:05,739 - sarcos_all_joints - DEBUG - Objective: 228780.6313
2016-07-20 20:17:04,528 - sarcos_all_joints - DEBUG - Objective: 228319.1494
2016-07-20 20:17:55,832 - sarcos_all_joints - DEBUG - Objective: 227992.3403
2016-07-20 20:18:43,881 - sarcos_all_joints - DEBUG - Objective: 227647.6475
2016-07-20 20:19:33,042 - sarcos_all_joints - DEBUG - Objective: 227353.9331
2016-07-20 20:20:21,298 - sarcos_all_joints - DEBUG - Objective: 226924.5596
2016-07-20 20:21:11,778 - sarcos_all_joints - DEBUG - Objective: 226631.3174
2016-07-20 20:22:04,317 - sarcos_all_joints - DEBUG - Objective: 226336.1323
2016-07-20 20:22:55,522 - sarcos_all_joints - DEBUG - Objective: 225997.0220
2016-07-20 20:23:45,951 - sarcos_all_joints - DEBUG - Objective: 225690.1929
2016-07-20 20:24:34,900 - sarcos_all_joints - DEBUG - Objective: 225487.6943
2016-07-20 20:25:25,312 - sarcos_all_joints - DEBUG - Objective: 225227.2900
2016-07-20 20:26:14,373 - sarcos_all_joints - DEBUG - Objective: 224960.0952
2016-07-20 20:27:03,822 - sarcos_all_joints - DEBUG - Objective: 224721.9028
2016-07-20 20:27:55,114 - sarcos_all_joints - DEBUG - Objective: 224520.9858
2016-07-20 20:28:43,170 - sarcos_all_joints - DEBUG - Objective: 224339.0874
2016-07-20 20:29:32,567 - sarcos_all_joints - DEBUG - Objective: 224082.0093
2016-07-20 20:30:20,764 - sarcos_all_joints - DEBUG - Objective: 223922.0557
2016-07-20 20:31:10,365 - sarcos_all_joints - DEBUG - Objective: 223790.7368
2016-07-20 20:31:58,258 - sarcos_all_joints - DEBUG - Objective: 223550.3896
2016-07-20 20:32:00,575 - sarcos_all_joints - INFO - Optimizing: hyp
2016-07-20 20:40:19,914 - sarcos_all_joints - DEBUG - Objective: 223616.4204
2016-07-20 20:48:22,888 - sarcos_all_joints - DEBUG - Objective: 222793.6895
2016-07-20 20:56:23,574 - sarcos_all_joints - DEBUG - Objective: 539179.1411
2016-07-20 21:03:52,473 - sarcos_all_joints - DEBUG - Objective: 231343.8550
2016-07-20 21:12:45,724 - sarcos_all_joints - DEBUG - Objective: 217705.3408
2016-07-20 21:20:22,119 - sarcos_all_joints - DEBUG - Objective: 216149.0381
2016-07-20 21:28:26,976 - sarcos_all_joints - DEBUG - Objective: 215140.2769
2016-07-20 21:40:19,833 - sarcos_all_joints - DEBUG - Objective: 214549.6235
2016-07-20 21:51:52,034 - sarcos_all_joints - DEBUG - Objective: 214541.0400
2016-07-20 22:03:58,277 - sarcos_all_joints - DEBUG - Objective: 214538.0684
2016-07-20 22:15:57,587 - sarcos_all_joints - DEBUG - Objective: 214589.0610
2016-07-20 22:26:16,259 - sarcos_all_joints - INFO - Optimizing: ll
2016-07-20 22:26:48,058 - sarcos_all_joints - DEBUG - Objective: 214522.2002
2016-07-20 22:27:20,393 - sarcos_all_joints - DEBUG - Objective: 245074.9336
2016-07-20 22:27:52,073 - sarcos_all_joints - DEBUG - Objective: 205515.9043
2016-07-20 22:28:24,250 - sarcos_all_joints - DEBUG - Objective: 205541.4277
2016-07-20 22:28:55,669 - sarcos_all_joints - DEBUG - Objective: 205515.6560
2016-07-20 22:29:26,961 - sarcos_all_joints - DEBUG - Objective: 205492.8723
2016-07-20 22:29:58,861 - sarcos_all_joints - DEBUG - Objective: 205473.8103
2016-07-20 22:30:35,556 - sarcos_all_joints - DEBUG - Objective: 205548.0063
2016-07-20 22:31:07,048 - sarcos_all_joints - DEBUG - Objective: 205551.5918
2016-07-20 22:31:38,481 - sarcos_all_joints - DEBUG - Objective: 205468.1274
2016-07-20 22:31:38,481 - sarcos_all_joints - DEBUG - Objective: 205468.1274
2016-07-20 22:31:40,579 - sarcos_all_joints - DEBUG - Objective difference: 45373.440918
2016-07-20 22:31:40,579 - sarcos_all_joints - INFO - Mean difference: 0.251358
2016-07-20 22:31:40,579 - sarcos_all_joints - INFO - Covariance difference: 0.001138
2016-07-20 22:31:40,580 - sarcos_all_joints - INFO - Iteration 4 started.
2016-07-20 22:31:40,580 - sarcos_all_joints - INFO - Optimizing: mog
2016-07-20 22:32:33,282 - sarcos_all_joints - DEBUG - Objective: 205550.0203
2016-07-20 22:33:21,590 - sarcos_all_joints - DEBUG - Objective: 204088.9045
2016-07-20 22:34:08,605 - sarcos_all_joints - DEBUG - Objective: 202650.6924
2016-07-20 22:34:56,522 - sarcos_all_joints - DEBUG - Objective: 202377.8066
2016-07-20 22:36:01,026 - sarcos_all_joints - DEBUG - Objective: 201929.1648
2016-07-20 22:36:51,948 - sarcos_all_joints - DEBUG - Objective: 201654.8474
2016-07-20 22:37:40,281 - sarcos_all_joints - DEBUG - Objective: 201416.0920
2016-07-20 22:38:32,536 - sarcos_all_joints - DEBUG - Objective: 201276.5801
2016-07-20 22:39:35,983 - sarcos_all_joints - DEBUG - Objective: 201148.6238
2016-07-20 22:40:43,266 - sarcos_all_joints - DEBUG - Objective: 200967.5188
2016-07-20 22:41:49,298 - sarcos_all_joints - DEBUG - Objective: 200793.9624
2016-07-20 22:43:00,577 - sarcos_all_joints - DEBUG - Objective: 200514.0496
2016-07-20 22:44:07,119 - sarcos_all_joints - DEBUG - Objective: 200366.2527
2016-07-20 22:45:02,805 - sarcos_all_joints - DEBUG - Objective: 200092.5107
2016-07-20 22:45:51,889 - sarcos_all_joints - DEBUG - Objective: 199877.5117
2016-07-20 22:46:51,135 - sarcos_all_joints - DEBUG - Objective: 199807.3042
2016-07-20 22:47:44,794 - sarcos_all_joints - DEBUG - Objective: 199330.9138
2016-07-20 22:48:31,798 - sarcos_all_joints - DEBUG - Objective: 199209.4705
2016-07-20 22:49:18,801 - sarcos_all_joints - DEBUG - Objective: 198912.1389
2016-07-20 22:50:25,000 - sarcos_all_joints - DEBUG - Objective: 198786.5452
2016-07-20 22:51:19,425 - sarcos_all_joints - DEBUG - Objective: 198607.2073
2016-07-20 22:52:23,692 - sarcos_all_joints - DEBUG - Objective: 198356.9854
2016-07-20 22:53:13,797 - sarcos_all_joints - DEBUG - Objective: 198064.8601
2016-07-20 22:54:21,963 - sarcos_all_joints - DEBUG - Objective: 197825.8184
2016-07-20 22:55:09,081 - sarcos_all_joints - DEBUG - Objective: 197613.2090
2016-07-20 22:56:12,381 - sarcos_all_joints - DEBUG - Objective: 197353.4727
2016-07-20 22:57:16,787 - sarcos_all_joints - DEBUG - Objective: 197071.3652
2016-07-20 22:58:10,012 - sarcos_all_joints - DEBUG - Objective: 196783.2788
2016-07-20 22:58:58,797 - sarcos_all_joints - DEBUG - Objective: 196500.5354
2016-07-20 22:59:48,104 - sarcos_all_joints - DEBUG - Objective: 196350.7549
2016-07-20 23:00:38,734 - sarcos_all_joints - DEBUG - Objective: 195961.1987
2016-07-20 23:01:32,781 - sarcos_all_joints - DEBUG - Objective: 195754.0291
2016-07-20 23:02:31,384 - sarcos_all_joints - DEBUG - Objective: 195482.9856
2016-07-20 23:03:20,808 - sarcos_all_joints - DEBUG - Objective: 195229.8450
2016-07-20 23:04:12,147 - sarcos_all_joints - DEBUG - Objective: 195071.7729
2016-07-20 23:05:00,711 - sarcos_all_joints - DEBUG - Objective: 194860.1711
2016-07-20 23:05:51,852 - sarcos_all_joints - DEBUG - Objective: 194608.1367
2016-07-20 23:06:41,329 - sarcos_all_joints - DEBUG - Objective: 194338.0325
2016-07-20 23:07:35,471 - sarcos_all_joints - DEBUG - Objective: 194099.8101
2016-07-20 23:08:26,100 - sarcos_all_joints - DEBUG - Objective: 193991.1643
2016-07-20 23:09:18,840 - sarcos_all_joints - DEBUG - Objective: 193837.0867
2016-07-20 23:10:06,196 - sarcos_all_joints - DEBUG - Objective: 193599.7812
2016-07-20 23:10:52,950 - sarcos_all_joints - DEBUG - Objective: 193297.9722
2016-07-20 23:11:40,604 - sarcos_all_joints - DEBUG - Objective: 193116.8257
2016-07-20 23:12:29,868 - sarcos_all_joints - DEBUG - Objective: 193061.6228
2016-07-20 23:13:22,856 - sarcos_all_joints - DEBUG - Objective: 192735.2546
2016-07-20 23:14:10,207 - sarcos_all_joints - DEBUG - Objective: 192542.7969
2016-07-20 23:14:57,914 - sarcos_all_joints - DEBUG - Objective: 192434.4778
2016-07-20 23:15:50,532 - sarcos_all_joints - DEBUG - Objective: 192334.1934
2016-07-20 23:16:38,239 - sarcos_all_joints - DEBUG - Objective: 192119.1392
2016-07-20 23:17:32,433 - sarcos_all_joints - DEBUG - Objective: 191994.6831
2016-07-20 23:17:34,881 - sarcos_all_joints - INFO - Optimizing: hyp
2016-07-20 23:26:32,153 - sarcos_all_joints - DEBUG - Objective: 192016.8997
2016-07-20 23:38:13,996 - sarcos_all_joints - DEBUG - Objective: 197770.2949
2016-07-20 23:50:12,123 - sarcos_all_joints - DEBUG - Objective: 191845.7720
2016-07-20 23:58:49,725 - sarcos_all_joints - DEBUG - Objective: 605435.4409
2016-07-21 00:10:57,256 - sarcos_all_joints - DEBUG - Objective: 202821.2268
2016-07-21 00:22:52,496 - sarcos_all_joints - DEBUG - Objective: 187512.2085
2016-07-21 00:33:33,929 - sarcos_all_joints - DEBUG - Objective: 187003.6375
2016-07-21 00:43:05,458 - sarcos_all_joints - DEBUG - Objective: 185771.2124
2016-07-21 00:51:35,638 - sarcos_all_joints - DEBUG - Objective: 185700.7939
2016-07-21 01:03:10,678 - sarcos_all_joints - DEBUG - Objective: 185645.3340
2016-07-21 01:14:51,083 - sarcos_all_joints - DEBUG - Objective: 185646.9458
2016-07-21 01:22:24,262 - sarcos_all_joints - INFO - Optimizing: ll
2016-07-21 01:22:55,416 - sarcos_all_joints - DEBUG - Objective: 185704.3169
2016-07-21 01:23:26,358 - sarcos_all_joints - DEBUG - Objective: 257872.5796
2016-07-21 01:23:57,568 - sarcos_all_joints - DEBUG - Objective: 183835.2458
2016-07-21 01:24:28,978 - sarcos_all_joints - DEBUG - Objective: 183799.6387
2016-07-21 01:25:05,956 - sarcos_all_joints - DEBUG - Objective: 183735.7109
2016-07-21 01:25:37,065 - sarcos_all_joints - DEBUG - Objective: 183698.6350
2016-07-21 01:26:08,676 - sarcos_all_joints - DEBUG - Objective: 183778.4568
2016-07-21 01:26:40,202 - sarcos_all_joints - DEBUG - Objective: 183749.5708
2016-07-21 01:27:11,148 - sarcos_all_joints - DEBUG - Objective: 183821.4004
2016-07-21 01:27:57,113 - sarcos_all_joints - DEBUG - Objective: 183784.3933
2016-07-21 01:27:57,114 - sarcos_all_joints - DEBUG - Objective: 183784.3933
2016-07-21 01:27:59,184 - sarcos_all_joints - DEBUG - Objective difference: 21683.734131
2016-07-21 01:27:59,184 - sarcos_all_joints - INFO - Mean difference: 0.164563
2016-07-21 01:27:59,184 - sarcos_all_joints - INFO - Covariance difference: 0.000749
2016-07-21 01:27:59,184 - sarcos_all_joints - INFO - Iteration 5 started.
2016-07-21 01:27:59,184 - sarcos_all_joints - INFO - Optimizing: mog
2016-07-21 01:28:56,440 - sarcos_all_joints - DEBUG - Objective: 183787.0806
2016-07-21 01:29:47,949 - sarcos_all_joints - DEBUG - Objective: 183992.9712
2016-07-21 01:30:35,773 - sarcos_all_joints - DEBUG - Objective: 182185.2957
2016-07-21 01:31:24,134 - sarcos_all_joints - DEBUG - Objective: 181569.4768
2016-07-21 01:32:12,960 - sarcos_all_joints - DEBUG - Objective: 181304.6003
2016-07-21 01:33:00,423 - sarcos_all_joints - DEBUG - Objective: 181080.8186
2016-07-21 01:33:47,705 - sarcos_all_joints - DEBUG - Objective: 180894.8394
2016-07-21 01:34:34,392 - sarcos_all_joints - DEBUG - Objective: 180677.2000
2016-07-21 01:35:22,390 - sarcos_all_joints - DEBUG - Objective: 180512.6436
2016-07-21 01:36:09,815 - sarcos_all_joints - DEBUG - Objective: 180296.7498
2016-07-21 01:36:58,662 - sarcos_all_joints - DEBUG - Objective: 180095.2783
2016-07-21 01:38:01,343 - sarcos_all_joints - DEBUG - Objective: 179998.9600
2016-07-21 01:39:04,149 - sarcos_all_joints - DEBUG - Objective: 179835.9927
2016-07-21 01:39:59,875 - sarcos_all_joints - DEBUG - Objective: 179736.0706
2016-07-21 01:41:01,814 - sarcos_all_joints - DEBUG - Objective: 179521.3010
2016-07-21 01:42:00,972 - sarcos_all_joints - DEBUG - Objective: 179335.9695
2016-07-21 01:42:48,780 - sarcos_all_joints - DEBUG - Objective: 179175.5251
2016-07-21 01:43:37,281 - sarcos_all_joints - DEBUG - Objective: 179035.3523
2016-07-21 01:44:26,366 - sarcos_all_joints - DEBUG - Objective: 178901.3904
2016-07-21 01:45:15,338 - sarcos_all_joints - DEBUG - Objective: 178663.1951
2016-07-21 01:46:04,240 - sarcos_all_joints - DEBUG - Objective: 178681.1567
2016-07-21 01:46:53,008 - sarcos_all_joints - DEBUG - Objective: 178705.9858
2016-07-21 01:47:54,226 - sarcos_all_joints - DEBUG - Objective: 178780.9297
2016-07-21 01:48:45,498 - sarcos_all_joints - DEBUG - Objective: 178753.6123
2016-07-21 01:49:37,670 - sarcos_all_joints - DEBUG - Objective: 178724.4766
2016-07-21 01:50:23,665 - sarcos_all_joints - DEBUG - Objective: 178771.9202
2016-07-21 01:51:08,300 - sarcos_all_joints - DEBUG - Objective: 178814.6482
2016-07-21 01:51:08,446 - sarcos_all_joints - DEBUG - Objective: 178814.6482
2016-07-21 01:51:08,640 - sarcos_all_joints - INFO - Optimizing: hyp
2016-07-21 01:59:03,772 - sarcos_all_joints - DEBUG - Objective: 178722.6423
2016-07-21 02:08:21,373 - sarcos_all_joints - DEBUG - Objective: 188573.6941
2016-07-21 02:16:32,768 - sarcos_all_joints - DEBUG - Objective: 178895.1711
2016-07-21 02:25:25,377 - sarcos_all_joints - DEBUG - Objective: 178670.9438
2016-07-21 02:35:39,327 - sarcos_all_joints - DEBUG - Objective: 178777.3723
2016-07-21 02:43:15,826 - sarcos_all_joints - DEBUG - Objective: 178691.2620
2016-07-21 02:50:55,676 - sarcos_all_joints - DEBUG - Objective: 178324.5518
2016-07-21 03:00:46,044 - sarcos_all_joints - DEBUG - Objective: 176237.2971
2016-07-21 03:10:15,126 - sarcos_all_joints - DEBUG - Objective: 176739.5652
2016-07-21 03:18:13,880 - sarcos_all_joints - DEBUG - Objective: 176277.6824
2016-07-21 03:25:58,344 - sarcos_all_joints - DEBUG - Objective: 176273.4893
2016-07-21 03:33:56,468 - sarcos_all_joints - INFO - Optimizing: ll
2016-07-21 03:34:28,221 - sarcos_all_joints - DEBUG - Objective: 176224.3618
2016-07-21 03:35:00,112 - sarcos_all_joints - DEBUG - Objective: 275890.7310
2016-07-21 03:35:46,127 - sarcos_all_joints - DEBUG - Objective: 176025.3916
2016-07-21 03:36:31,997 - sarcos_all_joints - DEBUG - Objective: 176056.8638
2016-07-21 03:37:18,103 - sarcos_all_joints - DEBUG - Objective: 176150.3306
2016-07-21 03:38:03,997 - sarcos_all_joints - DEBUG - Objective: 176104.4834
2016-07-21 03:38:47,203 - sarcos_all_joints - DEBUG - Objective: 176024.0308
2016-07-21 03:38:47,203 - sarcos_all_joints - DEBUG - Objective: 176024.0308
2016-07-21 03:39:18,512 - sarcos_all_joints - DEBUG - Objective: 176056.1763
2016-07-21 03:39:49,789 - sarcos_all_joints - DEBUG - Objective: 176055.2510
2016-07-21 03:39:49,789 - sarcos_all_joints - DEBUG - Objective: 176055.2510
2016-07-21 03:39:51,874 - sarcos_all_joints - DEBUG - Objective difference: 7729.142334
2016-07-21 03:39:51,874 - sarcos_all_joints - INFO - Mean difference: 0.033138
2016-07-21 03:39:51,874 - sarcos_all_joints - INFO - Covariance difference: 0.000259
2016-07-21 03:39:51,874 - sarcos_all_joints - INFO - Iteration 6 started.
2016-07-21 03:39:51,875 - sarcos_all_joints - INFO - Optimizing: mog
2016-07-21 03:40:44,535 - sarcos_all_joints - DEBUG - Objective: 176137.0789
2016-07-21 03:41:40,593 - sarcos_all_joints - DEBUG - Objective: 176590.6829
2016-07-21 03:42:37,558 - sarcos_all_joints - DEBUG - Objective: 174550.0469
2016-07-21 03:43:26,527 - sarcos_all_joints - DEBUG - Objective: 174109.9778
2016-07-21 03:44:15,910 - sarcos_all_joints - DEBUG - Objective: 173919.3730
2016-07-21 03:45:05,375 - sarcos_all_joints - DEBUG - Objective: 173731.1128
2016-07-21 03:45:53,717 - sarcos_all_joints - DEBUG - Objective: 173652.5320
2016-07-21 03:46:40,539 - sarcos_all_joints - DEBUG - Objective: 173603.4329
2016-07-21 03:47:36,130 - sarcos_all_joints - DEBUG - Objective: 173488.9937
2016-07-21 03:48:23,336 - sarcos_all_joints - DEBUG - Objective: 173432.9495
2016-07-21 03:49:22,502 - sarcos_all_joints - DEBUG - Objective: 173391.6914
2016-07-21 03:50:10,031 - sarcos_all_joints - DEBUG - Objective: 173304.3645
2016-07-21 03:51:14,230 - sarcos_all_joints - DEBUG - Objective: 173235.8186
2016-07-21 03:52:00,750 - sarcos_all_joints - DEBUG - Objective: 173145.8447
2016-07-21 03:52:48,703 - sarcos_all_joints - DEBUG - Objective: 173040.1230
2016-07-21 03:53:54,040 - sarcos_all_joints - DEBUG - Objective: 172943.9890
2016-07-21 03:54:50,114 - sarcos_all_joints - DEBUG - Objective: 172787.7729
2016-07-21 03:55:39,092 - sarcos_all_joints - DEBUG - Objective: 172604.4141
2016-07-21 03:56:27,667 - sarcos_all_joints - DEBUG - Objective: 172415.7454
2016-07-21 03:57:15,447 - sarcos_all_joints - DEBUG - Objective: 172151.6213
2016-07-21 03:58:10,158 - sarcos_all_joints - DEBUG - Objective: 171891.2913
2016-07-21 03:58:57,535 - sarcos_all_joints - DEBUG - Objective: 171531.0859
2016-07-21 04:00:02,693 - sarcos_all_joints - DEBUG - Objective: 171355.9209
2016-07-21 04:00:50,129 - sarcos_all_joints - DEBUG - Objective: 171091.8867
2016-07-21 04:01:36,955 - sarcos_all_joints - DEBUG - Objective: 170857.0630
2016-07-21 04:02:41,531 - sarcos_all_joints - DEBUG - Objective: 170563.4407
2016-07-21 04:03:28,683 - sarcos_all_joints - DEBUG - Objective: 170374.0271
2016-07-21 04:04:33,107 - sarcos_all_joints - DEBUG - Objective: 170033.3074
2016-07-21 04:05:21,292 - sarcos_all_joints - DEBUG - Objective: 169816.9641
2016-07-21 04:06:08,761 - sarcos_all_joints - DEBUG - Objective: 169520.0005
2016-07-21 04:06:57,293 - sarcos_all_joints - DEBUG - Objective: 169273.3284
2016-07-21 04:07:45,041 - sarcos_all_joints - DEBUG - Objective: 169106.9343
2016-07-21 04:08:35,222 - sarcos_all_joints - DEBUG - Objective: 168971.3452
2016-07-21 04:09:23,745 - sarcos_all_joints - DEBUG - Objective: 168771.8472
2016-07-21 04:10:15,746 - sarcos_all_joints - DEBUG - Objective: 168551.6589
2016-07-21 04:11:18,552 - sarcos_all_joints - DEBUG - Objective: 168445.0662
2016-07-21 04:12:22,048 - sarcos_all_joints - DEBUG - Objective: 168267.9204
2016-07-21 04:13:10,390 - sarcos_all_joints - DEBUG - Objective: 168137.8955
2016-07-21 04:13:59,083 - sarcos_all_joints - DEBUG - Objective: 168045.3826
2016-07-21 04:14:47,860 - sarcos_all_joints - DEBUG - Objective: 167893.4685
2016-07-21 04:15:36,238 - sarcos_all_joints - DEBUG - Objective: 167738.0840
2016-07-21 04:16:39,787 - sarcos_all_joints - DEBUG - Objective: 167616.2290
2016-07-21 04:17:29,468 - sarcos_all_joints - DEBUG - Objective: 167439.3477
2016-07-21 04:18:19,101 - sarcos_all_joints - DEBUG - Objective: 167341.0779
2016-07-21 04:19:08,665 - sarcos_all_joints - DEBUG - Objective: 167225.0491
2016-07-21 04:19:59,129 - sarcos_all_joints - DEBUG - Objective: 167122.8169
2016-07-21 04:20:45,812 - sarcos_all_joints - DEBUG - Objective: 167019.6709
2016-07-21 04:21:50,672 - sarcos_all_joints - DEBUG - Objective: 166872.0967
2016-07-21 04:22:39,491 - sarcos_all_joints - DEBUG - Objective: 166790.2856
2016-07-21 04:23:27,734 - sarcos_all_joints - DEBUG - Objective: 166638.1692
2016-07-21 04:24:15,863 - sarcos_all_joints - DEBUG - Objective: 166499.0022
2016-07-21 04:24:18,083 - sarcos_all_joints - INFO - Optimizing: hyp
2016-07-21 04:31:59,729 - sarcos_all_joints - DEBUG - Objective: 166531.4751
2016-07-21 04:41:35,620 - sarcos_all_joints - DEBUG - Objective: 176576.5093
2016-07-21 04:53:15,288 - sarcos_all_joints - DEBUG - Objective: 166678.9067
2016-07-21 05:01:05,076 - sarcos_all_joints - DEBUG - Objective: 166521.7068
2016-07-21 05:13:28,898 - sarcos_all_joints - DEBUG - Objective: 166628.5566
2016-07-21 05:25:49,322 - sarcos_all_joints - DEBUG - Objective: 166518.6931
2016-07-21 05:33:48,488 - sarcos_all_joints - DEBUG - Objective: 166695.0676
2016-07-21 05:41:53,626 - sarcos_all_joints - DEBUG - Objective: 166529.5713
2016-07-21 05:50:12,808 - sarcos_all_joints - DEBUG - Objective: 166564.8220
2016-07-21 05:50:12,808 - sarcos_all_joints - INFO - Optimizing: ll
2016-07-21 05:50:51,342 - sarcos_all_joints - DEBUG - Objective: 166543.0117
2016-07-21 05:51:37,142 - sarcos_all_joints - DEBUG - Objective: 265564.8542
2016-07-21 05:52:08,210 - sarcos_all_joints - DEBUG - Objective: 166333.2244
2016-07-21 05:52:39,391 - sarcos_all_joints - DEBUG - Objective: 166409.2151
2016-07-21 05:53:10,056 - sarcos_all_joints - DEBUG - Objective: 166381.3750
2016-07-21 05:53:57,826 - sarcos_all_joints - DEBUG - Objective: 166427.3530
2016-07-21 05:54:44,167 - sarcos_all_joints - DEBUG - Objective: 166335.7407
2016-07-21 05:54:44,168 - sarcos_all_joints - DEBUG - Objective: 166335.7407
2016-07-21 05:54:44,168 - sarcos_all_joints - DEBUG - Objective: 166335.7407
2016-07-21 05:54:46,232 - sarcos_all_joints - DEBUG - Objective difference: 9719.510254
2016-07-21 05:54:46,233 - sarcos_all_joints - INFO - Mean difference: 0.099116
2016-07-21 05:54:46,233 - sarcos_all_joints - INFO - Covariance difference: 0.000449
2016-07-21 05:54:46,233 - sarcos_all_joints - INFO - Iteration 7 started.
2016-07-21 05:54:46,233 - sarcos_all_joints - INFO - Optimizing: mog
2016-07-21 05:55:38,557 - sarcos_all_joints - DEBUG - Objective: 166395.4529
2016-07-21 05:56:26,563 - sarcos_all_joints - DEBUG - Objective: 167741.2126
2016-07-21 05:57:15,704 - sarcos_all_joints - DEBUG - Objective: 166243.0845
2016-07-21 05:58:05,202 - sarcos_all_joints - DEBUG - Objective: 166206.2937
2016-07-21 05:58:52,963 - sarcos_all_joints - DEBUG - Objective: 166163.5442
2016-07-21 06:00:00,322 - sarcos_all_joints - DEBUG - Objective: 166211.2170
2016-07-21 06:00:51,010 - sarcos_all_joints - DEBUG - Objective: 166164.2314
2016-07-21 06:01:52,106 - sarcos_all_joints - DEBUG - Objective: 166128.0674
2016-07-21 06:02:58,629 - sarcos_all_joints - DEBUG - Objective: 166119.0454
2016-07-21 06:04:00,673 - sarcos_all_joints - DEBUG - Objective: 166071.5654
2016-07-21 06:05:08,291 - sarcos_all_joints - DEBUG - Objective: 166105.7241
2016-07-21 06:05:58,307 - sarcos_all_joints - DEBUG - Objective: 166129.1692
2016-07-21 06:07:00,535 - sarcos_all_joints - DEBUG - Objective: 166134.8579
2016-07-21 06:07:58,878 - sarcos_all_joints - DEBUG - Objective: 166071.9446
2016-07-21 06:08:45,848 - sarcos_all_joints - DEBUG - Objective: 166117.1289
2016-07-21 06:09:33,414 - sarcos_all_joints - DEBUG - Objective: 166146.4377
2016-07-21 06:10:34,629 - sarcos_all_joints - DEBUG - Objective: 166141.0803
2016-07-21 06:10:34,818 - sarcos_all_joints - INFO - Optimizing: hyp
2016-07-21 06:22:35,946 - sarcos_all_joints - DEBUG - Objective: 166191.3276
2016-07-21 06:34:28,623 - sarcos_all_joints - DEBUG - Objective: 176708.1790
2016-07-21 06:42:14,994 - sarcos_all_joints - DEBUG - Objective: 166239.1592
2016-07-21 06:50:20,385 - sarcos_all_joints - DEBUG - Objective: 166137.6660
2016-07-21 06:58:12,804 - sarcos_all_joints - DEBUG - Objective: 166170.5403
2016-07-21 07:05:44,252 - sarcos_all_joints - DEBUG - Objective: 166183.4087
2016-07-21 07:13:40,581 - sarcos_all_joints - DEBUG - Objective: 165872.5942
2016-07-21 07:21:33,304 - sarcos_all_joints - DEBUG - Objective: 164782.8276
2016-07-21 07:29:42,284 - sarcos_all_joints - DEBUG - Objective: 164374.3914
2016-07-21 07:40:23,712 - sarcos_all_joints - DEBUG - Objective: 163634.0251
2016-07-21 07:48:22,765 - sarcos_all_joints - DEBUG - Objective: 163651.5464
2016-07-21 07:56:20,859 - sarcos_all_joints - INFO - Optimizing: ll
2016-07-21 07:56:52,537 - sarcos_all_joints - DEBUG - Objective: 163589.2361
2016-07-21 07:57:23,824 - sarcos_all_joints - DEBUG - Objective: 263027.3606
2016-07-21 07:58:09,757 - sarcos_all_joints - DEBUG - Objective: 163472.8823
2016-07-21 07:58:55,941 - sarcos_all_joints - DEBUG - Objective: 163507.6313
2016-07-21 07:59:42,216 - sarcos_all_joints - DEBUG - Objective: 163378.2012
2016-07-21 08:00:28,278 - sarcos_all_joints - DEBUG - Objective: 163432.2458
2016-07-21 08:00:59,543 - sarcos_all_joints - DEBUG - Objective: 163500.2317
2016-07-21 08:01:30,991 - sarcos_all_joints - DEBUG - Objective: 163512.6489
2016-07-21 08:01:33,089 - sarcos_all_joints - DEBUG - Objective difference: 2823.091797
2016-07-21 08:01:33,089 - sarcos_all_joints - INFO - Mean difference: 0.002750
2016-07-21 08:01:33,089 - sarcos_all_joints - INFO - Covariance difference: 0.000029
2016-07-21 08:01:33,089 - sarcos_all_joints - INFO - Iteration 8 started.
2016-07-21 08:01:33,089 - sarcos_all_joints - INFO - Optimizing: mog
2016-07-21 08:02:24,625 - sarcos_all_joints - DEBUG - Objective: 163481.8945
2016-07-21 08:03:10,617 - sarcos_all_joints - DEBUG - Objective: 167251.1355
2016-07-21 08:04:08,041 - sarcos_all_joints - DEBUG - Objective: 162880.7373
2016-07-21 08:04:53,856 - sarcos_all_joints - DEBUG - Objective: 162690.6809
2016-07-21 08:05:40,410 - sarcos_all_joints - DEBUG - Objective: 162500.7024
2016-07-21 08:06:27,813 - sarcos_all_joints - DEBUG - Objective: 162432.7500
2016-07-21 08:07:19,240 - sarcos_all_joints - DEBUG - Objective: 162371.2302
2016-07-21 08:08:20,553 - sarcos_all_joints - DEBUG - Objective: 162316.0525
2016-07-21 08:09:10,482 - sarcos_all_joints - DEBUG - Objective: 162246.9724
2016-07-21 08:09:57,193 - sarcos_all_joints - DEBUG - Objective: 162069.2966
2016-07-21 08:10:43,055 - sarcos_all_joints - DEBUG - Objective: 162087.9238
2016-07-21 08:11:28,710 - sarcos_all_joints - DEBUG - Objective: 162141.8210
2016-07-21 08:12:29,256 - sarcos_all_joints - DEBUG - Objective: 162108.6938
2016-07-21 08:13:15,418 - sarcos_all_joints - DEBUG - Objective: 162106.4858
2016-07-21 08:14:19,417 - sarcos_all_joints - DEBUG - Objective: 162168.6521
2016-07-21 08:15:05,651 - sarcos_all_joints - DEBUG - Objective: 162126.2922
2016-07-21 08:16:07,324 - sarcos_all_joints - DEBUG - Objective: 162127.2710
2016-07-21 08:16:07,448 - sarcos_all_joints - DEBUG - Objective: 162127.2710
2016-07-21 08:16:07,626 - sarcos_all_joints - INFO - Optimizing: hyp
2016-07-21 08:23:45,490 - sarcos_all_joints - DEBUG - Objective: 162106.7605
2016-07-21 08:31:24,997 - sarcos_all_joints - DEBUG - Objective: 174326.3586
2016-07-21 08:43:27,694 - sarcos_all_joints - DEBUG - Objective: 162220.7151
2016-07-21 08:51:12,791 - sarcos_all_joints - DEBUG - Objective: 162141.0303
2016-07-21 08:59:05,893 - sarcos_all_joints - DEBUG - Objective: 162136.2485
2016-07-21 09:09:38,249 - sarcos_all_joints - DEBUG - Objective: 162125.8723
2016-07-21 09:18:01,430 - sarcos_all_joints - DEBUG - Objective: 162095.3640
2016-07-21 09:18:01,430 - sarcos_all_joints - DEBUG - Objective: 162095.3640
2016-07-21 09:25:57,749 - sarcos_all_joints - DEBUG - Objective: 162158.5835
2016-07-21 09:38:02,642 - sarcos_all_joints - DEBUG - Objective: 162114.9148
2016-07-21 09:38:02,643 - sarcos_all_joints - DEBUG - Objective: 162114.9148
2016-07-21 09:38:02,643 - sarcos_all_joints - INFO - Optimizing: ll
2016-07-21 09:38:33,945 - sarcos_all_joints - DEBUG - Objective: 162214.7322
2016-07-21 09:39:18,995 - sarcos_all_joints - DEBUG - Objective: 272988.8682
2016-07-21 09:40:04,693 - sarcos_all_joints - DEBUG - Objective: 162135.4495
2016-07-21 09:40:50,716 - sarcos_all_joints - DEBUG - Objective: 162128.9543
2016-07-21 09:41:36,612 - sarcos_all_joints - DEBUG - Objective: 162099.6030
2016-07-21 09:42:22,189 - sarcos_all_joints - DEBUG - Objective: 162162.1980
2016-07-21 09:43:07,196 - sarcos_all_joints - DEBUG - Objective: 162150.4849
2016-07-21 09:43:38,098 - sarcos_all_joints - DEBUG - Objective: 162074.2356
2016-07-21 09:44:09,392 - sarcos_all_joints - DEBUG - Objective: 162104.2163
2016-07-21 09:44:55,069 - sarcos_all_joints - DEBUG - Objective: 162127.6943
2016-07-21 09:45:25,992 - sarcos_all_joints - DEBUG - Objective: 162129.8777
2016-07-21 09:45:27,965 - sarcos_all_joints - DEBUG - Objective difference: 1382.771240
2016-07-21 09:45:27,966 - sarcos_all_joints - INFO - Mean difference: 0.005789
2016-07-21 09:45:27,966 - sarcos_all_joints - INFO - Covariance difference: 0.000043
2016-07-21 09:45:27,966 - sarcos_all_joints - INFO - Iteration 9 started.
2016-07-21 09:45:27,966 - sarcos_all_joints - INFO - Optimizing: mog
2016-07-21 09:46:29,505 - sarcos_all_joints - DEBUG - Objective: 162160.9407
2016-07-21 09:47:15,936 - sarcos_all_joints - DEBUG - Objective: 165565.7932
2016-07-21 09:48:18,824 - sarcos_all_joints - DEBUG - Objective: 162063.7043
2016-07-21 09:49:24,235 - sarcos_all_joints - DEBUG - Objective: 162072.4219
2016-07-21 09:50:25,865 - sarcos_all_joints - DEBUG - Objective: 162160.6914
2016-07-21 09:51:27,167 - sarcos_all_joints - DEBUG - Objective: 162043.0989
2016-07-21 09:52:15,664 - sarcos_all_joints - DEBUG - Objective: 162081.0923
2016-07-21 09:53:18,201 - sarcos_all_joints - DEBUG - Objective: 162134.9431
2016-07-21 09:54:06,252 - sarcos_all_joints - DEBUG - Objective: 162022.3552
2016-07-21 09:55:06,073 - sarcos_all_joints - DEBUG - Objective: 162047.8276
2016-07-21 09:55:54,908 - sarcos_all_joints - DEBUG - Objective: 162006.5083
2016-07-21 09:56:58,936 - sarcos_all_joints - DEBUG - Objective: 162086.5601
2016-07-21 09:57:46,537 - sarcos_all_joints - DEBUG - Objective: 161992.1936
2016-07-21 09:58:32,857 - sarcos_all_joints - DEBUG - Objective: 162095.3840
2016-07-21 09:59:19,194 - sarcos_all_joints - DEBUG - Objective: 162049.0693
2016-07-21 09:59:19,375 - sarcos_all_joints - INFO - Optimizing: hyp
2016-07-21 10:07:17,563 - sarcos_all_joints - DEBUG - Objective: 162093.0017
2016-07-21 10:18:48,916 - sarcos_all_joints - DEBUG - Objective: 174293.2510
2016-07-21 10:26:47,491 - sarcos_all_joints - DEBUG - Objective: 162230.9519
2016-07-21 10:37:01,422 - sarcos_all_joints - DEBUG - Objective: 162080.8313
2016-07-21 10:44:53,883 - sarcos_all_joints - DEBUG - Objective: 162135.7771
2016-07-21 10:52:46,207 - sarcos_all_joints - DEBUG - Objective: 162154.7075
2016-07-21 11:00:39,325 - sarcos_all_joints - DEBUG - Objective: 162074.1924
2016-07-21 11:08:08,625 - sarcos_all_joints - DEBUG - Objective: 164994.5217
2016-07-21 11:20:03,799 - sarcos_all_joints - DEBUG - Objective: 162131.0630
2016-07-21 11:27:44,042 - sarcos_all_joints - DEBUG - Objective: 162065.0547
2016-07-21 11:35:15,897 - sarcos_all_joints - DEBUG - Objective: 162145.1018
2016-07-21 11:43:57,488 - sarcos_all_joints - INFO - Optimizing: ll
2016-07-21 11:44:46,022 - sarcos_all_joints - DEBUG - Objective: 162125.5950
2016-07-21 11:45:29,686 - sarcos_all_joints - DEBUG - Objective: 273937.4966
2016-07-21 11:46:15,597 - sarcos_all_joints - DEBUG - Objective: 162161.1387
2016-07-21 11:47:01,244 - sarcos_all_joints - DEBUG - Objective: 162098.0471
2016-07-21 11:47:47,121 - sarcos_all_joints - DEBUG - Objective: 162117.2129
2016-07-21 11:48:18,538 - sarcos_all_joints - DEBUG - Objective: 162096.8523
2016-07-21 11:48:18,539 - sarcos_all_joints - DEBUG - Objective: 162096.8523
2016-07-21 11:48:50,835 - sarcos_all_joints - DEBUG - Objective: 162121.2515
2016-07-21 11:49:21,844 - sarcos_all_joints - DEBUG - Objective: 162051.5132
2016-07-21 11:49:21,845 - sarcos_all_joints - DEBUG - Objective: 162051.5132
2016-07-21 11:49:52,809 - sarcos_all_joints - DEBUG - Objective: 162045.5134
2016-07-21 11:49:54,765 - sarcos_all_joints - DEBUG - Objective difference: 84.364258
2016-07-21 11:49:54,765 - sarcos_all_joints - INFO - Mean difference: 0.000526
2016-07-21 11:49:54,765 - sarcos_all_joints - INFO - Covariance difference: 0.000005
2016-07-21 11:49:54,766 - sarcos_all_joints - DEBUG - prediction started...
2016-07-21 11:51:14,149 - sarcos_all_joints - DEBUG - prediction finished
