2016-07-14 18:19:08,651 - usps - INFO - experiment started for:{'run_id': 4, 'max_iter': 300, 'optimization_config': {'hyp': 25, 'mog': 25}, 'xtol': 1e-07, 'git_hash': '56b400bf485c09994800ecf66753736a8f1efd98', 'model_init': None, 'ftol': 1e-05, 'latent_noise:': 0.001, 'sparsity_factor': 0.5, 'll': 'SoftmaxLL', 'sample_num': 2000, 'experiment': 'usps', 'git_branch': 'master', 'random_Z': True, 'method': 'full'}
2016-07-14 18:19:09,162 - usps - INFO - Iteration 1 started.
2016-07-14 18:19:09,162 - usps - INFO - Optimizing: mog
2016-07-14 18:19:09,940 - usps - DEBUG - Objective: 3001.8071
2016-07-14 18:19:11,448 - usps - DEBUG - Objective: 2963.0699
2016-07-14 18:19:12,954 - usps - DEBUG - Objective: 2635.5469
2016-07-14 18:19:14,476 - usps - DEBUG - Objective: 2284.6233
2016-07-14 18:19:15,734 - usps - DEBUG - Objective: 2328.1207
2016-07-14 18:19:17,227 - usps - DEBUG - Objective: 2216.7648
2016-07-14 18:19:18,752 - usps - DEBUG - Objective: 2165.0660
2016-07-14 18:19:20,273 - usps - DEBUG - Objective: 2085.2606
2016-07-14 18:19:21,795 - usps - DEBUG - Objective: 2061.2920
2016-07-14 18:19:23,071 - usps - DEBUG - Objective: 2067.6007
2016-07-14 18:19:24,554 - usps - DEBUG - Objective: 2052.7374
2016-07-14 18:19:26,095 - usps - DEBUG - Objective: 2045.4165
2016-07-14 18:19:27,645 - usps - DEBUG - Objective: 2038.7676
2016-07-14 18:19:29,197 - usps - DEBUG - Objective: 2033.3812
2016-07-14 18:19:30,748 - usps - DEBUG - Objective: 2025.4107
2016-07-14 18:19:32,043 - usps - DEBUG - Objective: 2026.4139
2016-07-14 18:19:33,527 - usps - DEBUG - Objective: 2022.7428
2016-07-14 18:19:35,061 - usps - DEBUG - Objective: 2020.4718
2016-07-14 18:19:36,610 - usps - DEBUG - Objective: 2018.9699
2016-07-14 18:19:38,158 - usps - DEBUG - Objective: 2015.5809
2016-07-14 18:19:39,717 - usps - DEBUG - Objective: 2013.2274
2016-07-14 18:19:41,264 - usps - DEBUG - Objective: 2012.4218
2016-07-14 18:19:42,819 - usps - DEBUG - Objective: 2010.2248
2016-07-14 18:19:44,372 - usps - DEBUG - Objective: 2010.4344
2016-07-14 18:19:45,601 - usps - DEBUG - Objective: 2010.8309
2016-07-14 18:19:46,831 - usps - DEBUG - Objective: 2010.7679
2016-07-14 18:19:47,822 - usps - INFO - Optimizing: hyp
2016-07-14 18:19:50,244 - usps - DEBUG - Objective: 2009.7444
2016-07-14 18:19:52,683 - usps - DEBUG - Objective: 2579.2676
2016-07-14 18:19:55,612 - usps - DEBUG - Objective: 1911.9241
2016-07-14 18:19:58,561 - usps - DEBUG - Objective: 1895.1087
2016-07-14 18:20:01,386 - usps - DEBUG - Objective: 1883.1465
2016-07-14 18:20:03,873 - usps - DEBUG - Objective: 1886.7802
2016-07-14 18:20:06,609 - usps - DEBUG - Objective: 1877.8968
2016-07-14 18:20:09,276 - usps - DEBUG - Objective: 1875.6217
2016-07-14 18:20:11,712 - usps - DEBUG - Objective: 1875.4572
2016-07-14 18:20:14,374 - usps - DEBUG - Objective: 1874.8779
2016-07-14 18:20:16,807 - usps - DEBUG - Objective: 1876.5832
2016-07-14 18:20:19,232 - usps - DEBUG - Objective: 1876.7570
2016-07-14 18:20:21,644 - usps - DEBUG - Objective: 1876.5333
2016-07-14 18:20:22,095 - usps - DEBUG - Objective: 1876.1523
2016-07-14 18:20:24,559 - usps - INFO - Iteration 2 started.
2016-07-14 18:20:24,559 - usps - INFO - Optimizing: mog
2016-07-14 18:20:25,655 - usps - DEBUG - Objective: 1876.1600
2016-07-14 18:20:26,990 - usps - DEBUG - Objective: 1859.5657
2016-07-14 18:20:28,327 - usps - DEBUG - Objective: 1828.3776
2016-07-14 18:20:29,666 - usps - DEBUG - Objective: 1814.4073
2016-07-14 18:20:31,007 - usps - DEBUG - Objective: 1810.9682
2016-07-14 18:20:32,343 - usps - DEBUG - Objective: 1807.7471
2016-07-14 18:20:33,694 - usps - DEBUG - Objective: 1800.4383
2016-07-14 18:20:35,047 - usps - DEBUG - Objective: 1793.1500
2016-07-14 18:20:36,477 - usps - DEBUG - Objective: 1792.0703
2016-07-14 18:20:37,854 - usps - DEBUG - Objective: 1781.7551
2016-07-14 18:20:39,229 - usps - DEBUG - Objective: 1779.6263
2016-07-14 18:20:40,602 - usps - DEBUG - Objective: 1777.9183
2016-07-14 18:20:41,982 - usps - DEBUG - Objective: 1775.4059
2016-07-14 18:20:43,130 - usps - DEBUG - Objective: 1775.5877
2016-07-14 18:20:44,428 - usps - DEBUG - Objective: 1774.7592
2016-07-14 18:20:45,806 - usps - DEBUG - Objective: 1773.1562
2016-07-14 18:20:47,172 - usps - DEBUG - Objective: 1772.8052
2016-07-14 18:20:48,550 - usps - DEBUG - Objective: 1771.6103
2016-07-14 18:20:49,925 - usps - DEBUG - Objective: 1771.8643
2016-07-14 18:20:51,011 - usps - DEBUG - Objective: 1771.4005
2016-07-14 18:20:52,392 - usps - DEBUG - Objective: 1771.1330
2016-07-14 18:20:53,472 - usps - DEBUG - Objective: 1771.7321
2016-07-14 18:20:54,562 - usps - DEBUG - Objective: 1772.2805
2016-07-14 18:20:55,697 - usps - DEBUG - Objective: 1771.4326
2016-07-14 18:20:56,774 - usps - DEBUG - Objective: 1772.3170
2016-07-14 18:20:58,089 - usps - DEBUG - Objective: 1771.4925
2016-07-14 18:20:58,342 - usps - INFO - Optimizing: hyp
2016-07-14 18:21:00,484 - usps - DEBUG - Objective: 1771.3466
2016-07-14 18:21:02,697 - usps - DEBUG - Objective: 3292.8714
2016-07-14 18:21:05,265 - usps - DEBUG - Objective: 1712.2289
2016-07-14 18:21:07,800 - usps - DEBUG - Objective: 1704.7645
2016-07-14 18:21:10,367 - usps - DEBUG - Objective: 1699.7415
2016-07-14 18:21:12,914 - usps - DEBUG - Objective: 1689.0139
2016-07-14 18:21:15,360 - usps - DEBUG - Objective: 1689.1844
2016-07-14 18:21:17,692 - usps - DEBUG - Objective: 1689.0743
2016-07-14 18:21:20,229 - usps - DEBUG - Objective: 1687.6984
2016-07-14 18:21:22,770 - usps - DEBUG - Objective: 1688.6960
2016-07-14 18:21:25,103 - usps - DEBUG - Objective: 1688.8463
2016-07-14 18:21:27,429 - usps - DEBUG - Objective: 1688.3261
2016-07-14 18:21:29,739 - usps - DEBUG - Objective: 1688.4853
2016-07-14 18:21:32,066 - usps - DEBUG - Objective: 1688.8919
2016-07-14 18:21:34,718 - usps - DEBUG - Objective difference: 187.798340
2016-07-14 18:21:34,718 - usps - INFO - Mean difference: 0.286519
2016-07-14 18:21:34,718 - usps - INFO - Covariance difference: 0.003102
2016-07-14 18:21:34,718 - usps - INFO - Iteration 3 started.
2016-07-14 18:21:34,718 - usps - INFO - Optimizing: mog
2016-07-14 18:21:35,786 - usps - DEBUG - Objective: 1688.3565
2016-07-14 18:21:37,055 - usps - DEBUG - Objective: 1675.8018
2016-07-14 18:21:38,339 - usps - DEBUG - Objective: 1664.3452
2016-07-14 18:21:39,614 - usps - DEBUG - Objective: 1651.1078
2016-07-14 18:21:40,905 - usps - DEBUG - Objective: 1648.2260
2016-07-14 18:21:42,206 - usps - DEBUG - Objective: 1644.2460
2016-07-14 18:21:43,511 - usps - DEBUG - Objective: 1640.4046
2016-07-14 18:21:44,824 - usps - DEBUG - Objective: 1639.3067
2016-07-14 18:21:46,138 - usps - DEBUG - Objective: 1637.4134
2016-07-14 18:21:47,460 - usps - DEBUG - Objective: 1634.7392
2016-07-14 18:21:48,788 - usps - DEBUG - Objective: 1630.1055
2016-07-14 18:21:49,900 - usps - DEBUG - Objective: 1633.1420
2016-07-14 18:21:51,170 - usps - DEBUG - Objective: 1627.7500
2016-07-14 18:21:52,500 - usps - DEBUG - Objective: 1625.9910
2016-07-14 18:21:53,963 - usps - DEBUG - Objective: 1624.4962
2016-07-14 18:21:55,295 - usps - DEBUG - Objective: 1622.2924
2016-07-14 18:21:56,409 - usps - DEBUG - Objective: 1623.6119
2016-07-14 18:21:57,674 - usps - DEBUG - Objective: 1620.7536
2016-07-14 18:21:59,005 - usps - DEBUG - Objective: 1619.7769
2016-07-14 18:22:00,340 - usps - DEBUG - Objective: 1619.1746
2016-07-14 18:22:01,674 - usps - DEBUG - Objective: 1617.6522
2016-07-14 18:22:03,011 - usps - DEBUG - Objective: 1617.9479
2016-07-14 18:22:04,280 - usps - DEBUG - Objective: 1617.3944
2016-07-14 18:22:05,613 - usps - DEBUG - Objective: 1616.1050
2016-07-14 18:22:06,729 - usps - DEBUG - Objective: 1616.0932
2016-07-14 18:22:08,059 - usps - DEBUG - Objective: 1615.4504
2016-07-14 18:22:08,367 - usps - INFO - Optimizing: hyp
2016-07-14 18:22:10,429 - usps - DEBUG - Objective: 1615.6163
2016-07-14 18:22:12,600 - usps - DEBUG - Objective: 3614.3253
2016-07-14 18:22:15,109 - usps - DEBUG - Objective: 1578.2349
2016-07-14 18:22:17,592 - usps - DEBUG - Objective: 1573.5369
2016-07-14 18:22:20,051 - usps - DEBUG - Objective: 1569.6360
2016-07-14 18:22:22,281 - usps - DEBUG - Objective: 1573.5431
2016-07-14 18:22:24,520 - usps - DEBUG - Objective: 1570.7928
2016-07-14 18:22:27,013 - usps - DEBUG - Objective: 1559.6270
2016-07-14 18:22:29,569 - usps - DEBUG - Objective: 1559.3488
2016-07-14 18:22:32,139 - usps - DEBUG - Objective: 1559.2557
2016-07-14 18:22:34,509 - usps - DEBUG - Objective: 1559.2444
2016-07-14 18:22:36,858 - usps - DEBUG - Objective: 1558.7540
2016-07-14 18:22:39,428 - usps - DEBUG - Objective: 1559.4051
2016-07-14 18:22:41,770 - usps - DEBUG - Objective: 1559.6933
2016-07-14 18:22:44,119 - usps - DEBUG - Objective: 1558.8950
2016-07-14 18:22:46,463 - usps - DEBUG - Objective: 1559.2248
2016-07-14 18:22:48,823 - usps - DEBUG - Objective: 1558.7760
2016-07-14 18:22:51,165 - usps - DEBUG - Objective: 1559.1707
2016-07-14 18:22:51,598 - usps - DEBUG - Objective: 1558.9186
2016-07-14 18:22:52,030 - usps - DEBUG - Objective: 1558.4801
2016-07-14 18:22:52,485 - usps - DEBUG - Objective difference: 130.406433
2016-07-14 18:22:52,485 - usps - INFO - Mean difference: 0.281163
2016-07-14 18:22:52,485 - usps - INFO - Covariance difference: 0.003845
2016-07-14 18:22:52,485 - usps - INFO - Iteration 4 started.
2016-07-14 18:22:52,485 - usps - INFO - Optimizing: mog
2016-07-14 18:22:53,562 - usps - DEBUG - Objective: 1559.0722
2016-07-14 18:22:54,663 - usps - DEBUG - Objective: 1566.3856
2016-07-14 18:22:55,972 - usps - DEBUG - Objective: 1555.7580
2016-07-14 18:22:57,297 - usps - DEBUG - Objective: 1552.5533
2016-07-14 18:22:58,624 - usps - DEBUG - Objective: 1536.8174
2016-07-14 18:22:59,953 - usps - DEBUG - Objective: 1533.3644
2016-07-14 18:23:01,288 - usps - DEBUG - Objective: 1529.3493
2016-07-14 18:23:02,623 - usps - DEBUG - Objective: 1527.8710
2016-07-14 18:23:03,962 - usps - DEBUG - Objective: 1526.0728
2016-07-14 18:23:05,086 - usps - DEBUG - Objective: 1525.7932
2016-07-14 18:23:06,439 - usps - DEBUG - Objective: 1523.9294
2016-07-14 18:23:07,568 - usps - DEBUG - Objective: 1523.6425
2016-07-14 18:23:08,931 - usps - DEBUG - Objective: 1521.9919
2016-07-14 18:23:10,295 - usps - DEBUG - Objective: 1520.5211
2016-07-14 18:23:11,658 - usps - DEBUG - Objective: 1520.6667
2016-07-14 18:23:12,959 - usps - DEBUG - Objective: 1519.4153
2016-07-14 18:23:14,324 - usps - DEBUG - Objective: 1517.6697
2016-07-14 18:23:15,680 - usps - DEBUG - Objective: 1516.6884
2016-07-14 18:23:17,045 - usps - DEBUG - Objective: 1514.8542
2016-07-14 18:23:18,411 - usps - DEBUG - Objective: 1513.1578
2016-07-14 18:23:19,773 - usps - DEBUG - Objective: 1512.8546
2016-07-14 18:23:21,140 - usps - DEBUG - Objective: 1510.5367
2016-07-14 18:23:22,506 - usps - DEBUG - Objective: 1509.9804
2016-07-14 18:23:23,580 - usps - DEBUG - Objective: 1510.5150
2016-07-14 18:23:24,877 - usps - DEBUG - Objective: 1510.4674
2016-07-14 18:23:26,179 - usps - DEBUG - Objective: 1510.9375
2016-07-14 18:23:26,430 - usps - INFO - Optimizing: hyp
2016-07-14 18:23:28,520 - usps - DEBUG - Objective: 1510.0284
2016-07-14 18:23:30,865 - usps - DEBUG - Objective: 4434.4800
2016-07-14 18:23:33,327 - usps - DEBUG - Objective: 1491.7193
2016-07-14 18:23:35,962 - usps - DEBUG - Objective: 1488.1382
2016-07-14 18:23:38,516 - usps - DEBUG - Objective: 1484.7253
2016-07-14 18:23:41,060 - usps - DEBUG - Objective: 1476.3986
2016-07-14 18:23:43,337 - usps - DEBUG - Objective: 1479.1247
2016-07-14 18:23:45,834 - usps - DEBUG - Objective: 1475.9650
2016-07-14 18:23:48,270 - usps - DEBUG - Objective: 1474.5638
2016-07-14 18:23:50,471 - usps - DEBUG - Objective: 1473.9339
2016-07-14 18:23:52,958 - usps - DEBUG - Objective: 1474.9155
2016-07-14 18:23:55,476 - usps - DEBUG - Objective: 1474.5446
2016-07-14 18:23:57,878 - usps - DEBUG - Objective: 1474.7810
2016-07-14 18:24:00,085 - usps - DEBUG - Objective: 1474.2152
2016-07-14 18:24:02,282 - usps - DEBUG - Objective: 1474.1541
2016-07-14 18:24:02,709 - usps - DEBUG - Objective: 1473.4449
2016-07-14 18:24:04,940 - usps - DEBUG - Objective difference: 85.028870
2016-07-14 18:24:04,941 - usps - INFO - Mean difference: 0.187168
2016-07-14 18:24:04,941 - usps - INFO - Covariance difference: 0.003357
2016-07-14 18:24:04,941 - usps - INFO - Iteration 5 started.
2016-07-14 18:24:04,941 - usps - INFO - Optimizing: mog
2016-07-14 18:24:05,985 - usps - DEBUG - Objective: 1474.0008
2016-07-14 18:24:07,025 - usps - DEBUG - Objective: 1474.9803
2016-07-14 18:24:08,269 - usps - DEBUG - Objective: 1471.6062
2016-07-14 18:24:09,528 - usps - DEBUG - Objective: 1467.0912
2016-07-14 18:24:10,793 - usps - DEBUG - Objective: 1460.5659
2016-07-14 18:24:12,142 - usps - DEBUG - Objective: 1457.4211
2016-07-14 18:24:13,448 - usps - DEBUG - Objective: 1455.6817
2016-07-14 18:24:14,731 - usps - DEBUG - Objective: 1453.9723
2016-07-14 18:24:15,799 - usps - DEBUG - Objective: 1453.9610
2016-07-14 18:24:17,089 - usps - DEBUG - Objective: 1452.6439
2016-07-14 18:24:18,180 - usps - DEBUG - Objective: 1451.3360
2016-07-14 18:24:19,596 - usps - DEBUG - Objective: 1450.1514
2016-07-14 18:24:21,059 - usps - DEBUG - Objective: 1449.8499
2016-07-14 18:24:22,379 - usps - DEBUG - Objective: 1447.7010
2016-07-14 18:24:23,471 - usps - DEBUG - Objective: 1448.0585
2016-07-14 18:24:24,713 - usps - DEBUG - Objective: 1446.9412
2016-07-14 18:24:26,060 - usps - DEBUG - Objective: 1445.2786
2016-07-14 18:24:27,450 - usps - DEBUG - Objective: 1444.0534
2016-07-14 18:24:28,754 - usps - DEBUG - Objective: 1442.7727
2016-07-14 18:24:30,059 - usps - DEBUG - Objective: 1441.0074
2016-07-14 18:24:31,366 - usps - DEBUG - Objective: 1438.9897
2016-07-14 18:24:32,672 - usps - DEBUG - Objective: 1438.0587
2016-07-14 18:24:33,981 - usps - DEBUG - Objective: 1436.4641
2016-07-14 18:24:35,285 - usps - DEBUG - Objective: 1435.0766
2016-07-14 18:24:36,589 - usps - DEBUG - Objective: 1434.4052
2016-07-14 18:24:37,892 - usps - DEBUG - Objective: 1434.3618
2016-07-14 18:24:38,197 - usps - INFO - Optimizing: hyp
2016-07-14 18:24:40,158 - usps - DEBUG - Objective: 1434.2813
2016-07-14 18:24:42,359 - usps - DEBUG - Objective: 4718.6844
2016-07-14 18:24:44,744 - usps - DEBUG - Objective: 1418.7432
2016-07-14 18:24:47,148 - usps - DEBUG - Objective: 1415.6521
2016-07-14 18:24:49,563 - usps - DEBUG - Objective: 1413.2431
2016-07-14 18:24:51,976 - usps - DEBUG - Objective: 1406.5916
2016-07-14 18:24:54,354 - usps - DEBUG - Objective: 1403.9858
2016-07-14 18:24:56,903 - usps - DEBUG - Objective: 1402.9378
2016-07-14 18:24:59,308 - usps - DEBUG - Objective: 1401.8499
2016-07-14 18:25:01,489 - usps - DEBUG - Objective: 1402.0837
2016-07-14 18:25:03,901 - usps - DEBUG - Objective: 1402.7738
2016-07-14 18:25:06,293 - usps - DEBUG - Objective: 1402.4031
2016-07-14 18:25:08,473 - usps - DEBUG - Objective: 1402.1276
2016-07-14 18:25:10,651 - usps - DEBUG - Objective: 1402.6080
2016-07-14 18:25:12,848 - usps - DEBUG - Objective: 1402.4987
2016-07-14 18:25:15,047 - usps - DEBUG - Objective: 1402.1176
2016-07-14 18:25:17,257 - usps - DEBUG - Objective: 1402.2675
2016-07-14 18:25:17,679 - usps - DEBUG - Objective: 1402.6667
2016-07-14 18:25:20,106 - usps - DEBUG - Objective difference: 70.918793
2016-07-14 18:25:20,106 - usps - INFO - Mean difference: 0.226717
2016-07-14 18:25:20,106 - usps - INFO - Covariance difference: 0.004061
2016-07-14 18:25:20,106 - usps - INFO - Iteration 6 started.
2016-07-14 18:25:20,106 - usps - INFO - Optimizing: mog
2016-07-14 18:25:21,151 - usps - DEBUG - Objective: 1403.5500
2016-07-14 18:25:22,180 - usps - DEBUG - Objective: 1402.5192
2016-07-14 18:25:23,413 - usps - DEBUG - Objective: 1399.7220
2016-07-14 18:25:24,662 - usps - DEBUG - Objective: 1396.4300
2016-07-14 18:25:25,918 - usps - DEBUG - Objective: 1394.9882
2016-07-14 18:25:27,179 - usps - DEBUG - Objective: 1392.0257
2016-07-14 18:25:28,447 - usps - DEBUG - Objective: 1391.8230
2016-07-14 18:25:29,717 - usps - DEBUG - Objective: 1389.3060
2016-07-14 18:25:30,998 - usps - DEBUG - Objective: 1388.3347
2016-07-14 18:25:32,293 - usps - DEBUG - Objective: 1388.3521
2016-07-14 18:25:33,582 - usps - DEBUG - Objective: 1387.7480
2016-07-14 18:25:34,664 - usps - DEBUG - Objective: 1388.2532
2016-07-14 18:25:35,900 - usps - DEBUG - Objective: 1387.7926
2016-07-14 18:25:37,199 - usps - DEBUG - Objective: 1387.6082
2016-07-14 18:25:38,223 - usps - DEBUG - Objective: 1387.9320
2016-07-14 18:25:39,525 - usps - DEBUG - Objective: 1386.9418
2016-07-14 18:25:40,549 - usps - DEBUG - Objective: 1387.8393
2016-07-14 18:25:41,575 - usps - DEBUG - Objective: 1387.2003
2016-07-14 18:25:42,600 - usps - DEBUG - Objective: 1387.2824
2016-07-14 18:25:43,625 - usps - DEBUG - Objective: 1387.2758
2016-07-14 18:25:44,645 - usps - DEBUG - Objective: 1387.6354
2016-07-14 18:25:45,074 - usps - DEBUG - Objective: 1387.5385
2016-07-14 18:25:45,906 - usps - INFO - Optimizing: hyp
2016-07-14 18:25:47,830 - usps - DEBUG - Objective: 1386.7693
2016-07-14 18:25:50,013 - usps - DEBUG - Objective: 3152.5553
2016-07-14 18:25:52,402 - usps - DEBUG - Objective: 1379.7719
2016-07-14 18:25:54,801 - usps - DEBUG - Objective: 1379.5760
2016-07-14 18:25:57,186 - usps - DEBUG - Objective: 1378.8310
2016-07-14 18:25:59,380 - usps - DEBUG - Objective: 1378.9451
2016-07-14 18:26:01,563 - usps - DEBUG - Objective: 1379.5645
2016-07-14 18:26:03,738 - usps - DEBUG - Objective: 1378.6327
2016-07-14 18:26:05,927 - usps - DEBUG - Objective: 1379.4480
2016-07-14 18:26:08,096 - usps - DEBUG - Objective: 1380.0985
2016-07-14 18:26:08,519 - usps - DEBUG - Objective: 1378.7050
2016-07-14 18:26:10,711 - usps - DEBUG - Objective: 1379.1655
2016-07-14 18:26:13,116 - usps - DEBUG - Objective: 1377.7762
2016-07-14 18:26:15,303 - usps - DEBUG - Objective: 1377.5367
2016-07-14 18:26:17,470 - usps - DEBUG - Objective: 1377.7399
2016-07-14 18:26:19,863 - usps - DEBUG - Objective: 1377.8973
2016-07-14 18:26:22,240 - usps - DEBUG - Objective: 1377.0717
2016-07-14 18:26:24,631 - usps - DEBUG - Objective: 1376.8170
2016-07-14 18:26:27,019 - usps - DEBUG - Objective: 1377.5122
2016-07-14 18:26:29,420 - usps - DEBUG - Objective: 1377.5887
2016-07-14 18:26:29,840 - usps - DEBUG - Objective: 1377.4021
2016-07-14 18:26:30,285 - usps - DEBUG - Objective difference: 24.995300
2016-07-14 18:26:30,285 - usps - INFO - Mean difference: 0.029560
2016-07-14 18:26:30,285 - usps - INFO - Covariance difference: 0.001322
2016-07-14 18:26:30,285 - usps - INFO - Iteration 7 started.
2016-07-14 18:26:30,285 - usps - INFO - Optimizing: mog
2016-07-14 18:26:31,329 - usps - DEBUG - Objective: 1376.8864
2016-07-14 18:26:32,364 - usps - DEBUG - Objective: 1421.6830
2016-07-14 18:26:33,599 - usps - DEBUG - Objective: 1376.9585
2016-07-14 18:26:34,950 - usps - DEBUG - Objective: 1376.3647
2016-07-14 18:26:36,208 - usps - DEBUG - Objective: 1374.8514
2016-07-14 18:26:37,473 - usps - DEBUG - Objective: 1373.3284
2016-07-14 18:26:38,739 - usps - DEBUG - Objective: 1371.2232
2016-07-14 18:26:40,013 - usps - DEBUG - Objective: 1369.1247
2016-07-14 18:26:41,081 - usps - DEBUG - Objective: 1369.4210
2016-07-14 18:26:42,317 - usps - DEBUG - Objective: 1369.1997
2016-07-14 18:26:43,603 - usps - DEBUG - Objective: 1368.3068
2016-07-14 18:26:44,683 - usps - DEBUG - Objective: 1367.8606
2016-07-14 18:26:45,977 - usps - DEBUG - Objective: 1366.8963
2016-07-14 18:26:47,059 - usps - DEBUG - Objective: 1366.4730
2016-07-14 18:26:48,362 - usps - DEBUG - Objective: 1366.2667
2016-07-14 18:26:49,446 - usps - DEBUG - Objective: 1365.5034
2016-07-14 18:26:50,532 - usps - DEBUG - Objective: 1364.8983
2016-07-14 18:26:51,828 - usps - DEBUG - Objective: 1364.0681
2016-07-14 18:26:53,062 - usps - DEBUG - Objective: 1364.5000
2016-07-14 18:26:54,301 - usps - DEBUG - Objective: 1364.5424
2016-07-14 18:26:55,544 - usps - DEBUG - Objective: 1363.9954
2016-07-14 18:26:56,566 - usps - DEBUG - Objective: 1364.9458
2016-07-14 18:26:56,994 - usps - DEBUG - Objective: 1364.4462
2016-07-14 18:26:57,422 - usps - DEBUG - Objective: 1365.4063
2016-07-14 18:26:58,253 - usps - INFO - Optimizing: hyp
2016-07-14 18:27:00,170 - usps - DEBUG - Objective: 1365.3303
2016-07-14 18:27:02,378 - usps - DEBUG - Objective: 3005.5026
2016-07-14 18:27:04,786 - usps - DEBUG - Objective: 1358.0226
2016-07-14 18:27:07,175 - usps - DEBUG - Objective: 1357.0956
2016-07-14 18:27:09,359 - usps - DEBUG - Objective: 1356.9568
2016-07-14 18:27:11,564 - usps - DEBUG - Objective: 1357.2546
2016-07-14 18:27:13,758 - usps - DEBUG - Objective: 1357.5223
2016-07-14 18:27:15,936 - usps - DEBUG - Objective: 1357.5352
2016-07-14 18:27:18,220 - usps - DEBUG - Objective: 1356.5278
2016-07-14 18:27:18,640 - usps - DEBUG - Objective: 1356.9547
2016-07-14 18:27:19,062 - usps - DEBUG - Objective: 1357.2372
2016-07-14 18:27:21,246 - usps - DEBUG - Objective difference: 20.192657
2016-07-14 18:27:21,246 - usps - INFO - Mean difference: 0.046795
2016-07-14 18:27:21,246 - usps - INFO - Covariance difference: 0.001673
2016-07-14 18:27:21,246 - usps - INFO - Iteration 8 started.
2016-07-14 18:27:21,246 - usps - INFO - Optimizing: mog
2016-07-14 18:27:22,299 - usps - DEBUG - Objective: 1357.0485
2016-07-14 18:27:23,332 - usps - DEBUG - Objective: 1371.2624
2016-07-14 18:27:24,564 - usps - DEBUG - Objective: 1356.7057
2016-07-14 18:27:25,815 - usps - DEBUG - Objective: 1355.6191
2016-07-14 18:27:27,073 - usps - DEBUG - Objective: 1354.2552
2016-07-14 18:27:28,338 - usps - DEBUG - Objective: 1353.3472
2016-07-14 18:27:29,390 - usps - DEBUG - Objective: 1353.2547
2016-07-14 18:27:30,663 - usps - DEBUG - Objective: 1352.7722
2016-07-14 18:27:31,687 - usps - DEBUG - Objective: 1352.7900
2016-07-14 18:27:32,708 - usps - DEBUG - Objective: 1353.3204
2016-07-14 18:27:33,731 - usps - DEBUG - Objective: 1353.7709
2016-07-14 18:27:34,753 - usps - DEBUG - Objective: 1352.8280
2016-07-14 18:27:35,774 - usps - DEBUG - Objective: 1353.7484
2016-07-14 18:27:36,802 - usps - DEBUG - Objective: 1353.0538
2016-07-14 18:27:37,628 - usps - INFO - Optimizing: hyp
2016-07-14 18:27:39,546 - usps - DEBUG - Objective: 1352.8036
2016-07-14 18:27:41,719 - usps - DEBUG - Objective: 5772.0631
2016-07-14 18:27:43,886 - usps - DEBUG - Objective: 1352.9002
2016-07-14 18:27:46,267 - usps - DEBUG - Objective: 1351.3506
2016-07-14 18:27:48,641 - usps - DEBUG - Objective: 1350.5993
2016-07-14 18:27:50,803 - usps - DEBUG - Objective: 1351.2333
2016-07-14 18:27:52,982 - usps - DEBUG - Objective: 1351.6929
2016-07-14 18:27:55,169 - usps - DEBUG - Objective: 1351.1065
2016-07-14 18:27:57,339 - usps - DEBUG - Objective: 1350.9404
2016-07-14 18:27:59,531 - usps - DEBUG - Objective: 1351.3556
2016-07-14 18:28:01,706 - usps - DEBUG - Objective: 1351.1073
2016-07-14 18:28:03,887 - usps - DEBUG - Objective: 1351.0370
2016-07-14 18:28:06,069 - usps - DEBUG - Objective: 1351.2862
2016-07-14 18:28:06,492 - usps - DEBUG - Objective: 1351.7283
2016-07-14 18:28:06,909 - usps - DEBUG - Objective: 1351.5411
2016-07-14 18:28:09,113 - usps - DEBUG - Objective difference: 5.810135
2016-07-14 18:28:09,113 - usps - INFO - Mean difference: 0.010015
2016-07-14 18:28:09,113 - usps - INFO - Covariance difference: 0.000549
2016-07-14 18:28:09,114 - usps - INFO - Iteration 9 started.
2016-07-14 18:28:09,114 - usps - INFO - Optimizing: mog
2016-07-14 18:28:10,156 - usps - DEBUG - Objective: 1350.8154
2016-07-14 18:28:11,190 - usps - DEBUG - Objective: 1389.2525
2016-07-14 18:28:12,417 - usps - DEBUG - Objective: 1350.9715
2016-07-14 18:28:13,660 - usps - DEBUG - Objective: 1350.9745
2016-07-14 18:28:14,920 - usps - DEBUG - Objective: 1349.0925
2016-07-14 18:28:16,174 - usps - DEBUG - Objective: 1348.0340
2016-07-14 18:28:17,445 - usps - DEBUG - Objective: 1346.8832
2016-07-14 18:28:18,724 - usps - DEBUG - Objective: 1347.0111
2016-07-14 18:28:19,744 - usps - DEBUG - Objective: 1347.3814
2016-07-14 18:28:20,762 - usps - DEBUG - Objective: 1347.7244
2016-07-14 18:28:21,783 - usps - DEBUG - Objective: 1347.6943
2016-07-14 18:28:22,805 - usps - DEBUG - Objective: 1347.0705
2016-07-14 18:28:23,825 - usps - DEBUG - Objective: 1347.4212
2016-07-14 18:28:24,853 - usps - DEBUG - Objective: 1347.4117
2016-07-14 18:28:25,674 - usps - INFO - Optimizing: hyp
2016-07-14 18:28:27,585 - usps - DEBUG - Objective: 1347.3753
2016-07-14 18:28:29,787 - usps - DEBUG - Objective: 5908.2417
2016-07-14 18:28:31,978 - usps - DEBUG - Objective: 1347.9932
2016-07-14 18:28:34,386 - usps - DEBUG - Objective: 1346.8111
2016-07-14 18:28:36,558 - usps - DEBUG - Objective: 1345.7888
2016-07-14 18:28:38,759 - usps - DEBUG - Objective: 1346.2520
2016-07-14 18:28:41,153 - usps - DEBUG - Objective: 1344.7723
2016-07-14 18:28:43,329 - usps - DEBUG - Objective: 1345.6122
2016-07-14 18:28:45,514 - usps - DEBUG - Objective: 1345.2268
2016-07-14 18:28:47,917 - usps - DEBUG - Objective: 1344.7264
2016-07-14 18:28:50,097 - usps - DEBUG - Objective: 1344.6016
2016-07-14 18:28:52,279 - usps - DEBUG - Objective: 1344.4249
2016-07-14 18:28:54,664 - usps - DEBUG - Objective: 1344.8036
2016-07-14 18:28:57,068 - usps - DEBUG - Objective: 1344.1358
2016-07-14 18:28:59,281 - usps - DEBUG - Objective: 1345.0711
2016-07-14 18:29:01,479 - usps - DEBUG - Objective difference: 6.176025
2016-07-14 18:29:01,480 - usps - INFO - Mean difference: 0.010898
2016-07-14 18:29:01,480 - usps - INFO - Covariance difference: 0.000616
2016-07-14 18:29:01,480 - usps - INFO - Iteration 10 started.
2016-07-14 18:29:01,480 - usps - INFO - Optimizing: mog
2016-07-14 18:29:02,525 - usps - DEBUG - Objective: 1345.4050
2016-07-14 18:29:03,562 - usps - DEBUG - Objective: 1376.1250
2016-07-14 18:29:04,799 - usps - DEBUG - Objective: 1344.2955
2016-07-14 18:29:06,034 - usps - DEBUG - Objective: 1344.0832
2016-07-14 18:29:07,289 - usps - DEBUG - Objective: 1343.5601
2016-07-14 18:29:08,547 - usps - DEBUG - Objective: 1343.2350
2016-07-14 18:29:09,809 - usps - DEBUG - Objective: 1341.5063
2016-07-14 18:29:11,075 - usps - DEBUG - Objective: 1341.7257
2016-07-14 18:29:12,313 - usps - DEBUG - Objective: 1342.0770
2016-07-14 18:29:13,547 - usps - DEBUG - Objective: 1341.2272
2016-07-14 18:29:14,573 - usps - DEBUG - Objective: 1341.8864
2016-07-14 18:29:15,807 - usps - DEBUG - Objective: 1342.8563
2016-07-14 18:29:17,048 - usps - DEBUG - Objective: 1342.1058
2016-07-14 18:29:18,284 - usps - DEBUG - Objective: 1341.5090
2016-07-14 18:29:18,516 - usps - INFO - Optimizing: hyp
2016-07-14 18:29:20,438 - usps - DEBUG - Objective: 1341.7004
2016-07-14 18:29:22,617 - usps - DEBUG - Objective: 6017.8138
2016-07-14 18:29:24,794 - usps - DEBUG - Objective: 1343.7421
2016-07-14 18:29:26,967 - usps - DEBUG - Objective: 1342.1851
2016-07-14 18:29:29,147 - usps - DEBUG - Objective: 1341.7595
2016-07-14 18:29:31,326 - usps - DEBUG - Objective: 1341.5820
2016-07-14 18:29:33,491 - usps - DEBUG - Objective: 1341.9191
2016-07-14 18:29:35,674 - usps - DEBUG - Objective: 1341.5505
2016-07-14 18:29:37,847 - usps - DEBUG - Objective: 1341.4711
2016-07-14 18:29:40,015 - usps - DEBUG - Objective: 1341.7375
2016-07-14 18:29:42,221 - usps - DEBUG - Objective difference: 3.307144
2016-07-14 18:29:42,222 - usps - INFO - Mean difference: 0.004927
2016-07-14 18:29:42,222 - usps - INFO - Covariance difference: 0.000310
2016-07-14 18:29:42,222 - usps - INFO - Iteration 11 started.
2016-07-14 18:29:42,222 - usps - INFO - Optimizing: mog
2016-07-14 18:29:43,268 - usps - DEBUG - Objective: 1342.0325
2016-07-14 18:29:44,304 - usps - DEBUG - Objective: 1415.1225
2016-07-14 18:29:45,547 - usps - DEBUG - Objective: 1341.7422
2016-07-14 18:29:46,791 - usps - DEBUG - Objective: 1341.4864
2016-07-14 18:29:48,031 - usps - DEBUG - Objective: 1341.8150
2016-07-14 18:29:49,260 - usps - DEBUG - Objective: 1341.5853
2016-07-14 18:29:50,292 - usps - DEBUG - Objective: 1341.9324
2016-07-14 18:29:51,322 - usps - DEBUG - Objective: 1341.5245
2016-07-14 18:29:52,581 - usps - DEBUG - Objective: 1341.4209
2016-07-14 18:29:53,822 - usps - DEBUG - Objective: 1341.6878
2016-07-14 18:29:54,850 - usps - DEBUG - Objective: 1341.2007
2016-07-14 18:29:56,091 - usps - DEBUG - Objective: 1341.1152
2016-07-14 18:29:57,332 - usps - DEBUG - Objective: 1341.5540
2016-07-14 18:29:58,361 - usps - DEBUG - Objective: 1341.7406
2016-07-14 18:29:59,186 - usps - INFO - Optimizing: hyp
2016-07-14 18:30:01,123 - usps - DEBUG - Objective: 1341.2044
2016-07-14 18:30:03,301 - usps - DEBUG - Objective: 5985.3425
2016-07-14 18:30:05,501 - usps - DEBUG - Objective: 1342.6157
2016-07-14 18:30:07,893 - usps - DEBUG - Objective: 1341.0791
2016-07-14 18:30:10,303 - usps - DEBUG - Objective: 1341.2498
2016-07-14 18:30:12,495 - usps - DEBUG - Objective: 1341.5134
2016-07-14 18:30:14,668 - usps - DEBUG - Objective: 1341.8742
2016-07-14 18:30:16,853 - usps - DEBUG - Objective: 1341.4375
2016-07-14 18:30:19,043 - usps - DEBUG - Objective: 1341.5240
2016-07-14 18:30:21,485 - usps - DEBUG - Objective difference: -0.189804
2016-07-14 18:30:21,485 - usps - INFO - Mean difference: 0.000342
2016-07-14 18:30:21,485 - usps - INFO - Covariance difference: 0.000018
2016-07-14 18:30:21,485 - usps - INFO - Iteration 12 started.
2016-07-14 18:30:21,485 - usps - INFO - Optimizing: mog
2016-07-14 18:30:22,534 - usps - DEBUG - Objective: 1341.5762
2016-07-14 18:30:23,566 - usps - DEBUG - Objective: 1422.4181
2016-07-14 18:30:24,591 - usps - DEBUG - Objective: 1341.8205
2016-07-14 18:30:25,638 - usps - DEBUG - Objective: 1341.1687
2016-07-14 18:30:26,654 - usps - DEBUG - Objective: 1341.3961
2016-07-14 18:30:27,677 - usps - DEBUG - Objective: 1341.7059
2016-07-14 18:30:28,698 - usps - DEBUG - Objective: 1341.0660
2016-07-14 18:30:29,708 - usps - DEBUG - Objective: 1341.7218
2016-07-14 18:30:30,136 - usps - DEBUG - Objective: 1340.6587
2016-07-14 18:30:31,172 - usps - DEBUG - Objective: 1341.6005
2016-07-14 18:30:32,397 - usps - DEBUG - Objective: 1341.4175
2016-07-14 18:30:33,423 - usps - DEBUG - Objective: 1341.0279
2016-07-14 18:30:34,447 - usps - DEBUG - Objective: 1341.5866
2016-07-14 18:30:35,458 - usps - DEBUG - Objective: 1341.0607
2016-07-14 18:30:35,886 - usps - DEBUG - Objective: 1341.4655
2016-07-14 18:30:36,700 - usps - INFO - Optimizing: hyp
2016-07-14 18:30:38,609 - usps - DEBUG - Objective: 1341.5723
2016-07-14 18:30:40,786 - usps - DEBUG - Objective: 5871.0247
2016-07-14 18:30:42,972 - usps - DEBUG - Objective: 1342.9532
2016-07-14 18:30:45,377 - usps - DEBUG - Objective: 1341.4711
2016-07-14 18:30:46,978 - usps - INFO - Interrupted by the user.
2016-07-14 18:30:47,191 - usps - INFO - Last objective value: 1341.404770
2016-07-14 18:30:47,192 - usps - DEBUG - prediction started...
2016-07-14 18:30:54,261 - usps - DEBUG - prediction finished
