2016-02-01 08:05:11,729 - mnist_binary - INFO - experiment started for:{'run_id': 0, 'max_iter': 300, 'optimization_config': {'hyp': 15, 'mog': 60}, 'xtol': 0.001, 'git_hash': '5a20a6cbfa2bc18023bde97098007afb912d59fd', 'model_init': None, 'ftol': 10, 'latent_noise:': 0.001, 'sparsity_factor': 0.01, 'll': 'LogisticLL', 'sample_num': 2000, 'experiment': 'mnist_binary', 'git_branch': 'exp_framework', 'random_Z': False, 'method': 'full'}
2016-02-01 08:05:30,862 - mnist_binary - INFO - Iteration 0 started.
2016-02-01 08:05:30,862 - mnist_binary - INFO - MoG params
2016-02-01 08:05:35,561 - mnist_binary - DEBUG - objective:117520.3890
2016-02-01 08:05:40,301 - mnist_binary - DEBUG - objective:115271.3774
2016-02-01 08:05:44,944 - mnist_binary - DEBUG - objective:107019.5527
2016-02-01 08:05:49,475 - mnist_binary - DEBUG - objective:73894.5971
2016-02-01 08:05:54,028 - mnist_binary - DEBUG - objective:64689.7544
2016-02-01 08:05:58,576 - mnist_binary - DEBUG - objective:46634.4580
2016-02-01 08:06:03,188 - mnist_binary - DEBUG - objective:37814.7095
2016-02-01 08:06:07,796 - mnist_binary - DEBUG - objective:31671.5356
2016-02-01 08:06:12,394 - mnist_binary - DEBUG - objective:26462.6863
2016-02-01 08:06:17,152 - mnist_binary - DEBUG - objective:16384.7524
2016-02-01 08:06:21,973 - mnist_binary - DEBUG - objective:15390.6458
2016-02-01 08:06:26,538 - mnist_binary - DEBUG - objective:13622.3527
2016-02-01 08:06:31,281 - mnist_binary - DEBUG - objective:12331.8721
2016-02-01 08:06:35,779 - mnist_binary - DEBUG - objective:12013.5976
2016-02-01 08:06:40,257 - mnist_binary - DEBUG - objective:10431.6612
2016-02-01 08:06:44,698 - mnist_binary - DEBUG - objective:10120.6673
2016-02-01 08:06:49,222 - mnist_binary - DEBUG - objective:9693.3449
2016-02-01 08:06:53,713 - mnist_binary - DEBUG - objective:9257.2335
2016-02-01 08:06:58,278 - mnist_binary - DEBUG - objective:9260.1830
2016-02-01 08:07:03,035 - mnist_binary - DEBUG - objective:8963.8551
2016-02-01 08:07:07,533 - mnist_binary - DEBUG - objective:8585.9866
2016-02-01 08:07:12,133 - mnist_binary - DEBUG - objective:8395.1664
2016-02-01 08:07:16,701 - mnist_binary - DEBUG - objective:8231.3475
2016-02-01 08:07:21,302 - mnist_binary - DEBUG - objective:8081.6930
2016-02-01 08:07:25,776 - mnist_binary - DEBUG - objective:7934.8977
2016-02-01 08:07:30,205 - mnist_binary - DEBUG - objective:7847.0562
2016-02-01 08:07:34,896 - mnist_binary - DEBUG - objective:7776.8672
2016-02-01 08:07:39,352 - mnist_binary - DEBUG - objective:7704.1913
2016-02-01 08:07:43,801 - mnist_binary - DEBUG - objective:7614.1022
2016-02-01 08:07:48,289 - mnist_binary - DEBUG - objective:7577.6177
2016-02-01 08:07:52,758 - mnist_binary - DEBUG - objective:7536.2794
2016-02-01 08:07:57,269 - mnist_binary - DEBUG - objective:7486.8990
2016-02-01 08:08:01,823 - mnist_binary - DEBUG - objective:7451.1831
2016-02-01 08:08:06,598 - mnist_binary - DEBUG - objective:7425.0198
2016-02-01 08:08:11,259 - mnist_binary - DEBUG - objective:7407.1199
2016-02-01 08:08:15,804 - mnist_binary - DEBUG - objective:7385.5128
2016-02-01 08:08:20,357 - mnist_binary - DEBUG - objective:7373.3215
2016-02-01 08:08:24,816 - mnist_binary - DEBUG - objective:7345.4029
2016-02-01 08:08:29,263 - mnist_binary - DEBUG - objective:7336.5543
2016-02-01 08:08:33,777 - mnist_binary - DEBUG - objective:7322.7459
2016-02-01 08:08:38,263 - mnist_binary - DEBUG - objective:7310.7116
2016-02-01 08:08:42,766 - mnist_binary - DEBUG - objective:7296.5480
2016-02-01 08:08:47,261 - mnist_binary - DEBUG - objective:7288.0581
2016-02-01 08:08:51,808 - mnist_binary - DEBUG - objective:7281.3286
2016-02-01 08:08:56,585 - mnist_binary - DEBUG - objective:7273.5485
2016-02-01 08:09:01,162 - mnist_binary - DEBUG - objective:7264.3163
2016-02-01 08:09:05,694 - mnist_binary - DEBUG - objective:7260.0043
2016-02-01 08:09:10,242 - mnist_binary - DEBUG - objective:7254.4788
2016-02-01 08:09:14,708 - mnist_binary - DEBUG - objective:7251.7351
2016-02-01 08:09:19,216 - mnist_binary - DEBUG - objective:7246.1117
2016-02-01 08:09:23,737 - mnist_binary - DEBUG - objective:7242.8967
2016-02-01 08:09:28,282 - mnist_binary - DEBUG - objective:7240.0612
2016-02-01 08:09:32,886 - mnist_binary - DEBUG - objective:7235.5408
2016-02-01 08:09:37,569 - mnist_binary - DEBUG - objective:7234.4892
2016-02-01 08:09:42,024 - mnist_binary - DEBUG - objective:7230.4319
2016-02-01 08:09:46,567 - mnist_binary - DEBUG - objective:7229.2256
2016-02-01 08:09:51,039 - mnist_binary - DEBUG - objective:7226.9485
2016-02-01 08:09:55,508 - mnist_binary - DEBUG - objective:7225.5201
2016-02-01 08:10:00,070 - mnist_binary - DEBUG - objective:7223.0584
2016-02-01 08:10:04,518 - mnist_binary - DEBUG - objective:7221.9562
2016-02-01 08:10:09,069 - mnist_binary - DEBUG - objective:7220.8184
2016-02-01 08:10:09,123 - mnist_binary - INFO - Saving model...
2016-02-01 08:10:09,855 - mnist_binary - INFO - Model saved.
2016-02-01 08:10:09,855 - mnist_binary - INFO - hyp params
2016-02-01 08:10:28,353 - mnist_binary - DEBUG - objective:7220.8184
2016-02-01 08:10:47,085 - mnist_binary - DEBUG - objective:34510.7029
2016-02-01 08:11:05,892 - mnist_binary - DEBUG - objective:7191.8593
2016-02-01 08:11:24,547 - mnist_binary - DEBUG - objective:7191.3668
2016-02-01 08:11:43,263 - mnist_binary - DEBUG - objective:7191.2438
2016-02-01 08:12:02,177 - mnist_binary - DEBUG - objective:7190.0229
2016-02-01 08:12:20,788 - mnist_binary - DEBUG - objective:7188.5403
2016-02-01 08:12:39,508 - mnist_binary - DEBUG - objective:7186.7751
2016-02-01 08:12:58,195 - mnist_binary - DEBUG - objective:7186.1330
2016-02-01 08:13:16,722 - mnist_binary - DEBUG - objective:7186.0639
2016-02-01 08:13:35,059 - mnist_binary - DEBUG - objective:7186.0618
2016-02-01 08:13:53,665 - mnist_binary - DEBUG - objective:7186.0619
2016-02-01 08:14:12,198 - mnist_binary - DEBUG - objective:7186.0618
2016-02-01 08:14:30,933 - mnist_binary - DEBUG - objective:7186.0618
2016-02-01 08:14:49,526 - mnist_binary - DEBUG - objective:7186.0618
2016-02-01 08:15:08,054 - mnist_binary - DEBUG - objective:7186.0618
2016-02-01 08:15:27,168 - mnist_binary - INFO - Iteration 1 started.
2016-02-01 08:15:27,168 - mnist_binary - INFO - MoG params
2016-02-01 08:15:31,712 - mnist_binary - DEBUG - objective:7186.0618
2016-02-01 08:15:36,371 - mnist_binary - DEBUG - objective:7192.4303
2016-02-01 08:15:40,880 - mnist_binary - DEBUG - objective:7180.7910
2016-02-01 08:15:45,422 - mnist_binary - DEBUG - objective:7176.4475
2016-02-01 08:15:49,948 - mnist_binary - DEBUG - objective:7174.5243
2016-02-01 08:15:54,476 - mnist_binary - DEBUG - objective:7171.8036
2016-02-01 08:15:58,955 - mnist_binary - DEBUG - objective:7169.8959
2016-02-01 08:16:03,539 - mnist_binary - DEBUG - objective:7168.2027
2016-02-01 08:16:07,970 - mnist_binary - DEBUG - objective:7166.5588
2016-02-01 08:16:12,533 - mnist_binary - DEBUG - objective:7165.4097
2016-02-01 08:16:17,172 - mnist_binary - DEBUG - objective:7164.1653
2016-02-01 08:16:21,737 - mnist_binary - DEBUG - objective:7162.8350
2016-02-01 08:16:26,344 - mnist_binary - DEBUG - objective:7162.1204
2016-02-01 08:16:31,150 - mnist_binary - DEBUG - objective:7161.1083
2016-02-01 08:16:35,595 - mnist_binary - DEBUG - objective:7160.3177
2016-02-01 08:16:40,122 - mnist_binary - DEBUG - objective:7159.0618
2016-02-01 08:16:44,550 - mnist_binary - DEBUG - objective:7158.4873
2016-02-01 08:16:49,191 - mnist_binary - DEBUG - objective:7157.8215
2016-02-01 08:16:53,695 - mnist_binary - DEBUG - objective:7156.9920
2016-02-01 08:16:58,209 - mnist_binary - DEBUG - objective:7156.1074
2016-02-01 08:17:02,735 - mnist_binary - DEBUG - objective:7155.5077
2016-02-01 08:17:07,330 - mnist_binary - DEBUG - objective:7154.9181
2016-02-01 08:17:11,860 - mnist_binary - DEBUG - objective:7154.4398
2016-02-01 08:17:16,429 - mnist_binary - DEBUG - objective:7153.8040
2016-02-01 08:17:20,974 - mnist_binary - DEBUG - objective:7153.4115
2016-02-01 08:17:25,534 - mnist_binary - DEBUG - objective:7152.9957
2016-02-01 08:17:30,182 - mnist_binary - DEBUG - objective:7152.6811
2016-02-01 08:17:34,797 - mnist_binary - DEBUG - objective:7152.3012
2016-02-01 08:17:39,464 - mnist_binary - DEBUG - objective:7151.9764
2016-02-01 08:17:44,105 - mnist_binary - DEBUG - objective:7151.7069
2016-02-01 08:17:48,933 - mnist_binary - DEBUG - objective:7151.1871
2016-02-01 08:17:53,456 - mnist_binary - DEBUG - objective:7150.9274
2016-02-01 08:17:58,004 - mnist_binary - DEBUG - objective:7150.6035
2016-02-01 08:18:02,487 - mnist_binary - DEBUG - objective:7150.1671
2016-02-01 08:18:06,950 - mnist_binary - DEBUG - objective:7149.9441
2016-02-01 08:18:11,343 - mnist_binary - DEBUG - objective:7149.8872
2016-02-01 08:18:15,922 - mnist_binary - DEBUG - objective:7149.3498
2016-02-01 08:18:20,388 - mnist_binary - DEBUG - objective:7149.2433
2016-02-01 08:18:25,233 - mnist_binary - DEBUG - objective:7149.0192
2016-02-01 08:18:29,690 - mnist_binary - DEBUG - objective:7148.9286
2016-02-01 08:18:34,539 - mnist_binary - DEBUG - objective:7148.6450
2016-02-01 08:18:39,067 - mnist_binary - DEBUG - objective:7148.5334
2016-02-01 08:18:43,626 - mnist_binary - DEBUG - objective:7148.4206
2016-02-01 08:18:48,145 - mnist_binary - DEBUG - objective:7148.2447
2016-02-01 08:18:52,612 - mnist_binary - DEBUG - objective:7148.3673
2016-02-01 08:18:57,073 - mnist_binary - DEBUG - objective:7148.1523
2016-02-01 08:19:01,609 - mnist_binary - DEBUG - objective:7148.0118
2016-02-01 08:19:06,261 - mnist_binary - DEBUG - objective:7147.9420
2016-02-01 08:19:10,719 - mnist_binary - DEBUG - objective:7147.8484
2016-02-01 08:19:15,191 - mnist_binary - DEBUG - objective:7147.8348
2016-02-01 08:19:19,761 - mnist_binary - DEBUG - objective:7147.7536
2016-02-01 08:19:24,328 - mnist_binary - DEBUG - objective:7147.7226
2016-02-01 08:19:28,902 - mnist_binary - DEBUG - objective:7147.6819
2016-02-01 08:19:33,586 - mnist_binary - DEBUG - objective:7147.6325
2016-02-01 08:19:38,140 - mnist_binary - DEBUG - objective:7147.6038
2016-02-01 08:19:42,670 - mnist_binary - DEBUG - objective:7147.5753
2016-02-01 08:19:47,225 - mnist_binary - DEBUG - objective:7147.5595
2016-02-01 08:19:51,846 - mnist_binary - DEBUG - objective:7147.5378
2016-02-01 08:19:56,381 - mnist_binary - DEBUG - objective:7147.5284
2016-02-01 08:20:00,891 - mnist_binary - DEBUG - objective:7147.4934
2016-02-01 08:20:05,340 - mnist_binary - DEBUG - objective:7147.4814
2016-02-01 08:20:05,390 - mnist_binary - INFO - Saving model...
2016-02-01 08:20:06,211 - mnist_binary - INFO - Model saved.
2016-02-01 08:20:06,212 - mnist_binary - DEBUG - ftol: 73.3370708066
2016-02-01 08:20:06,212 - mnist_binary - INFO - diff:m:0.325253756918 s:0.00148567833052
2016-02-01 08:20:06,212 - mnist_binary - INFO - hyp params
2016-02-01 08:20:24,868 - mnist_binary - DEBUG - objective:7147.4814
2016-02-01 08:20:43,587 - mnist_binary - DEBUG - objective:35508.3228
2016-02-01 08:21:02,205 - mnist_binary - DEBUG - objective:7129.0634
2016-02-01 08:21:20,984 - mnist_binary - DEBUG - objective:7128.5119
2016-02-01 08:21:39,913 - mnist_binary - DEBUG - objective:7128.5060
2016-02-01 08:21:58,656 - mnist_binary - DEBUG - objective:7128.4851
2016-02-01 08:22:17,465 - mnist_binary - DEBUG - objective:7128.3440
2016-02-01 08:22:35,918 - mnist_binary - DEBUG - objective:7128.2458
2016-02-01 08:22:54,754 - mnist_binary - DEBUG - objective:7128.2080
2016-02-01 08:23:13,226 - mnist_binary - DEBUG - objective:7128.2042
2016-02-01 08:23:31,589 - mnist_binary - DEBUG - objective:7128.2040
2016-02-01 08:23:50,811 - mnist_binary - DEBUG - objective:7128.2040
2016-02-01 08:24:09,474 - mnist_binary - DEBUG - objective:7128.2040
2016-02-01 08:24:28,267 - mnist_binary - DEBUG - objective:7128.2040
2016-02-01 08:24:47,049 - mnist_binary - DEBUG - objective:7128.2040
2016-02-01 08:24:47,050 - mnist_binary - DEBUG - objective:7128.2040
2016-02-01 08:24:47,050 - mnist_binary - INFO - Iteration 2 started.
2016-02-01 08:24:47,050 - mnist_binary - INFO - MoG params
2016-02-01 08:24:51,631 - mnist_binary - DEBUG - objective:7128.2040
2016-02-01 08:24:56,338 - mnist_binary - DEBUG - objective:7130.0175
2016-02-01 08:25:00,910 - mnist_binary - DEBUG - objective:7124.6085
2016-02-01 08:25:05,760 - mnist_binary - DEBUG - objective:7124.0479
2016-02-01 08:25:10,322 - mnist_binary - DEBUG - objective:7122.6450
2016-02-01 08:25:14,932 - mnist_binary - DEBUG - objective:7122.0838
2016-02-01 08:25:19,531 - mnist_binary - DEBUG - objective:7121.1754
2016-02-01 08:25:24,053 - mnist_binary - DEBUG - objective:7120.1895
2016-02-01 08:25:28,639 - mnist_binary - DEBUG - objective:7119.2204
2016-02-01 08:25:33,337 - mnist_binary - DEBUG - objective:7118.3538
2016-02-01 08:25:37,821 - mnist_binary - DEBUG - objective:7117.9105
2016-02-01 08:25:42,366 - mnist_binary - DEBUG - objective:7117.6186
2016-02-01 08:25:46,897 - mnist_binary - DEBUG - objective:7117.2369
2016-02-01 08:25:51,529 - mnist_binary - DEBUG - objective:7116.8119
2016-02-01 08:25:56,134 - mnist_binary - DEBUG - objective:7116.5189
2016-02-01 08:26:00,673 - mnist_binary - DEBUG - objective:7116.2691
2016-02-01 08:26:05,327 - mnist_binary - DEBUG - objective:7116.0605
2016-02-01 08:26:09,932 - mnist_binary - DEBUG - objective:7115.7864
2016-02-01 08:26:14,363 - mnist_binary - DEBUG - objective:7115.5692
2016-02-01 08:26:19,136 - mnist_binary - DEBUG - objective:7115.4065
2016-02-01 08:26:23,680 - mnist_binary - DEBUG - objective:7115.2588
2016-02-01 08:26:28,227 - mnist_binary - DEBUG - objective:7115.0971
2016-02-01 08:26:33,039 - mnist_binary - DEBUG - objective:7114.9950
2016-02-01 08:26:37,541 - mnist_binary - DEBUG - objective:7114.9007
2016-02-01 08:26:42,094 - mnist_binary - DEBUG - objective:7114.8088
2016-02-01 08:26:46,559 - mnist_binary - DEBUG - objective:7114.7217
2016-02-01 08:26:51,065 - mnist_binary - DEBUG - objective:7114.6820
2016-02-01 08:26:55,892 - mnist_binary - DEBUG - objective:7114.5646
2016-02-01 08:27:00,543 - mnist_binary - DEBUG - objective:7114.5260
2016-02-01 08:27:05,198 - mnist_binary - DEBUG - objective:7114.4624
2016-02-01 08:27:09,610 - mnist_binary - DEBUG - objective:7114.3838
2016-02-01 08:27:14,109 - mnist_binary - DEBUG - objective:7114.3200
2016-02-01 08:27:18,710 - mnist_binary - DEBUG - objective:7114.2666
2016-02-01 08:27:23,122 - mnist_binary - DEBUG - objective:7114.2142
2016-02-01 08:27:27,707 - mnist_binary - DEBUG - objective:7114.1724
2016-02-01 08:27:32,239 - mnist_binary - DEBUG - objective:7114.1128
2016-02-01 08:27:36,785 - mnist_binary - DEBUG - objective:7114.0730
2016-02-01 08:27:41,371 - mnist_binary - DEBUG - objective:7114.0393
2016-02-01 08:27:45,922 - mnist_binary - DEBUG - objective:7113.9911
2016-02-01 08:27:50,456 - mnist_binary - DEBUG - objective:7113.9638
2016-02-01 08:27:55,320 - mnist_binary - DEBUG - objective:7113.9225
2016-02-01 08:27:59,867 - mnist_binary - DEBUG - objective:7113.9037
2016-02-01 08:28:04,376 - mnist_binary - DEBUG - objective:7113.8762
2016-02-01 08:28:08,874 - mnist_binary - DEBUG - objective:7113.8352
2016-02-01 08:28:13,464 - mnist_binary - DEBUG - objective:7113.8027
2016-02-01 08:28:18,313 - mnist_binary - DEBUG - objective:7113.7831
2016-02-01 08:28:22,960 - mnist_binary - DEBUG - objective:7113.7715
2016-02-01 08:28:27,498 - mnist_binary - DEBUG - objective:7113.7563
2016-02-01 08:28:31,983 - mnist_binary - DEBUG - objective:7113.7528
2016-02-01 08:28:36,518 - mnist_binary - DEBUG - objective:7113.7245
2016-02-01 08:28:41,088 - mnist_binary - DEBUG - objective:7113.7157
2016-02-01 08:28:45,927 - mnist_binary - DEBUG - objective:7113.7035
2016-02-01 08:28:50,479 - mnist_binary - DEBUG - objective:7113.6892
2016-02-01 08:28:55,012 - mnist_binary - DEBUG - objective:7113.6985
2016-02-01 08:28:59,522 - mnist_binary - DEBUG - objective:7113.6810
2016-02-01 08:29:04,174 - mnist_binary - DEBUG - objective:7113.6692
2016-02-01 08:29:08,618 - mnist_binary - DEBUG - objective:7113.6627
2016-02-01 08:29:13,216 - mnist_binary - DEBUG - objective:7113.6558
2016-02-01 08:29:17,743 - mnist_binary - DEBUG - objective:7113.6501
2016-02-01 08:29:22,205 - mnist_binary - DEBUG - objective:7113.6430
2016-02-01 08:29:26,736 - mnist_binary - DEBUG - objective:7113.6314
2016-02-01 08:29:26,786 - mnist_binary - INFO - Saving model...
2016-02-01 08:29:27,555 - mnist_binary - INFO - Model saved.
2016-02-01 08:29:27,556 - mnist_binary - DEBUG - ftol: 33.8500115205
2016-02-01 08:29:27,556 - mnist_binary - INFO - diff:m:0.177919923568 s:0.000484737779695
2016-02-01 08:29:27,556 - mnist_binary - INFO - hyp params
2016-02-01 08:29:46,133 - mnist_binary - DEBUG - objective:7113.6314
2016-02-01 08:30:04,834 - mnist_binary - DEBUG - objective:37069.4147
2016-02-01 08:30:23,219 - mnist_binary - DEBUG - objective:7104.1064
2016-02-01 08:30:41,924 - mnist_binary - DEBUG - objective:7103.6432
2016-02-01 08:31:00,466 - mnist_binary - DEBUG - objective:7103.6390
2016-02-01 08:31:19,103 - mnist_binary - DEBUG - objective:7103.6239
2016-02-01 08:31:37,737 - mnist_binary - DEBUG - objective:7103.4988
2016-02-01 08:31:56,659 - mnist_binary - DEBUG - objective:7103.4498
2016-02-01 08:32:15,192 - mnist_binary - DEBUG - objective:7103.4361
2016-02-01 08:32:33,929 - mnist_binary - DEBUG - objective:7103.4350
2016-02-01 08:32:52,742 - mnist_binary - DEBUG - objective:7103.4350
2016-02-01 08:33:11,517 - mnist_binary - DEBUG - objective:7103.4350
2016-02-01 08:33:30,090 - mnist_binary - DEBUG - objective:7103.4350
2016-02-01 08:33:48,728 - mnist_binary - DEBUG - objective:7103.4350
2016-02-01 08:34:07,446 - mnist_binary - DEBUG - objective:7103.4350
2016-02-01 08:34:07,447 - mnist_binary - DEBUG - objective:7103.4350
2016-02-01 08:34:07,447 - mnist_binary - INFO - Iteration 3 started.
2016-02-01 08:34:07,447 - mnist_binary - INFO - MoG params
2016-02-01 08:34:12,086 - mnist_binary - DEBUG - objective:7103.4350
2016-02-01 08:34:16,609 - mnist_binary - DEBUG - objective:7109.8634
2016-02-01 08:34:21,111 - mnist_binary - DEBUG - objective:7101.6080
2016-02-01 08:34:25,629 - mnist_binary - DEBUG - objective:7101.0736
2016-02-01 08:34:30,065 - mnist_binary - DEBUG - objective:7100.4761
2016-02-01 08:34:34,653 - mnist_binary - DEBUG - objective:7100.1353
2016-02-01 08:34:39,167 - mnist_binary - DEBUG - objective:7099.6591
2016-02-01 08:34:43,693 - mnist_binary - DEBUG - objective:7099.0707
2016-02-01 08:34:48,186 - mnist_binary - DEBUG - objective:7098.8254
2016-02-01 08:34:52,676 - mnist_binary - DEBUG - objective:7098.1625
2016-02-01 08:34:57,117 - mnist_binary - DEBUG - objective:7097.9747
2016-02-01 08:35:01,807 - mnist_binary - DEBUG - objective:7097.7633
2016-02-01 08:35:06,329 - mnist_binary - DEBUG - objective:7097.5794
2016-02-01 08:35:10,812 - mnist_binary - DEBUG - objective:7097.3464
2016-02-01 08:35:15,357 - mnist_binary - DEBUG - objective:7097.1756
2016-02-01 08:35:19,909 - mnist_binary - DEBUG - objective:7097.0718
2016-02-01 08:35:24,320 - mnist_binary - DEBUG - objective:7096.9458
2016-02-01 08:35:28,855 - mnist_binary - DEBUG - objective:7096.7792
2016-02-01 08:35:33,593 - mnist_binary - DEBUG - objective:7096.6970
2016-02-01 08:35:38,112 - mnist_binary - DEBUG - objective:7096.6000
2016-02-01 08:35:42,618 - mnist_binary - DEBUG - objective:7096.4831
2016-02-01 08:35:47,442 - mnist_binary - DEBUG - objective:7096.3598
2016-02-01 08:35:52,158 - mnist_binary - DEBUG - objective:7096.3081
2016-02-01 08:35:56,670 - mnist_binary - DEBUG - objective:7096.2484
2016-02-01 08:36:01,198 - mnist_binary - DEBUG - objective:7096.1961
2016-02-01 08:36:05,800 - mnist_binary - DEBUG - objective:7096.1279
2016-02-01 08:36:10,283 - mnist_binary - DEBUG - objective:7096.0759
2016-02-01 08:36:14,868 - mnist_binary - DEBUG - objective:7096.0326
2016-02-01 08:36:19,534 - mnist_binary - DEBUG - objective:7095.9919
2016-02-01 08:36:24,172 - mnist_binary - DEBUG - objective:7095.9471
2016-02-01 08:36:28,619 - mnist_binary - DEBUG - objective:7095.9043
2016-02-01 08:36:33,370 - mnist_binary - DEBUG - objective:7095.8693
2016-02-01 08:36:37,860 - mnist_binary - DEBUG - objective:7095.8420
2016-02-01 08:36:42,344 - mnist_binary - DEBUG - objective:7095.8101
2016-02-01 08:36:47,111 - mnist_binary - DEBUG - objective:7095.7840
2016-02-01 08:36:51,819 - mnist_binary - DEBUG - objective:7095.7556
2016-02-01 08:36:56,362 - mnist_binary - DEBUG - objective:7095.7270
2016-02-01 08:37:00,787 - mnist_binary - DEBUG - objective:7095.7124
2016-02-01 08:37:05,451 - mnist_binary - DEBUG - objective:7095.6852
2016-02-01 08:37:10,074 - mnist_binary - DEBUG - objective:7095.6724
2016-02-01 08:37:14,620 - mnist_binary - DEBUG - objective:7095.6440
2016-02-01 08:37:19,388 - mnist_binary - DEBUG - objective:7095.6333
2016-02-01 08:37:23,905 - mnist_binary - DEBUG - objective:7095.6177
2016-02-01 08:37:28,389 - mnist_binary - DEBUG - objective:7095.5960
2016-02-01 08:37:32,931 - mnist_binary - DEBUG - objective:7095.5782
2016-02-01 08:37:37,365 - mnist_binary - DEBUG - objective:7095.5633
2016-02-01 08:37:42,286 - mnist_binary - DEBUG - objective:7095.5573
2016-02-01 08:37:47,081 - mnist_binary - DEBUG - objective:7095.5486
2016-02-01 08:37:51,552 - mnist_binary - DEBUG - objective:7095.5427
2016-02-01 08:37:56,356 - mnist_binary - DEBUG - objective:7095.5279
2016-02-01 08:38:00,898 - mnist_binary - DEBUG - objective:7095.5213
2016-02-01 08:38:05,429 - mnist_binary - DEBUG - objective:7095.5137
2016-02-01 08:38:10,133 - mnist_binary - DEBUG - objective:7095.5053
2016-02-01 08:38:14,752 - mnist_binary - DEBUG - objective:7095.5051
2016-02-01 08:38:19,243 - mnist_binary - DEBUG - objective:7095.4994
2016-02-01 08:38:23,744 - mnist_binary - DEBUG - objective:7095.4946
2016-02-01 08:38:28,228 - mnist_binary - DEBUG - objective:7095.4920
2016-02-01 08:38:32,796 - mnist_binary - DEBUG - objective:7095.4887
2016-02-01 08:38:37,208 - mnist_binary - DEBUG - objective:7095.4857
2016-02-01 08:38:41,678 - mnist_binary - DEBUG - objective:7095.4808
2016-02-01 08:38:46,259 - mnist_binary - DEBUG - objective:7095.4777
2016-02-01 08:38:46,313 - mnist_binary - INFO - Saving model...
2016-02-01 08:38:47,096 - mnist_binary - INFO - Model saved.
2016-02-01 08:38:47,097 - mnist_binary - DEBUG - ftol: 18.1536829241
2016-02-01 08:38:47,097 - mnist_binary - INFO - diff:m:0.137635955712 s:0.000327579957064
2016-02-01 08:38:47,097 - mnist_binary - INFO - hyp params
2016-02-01 08:39:05,515 - mnist_binary - DEBUG - objective:7095.4777
2016-02-01 08:39:24,272 - mnist_binary - DEBUG - objective:38274.9987
2016-02-01 08:39:43,010 - mnist_binary - DEBUG - objective:7090.4007
2016-02-01 08:40:01,635 - mnist_binary - DEBUG - objective:7090.0781
2016-02-01 08:40:20,271 - mnist_binary - DEBUG - objective:7090.0758
2016-02-01 08:40:38,927 - mnist_binary - DEBUG - objective:7090.0673
2016-02-01 08:40:57,777 - mnist_binary - DEBUG - objective:7089.9875
2016-02-01 08:41:16,483 - mnist_binary - DEBUG - objective:7089.9680
2016-02-01 08:41:35,055 - mnist_binary - DEBUG - objective:7089.9637
2016-02-01 08:41:54,453 - mnist_binary - DEBUG - objective:7089.9635
2016-02-01 08:42:13,179 - mnist_binary - DEBUG - objective:7089.9635
2016-02-01 08:42:31,684 - mnist_binary - DEBUG - objective:7089.9635
2016-02-01 08:42:50,070 - mnist_binary - DEBUG - objective:7089.9635
2016-02-01 08:43:08,845 - mnist_binary - DEBUG - objective:7089.9635
2016-02-01 08:43:08,846 - mnist_binary - DEBUG - objective:7089.9635
2016-02-01 08:43:27,620 - mnist_binary - DEBUG - objective:7089.9635
2016-02-01 08:43:46,096 - mnist_binary - INFO - Iteration 4 started.
2016-02-01 08:43:46,097 - mnist_binary - INFO - MoG params
2016-02-01 08:43:50,538 - mnist_binary - DEBUG - objective:7089.9635
2016-02-01 08:43:55,236 - mnist_binary - DEBUG - objective:7096.4838
2016-02-01 08:43:59,694 - mnist_binary - DEBUG - objective:7088.8290
2016-02-01 08:44:04,168 - mnist_binary - DEBUG - objective:7088.6481
2016-02-01 08:44:08,814 - mnist_binary - DEBUG - objective:7088.2311
2016-02-01 08:44:13,340 - mnist_binary - DEBUG - objective:7088.0645
2016-02-01 08:44:17,878 - mnist_binary - DEBUG - objective:7087.7918
2016-02-01 08:44:22,297 - mnist_binary - DEBUG - objective:7087.4832
2016-02-01 08:44:26,790 - mnist_binary - DEBUG - objective:7087.4031
2016-02-01 08:44:31,274 - mnist_binary - DEBUG - objective:7087.0004
2016-02-01 08:44:35,803 - mnist_binary - DEBUG - objective:7086.9063
2016-02-01 08:44:40,427 - mnist_binary - DEBUG - objective:7086.7742
2016-02-01 08:44:45,024 - mnist_binary - DEBUG - objective:7086.6694
2016-02-01 08:44:49,660 - mnist_binary - DEBUG - objective:7086.5348
2016-02-01 08:44:54,568 - mnist_binary - DEBUG - objective:7086.4407
2016-02-01 08:44:59,170 - mnist_binary - DEBUG - objective:7086.3803
2016-02-01 08:45:03,631 - mnist_binary - DEBUG - objective:7086.3104
2016-02-01 08:45:08,171 - mnist_binary - DEBUG - objective:7086.2135
2016-02-01 08:45:12,895 - mnist_binary - DEBUG - objective:7086.1685
2016-02-01 08:45:17,740 - mnist_binary - DEBUG - objective:7086.1125
2016-02-01 08:45:22,247 - mnist_binary - DEBUG - objective:7086.0510
2016-02-01 08:45:26,724 - mnist_binary - DEBUG - objective:7085.9870
2016-02-01 08:45:31,370 - mnist_binary - DEBUG - objective:7085.9509
2016-02-01 08:45:35,837 - mnist_binary - DEBUG - objective:7085.9230
2016-02-01 08:45:40,643 - mnist_binary - DEBUG - objective:7085.8952
2016-02-01 08:45:45,141 - mnist_binary - DEBUG - objective:7085.8659
2016-02-01 08:45:49,873 - mnist_binary - DEBUG - objective:7085.8242
2016-02-01 08:45:54,235 - mnist_binary - DEBUG - objective:7085.8129
2016-02-01 08:45:58,772 - mnist_binary - DEBUG - objective:7085.7891
2016-02-01 08:46:03,205 - mnist_binary - DEBUG - objective:7085.7706
2016-02-01 08:46:07,707 - mnist_binary - DEBUG - objective:7085.7518
2016-02-01 08:46:12,251 - mnist_binary - DEBUG - objective:7085.7250
2016-02-01 08:46:16,705 - mnist_binary - DEBUG - objective:7085.7531
2016-02-01 08:46:21,234 - mnist_binary - DEBUG - objective:7085.7110
2016-02-01 08:46:25,758 - mnist_binary - DEBUG - objective:7085.6918
2016-02-01 08:46:30,297 - mnist_binary - DEBUG - objective:7085.6794
2016-02-01 08:46:34,780 - mnist_binary - DEBUG - objective:7085.6644
2016-02-01 08:46:39,438 - mnist_binary - DEBUG - objective:7085.6521
2016-02-01 08:46:43,955 - mnist_binary - DEBUG - objective:7085.6406
2016-02-01 08:46:48,466 - mnist_binary - DEBUG - objective:7085.6248
2016-02-01 08:46:53,054 - mnist_binary - DEBUG - objective:7085.6143
2016-02-01 08:46:57,646 - mnist_binary - DEBUG - objective:7085.5974
2016-02-01 08:47:02,305 - mnist_binary - DEBUG - objective:7085.5845
2016-02-01 08:47:06,902 - mnist_binary - DEBUG - objective:7085.5738
2016-02-01 08:47:11,484 - mnist_binary - DEBUG - objective:7085.5659
2016-02-01 08:47:15,966 - mnist_binary - DEBUG - objective:7085.5572
2016-02-01 08:47:20,469 - mnist_binary - DEBUG - objective:7085.5495
2016-02-01 08:47:25,130 - mnist_binary - DEBUG - objective:7085.5421
2016-02-01 08:47:29,727 - mnist_binary - DEBUG - objective:7085.5380
2016-02-01 08:47:34,530 - mnist_binary - DEBUG - objective:7085.5344
2016-02-01 08:47:38,938 - mnist_binary - DEBUG - objective:7085.5265
2016-02-01 08:47:43,621 - mnist_binary - DEBUG - objective:7085.5280
2016-02-01 08:47:48,174 - mnist_binary - DEBUG - objective:7085.5228
2016-02-01 08:47:52,616 - mnist_binary - DEBUG - objective:7085.5183
2016-02-01 08:47:57,324 - mnist_binary - DEBUG - objective:7085.5146
2016-02-01 08:48:01,885 - mnist_binary - DEBUG - objective:7085.5120
2016-02-01 08:48:06,465 - mnist_binary - DEBUG - objective:7085.5099
2016-02-01 08:48:10,880 - mnist_binary - DEBUG - objective:7085.5087
2016-02-01 08:48:15,578 - mnist_binary - DEBUG - objective:7085.5077
2016-02-01 08:48:20,053 - mnist_binary - DEBUG - objective:7085.5073
2016-02-01 08:48:24,767 - mnist_binary - DEBUG - objective:7085.5047
2016-02-01 08:48:24,829 - mnist_binary - INFO - Saving model...
2016-02-01 08:48:25,573 - mnist_binary - INFO - Model saved.
2016-02-01 08:48:25,574 - mnist_binary - DEBUG - ftol: 9.97298112964
2016-02-01 08:48:25,574 - mnist_binary - INFO - diff:m:0.104095034884 s:0.000245521972011
2016-02-01 08:48:25,574 - mnist_binary - INFO - best obj found: 7085.50469954
2016-02-01 08:48:25,574 - mnist_binary - DEBUG - prediction started...
2016-02-01 08:48:42,705 - mnist_binary - DEBUG - prediction finished
