2017-12-24 08:58:26,713 - sarcos - INFO - experiment started for:{'latent_noise:': 0.001, 'optimize_stochastic': False, 'sparsity_factor': 0.001, 'experiment': 'sarcos', 'run_id': 0, 'll': 'CogLL', 'max_iter': 200, 'sample_num': 50000, 'optimization_config': {'hyp': 10, 'll': 10, 'mog': 25}, 'git_branch': 'master', 'xtol': 0.001, 'random_Z': False, 'git_hash': 'ebdaf1c62be1ab17cd8ecf759176add231f11d31', 'method': 'diag', 'model_init': None, 'ftol': 1e-05}
2017-12-24 09:24:46,940 - sarcos - INFO - Iteration 1 started.
2017-12-24 09:24:46,941 - sarcos - INFO - Optimizing: hyp
2017-12-24 10:16:24,419 - sarcos - DEBUG - Objective: 854693.0740
2017-12-24 11:08:04,463 - sarcos - DEBUG - Objective: 557740.4860
2017-12-24 11:59:45,648 - sarcos - DEBUG - Objective: 499866.3755
2017-12-24 12:51:26,863 - sarcos - DEBUG - Objective: 456978.9946
2017-12-24 13:43:10,984 - sarcos - DEBUG - Objective: 439351.1480
2017-12-24 14:34:55,483 - sarcos - DEBUG - Objective: 429950.8775
2017-12-24 15:26:38,610 - sarcos - DEBUG - Objective: 425028.0542
2017-12-24 16:18:16,113 - sarcos - DEBUG - Objective: 422405.9212
2017-12-24 17:10:39,120 - sarcos - DEBUG - Objective: 425327.9983
2017-12-24 18:02:18,286 - sarcos - DEBUG - Objective: 422404.5888
2017-12-24 18:54:00,178 - sarcos - DEBUG - Objective: 422405.8133
2017-12-24 19:45:43,875 - sarcos - DEBUG - Objective: 422404.9485
2017-12-24 19:45:43,876 - sarcos - INFO - Optimizing: mog
2017-12-24 20:12:04,582 - sarcos - DEBUG - Objective: 422406.0289
2017-12-24 20:38:29,001 - sarcos - DEBUG - Objective: 418292.5679
2017-12-24 21:04:52,134 - sarcos - DEBUG - Objective: 417981.6304
2017-12-24 21:31:17,177 - sarcos - DEBUG - Objective: 407565.4567
2017-12-24 21:57:40,756 - sarcos - DEBUG - Objective: 400477.3630
2017-12-24 22:24:00,143 - sarcos - DEBUG - Objective: 393165.0510
2017-12-24 22:50:22,417 - sarcos - DEBUG - Objective: 383070.0654
2017-12-24 23:16:44,354 - sarcos - DEBUG - Objective: 403903.1888
2017-12-24 23:43:07,257 - sarcos - DEBUG - Objective: 380207.1408
2017-12-25 00:09:24,731 - sarcos - DEBUG - Objective: 377012.5214
2017-12-25 00:35:44,289 - sarcos - DEBUG - Objective: 374072.3832
2017-12-25 01:02:05,279 - sarcos - DEBUG - Objective: 372749.1285
2017-12-25 01:28:27,296 - sarcos - DEBUG - Objective: 370120.5094
2017-12-25 01:54:50,549 - sarcos - DEBUG - Objective: 368298.7727
2017-12-25 02:21:15,593 - sarcos - DEBUG - Objective: 366871.9186
2017-12-25 02:47:43,426 - sarcos - DEBUG - Objective: 365929.6606
2017-12-25 03:14:10,922 - sarcos - DEBUG - Objective: 365035.5204
2017-12-25 03:40:39,167 - sarcos - DEBUG - Objective: 364399.7953
2017-12-25 04:07:05,633 - sarcos - DEBUG - Objective: 363571.4661
2017-12-25 04:33:34,179 - sarcos - DEBUG - Objective: 363191.9359
2017-12-25 05:00:02,836 - sarcos - DEBUG - Objective: 362683.4158
2017-12-25 05:26:34,277 - sarcos - DEBUG - Objective: 362529.8484
2017-12-25 05:53:06,799 - sarcos - DEBUG - Objective: 362376.6024
2017-12-25 06:19:42,244 - sarcos - DEBUG - Objective: 362116.0444
2017-12-25 06:46:12,721 - sarcos - DEBUG - Objective: 361754.7127
2017-12-25 07:12:43,785 - sarcos - DEBUG - Objective: 361140.1639
2017-12-25 07:12:43,786 - sarcos - INFO - Optimizing: hyp
2017-12-25 08:04:43,266 - sarcos - DEBUG - Objective: 361136.2179
2017-12-25 08:56:41,045 - sarcos - DEBUG - Objective: 361121.3055
2017-12-25 09:48:33,576 - sarcos - DEBUG - Objective: 360448.4113
2017-12-25 10:40:36,574 - sarcos - DEBUG - Objective: 360152.1382
2017-12-25 11:32:40,862 - sarcos - DEBUG - Objective: 363252.7299
2017-12-25 12:24:39,839 - sarcos - DEBUG - Objective: 360660.4914
2017-12-25 13:16:38,268 - sarcos - DEBUG - Objective: 360141.4927
2017-12-25 14:08:46,244 - sarcos - DEBUG - Objective: 360167.1494
2017-12-25 15:00:42,059 - sarcos - DEBUG - Objective: 360144.4241
2017-12-25 15:52:37,322 - sarcos - DEBUG - Objective: 360137.4168
2017-12-25 16:44:36,869 - sarcos - DEBUG - Objective: 361490.3202
2017-12-25 17:36:41,187 - sarcos - DEBUG - Objective: 360428.0854
2017-12-25 18:28:41,125 - sarcos - DEBUG - Objective: 360164.5792
2017-12-25 19:20:41,888 - sarcos - DEBUG - Objective: 360144.1047
2017-12-25 20:12:42,159 - sarcos - DEBUG - Objective: 360143.2279
2017-12-25 21:04:41,855 - sarcos - DEBUG - Objective: 360137.9222
2017-12-25 21:56:40,671 - sarcos - DEBUG - Objective: 360138.3766
2017-12-25 22:48:42,702 - sarcos - DEBUG - Objective: 360141.6139
2017-12-25 23:40:37,105 - sarcos - DEBUG - Objective: 360141.1135
2017-12-26 00:32:38,428 - sarcos - DEBUG - Objective: 360139.3689
2017-12-26 01:24:37,714 - sarcos - DEBUG - Objective: 360141.1815
2017-12-26 02:16:39,586 - sarcos - DEBUG - Objective: 360143.2302
2017-12-26 03:08:38,462 - sarcos - DEBUG - Objective: 360138.0670
2017-12-26 03:08:38,463 - sarcos - DEBUG - Objective: 360138.0670
2017-12-26 03:08:38,463 - sarcos - DEBUG - Objective: 360138.0670
2017-12-26 03:08:38,463 - sarcos - INFO - Optimizing: ll
2017-12-26 03:21:22,277 - sarcos - DEBUG - Objective: 360138.0609
2017-12-26 03:34:07,018 - sarcos - DEBUG - Objective: 168424.3419
2017-12-26 03:46:52,230 - sarcos - DEBUG - Objective: 141204.4735
2017-12-26 03:59:38,022 - sarcos - DEBUG - Objective: 128010.6112
2017-12-26 04:12:22,294 - sarcos - DEBUG - Objective: 125845.3864
2017-12-26 04:25:04,777 - sarcos - DEBUG - Objective: 125637.9824
2017-12-26 04:37:47,398 - sarcos - DEBUG - Objective: 125634.1567
2017-12-26 04:50:31,045 - sarcos - DEBUG - Objective: 125633.9467
2017-12-26 05:03:13,525 - sarcos - DEBUG - Objective: 125633.5708
2017-12-26 05:15:56,346 - sarcos - DEBUG - Objective: 125633.6879
2017-12-26 05:28:38,327 - sarcos - DEBUG - Objective: 125633.6416
2017-12-26 05:41:21,997 - sarcos - DEBUG - Objective: 125633.8774
2017-12-26 05:41:22,011 - sarcos - INFO - Iteration 2 started.
2017-12-26 05:41:22,011 - sarcos - INFO - Optimizing: hyp
2017-12-26 06:33:19,537 - sarcos - DEBUG - Objective: 125633.7070
2017-12-26 07:26:33,042 - sarcos - DEBUG - Objective: 134516.8200
2017-12-26 08:18:39,379 - sarcos - DEBUG - Objective: 125633.7285
2017-12-26 09:10:46,385 - sarcos - DEBUG - Objective: 125633.9663
2017-12-26 10:02:54,355 - sarcos - DEBUG - Objective: 125633.9101
2017-12-26 10:55:00,301 - sarcos - DEBUG - Objective: 125633.2680
2017-12-26 11:46:57,497 - sarcos - DEBUG - Objective: 125633.7138
2017-12-26 12:38:55,313 - sarcos - DEBUG - Objective: 125633.7490
2017-12-26 12:38:55,314 - sarcos - DEBUG - Objective: 125633.7490
2017-12-26 12:38:55,314 - sarcos - INFO - Optimizing: mog
2017-12-26 13:05:23,949 - sarcos - DEBUG - Objective: 125634.1079
2017-12-26 13:31:55,482 - sarcos - DEBUG - Objective: 124982.8975
2017-12-26 13:58:26,501 - sarcos - DEBUG - Objective: 123896.6485
2017-12-26 14:24:54,960 - sarcos - DEBUG - Objective: 122966.7505
2017-12-26 14:51:22,022 - sarcos - DEBUG - Objective: 122874.3273
2017-12-26 15:17:53,001 - sarcos - DEBUG - Objective: 122699.0462
2017-12-26 15:44:25,018 - sarcos - DEBUG - Objective: 122554.6913
2017-12-26 16:10:57,733 - sarcos - DEBUG - Objective: 122432.3596
2017-12-26 16:37:27,461 - sarcos - DEBUG - Objective: 122326.8075
2017-12-26 17:03:57,765 - sarcos - DEBUG - Objective: 122271.8283
2017-12-26 17:30:27,069 - sarcos - DEBUG - Objective: 122212.6745
2017-12-26 17:56:59,923 - sarcos - DEBUG - Objective: 122168.2941
2017-12-26 18:23:36,746 - sarcos - DEBUG - Objective: 122134.1799
2017-12-26 18:50:10,552 - sarcos - DEBUG - Objective: 122125.2490
2017-12-26 19:16:44,256 - sarcos - DEBUG - Objective: 122109.1052
2017-12-26 19:43:17,599 - sarcos - DEBUG - Objective: 122103.8672
2017-12-26 20:09:51,081 - sarcos - DEBUG - Objective: 122097.5898
2017-12-26 20:36:25,489 - sarcos - DEBUG - Objective: 122092.6251
2017-12-26 21:03:00,463 - sarcos - DEBUG - Objective: 122088.1239
2017-12-26 21:29:34,092 - sarcos - DEBUG - Objective: 122084.8065
2017-12-26 21:56:04,112 - sarcos - DEBUG - Objective: 122084.4520
2017-12-26 22:22:36,443 - sarcos - DEBUG - Objective: 122078.9049
2017-12-26 22:49:08,947 - sarcos - DEBUG - Objective: 122077.5882
2017-12-26 23:15:39,632 - sarcos - DEBUG - Objective: 122075.4178
2017-12-26 23:42:12,216 - sarcos - DEBUG - Objective: 122072.3579
2017-12-27 00:08:44,791 - sarcos - DEBUG - Objective: 122067.1570
2017-12-27 00:08:44,792 - sarcos - INFO - Optimizing: hyp
2017-12-27 01:00:39,821 - sarcos - DEBUG - Objective: 122067.4241
2017-12-27 01:53:55,629 - sarcos - DEBUG - Objective: 129426.9433
2017-12-27 02:45:55,411 - sarcos - DEBUG - Objective: 122067.2350
2017-12-27 03:37:54,153 - sarcos - DEBUG - Objective: 122067.2413
2017-12-27 04:29:54,673 - sarcos - DEBUG - Objective: 122067.2923
2017-12-27 05:21:58,311 - sarcos - DEBUG - Objective: 122066.9483
2017-12-27 06:14:04,213 - sarcos - DEBUG - Objective: 122067.3390
2017-12-27 07:06:08,699 - sarcos - DEBUG - Objective: 122066.5489
2017-12-27 07:58:10,137 - sarcos - DEBUG - Objective: 122067.0987
2017-12-27 08:50:00,531 - sarcos - DEBUG - Objective: 122067.5270
2017-12-27 09:41:52,212 - sarcos - DEBUG - Objective: 122067.2169
2017-12-27 10:33:47,848 - sarcos - DEBUG - Objective: 122067.4112
2017-12-27 10:33:47,848 - sarcos - DEBUG - Objective: 122067.4112
2017-12-27 10:33:47,849 - sarcos - INFO - Optimizing: ll
2017-12-27 10:46:30,823 - sarcos - DEBUG - Objective: 122067.3658
2017-12-27 10:59:13,323 - sarcos - DEBUG - Objective: 137462.3667
2017-12-27 11:11:57,454 - sarcos - DEBUG - Objective: 122041.9747
2017-12-27 11:24:41,034 - sarcos - DEBUG - Objective: 122041.7243
2017-12-27 11:37:24,943 - sarcos - DEBUG - Objective: 122041.5543
2017-12-27 11:50:08,443 - sarcos - DEBUG - Objective: 122041.2550
2017-12-27 12:02:51,994 - sarcos - DEBUG - Objective: 122041.4953
2017-12-27 12:15:34,996 - sarcos - DEBUG - Objective: 122041.9791
2017-12-27 12:28:17,051 - sarcos - DEBUG - Objective: 122041.6749
2017-12-27 12:28:17,067 - sarcos - DEBUG - Objective difference: 3592.202463
2017-12-27 12:28:17,067 - sarcos - INFO - Mean difference: 0.200270
2017-12-27 12:28:17,067 - sarcos - INFO - Covariance difference: 0.128917
2017-12-27 12:28:17,067 - sarcos - INFO - Iteration 3 started.
2017-12-27 12:28:17,067 - sarcos - INFO - Optimizing: hyp
2017-12-27 13:20:16,940 - sarcos - DEBUG - Objective: 122041.4284
2017-12-27 14:13:25,965 - sarcos - DEBUG - Objective: 129156.3114
2017-12-27 15:05:24,267 - sarcos - DEBUG - Objective: 122041.9661
2017-12-27 15:57:22,406 - sarcos - DEBUG - Objective: 122041.3384
2017-12-27 16:49:24,152 - sarcos - DEBUG - Objective: 122041.4479
2017-12-27 17:41:18,634 - sarcos - DEBUG - Objective: 122041.7588
2017-12-27 18:33:23,809 - sarcos - DEBUG - Objective: 122041.2544
2017-12-27 19:25:22,325 - sarcos - DEBUG - Objective: 122041.2671
2017-12-27 20:17:19,491 - sarcos - DEBUG - Objective: 122041.4693
2017-12-27 21:09:13,518 - sarcos - DEBUG - Objective: 122041.8111
2017-12-27 21:09:13,518 - sarcos - DEBUG - Objective: 122041.8111
2017-12-27 21:09:13,518 - sarcos - DEBUG - Objective: 122041.8111
2017-12-27 21:09:13,519 - sarcos - INFO - Optimizing: mog
2017-12-27 21:35:43,232 - sarcos - DEBUG - Objective: 122041.5371
2017-12-27 22:02:16,735 - sarcos - DEBUG - Objective: 122205.9476
2017-12-27 22:28:57,867 - sarcos - DEBUG - Objective: 122039.6740
2017-12-27 22:55:36,581 - sarcos - DEBUG - Objective: 122038.4159
2017-12-27 23:22:11,760 - sarcos - DEBUG - Objective: 122037.6345
2017-12-27 23:48:46,646 - sarcos - DEBUG - Objective: 122035.6849
2017-12-28 00:15:21,206 - sarcos - DEBUG - Objective: 122033.5253
2017-12-28 00:41:53,714 - sarcos - DEBUG - Objective: 122032.5240
2017-12-28 01:08:25,313 - sarcos - DEBUG - Objective: 122030.9051
2017-12-28 01:34:59,647 - sarcos - DEBUG - Objective: 122030.5110
2017-12-28 02:01:32,274 - sarcos - DEBUG - Objective: 122029.4732
2017-12-28 02:28:04,673 - sarcos - DEBUG - Objective: 122028.8285
2017-12-28 02:54:36,674 - sarcos - DEBUG - Objective: 122028.3273
2017-12-28 03:21:09,491 - sarcos - DEBUG - Objective: 122027.4111
2017-12-28 03:47:40,997 - sarcos - DEBUG - Objective: 122027.1543
2017-12-28 04:14:14,474 - sarcos - DEBUG - Objective: 122026.4119
2017-12-28 04:40:50,612 - sarcos - DEBUG - Objective: 122025.6576
2017-12-28 05:07:22,102 - sarcos - DEBUG - Objective: 122024.6286
2017-12-28 05:33:56,884 - sarcos - DEBUG - Objective: 122023.8549
2017-12-28 06:00:30,893 - sarcos - DEBUG - Objective: 122022.1567
2017-12-28 06:27:05,239 - sarcos - DEBUG - Objective: 122021.8894
2017-12-28 06:53:37,926 - sarcos - DEBUG - Objective: 122020.7838
2017-12-28 07:20:10,697 - sarcos - DEBUG - Objective: 122020.6100
2017-12-28 07:46:43,114 - sarcos - DEBUG - Objective: 122019.5711
2017-12-28 08:13:12,111 - sarcos - DEBUG - Objective: 122017.7490
2017-12-28 08:39:42,087 - sarcos - DEBUG - Objective: 122017.4298
2017-12-28 08:39:42,088 - sarcos - INFO - Optimizing: hyp
2017-12-28 09:31:42,290 - sarcos - DEBUG - Objective: 122017.5558
2017-12-28 10:23:39,423 - sarcos - DEBUG - Objective: 122333.3503
2017-12-28 11:15:38,016 - sarcos - DEBUG - Objective: 121961.3460
2017-12-28 12:07:38,008 - sarcos - DEBUG - Objective: 121964.7934
2017-12-28 12:59:35,662 - sarcos - DEBUG - Objective: 121960.9370
2017-12-28 13:51:27,452 - sarcos - DEBUG - Objective: 121961.5269
2017-12-28 14:43:25,475 - sarcos - DEBUG - Objective: 121961.4429
2017-12-28 15:35:22,896 - sarcos - DEBUG - Objective: 121961.6949
2017-12-28 16:27:23,021 - sarcos - DEBUG - Objective: 121961.1651
2017-12-28 17:19:26,073 - sarcos - DEBUG - Objective: 121961.5272
2017-12-28 18:11:26,116 - sarcos - DEBUG - Objective: 121961.6746
2017-12-28 19:03:30,717 - sarcos - DEBUG - Objective: 121961.6346
2017-12-28 19:55:31,520 - sarcos - DEBUG - Objective: 121961.4747
2017-12-28 20:47:34,014 - sarcos - INFO - Optimizing: ll
2017-12-28 21:00:17,227 - sarcos - DEBUG - Objective: 121960.8784
2017-12-28 21:13:02,552 - sarcos - DEBUG - Objective: 153272.4699
2017-12-28 21:25:45,943 - sarcos - DEBUG - Objective: 121959.3607
2017-12-28 21:38:29,703 - sarcos - DEBUG - Objective: 121959.3319
2017-12-28 21:51:14,673 - sarcos - DEBUG - Objective: 121959.5247
2017-12-28 22:03:58,337 - sarcos - DEBUG - Objective: 121959.4549
2017-12-28 22:16:44,402 - sarcos - DEBUG - Objective: 121959.3119
2017-12-28 22:29:30,031 - sarcos - DEBUG - Objective: 122190.8812
2017-12-28 22:42:14,485 - sarcos - DEBUG - Objective: 121959.4432
2017-12-28 22:54:58,979 - sarcos - DEBUG - Objective: 121959.1590
2017-12-28 23:07:45,214 - sarcos - DEBUG - Objective: 121959.5692
2017-12-28 23:20:31,456 - sarcos - DEBUG - Objective: 121959.5838
2017-12-28 23:20:31,456 - sarcos - DEBUG - Objective: 121959.5838
2017-12-28 23:20:31,472 - sarcos - DEBUG - Objective difference: 82.091115
2017-12-28 23:20:31,472 - sarcos - INFO - Mean difference: 0.020982
2017-12-28 23:20:31,472 - sarcos - INFO - Covariance difference: 0.093817
2017-12-28 23:20:31,472 - sarcos - INFO - Iteration 4 started.
2017-12-28 23:20:31,472 - sarcos - INFO - Optimizing: hyp
2017-12-29 00:12:31,287 - sarcos - DEBUG - Objective: 121959.5365
2017-12-29 01:04:35,722 - sarcos - DEBUG - Objective: 122349.4926
2017-12-29 01:56:49,048 - sarcos - DEBUG - Objective: 121917.2670
2017-12-29 02:48:52,131 - sarcos - DEBUG - Objective: 121929.5056
2017-12-29 03:40:52,014 - sarcos - DEBUG - Objective: 121929.8215
2017-12-29 04:32:51,186 - sarcos - DEBUG - Objective: 121929.3904
2017-12-29 05:24:46,638 - sarcos - DEBUG - Objective: 121929.6572
2017-12-29 06:16:48,889 - sarcos - DEBUG - Objective: 121929.4199
2017-12-29 07:08:46,237 - sarcos - DEBUG - Objective: 121929.4385
2017-12-29 08:00:50,729 - sarcos - DEBUG - Objective: 121929.7698
2017-12-29 08:52:56,316 - sarcos - INFO - Optimizing: mog
2017-12-29 09:19:29,693 - sarcos - DEBUG - Objective: 121917.2905
2017-12-29 09:46:00,940 - sarcos - DEBUG - Objective: 121862.5741
2017-12-29 10:12:34,302 - sarcos - DEBUG - Objective: 121823.4226
2017-12-29 10:39:06,130 - sarcos - DEBUG - Objective: 121815.1146
2017-12-29 11:05:33,828 - sarcos - DEBUG - Objective: 121808.7285
2017-12-29 11:32:02,345 - sarcos - DEBUG - Objective: 121799.0015
2017-12-29 11:58:32,067 - sarcos - DEBUG - Objective: 121790.2240
2017-12-29 12:25:02,023 - sarcos - DEBUG - Objective: 121785.1043
2017-12-29 12:51:34,022 - sarcos - DEBUG - Objective: 121784.6686
2017-12-29 13:18:03,475 - sarcos - DEBUG - Objective: 121783.9577
2017-12-29 13:44:32,751 - sarcos - DEBUG - Objective: 121783.3341
2017-12-29 14:11:00,105 - sarcos - DEBUG - Objective: 121782.8293
2017-12-29 14:37:29,762 - sarcos - DEBUG - Objective: 121782.2496
2017-12-29 15:03:56,039 - sarcos - DEBUG - Objective: 121781.8960
2017-12-29 15:30:25,882 - sarcos - DEBUG - Objective: 121781.7300
2017-12-29 15:56:54,377 - sarcos - DEBUG - Objective: 121781.1285
2017-12-29 16:23:28,570 - sarcos - DEBUG - Objective: 121781.0614
2017-12-29 16:49:59,407 - sarcos - DEBUG - Objective: 121780.9766
2017-12-29 17:16:26,991 - sarcos - DEBUG - Objective: 121780.2544
2017-12-29 17:42:54,286 - sarcos - DEBUG - Objective: 121779.7548
2017-12-29 18:09:25,797 - sarcos - DEBUG - Objective: 121779.7637
2017-12-29 18:35:52,539 - sarcos - DEBUG - Objective: 121780.0792
2017-12-29 19:02:22,706 - sarcos - DEBUG - Objective: 121779.8632
2017-12-29 19:28:53,977 - sarcos - DEBUG - Objective: 121780.0829
2017-12-29 19:55:24,978 - sarcos - DEBUG - Objective: 121780.1484
2017-12-29 20:21:53,190 - sarcos - DEBUG - Objective: 121780.1679
2017-12-29 20:21:53,191 - sarcos - DEBUG - Objective: 121780.1679
2017-12-29 20:21:53,191 - sarcos - INFO - Optimizing: hyp
2017-12-29 21:13:57,094 - sarcos - DEBUG - Objective: 121779.7963
2017-12-29 22:06:00,619 - sarcos - DEBUG - Objective: 121926.9744
2017-12-29 22:58:04,123 - sarcos - DEBUG - Objective: 121698.4635
2017-12-29 23:50:03,080 - sarcos - DEBUG - Objective: 121667.0087
2017-12-30 00:42:03,321 - sarcos - DEBUG - Objective: 121706.4747
2017-12-30 01:34:03,124 - sarcos - DEBUG - Objective: 121661.8066
2017-12-30 02:26:05,777 - sarcos - DEBUG - Objective: 121662.0338
2017-12-30 03:18:04,954 - sarcos - DEBUG - Objective: 121661.5837
2017-12-30 03:18:04,954 - sarcos - DEBUG - Objective: 121661.5837
2017-12-30 04:14:34,989 - sarcos - DEBUG - Objective: 281692.7042
2017-12-30 05:06:34,135 - sarcos - DEBUG - Objective: 121661.6061
2017-12-30 05:06:34,135 - sarcos - INFO - Optimizing: ll
2017-12-30 05:19:17,387 - sarcos - DEBUG - Objective: 121661.6120
2017-12-30 05:32:01,216 - sarcos - DEBUG - Objective: 151867.0217
2017-12-30 05:44:43,228 - sarcos - DEBUG - Objective: 121650.3532
2017-12-30 05:57:25,410 - sarcos - DEBUG - Objective: 121649.9768
2017-12-30 06:10:08,955 - sarcos - DEBUG - Objective: 121649.7688
2017-12-30 06:22:51,203 - sarcos - DEBUG - Objective: 121649.8083
2017-12-30 06:35:35,170 - sarcos - DEBUG - Objective: 121650.0247
2017-12-30 06:48:17,323 - sarcos - DEBUG - Objective: 121649.8415
2017-12-30 06:48:17,324 - sarcos - DEBUG - Objective: 121649.8415
2017-12-30 06:48:17,340 - sarcos - DEBUG - Objective difference: 309.742281
2017-12-30 06:48:17,340 - sarcos - INFO - Mean difference: 0.027033
2017-12-30 06:48:17,340 - sarcos - INFO - Covariance difference: 0.008849
2017-12-30 06:48:17,340 - sarcos - INFO - Iteration 5 started.
2017-12-30 06:48:17,340 - sarcos - INFO - Optimizing: hyp
2017-12-30 07:40:16,136 - sarcos - DEBUG - Objective: 121650.1130
2017-12-30 08:32:14,066 - sarcos - DEBUG - Objective: 121693.1434
2017-12-30 09:24:15,016 - sarcos - DEBUG - Objective: 121536.1446
2017-12-30 10:16:18,250 - sarcos - DEBUG - Objective: 121486.5751
2017-12-30 11:08:18,899 - sarcos - DEBUG - Objective: 121470.9391
2017-12-30 12:00:15,125 - sarcos - DEBUG - Objective: 121518.6271
2017-12-30 12:52:11,720 - sarcos - DEBUG - Objective: 121471.1264
2017-12-30 13:44:11,439 - sarcos - DEBUG - Objective: 121471.2301
2017-12-30 14:45:09,470 - sarcos - DEBUG - Objective: 281871.7186
2017-12-30 15:37:06,084 - sarcos - DEBUG - Objective: 121471.0539
2017-12-30 16:38:02,503 - sarcos - DEBUG - Objective: 281871.7269
2017-12-30 17:30:02,271 - sarcos - DEBUG - Objective: 121471.1896
2017-12-30 17:30:02,271 - sarcos - INFO - Optimizing: mog
2017-12-30 17:56:33,768 - sarcos - DEBUG - Objective: 121471.3561
2017-12-30 18:23:04,606 - sarcos - DEBUG - Objective: 121363.5905
2017-12-30 18:49:36,342 - sarcos - DEBUG - Objective: 121301.3259
2017-12-30 19:16:08,141 - sarcos - DEBUG - Objective: 121287.4364
2017-12-30 19:42:37,964 - sarcos - DEBUG - Objective: 121272.2649
2017-12-30 20:09:07,563 - sarcos - DEBUG - Objective: 121257.3025
2017-12-30 20:35:35,612 - sarcos - DEBUG - Objective: 121243.3609
2017-12-30 21:02:06,915 - sarcos - DEBUG - Objective: 121225.1538
2017-12-30 21:28:37,517 - sarcos - DEBUG - Objective: 121222.9394
2017-12-30 21:55:10,508 - sarcos - DEBUG - Objective: 121222.0259
2017-12-30 22:21:40,769 - sarcos - DEBUG - Objective: 121221.7434
2017-12-30 22:48:14,175 - sarcos - DEBUG - Objective: 121220.5005
2017-12-30 23:14:45,081 - sarcos - DEBUG - Objective: 121219.4874
2017-12-30 23:41:16,215 - sarcos - DEBUG - Objective: 121218.5037
2017-12-31 00:07:47,027 - sarcos - DEBUG - Objective: 121217.7788
2017-12-31 00:34:20,324 - sarcos - DEBUG - Objective: 121217.3564
2017-12-31 01:00:52,033 - sarcos - DEBUG - Objective: 121216.7241
2017-12-31 01:27:23,580 - sarcos - DEBUG - Objective: 121216.2421
2017-12-31 01:53:55,042 - sarcos - DEBUG - Objective: 121215.0945
2017-12-31 02:20:26,421 - sarcos - DEBUG - Objective: 121214.0285
2017-12-31 02:46:55,267 - sarcos - DEBUG - Objective: 121213.4132
2017-12-31 03:13:29,421 - sarcos - DEBUG - Objective: 121211.9866
2017-12-31 03:40:01,285 - sarcos - DEBUG - Objective: 121211.4048
2017-12-31 04:06:30,252 - sarcos - DEBUG - Objective: 121210.6589
2017-12-31 04:32:59,458 - sarcos - DEBUG - Objective: 121209.8818
2017-12-31 04:59:27,616 - sarcos - DEBUG - Objective: 121208.8679
2017-12-31 04:59:27,617 - sarcos - INFO - Optimizing: hyp
2017-12-31 05:51:25,810 - sarcos - DEBUG - Objective: 121208.9416
2017-12-31 06:43:22,701 - sarcos - DEBUG - Objective: 121036.5327
2017-12-31 07:35:18,227 - sarcos - DEBUG - Objective: 134025.5520
2017-12-31 08:27:15,442 - sarcos - DEBUG - Objective: 121592.4795
2017-12-31 09:19:18,949 - sarcos - DEBUG - Objective: 121088.2458
2017-12-31 10:11:27,696 - sarcos - DEBUG - Objective: 121036.6885
2017-12-31 11:12:40,113 - sarcos - DEBUG - Objective: 318438.3140
2017-12-31 12:04:37,719 - sarcos - DEBUG - Objective: 121036.7730
2017-12-31 12:04:37,720 - sarcos - INFO - Optimizing: ll
2017-12-31 12:17:20,157 - sarcos - DEBUG - Objective: 121036.5889
2017-12-31 12:30:03,677 - sarcos - DEBUG - Objective: 148286.0802
2017-12-31 12:42:47,213 - sarcos - DEBUG - Objective: 120949.5322
2017-12-31 12:55:30,149 - sarcos - DEBUG - Objective: 120949.0158
2017-12-31 13:08:13,780 - sarcos - DEBUG - Objective: 120949.0476
2017-12-31 13:20:57,371 - sarcos - DEBUG - Objective: 120949.1814
2017-12-31 13:33:40,313 - sarcos - DEBUG - Objective: 120948.7053
2017-12-31 13:33:40,314 - sarcos - DEBUG - Objective: 120948.7053
2017-12-31 13:46:23,882 - sarcos - DEBUG - Objective: 120949.0818
2017-12-31 13:59:06,229 - sarcos - DEBUG - Objective: 120949.1345
2017-12-31 14:11:49,994 - sarcos - DEBUG - Objective: 120949.0237
2017-12-31 14:11:50,010 - sarcos - DEBUG - Objective difference: 700.817889
2017-12-31 14:11:50,010 - sarcos - INFO - Mean difference: 0.029409
2017-12-31 14:11:50,010 - sarcos - INFO - Covariance difference: 0.039266
2017-12-31 14:11:50,010 - sarcos - INFO - Iteration 6 started.
2017-12-31 14:11:50,010 - sarcos - INFO - Optimizing: hyp
2017-12-31 15:03:43,617 - sarcos - DEBUG - Objective: 120948.8415
2017-12-31 15:55:43,174 - sarcos - DEBUG - Objective: 119594.3244
2017-12-31 16:47:42,006 - sarcos - DEBUG - Objective: 133644.3983
2017-12-31 17:39:34,150 - sarcos - DEBUG - Objective: 119955.5643
2017-12-31 18:31:35,022 - sarcos - DEBUG - Objective: 119593.6221
2017-12-31 19:23:42,241 - sarcos - DEBUG - Objective: 119766.3506
2017-12-31 20:15:42,710 - sarcos - DEBUG - Objective: 119606.7722
2017-12-31 21:07:40,154 - sarcos - DEBUG - Objective: 119593.5113
2017-12-31 21:59:35,752 - sarcos - DEBUG - Objective: 319039.2912
2017-12-31 22:51:28,438 - sarcos - DEBUG - Objective: 119593.6343
2017-12-31 23:43:34,123 - sarcos - DEBUG - Objective: 119593.8731
2018-01-01 00:35:36,118 - sarcos - DEBUG - Objective: 119593.7379
2018-01-01 01:27:36,712 - sarcos - DEBUG - Objective: 119593.5689
2018-01-01 02:19:36,443 - sarcos - DEBUG - Objective: 119593.5967
2018-01-01 03:11:45,642 - sarcos - DEBUG - Objective: 119593.7403
2018-01-01 03:11:45,643 - sarcos - DEBUG - Objective: 119593.7403
2018-01-01 03:11:45,643 - sarcos - INFO - Optimizing: mog
2018-01-01 03:38:16,039 - sarcos - DEBUG - Objective: 119593.8956
2018-01-01 04:04:51,078 - sarcos - DEBUG - Objective: 119167.5978
2018-01-01 04:31:25,517 - sarcos - DEBUG - Objective: 119033.8576
2018-01-01 04:57:59,165 - sarcos - DEBUG - Objective: 118919.7640
2018-01-01 05:24:29,411 - sarcos - DEBUG - Objective: 118751.8791
2018-01-01 05:50:58,964 - sarcos - DEBUG - Objective: 118405.9555
2018-01-01 06:17:33,528 - sarcos - DEBUG - Objective: 118126.3839
2018-01-01 06:44:05,349 - sarcos - DEBUG - Objective: 118386.2784
2018-01-01 07:10:38,734 - sarcos - DEBUG - Objective: 118066.2068
2018-01-01 07:37:07,505 - sarcos - DEBUG - Objective: 118055.3183
2018-01-01 08:03:36,686 - sarcos - DEBUG - Objective: 118036.2138
2018-01-01 08:30:10,264 - sarcos - DEBUG - Objective: 118021.2810
2018-01-01 08:56:39,941 - sarcos - DEBUG - Objective: 117978.5412
2018-01-01 09:23:08,303 - sarcos - DEBUG - Objective: 117957.8470
2018-01-01 09:49:40,771 - sarcos - DEBUG - Objective: 117939.0050
2018-01-01 10:16:13,861 - sarcos - DEBUG - Objective: 117934.5965
2018-01-01 10:42:44,014 - sarcos - DEBUG - Objective: 117931.8084
2018-01-01 11:09:17,326 - sarcos - DEBUG - Objective: 117927.9254
2018-01-01 11:35:51,978 - sarcos - DEBUG - Objective: 117921.9195
2018-01-01 12:02:21,275 - sarcos - DEBUG - Objective: 117914.7024
2018-01-01 12:28:54,510 - sarcos - DEBUG - Objective: 117908.5096
2018-01-01 12:55:25,939 - sarcos - DEBUG - Objective: 117908.2371
2018-01-01 13:21:55,457 - sarcos - DEBUG - Objective: 117906.0353
2018-01-01 13:48:25,775 - sarcos - DEBUG - Objective: 117905.5102
2018-01-01 14:14:58,296 - sarcos - DEBUG - Objective: 117902.6988
2018-01-01 14:41:27,656 - sarcos - DEBUG - Objective: 117898.9065
2018-01-01 14:41:27,657 - sarcos - INFO - Optimizing: hyp
2018-01-01 15:33:27,130 - sarcos - DEBUG - Objective: 117898.9641
2018-01-01 16:25:25,022 - sarcos - DEBUG - Objective: 118592.0680
2018-01-01 17:17:20,189 - sarcos - DEBUG - Objective: 117769.7993
2018-01-01 18:09:23,152 - sarcos - DEBUG - Objective: 117748.8247
2018-01-01 19:01:25,192 - sarcos - DEBUG - Objective: 117981.6133
2018-01-01 19:53:20,917 - sarcos - DEBUG - Objective: 117761.2104
2018-01-01 20:45:20,693 - sarcos - DEBUG - Objective: 117749.7215
2018-01-01 21:37:25,210 - sarcos - DEBUG - Objective: 117748.5508
2018-01-01 22:29:22,457 - sarcos - DEBUG - Objective: 503851.2522
2018-01-01 23:21:29,364 - sarcos - DEBUG - Objective: 117748.5405
2018-01-02 00:13:24,693 - sarcos - DEBUG - Objective: 503855.1184
2018-01-02 01:05:28,411 - sarcos - DEBUG - Objective: 117748.6831
2018-01-02 01:05:28,412 - sarcos - INFO - Optimizing: ll
2018-01-02 01:18:13,136 - sarcos - DEBUG - Objective: 117748.4477
2018-01-02 01:30:55,928 - sarcos - DEBUG - Objective: 140729.9032
2018-01-02 01:43:38,870 - sarcos - DEBUG - Objective: 117418.4686
2018-01-02 01:56:23,074 - sarcos - DEBUG - Objective: 117415.7038
2018-01-02 02:09:06,988 - sarcos - DEBUG - Objective: 117415.8951
2018-01-02 02:21:51,769 - sarcos - DEBUG - Objective: 117415.7194
2018-01-02 02:34:35,535 - sarcos - DEBUG - Objective: 117415.6740
2018-01-02 02:47:20,896 - sarcos - DEBUG - Objective: 117415.8229
2018-01-02 03:00:05,035 - sarcos - DEBUG - Objective: 117415.9596
2018-01-02 03:00:05,051 - sarcos - DEBUG - Objective difference: 3533.064022
2018-01-02 03:00:05,051 - sarcos - INFO - Mean difference: 0.102595
2018-01-02 03:00:05,051 - sarcos - INFO - Covariance difference: 0.027738
2018-01-02 03:00:05,051 - sarcos - INFO - Iteration 7 started.
2018-01-02 03:00:05,051 - sarcos - INFO - Optimizing: hyp
2018-01-02 03:52:08,159 - sarcos - DEBUG - Objective: 117415.5343
2018-01-02 04:44:04,681 - sarcos - DEBUG - Objective: 118553.9597
2018-01-02 05:36:08,544 - sarcos - DEBUG - Objective: 117349.1897
2018-01-02 06:28:14,445 - sarcos - DEBUG - Objective: 117381.8771
2018-01-02 07:20:09,788 - sarcos - DEBUG - Objective: 117349.5879
2018-01-02 08:12:07,377 - sarcos - DEBUG - Objective: 117349.2429
2018-01-02 09:03:58,517 - sarcos - DEBUG - Objective: 117349.1800
2018-01-02 09:55:53,389 - sarcos - DEBUG - Objective: 505804.7796
2018-01-02 10:47:49,257 - sarcos - DEBUG - Objective: 117349.1131
2018-01-02 11:39:46,952 - sarcos - DEBUG - Objective: 505779.1561
2018-01-02 12:31:38,177 - sarcos - DEBUG - Objective: 117349.5159
2018-01-02 12:31:38,178 - sarcos - INFO - Optimizing: mog
2018-01-02 12:58:04,707 - sarcos - DEBUG - Objective: 117349.8689
2018-01-02 13:24:35,753 - sarcos - DEBUG - Objective: 117996.9314
2018-01-02 13:51:06,563 - sarcos - DEBUG - Objective: 117221.0504
2018-01-02 14:17:37,106 - sarcos - DEBUG - Objective: 117215.1091
2018-01-02 14:44:04,167 - sarcos - DEBUG - Objective: 117203.6719
2018-01-02 15:10:32,642 - sarcos - DEBUG - Objective: 117188.8984
2018-01-02 15:37:01,917 - sarcos - DEBUG - Objective: 117150.3561
2018-01-02 16:03:32,754 - sarcos - DEBUG - Objective: 117103.7489
2018-01-02 16:30:07,012 - sarcos - DEBUG - Objective: 117104.8474
2018-01-02 16:56:36,241 - sarcos - DEBUG - Objective: 117085.8083
2018-01-02 17:23:05,908 - sarcos - DEBUG - Objective: 117076.5140
2018-01-02 17:49:41,146 - sarcos - DEBUG - Objective: 117075.2924
2018-01-02 18:16:13,438 - sarcos - DEBUG - Objective: 117073.8462
2018-01-02 18:42:44,817 - sarcos - DEBUG - Objective: 117069.5217
2018-01-02 19:09:19,045 - sarcos - DEBUG - Objective: 117063.0476
2018-01-02 19:35:55,342 - sarcos - DEBUG - Objective: 117063.3275
2018-01-02 20:02:28,684 - sarcos - DEBUG - Objective: 117059.6335
2018-01-02 20:28:59,966 - sarcos - DEBUG - Objective: 117055.5743
2018-01-02 20:55:32,321 - sarcos - DEBUG - Objective: 117053.7438
2018-01-02 21:22:00,255 - sarcos - DEBUG - Objective: 117053.5406
2018-01-02 21:48:33,517 - sarcos - DEBUG - Objective: 117051.6755
2018-01-02 22:15:04,842 - sarcos - DEBUG - Objective: 117049.9252
2018-01-02 22:41:40,143 - sarcos - DEBUG - Objective: 117048.8902
2018-01-02 23:08:10,932 - sarcos - DEBUG - Objective: 117047.3821
2018-01-02 23:34:45,996 - sarcos - DEBUG - Objective: 117046.6328
2018-01-03 00:01:19,645 - sarcos - DEBUG - Objective: 117045.0400
2018-01-03 00:01:19,645 - sarcos - INFO - Optimizing: hyp
2018-01-03 00:53:19,874 - sarcos - DEBUG - Objective: 117045.2178
2018-01-03 01:45:12,316 - sarcos - DEBUG - Objective: 118960.1991
2018-01-03 02:37:10,617 - sarcos - DEBUG - Objective: 117069.2935
2018-01-03 03:29:09,795 - sarcos - DEBUG - Objective: 117041.4749
2018-01-03 04:21:27,513 - sarcos - DEBUG - Objective: 117041.9269
2018-01-03 05:13:38,441 - sarcos - DEBUG - Objective: 117041.4455
2018-01-03 06:05:52,613 - sarcos - DEBUG - Objective: 117041.1306
2018-01-03 06:58:11,098 - sarcos - DEBUG - Objective: 117041.8498
2018-01-03 07:50:28,706 - sarcos - DEBUG - Objective: 117041.5236
2018-01-03 08:42:49,303 - sarcos - DEBUG - Objective: 605371.4713
2018-01-03 09:35:07,454 - sarcos - DEBUG - Objective: 117041.5979
2018-01-03 09:35:07,454 - sarcos - INFO - Optimizing: ll
2018-01-03 09:47:53,194 - sarcos - DEBUG - Objective: 117041.2512
2018-01-03 10:00:40,716 - sarcos - DEBUG - Objective: 146204.2967
2018-01-03 10:13:28,045 - sarcos - DEBUG - Objective: 117011.5743
2018-01-03 10:26:14,125 - sarcos - DEBUG - Objective: 117011.0901
2018-01-03 10:39:01,846 - sarcos - DEBUG - Objective: 117011.1106
2018-01-03 10:51:48,450 - sarcos - DEBUG - Objective: 117011.3284
2018-01-03 11:04:35,828 - sarcos - DEBUG - Objective: 117010.9207
2018-01-03 11:04:35,828 - sarcos - DEBUG - Objective: 117010.9207
2018-01-03 11:17:23,414 - sarcos - DEBUG - Objective: 117010.9261
2018-01-03 11:30:09,608 - sarcos - DEBUG - Objective: 117010.8841
2018-01-03 11:30:09,609 - sarcos - DEBUG - Objective: 117010.8841
2018-01-03 11:42:58,062 - sarcos - DEBUG - Objective: 117010.8118
2018-01-03 11:42:58,078 - sarcos - DEBUG - Objective difference: 405.147821
2018-01-03 11:42:58,078 - sarcos - INFO - Mean difference: 0.045784
2018-01-03 11:42:58,078 - sarcos - INFO - Covariance difference: 0.029154
2018-01-03 11:42:58,078 - sarcos - INFO - Iteration 8 started.
2018-01-03 11:42:58,078 - sarcos - INFO - Optimizing: hyp
2018-01-03 12:35:21,463 - sarcos - DEBUG - Objective: 117011.0047
2018-01-03 13:27:38,063 - sarcos - DEBUG - Objective: 119215.8094
2018-01-03 14:20:00,861 - sarcos - DEBUG - Objective: 117069.0502
2018-01-03 15:12:28,263 - sarcos - DEBUG - Objective: 117014.2144
2018-01-03 16:04:46,383 - sarcos - DEBUG - Objective: 117010.9592
2018-01-03 16:57:00,993 - sarcos - DEBUG - Objective: 117012.1833
2018-01-03 17:49:27,958 - sarcos - DEBUG - Objective: 117011.4460
2018-01-03 18:42:05,399 - sarcos - DEBUG - Objective: 117011.2712
2018-01-03 19:34:40,404 - sarcos - DEBUG - Objective: 117011.2717
2018-01-03 19:34:40,405 - sarcos - INFO - Optimizing: mog
2018-01-03 20:01:24,903 - sarcos - DEBUG - Objective: 117011.4456
2018-01-03 20:28:14,010 - sarcos - DEBUG - Objective: 118421.0341
2018-01-03 20:55:03,703 - sarcos - DEBUG - Objective: 117005.7882
2018-01-03 21:21:53,730 - sarcos - DEBUG - Objective: 117004.6487
2018-01-03 21:48:42,069 - sarcos - DEBUG - Objective: 117004.0727
2018-01-03 22:15:29,976 - sarcos - DEBUG - Objective: 117003.7296
2018-01-03 22:42:12,821 - sarcos - DEBUG - Objective: 117002.3374
2018-01-03 23:08:57,415 - sarcos - DEBUG - Objective: 117000.5000
2018-01-03 23:35:41,139 - sarcos - DEBUG - Objective: 116998.4201
2018-01-04 00:02:19,543 - sarcos - DEBUG - Objective: 116998.2259
2018-01-04 00:28:55,121 - sarcos - DEBUG - Objective: 116998.2965
2018-01-04 00:55:29,921 - sarcos - DEBUG - Objective: 116998.1868
2018-01-04 01:22:06,539 - sarcos - DEBUG - Objective: 116998.1543
2018-01-04 01:48:41,161 - sarcos - DEBUG - Objective: 116997.2909
2018-01-04 02:15:13,577 - sarcos - DEBUG - Objective: 116996.1924
2018-01-04 02:41:46,534 - sarcos - DEBUG - Objective: 116995.9890
2018-01-04 03:08:18,211 - sarcos - DEBUG - Objective: 116994.8503
2018-01-04 03:34:52,850 - sarcos - DEBUG - Objective: 116994.8633
2018-01-04 04:01:23,889 - sarcos - DEBUG - Objective: 116994.6998
2018-01-04 04:27:59,789 - sarcos - DEBUG - Objective: 116994.7098
2018-01-04 04:54:31,881 - sarcos - DEBUG - Objective: 116994.6697
2018-01-04 05:21:06,361 - sarcos - DEBUG - Objective: 116994.3094
2018-01-04 05:47:40,595 - sarcos - DEBUG - Objective: 116994.0063
2018-01-04 06:14:13,156 - sarcos - DEBUG - Objective: 116992.8981
2018-01-04 06:40:45,034 - sarcos - DEBUG - Objective: 116990.8371
2018-01-04 07:07:16,223 - sarcos - DEBUG - Objective: 116992.5658
2018-01-04 07:33:46,131 - sarcos - DEBUG - Objective: 116989.7715
2018-01-04 07:33:46,132 - sarcos - INFO - Optimizing: hyp
2018-01-04 08:25:47,524 - sarcos - DEBUG - Objective: 116989.6675
2018-01-04 09:17:46,908 - sarcos - DEBUG - Objective: 119476.6426
2018-01-04 10:09:43,668 - sarcos - DEBUG - Objective: 117067.5838
2018-01-04 11:01:46,872 - sarcos - DEBUG - Objective: 116996.9867
2018-01-04 11:54:09,767 - sarcos - DEBUG - Objective: 116991.2700
2018-01-04 12:46:34,792 - sarcos - DEBUG - Objective: 116990.0659
2018-01-04 13:38:59,484 - sarcos - DEBUG - Objective: 116989.8843
2018-01-04 14:31:21,865 - sarcos - DEBUG - Objective: 116990.0923
2018-01-04 15:23:37,302 - sarcos - DEBUG - Objective: 116989.9727
2018-01-04 16:16:02,011 - sarcos - DEBUG - Objective: 116990.0166
2018-01-04 17:08:22,457 - sarcos - DEBUG - Objective: 116989.9233
2018-01-04 18:00:45,662 - sarcos - DEBUG - Objective: 116990.0903
2018-01-04 18:00:45,662 - sarcos - DEBUG - Objective: 116990.0903
2018-01-04 18:00:45,662 - sarcos - INFO - Optimizing: ll
2018-01-04 18:13:34,862 - sarcos - DEBUG - Objective: 116989.7441
2018-01-04 18:26:24,012 - sarcos - DEBUG - Objective: 148314.5015
2018-01-04 18:39:14,287 - sarcos - DEBUG - Objective: 116988.4908
2018-01-04 18:52:02,708 - sarcos - DEBUG - Objective: 116988.4327
2018-01-04 19:04:50,408 - sarcos - DEBUG - Objective: 116988.0201
2018-01-04 19:17:37,321 - sarcos - DEBUG - Objective: 116988.4005
2018-01-04 19:30:25,462 - sarcos - DEBUG - Objective: 116988.4166
2018-01-04 19:43:13,918 - sarcos - DEBUG - Objective: 116988.8521
2018-01-04 19:56:05,809 - sarcos - DEBUG - Objective: 116988.6471
2018-01-04 20:08:56,947 - sarcos - DEBUG - Objective: 116988.5816
2018-01-04 20:21:46,785 - sarcos - DEBUG - Objective difference: 22.455775
2018-01-04 20:21:46,786 - sarcos - INFO - Mean difference: 0.010225
2018-01-04 20:21:46,786 - sarcos - INFO - Covariance difference: 0.028775
2018-01-04 20:21:46,786 - sarcos - INFO - Iteration 9 started.
2018-01-04 20:21:46,786 - sarcos - INFO - Optimizing: hyp
2018-01-04 21:14:16,810 - sarcos - DEBUG - Objective: 116988.4210
2018-01-04 22:06:43,498 - sarcos - DEBUG - Objective: 119563.3635
2018-01-04 22:59:12,498 - sarcos - DEBUG - Objective: 117073.8959
2018-01-04 23:51:39,086 - sarcos - DEBUG - Objective: 116997.2294
2018-01-05 00:44:44,618 - sarcos - DEBUG - Objective: 116989.7046
2018-01-05 01:37:29,677 - sarcos - DEBUG - Objective: 116988.6402
2018-01-05 02:30:02,470 - sarcos - DEBUG - Objective: 116988.3751
2018-01-05 03:22:28,391 - sarcos - DEBUG - Objective: 116988.8682
2018-01-05 04:14:56,927 - sarcos - DEBUG - Objective: 116988.5670
2018-01-05 05:07:29,227 - sarcos - DEBUG - Objective: 116988.7896
2018-01-05 06:00:03,889 - sarcos - DEBUG - Objective: 116989.1041
2018-01-05 06:00:03,889 - sarcos - INFO - Optimizing: mog
2018-01-05 06:26:45,487 - sarcos - DEBUG - Objective: 116988.3873
2018-01-05 06:53:28,244 - sarcos - DEBUG - Objective: 118673.0455
2018-01-05 07:20:11,669 - sarcos - DEBUG - Objective: 116987.3861
2018-01-05 07:46:56,752 - sarcos - DEBUG - Objective: 116987.5533
2018-01-05 08:13:38,790 - sarcos - DEBUG - Objective: 116987.5222
2018-01-05 08:40:26,161 - sarcos - DEBUG - Objective: 116987.4227
2018-01-05 09:07:15,882 - sarcos - DEBUG - Objective: 116987.6444
2018-01-05 09:33:59,669 - sarcos - DEBUG - Objective: 116987.5248
2018-01-05 10:00:42,933 - sarcos - DEBUG - Objective: 116987.5355
2018-01-05 10:00:42,933 - sarcos - DEBUG - Objective: 116987.5355
2018-01-05 10:00:42,934 - sarcos - INFO - Optimizing: hyp
2018-01-05 10:53:17,249 - sarcos - DEBUG - Objective: 116987.2997
2018-01-05 11:45:48,285 - sarcos - DEBUG - Objective: 119570.6631
2018-01-05 12:38:18,718 - sarcos - DEBUG - Objective: 117076.2771
2018-01-05 13:30:47,054 - sarcos - DEBUG - Objective: 116997.2414
2018-01-05 14:23:19,359 - sarcos - DEBUG - Objective: 116989.1976
2018-01-05 15:15:40,012 - sarcos - DEBUG - Objective: 116987.4403
2018-01-05 16:08:00,476 - sarcos - DEBUG - Objective: 116987.6029
2018-01-05 17:00:26,761 - sarcos - DEBUG - Objective: 116987.3788
2018-01-05 17:52:55,185 - sarcos - DEBUG - Objective: 116987.4120
2018-01-05 18:45:23,562 - sarcos - DEBUG - Objective: 116987.3612
2018-01-05 19:37:45,719 - sarcos - DEBUG - Objective: 116987.5043
2018-01-05 20:30:06,686 - sarcos - DEBUG - Objective: 116987.5394
2018-01-05 21:22:33,550 - sarcos - DEBUG - Objective: 116987.5516
2018-01-05 21:22:33,550 - sarcos - DEBUG - Objective: 116987.5516
2018-01-05 21:22:33,550 - sarcos - INFO - Optimizing: ll
2018-01-05 21:35:23,673 - sarcos - DEBUG - Objective: 116987.5917
2018-01-05 21:48:12,291 - sarcos - DEBUG - Objective: 133340.2454
2018-01-05 22:01:01,523 - sarcos - DEBUG - Objective: 116987.5477
2018-01-05 22:13:51,468 - sarcos - DEBUG - Objective: 116987.4417
2018-01-05 22:26:39,457 - sarcos - DEBUG - Objective: 116987.6234
2018-01-05 22:39:29,064 - sarcos - DEBUG - Objective: 116988.0423
2018-01-05 22:52:18,912 - sarcos - DEBUG - Objective: 116987.3895
2018-01-05 22:52:18,912 - sarcos - DEBUG - Objective: 116987.3895
2018-01-05 23:05:09,745 - sarcos - DEBUG - Objective: 116987.9066
2018-01-05 23:18:05,430 - sarcos - DEBUG - Objective: 116987.3739
2018-01-05 23:18:05,431 - sarcos - DEBUG - Objective: 116987.3739
2018-01-05 23:30:57,794 - sarcos - DEBUG - Objective: 116987.6976
2018-01-05 23:43:46,672 - sarcos - DEBUG - Objective: 116987.4085
2018-01-05 23:43:46,673 - sarcos - DEBUG - Objective: 116987.4085
2018-01-05 23:43:46,689 - sarcos - DEBUG - Objective difference: 0.947497
2018-01-05 23:43:46,689 - sarcos - INFO - Mean difference: 0.000154
2018-01-05 23:43:46,689 - sarcos - INFO - Covariance difference: 0.000024
2018-01-05 23:43:46,689 - sarcos - DEBUG - prediction started...
2018-01-05 23:46:52,630 - sarcos - DEBUG - prediction finished
