2016-04-16 14:51:38,550 - sarcos - INFO - experiment started for:{'run_id': 0, 'max_iter': 200, 'optimization_config': {'hyp': 10, 'inducing': 6, 'll': 10, 'mog': 50}, 'xtol': 0.001, 'git_hash': '87b4efbf87eb479eff760f9cccb9258a0ffc5274', 'model_init': '../results/sarcos_16-Apr-2016_07h13m29s_5066/', 'ftol': 1e-05, 'latent_noise:': 0.001, 'sparsity_factor': 0.004, 'll': 'CogLL', 'sample_num': 2000, 'experiment': 'sarcos', 'git_branch': 'master', 'random_Z': True, 'method': 'full'}
2016-04-16 14:51:38,570 - sarcos - INFO - Iteration 1 started.
2016-04-16 14:51:38,571 - sarcos - INFO - Optimizing: mog
2016-04-16 14:51:52,323 - sarcos - DEBUG - Objective:23591.7883
2016-04-16 14:52:06,206 - sarcos - DEBUG - Objective:28913.4323
2016-04-16 14:52:19,696 - sarcos - DEBUG - Objective:23538.9074
2016-04-16 14:52:33,248 - sarcos - DEBUG - Objective:23499.8967
2016-04-16 14:52:47,214 - sarcos - DEBUG - Objective:23485.1961
2016-04-16 14:53:00,613 - sarcos - DEBUG - Objective:23467.2209
2016-04-16 14:53:14,027 - sarcos - DEBUG - Objective:23467.6572
2016-04-16 14:53:27,598 - sarcos - DEBUG - Objective:23459.9430
2016-04-16 14:53:41,131 - sarcos - DEBUG - Objective:23452.1527
2016-04-16 14:53:54,662 - sarcos - DEBUG - Objective:23448.5733
2016-04-16 14:54:08,108 - sarcos - DEBUG - Objective:23444.9761
2016-04-16 14:54:21,982 - sarcos - DEBUG - Objective:23442.1515
2016-04-16 14:54:35,870 - sarcos - DEBUG - Objective:23440.6377
2016-04-16 14:54:49,336 - sarcos - DEBUG - Objective:23439.1481
2016-04-16 14:55:03,130 - sarcos - DEBUG - Objective:23440.9995
2016-04-16 14:55:16,448 - sarcos - DEBUG - Objective:23435.0612
2016-04-16 14:55:30,711 - sarcos - DEBUG - Objective:23436.4884
2016-04-16 14:55:44,432 - sarcos - DEBUG - Objective:23437.0978
2016-04-16 14:55:57,773 - sarcos - DEBUG - Objective:23440.2280
2016-04-16 14:56:11,260 - sarcos - DEBUG - Objective:23435.0907
2016-04-16 14:56:25,320 - sarcos - DEBUG - Objective:23435.2124
2016-04-16 14:56:38,990 - sarcos - DEBUG - Objective:23437.6871
2016-04-16 14:56:52,807 - sarcos - DEBUG - Objective:23436.0746
2016-04-16 14:56:52,808 - sarcos - INFO - Optimizing: hyp
2016-04-16 14:57:08,218 - sarcos - DEBUG - Objective:23434.8974
2016-04-16 14:57:23,603 - sarcos - DEBUG - Objective:282205.8258
2016-04-16 14:57:39,098 - sarcos - DEBUG - Objective:23440.4154
2016-04-16 14:57:54,393 - sarcos - DEBUG - Objective:23443.7317
2016-04-16 14:58:09,885 - sarcos - DEBUG - Objective:23438.9261
2016-04-16 14:58:25,246 - sarcos - DEBUG - Objective:23443.9019
2016-04-16 14:58:40,634 - sarcos - DEBUG - Objective:23443.3814
2016-04-16 14:58:40,634 - sarcos - DEBUG - Objective:23443.3814
2016-04-16 14:58:40,634 - sarcos - INFO - Optimizing: ll
2016-04-16 14:58:54,270 - sarcos - DEBUG - Objective:23440.3946
2016-04-16 14:59:08,618 - sarcos - DEBUG - Objective:54360.6744
2016-04-16 14:59:22,346 - sarcos - DEBUG - Objective:23435.1073
2016-04-16 14:59:36,172 - sarcos - DEBUG - Objective:23431.9548
2016-04-16 14:59:50,058 - sarcos - DEBUG - Objective:23434.9793
2016-04-16 15:00:03,783 - sarcos - DEBUG - Objective:23435.4219
2016-04-16 15:00:17,719 - sarcos - DEBUG - Objective:23433.2068
2016-04-16 15:00:17,720 - sarcos - DEBUG - Objective:23433.2068
2016-04-16 15:00:17,720 - sarcos - INFO - Optimizing: inducing
2016-04-16 15:01:35,809 - sarcos - DEBUG - Objective:23443.3728
2016-04-16 15:02:53,709 - sarcos - DEBUG - Objective:26421.5220
2016-04-16 15:04:11,531 - sarcos - DEBUG - Objective:23413.4020
2016-04-16 15:05:29,342 - sarcos - DEBUG - Objective:23390.3616
2016-04-16 15:06:47,177 - sarcos - DEBUG - Objective:23362.1974
2016-04-16 15:08:05,279 - sarcos - DEBUG - Objective:23335.2526
2016-04-16 15:09:22,898 - sarcos - DEBUG - Objective:23275.4239
2016-04-16 15:09:22,912 - sarcos - INFO - Iteration 2 started.
2016-04-16 15:09:22,912 - sarcos - INFO - Optimizing: mog
2016-04-16 15:09:36,065 - sarcos - DEBUG - Objective:23280.8063
2016-04-16 15:09:49,320 - sarcos - DEBUG - Objective:30622.4526
2016-04-16 15:10:03,122 - sarcos - DEBUG - Objective:23259.9943
2016-04-16 15:10:15,996 - sarcos - DEBUG - Objective:23250.5974
2016-04-16 15:10:29,199 - sarcos - DEBUG - Objective:23243.9901
2016-04-16 15:10:42,410 - sarcos - DEBUG - Objective:23234.5020
2016-04-16 15:10:55,445 - sarcos - DEBUG - Objective:23225.9817
2016-04-16 15:11:08,911 - sarcos - DEBUG - Objective:23223.8908
2016-04-16 15:11:22,202 - sarcos - DEBUG - Objective:23222.3010
2016-04-16 15:11:35,329 - sarcos - DEBUG - Objective:23218.8393
2016-04-16 15:11:48,457 - sarcos - DEBUG - Objective:23218.6457
2016-04-16 15:12:01,616 - sarcos - DEBUG - Objective:23218.6250
2016-04-16 15:12:15,444 - sarcos - DEBUG - Objective:23225.8482
2016-04-16 15:12:28,534 - sarcos - DEBUG - Objective:23216.3915
2016-04-16 15:12:41,588 - sarcos - DEBUG - Objective:23224.9710
2016-04-16 15:12:54,577 - sarcos - DEBUG - Objective:23219.7257
2016-04-16 15:13:07,703 - sarcos - DEBUG - Objective:23211.7632
2016-04-16 15:13:21,810 - sarcos - DEBUG - Objective:23213.4313
2016-04-16 15:13:35,095 - sarcos - DEBUG - Objective:23220.2728
2016-04-16 15:13:48,461 - sarcos - DEBUG - Objective:23221.7301
2016-04-16 15:14:01,401 - sarcos - DEBUG - Objective:23215.4487
2016-04-16 15:14:14,882 - sarcos - DEBUG - Objective:23221.3417
2016-04-16 15:14:27,879 - sarcos - DEBUG - Objective:23217.8067
2016-04-16 15:14:27,880 - sarcos - INFO - Optimizing: hyp
2016-04-16 15:14:42,687 - sarcos - DEBUG - Objective:23226.6961
2016-04-16 15:14:57,610 - sarcos - DEBUG - Objective:286855.5465
2016-04-16 15:15:12,543 - sarcos - DEBUG - Objective:23212.9967
2016-04-16 15:15:27,489 - sarcos - DEBUG - Objective:23215.4559
2016-04-16 15:15:42,374 - sarcos - DEBUG - Objective:23212.9340
2016-04-16 15:15:57,139 - sarcos - DEBUG - Objective:23215.3497
2016-04-16 15:16:12,045 - sarcos - DEBUG - Objective:23218.2162
2016-04-16 15:16:26,923 - sarcos - DEBUG - Objective:23217.9428
2016-04-16 15:16:26,923 - sarcos - INFO - Optimizing: ll
2016-04-16 15:16:39,792 - sarcos - DEBUG - Objective:23213.3864
2016-04-16 15:16:52,869 - sarcos - DEBUG - Objective:54735.9564
2016-04-16 15:17:05,438 - sarcos - DEBUG - Objective:23216.1475
2016-04-16 15:17:18,203 - sarcos - DEBUG - Objective:23213.3058
2016-04-16 15:17:30,755 - sarcos - DEBUG - Objective:23217.5321
2016-04-16 15:17:43,401 - sarcos - DEBUG - Objective:23212.0649
2016-04-16 15:17:56,361 - sarcos - DEBUG - Objective:23216.9737
2016-04-16 15:18:09,429 - sarcos - DEBUG - Objective:23214.4829
2016-04-16 15:18:09,430 - sarcos - INFO - Optimizing: inducing
2016-04-16 15:19:27,299 - sarcos - DEBUG - Objective:23212.5333
2016-04-16 15:20:44,937 - sarcos - DEBUG - Objective:26362.4679
2016-04-16 15:22:02,487 - sarcos - DEBUG - Objective:23207.3305
2016-04-16 15:23:20,293 - sarcos - DEBUG - Objective:23191.5823
2016-04-16 15:24:38,037 - sarcos - DEBUG - Objective:23176.2292
2016-04-16 15:25:55,821 - sarcos - DEBUG - Objective:23150.7068
2016-04-16 15:27:13,530 - sarcos - DEBUG - Objective:23115.5357
2016-04-16 15:27:13,548 - sarcos - DEBUG - Objective difference: 159.888245
2016-04-16 15:27:13,548 - sarcos - INFO - Mean difference: 0.010084
2016-04-16 15:27:13,548 - sarcos - INFO - Covariance difference: 0.000106
2016-04-16 15:27:13,548 - sarcos - INFO - Iteration 3 started.
2016-04-16 15:27:13,548 - sarcos - INFO - Optimizing: mog
2016-04-16 15:27:26,912 - sarcos - DEBUG - Objective:23114.4313
2016-04-16 15:27:40,090 - sarcos - DEBUG - Objective:31126.9146
2016-04-16 15:27:53,313 - sarcos - DEBUG - Objective:23087.5447
2016-04-16 15:28:06,499 - sarcos - DEBUG - Objective:23067.9561
2016-04-16 15:28:20,076 - sarcos - DEBUG - Objective:23055.6986
2016-04-16 15:28:33,455 - sarcos - DEBUG - Objective:23051.0618
2016-04-16 15:28:46,794 - sarcos - DEBUG - Objective:23047.4576
2016-04-16 15:28:59,778 - sarcos - DEBUG - Objective:23048.5154
2016-04-16 15:29:12,874 - sarcos - DEBUG - Objective:23047.3112
2016-04-16 15:29:26,057 - sarcos - DEBUG - Objective:23042.8349
2016-04-16 15:29:39,037 - sarcos - DEBUG - Objective:23040.5525
2016-04-16 15:29:51,926 - sarcos - DEBUG - Objective:23038.0056
2016-04-16 15:30:05,067 - sarcos - DEBUG - Objective:23031.8556
2016-04-16 15:30:18,091 - sarcos - DEBUG - Objective:23041.1118
2016-04-16 15:30:31,020 - sarcos - DEBUG - Objective:23035.9935
2016-04-16 15:30:44,178 - sarcos - DEBUG - Objective:23039.7710
2016-04-16 15:30:57,334 - sarcos - DEBUG - Objective:23043.0826
2016-04-16 15:31:10,393 - sarcos - DEBUG - Objective:23044.7633
2016-04-16 15:31:23,318 - sarcos - DEBUG - Objective:23038.0976
2016-04-16 15:31:23,319 - sarcos - INFO - Optimizing: hyp
2016-04-16 15:31:38,116 - sarcos - DEBUG - Objective:23041.2019
2016-04-16 15:31:52,944 - sarcos - DEBUG - Objective:289089.3658
2016-04-16 15:32:07,782 - sarcos - DEBUG - Objective:23034.6358
2016-04-16 15:32:22,569 - sarcos - DEBUG - Objective:23033.6448
2016-04-16 15:32:37,539 - sarcos - DEBUG - Objective:23042.5184
2016-04-16 15:32:52,437 - sarcos - DEBUG - Objective:23040.7585
2016-04-16 15:33:07,260 - sarcos - DEBUG - Objective:23035.8520
2016-04-16 15:33:22,286 - sarcos - DEBUG - Objective:23034.3323
2016-04-16 15:33:37,244 - sarcos - DEBUG - Objective:23028.9838
2016-04-16 15:33:37,244 - sarcos - DEBUG - Objective:23028.9838
2016-04-16 15:33:52,080 - sarcos - DEBUG - Objective:23039.2181
2016-04-16 15:34:07,095 - sarcos - INFO - Optimizing: ll
2016-04-16 15:34:19,645 - sarcos - DEBUG - Objective:23038.7031
2016-04-16 15:34:32,479 - sarcos - DEBUG - Objective:54278.3041
2016-04-16 15:34:45,555 - sarcos - DEBUG - Objective:23033.0836
2016-04-16 15:34:58,174 - sarcos - DEBUG - Objective:23033.4992
2016-04-16 15:35:11,092 - sarcos - DEBUG - Objective:23043.9707
2016-04-16 15:35:23,648 - sarcos - DEBUG - Objective:23037.1462
2016-04-16 15:35:36,764 - sarcos - DEBUG - Objective:23030.3061
2016-04-16 15:35:36,765 - sarcos - DEBUG - Objective:23030.3061
2016-04-16 15:35:49,525 - sarcos - DEBUG - Objective:23031.8528
2016-04-16 15:36:02,159 - sarcos - DEBUG - Objective:23032.5834
2016-04-16 15:36:02,159 - sarcos - DEBUG - Objective:23032.5834
2016-04-16 15:36:02,159 - sarcos - INFO - Optimizing: inducing
2016-04-16 15:37:19,822 - sarcos - DEBUG - Objective:23029.3087
2016-04-16 15:38:37,274 - sarcos - DEBUG - Objective:26505.4444
2016-04-16 15:39:54,793 - sarcos - DEBUG - Objective:23018.2058
2016-04-16 15:41:12,768 - sarcos - DEBUG - Objective:23013.6268
2016-04-16 15:42:30,305 - sarcos - DEBUG - Objective:22985.7417
2016-04-16 15:43:48,256 - sarcos - DEBUG - Objective:22961.9472
2016-04-16 15:45:05,958 - sarcos - DEBUG - Objective:22910.9031
2016-04-16 15:45:05,975 - sarcos - DEBUG - Objective difference: 204.632541
2016-04-16 15:45:05,975 - sarcos - INFO - Mean difference: 0.007866
2016-04-16 15:45:05,975 - sarcos - INFO - Covariance difference: 0.000074
2016-04-16 15:45:05,975 - sarcos - INFO - Iteration 4 started.
2016-04-16 15:45:05,976 - sarcos - INFO - Optimizing: mog
2016-04-16 15:45:19,053 - sarcos - DEBUG - Objective:22920.0817
2016-04-16 15:45:31,961 - sarcos - DEBUG - Objective:33102.1451
2016-04-16 15:45:46,217 - sarcos - DEBUG - Objective:22895.9144
2016-04-16 15:45:59,419 - sarcos - DEBUG - Objective:22877.8941
2016-04-16 15:46:12,831 - sarcos - DEBUG - Objective:22874.8188
2016-04-16 15:46:25,942 - sarcos - DEBUG - Objective:22867.8724
2016-04-16 15:46:39,357 - sarcos - DEBUG - Objective:22871.1786
2016-04-16 15:46:52,414 - sarcos - DEBUG - Objective:22871.7580
2016-04-16 15:47:05,494 - sarcos - DEBUG - Objective:22872.8433
2016-04-16 15:47:18,679 - sarcos - DEBUG - Objective:22865.7224
2016-04-16 15:47:31,773 - sarcos - DEBUG - Objective:22866.7139
2016-04-16 15:47:44,810 - sarcos - DEBUG - Objective:22867.2615
2016-04-16 15:47:57,908 - sarcos - DEBUG - Objective:22867.1935
2016-04-16 15:48:10,985 - sarcos - DEBUG - Objective:23159.2491
2016-04-16 15:48:23,966 - sarcos - DEBUG - Objective:22863.7830
2016-04-16 15:48:37,513 - sarcos - DEBUG - Objective:22855.3959
2016-04-16 15:48:50,350 - sarcos - DEBUG - Objective:22865.2978
2016-04-16 15:49:03,373 - sarcos - DEBUG - Objective:22863.3401
2016-04-16 15:49:16,527 - sarcos - DEBUG - Objective:22858.3868
2016-04-16 15:49:29,354 - sarcos - DEBUG - Objective:22864.1818
2016-04-16 15:49:42,491 - sarcos - DEBUG - Objective:22860.9865
2016-04-16 15:49:55,463 - sarcos - DEBUG - Objective:22867.9039
2016-04-16 15:49:55,463 - sarcos - DEBUG - Objective:22867.9039
2016-04-16 15:49:55,465 - sarcos - INFO - Optimizing: hyp
2016-04-16 15:50:10,208 - sarcos - DEBUG - Objective:22866.5502
2016-04-16 15:50:25,016 - sarcos - DEBUG - Objective:294278.2072
2016-04-16 15:50:39,812 - sarcos - DEBUG - Objective:22863.9816
2016-04-16 15:50:54,684 - sarcos - DEBUG - Objective:22861.3735
2016-04-16 15:51:09,300 - sarcos - DEBUG - Objective:22861.1832
2016-04-16 15:51:23,925 - sarcos - DEBUG - Objective:22858.1895
2016-04-16 15:51:38,690 - sarcos - DEBUG - Objective:22854.2327
2016-04-16 15:51:53,341 - sarcos - DEBUG - Objective:22856.2137
2016-04-16 15:52:08,406 - sarcos - DEBUG - Objective:22858.3692
2016-04-16 15:52:23,131 - sarcos - DEBUG - Objective:22861.8588
2016-04-16 15:52:37,864 - sarcos - DEBUG - Objective:22853.4021
2016-04-16 15:52:37,864 - sarcos - INFO - Optimizing: ll
2016-04-16 15:52:51,066 - sarcos - DEBUG - Objective:22858.9750
2016-04-16 15:53:03,863 - sarcos - DEBUG - Objective:54590.7879
2016-04-16 15:53:16,451 - sarcos - DEBUG - Objective:22864.9926
2016-04-16 15:53:29,024 - sarcos - DEBUG - Objective:22855.1649
2016-04-16 15:53:41,576 - sarcos - DEBUG - Objective:22856.1688
2016-04-16 15:53:54,126 - sarcos - DEBUG - Objective:22857.4940
2016-04-16 15:54:06,886 - sarcos - DEBUG - Objective:22861.8034
2016-04-16 15:54:06,886 - sarcos - INFO - Optimizing: inducing
2016-04-16 15:55:24,453 - sarcos - DEBUG - Objective:22861.1659
2016-04-16 15:56:42,381 - sarcos - DEBUG - Objective:31948.4126
2016-04-16 15:58:00,187 - sarcos - DEBUG - Objective:22855.1291
2016-04-16 15:59:17,956 - sarcos - DEBUG - Objective:22837.4186
2016-04-16 16:00:35,636 - sarcos - DEBUG - Objective:22828.5717
2016-04-16 16:01:53,507 - sarcos - DEBUG - Objective:22810.6977
2016-04-16 16:03:11,200 - sarcos - DEBUG - Objective:22800.4847
2016-04-16 16:03:11,216 - sarcos - DEBUG - Objective difference: 110.418424
2016-04-16 16:03:11,216 - sarcos - INFO - Mean difference: 0.005437
2016-04-16 16:03:11,216 - sarcos - INFO - Covariance difference: 0.000047
2016-04-16 16:03:11,216 - sarcos - INFO - Iteration 5 started.
2016-04-16 16:03:11,216 - sarcos - INFO - Optimizing: mog
2016-04-16 16:03:24,625 - sarcos - DEBUG - Objective:22792.7767
2016-04-16 16:03:37,915 - sarcos - DEBUG - Objective:28575.4250
2016-04-16 16:03:50,925 - sarcos - DEBUG - Objective:22772.2578
2016-04-16 16:04:04,215 - sarcos - DEBUG - Objective:22765.6201
2016-04-16 16:04:17,315 - sarcos - DEBUG - Objective:22765.7260
2016-04-16 16:04:30,648 - sarcos - DEBUG - Objective:22767.8989
2016-04-16 16:04:43,586 - sarcos - DEBUG - Objective:22764.4922
2016-04-16 16:04:56,936 - sarcos - DEBUG - Objective:22762.4263
2016-04-16 16:05:10,487 - sarcos - DEBUG - Objective:22764.4238
2016-04-16 16:05:23,587 - sarcos - DEBUG - Objective:22758.7853
2016-04-16 16:05:36,876 - sarcos - DEBUG - Objective:22755.3795
2016-04-16 16:05:49,713 - sarcos - DEBUG - Objective:22757.7310
2016-04-16 16:06:03,271 - sarcos - DEBUG - Objective:22761.8457
2016-04-16 16:06:16,455 - sarcos - DEBUG - Objective:22758.6662
2016-04-16 16:06:29,315 - sarcos - DEBUG - Objective:22762.9081
2016-04-16 16:06:42,383 - sarcos - DEBUG - Objective:22752.0253
2016-04-16 16:06:55,449 - sarcos - DEBUG - Objective:22759.1676
2016-04-16 16:07:08,500 - sarcos - DEBUG - Objective:22753.1358
2016-04-16 16:07:08,501 - sarcos - DEBUG - Objective:22753.1358
2016-04-16 16:07:21,739 - sarcos - DEBUG - Objective:22760.4872
2016-04-16 16:07:34,604 - sarcos - DEBUG - Objective:22752.4899
2016-04-16 16:07:47,552 - sarcos - DEBUG - Objective:22752.3913
2016-04-16 16:08:00,881 - sarcos - DEBUG - Objective:22761.5695
2016-04-16 16:08:13,741 - sarcos - DEBUG - Objective:22758.7480
2016-04-16 16:08:27,023 - sarcos - DEBUG - Objective:22757.0520
2016-04-16 16:08:40,291 - sarcos - DEBUG - Objective:22754.7584
2016-04-16 16:08:53,258 - sarcos - DEBUG - Objective:22753.8127
2016-04-16 16:09:06,557 - sarcos - DEBUG - Objective:22758.5697
2016-04-16 16:09:06,558 - sarcos - DEBUG - Objective:22758.5697
2016-04-16 16:09:19,756 - sarcos - INFO - Optimizing: hyp
2016-04-16 16:09:34,578 - sarcos - DEBUG - Objective:22759.3222
2016-04-16 16:09:49,377 - sarcos - DEBUG - Objective:305606.0366
2016-04-16 16:10:04,160 - sarcos - DEBUG - Objective:22761.1495
2016-04-16 16:10:19,114 - sarcos - DEBUG - Objective:22759.8607
2016-04-16 16:10:33,981 - sarcos - DEBUG - Objective:22760.9035
2016-04-16 16:10:48,818 - sarcos - DEBUG - Objective:22761.2398
2016-04-16 16:11:03,670 - sarcos - DEBUG - Objective:22756.6404
2016-04-16 16:11:18,435 - sarcos - DEBUG - Objective:695281523455660.7500
2016-04-16 16:11:33,201 - sarcos - DEBUG - Objective:23217327.1648
2016-04-16 16:11:48,119 - sarcos - DEBUG - Objective:605042.2047
2016-04-16 16:12:02,911 - sarcos - DEBUG - Objective:61187.5118
2016-04-16 16:12:17,642 - sarcos - INFO - Optimizing: ll
2016-04-16 16:12:30,183 - sarcos - DEBUG - Objective:22760.8638
2016-04-16 16:12:43,497 - sarcos - DEBUG - Objective:54252.4320
2016-04-16 16:12:56,049 - sarcos - DEBUG - Objective:22761.5676
2016-04-16 16:13:08,653 - sarcos - DEBUG - Objective:22760.2332
2016-04-16 16:13:21,191 - sarcos - DEBUG - Objective:22755.8756
2016-04-16 16:13:34,200 - sarcos - DEBUG - Objective:22753.0234
2016-04-16 16:13:46,734 - sarcos - DEBUG - Objective:22751.1232
2016-04-16 16:14:00,045 - sarcos - DEBUG - Objective:22750.8263
2016-04-16 16:14:12,648 - sarcos - DEBUG - Objective:22750.4534
2016-04-16 16:14:25,235 - sarcos - DEBUG - Objective:22760.5009
2016-04-16 16:14:38,415 - sarcos - DEBUG - Objective:22760.5478
2016-04-16 16:14:51,171 - sarcos - INFO - Optimizing: inducing
2016-04-16 16:16:08,754 - sarcos - DEBUG - Objective:22760.6380
2016-04-16 16:17:26,513 - sarcos - DEBUG - Objective:25687.8059
2016-04-16 16:18:44,365 - sarcos - DEBUG - Objective:22752.9388
2016-04-16 16:20:02,120 - sarcos - DEBUG - Objective:22737.3293
2016-04-16 16:21:19,896 - sarcos - DEBUG - Objective:22720.8957
2016-04-16 16:22:37,680 - sarcos - DEBUG - Objective:22695.1891
2016-04-16 16:23:55,511 - sarcos - DEBUG - Objective:22659.0640
2016-04-16 16:23:55,527 - sarcos - DEBUG - Objective difference: 141.420755
2016-04-16 16:23:55,528 - sarcos - INFO - Mean difference: 0.003625
2016-04-16 16:23:55,528 - sarcos - INFO - Covariance difference: 0.000030
2016-04-16 16:23:55,528 - sarcos - INFO - Iteration 6 started.
2016-04-16 16:23:55,528 - sarcos - INFO - Optimizing: mog
2016-04-16 16:24:08,856 - sarcos - DEBUG - Objective:22657.1963
2016-04-16 16:24:21,727 - sarcos - DEBUG - Objective:28892.2774
2016-04-16 16:24:34,816 - sarcos - DEBUG - Objective:22630.4453
2016-04-16 16:24:47,954 - sarcos - DEBUG - Objective:22616.4913
2016-04-16 16:25:01,809 - sarcos - DEBUG - Objective:22611.7175
2016-04-16 16:25:15,218 - sarcos - DEBUG - Objective:22611.1910
2016-04-16 16:25:28,551 - sarcos - DEBUG - Objective:22602.6536
2016-04-16 16:25:41,547 - sarcos - DEBUG - Objective:22603.4421
2016-04-16 16:25:54,784 - sarcos - DEBUG - Objective:22608.1386
2016-04-16 16:26:08,244 - sarcos - DEBUG - Objective:22610.0459
2016-04-16 16:26:21,340 - sarcos - DEBUG - Objective:22608.5977
2016-04-16 16:26:34,516 - sarcos - DEBUG - Objective:22611.5240
2016-04-16 16:26:47,529 - sarcos - DEBUG - Objective:22609.7863
2016-04-16 16:26:47,530 - sarcos - DEBUG - Objective:22609.7863
2016-04-16 16:26:47,531 - sarcos - INFO - Optimizing: hyp
2016-04-16 16:27:02,257 - sarcos - DEBUG - Objective:22606.1594
2016-04-16 16:27:17,042 - sarcos - DEBUG - Objective:298853.8221
2016-04-16 16:27:31,879 - sarcos - DEBUG - Objective:22607.7180
2016-04-16 16:27:46,773 - sarcos - DEBUG - Objective:22610.0426
2016-04-16 16:28:01,779 - sarcos - DEBUG - Objective:22608.6216
2016-04-16 16:28:16,608 - sarcos - DEBUG - Objective:22611.2412
2016-04-16 16:28:31,381 - sarcos - DEBUG - Objective:22615.3262
2016-04-16 16:28:31,382 - sarcos - DEBUG - Objective:22615.3262
2016-04-16 16:28:31,382 - sarcos - INFO - Optimizing: ll
2016-04-16 16:28:43,959 - sarcos - DEBUG - Objective:22607.9086
2016-04-16 16:28:56,824 - sarcos - DEBUG - Objective:54221.2082
2016-04-16 16:29:10,097 - sarcos - DEBUG - Objective:22601.4801
2016-04-16 16:29:22,913 - sarcos - DEBUG - Objective:22602.2995
2016-04-16 16:29:35,452 - sarcos - DEBUG - Objective:22609.7462
2016-04-16 16:29:48,063 - sarcos - DEBUG - Objective:22607.6622
2016-04-16 16:30:00,775 - sarcos - DEBUG - Objective:22600.0787
2016-04-16 16:30:00,776 - sarcos - DEBUG - Objective:22600.0787
2016-04-16 16:30:13,459 - sarcos - DEBUG - Objective:22607.5009
2016-04-16 16:30:26,455 - sarcos - DEBUG - Objective:22609.9653
2016-04-16 16:30:26,456 - sarcos - DEBUG - Objective:22609.9653
2016-04-16 16:30:26,456 - sarcos - INFO - Optimizing: inducing
2016-04-16 16:31:44,431 - sarcos - DEBUG - Objective:22598.0483
2016-04-16 16:33:02,167 - sarcos - DEBUG - Objective:26032.0703
2016-04-16 16:34:20,104 - sarcos - DEBUG - Objective:22599.0943
2016-04-16 16:35:37,691 - sarcos - DEBUG - Objective:22599.7194
2016-04-16 16:36:55,490 - sarcos - DEBUG - Objective:22599.1848
2016-04-16 16:38:13,054 - sarcos - DEBUG - Objective:22613.2364
2016-04-16 16:39:30,616 - sarcos - DEBUG - Objective:22601.1412
2016-04-16 16:40:48,419 - sarcos - DEBUG - Objective difference: 62.564708
2016-04-16 16:40:48,419 - sarcos - INFO - Mean difference: 0.004839
2016-04-16 16:40:48,419 - sarcos - INFO - Covariance difference: 0.000044
2016-04-16 16:40:48,419 - sarcos - INFO - Iteration 7 started.
2016-04-16 16:40:48,419 - sarcos - INFO - Optimizing: mog
2016-04-16 16:41:01,624 - sarcos - DEBUG - Objective:22601.9924
2016-04-16 16:41:14,627 - sarcos - DEBUG - Objective:28751.9928
2016-04-16 16:41:27,758 - sarcos - DEBUG - Objective:22602.7224
2016-04-16 16:41:41,255 - sarcos - DEBUG - Objective:22603.4967
2016-04-16 16:41:54,060 - sarcos - DEBUG - Objective:22606.8916
2016-04-16 16:42:07,379 - sarcos - DEBUG - Objective:22608.5285
2016-04-16 16:42:20,496 - sarcos - DEBUG - Objective:22601.4223
2016-04-16 16:42:20,496 - sarcos - DEBUG - Objective:22601.4223
2016-04-16 16:42:34,172 - sarcos - DEBUG - Objective:22601.8457
2016-04-16 16:42:47,074 - sarcos - DEBUG - Objective:22602.3125
2016-04-16 16:42:59,998 - sarcos - DEBUG - Objective:22610.8500
2016-04-16 16:43:13,025 - sarcos - DEBUG - Objective:22602.5201
2016-04-16 16:43:26,373 - sarcos - DEBUG - Objective:22613.1149
2016-04-16 16:43:26,374 - sarcos - DEBUG - Objective:22613.1149
2016-04-16 16:43:39,711 - sarcos - INFO - Optimizing: hyp
2016-04-16 16:43:54,614 - sarcos - DEBUG - Objective:22607.3852
2016-04-16 16:44:09,546 - sarcos - DEBUG - Objective:303310.0739
2016-04-16 16:44:24,425 - sarcos - DEBUG - Objective:22610.4855
2016-04-16 16:44:39,390 - sarcos - DEBUG - Objective:22610.4271
2016-04-16 16:44:54,244 - sarcos - DEBUG - Objective:22610.5962
2016-04-16 16:45:09,127 - sarcos - DEBUG - Objective:22608.7528
2016-04-16 16:45:24,047 - sarcos - DEBUG - Objective:22602.6189
2016-04-16 16:45:24,047 - sarcos - DEBUG - Objective:22602.6189
2016-04-16 16:45:38,940 - sarcos - DEBUG - Objective:22603.4348
2016-04-16 16:45:53,859 - sarcos - DEBUG - Objective:22612.0160
2016-04-16 16:45:53,860 - sarcos - DEBUG - Objective:22612.0160
2016-04-16 16:45:53,860 - sarcos - INFO - Optimizing: ll
2016-04-16 16:46:06,578 - sarcos - DEBUG - Objective:22607.4760
2016-04-16 16:46:19,199 - sarcos - DEBUG - Objective:54534.7245
2016-04-16 16:46:31,919 - sarcos - DEBUG - Objective:22603.4427
2016-04-16 16:46:44,540 - sarcos - DEBUG - Objective:22606.1211
2016-04-16 16:46:57,654 - sarcos - DEBUG - Objective:22605.2185
2016-04-16 16:47:10,246 - sarcos - DEBUG - Objective:22611.4456
2016-04-16 16:47:10,246 - sarcos - DEBUG - Objective:22611.4456
2016-04-16 16:47:10,247 - sarcos - INFO - Optimizing: inducing
2016-04-16 16:48:27,803 - sarcos - DEBUG - Objective:22608.1756
2016-04-16 16:49:45,469 - sarcos - DEBUG - Objective:26927.7188
2016-04-16 16:51:02,748 - sarcos - DEBUG - Objective:22597.8212
2016-04-16 16:52:20,291 - sarcos - DEBUG - Objective:22583.4172
2016-04-16 16:53:37,903 - sarcos - DEBUG - Objective:22578.5037
2016-04-16 16:54:55,660 - sarcos - DEBUG - Objective:22568.1089
2016-04-16 16:56:13,378 - sarcos - DEBUG - Objective:22534.1572
2016-04-16 16:56:13,395 - sarcos - DEBUG - Objective difference: 62.342063
2016-04-16 16:56:13,395 - sarcos - INFO - Mean difference: 0.000000
2016-04-16 16:56:13,395 - sarcos - INFO - Covariance difference: 0.000000
2016-04-16 16:56:13,395 - sarcos - DEBUG - prediction started...
2016-04-16 16:56:32,361 - sarcos - DEBUG - prediction finished
