2016-07-20 14:09:06,993 - sarcos_all_joints - INFO - experiment started for:{'run_id': 0, 'max_iter': 200, 'optimization_config': {'hyp': 10, 'll': 10, 'mog': 50}, 'xtol': 0.001, 'git_hash': '5edc0d6857cfb1d942b413dea0f2e297c22c9e92', 'model_init': None, 'ftol': 10, 'latent_noise:': 0.001, 'sparsity_factor': 0.004, 'll': 'CogLL', 'sample_num': 100, 'experiment': 'sarcos_all_joints', 'git_branch': 'master', 'random_Z': True, 'method': 'full'}
2016-07-20 14:09:14,054 - sarcos_all_joints - INFO - Iteration 1 started.
2016-07-20 14:09:14,054 - sarcos_all_joints - INFO - Optimizing: mog
2016-07-20 14:09:14,173 - sarcos_all_joints - DEBUG - Objective: 3209350.5007
2016-07-20 14:09:19,644 - sarcos_all_joints - DEBUG - Objective: 3107735.7247
2016-07-20 14:09:25,082 - sarcos_all_joints - DEBUG - Objective: 3018219.9347
2016-07-20 14:09:31,637 - sarcos_all_joints - DEBUG - Objective: 2928228.1221
2016-07-20 14:09:36,634 - sarcos_all_joints - DEBUG - Objective: 2872355.8685
2016-07-20 14:09:41,563 - sarcos_all_joints - DEBUG - Objective: 2817103.4380
2016-07-20 14:09:47,500 - sarcos_all_joints - DEBUG - Objective: 2801493.4637
2016-07-20 14:09:53,411 - sarcos_all_joints - DEBUG - Objective: 2786781.1651
2016-07-20 14:09:58,631 - sarcos_all_joints - DEBUG - Objective: 2755299.9241
2016-07-20 14:10:03,570 - sarcos_all_joints - DEBUG - Objective: 2773125.0568
2016-07-20 14:10:08,380 - sarcos_all_joints - DEBUG - Objective: 2742053.9903
2016-07-20 14:10:14,597 - sarcos_all_joints - DEBUG - Objective: 2724785.8109
2016-07-20 14:10:19,608 - sarcos_all_joints - DEBUG - Objective: 2714014.9560
2016-07-20 14:10:26,107 - sarcos_all_joints - DEBUG - Objective: 2707786.7218
2016-07-20 14:10:31,119 - sarcos_all_joints - DEBUG - Objective: 2698554.5419
2016-07-20 14:10:36,649 - sarcos_all_joints - DEBUG - Objective: 2689585.1237
2016-07-20 14:10:41,776 - sarcos_all_joints - DEBUG - Objective: 2690529.2608
2016-07-20 14:10:47,666 - sarcos_all_joints - DEBUG - Objective: 2686618.7246
2016-07-20 14:10:54,363 - sarcos_all_joints - DEBUG - Objective: 2685883.8332
2016-07-20 14:11:00,883 - sarcos_all_joints - DEBUG - Objective: 2677744.0540
2016-07-20 14:11:07,570 - sarcos_all_joints - DEBUG - Objective: 2676384.0708
2016-07-20 14:11:12,573 - sarcos_all_joints - DEBUG - Objective: 2672053.2139
2016-07-20 14:11:17,742 - sarcos_all_joints - DEBUG - Objective: 2670174.6398
2016-07-20 14:11:22,746 - sarcos_all_joints - DEBUG - Objective: 2668819.5638
2016-07-20 14:11:27,803 - sarcos_all_joints - DEBUG - Objective: 2669648.0456
2016-07-20 14:11:32,776 - sarcos_all_joints - DEBUG - Objective: 2670108.1963
2016-07-20 14:11:37,829 - sarcos_all_joints - DEBUG - Objective: 2671743.0717
2016-07-20 14:11:43,863 - sarcos_all_joints - DEBUG - Objective: 2670982.7906
2016-07-20 14:11:50,549 - sarcos_all_joints - DEBUG - Objective: 2669996.2865
2016-07-20 14:11:57,127 - sarcos_all_joints - DEBUG - Objective: 2670442.0365
2016-07-20 14:11:57,129 - sarcos_all_joints - DEBUG - Objective: 2670442.0365
2016-07-20 14:11:57,131 - sarcos_all_joints - INFO - Optimizing: hyp
2016-07-20 14:12:47,533 - sarcos_all_joints - DEBUG - Objective: 2667301.0443
2016-07-20 14:14:01,642 - sarcos_all_joints - DEBUG - Objective: 1880253.0109
2016-07-20 14:15:10,092 - sarcos_all_joints - DEBUG - Objective: 1703943.7879
2016-07-20 14:16:17,548 - sarcos_all_joints - DEBUG - Objective: 1576759.7583
2016-07-20 14:17:25,383 - sarcos_all_joints - DEBUG - Objective: 1517583.6761
2016-07-20 14:18:31,558 - sarcos_all_joints - DEBUG - Objective: 1480722.6342
2016-07-20 14:19:37,422 - sarcos_all_joints - DEBUG - Objective: 1455865.1477
2016-07-20 14:20:41,804 - sarcos_all_joints - DEBUG - Objective: 1444002.2014
2016-07-20 14:21:48,576 - sarcos_all_joints - DEBUG - Objective: 1437963.7500
2016-07-20 14:22:54,953 - sarcos_all_joints - DEBUG - Objective: 1437261.7919
2016-07-20 14:24:01,964 - sarcos_all_joints - DEBUG - Objective: 1437040.3710
2016-07-20 14:24:01,965 - sarcos_all_joints - INFO - Optimizing: ll
2016-07-20 14:24:05,638 - sarcos_all_joints - DEBUG - Objective: 1437060.6455
2016-07-20 14:24:10,717 - sarcos_all_joints - DEBUG - Objective: 641163.5488
2016-07-20 14:24:14,253 - sarcos_all_joints - DEBUG - Objective: 516955.9423
2016-07-20 14:24:18,060 - sarcos_all_joints - DEBUG - Objective: 454090.5751
2016-07-20 14:24:22,894 - sarcos_all_joints - DEBUG - Objective: 442098.3818
2016-07-20 14:24:27,922 - sarcos_all_joints - DEBUG - Objective: 440644.1474
2016-07-20 14:24:31,749 - sarcos_all_joints - DEBUG - Objective: 440591.9394
2016-07-20 14:24:35,354 - sarcos_all_joints - DEBUG - Objective: 440591.0546
2016-07-20 14:24:38,744 - sarcos_all_joints - DEBUG - Objective: 440604.3359
2016-07-20 14:24:42,356 - sarcos_all_joints - DEBUG - Objective: 440606.9335
2016-07-20 14:24:45,735 - sarcos_all_joints - DEBUG - Objective: 440600.8847
2016-07-20 14:24:45,752 - sarcos_all_joints - INFO - Iteration 2 started.
2016-07-20 14:24:45,752 - sarcos_all_joints - INFO - Optimizing: mog
2016-07-20 14:24:52,219 - sarcos_all_joints - DEBUG - Objective: 440602.8525
2016-07-20 14:24:57,244 - sarcos_all_joints - DEBUG - Objective: 438996.3535
2016-07-20 14:25:01,874 - sarcos_all_joints - DEBUG - Objective: 436918.8608
2016-07-20 14:25:06,563 - sarcos_all_joints - DEBUG - Objective: 434610.2190
2016-07-20 14:25:11,557 - sarcos_all_joints - DEBUG - Objective: 431800.4745
2016-07-20 14:25:16,258 - sarcos_all_joints - DEBUG - Objective: 426011.7056
2016-07-20 14:25:20,938 - sarcos_all_joints - DEBUG - Objective: 419309.0647
2016-07-20 14:25:25,802 - sarcos_all_joints - DEBUG - Objective: 413924.1685
2016-07-20 14:25:30,586 - sarcos_all_joints - DEBUG - Objective: 409390.8626
2016-07-20 14:25:35,706 - sarcos_all_joints - DEBUG - Objective: 411225.3129
2016-07-20 14:25:40,788 - sarcos_all_joints - DEBUG - Objective: 405263.0566
2016-07-20 14:25:45,008 - sarcos_all_joints - DEBUG - Objective: 401030.3397
2016-07-20 14:25:49,276 - sarcos_all_joints - DEBUG - Objective: 397799.7405
2016-07-20 14:25:54,302 - sarcos_all_joints - DEBUG - Objective: 394627.3712
2016-07-20 14:25:59,368 - sarcos_all_joints - DEBUG - Objective: 392201.8127
2016-07-20 14:26:04,282 - sarcos_all_joints - DEBUG - Objective: 389578.6640
2016-07-20 14:26:09,879 - sarcos_all_joints - DEBUG - Objective: 388299.5413
2016-07-20 14:26:14,161 - sarcos_all_joints - DEBUG - Objective: 385994.3290
2016-07-20 14:26:19,779 - sarcos_all_joints - DEBUG - Objective: 383924.8276
2016-07-20 14:26:24,577 - sarcos_all_joints - DEBUG - Objective: 382173.1131
2016-07-20 14:26:29,090 - sarcos_all_joints - DEBUG - Objective: 380512.1284
2016-07-20 14:26:34,875 - sarcos_all_joints - DEBUG - Objective: 379658.3233
2016-07-20 14:26:39,862 - sarcos_all_joints - DEBUG - Objective: 378429.3866
2016-07-20 14:26:45,108 - sarcos_all_joints - DEBUG - Objective: 377238.9121
2016-07-20 14:26:51,469 - sarcos_all_joints - DEBUG - Objective: 376177.4645
2016-07-20 14:26:57,141 - sarcos_all_joints - DEBUG - Objective: 375313.3933
2016-07-20 14:27:01,794 - sarcos_all_joints - DEBUG - Objective: 374460.1855
2016-07-20 14:27:06,591 - sarcos_all_joints - DEBUG - Objective: 373568.1822
2016-07-20 14:27:11,601 - sarcos_all_joints - DEBUG - Objective: 372812.3874
2016-07-20 14:27:16,520 - sarcos_all_joints - DEBUG - Objective: 372039.7521
2016-07-20 14:27:21,281 - sarcos_all_joints - DEBUG - Objective: 371413.7074
2016-07-20 14:27:26,050 - sarcos_all_joints - DEBUG - Objective: 370911.3848
2016-07-20 14:27:30,855 - sarcos_all_joints - DEBUG - Objective: 370457.9785
2016-07-20 14:27:35,115 - sarcos_all_joints - DEBUG - Objective: 370088.2717
2016-07-20 14:27:39,544 - sarcos_all_joints - DEBUG - Objective: 369721.3999
2016-07-20 14:27:44,298 - sarcos_all_joints - DEBUG - Objective: 369296.1618
2016-07-20 14:27:48,487 - sarcos_all_joints - DEBUG - Objective: 369049.5703
2016-07-20 14:27:53,773 - sarcos_all_joints - DEBUG - Objective: 368721.8434
2016-07-20 14:27:58,084 - sarcos_all_joints - DEBUG - Objective: 368300.3738
2016-07-20 14:28:03,874 - sarcos_all_joints - DEBUG - Objective: 367975.7039
2016-07-20 14:28:08,288 - sarcos_all_joints - DEBUG - Objective: 367697.5976
2016-07-20 14:28:13,298 - sarcos_all_joints - DEBUG - Objective: 367429.7697
2016-07-20 14:28:19,895 - sarcos_all_joints - DEBUG - Objective: 367188.7446
2016-07-20 14:28:24,386 - sarcos_all_joints - DEBUG - Objective: 367017.8264
2016-07-20 14:28:29,498 - sarcos_all_joints - DEBUG - Objective: 366776.4467
2016-07-20 14:28:33,982 - sarcos_all_joints - DEBUG - Objective: 366565.4422
2016-07-20 14:28:39,093 - sarcos_all_joints - DEBUG - Objective: 366325.9883
2016-07-20 14:28:44,053 - sarcos_all_joints - DEBUG - Objective: 366066.6087
2016-07-20 14:28:48,259 - sarcos_all_joints - DEBUG - Objective: 365849.9470
2016-07-20 14:28:53,338 - sarcos_all_joints - DEBUG - Objective: 365654.9349
2016-07-20 14:28:58,801 - sarcos_all_joints - DEBUG - Objective: 365485.8752
2016-07-20 14:28:58,824 - sarcos_all_joints - INFO - Optimizing: hyp
2016-07-20 14:29:58,975 - sarcos_all_joints - DEBUG - Objective: 365468.7795
2016-07-20 14:30:55,110 - sarcos_all_joints - DEBUG - Objective: 368490.2551
2016-07-20 14:31:51,876 - sarcos_all_joints - DEBUG - Objective: 365238.9255
2016-07-20 14:32:47,028 - sarcos_all_joints - DEBUG - Objective: 398694.9583
2016-07-20 14:33:49,364 - sarcos_all_joints - DEBUG - Objective: 383174.0198
2016-07-20 14:34:47,933 - sarcos_all_joints - DEBUG - Objective: 360892.1545
2016-07-20 14:35:43,488 - sarcos_all_joints - DEBUG - Objective: 360445.0178
2016-07-20 14:36:39,785 - sarcos_all_joints - DEBUG - Objective: 360382.0247
2016-07-20 14:37:41,795 - sarcos_all_joints - DEBUG - Objective: 360233.2102
2016-07-20 14:38:33,949 - sarcos_all_joints - DEBUG - Objective: 360162.3811
2016-07-20 14:39:46,995 - sarcos_all_joints - DEBUG - Objective: 360077.9812
2016-07-20 14:39:46,995 - sarcos_all_joints - INFO - Optimizing: ll
2016-07-20 14:39:50,672 - sarcos_all_joints - DEBUG - Objective: 360049.1248
2016-07-20 14:39:55,318 - sarcos_all_joints - DEBUG - Objective: 325821.5242
2016-07-20 14:39:59,100 - sarcos_all_joints - DEBUG - Objective: 322707.5310
2016-07-20 14:40:03,319 - sarcos_all_joints - DEBUG - Objective: 322045.6355
2016-07-20 14:40:07,007 - sarcos_all_joints - DEBUG - Objective: 322016.8806
2016-07-20 14:40:10,393 - sarcos_all_joints - DEBUG - Objective: 322100.0886
2016-07-20 14:40:14,034 - sarcos_all_joints - DEBUG - Objective: 322069.3923
2016-07-20 14:40:17,539 - sarcos_all_joints - DEBUG - Objective: 322116.1580
2016-07-20 14:40:17,539 - sarcos_all_joints - DEBUG - Objective: 322116.1580
2016-07-20 14:40:17,559 - sarcos_all_joints - DEBUG - Objective difference: 118484.726761
2016-07-20 14:40:17,559 - sarcos_all_joints - INFO - Mean difference: 1.484568
2016-07-20 14:40:17,559 - sarcos_all_joints - INFO - Covariance difference: 0.020835
2016-07-20 14:40:17,559 - sarcos_all_joints - INFO - Iteration 3 started.
2016-07-20 14:40:17,559 - sarcos_all_joints - INFO - Optimizing: mog
2016-07-20 14:40:21,818 - sarcos_all_joints - DEBUG - Objective: 322113.8123
2016-07-20 14:40:27,377 - sarcos_all_joints - DEBUG - Objective: 321252.2764
2016-07-20 14:40:32,639 - sarcos_all_joints - DEBUG - Objective: 316813.0022
2016-07-20 14:40:37,017 - sarcos_all_joints - DEBUG - Objective: 315831.5940
2016-07-20 14:40:41,791 - sarcos_all_joints - DEBUG - Objective: 315276.4819
2016-07-20 14:40:47,562 - sarcos_all_joints - DEBUG - Objective: 314791.1110
2016-07-20 14:40:52,610 - sarcos_all_joints - DEBUG - Objective: 314463.7721
2016-07-20 14:40:57,532 - sarcos_all_joints - DEBUG - Objective: 314234.4046
2016-07-20 14:41:02,391 - sarcos_all_joints - DEBUG - Objective: 313765.1190
2016-07-20 14:41:07,210 - sarcos_all_joints - DEBUG - Objective: 313551.5733
2016-07-20 14:41:11,727 - sarcos_all_joints - DEBUG - Objective: 313132.7841
2016-07-20 14:41:16,471 - sarcos_all_joints - DEBUG - Objective: 312535.4648
2016-07-20 14:41:21,086 - sarcos_all_joints - DEBUG - Objective: 312296.8745
2016-07-20 14:41:25,652 - sarcos_all_joints - DEBUG - Objective: 311871.1597
2016-07-20 14:41:30,457 - sarcos_all_joints - DEBUG - Objective: 311476.7382
2016-07-20 14:41:34,974 - sarcos_all_joints - DEBUG - Objective: 311020.7378
2016-07-20 14:41:40,300 - sarcos_all_joints - DEBUG - Objective: 310389.9955
2016-07-20 14:41:44,892 - sarcos_all_joints - DEBUG - Objective: 310009.1400
2016-07-20 14:41:49,320 - sarcos_all_joints - DEBUG - Objective: 309320.1147
2016-07-20 14:41:53,608 - sarcos_all_joints - DEBUG - Objective: 309109.7796
2016-07-20 14:41:59,264 - sarcos_all_joints - DEBUG - Objective: 308770.7571
2016-07-20 14:42:04,326 - sarcos_all_joints - DEBUG - Objective: 308171.1578
2016-07-20 14:42:09,243 - sarcos_all_joints - DEBUG - Objective: 307889.4957
2016-07-20 14:42:13,854 - sarcos_all_joints - DEBUG - Objective: 307402.1774
2016-07-20 14:42:18,804 - sarcos_all_joints - DEBUG - Objective: 307163.7212
2016-07-20 14:42:23,531 - sarcos_all_joints - DEBUG - Objective: 306891.6521
2016-07-20 14:42:27,923 - sarcos_all_joints - DEBUG - Objective: 306314.1527
2016-07-20 14:42:32,514 - sarcos_all_joints - DEBUG - Objective: 305834.1158
2016-07-20 14:42:37,289 - sarcos_all_joints - DEBUG - Objective: 305348.8816
2016-07-20 14:42:42,129 - sarcos_all_joints - DEBUG - Objective: 305103.7758
2016-07-20 14:42:46,944 - sarcos_all_joints - DEBUG - Objective: 304760.7271
2016-07-20 14:42:51,706 - sarcos_all_joints - DEBUG - Objective: 304395.8728
2016-07-20 14:42:56,078 - sarcos_all_joints - DEBUG - Objective: 303883.6480
2016-07-20 14:43:00,735 - sarcos_all_joints - DEBUG - Objective: 303484.9471
2016-07-20 14:43:05,289 - sarcos_all_joints - DEBUG - Objective: 303199.4346
2016-07-20 14:43:09,617 - sarcos_all_joints - DEBUG - Objective: 302700.6527
2016-07-20 14:43:14,910 - sarcos_all_joints - DEBUG - Objective: 302219.8118
2016-07-20 14:43:20,386 - sarcos_all_joints - DEBUG - Objective: 301887.4368
2016-07-20 14:43:25,099 - sarcos_all_joints - DEBUG - Objective: 301570.6736
2016-07-20 14:43:30,027 - sarcos_all_joints - DEBUG - Objective: 301375.7841
2016-07-20 14:43:36,229 - sarcos_all_joints - DEBUG - Objective: 301073.5247
2016-07-20 14:43:41,341 - sarcos_all_joints - DEBUG - Objective: 300601.8225
2016-07-20 14:43:47,540 - sarcos_all_joints - DEBUG - Objective: 300391.9089
2016-07-20 14:43:52,440 - sarcos_all_joints - DEBUG - Objective: 300085.3936
2016-07-20 14:43:57,356 - sarcos_all_joints - DEBUG - Objective: 299879.6052
2016-07-20 14:44:01,842 - sarcos_all_joints - DEBUG - Objective: 299612.7557
2016-07-20 14:44:07,498 - sarcos_all_joints - DEBUG - Objective: 299260.4363
2016-07-20 14:44:11,834 - sarcos_all_joints - DEBUG - Objective: 298899.4731
2016-07-20 14:44:16,986 - sarcos_all_joints - DEBUG - Objective: 298578.8531
2016-07-20 14:44:21,411 - sarcos_all_joints - DEBUG - Objective: 298445.2960
2016-07-20 14:44:26,223 - sarcos_all_joints - DEBUG - Objective: 298100.9202
2016-07-20 14:44:26,246 - sarcos_all_joints - INFO - Optimizing: hyp
2016-07-20 14:45:26,202 - sarcos_all_joints - DEBUG - Objective: 298077.2103
2016-07-20 14:46:23,334 - sarcos_all_joints - DEBUG - Objective: 301791.6946
2016-07-20 14:47:20,007 - sarcos_all_joints - DEBUG - Objective: 297944.9710
2016-07-20 14:48:17,442 - sarcos_all_joints - DEBUG - Objective: 506030.0560
2016-07-20 14:49:22,088 - sarcos_all_joints - DEBUG - Objective: 295330.7151
2016-07-20 14:50:15,932 - sarcos_all_joints - DEBUG - Objective: 293309.2972
2016-07-20 14:51:14,650 - sarcos_all_joints - DEBUG - Objective: 292978.4456
2016-07-20 14:52:18,402 - sarcos_all_joints - DEBUG - Objective: 292487.1136
2016-07-20 14:53:14,520 - sarcos_all_joints - DEBUG - Objective: 292332.1888
2016-07-20 14:54:07,803 - sarcos_all_joints - DEBUG - Objective: 292331.5550
2016-07-20 14:55:09,727 - sarcos_all_joints - DEBUG - Objective: 292301.1194
2016-07-20 14:55:09,728 - sarcos_all_joints - INFO - Optimizing: ll
2016-07-20 14:55:13,403 - sarcos_all_joints - DEBUG - Objective: 292238.4847
2016-07-20 14:55:17,200 - sarcos_all_joints - DEBUG - Objective: 344608.1556
2016-07-20 14:55:20,902 - sarcos_all_joints - DEBUG - Objective: 287813.1028
2016-07-20 14:55:25,773 - sarcos_all_joints - DEBUG - Objective: 287757.7796
2016-07-20 14:55:29,470 - sarcos_all_joints - DEBUG - Objective: 287754.9525
2016-07-20 14:55:34,443 - sarcos_all_joints - DEBUG - Objective: 287758.8382
2016-07-20 14:55:38,625 - sarcos_all_joints - DEBUG - Objective: 287776.1292
2016-07-20 14:55:43,829 - sarcos_all_joints - DEBUG - Objective: 287732.3646
2016-07-20 14:55:43,829 - sarcos_all_joints - DEBUG - Objective: 287732.3646
2016-07-20 14:55:47,306 - sarcos_all_joints - DEBUG - Objective: 287723.4056
2016-07-20 14:55:47,306 - sarcos_all_joints - DEBUG - Objective: 287723.4056
2016-07-20 14:55:47,327 - sarcos_all_joints - DEBUG - Objective difference: 34392.752380
2016-07-20 14:55:47,327 - sarcos_all_joints - INFO - Mean difference: 0.497326
2016-07-20 14:55:47,327 - sarcos_all_joints - INFO - Covariance difference: 0.017447
2016-07-20 14:55:47,327 - sarcos_all_joints - INFO - Iteration 4 started.
2016-07-20 14:55:47,327 - sarcos_all_joints - INFO - Optimizing: mog
2016-07-20 14:55:52,065 - sarcos_all_joints - DEBUG - Objective: 287753.1121
2016-07-20 14:55:57,146 - sarcos_all_joints - DEBUG - Objective: 292610.8359
2016-07-20 14:56:02,464 - sarcos_all_joints - DEBUG - Objective: 284428.1258
2016-07-20 14:56:06,849 - sarcos_all_joints - DEBUG - Objective: 283997.7455
2016-07-20 14:56:11,821 - sarcos_all_joints - DEBUG - Objective: 283523.2844
2016-07-20 14:56:16,907 - sarcos_all_joints - DEBUG - Objective: 283321.3318
2016-07-20 14:56:22,772 - sarcos_all_joints - DEBUG - Objective: 283188.1855
2016-07-20 14:56:27,813 - sarcos_all_joints - DEBUG - Objective: 282831.8942
2016-07-20 14:56:33,935 - sarcos_all_joints - DEBUG - Objective: 282642.9613
2016-07-20 14:56:39,688 - sarcos_all_joints - DEBUG - Objective: 282239.7036
2016-07-20 14:56:44,159 - sarcos_all_joints - DEBUG - Objective: 282012.2164
2016-07-20 14:56:48,538 - sarcos_all_joints - DEBUG - Objective: 281761.8431
2016-07-20 14:56:53,027 - sarcos_all_joints - DEBUG - Objective: 281543.8186
2016-07-20 14:56:57,290 - sarcos_all_joints - DEBUG - Objective: 281267.5659
2016-07-20 14:57:01,761 - sarcos_all_joints - DEBUG - Objective: 280842.1354
2016-07-20 14:57:06,415 - sarcos_all_joints - DEBUG - Objective: 280534.1947
2016-07-20 14:57:11,979 - sarcos_all_joints - DEBUG - Objective: 280193.3436
2016-07-20 14:57:16,774 - sarcos_all_joints - DEBUG - Objective: 279851.8047
2016-07-20 14:57:21,091 - sarcos_all_joints - DEBUG - Objective: 279581.4252
2016-07-20 14:57:25,745 - sarcos_all_joints - DEBUG - Objective: 279162.4591
2016-07-20 14:57:31,100 - sarcos_all_joints - DEBUG - Objective: 278812.4125
2016-07-20 14:57:35,283 - sarcos_all_joints - DEBUG - Objective: 278558.3759
2016-07-20 14:57:40,144 - sarcos_all_joints - DEBUG - Objective: 278195.1075
2016-07-20 14:57:44,850 - sarcos_all_joints - DEBUG - Objective: 277905.0118
2016-07-20 14:57:49,790 - sarcos_all_joints - DEBUG - Objective: 277498.4614
2016-07-20 14:57:55,202 - sarcos_all_joints - DEBUG - Objective: 277309.2550
2016-07-20 14:58:01,469 - sarcos_all_joints - DEBUG - Objective: 277124.7328
2016-07-20 14:58:05,866 - sarcos_all_joints - DEBUG - Objective: 276843.4485
2016-07-20 14:58:11,795 - sarcos_all_joints - DEBUG - Objective: 276470.8582
2016-07-20 14:58:17,041 - sarcos_all_joints - DEBUG - Objective: 276214.1299
2016-07-20 14:58:21,710 - sarcos_all_joints - DEBUG - Objective: 275901.5961
2016-07-20 14:58:26,021 - sarcos_all_joints - DEBUG - Objective: 275716.9802
2016-07-20 14:58:30,874 - sarcos_all_joints - DEBUG - Objective: 275272.2361
2016-07-20 14:58:35,094 - sarcos_all_joints - DEBUG - Objective: 275293.9515
2016-07-20 14:58:41,438 - sarcos_all_joints - DEBUG - Objective: 275067.2219
2016-07-20 14:58:46,268 - sarcos_all_joints - DEBUG - Objective: 274929.5507
2016-07-20 14:58:50,865 - sarcos_all_joints - DEBUG - Objective: 274593.7983
2016-07-20 14:58:56,461 - sarcos_all_joints - DEBUG - Objective: 274335.2464
2016-07-20 14:59:01,333 - sarcos_all_joints - DEBUG - Objective: 274134.0434
2016-07-20 14:59:05,963 - sarcos_all_joints - DEBUG - Objective: 273861.0016
2016-07-20 14:59:10,384 - sarcos_all_joints - DEBUG - Objective: 273501.1998
2016-07-20 14:59:15,314 - sarcos_all_joints - DEBUG - Objective: 273283.4996
2016-07-20 14:59:20,340 - sarcos_all_joints - DEBUG - Objective: 273033.8237
2016-07-20 14:59:24,689 - sarcos_all_joints - DEBUG - Objective: 272829.3489
2016-07-20 14:59:28,983 - sarcos_all_joints - DEBUG - Objective: 272587.6159
2016-07-20 14:59:33,245 - sarcos_all_joints - DEBUG - Objective: 272362.1298
2016-07-20 14:59:38,091 - sarcos_all_joints - DEBUG - Objective: 272043.7110
2016-07-20 14:59:42,443 - sarcos_all_joints - DEBUG - Objective: 271857.6888
2016-07-20 14:59:47,130 - sarcos_all_joints - DEBUG - Objective: 271694.5472
2016-07-20 14:59:51,720 - sarcos_all_joints - DEBUG - Objective: 271386.9388
2016-07-20 14:59:56,755 - sarcos_all_joints - DEBUG - Objective: 271209.3862
2016-07-20 14:59:56,776 - sarcos_all_joints - INFO - Optimizing: hyp
2016-07-20 15:00:53,091 - sarcos_all_joints - DEBUG - Objective: 271214.1577
2016-07-20 15:01:50,700 - sarcos_all_joints - DEBUG - Objective: 279716.8847
2016-07-20 15:02:48,071 - sarcos_all_joints - DEBUG - Objective: 271165.3779
2016-07-20 15:03:41,250 - sarcos_all_joints - DEBUG - Objective: 274627.0815
2016-07-20 15:04:40,562 - sarcos_all_joints - DEBUG - Objective: 271252.1718
2016-07-20 15:05:33,203 - sarcos_all_joints - DEBUG - Objective: 271208.6874
2016-07-20 15:06:28,724 - sarcos_all_joints - DEBUG - Objective: 271180.0161
2016-07-20 15:07:23,937 - sarcos_all_joints - DEBUG - Objective: 345924.4130
2016-07-20 15:08:19,944 - sarcos_all_joints - DEBUG - Objective: 268270.9077
2016-07-20 15:09:17,061 - sarcos_all_joints - DEBUG - Objective: 267852.5175
2016-07-20 15:10:13,268 - sarcos_all_joints - DEBUG - Objective: 267552.4008
2016-07-20 15:10:13,269 - sarcos_all_joints - INFO - Optimizing: ll
2016-07-20 15:10:16,872 - sarcos_all_joints - DEBUG - Objective: 267567.9003
2016-07-20 15:10:20,336 - sarcos_all_joints - DEBUG - Objective: 344053.4848
2016-07-20 15:10:23,737 - sarcos_all_joints - DEBUG - Objective: 266112.1362
2016-07-20 15:10:27,211 - sarcos_all_joints - DEBUG - Objective: 266120.7392
2016-07-20 15:10:32,154 - sarcos_all_joints - DEBUG - Objective: 266013.0927
2016-07-20 15:10:37,133 - sarcos_all_joints - DEBUG - Objective: 266072.8671
2016-07-20 15:10:40,762 - sarcos_all_joints - DEBUG - Objective: 266117.6181
2016-07-20 15:10:45,399 - sarcos_all_joints - DEBUG - Objective: 266020.4872
2016-07-20 15:10:48,914 - sarcos_all_joints - DEBUG - Objective: 266081.4907
2016-07-20 15:10:52,359 - sarcos_all_joints - DEBUG - Objective: 266075.5536
2016-07-20 15:10:52,359 - sarcos_all_joints - DEBUG - Objective: 266075.5536
2016-07-20 15:10:52,380 - sarcos_all_joints - DEBUG - Objective difference: 21647.851929
2016-07-20 15:10:52,380 - sarcos_all_joints - INFO - Mean difference: 0.348126
2016-07-20 15:10:52,381 - sarcos_all_joints - INFO - Covariance difference: 0.009852
2016-07-20 15:10:52,381 - sarcos_all_joints - INFO - Iteration 5 started.
2016-07-20 15:10:52,381 - sarcos_all_joints - INFO - Optimizing: mog
2016-07-20 15:10:56,597 - sarcos_all_joints - DEBUG - Objective: 266082.0532
2016-07-20 15:11:02,750 - sarcos_all_joints - DEBUG - Objective: 278689.2012
2016-07-20 15:11:08,574 - sarcos_all_joints - DEBUG - Objective: 264707.9092
2016-07-20 15:11:12,866 - sarcos_all_joints - DEBUG - Objective: 264527.7001
2016-07-20 15:11:17,806 - sarcos_all_joints - DEBUG - Objective: 264256.0427
2016-07-20 15:11:22,116 - sarcos_all_joints - DEBUG - Objective: 264151.8775
2016-07-20 15:11:27,179 - sarcos_all_joints - DEBUG - Objective: 264048.8765
2016-07-20 15:11:31,891 - sarcos_all_joints - DEBUG - Objective: 263926.5064
2016-07-20 15:11:37,719 - sarcos_all_joints - DEBUG - Objective: 263854.9997
2016-07-20 15:11:42,066 - sarcos_all_joints - DEBUG - Objective: 263735.3692
2016-07-20 15:11:46,758 - sarcos_all_joints - DEBUG - Objective: 263581.4144
2016-07-20 15:11:51,016 - sarcos_all_joints - DEBUG - Objective: 263453.2827
2016-07-20 15:11:55,626 - sarcos_all_joints - DEBUG - Objective: 263389.9228
2016-07-20 15:12:00,297 - sarcos_all_joints - DEBUG - Objective: 263234.7263
2016-07-20 15:12:04,855 - sarcos_all_joints - DEBUG - Objective: 263141.4930
2016-07-20 15:12:09,329 - sarcos_all_joints - DEBUG - Objective: 262967.1116
2016-07-20 15:12:13,538 - sarcos_all_joints - DEBUG - Objective: 262849.2858
2016-07-20 15:12:18,041 - sarcos_all_joints - DEBUG - Objective: 262798.8972
2016-07-20 15:12:22,502 - sarcos_all_joints - DEBUG - Objective: 262708.8875
2016-07-20 15:12:26,913 - sarcos_all_joints - DEBUG - Objective: 262574.4064
2016-07-20 15:12:32,006 - sarcos_all_joints - DEBUG - Objective: 262465.5196
2016-07-20 15:12:36,401 - sarcos_all_joints - DEBUG - Objective: 262329.4682
2016-07-20 15:12:40,837 - sarcos_all_joints - DEBUG - Objective: 262233.1047
2016-07-20 15:12:45,750 - sarcos_all_joints - DEBUG - Objective: 262175.5403
2016-07-20 15:12:51,410 - sarcos_all_joints - DEBUG - Objective: 262079.0766
2016-07-20 15:12:56,256 - sarcos_all_joints - DEBUG - Objective: 261922.2499
2016-07-20 15:13:00,743 - sarcos_all_joints - DEBUG - Objective: 261859.6624
2016-07-20 15:13:05,229 - sarcos_all_joints - DEBUG - Objective: 261736.9811
2016-07-20 15:13:10,734 - sarcos_all_joints - DEBUG - Objective: 261672.0905
2016-07-20 15:13:16,162 - sarcos_all_joints - DEBUG - Objective: 261620.0176
2016-07-20 15:13:20,721 - sarcos_all_joints - DEBUG - Objective: 261417.9438
2016-07-20 15:13:25,309 - sarcos_all_joints - DEBUG - Objective: 261236.9634
2016-07-20 15:13:29,651 - sarcos_all_joints - DEBUG - Objective: 261103.4321
2016-07-20 15:13:34,382 - sarcos_all_joints - DEBUG - Objective: 261002.4034
2016-07-20 15:13:38,708 - sarcos_all_joints - DEBUG - Objective: 260813.4661
2016-07-20 15:13:43,093 - sarcos_all_joints - DEBUG - Objective: 260717.7704
2016-07-20 15:13:47,524 - sarcos_all_joints - DEBUG - Objective: 260601.1042
2016-07-20 15:13:53,356 - sarcos_all_joints - DEBUG - Objective: 260491.8388
2016-07-20 15:13:57,817 - sarcos_all_joints - DEBUG - Objective: 260422.8162
2016-07-20 15:14:02,210 - sarcos_all_joints - DEBUG - Objective: 260269.7352
2016-07-20 15:14:06,552 - sarcos_all_joints - DEBUG - Objective: 260119.5102
2016-07-20 15:14:11,087 - sarcos_all_joints - DEBUG - Objective: 259992.7413
2016-07-20 15:14:16,019 - sarcos_all_joints - DEBUG - Objective: 259815.9436
2016-07-20 15:14:20,216 - sarcos_all_joints - DEBUG - Objective: 259716.3013
2016-07-20 15:14:24,951 - sarcos_all_joints - DEBUG - Objective: 259510.1273
2016-07-20 15:14:29,431 - sarcos_all_joints - DEBUG - Objective: 259468.2323
2016-07-20 15:14:34,806 - sarcos_all_joints - DEBUG - Objective: 259285.4622
2016-07-20 15:14:39,342 - sarcos_all_joints - DEBUG - Objective: 259176.2286
2016-07-20 15:14:44,000 - sarcos_all_joints - DEBUG - Objective: 258994.4175
2016-07-20 15:14:48,337 - sarcos_all_joints - DEBUG - Objective: 258838.8391
2016-07-20 15:14:52,716 - sarcos_all_joints - DEBUG - Objective: 258703.6143
2016-07-20 15:14:52,736 - sarcos_all_joints - INFO - Optimizing: hyp
2016-07-20 15:15:51,253 - sarcos_all_joints - DEBUG - Objective: 258756.1099
2016-07-20 15:16:45,379 - sarcos_all_joints - DEBUG - Objective: 282857.5801
2016-07-20 15:17:42,338 - sarcos_all_joints - DEBUG - Objective: 255273.3282
2016-07-20 15:18:38,951 - sarcos_all_joints - DEBUG - Objective: 255161.0753
2016-07-20 15:19:35,093 - sarcos_all_joints - DEBUG - Objective: 255132.9390
2016-07-20 15:20:33,794 - sarcos_all_joints - DEBUG - Objective: 255208.5655
2016-07-20 15:21:30,642 - sarcos_all_joints - DEBUG - Objective: 255128.1646
2016-07-20 15:22:24,145 - sarcos_all_joints - DEBUG - Objective: 255137.2720
2016-07-20 15:23:20,783 - sarcos_all_joints - DEBUG - Objective: 255151.0689
2016-07-20 15:24:21,416 - sarcos_all_joints - DEBUG - Objective: 255202.0616
2016-07-20 15:25:34,599 - sarcos_all_joints - DEBUG - Objective: 255207.7227
2016-07-20 15:26:41,441 - sarcos_all_joints - INFO - Optimizing: ll
2016-07-20 15:26:46,399 - sarcos_all_joints - DEBUG - Objective: 255211.9908
2016-07-20 15:26:51,186 - sarcos_all_joints - DEBUG - Objective: 343227.0826
2016-07-20 15:26:55,285 - sarcos_all_joints - DEBUG - Objective: 254555.7305
2016-07-20 15:26:59,289 - sarcos_all_joints - DEBUG - Objective: 254442.2413
2016-07-20 15:27:02,716 - sarcos_all_joints - DEBUG - Objective: 254557.9376
2016-07-20 15:27:06,187 - sarcos_all_joints - DEBUG - Objective: 254555.7359
2016-07-20 15:27:09,632 - sarcos_all_joints - DEBUG - Objective: 254476.9630
2016-07-20 15:27:09,633 - sarcos_all_joints - DEBUG - Objective: 254476.9630
2016-07-20 15:27:09,653 - sarcos_all_joints - DEBUG - Objective difference: 11598.590698
2016-07-20 15:27:09,653 - sarcos_all_joints - INFO - Mean difference: 0.278811
2016-07-20 15:27:09,654 - sarcos_all_joints - INFO - Covariance difference: 0.007335
2016-07-20 15:27:09,654 - sarcos_all_joints - INFO - Iteration 6 started.
2016-07-20 15:27:09,654 - sarcos_all_joints - INFO - Optimizing: mog
2016-07-20 15:27:14,068 - sarcos_all_joints - DEBUG - Objective: 254482.2154
2016-07-20 15:27:18,549 - sarcos_all_joints - DEBUG - Objective: 272333.9691
2016-07-20 15:27:22,938 - sarcos_all_joints - DEBUG - Objective: 252978.3391
2016-07-20 15:27:27,245 - sarcos_all_joints - DEBUG - Objective: 252582.9681
2016-07-20 15:27:31,567 - sarcos_all_joints - DEBUG - Objective: 252371.8328
2016-07-20 15:27:36,343 - sarcos_all_joints - DEBUG - Objective: 252298.0558
2016-07-20 15:27:41,116 - sarcos_all_joints - DEBUG - Objective: 252129.4926
2016-07-20 15:27:45,815 - sarcos_all_joints - DEBUG - Objective: 252018.0717
2016-07-20 15:27:51,202 - sarcos_all_joints - DEBUG - Objective: 251908.7333
2016-07-20 15:27:55,680 - sarcos_all_joints - DEBUG - Objective: 251833.3182
2016-07-20 15:28:00,134 - sarcos_all_joints - DEBUG - Objective: 251736.8917
2016-07-20 15:28:05,292 - sarcos_all_joints - DEBUG - Objective: 251584.9596
2016-07-20 15:28:09,900 - sarcos_all_joints - DEBUG - Objective: 251491.3945
2016-07-20 15:28:15,887 - sarcos_all_joints - DEBUG - Objective: 251341.6883
2016-07-20 15:28:20,875 - sarcos_all_joints - DEBUG - Objective: 251274.6437
2016-07-20 15:28:25,331 - sarcos_all_joints - DEBUG - Objective: 251209.3939
2016-07-20 15:28:29,726 - sarcos_all_joints - DEBUG - Objective: 251129.7846
2016-07-20 15:28:35,019 - sarcos_all_joints - DEBUG - Objective: 251110.7808
2016-07-20 15:28:39,987 - sarcos_all_joints - DEBUG - Objective: 251032.0593
2016-07-20 15:28:44,330 - sarcos_all_joints - DEBUG - Objective: 250964.5859
2016-07-20 15:28:48,934 - sarcos_all_joints - DEBUG - Objective: 250960.9341
2016-07-20 15:28:53,416 - sarcos_all_joints - DEBUG - Objective: 250864.7681
2016-07-20 15:28:58,080 - sarcos_all_joints - DEBUG - Objective: 250821.5714
2016-07-20 15:29:03,977 - sarcos_all_joints - DEBUG - Objective: 250775.5654
2016-07-20 15:29:09,369 - sarcos_all_joints - DEBUG - Objective: 250695.6600
2016-07-20 15:29:15,000 - sarcos_all_joints - DEBUG - Objective: 250637.1912
2016-07-20 15:29:19,192 - sarcos_all_joints - DEBUG - Objective: 250644.8877
2016-07-20 15:29:23,832 - sarcos_all_joints - DEBUG - Objective: 250621.8026
2016-07-20 15:29:28,404 - sarcos_all_joints - DEBUG - Objective: 250584.6553
2016-07-20 15:29:33,701 - sarcos_all_joints - DEBUG - Objective: 250555.2035
2016-07-20 15:29:37,981 - sarcos_all_joints - DEBUG - Objective: 250479.6906
2016-07-20 15:29:43,828 - sarcos_all_joints - DEBUG - Objective: 250445.9534
2016-07-20 15:29:48,258 - sarcos_all_joints - DEBUG - Objective: 250415.2855
2016-07-20 15:29:52,907 - sarcos_all_joints - DEBUG - Objective: 250373.3650
2016-07-20 15:29:57,200 - sarcos_all_joints - DEBUG - Objective: 250351.1208
2016-07-20 15:30:01,445 - sarcos_all_joints - DEBUG - Objective: 250286.1107
2016-07-20 15:30:06,724 - sarcos_all_joints - DEBUG - Objective: 250212.7977
2016-07-20 15:30:11,225 - sarcos_all_joints - DEBUG - Objective: 250176.9574
2016-07-20 15:30:15,528 - sarcos_all_joints - DEBUG - Objective: 250182.4742
2016-07-20 15:30:19,923 - sarcos_all_joints - DEBUG - Objective: 250180.6442
2016-07-20 15:30:24,481 - sarcos_all_joints - DEBUG - Objective: 250241.9061
2016-07-20 15:30:29,017 - sarcos_all_joints - DEBUG - Objective: 250232.9097
2016-07-20 15:30:34,507 - sarcos_all_joints - DEBUG - Objective: 250205.1478
2016-07-20 15:30:39,021 - sarcos_all_joints - DEBUG - Objective: 250191.5507
2016-07-20 15:30:44,915 - sarcos_all_joints - DEBUG - Objective: 250222.5126
2016-07-20 15:30:44,916 - sarcos_all_joints - DEBUG - Objective: 250222.5126
2016-07-20 15:30:44,918 - sarcos_all_joints - INFO - Optimizing: hyp
2016-07-20 15:31:39,489 - sarcos_all_joints - DEBUG - Objective: 250155.5101
2016-07-20 15:32:37,292 - sarcos_all_joints - DEBUG - Objective: 264443.8949
2016-07-20 15:33:36,027 - sarcos_all_joints - DEBUG - Objective: 250277.8109
2016-07-20 15:34:43,791 - sarcos_all_joints - DEBUG - Objective: 250215.7313
2016-07-20 15:35:53,910 - sarcos_all_joints - DEBUG - Objective: 250191.5800
2016-07-20 15:37:02,639 - sarcos_all_joints - DEBUG - Objective: 250193.4613
2016-07-20 15:37:59,187 - sarcos_all_joints - DEBUG - Objective: 250180.7484
2016-07-20 15:39:12,317 - sarcos_all_joints - DEBUG - Objective: 250133.7079
2016-07-20 15:39:12,318 - sarcos_all_joints - DEBUG - Objective: 250133.7079
2016-07-20 15:40:19,195 - sarcos_all_joints - DEBUG - Objective: 250168.5477
2016-07-20 15:41:15,555 - sarcos_all_joints - DEBUG - Objective: 250217.2679
2016-07-20 15:41:15,555 - sarcos_all_joints - INFO - Optimizing: ll
2016-07-20 15:41:20,332 - sarcos_all_joints - DEBUG - Objective: 250165.4916
2016-07-20 15:41:25,306 - sarcos_all_joints - DEBUG - Objective: 356929.7953
2016-07-20 15:41:30,178 - sarcos_all_joints - DEBUG - Objective: 250143.9418
2016-07-20 15:41:34,560 - sarcos_all_joints - DEBUG - Objective: 250157.0458
2016-07-20 15:41:39,394 - sarcos_all_joints - DEBUG - Objective: 250143.5087
2016-07-20 15:41:43,625 - sarcos_all_joints - DEBUG - Objective: 250214.1996
2016-07-20 15:41:47,098 - sarcos_all_joints - DEBUG - Objective: 250165.4335
2016-07-20 15:41:47,119 - sarcos_all_joints - DEBUG - Objective difference: 4311.529480
2016-07-20 15:41:47,119 - sarcos_all_joints - INFO - Mean difference: 0.094261
2016-07-20 15:41:47,119 - sarcos_all_joints - INFO - Covariance difference: 0.003344
2016-07-20 15:41:47,119 - sarcos_all_joints - INFO - Iteration 7 started.
2016-07-20 15:41:47,120 - sarcos_all_joints - INFO - Optimizing: mog
2016-07-20 15:41:52,233 - sarcos_all_joints - DEBUG - Objective: 250135.4213
2016-07-20 15:41:56,536 - sarcos_all_joints - DEBUG - Objective: 277214.4330
2016-07-20 15:42:01,286 - sarcos_all_joints - DEBUG - Objective: 250166.9847
2016-07-20 15:42:06,437 - sarcos_all_joints - DEBUG - Objective: 250130.1193
2016-07-20 15:42:11,537 - sarcos_all_joints - DEBUG - Objective: 250129.9977
2016-07-20 15:42:17,191 - sarcos_all_joints - DEBUG - Objective: 250142.5059
2016-07-20 15:42:22,695 - sarcos_all_joints - DEBUG - Objective: 250161.7955
2016-07-20 15:42:27,763 - sarcos_all_joints - DEBUG - Objective: 250164.2458
2016-07-20 15:42:33,504 - sarcos_all_joints - DEBUG - Objective: 250169.6090
2016-07-20 15:42:38,738 - sarcos_all_joints - DEBUG - Objective: 250113.9987
2016-07-20 15:42:44,063 - sarcos_all_joints - DEBUG - Objective: 250125.1179
2016-07-20 15:42:48,734 - sarcos_all_joints - DEBUG - Objective: 250129.7139
2016-07-20 15:42:53,118 - sarcos_all_joints - DEBUG - Objective: 250114.5040
2016-07-20 15:42:57,787 - sarcos_all_joints - DEBUG - Objective: 250213.0245
2016-07-20 15:43:03,232 - sarcos_all_joints - DEBUG - Objective: 250114.8082
2016-07-20 15:43:07,714 - sarcos_all_joints - DEBUG - Objective: 250128.7535
2016-07-20 15:43:07,716 - sarcos_all_joints - DEBUG - Objective: 250128.7535
2016-07-20 15:43:07,717 - sarcos_all_joints - INFO - Optimizing: hyp
2016-07-20 15:44:25,834 - sarcos_all_joints - DEBUG - Objective: 250120.7662
2016-07-20 15:45:26,767 - sarcos_all_joints - DEBUG - Objective: 264265.7565
2016-07-20 15:46:26,082 - sarcos_all_joints - DEBUG - Objective: 250232.2311
2016-07-20 15:47:24,110 - sarcos_all_joints - DEBUG - Objective: 250199.4244
2016-07-20 15:48:14,402 - sarcos_all_joints - DEBUG - Objective: 250129.9840
2016-07-20 15:49:09,377 - sarcos_all_joints - DEBUG - Objective: 250133.0875
2016-07-20 15:50:01,602 - sarcos_all_joints - DEBUG - Objective: 250141.2965
2016-07-20 15:51:04,425 - sarcos_all_joints - DEBUG - Objective: 250131.8141
2016-07-20 15:51:04,425 - sarcos_all_joints - DEBUG - Objective: 250131.8141
2016-07-20 15:51:04,426 - sarcos_all_joints - INFO - Optimizing: ll
2016-07-20 15:51:08,216 - sarcos_all_joints - DEBUG - Objective: 250130.9552
2016-07-20 15:51:12,706 - sarcos_all_joints - DEBUG - Objective: 361552.4586
2016-07-20 15:51:17,469 - sarcos_all_joints - DEBUG - Objective: 250144.9034
2016-07-20 15:51:21,022 - sarcos_all_joints - DEBUG - Objective: 250139.5548
2016-07-20 15:51:25,501 - sarcos_all_joints - DEBUG - Objective: 250154.3151
2016-07-20 15:51:28,991 - sarcos_all_joints - DEBUG - Objective: 250146.3595
2016-07-20 15:51:28,991 - sarcos_all_joints - DEBUG - Objective: 250146.3595
2016-07-20 15:51:29,011 - sarcos_all_joints - DEBUG - Objective difference: 19.073975
2016-07-20 15:51:29,011 - sarcos_all_joints - INFO - Mean difference: 0.000422
2016-07-20 15:51:29,011 - sarcos_all_joints - INFO - Covariance difference: 0.000014
2016-07-20 15:51:29,011 - sarcos_all_joints - DEBUG - prediction started...
2016-07-20 15:52:47,495 - sarcos_all_joints - DEBUG - prediction finished
