2016-07-14 17:07:58,961 - usps - INFO - experiment started for:{'run_id': 3, 'max_iter': 300, 'optimization_config': {'hyp': 25, 'mog': 25}, 'xtol': 1e-07, 'git_hash': '56b400bf485c09994800ecf66753736a8f1efd98', 'model_init': None, 'ftol': 1e-05, 'latent_noise:': 0.001, 'sparsity_factor': 1.0, 'll': 'SoftmaxLL', 'sample_num': 2000, 'experiment': 'usps', 'git_branch': 'master', 'random_Z': True, 'method': 'full'}
2016-07-14 17:08:00,186 - usps - INFO - Iteration 1 started.
2016-07-14 17:08:00,186 - usps - INFO - Optimizing: mog
2016-07-14 17:08:02,183 - usps - DEBUG - Objective: 4075.3820
2016-07-14 17:08:05,307 - usps - DEBUG - Objective: 4029.2535
2016-07-14 17:08:08,361 - usps - DEBUG - Objective: 3875.0591
2016-07-14 17:08:11,464 - usps - DEBUG - Objective: 3296.5764
2016-07-14 17:08:14,587 - usps - DEBUG - Objective: 3017.7481
2016-07-14 17:08:17,733 - usps - DEBUG - Objective: 2931.4269
2016-07-14 17:08:20,903 - usps - DEBUG - Objective: 2853.2295
2016-07-14 17:08:24,079 - usps - DEBUG - Objective: 2830.3172
2016-07-14 17:08:27,284 - usps - DEBUG - Objective: 2809.2521
2016-07-14 17:08:30,504 - usps - DEBUG - Objective: 2798.6776
2016-07-14 17:08:33,753 - usps - DEBUG - Objective: 2790.5000
2016-07-14 17:08:37,035 - usps - DEBUG - Objective: 2787.3604
2016-07-14 17:08:40,325 - usps - DEBUG - Objective: 2784.1522
2016-07-14 17:08:43,617 - usps - DEBUG - Objective: 2783.0135
2016-07-14 17:08:46,921 - usps - DEBUG - Objective: 2781.5593
2016-07-14 17:08:50,210 - usps - DEBUG - Objective: 2781.3829
2016-07-14 17:08:53,530 - usps - DEBUG - Objective: 2780.1441
2016-07-14 17:08:56,826 - usps - DEBUG - Objective: 2780.5153
2016-07-14 17:09:00,130 - usps - DEBUG - Objective: 2778.9886
2016-07-14 17:09:03,434 - usps - DEBUG - Objective: 2779.1581
2016-07-14 17:09:06,468 - usps - DEBUG - Objective: 2779.2773
2016-07-14 17:09:09,022 - usps - DEBUG - Objective: 2779.2314
2016-07-14 17:09:11,851 - usps - DEBUG - Objective: 2779.0937
2016-07-14 17:09:14,423 - usps - DEBUG - Objective: 2779.7441
2016-07-14 17:09:16,993 - usps - DEBUG - Objective: 2778.9293
2016-07-14 17:09:19,567 - usps - DEBUG - Objective: 2779.7111
2016-07-14 17:09:21,747 - usps - INFO - Optimizing: hyp
2016-07-14 17:09:24,085 - usps - DEBUG - Objective: 2779.7883
2016-07-14 17:09:26,226 - usps - DEBUG - Objective: 3295.8935
2016-07-14 17:09:28,893 - usps - DEBUG - Objective: 2722.3317
2016-07-14 17:09:31,635 - usps - DEBUG - Objective: 2720.7827
2016-07-14 17:09:34,362 - usps - DEBUG - Objective: 2721.1744
2016-07-14 17:09:36,681 - usps - DEBUG - Objective: 2721.9670
2016-07-14 17:09:39,001 - usps - DEBUG - Objective: 2721.6891
2016-07-14 17:09:41,325 - usps - DEBUG - Objective: 2721.3256
2016-07-14 17:09:43,643 - usps - DEBUG - Objective: 2721.3371
2016-07-14 17:09:45,967 - usps - DEBUG - Objective: 2721.7753
2016-07-14 17:09:46,815 - usps - DEBUG - Objective: 2720.6147
2016-07-14 17:09:49,198 - usps - INFO - Iteration 2 started.
2016-07-14 17:09:49,198 - usps - INFO - Optimizing: mog
2016-07-14 17:09:51,926 - usps - DEBUG - Objective: 2721.4257
2016-07-14 17:09:54,653 - usps - DEBUG - Objective: 2710.6188
2016-07-14 17:09:57,389 - usps - DEBUG - Objective: 2692.2979
2016-07-14 17:10:00,131 - usps - DEBUG - Objective: 2685.2445
2016-07-14 17:10:02,889 - usps - DEBUG - Objective: 2679.3480
2016-07-14 17:10:05,691 - usps - DEBUG - Objective: 2675.7071
2016-07-14 17:10:08,509 - usps - DEBUG - Objective: 2672.8398
2016-07-14 17:10:11,333 - usps - DEBUG - Objective: 2670.5375
2016-07-14 17:10:14,187 - usps - DEBUG - Objective: 2669.9107
2016-07-14 17:10:17,097 - usps - DEBUG - Objective: 2669.2979
2016-07-14 17:10:19,994 - usps - DEBUG - Objective: 2668.8833
2016-07-14 17:10:22,908 - usps - DEBUG - Objective: 2668.3423
2016-07-14 17:10:25,146 - usps - DEBUG - Objective: 2668.9109
2016-07-14 17:10:27,372 - usps - DEBUG - Objective: 2668.0062
2016-07-14 17:10:29,602 - usps - DEBUG - Objective: 2669.2569
2016-07-14 17:10:31,829 - usps - DEBUG - Objective: 2668.6430
2016-07-14 17:10:34,057 - usps - DEBUG - Objective: 2668.4263
2016-07-14 17:10:36,293 - usps - DEBUG - Objective: 2669.2180
2016-07-14 17:10:38,180 - usps - INFO - Optimizing: hyp
2016-07-14 17:10:40,286 - usps - DEBUG - Objective: 2668.2477
2016-07-14 17:10:42,394 - usps - DEBUG - Objective: 3675.3947
2016-07-14 17:10:44,734 - usps - DEBUG - Objective: 2629.2500
2016-07-14 17:10:47,060 - usps - DEBUG - Objective: 2626.0609
2016-07-14 17:10:49,389 - usps - DEBUG - Objective: 2624.9300
2016-07-14 17:10:51,716 - usps - DEBUG - Objective: 2624.6100
2016-07-14 17:10:53,734 - usps - DEBUG - Objective: 2624.3742
2016-07-14 17:10:55,756 - usps - DEBUG - Objective: 2624.4239
2016-07-14 17:10:57,756 - usps - DEBUG - Objective: 2625.1232
2016-07-14 17:10:59,753 - usps - DEBUG - Objective: 2624.6842
2016-07-14 17:11:02,085 - usps - DEBUG - Objective: 2625.2818
2016-07-14 17:11:02,758 - usps - DEBUG - Objective: 2624.8911
2016-07-14 17:11:03,516 - usps - DEBUG - Objective difference: 95.079834
2016-07-14 17:11:03,516 - usps - INFO - Mean difference: 0.169943
2016-07-14 17:11:03,516 - usps - INFO - Covariance difference: 0.001289
2016-07-14 17:11:03,516 - usps - INFO - Iteration 3 started.
2016-07-14 17:11:03,516 - usps - INFO - Optimizing: mog
2016-07-14 17:11:05,933 - usps - DEBUG - Objective: 2624.7307
2016-07-14 17:11:08,198 - usps - DEBUG - Objective: 2615.7507
2016-07-14 17:11:10,486 - usps - DEBUG - Objective: 2602.6744
2016-07-14 17:11:12,779 - usps - DEBUG - Objective: 2596.8817
2016-07-14 17:11:15,124 - usps - DEBUG - Objective: 2594.1603
2016-07-14 17:11:17,474 - usps - DEBUG - Objective: 2590.7968
2016-07-14 17:11:19,826 - usps - DEBUG - Objective: 2587.4177
2016-07-14 17:11:22,222 - usps - DEBUG - Objective: 2585.2169
2016-07-14 17:11:24,628 - usps - DEBUG - Objective: 2583.6386
2016-07-14 17:11:27,056 - usps - DEBUG - Objective: 2582.3419
2016-07-14 17:11:29,528 - usps - DEBUG - Objective: 2581.6442
2016-07-14 17:11:32,019 - usps - DEBUG - Objective: 2580.8932
2016-07-14 17:11:34,479 - usps - DEBUG - Objective: 2580.3640
2016-07-14 17:11:36,376 - usps - DEBUG - Objective: 2580.4977
2016-07-14 17:11:38,235 - usps - DEBUG - Objective: 2580.8245
2016-07-14 17:11:40,112 - usps - DEBUG - Objective: 2580.7747
2016-07-14 17:11:42,004 - usps - DEBUG - Objective: 2580.2421
2016-07-14 17:11:43,887 - usps - DEBUG - Objective: 2580.1606
2016-07-14 17:11:45,764 - usps - DEBUG - Objective: 2580.0290
2016-07-14 17:11:47,685 - usps - INFO - Optimizing: hyp
2016-07-14 17:11:49,466 - usps - DEBUG - Objective: 2579.6513
2016-07-14 17:11:51,614 - usps - DEBUG - Objective: 3950.2985
2016-07-14 17:11:54,492 - usps - DEBUG - Objective: 2548.0860
2016-07-14 17:11:57,410 - usps - DEBUG - Objective: 2544.5180
2016-07-14 17:12:00,340 - usps - DEBUG - Objective: 2541.7626
2016-07-14 17:12:03,323 - usps - DEBUG - Objective: 2541.0828
2016-07-14 17:12:06,292 - usps - DEBUG - Objective: 2541.4767
2016-07-14 17:12:08,812 - usps - DEBUG - Objective: 2539.6134
2016-07-14 17:12:11,331 - usps - DEBUG - Objective: 2541.6240
2016-07-14 17:12:13,851 - usps - DEBUG - Objective: 2540.6278
2016-07-14 17:12:16,820 - usps - DEBUG - Objective: 2540.6695
2016-07-14 17:12:17,788 - usps - DEBUG - Objective difference: 85.154572
2016-07-14 17:12:17,789 - usps - INFO - Mean difference: 0.188053
2016-07-14 17:12:17,789 - usps - INFO - Covariance difference: 0.001500
2016-07-14 17:12:17,789 - usps - INFO - Iteration 4 started.
2016-07-14 17:12:17,789 - usps - INFO - Optimizing: mog
2016-07-14 17:12:20,671 - usps - DEBUG - Objective: 2541.1706
2016-07-14 17:12:23,600 - usps - DEBUG - Objective: 2532.9676
2016-07-14 17:12:26,538 - usps - DEBUG - Objective: 2522.3761
2016-07-14 17:12:29,507 - usps - DEBUG - Objective: 2518.7678
2016-07-14 17:12:32,514 - usps - DEBUG - Objective: 2516.4925
2016-07-14 17:12:35,502 - usps - DEBUG - Objective: 2513.9731
2016-07-14 17:12:38,560 - usps - DEBUG - Objective: 2511.2125
2016-07-14 17:12:41,633 - usps - DEBUG - Objective: 2508.8648
2016-07-14 17:12:44,696 - usps - DEBUG - Objective: 2507.3836
2016-07-14 17:12:47,798 - usps - DEBUG - Objective: 2505.8490
2016-07-14 17:12:50,927 - usps - DEBUG - Objective: 2503.9121
2016-07-14 17:12:54,049 - usps - DEBUG - Objective: 2503.8770
2016-07-14 17:12:57,200 - usps - DEBUG - Objective: 2503.0502
2016-07-14 17:13:00,357 - usps - DEBUG - Objective: 2502.1589
2016-07-14 17:13:03,484 - usps - DEBUG - Objective: 2501.8433
2016-07-14 17:13:06,642 - usps - DEBUG - Objective: 2501.1307
2016-07-14 17:13:09,770 - usps - DEBUG - Objective: 2500.5880
2016-07-14 17:13:12,916 - usps - DEBUG - Objective: 2499.5607
2016-07-14 17:13:16,077 - usps - DEBUG - Objective: 2499.2449
2016-07-14 17:13:18,771 - usps - DEBUG - Objective: 2499.3298
2016-07-14 17:13:21,918 - usps - DEBUG - Objective: 2498.5392
2016-07-14 17:13:24,589 - usps - DEBUG - Objective: 2498.4751
2016-07-14 17:13:27,735 - usps - DEBUG - Objective: 2498.0107
2016-07-14 17:13:30,435 - usps - DEBUG - Objective: 2497.9889
2016-07-14 17:13:33,298 - usps - DEBUG - Objective: 2497.9198
2016-07-14 17:13:35,732 - usps - DEBUG - Objective: 2497.9217
2016-07-14 17:13:37,766 - usps - INFO - Optimizing: hyp
2016-07-14 17:13:40,068 - usps - DEBUG - Objective: 2497.5236
2016-07-14 17:13:42,156 - usps - DEBUG - Objective: 4526.0147
2016-07-14 17:13:44,767 - usps - DEBUG - Objective: 2474.4122
2016-07-14 17:13:47,451 - usps - DEBUG - Objective: 2471.4210
2016-07-14 17:13:50,123 - usps - DEBUG - Objective: 2467.1720
2016-07-14 17:13:52,767 - usps - DEBUG - Objective: 2465.1777
2016-07-14 17:13:55,363 - usps - DEBUG - Objective: 2464.8744
2016-07-14 17:13:57,972 - usps - DEBUG - Objective: 2464.6588
2016-07-14 17:14:00,188 - usps - DEBUG - Objective: 2464.2183
2016-07-14 17:14:02,407 - usps - DEBUG - Objective: 2464.1265
2016-07-14 17:14:04,629 - usps - DEBUG - Objective: 2464.1029
2016-07-14 17:14:06,849 - usps - DEBUG - Objective: 2465.0232
2016-07-14 17:14:09,071 - usps - DEBUG - Objective: 2465.2585
2016-07-14 17:14:11,300 - usps - DEBUG - Objective: 2464.3185
2016-07-14 17:14:13,986 - usps - DEBUG - Objective difference: 75.008972
2016-07-14 17:14:13,986 - usps - INFO - Mean difference: 0.261167
2016-07-14 17:14:13,986 - usps - INFO - Covariance difference: 0.001890
2016-07-14 17:14:13,986 - usps - INFO - Iteration 5 started.
2016-07-14 17:14:13,986 - usps - INFO - Optimizing: mog
2016-07-14 17:14:16,634 - usps - DEBUG - Objective: 2464.6623
2016-07-14 17:14:19,217 - usps - DEBUG - Objective: 2458.2104
2016-07-14 17:14:21,825 - usps - DEBUG - Objective: 2450.5618
2016-07-14 17:14:24,432 - usps - DEBUG - Objective: 2449.1046
2016-07-14 17:14:27,064 - usps - DEBUG - Objective: 2446.4683
2016-07-14 17:14:29,744 - usps - DEBUG - Objective: 2445.9092
2016-07-14 17:14:32,034 - usps - DEBUG - Objective: 2444.6146
2016-07-14 17:14:34,748 - usps - DEBUG - Objective: 2442.6196
2016-07-14 17:14:37,492 - usps - DEBUG - Objective: 2439.7193
2016-07-14 17:14:40,231 - usps - DEBUG - Objective: 2439.4887
2016-07-14 17:14:43,027 - usps - DEBUG - Objective: 2439.0294
2016-07-14 17:14:45,840 - usps - DEBUG - Objective: 2439.6496
2016-07-14 17:14:48,632 - usps - DEBUG - Objective: 2438.3221
2016-07-14 17:14:51,435 - usps - DEBUG - Objective: 2437.2793
2016-07-14 17:14:54,232 - usps - DEBUG - Objective: 2437.0195
2016-07-14 17:14:57,035 - usps - DEBUG - Objective: 2436.8927
2016-07-14 17:14:59,578 - usps - DEBUG - Objective: 2436.8069
2016-07-14 17:15:01,720 - usps - DEBUG - Objective: 2436.9456
2016-07-14 17:15:03,837 - usps - DEBUG - Objective: 2437.2329
2016-07-14 17:15:05,985 - usps - DEBUG - Objective: 2437.8334
2016-07-14 17:15:08,385 - usps - DEBUG - Objective: 2436.9342
2016-07-14 17:15:10,922 - usps - DEBUG - Objective: 2437.0791
2016-07-14 17:15:13,438 - usps - DEBUG - Objective: 2436.8968
2016-07-14 17:15:15,994 - usps - DEBUG - Objective: 2436.9647
2016-07-14 17:15:18,130 - usps - DEBUG - Objective: 2436.8877
2016-07-14 17:15:20,661 - usps - DEBUG - Objective: 2436.8246
2016-07-14 17:15:21,155 - usps - INFO - Optimizing: hyp
2016-07-14 17:15:23,187 - usps - DEBUG - Objective: 2437.2410
2016-07-14 17:15:25,216 - usps - DEBUG - Objective: 6063.5045
2016-07-14 17:15:27,578 - usps - DEBUG - Objective: 2423.9773
2016-07-14 17:15:30,006 - usps - DEBUG - Objective: 2420.9405
2016-07-14 17:15:32,457 - usps - DEBUG - Objective: 2417.9143
2016-07-14 17:15:34,896 - usps - DEBUG - Objective: 2414.1949
2016-07-14 17:15:37,318 - usps - DEBUG - Objective: 2414.3109
2016-07-14 17:15:39,716 - usps - DEBUG - Objective: 2413.6413
2016-07-14 17:15:41,769 - usps - DEBUG - Objective: 2412.9166
2016-07-14 17:15:43,805 - usps - DEBUG - Objective: 2413.0717
2016-07-14 17:15:45,842 - usps - DEBUG - Objective: 2413.1915
2016-07-14 17:15:48,222 - usps - DEBUG - Objective: 2412.9225
2016-07-14 17:15:50,255 - usps - DEBUG - Objective: 2413.5767
2016-07-14 17:15:50,950 - usps - DEBUG - Objective: 2412.9941
2016-07-14 17:15:53,061 - usps - DEBUG - Objective difference: 52.509094
2016-07-14 17:15:53,061 - usps - INFO - Mean difference: 0.128602
2016-07-14 17:15:53,061 - usps - INFO - Covariance difference: 0.001459
2016-07-14 17:15:53,061 - usps - INFO - Iteration 6 started.
2016-07-14 17:15:53,061 - usps - INFO - Optimizing: mog
2016-07-14 17:15:55,517 - usps - DEBUG - Objective: 2412.8900
2016-07-14 17:15:57,840 - usps - DEBUG - Objective: 2407.0587
2016-07-14 17:16:00,201 - usps - DEBUG - Objective: 2402.0237
2016-07-14 17:16:02,572 - usps - DEBUG - Objective: 2401.3429
2016-07-14 17:16:04,959 - usps - DEBUG - Objective: 2399.7242
2016-07-14 17:16:07,366 - usps - DEBUG - Objective: 2398.7212
2016-07-14 17:16:09,819 - usps - DEBUG - Objective: 2398.5520
2016-07-14 17:16:12,305 - usps - DEBUG - Objective: 2396.1586
2016-07-14 17:16:14,779 - usps - DEBUG - Objective: 2394.1958
2016-07-14 17:16:17,294 - usps - DEBUG - Objective: 2392.4345
2016-07-14 17:16:19,824 - usps - DEBUG - Objective: 2391.0755
2016-07-14 17:16:22,375 - usps - DEBUG - Objective: 2389.6861
2016-07-14 17:16:24,920 - usps - DEBUG - Objective: 2388.7312
2016-07-14 17:16:27,443 - usps - DEBUG - Objective: 2387.6595
2016-07-14 17:16:29,988 - usps - DEBUG - Objective: 2387.0736
2016-07-14 17:16:32,174 - usps - DEBUG - Objective: 2386.4701
2016-07-14 17:16:34,691 - usps - DEBUG - Objective: 2385.6844
2016-07-14 17:16:36,612 - usps - DEBUG - Objective: 2386.1350
2016-07-14 17:16:38,550 - usps - DEBUG - Objective: 2385.8958
2016-07-14 17:16:40,482 - usps - DEBUG - Objective: 2385.7469
2016-07-14 17:16:42,416 - usps - DEBUG - Objective: 2386.3711
2016-07-14 17:16:44,332 - usps - DEBUG - Objective: 2386.2173
2016-07-14 17:16:46,268 - usps - DEBUG - Objective: 2386.3401
2016-07-14 17:16:48,266 - usps - INFO - Optimizing: hyp
2016-07-14 17:16:50,085 - usps - DEBUG - Objective: 2385.8278
2016-07-14 17:16:52,076 - usps - DEBUG - Objective: 6582.3789
2016-07-14 17:16:54,503 - usps - DEBUG - Objective: 2374.5426
2016-07-14 17:16:56,945 - usps - DEBUG - Objective: 2371.6309
2016-07-14 17:16:59,393 - usps - DEBUG - Objective: 2369.5859
2016-07-14 17:17:01,847 - usps - DEBUG - Objective: 2363.8364
2016-07-14 17:17:04,290 - usps - DEBUG - Objective: 2363.5378
2016-07-14 17:17:06,733 - usps - DEBUG - Objective: 2363.6097
2016-07-14 17:17:09,178 - usps - DEBUG - Objective: 2362.1867
2016-07-14 17:17:11,269 - usps - DEBUG - Objective: 2362.8414
2016-07-14 17:17:13,357 - usps - DEBUG - Objective: 2363.0896
2016-07-14 17:17:15,466 - usps - DEBUG - Objective: 2362.7632
2016-07-14 17:17:17,917 - usps - DEBUG - Objective: 2362.2497
2016-07-14 17:17:20,006 - usps - DEBUG - Objective: 2362.5797
2016-07-14 17:17:22,096 - usps - DEBUG - Objective: 2362.5705
2016-07-14 17:17:22,809 - usps - DEBUG - Objective: 2362.6510
2016-07-14 17:17:25,032 - usps - DEBUG - Objective difference: 49.759583
2016-07-14 17:17:25,032 - usps - INFO - Mean difference: 0.179888
2016-07-14 17:17:25,032 - usps - INFO - Covariance difference: 0.001833
2016-07-14 17:17:25,032 - usps - INFO - Iteration 7 started.
2016-07-14 17:17:25,032 - usps - INFO - Optimizing: mog
2016-07-14 17:17:27,525 - usps - DEBUG - Objective: 2362.6096
2016-07-14 17:17:29,909 - usps - DEBUG - Objective: 2357.1621
2016-07-14 17:17:32,310 - usps - DEBUG - Objective: 2353.9731
2016-07-14 17:17:34,725 - usps - DEBUG - Objective: 2352.5681
2016-07-14 17:17:37,143 - usps - DEBUG - Objective: 2351.5313
2016-07-14 17:17:39,613 - usps - DEBUG - Objective: 2351.4824
2016-07-14 17:17:41,733 - usps - DEBUG - Objective: 2351.1015
2016-07-14 17:17:44,234 - usps - DEBUG - Objective: 2349.9879
2016-07-14 17:17:46,767 - usps - DEBUG - Objective: 2350.0431
2016-07-14 17:17:49,308 - usps - DEBUG - Objective: 2348.2430
2016-07-14 17:17:51,849 - usps - DEBUG - Objective: 2347.6346
2016-07-14 17:17:54,449 - usps - DEBUG - Objective: 2345.7902
2016-07-14 17:17:57,044 - usps - DEBUG - Objective: 2344.4366
2016-07-14 17:17:59,634 - usps - DEBUG - Objective: 2343.5628
2016-07-14 17:18:02,218 - usps - DEBUG - Objective: 2342.1438
2016-07-14 17:18:04,819 - usps - DEBUG - Objective: 2341.9963
2016-07-14 17:18:06,781 - usps - DEBUG - Objective: 2342.7812
2016-07-14 17:18:08,728 - usps - DEBUG - Objective: 2342.2474
2016-07-14 17:18:10,697 - usps - DEBUG - Objective: 2342.5913
2016-07-14 17:18:12,911 - usps - DEBUG - Objective: 2342.8614
2016-07-14 17:18:14,884 - usps - DEBUG - Objective: 2342.2816
2016-07-14 17:18:16,855 - usps - DEBUG - Objective: 2342.2528
2016-07-14 17:18:18,811 - usps - DEBUG - Objective: 2342.5240
2016-07-14 17:18:20,783 - usps - DEBUG - Objective: 2343.1975
2016-07-14 17:18:22,750 - usps - DEBUG - Objective: 2343.1494
2016-07-14 17:18:23,490 - usps - DEBUG - Objective: 2342.5163
2016-07-14 17:18:25,182 - usps - INFO - Optimizing: hyp
2016-07-14 17:18:27,060 - usps - DEBUG - Objective: 2341.7579
2016-07-14 17:18:29,061 - usps - DEBUG - Objective: 10234.2327
2016-07-14 17:18:31,125 - usps - DEBUG - Objective: 2343.6700
2016-07-14 17:18:33,537 - usps - DEBUG - Objective: 2334.1875
2016-07-14 17:18:35,923 - usps - DEBUG - Objective: 2333.0402
2016-07-14 17:18:38,277 - usps - DEBUG - Objective: 2330.4480
2016-07-14 17:18:40,632 - usps - DEBUG - Objective: 2327.1540
2016-07-14 17:18:43,056 - usps - DEBUG - Objective: 2325.0746
2016-07-14 17:18:45,130 - usps - DEBUG - Objective: 2325.3810
2016-07-14 17:18:47,556 - usps - DEBUG - Objective: 2325.2141
2016-07-14 17:18:49,625 - usps - DEBUG - Objective: 2325.5202
2016-07-14 17:18:52,040 - usps - DEBUG - Objective: 2325.0358
2016-07-14 17:18:54,168 - usps - DEBUG - Objective: 2324.7471
2016-07-14 17:18:54,869 - usps - DEBUG - Objective: 2325.4644
2016-07-14 17:18:57,009 - usps - DEBUG - Objective difference: 38.425140
2016-07-14 17:18:57,009 - usps - INFO - Mean difference: 0.142991
2016-07-14 17:18:57,009 - usps - INFO - Covariance difference: 0.001628
2016-07-14 17:18:57,010 - usps - INFO - Iteration 8 started.
2016-07-14 17:18:57,010 - usps - INFO - Optimizing: mog
2016-07-14 17:18:59,491 - usps - DEBUG - Objective: 2324.9572
2016-07-14 17:19:01,835 - usps - DEBUG - Objective: 2321.3279
2016-07-14 17:19:04,184 - usps - DEBUG - Objective: 2319.3510
2016-07-14 17:19:06,573 - usps - DEBUG - Objective: 2317.6716
2016-07-14 17:19:08,986 - usps - DEBUG - Objective: 2317.0613
2016-07-14 17:19:11,065 - usps - DEBUG - Objective: 2316.6662
2016-07-14 17:19:13,505 - usps - DEBUG - Objective: 2315.9762
2016-07-14 17:19:15,981 - usps - DEBUG - Objective: 2315.9436
2016-07-14 17:19:18,485 - usps - DEBUG - Objective: 2314.6282
2016-07-14 17:19:20,985 - usps - DEBUG - Objective: 2314.3429
2016-07-14 17:19:23,534 - usps - DEBUG - Objective: 2312.6515
2016-07-14 17:19:26,104 - usps - DEBUG - Objective: 2311.4281
2016-07-14 17:19:28,672 - usps - DEBUG - Objective: 2309.8921
2016-07-14 17:19:31,220 - usps - DEBUG - Objective: 2309.2455
2016-07-14 17:19:33,794 - usps - DEBUG - Objective: 2307.7181
2016-07-14 17:19:36,360 - usps - DEBUG - Objective: 2307.0634
2016-07-14 17:19:38,933 - usps - DEBUG - Objective: 2306.1353
2016-07-14 17:19:41,503 - usps - DEBUG - Objective: 2305.4864
2016-07-14 17:19:44,057 - usps - DEBUG - Objective: 2304.3884
2016-07-14 17:19:46,628 - usps - DEBUG - Objective: 2304.6794
2016-07-14 17:19:48,564 - usps - DEBUG - Objective: 2305.1420
2016-07-14 17:19:50,780 - usps - DEBUG - Objective: 2304.5690
2016-07-14 17:19:53,347 - usps - DEBUG - Objective: 2304.1955
2016-07-14 17:19:55,889 - usps - DEBUG - Objective: 2303.4362
2016-07-14 17:19:58,464 - usps - DEBUG - Objective: 2303.0797
2016-07-14 17:20:00,671 - usps - DEBUG - Objective: 2302.7487
2016-07-14 17:20:02,576 - usps - INFO - Optimizing: hyp
2016-07-14 17:20:04,447 - usps - DEBUG - Objective: 2302.3913
2016-07-14 17:20:06,437 - usps - DEBUG - Objective: 8338.1544
2016-07-14 17:20:08,877 - usps - DEBUG - Objective: 2300.6169
2016-07-14 17:20:11,321 - usps - DEBUG - Objective: 2294.9664
2016-07-14 17:20:13,762 - usps - DEBUG - Objective: 2294.4933
2016-07-14 17:20:16,221 - usps - DEBUG - Objective: 2291.6943
2016-07-14 17:20:18,662 - usps - DEBUG - Objective: 2289.2657
2016-07-14 17:20:21,105 - usps - DEBUG - Objective: 2286.8440
2016-07-14 17:20:23,545 - usps - DEBUG - Objective: 2286.9309
2016-07-14 17:20:25,986 - usps - DEBUG - Objective: 2287.0342
2016-07-14 17:20:28,431 - usps - DEBUG - Objective: 2286.4782
2016-07-14 17:20:30,876 - usps - DEBUG - Objective: 2287.1617
2016-07-14 17:20:33,320 - usps - DEBUG - Objective: 2286.5915
2016-07-14 17:20:34,214 - usps - DEBUG - Objective difference: 37.988983
2016-07-14 17:20:34,214 - usps - INFO - Mean difference: 0.223231
2016-07-14 17:20:34,214 - usps - INFO - Covariance difference: 0.002104
2016-07-14 17:20:34,214 - usps - INFO - Iteration 9 started.
2016-07-14 17:20:34,214 - usps - INFO - Optimizing: mog
2016-07-14 17:20:36,730 - usps - DEBUG - Objective: 2286.5585
2016-07-14 17:20:39,099 - usps - DEBUG - Objective: 2283.8488
2016-07-14 17:20:41,474 - usps - DEBUG - Objective: 2281.7084
2016-07-14 17:20:43,905 - usps - DEBUG - Objective: 2281.0600
2016-07-14 17:20:46,324 - usps - DEBUG - Objective: 2279.7613
2016-07-14 17:20:48,792 - usps - DEBUG - Objective: 2279.5426
2016-07-14 17:20:51,277 - usps - DEBUG - Objective: 2279.2269
2016-07-14 17:20:53,781 - usps - DEBUG - Objective: 2277.7816
2016-07-14 17:20:55,763 - usps - DEBUG - Objective: 2278.6400
2016-07-14 17:20:57,733 - usps - DEBUG - Objective: 2279.8859
2016-07-14 17:20:59,696 - usps - DEBUG - Objective: 2279.1846
2016-07-14 17:21:01,668 - usps - DEBUG - Objective: 2279.3065
2016-07-14 17:21:03,639 - usps - DEBUG - Objective: 2279.1499
2016-07-14 17:21:04,381 - usps - DEBUG - Objective: 2278.6363
2016-07-14 17:21:06,021 - usps - INFO - Optimizing: hyp
2016-07-14 17:21:07,896 - usps - DEBUG - Objective: 2278.8988
2016-07-14 17:21:09,894 - usps - DEBUG - Objective: 8722.9702
2016-07-14 17:21:11,946 - usps - DEBUG - Objective: 2278.6655
2016-07-14 17:21:14,392 - usps - DEBUG - Objective: 2276.1131
2016-07-14 17:21:16,839 - usps - DEBUG - Objective: 2276.6980
2016-07-14 17:21:19,284 - usps - DEBUG - Objective: 2275.4174
2016-07-14 17:21:21,727 - usps - DEBUG - Objective: 2275.6940
2016-07-14 17:21:24,168 - usps - DEBUG - Objective: 2275.7823
2016-07-14 17:21:26,614 - usps - DEBUG - Objective: 2275.5098
2016-07-14 17:21:28,703 - usps - DEBUG - Objective: 2275.9736
2016-07-14 17:21:30,791 - usps - DEBUG - Objective: 2275.0919
2016-07-14 17:21:32,960 - usps - DEBUG - Objective difference: 11.180023
2016-07-14 17:21:32,960 - usps - INFO - Mean difference: 0.018483
2016-07-14 17:21:32,960 - usps - INFO - Covariance difference: 0.000608
2016-07-14 17:21:32,960 - usps - INFO - Iteration 10 started.
2016-07-14 17:21:32,960 - usps - INFO - Optimizing: mog
2016-07-14 17:21:35,480 - usps - DEBUG - Objective: 2276.0692
2016-07-14 17:21:37,849 - usps - DEBUG - Objective: 2274.1843
2016-07-14 17:21:40,254 - usps - DEBUG - Objective: 2273.6751
2016-07-14 17:21:42,584 - usps - DEBUG - Objective: 2273.4298
2016-07-14 17:21:44,998 - usps - DEBUG - Objective: 2272.9226
2016-07-14 17:21:47,420 - usps - DEBUG - Objective: 2272.8107
2016-07-14 17:21:49,523 - usps - DEBUG - Objective: 2272.3607
2016-07-14 17:21:51,465 - usps - DEBUG - Objective: 2272.0599
2016-07-14 17:21:53,424 - usps - DEBUG - Objective: 2272.7745
2016-07-14 17:21:55,397 - usps - DEBUG - Objective: 2272.5126
2016-07-14 17:21:57,357 - usps - DEBUG - Objective: 2272.8429
2016-07-14 17:21:59,300 - usps - DEBUG - Objective: 2272.6931
2016-07-14 17:22:01,267 - usps - DEBUG - Objective: 2272.4002
2016-07-14 17:22:01,701 - usps - INFO - Optimizing: hyp
2016-07-14 17:22:03,601 - usps - DEBUG - Objective: 2272.8508
2016-07-14 17:22:05,604 - usps - DEBUG - Objective: 12072.3976
2016-07-14 17:22:07,680 - usps - DEBUG - Objective: 2285.3251
2016-07-14 17:22:10,128 - usps - DEBUG - Objective: 2271.6267
2016-07-14 17:22:12,210 - usps - DEBUG - Objective: 2271.5855
2016-07-14 17:22:14,640 - usps - DEBUG - Objective: 2270.9890
2016-07-14 17:22:17,063 - usps - DEBUG - Objective: 2270.4924
2016-07-14 17:22:19,135 - usps - DEBUG - Objective: 2271.0236
2016-07-14 17:22:21,564 - usps - DEBUG - Objective: 2269.9653
2016-07-14 17:22:23,614 - usps - DEBUG - Objective: 2270.2748
2016-07-14 17:22:26,032 - usps - DEBUG - Objective: 2269.9840
2016-07-14 17:22:28,465 - usps - DEBUG - Objective: 2269.8989
2016-07-14 17:22:30,540 - usps - DEBUG - Objective: 2269.7573
2016-07-14 17:22:32,608 - usps - DEBUG - Objective: 2269.9748
2016-07-14 17:22:34,678 - usps - DEBUG - Objective: 2270.3994
2016-07-14 17:22:37,098 - usps - DEBUG - Objective: 2270.5005
2016-07-14 17:22:37,806 - usps - DEBUG - Objective: 2270.2250
2016-07-14 17:22:38,592 - usps - DEBUG - Objective difference: 5.374786
2016-07-14 17:22:38,592 - usps - INFO - Mean difference: 0.005829
2016-07-14 17:22:38,592 - usps - INFO - Covariance difference: 0.000183
2016-07-14 17:22:38,592 - usps - INFO - Iteration 11 started.
2016-07-14 17:22:38,592 - usps - INFO - Optimizing: mog
2016-07-14 17:22:41,074 - usps - DEBUG - Objective: 2269.6866
2016-07-14 17:22:43,092 - usps - DEBUG - Objective: 2273.6000
2016-07-14 17:22:45,411 - usps - DEBUG - Objective: 2269.6505
2016-07-14 17:22:47,797 - usps - DEBUG - Objective: 2268.6534
2016-07-14 17:22:50,218 - usps - DEBUG - Objective: 2267.4232
2016-07-14 17:22:52,649 - usps - DEBUG - Objective: 2266.5075
2016-07-14 17:22:55,079 - usps - DEBUG - Objective: 2265.9814
2016-07-14 17:22:57,558 - usps - DEBUG - Objective: 2265.7168
2016-07-14 17:23:00,049 - usps - DEBUG - Objective: 2265.2329
2016-07-14 17:23:02,567 - usps - DEBUG - Objective: 2264.9642
2016-07-14 17:23:05,106 - usps - DEBUG - Objective: 2263.5062
2016-07-14 17:23:07,649 - usps - DEBUG - Objective: 2262.8575
2016-07-14 17:23:10,236 - usps - DEBUG - Objective: 2262.2617
2016-07-14 17:23:12,823 - usps - DEBUG - Objective: 2261.7444
2016-07-14 17:23:15,416 - usps - DEBUG - Objective: 2260.8301
2016-07-14 17:23:17,993 - usps - DEBUG - Objective: 2260.3928
2016-07-14 17:23:20,589 - usps - DEBUG - Objective: 2260.1160
2016-07-14 17:23:23,192 - usps - DEBUG - Objective: 2259.4374
2016-07-14 17:23:25,761 - usps - DEBUG - Objective: 2258.8080
2016-07-14 17:23:28,358 - usps - DEBUG - Objective: 2257.9103
2016-07-14 17:23:30,953 - usps - DEBUG - Objective: 2257.0812
2016-07-14 17:23:33,561 - usps - DEBUG - Objective: 2257.2155
2016-07-14 17:23:35,891 - usps - DEBUG - Objective: 2257.2794
2016-07-14 17:23:38,218 - usps - DEBUG - Objective: 2257.6245
2016-07-14 17:23:40,183 - usps - DEBUG - Objective: 2257.6680
2016-07-14 17:23:42,130 - usps - DEBUG - Objective: 2257.4791
2016-07-14 17:23:43,801 - usps - INFO - Optimizing: hyp
2016-07-14 17:23:45,656 - usps - DEBUG - Objective: 2257.2859
2016-07-14 17:23:47,652 - usps - DEBUG - Objective: 12160.6850
2016-07-14 17:23:49,711 - usps - DEBUG - Objective: 2267.6385
2016-07-14 17:23:52,172 - usps - DEBUG - Objective: 2253.7990
2016-07-14 17:23:54,636 - usps - DEBUG - Objective: 2253.2801
2016-07-14 17:23:57,092 - usps - DEBUG - Objective: 2253.3276
2016-07-14 17:23:59,540 - usps - DEBUG - Objective: 2251.0139
2016-07-14 17:24:01,987 - usps - DEBUG - Objective: 2249.4407
2016-07-14 17:24:04,070 - usps - DEBUG - Objective: 2249.1423
2016-07-14 17:24:06,152 - usps - DEBUG - Objective: 2249.4774
2016-07-14 17:24:08,587 - usps - DEBUG - Objective: 2249.6335
2016-07-14 17:24:11,022 - usps - DEBUG - Objective: 2249.1531
2016-07-14 17:24:13,103 - usps - DEBUG - Objective: 2249.3452
2016-07-14 17:24:15,186 - usps - DEBUG - Objective: 2250.1106
2016-07-14 17:24:17,283 - usps - DEBUG - Objective: 2249.5265
2016-07-14 17:24:19,365 - usps - DEBUG - Objective: 2249.3889
2016-07-14 17:24:20,070 - usps - DEBUG - Objective: 2249.4742
2016-07-14 17:24:20,775 - usps - DEBUG - Objective: 2249.0202
2016-07-14 17:24:23,286 - usps - DEBUG - Objective difference: 21.315338
2016-07-14 17:24:23,286 - usps - INFO - Mean difference: 0.132337
2016-07-14 17:24:23,286 - usps - INFO - Covariance difference: 0.001982
2016-07-14 17:24:23,286 - usps - INFO - Iteration 12 started.
2016-07-14 17:24:23,286 - usps - INFO - Optimizing: mog
2016-07-14 17:24:25,820 - usps - DEBUG - Objective: 2249.0632
2016-07-14 17:24:27,801 - usps - DEBUG - Objective: 2248.9024
2016-07-14 17:24:30,125 - usps - DEBUG - Objective: 2248.3007
2016-07-14 17:24:32,518 - usps - DEBUG - Objective: 2246.2081
2016-07-14 17:24:34,910 - usps - DEBUG - Objective: 2245.0877
2016-07-14 17:24:37,350 - usps - DEBUG - Objective: 2244.4931
2016-07-14 17:24:39,803 - usps - DEBUG - Objective: 2243.6721
2016-07-14 17:24:41,768 - usps - DEBUG - Objective: 2244.1588
2016-07-14 17:24:43,715 - usps - DEBUG - Objective: 2244.0441
2016-07-14 17:24:45,696 - usps - DEBUG - Objective: 2244.7431
2016-07-14 17:24:47,814 - usps - DEBUG - Objective: 2244.5696
2016-07-14 17:24:49,796 - usps - DEBUG - Objective: 2244.0274
2016-07-14 17:24:51,760 - usps - DEBUG - Objective: 2244.4792
2016-07-14 17:24:53,737 - usps - DEBUG - Objective: 2244.0302
2016-07-14 17:24:55,687 - usps - DEBUG - Objective: 2244.3905
2016-07-14 17:24:57,644 - usps - DEBUG - Objective: 2245.1391
2016-07-14 17:24:59,301 - usps - INFO - Optimizing: hyp
2016-07-14 17:25:01,191 - usps - DEBUG - Objective: 2244.0208
2016-07-14 17:25:03,188 - usps - DEBUG - Objective: 8687.7650
2016-07-14 17:25:05,600 - usps - DEBUG - Objective: 2243.8529
2016-07-14 17:25:08,035 - usps - DEBUG - Objective: 2241.7788
2016-07-14 17:25:10,118 - usps - DEBUG - Objective: 2242.0094
2016-07-14 17:25:12,219 - usps - DEBUG - Objective: 2241.3590
2016-07-14 17:25:14,656 - usps - DEBUG - Objective: 2242.1376
2016-07-14 17:25:16,741 - usps - DEBUG - Objective: 2241.5180
2016-07-14 17:25:18,822 - usps - DEBUG - Objective: 2241.6603
2016-07-14 17:25:20,902 - usps - DEBUG - Objective: 2242.1943
2016-07-14 17:25:21,609 - usps - DEBUG - Objective: 2241.5985
2016-07-14 17:25:23,692 - usps - DEBUG - Objective: 2241.9210
2016-07-14 17:25:25,773 - usps - DEBUG - Objective: 2242.4149
2016-07-14 17:25:27,854 - usps - DEBUG - Objective: 2241.6211
2016-07-14 17:25:29,934 - usps - DEBUG - Objective: 2242.0717
2016-07-14 17:25:32,014 - usps - DEBUG - Objective: 2242.1754
2016-07-14 17:25:32,722 - usps - DEBUG - Objective: 2241.3221
2016-07-14 17:25:34,881 - usps - DEBUG - Objective difference: 7.312042
2016-07-14 17:25:34,881 - usps - INFO - Mean difference: 0.008806
2016-07-14 17:25:34,881 - usps - INFO - Covariance difference: 0.000371
2016-07-14 17:25:34,881 - usps - INFO - Iteration 13 started.
2016-07-14 17:25:34,881 - usps - INFO - Optimizing: mog
2016-07-14 17:25:37,406 - usps - DEBUG - Objective: 2241.1365
2016-07-14 17:25:39,398 - usps - DEBUG - Objective: 2243.3093
2016-07-14 17:25:41,743 - usps - DEBUG - Objective: 2241.4738
2016-07-14 17:25:44,136 - usps - DEBUG - Objective: 2240.6488
2016-07-14 17:25:46,554 - usps - DEBUG - Objective: 2239.9886
2016-07-14 17:25:48,984 - usps - DEBUG - Objective: 2239.5177
2016-07-14 17:25:51,420 - usps - DEBUG - Objective: 2239.5341
2016-07-14 17:25:53,543 - usps - DEBUG - Objective: 2239.2889
2016-07-14 17:25:55,879 - usps - DEBUG - Objective: 2239.5424
2016-07-14 17:25:58,216 - usps - DEBUG - Objective: 2239.1796
2016-07-14 17:26:00,548 - usps - DEBUG - Objective: 2239.9601
2016-07-14 17:26:02,878 - usps - DEBUG - Objective: 2239.0960
2016-07-14 17:26:05,186 - usps - DEBUG - Objective: 2239.1376
2016-07-14 17:26:07,261 - usps - DEBUG - Objective: 2387.4219
2016-07-14 17:26:09,602 - usps - DEBUG - Objective: 2239.8198
2016-07-14 17:26:12,048 - usps - DEBUG - Objective: 2239.1614
2016-07-14 17:26:14,015 - usps - DEBUG - Objective: 2239.0220
2016-07-14 17:26:16,346 - usps - DEBUG - Objective: 2238.6788
2016-07-14 17:26:18,380 - usps - DEBUG - Objective: 2239.4146
2016-07-14 17:26:20,351 - usps - DEBUG - Objective: 2239.9640
2016-07-14 17:26:22,314 - usps - DEBUG - Objective: 2238.6588
2016-07-14 17:26:24,280 - usps - DEBUG - Objective: 2239.1762
2016-07-14 17:26:26,611 - usps - DEBUG - Objective: 2238.7134
2016-07-14 17:26:27,038 - usps - INFO - Optimizing: hyp
2016-07-14 17:26:28,903 - usps - DEBUG - Objective: 2239.2964
2016-07-14 17:26:30,920 - usps - DEBUG - Objective: 8765.2806
2016-07-14 17:26:33,005 - usps - DEBUG - Objective: 2239.0762
2016-07-14 17:26:35,446 - usps - DEBUG - Objective: 2236.9928
2016-07-14 17:26:37,882 - usps - DEBUG - Objective: 2236.7470
2016-07-14 17:26:40,325 - usps - DEBUG - Objective: 2236.8560
2016-07-14 17:26:42,767 - usps - DEBUG - Objective: 2237.0225
2016-07-14 17:26:44,850 - usps - DEBUG - Objective: 2237.2868
2016-07-14 17:26:46,929 - usps - DEBUG - Objective: 2236.5168
2016-07-14 17:26:49,007 - usps - DEBUG - Objective: 2236.9612
2016-07-14 17:26:51,093 - usps - DEBUG - Objective: 2237.3862
2016-07-14 17:26:53,260 - usps - DEBUG - Objective difference: 4.429459
2016-07-14 17:26:53,261 - usps - INFO - Mean difference: 0.009797
2016-07-14 17:26:53,261 - usps - INFO - Covariance difference: 0.000300
2016-07-14 17:26:53,261 - usps - INFO - Iteration 14 started.
2016-07-14 17:26:53,261 - usps - INFO - Optimizing: mog
2016-07-14 17:26:55,752 - usps - DEBUG - Objective: 2237.5470
2016-07-14 17:26:57,760 - usps - DEBUG - Objective: 2243.7992
2016-07-14 17:26:59,704 - usps - DEBUG - Objective: 2236.7029
2016-07-14 17:27:02,031 - usps - DEBUG - Objective: 2237.3197
2016-07-14 17:27:04,360 - usps - DEBUG - Objective: 2237.2594
2016-07-14 17:27:06,325 - usps - DEBUG - Objective: 2237.2661
2016-07-14 17:27:08,636 - usps - DEBUG - Objective: 2236.9466
2016-07-14 17:27:10,970 - usps - DEBUG - Objective: 2236.8915
2016-07-14 17:27:12,940 - usps - DEBUG - Objective: 2236.7728
2016-07-14 17:27:14,937 - usps - INFO - Optimizing: hyp
2016-07-14 17:27:16,810 - usps - DEBUG - Objective: 2236.9706
2016-07-14 17:27:18,810 - usps - DEBUG - Objective: 3933.2731
2016-07-14 17:27:21,224 - usps - DEBUG - Objective: 2237.2082
2016-07-14 17:27:23,303 - usps - DEBUG - Objective: 2236.8759
2016-07-14 17:27:25,385 - usps - DEBUG - Objective: 2237.2378
2016-07-14 17:27:27,474 - usps - DEBUG - Objective: 2237.3277
2016-07-14 17:27:29,557 - usps - DEBUG - Objective: 2236.9703
2016-07-14 17:27:31,637 - usps - DEBUG - Objective: 2237.5180
2016-07-14 17:27:32,344 - usps - DEBUG - Objective: 2237.0967
2016-07-14 17:27:33,128 - usps - DEBUG - Objective difference: -0.260437
2016-07-14 17:27:33,128 - usps - INFO - Mean difference: 0.000000
2016-07-14 17:27:33,128 - usps - INFO - Covariance difference: 0.000000
2016-07-14 17:27:33,128 - usps - DEBUG - prediction started...
2016-07-14 17:27:40,317 - usps - DEBUG - prediction finished
