2017-12-11 11:14:45,078 - sarcos - INFO - experiment started for:{'run_id': 0, 'max_iter': 200, 'optimization_config': {'hyp': 10, 'll': 10, 'mog': 25}, 'xtol': 0.001, 'git_hash': 'e9937eb5130531ee5f0a59d3e5ee7d7157392db8', 'model_init': None, 'ftol': 1e-05, 'latent_noise:': 0.001, 'sparsity_factor': 0.001, 'll': 'CogLL', 'sample_num': 100, 'experiment': 'sarcos', 'git_branch': 'master', 'random_Z': False, 'method': 'diag'}
2017-12-11 11:14:49,417 - sarcos - INFO - Iteration 1 started.
2017-12-11 11:14:49,417 - sarcos - INFO - Optimizing: hyp
2017-12-11 11:15:41,291 - sarcos - DEBUG - Objective: 854857.1302
2017-12-11 11:16:33,166 - sarcos - DEBUG - Objective: 557474.2745
2017-12-11 11:17:25,120 - sarcos - DEBUG - Objective: 500187.0514
2017-12-11 11:18:17,739 - sarcos - DEBUG - Objective: 457550.7086
2017-12-11 11:19:11,630 - sarcos - DEBUG - Objective: 440121.4433
2017-12-11 11:20:05,173 - sarcos - DEBUG - Objective: 430688.4093
2017-12-11 11:20:58,985 - sarcos - DEBUG - Objective: 440155.9643
2017-12-11 11:21:52,560 - sarcos - DEBUG - Objective: 433104.2613
2017-12-11 11:22:45,248 - sarcos - DEBUG - Objective: 426611.5736
2017-12-11 11:23:39,634 - sarcos - DEBUG - Objective: 423781.6084
2017-12-11 11:24:31,457 - sarcos - DEBUG - Objective: 422616.1814
2017-12-11 11:24:31,458 - sarcos - INFO - Optimizing: mog
2017-12-11 11:24:35,571 - sarcos - DEBUG - Objective: 422600.4832
2017-12-11 11:24:39,671 - sarcos - DEBUG - Objective: 413831.5492
2017-12-11 11:24:43,772 - sarcos - DEBUG - Objective: 387933.2781
2017-12-11 11:24:47,865 - sarcos - DEBUG - Objective: 385290.8972
2017-12-11 11:24:51,959 - sarcos - DEBUG - Objective: 378310.0451
2017-12-11 11:24:56,013 - sarcos - DEBUG - Objective: 384601.7769
2017-12-11 11:25:00,104 - sarcos - DEBUG - Objective: 362333.5685
2017-12-11 11:25:04,217 - sarcos - DEBUG - Objective: 362485.9774
2017-12-11 11:25:08,323 - sarcos - DEBUG - Objective: 357915.7198
2017-12-11 11:25:12,420 - sarcos - DEBUG - Objective: 354275.4008
2017-12-11 11:25:16,509 - sarcos - DEBUG - Objective: 351061.5574
2017-12-11 11:25:20,587 - sarcos - DEBUG - Objective: 345643.2289
2017-12-11 11:25:24,670 - sarcos - DEBUG - Objective: 342753.2695
2017-12-11 11:25:28,706 - sarcos - DEBUG - Objective: 339488.9632
2017-12-11 11:25:32,766 - sarcos - DEBUG - Objective: 338337.9748
2017-12-11 11:25:36,815 - sarcos - DEBUG - Objective: 337713.1810
2017-12-11 11:25:40,902 - sarcos - DEBUG - Objective: 336472.0707
2017-12-11 11:25:45,000 - sarcos - DEBUG - Objective: 335540.1878
2017-12-11 11:25:49,101 - sarcos - DEBUG - Objective: 335059.6383
2017-12-11 11:25:53,189 - sarcos - DEBUG - Objective: 334073.3579
2017-12-11 11:25:57,294 - sarcos - DEBUG - Objective: 333133.9848
2017-12-11 11:26:01,345 - sarcos - DEBUG - Objective: 331844.5259
2017-12-11 11:26:05,521 - sarcos - DEBUG - Objective: 331360.7227
2017-12-11 11:26:09,693 - sarcos - DEBUG - Objective: 330784.4201
2017-12-11 11:26:13,770 - sarcos - DEBUG - Objective: 330484.1910
2017-12-11 11:26:17,849 - sarcos - DEBUG - Objective: 330233.1094
2017-12-11 11:26:17,850 - sarcos - INFO - Optimizing: hyp
2017-12-11 11:27:09,317 - sarcos - DEBUG - Objective: 330095.3497
2017-12-11 11:28:00,901 - sarcos - DEBUG - Objective: 332222.6665
2017-12-11 11:28:52,522 - sarcos - DEBUG - Objective: 329763.6780
2017-12-11 11:29:43,987 - sarcos - DEBUG - Objective: 483481.9881
2017-12-11 11:30:35,503 - sarcos - DEBUG - Objective: 320640.1610
2017-12-11 11:31:27,060 - sarcos - DEBUG - Objective: 307308.3357
2017-12-11 11:32:18,643 - sarcos - DEBUG - Objective: 303666.1374
2017-12-11 11:33:10,157 - sarcos - DEBUG - Objective: 387610.1068
2017-12-11 11:34:01,719 - sarcos - DEBUG - Objective: 303503.4296
2017-12-11 11:34:53,211 - sarcos - DEBUG - Objective: 303287.8477
2017-12-11 11:35:44,833 - sarcos - DEBUG - Objective: 322026.2774
2017-12-11 11:36:36,383 - sarcos - DEBUG - Objective: 303232.9348
2017-12-11 11:37:27,919 - sarcos - DEBUG - Objective: 303221.8760
2017-12-11 11:38:19,547 - sarcos - DEBUG - Objective: 307237.7906
2017-12-11 11:39:11,219 - sarcos - DEBUG - Objective: 303280.3272
2017-12-11 11:40:02,750 - sarcos - DEBUG - Objective: 303211.6827
2017-12-11 11:40:02,750 - sarcos - INFO - Optimizing: ll
2017-12-11 11:40:06,568 - sarcos - DEBUG - Objective: 303198.1739
2017-12-11 11:40:10,401 - sarcos - DEBUG - Objective: 157121.5255
2017-12-11 11:40:14,212 - sarcos - DEBUG - Objective: 139943.3334
2017-12-11 11:40:18,019 - sarcos - DEBUG - Objective: 132297.3315
2017-12-11 11:40:21,770 - sarcos - DEBUG - Objective: 131366.3906
2017-12-11 11:40:25,652 - sarcos - DEBUG - Objective: 131317.0165
2017-12-11 11:40:29,470 - sarcos - DEBUG - Objective: 131319.3737
2017-12-11 11:40:33,272 - sarcos - DEBUG - Objective: 131301.1492
2017-12-11 11:40:37,084 - sarcos - DEBUG - Objective: 131305.0332
2017-12-11 11:40:40,894 - sarcos - DEBUG - Objective: 131304.9164
2017-12-11 11:40:44,701 - sarcos - DEBUG - Objective: 131309.0989
2017-12-11 11:40:48,512 - sarcos - DEBUG - Objective: 131311.6321
2017-12-11 11:40:52,292 - sarcos - DEBUG - Objective: 131304.3952
2017-12-11 11:40:52,292 - sarcos - DEBUG - Objective: 131304.3952
2017-12-11 11:40:52,311 - sarcos - INFO - Iteration 2 started.
2017-12-11 11:40:52,311 - sarcos - INFO - Optimizing: hyp
2017-12-11 11:41:43,759 - sarcos - DEBUG - Objective: 131307.5481
2017-12-11 11:42:35,180 - sarcos - DEBUG - Objective: 167997.7574
2017-12-11 11:43:26,623 - sarcos - DEBUG - Objective: 131223.5228
2017-12-11 11:44:18,081 - sarcos - DEBUG - Objective: 131339.2173
2017-12-11 11:45:09,537 - sarcos - DEBUG - Objective: 131230.6581
2017-12-11 11:46:01,099 - sarcos - DEBUG - Objective: 131219.2622
2017-12-11 11:46:52,573 - sarcos - DEBUG - Objective: 131224.8497
2017-12-11 11:47:43,999 - sarcos - DEBUG - Objective: 131219.2144
2017-12-11 11:48:35,499 - sarcos - DEBUG - Objective: 131220.7817
2017-12-11 11:49:26,964 - sarcos - DEBUG - Objective: 131218.3189
2017-12-11 11:50:18,450 - sarcos - DEBUG - Objective: 131340.3025
2017-12-11 11:51:09,958 - sarcos - DEBUG - Objective: 131234.5501
2017-12-11 11:52:01,345 - sarcos - DEBUG - Objective: 131222.1226
2017-12-11 11:52:52,811 - sarcos - DEBUG - Objective: 131223.5000
2017-12-11 11:53:44,258 - sarcos - DEBUG - Objective: 131222.0884
2017-12-11 11:54:35,726 - sarcos - DEBUG - Objective: 131223.3212
2017-12-11 11:54:35,726 - sarcos - DEBUG - Objective: 131223.3212
2017-12-11 11:54:35,727 - sarcos - DEBUG - Objective: 131223.3212
2017-12-11 11:54:35,727 - sarcos - INFO - Optimizing: mog
2017-12-11 11:54:39,851 - sarcos - DEBUG - Objective: 131227.9295
2017-12-11 11:54:44,003 - sarcos - DEBUG - Objective: 127271.2721
2017-12-11 11:54:48,098 - sarcos - DEBUG - Objective: 118887.5865
2017-12-11 11:54:52,180 - sarcos - DEBUG - Objective: 117341.6338
2017-12-11 11:54:56,212 - sarcos - DEBUG - Objective: 116819.0516
2017-12-11 11:55:00,296 - sarcos - DEBUG - Objective: 116533.7473
2017-12-11 11:55:04,413 - sarcos - DEBUG - Objective: 116367.0054
2017-12-11 11:55:08,509 - sarcos - DEBUG - Objective: 115997.4591
2017-12-11 11:55:12,599 - sarcos - DEBUG - Objective: 115587.0863
2017-12-11 11:55:16,691 - sarcos - DEBUG - Objective: 115230.8700
2017-12-11 11:55:20,756 - sarcos - DEBUG - Objective: 115130.9331
2017-12-11 11:55:24,844 - sarcos - DEBUG - Objective: 115122.5506
2017-12-11 11:55:28,880 - sarcos - DEBUG - Objective: 115084.2528
2017-12-11 11:55:32,958 - sarcos - DEBUG - Objective: 115073.9912
2017-12-11 11:55:37,014 - sarcos - DEBUG - Objective: 115040.1583
2017-12-11 11:55:41,083 - sarcos - DEBUG - Objective: 115021.2794
2017-12-11 11:55:45,168 - sarcos - DEBUG - Objective: 114999.5852
2017-12-11 11:55:49,253 - sarcos - DEBUG - Objective: 114965.0673
2017-12-11 11:55:53,328 - sarcos - DEBUG - Objective: 114922.5475
2017-12-11 11:55:57,406 - sarcos - DEBUG - Objective: 114863.1377
2017-12-11 11:56:01,477 - sarcos - DEBUG - Objective: 114821.3720
2017-12-11 11:56:05,617 - sarcos - DEBUG - Objective: 114788.8147
2017-12-11 11:56:09,730 - sarcos - DEBUG - Objective: 114770.9371
2017-12-11 11:56:13,824 - sarcos - DEBUG - Objective: 114763.4587
2017-12-11 11:56:17,952 - sarcos - DEBUG - Objective: 114746.4907
2017-12-11 11:56:22,036 - sarcos - DEBUG - Objective: 114742.6321
2017-12-11 11:56:22,037 - sarcos - INFO - Optimizing: hyp
2017-12-11 11:57:13,411 - sarcos - DEBUG - Objective: 114741.3427
2017-12-11 11:58:04,916 - sarcos - DEBUG - Objective: 113290.2304
2017-12-11 11:58:56,444 - sarcos - DEBUG - Objective: 131473.8663
2017-12-11 11:59:47,992 - sarcos - DEBUG - Objective: 113751.2451
2017-12-11 12:00:39,487 - sarcos - DEBUG - Objective: 113310.7320
2017-12-11 12:01:31,062 - sarcos - DEBUG - Objective: 113295.5104
2017-12-11 12:02:22,021 - sarcos - DEBUG - Objective: nan
2017-12-11 12:02:22,021 - sarcos - DEBUG - Objective: nan
2017-12-11 12:02:22,021 - sarcos - DEBUG - Objective: nan
2017-12-11 12:02:22,022 - sarcos - DEBUG - Objective: nan
2017-12-11 12:02:22,022 - sarcos - DEBUG - Objective: nan
2017-12-11 12:02:22,022 - sarcos - DEBUG - Objective: nan
2017-12-11 12:02:22,022 - sarcos - DEBUG - Objective: nan
2017-12-11 12:02:22,022 - sarcos - DEBUG - Objective: nan
2017-12-11 12:02:22,022 - sarcos - DEBUG - Objective: nan
2017-12-11 12:02:22,023 - sarcos - DEBUG - Objective: nan
2017-12-11 12:02:22,023 - sarcos - DEBUG - Objective: nan
2017-12-11 12:02:22,023 - sarcos - DEBUG - Objective: nan
2017-12-11 12:02:22,023 - sarcos - DEBUG - Objective: nan
2017-12-11 12:02:22,023 - sarcos - DEBUG - Objective: nan
2017-12-11 12:02:22,023 - sarcos - DEBUG - Objective: nan
2017-12-11 12:02:22,024 - sarcos - DEBUG - Objective: nan
2017-12-11 12:02:22,024 - sarcos - DEBUG - Objective: nan
2017-12-11 12:02:22,024 - sarcos - DEBUG - Objective: nan
2017-12-11 12:02:22,024 - sarcos - DEBUG - Objective: nan
2017-12-11 12:02:22,024 - sarcos - DEBUG - Objective: nan
2017-12-11 12:03:13,535 - sarcos - INFO - Optimizing: ll
2017-12-11 12:03:17,364 - sarcos - DEBUG - Objective: 113292.7559
2017-12-11 12:03:21,166 - sarcos - DEBUG - Objective: 142652.0181
2017-12-11 12:03:24,950 - sarcos - DEBUG - Objective: 113266.0439
2017-12-11 12:03:28,731 - sarcos - DEBUG - Objective: 113269.1977
2017-12-11 12:03:32,529 - sarcos - DEBUG - Objective: 113266.5187
2017-12-11 12:03:36,334 - sarcos - DEBUG - Objective: 113266.2276
2017-12-11 12:03:40,154 - sarcos - DEBUG - Objective: 113268.0718
2017-12-11 12:03:43,955 - sarcos - DEBUG - Objective: 113266.9932
2017-12-11 12:03:43,955 - sarcos - DEBUG - Objective: 113266.9932
2017-12-11 12:03:43,977 - sarcos - DEBUG - Objective difference: 18037.401976
2017-12-11 12:03:43,977 - sarcos - INFO - Mean difference: 0.473324
2017-12-11 12:03:43,977 - sarcos - INFO - Covariance difference: 0.265497
2017-12-11 12:03:43,978 - sarcos - INFO - Iteration 3 started.
2017-12-11 12:03:43,978 - sarcos - INFO - Optimizing: hyp
2017-12-11 12:04:35,373 - sarcos - DEBUG - Objective: 113267.5205
2017-12-11 12:05:26,832 - sarcos - DEBUG - Objective: 108241.5588
2017-12-11 12:06:18,283 - sarcos - DEBUG - Objective: 113276.3491
2017-12-11 12:07:09,801 - sarcos - DEBUG - Objective: 103269.9090
2017-12-11 12:08:01,332 - sarcos - DEBUG - Objective: 124649.7434
2017-12-11 12:08:52,788 - sarcos - DEBUG - Objective: 102373.4509
2017-12-11 12:09:44,261 - sarcos - DEBUG - Objective: 102329.9660
2017-12-11 12:10:35,687 - sarcos - DEBUG - Objective: 109198.4978
2017-12-11 12:11:27,236 - sarcos - DEBUG - Objective: 102566.5385
2017-12-11 12:12:18,647 - sarcos - DEBUG - Objective: 102353.2273
2017-12-11 12:13:10,069 - sarcos - DEBUG - Objective: 102322.8244
2017-12-11 12:13:10,070 - sarcos - INFO - Optimizing: mog
2017-12-11 12:13:14,103 - sarcos - DEBUG - Objective: 102326.5250
2017-12-11 12:13:18,184 - sarcos - DEBUG - Objective: 101043.4231
2017-12-11 12:13:22,271 - sarcos - DEBUG - Objective: 100339.8456
2017-12-11 12:13:26,349 - sarcos - DEBUG - Objective: 99322.5224
2017-12-11 12:13:30,420 - sarcos - DEBUG - Objective: 98829.4283
2017-12-11 12:13:34,501 - sarcos - DEBUG - Objective: 97961.6798
2017-12-11 12:13:38,567 - sarcos - DEBUG - Objective: 97091.7086
2017-12-11 12:13:42,627 - sarcos - DEBUG - Objective: 96477.0394
2017-12-11 12:13:46,683 - sarcos - DEBUG - Objective: 96261.7907
2017-12-11 12:13:50,748 - sarcos - DEBUG - Objective: 95979.4805
2017-12-11 12:13:54,764 - sarcos - DEBUG - Objective: 95642.1107
2017-12-11 12:13:58,844 - sarcos - DEBUG - Objective: 95297.5368
2017-12-11 12:14:02,931 - sarcos - DEBUG - Objective: 95116.2594
2017-12-11 12:14:07,025 - sarcos - DEBUG - Objective: 95004.9424
2017-12-11 12:14:11,116 - sarcos - DEBUG - Objective: 94944.1873
2017-12-11 12:14:15,199 - sarcos - DEBUG - Objective: 94886.1262
2017-12-11 12:14:19,248 - sarcos - DEBUG - Objective: 94857.0412
2017-12-11 12:14:23,314 - sarcos - DEBUG - Objective: 94772.9393
2017-12-11 12:14:27,406 - sarcos - DEBUG - Objective: 94700.4556
2017-12-11 12:14:31,514 - sarcos - DEBUG - Objective: 94695.9035
2017-12-11 12:14:35,589 - sarcos - DEBUG - Objective: 94650.9263
2017-12-11 12:14:39,681 - sarcos - DEBUG - Objective: 94588.6453
2017-12-11 12:14:43,737 - sarcos - DEBUG - Objective: 94532.9624
2017-12-11 12:14:47,807 - sarcos - DEBUG - Objective: 94486.4882
2017-12-11 12:14:51,858 - sarcos - DEBUG - Objective: 94444.4701
2017-12-11 12:14:55,919 - sarcos - DEBUG - Objective: 94422.7736
2017-12-11 12:14:55,919 - sarcos - INFO - Optimizing: hyp
2017-12-11 12:15:47,452 - sarcos - DEBUG - Objective: 94416.1275
2017-12-11 12:16:38,892 - sarcos - DEBUG - Objective: 90605.6455
2017-12-11 12:17:30,529 - sarcos - DEBUG - Objective: 131695.0454
2017-12-11 12:18:22,078 - sarcos - DEBUG - Objective: 90819.4615
2017-12-11 12:19:13,638 - sarcos - DEBUG - Objective: 90537.9666
2017-12-11 12:20:05,138 - sarcos - DEBUG - Objective: 90528.1204
2017-12-11 12:20:56,654 - sarcos - DEBUG - Objective: 90537.8175
2017-12-11 12:21:48,189 - sarcos - DEBUG - Objective: 90508.5021
2017-12-11 12:22:39,312 - sarcos - DEBUG - Objective: nan
2017-12-11 12:22:39,313 - sarcos - DEBUG - Objective: nan
2017-12-11 12:22:39,313 - sarcos - DEBUG - Objective: nan
2017-12-11 12:22:39,313 - sarcos - DEBUG - Objective: nan
2017-12-11 12:22:39,313 - sarcos - DEBUG - Objective: nan
2017-12-11 12:22:39,314 - sarcos - DEBUG - Objective: nan
2017-12-11 12:22:39,314 - sarcos - DEBUG - Objective: nan
2017-12-11 12:22:39,314 - sarcos - DEBUG - Objective: nan
2017-12-11 12:22:39,314 - sarcos - DEBUG - Objective: nan
2017-12-11 12:22:39,314 - sarcos - DEBUG - Objective: nan
2017-12-11 12:22:39,315 - sarcos - DEBUG - Objective: nan
2017-12-11 12:22:39,315 - sarcos - DEBUG - Objective: nan
2017-12-11 12:22:39,315 - sarcos - DEBUG - Objective: nan
2017-12-11 12:22:39,315 - sarcos - DEBUG - Objective: nan
2017-12-11 12:22:39,315 - sarcos - DEBUG - Objective: nan
2017-12-11 12:22:39,316 - sarcos - DEBUG - Objective: nan
2017-12-11 12:22:39,316 - sarcos - DEBUG - Objective: nan
2017-12-11 12:22:39,316 - sarcos - DEBUG - Objective: nan
2017-12-11 12:22:39,316 - sarcos - DEBUG - Objective: nan
2017-12-11 12:22:39,316 - sarcos - DEBUG - Objective: nan
2017-12-11 12:23:30,792 - sarcos - INFO - Optimizing: ll
2017-12-11 12:23:34,580 - sarcos - DEBUG - Objective: 90523.5325
2017-12-11 12:23:38,366 - sarcos - DEBUG - Objective: 82868.4445
2017-12-11 12:23:42,150 - sarcos - DEBUG - Objective: 81337.9359
2017-12-11 12:23:45,930 - sarcos - DEBUG - Objective: 81119.4603
2017-12-11 12:23:49,746 - sarcos - DEBUG - Objective: 81116.2929
2017-12-11 12:23:53,494 - sarcos - DEBUG - Objective: 81120.2627
2017-12-11 12:23:57,296 - sarcos - DEBUG - Objective: 81116.7024
2017-12-11 12:24:01,092 - sarcos - DEBUG - Objective: 81091.4080
2017-12-11 12:24:04,912 - sarcos - DEBUG - Objective: 81097.6726
2017-12-11 12:24:08,719 - sarcos - DEBUG - Objective: 81101.2141
2017-12-11 12:24:08,719 - sarcos - DEBUG - Objective: 81101.2141
2017-12-11 12:24:08,741 - sarcos - DEBUG - Objective difference: 32165.779158
2017-12-11 12:24:08,742 - sarcos - INFO - Mean difference: 0.770825
2017-12-11 12:24:08,742 - sarcos - INFO - Covariance difference: 0.215438
2017-12-11 12:24:08,742 - sarcos - INFO - Iteration 4 started.
2017-12-11 12:24:08,742 - sarcos - INFO - Optimizing: hyp
2017-12-11 12:25:00,322 - sarcos - DEBUG - Objective: 81092.5555
2017-12-11 12:25:51,838 - sarcos - DEBUG - Objective: 93812.2317
2017-12-11 12:26:43,411 - sarcos - DEBUG - Objective: 81552.5687
2017-12-11 12:27:34,968 - sarcos - DEBUG - Objective: 81144.8239
2017-12-11 12:28:26,513 - sarcos - DEBUG - Objective: 81129.3168
2017-12-11 12:29:17,955 - sarcos - DEBUG - Objective: 81106.6256
2017-12-11 12:30:09,435 - sarcos - DEBUG - Objective: 81113.9815
2017-12-11 12:31:00,956 - sarcos - DEBUG - Objective: 81098.5784
2017-12-11 12:31:52,527 - sarcos - DEBUG - Objective: 81105.1641
2017-12-11 12:32:44,094 - sarcos - DEBUG - Objective: 81084.2717
2017-12-11 12:32:44,094 - sarcos - DEBUG - Objective: 81084.2717
2017-12-11 12:33:35,641 - sarcos - DEBUG - Objective: 81109.5951
2017-12-11 12:34:27,224 - sarcos - DEBUG - Objective: 81096.0364
2017-12-11 12:34:27,224 - sarcos - DEBUG - Objective: 81096.0364
2017-12-11 12:34:27,225 - sarcos - INFO - Optimizing: mog
2017-12-11 12:34:31,277 - sarcos - DEBUG - Objective: 81104.3755
2017-12-11 12:34:35,357 - sarcos - DEBUG - Objective: 77836.5826
2017-12-11 12:34:39,372 - sarcos - DEBUG - Objective: 77304.2469
2017-12-11 12:34:43,464 - sarcos - DEBUG - Objective: 77237.0950
2017-12-11 12:34:47,531 - sarcos - DEBUG - Objective: 77024.1664
2017-12-11 12:34:51,611 - sarcos - DEBUG - Objective: 76675.8177
2017-12-11 12:34:55,663 - sarcos - DEBUG - Objective: 76260.8376
2017-12-11 12:34:59,721 - sarcos - DEBUG - Objective: 75746.1120
2017-12-11 12:35:03,823 - sarcos - DEBUG - Objective: 75437.5127
2017-12-11 12:35:07,888 - sarcos - DEBUG - Objective: 75142.9320
2017-12-11 12:35:11,929 - sarcos - DEBUG - Objective: 74894.9753
2017-12-11 12:35:16,009 - sarcos - DEBUG - Objective: 74589.8028
2017-12-11 12:35:20,068 - sarcos - DEBUG - Objective: 74320.5838
2017-12-11 12:35:24,154 - sarcos - DEBUG - Objective: 74123.2144
2017-12-11 12:35:28,214 - sarcos - DEBUG - Objective: 73924.9774
2017-12-11 12:35:32,274 - sarcos - DEBUG - Objective: 74287.5959
2017-12-11 12:35:36,336 - sarcos - DEBUG - Objective: 73849.8668
2017-12-11 12:35:40,402 - sarcos - DEBUG - Objective: 73785.6636
2017-12-11 12:35:44,413 - sarcos - DEBUG - Objective: 73565.0354
2017-12-11 12:35:48,525 - sarcos - DEBUG - Objective: 73435.0437
2017-12-11 12:35:52,578 - sarcos - DEBUG - Objective: 73359.7050
2017-12-11 12:35:56,658 - sarcos - DEBUG - Objective: 73295.9668
2017-12-11 12:36:00,728 - sarcos - DEBUG - Objective: 73264.5051
2017-12-11 12:36:04,825 - sarcos - DEBUG - Objective: 73199.9676
2017-12-11 12:36:08,882 - sarcos - DEBUG - Objective: 73122.1925
2017-12-11 12:36:12,953 - sarcos - DEBUG - Objective: 73036.5469
2017-12-11 12:36:12,954 - sarcos - INFO - Optimizing: hyp
2017-12-11 12:37:04,386 - sarcos - DEBUG - Objective: 73068.2887
2017-12-11 12:37:55,831 - sarcos - DEBUG - Objective: 77637.7029
2017-12-11 12:38:47,313 - sarcos - DEBUG - Objective: 72477.8526
2017-12-11 12:39:38,839 - sarcos - DEBUG - Objective: 72276.6878
2017-12-11 12:40:30,390 - sarcos - DEBUG - Objective: 73447.1663
2017-12-11 12:41:21,932 - sarcos - DEBUG - Objective: 72267.8334
2017-12-11 12:42:13,444 - sarcos - DEBUG - Objective: 72344.4606
2017-12-11 12:43:04,981 - sarcos - DEBUG - Objective: 72290.3477
2017-12-11 12:43:56,456 - sarcos - DEBUG - Objective: 72267.5006
2017-12-11 12:45:09,693 - sarcos - DEBUG - Objective: 1493304.2686
2017-12-11 12:46:01,144 - sarcos - DEBUG - Objective: 72271.8187
2017-12-11 12:46:52,680 - sarcos - DEBUG - Objective: 72268.6773
2017-12-11 12:47:44,288 - sarcos - DEBUG - Objective: 72273.9471
2017-12-11 12:48:35,798 - sarcos - DEBUG - Objective: 72251.7070
2017-12-11 12:48:35,798 - sarcos - DEBUG - Objective: 72251.7070
2017-12-11 12:49:27,260 - sarcos - DEBUG - Objective: 72284.1838
2017-12-11 12:50:18,814 - sarcos - DEBUG - Objective: 72284.1367
2017-12-11 12:51:10,338 - sarcos - DEBUG - Objective: 72281.7356
2017-12-11 12:51:10,338 - sarcos - INFO - Optimizing: ll
2017-12-11 12:51:14,136 - sarcos - DEBUG - Objective: 72291.2267
2017-12-11 12:51:17,927 - sarcos - DEBUG - Objective: 77138.2133
2017-12-11 12:51:21,743 - sarcos - DEBUG - Objective: 68586.2213
2017-12-11 12:51:25,494 - sarcos - DEBUG - Objective: 68530.4985
2017-12-11 12:51:29,289 - sarcos - DEBUG - Objective: 68591.6336
2017-12-11 12:51:33,097 - sarcos - DEBUG - Objective: 68564.6916
2017-12-11 12:51:36,895 - sarcos - DEBUG - Objective: 68558.7716
2017-12-11 12:51:40,675 - sarcos - DEBUG - Objective: 68541.8465
2017-12-11 12:51:40,675 - sarcos - DEBUG - Objective: 68541.8465
2017-12-11 12:51:40,697 - sarcos - DEBUG - Objective difference: 12559.367523
2017-12-11 12:51:40,698 - sarcos - INFO - Mean difference: 0.425643
2017-12-11 12:51:40,698 - sarcos - INFO - Covariance difference: 0.250902
2017-12-11 12:51:40,698 - sarcos - INFO - Iteration 5 started.
2017-12-11 12:51:40,698 - sarcos - INFO - Optimizing: hyp
2017-12-11 12:52:32,280 - sarcos - DEBUG - Objective: 68557.9420
2017-12-11 12:53:23,741 - sarcos - DEBUG - Objective: 91417.3401
2017-12-11 12:54:15,209 - sarcos - DEBUG - Objective: 69146.7135
2017-12-11 12:55:06,743 - sarcos - DEBUG - Objective: 68653.1219
2017-12-11 12:55:58,228 - sarcos - DEBUG - Objective: 68564.7070
2017-12-11 12:56:49,766 - sarcos - DEBUG - Objective: 68577.1550
2017-12-11 12:57:41,189 - sarcos - DEBUG - Objective: 68541.6825
2017-12-11 12:58:32,689 - sarcos - DEBUG - Objective: 68537.3206
2017-12-11 12:59:24,223 - sarcos - DEBUG - Objective: 68577.0662
2017-12-11 13:00:15,711 - sarcos - DEBUG - Objective: 68581.6854
2017-12-11 13:01:07,311 - sarcos - DEBUG - Objective: 68563.1751
2017-12-11 13:01:07,312 - sarcos - INFO - Optimizing: mog
2017-12-11 13:01:11,398 - sarcos - DEBUG - Objective: 68578.4075
2017-12-11 13:01:15,468 - sarcos - DEBUG - Objective: 69959.2304
2017-12-11 13:01:19,532 - sarcos - DEBUG - Objective: 67342.5809
2017-12-11 13:01:23,610 - sarcos - DEBUG - Objective: 67339.6399
2017-12-11 13:01:27,653 - sarcos - DEBUG - Objective: 67294.2142
2017-12-11 13:01:31,730 - sarcos - DEBUG - Objective: 67199.8579
2017-12-11 13:01:35,797 - sarcos - DEBUG - Objective: 67162.8191
2017-12-11 13:01:39,938 - sarcos - DEBUG - Objective: 67129.5306
2017-12-11 13:01:44,041 - sarcos - DEBUG - Objective: 67093.7603
2017-12-11 13:01:48,116 - sarcos - DEBUG - Objective: 67049.9116
2017-12-11 13:01:52,192 - sarcos - DEBUG - Objective: 67047.7890
2017-12-11 13:01:56,299 - sarcos - DEBUG - Objective: 66981.2640
2017-12-11 13:02:00,325 - sarcos - DEBUG - Objective: 66987.7052
2017-12-11 13:02:04,416 - sarcos - DEBUG - Objective: 66960.3627
2017-12-11 13:02:08,498 - sarcos - DEBUG - Objective: 66937.2345
2017-12-11 13:02:12,591 - sarcos - DEBUG - Objective: 66930.4567
2017-12-11 13:02:16,663 - sarcos - DEBUG - Objective: 66913.4001
2017-12-11 13:02:20,742 - sarcos - DEBUG - Objective: 66848.5245
2017-12-11 13:02:24,841 - sarcos - DEBUG - Objective: 66845.2162
2017-12-11 13:02:28,907 - sarcos - DEBUG - Objective: 66841.3019
2017-12-11 13:02:32,928 - sarcos - DEBUG - Objective: 66772.6522
2017-12-11 13:02:36,986 - sarcos - DEBUG - Objective: 66798.4330
2017-12-11 13:02:41,066 - sarcos - DEBUG - Objective: 66799.6556
2017-12-11 13:02:45,164 - sarcos - DEBUG - Objective: 66796.2266
2017-12-11 13:02:49,245 - sarcos - DEBUG - Objective: 66791.2955
2017-12-11 13:02:53,308 - sarcos - DEBUG - Objective: 66760.5127
2017-12-11 13:02:53,308 - sarcos - INFO - Optimizing: hyp
2017-12-11 13:03:44,720 - sarcos - DEBUG - Objective: 66801.4628
2017-12-11 13:04:36,238 - sarcos - DEBUG - Objective: 79389.6700
2017-12-11 13:05:27,671 - sarcos - DEBUG - Objective: 66747.9458
2017-12-11 13:06:19,168 - sarcos - DEBUG - Objective: 66930.5795
2017-12-11 13:07:10,670 - sarcos - DEBUG - Objective: 66753.2720
2017-12-11 13:08:02,139 - sarcos - DEBUG - Objective: 66755.5489
2017-12-11 13:08:53,671 - sarcos - DEBUG - Objective: 66746.8508
2017-12-11 13:09:44,837 - sarcos - DEBUG - Objective: 1501832.6062
2017-12-11 13:10:36,355 - sarcos - DEBUG - Objective: 66735.5245
2017-12-11 13:11:27,927 - sarcos - DEBUG - Objective: 1500811.1588
2017-12-11 13:12:19,408 - sarcos - DEBUG - Objective: 1489152.8834
2017-12-11 13:13:10,980 - sarcos - DEBUG - Objective: 82120.0043
2017-12-11 13:14:02,469 - sarcos - DEBUG - Objective: 66875.2638
2017-12-11 13:14:53,973 - sarcos - DEBUG - Objective: 66746.2420
2017-12-11 13:15:45,402 - sarcos - DEBUG - Objective: 66734.4947
2017-12-11 13:16:36,902 - sarcos - DEBUG - Objective: 66749.2998
2017-12-11 13:17:28,433 - sarcos - DEBUG - Objective: 66754.7213
2017-12-11 13:18:19,986 - sarcos - DEBUG - Objective: 66727.4837
2017-12-11 13:19:11,430 - sarcos - DEBUG - Objective: 66731.8288
2017-12-11 13:20:02,912 - sarcos - DEBUG - Objective: 66770.5572
2017-12-11 13:20:02,913 - sarcos - INFO - Optimizing: ll
2017-12-11 13:20:06,703 - sarcos - DEBUG - Objective: 66740.8444
2017-12-11 13:20:10,474 - sarcos - DEBUG - Objective: 90871.2162
2017-12-11 13:20:14,218 - sarcos - DEBUG - Objective: 66498.8372
2017-12-11 13:20:18,017 - sarcos - DEBUG - Objective: 66513.9115
2017-12-11 13:20:21,806 - sarcos - DEBUG - Objective: 66525.2519
2017-12-11 13:20:25,612 - sarcos - DEBUG - Objective: 66488.7688
2017-12-11 13:20:29,397 - sarcos - DEBUG - Objective: 66505.1167
2017-12-11 13:20:33,180 - sarcos - DEBUG - Objective: 66495.4965
2017-12-11 13:20:36,983 - sarcos - DEBUG - Objective: 66507.2724
2017-12-11 13:20:37,005 - sarcos - DEBUG - Objective difference: 2034.574195
2017-12-11 13:20:37,005 - sarcos - INFO - Mean difference: 0.117250
2017-12-11 13:20:37,005 - sarcos - INFO - Covariance difference: 0.101971
2017-12-11 13:20:37,006 - sarcos - INFO - Iteration 6 started.
2017-12-11 13:20:37,006 - sarcos - INFO - Optimizing: hyp
2017-12-11 13:21:28,423 - sarcos - DEBUG - Objective: 66489.2525
2017-12-11 13:22:19,933 - sarcos - DEBUG - Objective: 83094.6932
2017-12-11 13:23:11,407 - sarcos - DEBUG - Objective: 66777.1991
2017-12-11 13:24:02,994 - sarcos - DEBUG - Objective: 66511.0774
2017-12-11 13:24:54,424 - sarcos - DEBUG - Objective: 66469.8401
2017-12-11 13:25:45,977 - sarcos - DEBUG - Objective: 66529.4189
2017-12-11 13:26:37,545 - sarcos - DEBUG - Objective: 66489.8497
2017-12-11 13:27:29,028 - sarcos - DEBUG - Objective: 66469.6589
2017-12-11 13:28:20,493 - sarcos - DEBUG - Objective: 66521.4743
2017-12-11 13:29:11,924 - sarcos - DEBUG - Objective: 66499.4177
2017-12-11 13:29:11,925 - sarcos - INFO - Optimizing: mog
2017-12-11 13:29:15,960 - sarcos - DEBUG - Objective: 66514.9223
2017-12-11 13:29:20,083 - sarcos - DEBUG - Objective: 71621.2377
2017-12-11 13:29:24,171 - sarcos - DEBUG - Objective: 66339.3215
2017-12-11 13:29:28,202 - sarcos - DEBUG - Objective: 66314.7050
2017-12-11 13:29:32,237 - sarcos - DEBUG - Objective: 66325.1608
2017-12-11 13:29:36,283 - sarcos - DEBUG - Objective: 66353.4468
2017-12-11 13:29:40,313 - sarcos - DEBUG - Objective: 66334.9969
2017-12-11 13:29:44,340 - sarcos - DEBUG - Objective: 66324.7261
2017-12-11 13:29:48,436 - sarcos - DEBUG - Objective: 66320.4359
2017-12-11 13:29:52,510 - sarcos - DEBUG - Objective: 66354.8013
2017-12-11 13:29:52,510 - sarcos - DEBUG - Objective: 66354.8013
2017-12-11 13:29:52,511 - sarcos - INFO - Optimizing: hyp
2017-12-11 13:30:43,947 - sarcos - DEBUG - Objective: 66341.0806
2017-12-11 13:31:35,384 - sarcos - DEBUG - Objective: 82945.8214
2017-12-11 13:32:26,800 - sarcos - DEBUG - Objective: 66409.0318
2017-12-11 13:33:18,440 - sarcos - DEBUG - Objective: 66330.8340
2017-12-11 13:34:09,837 - sarcos - DEBUG - Objective: 66321.4935
2017-12-11 13:35:01,255 - sarcos - DEBUG - Objective: 66345.8776
2017-12-11 13:35:52,661 - sarcos - DEBUG - Objective: 66316.2335
2017-12-11 13:36:44,067 - sarcos - DEBUG - Objective: 66348.4272
2017-12-11 13:37:35,508 - sarcos - DEBUG - Objective: 66314.9523
2017-12-11 13:38:26,960 - sarcos - DEBUG - Objective: 66337.1070
2017-12-11 13:39:18,238 - sarcos - DEBUG - Objective: 66324.3910
2017-12-11 13:39:18,239 - sarcos - INFO - Optimizing: ll
2017-12-11 13:39:22,024 - sarcos - DEBUG - Objective: 66313.3609
2017-12-11 13:39:25,770 - sarcos - DEBUG - Objective: 96096.2492
2017-12-11 13:39:29,546 - sarcos - DEBUG - Objective: 66263.4470
2017-12-11 13:39:33,340 - sarcos - DEBUG - Objective: 66332.0910
2017-12-11 13:39:37,088 - sarcos - DEBUG - Objective: 66328.9608
2017-12-11 13:39:40,786 - sarcos - DEBUG - Objective: 66293.5156
2017-12-11 13:39:44,531 - sarcos - DEBUG - Objective: 66271.6883
2017-12-11 13:39:44,532 - sarcos - DEBUG - Objective: 66271.6883
2017-12-11 13:39:44,553 - sarcos - DEBUG - Objective difference: 235.584073
2017-12-11 13:39:44,554 - sarcos - INFO - Mean difference: 0.004318
2017-12-11 13:39:44,554 - sarcos - INFO - Covariance difference: 0.000247
2017-12-11 13:39:44,554 - sarcos - INFO - Iteration 7 started.
2017-12-11 13:39:44,554 - sarcos - INFO - Optimizing: hyp
2017-12-11 13:40:35,911 - sarcos - DEBUG - Objective: 66291.4230
2017-12-11 13:41:27,450 - sarcos - DEBUG - Objective: 86062.2749
2017-12-11 13:42:18,796 - sarcos - DEBUG - Objective: 66412.6235
2017-12-11 13:43:10,365 - sarcos - DEBUG - Objective: 66295.8316
2017-12-11 13:44:01,856 - sarcos - DEBUG - Objective: 66297.3064
2017-12-11 13:44:53,360 - sarcos - DEBUG - Objective: 66306.7025
2017-12-11 13:45:44,752 - sarcos - DEBUG - Objective: 66337.7256
2017-12-11 13:46:36,124 - sarcos - DEBUG - Objective: 66303.4460
2017-12-11 13:47:27,610 - sarcos - DEBUG - Objective: 66312.9169
2017-12-11 13:48:19,037 - sarcos - DEBUG - Objective: 66293.2781
2017-12-11 13:48:19,038 - sarcos - DEBUG - Objective: 66293.2781
2017-12-11 13:48:19,038 - sarcos - INFO - Optimizing: mog
2017-12-11 13:48:23,104 - sarcos - DEBUG - Objective: 66309.7432
2017-12-11 13:48:27,167 - sarcos - DEBUG - Objective: 72323.6232
2017-12-11 13:48:31,252 - sarcos - DEBUG - Objective: 66269.7951
2017-12-11 13:48:35,314 - sarcos - DEBUG - Objective: 66298.9608
2017-12-11 13:48:39,381 - sarcos - DEBUG - Objective: 66254.2281
2017-12-11 13:48:43,397 - sarcos - DEBUG - Objective: 66282.3807
2017-12-11 13:48:47,394 - sarcos - DEBUG - Objective: 66305.3490
2017-12-11 13:48:47,395 - sarcos - INFO - Optimizing: hyp
2017-12-11 13:49:38,594 - sarcos - DEBUG - Objective: 66271.0251
2017-12-11 13:50:30,055 - sarcos - DEBUG - Objective: 84723.2100
2017-12-11 13:51:21,534 - sarcos - DEBUG - Objective: 66339.7895
2017-12-11 13:52:12,889 - sarcos - DEBUG - Objective: 66297.8306
2017-12-11 13:53:04,262 - sarcos - DEBUG - Objective: 66250.0978
2017-12-11 13:53:55,676 - sarcos - DEBUG - Objective: 66288.3785
2017-12-11 13:54:47,139 - sarcos - DEBUG - Objective: 66307.1093
2017-12-11 13:55:38,540 - sarcos - DEBUG - Objective: 66288.9366
2017-12-11 13:55:38,541 - sarcos - INFO - Optimizing: ll
2017-12-11 13:55:42,348 - sarcos - DEBUG - Objective: 66274.4481
2017-12-11 13:55:46,140 - sarcos - DEBUG - Objective: 97618.0702
2017-12-11 13:55:49,919 - sarcos - DEBUG - Objective: 66332.9718
2017-12-11 13:55:53,664 - sarcos - DEBUG - Objective: 66305.5061
2017-12-11 13:55:57,437 - sarcos - DEBUG - Objective: 66285.8140
2017-12-11 13:56:01,126 - sarcos - DEBUG - Objective: 66293.8607
2017-12-11 13:56:01,126 - sarcos - DEBUG - Objective: 66293.8607
2017-12-11 13:56:01,126 - sarcos - DEBUG - Objective: 66293.8607
2017-12-11 13:56:01,149 - sarcos - DEBUG - Objective difference: -22.172394
2017-12-11 13:56:01,149 - sarcos - INFO - Mean difference: 0.001572
2017-12-11 13:56:01,149 - sarcos - INFO - Covariance difference: 0.000145
2017-12-11 13:56:01,150 - sarcos - DEBUG - prediction started...
2017-12-11 13:56:54,576 - sarcos - DEBUG - prediction finished
