2016-07-29 14:08:29,532 - sarcos_all_joints - INFO - experiment started for:{'run_id': 0, 'max_iter': 200, 'optimization_config': {'hyp': 10, 'inducing': 6, 'll': 10, 'mog': 25}, 'xtol': 0.001, 'git_hash': '8820915af531d79870bd4d139a0872079333f5d7', 'model_init': '../results/sarcos_all_joints_27-Jul-2016_02h02m25s_1822/', 'ftol': 10, 'latent_noise:': 0.001, 'sparsity_factor': 0.001, 'll': 'CogLL', 'sample_num': 10000, 'experiment': 'sarcos_all_joints', 'git_branch': 'master', 'random_Z': False, 'method': 'full'}
2016-07-29 14:08:29,571 - sarcos_all_joints - INFO - Iteration 1 started.
2016-07-29 14:08:29,571 - sarcos_all_joints - INFO - Optimizing: mog
2016-07-29 14:10:45,015 - sarcos_all_joints - DEBUG - Objective: -20501.7961
2016-07-29 14:13:01,333 - sarcos_all_joints - DEBUG - Objective: 237816.3439
2016-07-29 14:15:13,562 - sarcos_all_joints - DEBUG - Objective: -20536.5953
2016-07-29 14:17:28,451 - sarcos_all_joints - DEBUG - Objective: -20548.5363
2016-07-29 14:19:42,052 - sarcos_all_joints - DEBUG - Objective: -20571.8764
2016-07-29 14:21:57,288 - sarcos_all_joints - DEBUG - Objective: -20595.3823
2016-07-29 14:24:12,844 - sarcos_all_joints - DEBUG - Objective: -20593.1398
2016-07-29 14:26:27,596 - sarcos_all_joints - DEBUG - Objective: -20599.0503
2016-07-29 14:28:43,301 - sarcos_all_joints - DEBUG - Objective: -20611.6806
2016-07-29 14:30:57,136 - sarcos_all_joints - DEBUG - Objective: -20626.2859
2016-07-29 14:33:13,164 - sarcos_all_joints - DEBUG - Objective: -20626.7977
2016-07-29 14:35:27,533 - sarcos_all_joints - DEBUG - Objective: -20629.3391
2016-07-29 14:37:41,685 - sarcos_all_joints - DEBUG - Objective: -20632.7520
2016-07-29 14:39:57,339 - sarcos_all_joints - DEBUG - Objective: -20644.6978
2016-07-29 14:42:12,626 - sarcos_all_joints - DEBUG - Objective: -20648.1197
2016-07-29 14:44:26,323 - sarcos_all_joints - DEBUG - Objective: -20661.0576
2016-07-29 14:46:41,027 - sarcos_all_joints - DEBUG - Objective: -20666.7651
2016-07-29 14:48:58,728 - sarcos_all_joints - DEBUG - Objective: -20673.2155
2016-07-29 14:51:14,197 - sarcos_all_joints - DEBUG - Objective: -20679.0251
2016-07-29 14:53:28,396 - sarcos_all_joints - DEBUG - Objective: -20688.9877
2016-07-29 14:55:44,157 - sarcos_all_joints - DEBUG - Objective: -20689.1433
2016-07-29 14:57:59,876 - sarcos_all_joints - DEBUG - Objective: -20686.9940
2016-07-29 15:00:14,353 - sarcos_all_joints - DEBUG - Objective: -20683.5283
2016-07-29 15:02:30,634 - sarcos_all_joints - DEBUG - Objective: -20689.7198
2016-07-29 15:04:46,280 - sarcos_all_joints - DEBUG - Objective: -20680.0767
2016-07-29 15:07:02,129 - sarcos_all_joints - DEBUG - Objective: -20688.8120
2016-07-29 15:07:02,130 - sarcos_all_joints - INFO - Optimizing: hyp
2016-07-29 15:11:41,473 - sarcos_all_joints - DEBUG - Objective: -20686.8381
2016-07-29 15:16:25,042 - sarcos_all_joints - DEBUG - Objective: 18767.0316
2016-07-29 15:21:09,032 - sarcos_all_joints - DEBUG - Objective: -20652.4421
2016-07-29 15:25:54,360 - sarcos_all_joints - DEBUG - Objective: -20681.9335
2016-07-29 15:30:35,517 - sarcos_all_joints - DEBUG - Objective: -20687.9092
2016-07-29 15:35:19,353 - sarcos_all_joints - DEBUG - Objective: -20684.2533
2016-07-29 15:40:01,437 - sarcos_all_joints - DEBUG - Objective: -20681.7709
2016-07-29 15:44:43,781 - sarcos_all_joints - DEBUG - Objective: -20686.2467
2016-07-29 15:49:26,081 - sarcos_all_joints - DEBUG - Objective: -20687.3588
2016-07-29 15:54:07,332 - sarcos_all_joints - DEBUG - Objective: -19959.9891
2016-07-29 15:58:46,337 - sarcos_all_joints - DEBUG - Objective: -20750.6214
2016-07-29 15:58:46,337 - sarcos_all_joints - INFO - Optimizing: ll
2016-07-29 15:59:49,905 - sarcos_all_joints - DEBUG - Objective: -20745.0527
2016-07-29 16:00:53,842 - sarcos_all_joints - DEBUG - Objective: 89659.9603
2016-07-29 16:01:58,313 - sarcos_all_joints - DEBUG - Objective: -20748.5874
2016-07-29 16:03:02,510 - sarcos_all_joints - DEBUG - Objective: -20752.9400
2016-07-29 16:04:06,641 - sarcos_all_joints - DEBUG - Objective: -20751.0681
2016-07-29 16:05:10,797 - sarcos_all_joints - DEBUG - Objective: -20750.2703
2016-07-29 16:06:14,998 - sarcos_all_joints - DEBUG - Objective: -20745.2627
2016-07-29 16:06:14,999 - sarcos_all_joints - DEBUG - Objective: -20745.2627
2016-07-29 16:06:14,999 - sarcos_all_joints - INFO - Optimizing: inducing
2016-07-29 16:08:00,809 - sarcos_all_joints - DEBUG - Objective: -20754.1118
2016-07-29 16:09:45,302 - sarcos_all_joints - DEBUG - Objective: 54156.1953
2016-07-29 16:11:30,943 - sarcos_all_joints - DEBUG - Objective: -20813.8126
2016-07-29 16:13:17,218 - sarcos_all_joints - DEBUG - Objective: -20865.1408
2016-07-29 16:15:03,295 - sarcos_all_joints - DEBUG - Objective: -20985.7850
2016-07-29 16:16:49,403 - sarcos_all_joints - DEBUG - Objective: -21101.5242
2016-07-29 16:18:35,059 - sarcos_all_joints - DEBUG - Objective: -21215.8022
2016-07-29 16:18:35,073 - sarcos_all_joints - INFO - Iteration 2 started.
2016-07-29 16:18:35,073 - sarcos_all_joints - INFO - Optimizing: mog
2016-07-29 16:20:50,874 - sarcos_all_joints - DEBUG - Objective: -21216.6503
2016-07-29 16:23:07,456 - sarcos_all_joints - DEBUG - Objective: 247330.2428
2016-07-29 16:25:25,033 - sarcos_all_joints - DEBUG - Objective: -21229.9525
2016-07-29 16:27:39,983 - sarcos_all_joints - DEBUG - Objective: -21237.8536
2016-07-29 16:29:55,531 - sarcos_all_joints - DEBUG - Objective: -21283.2376
2016-07-29 16:32:11,899 - sarcos_all_joints - DEBUG - Objective: -21266.6351
2016-07-29 16:34:28,060 - sarcos_all_joints - DEBUG - Objective: -21288.6016
2016-07-29 16:36:42,712 - sarcos_all_joints - DEBUG - Objective: -21299.6829
2016-07-29 16:38:57,528 - sarcos_all_joints - DEBUG - Objective: -21321.0746
2016-07-29 16:41:15,147 - sarcos_all_joints - DEBUG - Objective: -21310.4194
2016-07-29 16:43:31,388 - sarcos_all_joints - DEBUG - Objective: -21327.0489
2016-07-29 16:45:49,292 - sarcos_all_joints - DEBUG - Objective: -21338.8271
2016-07-29 16:48:03,491 - sarcos_all_joints - DEBUG - Objective: -21344.4679
2016-07-29 16:50:18,688 - sarcos_all_joints - DEBUG - Objective: -21344.0904
2016-07-29 16:52:32,888 - sarcos_all_joints - DEBUG - Objective: -21356.5232
2016-07-29 16:54:47,974 - sarcos_all_joints - DEBUG - Objective: -21355.0201
2016-07-29 16:57:03,786 - sarcos_all_joints - DEBUG - Objective: -21350.3561
2016-07-29 16:59:18,409 - sarcos_all_joints - DEBUG - Objective: -21348.4742
2016-07-29 17:01:36,487 - sarcos_all_joints - DEBUG - Objective: -21346.6536
2016-07-29 17:03:52,150 - sarcos_all_joints - DEBUG - Objective: -21347.2697
2016-07-29 17:06:08,799 - sarcos_all_joints - DEBUG - Objective: -21346.4289
2016-07-29 17:06:08,799 - sarcos_all_joints - DEBUG - Objective: -21346.4289
2016-07-29 17:06:08,800 - sarcos_all_joints - INFO - Optimizing: hyp
2016-07-29 17:10:54,943 - sarcos_all_joints - DEBUG - Objective: -21351.3724
2016-07-29 17:15:35,599 - sarcos_all_joints - DEBUG - Objective: 5139.0068
2016-07-29 17:20:17,594 - sarcos_all_joints - DEBUG - Objective: -21297.8177
2016-07-29 17:24:59,657 - sarcos_all_joints - DEBUG - Objective: -21346.3196
2016-07-29 17:29:40,671 - sarcos_all_joints - DEBUG - Objective: -21346.9630
2016-07-29 17:34:18,539 - sarcos_all_joints - DEBUG - Objective: -21347.4568
2016-07-29 17:38:58,715 - sarcos_all_joints - DEBUG - Objective: -21344.5801
2016-07-29 17:43:39,348 - sarcos_all_joints - DEBUG - Objective: -21346.6948
2016-07-29 17:48:21,028 - sarcos_all_joints - DEBUG - Objective: -21354.8231
2016-07-29 17:48:21,028 - sarcos_all_joints - DEBUG - Objective: -21354.8231
2016-07-29 17:53:10,946 - sarcos_all_joints - DEBUG - Objective: -21354.6008
2016-07-29 17:57:49,628 - sarcos_all_joints - INFO - Optimizing: ll
2016-07-29 17:58:54,173 - sarcos_all_joints - DEBUG - Objective: -21352.8253
2016-07-29 17:59:57,983 - sarcos_all_joints - DEBUG - Objective: 89442.8149
2016-07-29 18:01:01,658 - sarcos_all_joints - DEBUG - Objective: -21344.9168
2016-07-29 18:02:05,639 - sarcos_all_joints - DEBUG - Objective: -21340.8422
2016-07-29 18:03:09,797 - sarcos_all_joints - DEBUG - Objective: -21351.5416
2016-07-29 18:04:13,387 - sarcos_all_joints - DEBUG - Objective: -21347.0138
2016-07-29 18:05:16,934 - sarcos_all_joints - DEBUG - Objective: -21348.0196
2016-07-29 18:05:16,935 - sarcos_all_joints - DEBUG - Objective: -21348.0196
2016-07-29 18:05:16,935 - sarcos_all_joints - INFO - Optimizing: inducing
2016-07-29 18:07:00,878 - sarcos_all_joints - DEBUG - Objective: -21355.9342
2016-07-29 18:08:45,432 - sarcos_all_joints - DEBUG - Objective: 13544.3998
2016-07-29 18:10:30,542 - sarcos_all_joints - DEBUG - Objective: -21429.0690
2016-07-29 18:12:16,478 - sarcos_all_joints - DEBUG - Objective: -21509.4196
2016-07-29 18:14:01,759 - sarcos_all_joints - DEBUG - Objective: -21583.0991
2016-07-29 18:15:46,975 - sarcos_all_joints - DEBUG - Objective: -21656.3955
2016-07-29 18:17:31,498 - sarcos_all_joints - DEBUG - Objective: -21717.9108
2016-07-29 18:17:31,522 - sarcos_all_joints - DEBUG - Objective difference: 502.108582
2016-07-29 18:17:31,522 - sarcos_all_joints - INFO - Mean difference: 0.004900
2016-07-29 18:17:31,523 - sarcos_all_joints - INFO - Covariance difference: 0.000158
2016-07-29 18:17:31,523 - sarcos_all_joints - INFO - Iteration 3 started.
2016-07-29 18:17:31,523 - sarcos_all_joints - INFO - Optimizing: mog
2016-07-29 18:19:45,207 - sarcos_all_joints - DEBUG - Objective: -21715.3063
2016-07-29 18:22:01,324 - sarcos_all_joints - DEBUG - Objective: 159482.6949
2016-07-29 18:24:15,512 - sarcos_all_joints - DEBUG - Objective: -21723.6465
2016-07-29 18:26:30,664 - sarcos_all_joints - DEBUG - Objective: -21731.5281
2016-07-29 18:28:45,930 - sarcos_all_joints - DEBUG - Objective: -21750.1973
2016-07-29 18:31:01,324 - sarcos_all_joints - DEBUG - Objective: -21756.2286
2016-07-29 18:33:17,054 - sarcos_all_joints - DEBUG - Objective: -21760.6964
2016-07-29 18:35:34,300 - sarcos_all_joints - DEBUG - Objective: -21767.2817
2016-07-29 18:37:49,235 - sarcos_all_joints - DEBUG - Objective: -21772.2161
2016-07-29 18:40:03,971 - sarcos_all_joints - DEBUG - Objective: -21784.1002
2016-07-29 18:42:18,249 - sarcos_all_joints - DEBUG - Objective: -21784.6327
2016-07-29 18:44:32,827 - sarcos_all_joints - DEBUG - Objective: -21791.1276
2016-07-29 18:46:47,385 - sarcos_all_joints - DEBUG - Objective: -21790.3061
2016-07-29 18:49:01,133 - sarcos_all_joints - DEBUG - Objective: -21795.5113
2016-07-29 18:51:15,341 - sarcos_all_joints - DEBUG - Objective: -21794.9362
2016-07-29 18:53:28,569 - sarcos_all_joints - DEBUG - Objective: -21794.2270
2016-07-29 18:55:42,887 - sarcos_all_joints - DEBUG - Objective: -21788.9509
2016-07-29 18:57:57,472 - sarcos_all_joints - DEBUG - Objective: -21802.6913
2016-07-29 19:00:12,737 - sarcos_all_joints - DEBUG - Objective: -21799.7349
2016-07-29 19:02:30,240 - sarcos_all_joints - DEBUG - Objective: -21797.4511
2016-07-29 19:04:46,187 - sarcos_all_joints - DEBUG - Objective: -21793.9572
2016-07-29 19:06:59,886 - sarcos_all_joints - DEBUG - Objective: -21801.7515
2016-07-29 19:09:14,259 - sarcos_all_joints - DEBUG - Objective: -21791.7929
2016-07-29 19:11:28,082 - sarcos_all_joints - DEBUG - Objective: -21795.3654
2016-07-29 19:11:28,082 - sarcos_all_joints - DEBUG - Objective: -21795.3654
2016-07-29 19:11:28,082 - sarcos_all_joints - INFO - Optimizing: hyp
2016-07-29 19:16:05,719 - sarcos_all_joints - DEBUG - Objective: -21799.5813
2016-07-29 19:20:47,696 - sarcos_all_joints - DEBUG - Objective: 8299.4288
2016-07-29 19:25:24,300 - sarcos_all_joints - DEBUG - Objective: -21746.7571
2016-07-29 19:30:05,291 - sarcos_all_joints - DEBUG - Objective: -21793.4578
2016-07-29 19:34:42,090 - sarcos_all_joints - DEBUG - Objective: -21798.5743
2016-07-29 19:39:24,473 - sarcos_all_joints - DEBUG - Objective: -21795.5875
2016-07-29 19:44:05,145 - sarcos_all_joints - DEBUG - Objective: -21793.1805
2016-07-29 19:48:45,342 - sarcos_all_joints - DEBUG - Objective: -21790.6075
2016-07-29 19:53:21,704 - sarcos_all_joints - DEBUG - Objective: -21800.4182
2016-07-29 19:53:21,704 - sarcos_all_joints - DEBUG - Objective: -21800.4182
2016-07-29 19:57:59,392 - sarcos_all_joints - DEBUG - Objective: -21800.7889
2016-07-29 19:57:59,392 - sarcos_all_joints - INFO - Optimizing: ll
2016-07-29 19:59:02,999 - sarcos_all_joints - DEBUG - Objective: -21795.1561
2016-07-29 20:00:06,510 - sarcos_all_joints - DEBUG - Objective: 88135.3172
2016-07-29 20:01:09,998 - sarcos_all_joints - DEBUG - Objective: -21798.7077
2016-07-29 20:02:13,731 - sarcos_all_joints - DEBUG - Objective: -21800.6351
2016-07-29 20:03:17,462 - sarcos_all_joints - DEBUG - Objective: -21799.5051
2016-07-29 20:04:21,257 - sarcos_all_joints - DEBUG - Objective: -21800.5828
2016-07-29 20:05:25,259 - sarcos_all_joints - DEBUG - Objective: -21805.1171
2016-07-29 20:05:25,259 - sarcos_all_joints - DEBUG - Objective: -21805.1171
2016-07-29 20:06:28,798 - sarcos_all_joints - DEBUG - Objective: -21801.2550
2016-07-29 20:07:32,075 - sarcos_all_joints - DEBUG - Objective: -21799.0334
2016-07-29 20:07:32,075 - sarcos_all_joints - DEBUG - Objective: -21799.0334
2016-07-29 20:07:32,076 - sarcos_all_joints - INFO - Optimizing: inducing
2016-07-29 20:09:16,750 - sarcos_all_joints - DEBUG - Objective: -21802.5833
2016-07-29 20:11:02,186 - sarcos_all_joints - DEBUG - Objective: 19873.6105
2016-07-29 20:12:47,515 - sarcos_all_joints - DEBUG - Objective: -21864.2490
2016-07-29 20:14:31,199 - sarcos_all_joints - DEBUG - Objective: -21910.3453
2016-07-29 20:16:15,049 - sarcos_all_joints - DEBUG - Objective: -21985.6984
2016-07-29 20:17:59,333 - sarcos_all_joints - DEBUG - Objective: -22066.6973
2016-07-29 20:19:43,205 - sarcos_all_joints - DEBUG - Objective: -22212.7548
2016-07-29 20:19:43,226 - sarcos_all_joints - DEBUG - Objective difference: 494.843994
2016-07-29 20:19:43,226 - sarcos_all_joints - INFO - Mean difference: 0.004211
2016-07-29 20:19:43,227 - sarcos_all_joints - INFO - Covariance difference: 0.000209
2016-07-29 20:19:43,227 - sarcos_all_joints - INFO - Iteration 4 started.
2016-07-29 20:19:43,227 - sarcos_all_joints - INFO - Optimizing: mog
2016-07-29 20:21:58,282 - sarcos_all_joints - DEBUG - Objective: -22208.4179
2016-07-29 20:24:12,903 - sarcos_all_joints - DEBUG - Objective: 170511.2054
2016-07-29 20:26:27,567 - sarcos_all_joints - DEBUG - Objective: -22224.5804
2016-07-29 20:28:44,113 - sarcos_all_joints - DEBUG - Objective: -22230.3969
2016-07-29 20:30:58,330 - sarcos_all_joints - DEBUG - Objective: -22254.1816
2016-07-29 20:33:12,830 - sarcos_all_joints - DEBUG - Objective: -22262.6993
2016-07-29 20:35:27,041 - sarcos_all_joints - DEBUG - Objective: -22270.4838
2016-07-29 20:37:40,657 - sarcos_all_joints - DEBUG - Objective: -22290.7218
2016-07-29 20:39:54,721 - sarcos_all_joints - DEBUG - Objective: -22290.6351
2016-07-29 20:42:11,857 - sarcos_all_joints - DEBUG - Objective: -22290.2527
2016-07-29 20:44:24,838 - sarcos_all_joints - DEBUG - Objective: -22291.2013
2016-07-29 20:46:38,599 - sarcos_all_joints - DEBUG - Objective: -22289.2201
2016-07-29 20:48:52,707 - sarcos_all_joints - DEBUG - Objective: -22298.4639
2016-07-29 20:51:07,830 - sarcos_all_joints - DEBUG - Objective: -22298.1804
2016-07-29 20:53:22,123 - sarcos_all_joints - DEBUG - Objective: -22299.4301
2016-07-29 20:55:36,526 - sarcos_all_joints - DEBUG - Objective: -22293.8552
2016-07-29 20:57:52,882 - sarcos_all_joints - DEBUG - Objective: -22295.1611
2016-07-29 21:00:06,866 - sarcos_all_joints - DEBUG - Objective: -22294.9117
2016-07-29 21:00:06,867 - sarcos_all_joints - INFO - Optimizing: hyp
2016-07-29 21:04:43,840 - sarcos_all_joints - DEBUG - Objective: -22296.6374
2016-07-29 21:09:20,391 - sarcos_all_joints - DEBUG - Objective: 5212.0936
2016-07-29 21:13:57,220 - sarcos_all_joints - DEBUG - Objective: -22238.6852
2016-07-29 21:18:33,467 - sarcos_all_joints - DEBUG - Objective: -22291.0535
2016-07-29 21:23:10,333 - sarcos_all_joints - DEBUG - Objective: -22286.6254
2016-07-29 21:27:47,596 - sarcos_all_joints - DEBUG - Objective: -22292.3808
2016-07-29 21:32:25,134 - sarcos_all_joints - DEBUG - Objective: -22290.6475
2016-07-29 21:37:02,793 - sarcos_all_joints - DEBUG - Objective: -22293.2728
2016-07-29 21:41:42,070 - sarcos_all_joints - DEBUG - Objective: -22296.7447
2016-07-29 21:41:42,071 - sarcos_all_joints - DEBUG - Objective: -22296.7447
2016-07-29 21:46:23,524 - sarcos_all_joints - DEBUG - Objective: -22291.7253
2016-07-29 21:51:05,161 - sarcos_all_joints - INFO - Optimizing: ll
2016-07-29 21:52:08,593 - sarcos_all_joints - DEBUG - Objective: -22290.8188
2016-07-29 21:53:11,906 - sarcos_all_joints - DEBUG - Objective: 88739.7397
2016-07-29 21:54:15,416 - sarcos_all_joints - DEBUG - Objective: -22288.3831
2016-07-29 21:55:19,062 - sarcos_all_joints - DEBUG - Objective: -22294.8024
2016-07-29 21:56:22,883 - sarcos_all_joints - DEBUG - Objective: -22297.8585
2016-07-29 21:57:26,524 - sarcos_all_joints - DEBUG - Objective: -22299.1713
2016-07-29 21:58:29,980 - sarcos_all_joints - DEBUG - Objective: -22290.1479
2016-07-29 21:59:33,764 - sarcos_all_joints - DEBUG - Objective: -22292.8027
2016-07-29 22:00:37,144 - sarcos_all_joints - DEBUG - Objective: -22292.8090
2016-07-29 22:01:41,512 - sarcos_all_joints - DEBUG - Objective: -22287.4359
2016-07-29 22:01:41,512 - sarcos_all_joints - DEBUG - Objective: -22287.4359
2016-07-29 22:01:41,512 - sarcos_all_joints - INFO - Optimizing: inducing
2016-07-29 22:03:25,800 - sarcos_all_joints - DEBUG - Objective: -22294.8413
2016-07-29 22:05:10,026 - sarcos_all_joints - DEBUG - Objective: 24026.4329
2016-07-29 22:06:54,708 - sarcos_all_joints - DEBUG - Objective: -22365.7863
2016-07-29 22:08:38,820 - sarcos_all_joints - DEBUG - Objective: -22422.3190
2016-07-29 22:10:22,839 - sarcos_all_joints - DEBUG - Objective: -22478.4713
2016-07-29 22:12:06,584 - sarcos_all_joints - DEBUG - Objective: -22547.1669
2016-07-29 22:13:51,267 - sarcos_all_joints - DEBUG - Objective: -22625.2133
2016-07-29 22:13:51,288 - sarcos_all_joints - DEBUG - Objective difference: 412.458557
2016-07-29 22:13:51,288 - sarcos_all_joints - INFO - Mean difference: 0.003345
2016-07-29 22:13:51,288 - sarcos_all_joints - INFO - Covariance difference: 0.000086
2016-07-29 22:13:51,289 - sarcos_all_joints - INFO - Iteration 5 started.
2016-07-29 22:13:51,289 - sarcos_all_joints - INFO - Optimizing: mog
2016-07-29 22:16:09,440 - sarcos_all_joints - DEBUG - Objective: -22621.3980
2016-07-29 22:18:25,467 - sarcos_all_joints - DEBUG - Objective: 113568.7913
2016-07-29 22:20:41,451 - sarcos_all_joints - DEBUG - Objective: -22635.8974
2016-07-29 22:22:58,938 - sarcos_all_joints - DEBUG - Objective: -22633.8796
2016-07-29 22:25:13,587 - sarcos_all_joints - DEBUG - Objective: -22629.4471
2016-07-29 22:27:29,539 - sarcos_all_joints - DEBUG - Objective: -22628.0284
2016-07-29 22:29:44,062 - sarcos_all_joints - DEBUG - Objective: -22628.4093
2016-07-29 22:31:56,980 - sarcos_all_joints - DEBUG - Objective: -22629.7709
2016-07-29 22:34:11,110 - sarcos_all_joints - DEBUG - Objective: -22635.7170
2016-07-29 22:34:11,111 - sarcos_all_joints - DEBUG - Objective: -22635.7170
2016-07-29 22:34:11,111 - sarcos_all_joints - INFO - Optimizing: hyp
2016-07-29 22:38:51,722 - sarcos_all_joints - DEBUG - Objective: -22628.8167
2016-07-29 22:43:28,930 - sarcos_all_joints - DEBUG - Objective: 8004.7365
2016-07-29 22:48:08,569 - sarcos_all_joints - DEBUG - Objective: -22579.2929
2016-07-29 22:52:46,545 - sarcos_all_joints - DEBUG - Objective: -22619.9496
2016-07-29 22:57:24,094 - sarcos_all_joints - DEBUG - Objective: -22629.7159
2016-07-29 23:02:01,724 - sarcos_all_joints - DEBUG - Objective: -22627.5089
2016-07-29 23:06:39,467 - sarcos_all_joints - DEBUG - Objective: -22622.5676
2016-07-29 23:11:22,301 - sarcos_all_joints - DEBUG - Objective: -22632.1020
2016-07-29 23:16:00,831 - sarcos_all_joints - DEBUG - Objective: -22628.9227
2016-07-29 23:20:38,759 - sarcos_all_joints - DEBUG - Objective: -22628.2565
2016-07-29 23:20:38,760 - sarcos_all_joints - INFO - Optimizing: ll
2016-07-29 23:21:41,840 - sarcos_all_joints - DEBUG - Objective: -22629.2648
2016-07-29 23:22:45,012 - sarcos_all_joints - DEBUG - Objective: 88232.8141
2016-07-29 23:23:48,438 - sarcos_all_joints - DEBUG - Objective: -22633.8230
2016-07-29 23:24:51,718 - sarcos_all_joints - DEBUG - Objective: -22634.3040
2016-07-29 23:25:55,253 - sarcos_all_joints - DEBUG - Objective: -22634.4040
2016-07-29 23:26:59,541 - sarcos_all_joints - DEBUG - Objective: -22632.2214
2016-07-29 23:28:02,984 - sarcos_all_joints - DEBUG - Objective: -22633.7206
2016-07-29 23:29:06,803 - sarcos_all_joints - DEBUG - Objective: -22632.4848
2016-07-29 23:29:06,803 - sarcos_all_joints - INFO - Optimizing: inducing
2016-07-29 23:30:50,799 - sarcos_all_joints - DEBUG - Objective: -22632.1923
2016-07-29 23:32:35,086 - sarcos_all_joints - DEBUG - Objective: 46662.8588
2016-07-29 23:34:19,023 - sarcos_all_joints - DEBUG - Objective: -22679.9719
2016-07-29 23:36:03,213 - sarcos_all_joints - DEBUG - Objective: -22722.5088
2016-07-29 23:37:47,292 - sarcos_all_joints - DEBUG - Objective: -22797.8171
2016-07-29 23:39:32,144 - sarcos_all_joints - DEBUG - Objective: -22830.3765
2016-07-29 23:41:16,461 - sarcos_all_joints - DEBUG - Objective: -22893.0466
2016-07-29 23:41:16,484 - sarcos_all_joints - DEBUG - Objective difference: 267.833252
2016-07-29 23:41:16,485 - sarcos_all_joints - INFO - Mean difference: 0.000241
2016-07-29 23:41:16,485 - sarcos_all_joints - INFO - Covariance difference: 0.000006
2016-07-29 23:41:16,485 - sarcos_all_joints - DEBUG - prediction started...
2016-07-29 23:42:32,811 - sarcos_all_joints - DEBUG - prediction finished
