2016-01-28 22:23:56,215 - mining - INFO - experiment started for:{'run_id': 1, 'max_iter': 1, 'optimization_config': {'mog': 15000}, 'xtol': 0.001, 'git_hash': 'a89f7e60526a847e4cefa30be774ad3ee7bf41f8', 'model_init': None, 'ftol': 1e-05, 'latent_noise:': 0.001, 'sparsity_factor': 0.2, 'll': 'LogGaussianCox', 'sample_num': 2000, 'experiment': 'mining', 'git_branch': 'master', 'random_Z': True, 'method': u'full'}
2016-01-28 22:23:59,548 - mining - INFO - Iteration 0 started.
2016-01-28 22:23:59,549 - mining - INFO - MoG params
2016-01-28 22:24:01,591 - mining - DEBUG - objective:18890.4820
2016-01-28 22:24:03,461 - mining - DEBUG - objective:13329.9835
2016-01-28 22:24:05,112 - mining - DEBUG - objective:518.1140
2016-01-28 22:24:07,604 - mining - DEBUG - objective:516.0662
2016-01-28 22:24:09,688 - mining - DEBUG - objective:497.5165
2016-01-28 22:24:11,832 - mining - DEBUG - objective:483.3958
2016-01-28 22:24:14,071 - mining - DEBUG - objective:460.6709
2016-01-28 22:24:15,806 - mining - DEBUG - objective:411.7573
2016-01-28 22:24:17,993 - mining - DEBUG - objective:452.7496
2016-01-28 22:24:20,214 - mining - DEBUG - objective:396.7930
2016-01-28 22:24:22,505 - mining - DEBUG - objective:387.2613
2016-01-28 22:24:25,013 - mining - DEBUG - objective:381.8082
2016-01-28 22:24:26,798 - mining - DEBUG - objective:373.5798
2016-01-28 22:24:28,554 - mining - DEBUG - objective:361.8432
2016-01-28 22:24:30,813 - mining - DEBUG - objective:395.0615
2016-01-28 22:24:32,514 - mining - DEBUG - objective:359.3551
2016-01-28 22:24:34,899 - mining - DEBUG - objective:357.7772
2016-01-28 22:24:36,704 - mining - DEBUG - objective:357.2696
2016-01-28 22:24:38,348 - mining - DEBUG - objective:356.5141
2016-01-28 22:24:40,629 - mining - DEBUG - objective:355.9088
2016-01-28 22:24:43,052 - mining - DEBUG - objective:355.4416
2016-01-28 22:24:45,461 - mining - DEBUG - objective:354.7295
2016-01-28 22:24:47,533 - mining - DEBUG - objective:353.9898
2016-01-28 22:24:49,693 - mining - DEBUG - objective:352.8387
2016-01-28 22:24:51,458 - mining - DEBUG - objective:352.5150
2016-01-28 22:24:53,435 - mining - DEBUG - objective:350.9973
2016-01-28 22:24:55,647 - mining - DEBUG - objective:350.7854
2016-01-28 22:24:58,046 - mining - DEBUG - objective:350.2635
2016-01-28 22:25:00,670 - mining - DEBUG - objective:350.2646
2016-01-28 22:25:02,940 - mining - DEBUG - objective:349.9383
2016-01-28 22:25:05,117 - mining - DEBUG - objective:349.5339
2016-01-28 22:25:07,414 - mining - DEBUG - objective:349.2313
2016-01-28 22:25:09,239 - mining - DEBUG - objective:349.0065
2016-01-28 22:25:11,372 - mining - DEBUG - objective:348.7646
2016-01-28 22:25:13,455 - mining - DEBUG - objective:348.5214
2016-01-28 22:25:15,205 - mining - DEBUG - objective:348.1483
2016-01-28 22:25:17,013 - mining - DEBUG - objective:347.9149
2016-01-28 22:25:19,205 - mining - DEBUG - objective:347.6857
2016-01-28 22:25:21,044 - mining - DEBUG - objective:347.2670
2016-01-28 22:25:23,089 - mining - DEBUG - objective:347.1662
2016-01-28 22:25:25,128 - mining - DEBUG - objective:347.0514
2016-01-28 22:25:27,412 - mining - DEBUG - objective:346.9360
2016-01-28 22:25:29,155 - mining - DEBUG - objective:346.8837
2016-01-28 22:25:30,922 - mining - DEBUG - objective:346.8487
2016-01-28 22:25:32,690 - mining - DEBUG - objective:346.8029
2016-01-28 22:25:35,025 - mining - DEBUG - objective:346.7603
2016-01-28 22:25:36,744 - mining - DEBUG - objective:346.6925
2016-01-28 22:25:38,814 - mining - DEBUG - objective:346.7092
2016-01-28 22:25:40,604 - mining - DEBUG - objective:346.6587
2016-01-28 22:25:42,818 - mining - DEBUG - objective:346.6287
2016-01-28 22:25:45,290 - mining - DEBUG - objective:346.5985
2016-01-28 22:25:47,311 - mining - DEBUG - objective:346.5691
2016-01-28 22:25:49,656 - mining - DEBUG - objective:346.5530
2016-01-28 22:25:51,773 - mining - DEBUG - objective:346.5225
2016-01-28 22:25:54,176 - mining - DEBUG - objective:346.5127
2016-01-28 22:25:56,226 - mining - DEBUG - objective:346.5014
2016-01-28 22:25:57,976 - mining - DEBUG - objective:346.4866
2016-01-28 22:25:59,736 - mining - DEBUG - objective:346.4819
2016-01-28 22:26:02,204 - mining - DEBUG - objective:346.4583
2016-01-28 22:26:03,849 - mining - DEBUG - objective:346.4521
2016-01-28 22:26:06,039 - mining - DEBUG - objective:346.4462
2016-01-28 22:26:07,996 - mining - DEBUG - objective:346.4400
2016-01-28 22:26:09,952 - mining - DEBUG - objective:346.4434
2016-01-28 22:26:12,036 - mining - DEBUG - objective:346.4359
2016-01-28 22:26:13,905 - mining - DEBUG - objective:346.4287
2016-01-28 22:26:15,540 - mining - DEBUG - objective:346.4224
2016-01-28 22:26:17,520 - mining - DEBUG - objective:346.4166
2016-01-28 22:26:19,530 - mining - DEBUG - objective:346.4146
2016-01-28 22:26:21,602 - mining - DEBUG - objective:346.4097
2016-01-28 22:26:23,458 - mining - DEBUG - objective:346.4065
2016-01-28 22:26:25,314 - mining - DEBUG - objective:346.4045
2016-01-28 22:26:27,468 - mining - DEBUG - objective:346.4010
2016-01-28 22:26:28,894 - mining - DEBUG - objective:346.4071
2016-01-28 22:26:31,491 - mining - DEBUG - objective:346.3998
2016-01-28 22:26:33,988 - mining - DEBUG - objective:346.3982
2016-01-28 22:26:36,249 - mining - DEBUG - objective:346.3961
2016-01-28 22:26:38,472 - mining - DEBUG - objective:346.3946
2016-01-28 22:26:40,609 - mining - DEBUG - objective:346.3913
2016-01-28 22:26:42,340 - mining - DEBUG - objective:346.3879
2016-01-28 22:26:44,076 - mining - DEBUG - objective:346.3847
2016-01-28 22:26:45,529 - mining - DEBUG - objective:346.3810
2016-01-28 22:26:47,343 - mining - DEBUG - objective:346.3788
2016-01-28 22:26:49,444 - mining - DEBUG - objective:346.3770
2016-01-28 22:26:51,129 - mining - DEBUG - objective:346.3754
2016-01-28 22:26:53,405 - mining - DEBUG - objective:346.3742
2016-01-28 22:26:55,487 - mining - DEBUG - objective:346.3728
2016-01-28 22:26:57,597 - mining - DEBUG - objective:346.3717
2016-01-28 22:26:59,475 - mining - DEBUG - objective:346.3707
2016-01-28 22:27:01,457 - mining - DEBUG - objective:346.3697
2016-01-28 22:27:03,373 - mining - DEBUG - objective:346.3689
2016-01-28 22:27:05,592 - mining - DEBUG - objective:346.3680
2016-01-28 22:27:07,309 - mining - DEBUG - objective:346.3670
2016-01-28 22:27:09,557 - mining - DEBUG - objective:346.3660
2016-01-28 22:27:11,378 - mining - DEBUG - objective:346.3650
2016-01-28 22:27:13,397 - mining - DEBUG - objective:346.3639
2016-01-28 22:27:15,570 - mining - DEBUG - objective:346.3633
2016-01-28 22:27:17,270 - mining - DEBUG - objective:346.3629
2016-01-28 22:27:19,093 - mining - DEBUG - objective:346.3621
2016-01-28 22:27:21,855 - mining - DEBUG - objective:346.3617
2016-01-28 22:27:24,152 - mining - DEBUG - objective:346.3610
2016-01-28 22:27:26,216 - mining - DEBUG - objective:346.3604
2016-01-28 22:27:28,621 - mining - DEBUG - objective:346.3600
2016-01-28 22:27:30,936 - mining - DEBUG - objective:346.3596
2016-01-28 22:27:32,846 - mining - DEBUG - objective:346.3590
2016-01-28 22:27:34,861 - mining - DEBUG - objective:346.3587
2016-01-28 22:27:36,691 - mining - DEBUG - objective:346.3582
2016-01-28 22:27:39,022 - mining - DEBUG - objective:346.3580
2016-01-28 22:27:41,162 - mining - DEBUG - objective:346.3574
2016-01-28 22:27:42,760 - mining - DEBUG - objective:346.3571
2016-01-28 22:27:45,080 - mining - DEBUG - objective:346.3568
2016-01-28 22:27:47,674 - mining - DEBUG - objective:346.3563
2016-01-28 22:27:49,612 - mining - DEBUG - objective:346.3574
2016-01-28 22:27:51,645 - mining - DEBUG - objective:346.3561
2016-01-28 22:27:53,850 - mining - DEBUG - objective:346.3557
2016-01-28 22:27:55,671 - mining - DEBUG - objective:346.3554
2016-01-28 22:27:58,322 - mining - DEBUG - objective:346.3550
2016-01-28 22:28:00,208 - mining - DEBUG - objective:346.3547
2016-01-28 22:28:02,303 - mining - DEBUG - objective:346.3545
2016-01-28 22:28:04,385 - mining - DEBUG - objective:346.3542
2016-01-28 22:28:06,662 - mining - DEBUG - objective:346.3540
2016-01-28 22:28:08,921 - mining - DEBUG - objective:346.3537
2016-01-28 22:28:10,978 - mining - DEBUG - objective:346.3535
2016-01-28 22:28:12,993 - mining - DEBUG - objective:346.3535
2016-01-28 22:28:15,330 - mining - DEBUG - objective:346.3533
2016-01-28 22:28:17,606 - mining - DEBUG - objective:346.3531
2016-01-28 22:28:20,521 - mining - DEBUG - objective:346.3530
2016-01-28 22:28:22,304 - mining - DEBUG - objective:346.3528
2016-01-28 22:28:24,236 - mining - DEBUG - objective:346.3527
2016-01-28 22:28:26,771 - mining - DEBUG - objective:346.3526
2016-01-28 22:28:29,338 - mining - DEBUG - objective:346.3526
2016-01-28 22:28:31,539 - mining - DEBUG - objective:346.3526
2016-01-28 22:28:33,900 - mining - DEBUG - objective:346.3526
2016-01-28 22:28:36,227 - mining - DEBUG - objective:346.3526
2016-01-28 22:28:38,626 - mining - DEBUG - objective:346.3525
2016-01-28 22:28:40,405 - mining - DEBUG - objective:346.3525
2016-01-28 22:28:42,612 - mining - DEBUG - objective:346.3524
2016-01-28 22:28:44,757 - mining - DEBUG - objective:346.3525
2016-01-28 22:28:46,237 - mining - DEBUG - objective:346.3524
2016-01-28 22:28:48,127 - mining - DEBUG - objective:346.3524
2016-01-28 22:28:50,434 - mining - DEBUG - objective:346.3524
2016-01-28 22:28:52,581 - mining - DEBUG - objective:346.3525
2016-01-28 22:28:54,741 - mining - DEBUG - objective:346.3524
2016-01-28 22:28:56,375 - mining - DEBUG - objective:346.3524
2016-01-28 22:28:58,622 - mining - DEBUG - objective:346.3524
2016-01-28 22:29:00,323 - mining - DEBUG - objective:346.3524
2016-01-28 22:29:02,490 - mining - DEBUG - objective:346.3524
2016-01-28 22:29:04,639 - mining - DEBUG - objective:346.3525
2016-01-28 22:29:07,053 - mining - DEBUG - objective:346.3524
2016-01-28 22:29:09,189 - mining - DEBUG - objective:346.3524
2016-01-28 22:29:11,419 - mining - DEBUG - objective:346.3524
2016-01-28 22:29:13,608 - mining - DEBUG - objective:346.3524
2016-01-28 22:29:15,884 - mining - DEBUG - objective:346.3524
2016-01-28 22:29:18,104 - mining - DEBUG - objective:346.3524
2016-01-28 22:29:20,261 - mining - DEBUG - objective:346.3524
2016-01-28 22:29:22,560 - mining - DEBUG - objective:346.3524
2016-01-28 22:29:24,179 - mining - DEBUG - objective:346.3524
2016-01-28 22:29:26,056 - mining - DEBUG - objective:346.3524
2016-01-28 22:29:28,151 - mining - DEBUG - objective:346.3524
2016-01-28 22:29:29,921 - mining - DEBUG - objective:346.3524
2016-01-28 22:29:31,712 - mining - DEBUG - objective:346.3524
2016-01-28 22:29:33,685 - mining - DEBUG - objective:346.3524
2016-01-28 22:29:35,708 - mining - DEBUG - objective:346.3524
2016-01-28 22:29:37,963 - mining - DEBUG - objective:346.3524
2016-01-28 22:29:40,271 - mining - DEBUG - objective:346.3524
2016-01-28 22:29:41,790 - mining - DEBUG - objective:346.3524
2016-01-28 22:29:43,156 - mining - DEBUG - objective:346.3524
2016-01-28 22:29:45,162 - mining - DEBUG - objective:348.8692
2016-01-28 22:29:47,347 - mining - DEBUG - objective:346.3524
2016-01-28 22:29:49,300 - mining - DEBUG - objective:346.3524
2016-01-28 22:29:51,437 - mining - DEBUG - objective:346.3524
2016-01-28 22:29:53,551 - mining - DEBUG - objective:346.3524
2016-01-28 22:29:55,399 - mining - DEBUG - objective:346.3524
2016-01-28 22:29:58,159 - mining - DEBUG - objective:346.3524
2016-01-28 22:30:00,173 - mining - DEBUG - objective:346.3524
2016-01-28 22:30:02,425 - mining - DEBUG - objective:346.3524
2016-01-28 22:30:04,690 - mining - DEBUG - objective:346.3524
2016-01-28 22:30:06,593 - mining - DEBUG - objective:346.3524
2016-01-28 22:30:09,069 - mining - DEBUG - objective:346.3524
2016-01-28 22:30:10,466 - mining - DEBUG - objective:346.3524
2016-01-28 22:30:12,780 - mining - DEBUG - objective:346.3524
2016-01-28 22:30:15,337 - mining - DEBUG - objective:346.3524
2016-01-28 22:30:17,210 - mining - DEBUG - objective:346.3524
2016-01-28 22:30:19,452 - mining - DEBUG - objective:346.3524
2016-01-28 22:30:21,430 - mining - DEBUG - objective:346.3524
2016-01-28 22:30:23,458 - mining - DEBUG - objective:346.3524
2016-01-28 22:30:25,873 - mining - DEBUG - objective:346.3524
2016-01-28 22:30:27,765 - mining - DEBUG - objective:346.3524
2016-01-28 22:30:29,588 - mining - DEBUG - objective:346.3524
2016-01-28 22:30:31,732 - mining - DEBUG - objective:346.7780
2016-01-28 22:30:33,744 - mining - DEBUG - objective:346.3524
2016-01-28 22:30:35,755 - mining - DEBUG - objective:346.3524
2016-01-28 22:30:37,951 - mining - DEBUG - objective:346.3524
2016-01-28 22:30:40,155 - mining - DEBUG - objective:346.3524
2016-01-28 22:30:42,539 - mining - DEBUG - objective:346.3524
2016-01-28 22:30:44,721 - mining - DEBUG - objective:346.3524
2016-01-28 22:30:46,816 - mining - DEBUG - objective:346.3524
2016-01-28 22:30:48,669 - mining - DEBUG - objective:346.3524
2016-01-28 22:30:50,816 - mining - DEBUG - objective:346.3524
2016-01-28 22:30:53,138 - mining - DEBUG - objective:346.3524
2016-01-28 22:30:55,226 - mining - DEBUG - objective:346.3524
2016-01-28 22:30:57,269 - mining - DEBUG - objective:346.3524
2016-01-28 22:30:59,484 - mining - DEBUG - objective:346.3524
2016-01-28 22:31:00,872 - mining - DEBUG - objective:346.3524
2016-01-28 22:31:03,306 - mining - DEBUG - objective:346.3524
2016-01-28 22:31:05,171 - mining - DEBUG - objective:346.3524
2016-01-28 22:31:07,119 - mining - DEBUG - objective:346.3524
2016-01-28 22:31:08,703 - mining - DEBUG - objective:346.3524
2016-01-28 22:31:11,214 - mining - INFO - Saving model...
2016-01-28 22:31:11,340 - mining - INFO - Model saved.
2016-01-28 22:31:11,362 - mining - DEBUG - prediction started...
2016-01-28 22:31:11,611 - mining - DEBUG - prediction finished
