2016-02-01 18:26:39,707 - mnist_binary - INFO - experiment started for:{'run_id': 0, 'max_iter': 300, 'optimization_config': {'hyp': 15, 'mog': 60}, 'xtol': 0.001, 'git_hash': '5a20a6cbfa2bc18023bde97098007afb912d59fd', 'model_init': None, 'ftol': 10, 'latent_noise:': 0.001, 'sparsity_factor': 0.001, 'll': 'LogisticLL', 'sample_num': 2000, 'experiment': 'mnist_binary', 'git_branch': 'exp_framework', 'random_Z': False, 'method': 'full'}
2016-02-01 18:26:48,830 - mnist_binary - INFO - Iteration 0 started.
2016-02-01 18:26:48,830 - mnist_binary - INFO - MoG params
2016-02-01 18:26:52,855 - mnist_binary - DEBUG - objective:113610.3355
2016-02-01 18:26:56,874 - mnist_binary - DEBUG - objective:108257.5866
2016-02-01 18:27:01,081 - mnist_binary - DEBUG - objective:89804.1295
2016-02-01 18:27:05,004 - mnist_binary - DEBUG - objective:39028.3840
2016-02-01 18:27:08,882 - mnist_binary - DEBUG - objective:26343.9634
2016-02-01 18:27:12,750 - mnist_binary - DEBUG - objective:22154.7845
2016-02-01 18:27:16,694 - mnist_binary - DEBUG - objective:20331.5500
2016-02-01 18:27:20,796 - mnist_binary - DEBUG - objective:19460.9685
2016-02-01 18:27:24,702 - mnist_binary - DEBUG - objective:18997.6566
2016-02-01 18:27:28,670 - mnist_binary - DEBUG - objective:18882.5949
2016-02-01 18:27:32,689 - mnist_binary - DEBUG - objective:18777.4826
2016-02-01 18:27:36,719 - mnist_binary - DEBUG - objective:18703.1021
2016-02-01 18:27:40,530 - mnist_binary - DEBUG - objective:18672.4885
2016-02-01 18:27:44,390 - mnist_binary - DEBUG - objective:18632.8101
2016-02-01 18:27:48,409 - mnist_binary - DEBUG - objective:18625.7367
2016-02-01 18:27:52,422 - mnist_binary - DEBUG - objective:18615.4028
2016-02-01 18:27:56,325 - mnist_binary - DEBUG - objective:18615.4246
2016-02-01 18:28:00,344 - mnist_binary - DEBUG - objective:18611.0027
2016-02-01 18:28:04,288 - mnist_binary - DEBUG - objective:18607.3650
2016-02-01 18:28:08,328 - mnist_binary - DEBUG - objective:18605.0786
2016-02-01 18:28:12,306 - mnist_binary - DEBUG - objective:18603.6714
2016-02-01 18:28:16,316 - mnist_binary - DEBUG - objective:18602.5276
2016-02-01 18:28:20,414 - mnist_binary - DEBUG - objective:18601.7564
2016-02-01 18:28:24,304 - mnist_binary - DEBUG - objective:18601.1698
2016-02-01 18:28:28,474 - mnist_binary - DEBUG - objective:18600.6836
2016-02-01 18:28:32,538 - mnist_binary - DEBUG - objective:18600.1714
2016-02-01 18:28:36,429 - mnist_binary - DEBUG - objective:18599.6193
2016-02-01 18:28:40,382 - mnist_binary - DEBUG - objective:18599.1307
2016-02-01 18:28:44,342 - mnist_binary - DEBUG - objective:18598.7688
2016-02-01 18:28:48,349 - mnist_binary - DEBUG - objective:18598.3860
2016-02-01 18:28:52,434 - mnist_binary - DEBUG - objective:18598.2740
2016-02-01 18:28:56,458 - mnist_binary - DEBUG - objective:18598.1039
2016-02-01 18:29:00,644 - mnist_binary - DEBUG - objective:18598.0172
2016-02-01 18:29:04,694 - mnist_binary - DEBUG - objective:18597.9500
2016-02-01 18:29:08,918 - mnist_binary - DEBUG - objective:18597.7902
2016-02-01 18:29:12,926 - mnist_binary - DEBUG - objective:18597.9273
2016-02-01 18:29:16,942 - mnist_binary - DEBUG - objective:18597.7372
2016-02-01 18:29:20,946 - mnist_binary - DEBUG - objective:18597.6731
2016-02-01 18:29:25,234 - mnist_binary - DEBUG - objective:18597.6274
2016-02-01 18:29:29,430 - mnist_binary - DEBUG - objective:18597.6015
2016-02-01 18:29:33,475 - mnist_binary - DEBUG - objective:18597.5597
2016-02-01 18:29:37,424 - mnist_binary - DEBUG - objective:18597.5160
2016-02-01 18:29:41,648 - mnist_binary - DEBUG - objective:18597.4621
2016-02-01 18:29:45,851 - mnist_binary - DEBUG - objective:18597.3859
2016-02-01 18:29:50,131 - mnist_binary - DEBUG - objective:18597.2797
2016-02-01 18:29:54,350 - mnist_binary - DEBUG - objective:18597.1151
2016-02-01 18:29:58,722 - mnist_binary - DEBUG - objective:18596.8959
2016-02-01 18:30:03,074 - mnist_binary - DEBUG - objective:18596.6710
2016-02-01 18:30:07,143 - mnist_binary - DEBUG - objective:18596.3881
2016-02-01 18:30:11,460 - mnist_binary - DEBUG - objective:18596.1094
2016-02-01 18:30:15,802 - mnist_binary - DEBUG - objective:18595.8989
2016-02-01 18:30:20,050 - mnist_binary - DEBUG - objective:18595.8115
2016-02-01 18:30:24,016 - mnist_binary - DEBUG - objective:18595.4467
2016-02-01 18:30:28,519 - mnist_binary - DEBUG - objective:18595.3036
2016-02-01 18:30:32,837 - mnist_binary - DEBUG - objective:18595.1068
2016-02-01 18:30:36,790 - mnist_binary - DEBUG - objective:18594.8912
2016-02-01 18:30:41,134 - mnist_binary - DEBUG - objective:18594.7907
2016-02-01 18:30:45,481 - mnist_binary - DEBUG - objective:18594.7060
2016-02-01 18:30:49,846 - mnist_binary - DEBUG - objective:18594.6720
2016-02-01 18:30:54,022 - mnist_binary - DEBUG - objective:18594.6430
2016-02-01 18:30:58,359 - mnist_binary - DEBUG - objective:18594.6305
2016-02-01 18:30:58,363 - mnist_binary - INFO - Saving model...
2016-02-01 18:30:58,493 - mnist_binary - INFO - Model saved.
2016-02-01 18:30:58,494 - mnist_binary - INFO - hyp params
2016-02-01 18:31:10,147 - mnist_binary - DEBUG - objective:18594.6305
2016-02-01 18:31:22,154 - mnist_binary - DEBUG - objective:16642.9965
2016-02-01 18:31:34,222 - mnist_binary - DEBUG - objective:14888.0647
2016-02-01 18:31:46,023 - mnist_binary - DEBUG - objective:14745.5663
2016-02-01 18:31:58,185 - mnist_binary - DEBUG - objective:14706.1255
2016-02-01 18:32:10,071 - mnist_binary - DEBUG - objective:14704.7634
2016-02-01 18:32:21,859 - mnist_binary - DEBUG - objective:14704.7535
2016-02-01 18:32:33,664 - mnist_binary - DEBUG - objective:14704.7536
2016-02-01 18:32:45,421 - mnist_binary - DEBUG - objective:14704.7535
2016-02-01 18:32:57,595 - mnist_binary - DEBUG - objective:14704.7535
2016-02-01 18:33:09,430 - mnist_binary - DEBUG - objective:14704.7535
2016-02-01 18:33:21,032 - mnist_binary - DEBUG - objective:14704.7535
2016-02-01 18:33:32,927 - mnist_binary - DEBUG - objective:14704.7535
2016-02-01 18:33:44,926 - mnist_binary - DEBUG - objective:14704.7535
2016-02-01 18:33:56,272 - mnist_binary - DEBUG - objective:14704.7535
2016-02-01 18:34:07,764 - mnist_binary - DEBUG - objective:14704.7535
2016-02-01 18:34:19,132 - mnist_binary - INFO - Iteration 1 started.
2016-02-01 18:34:19,132 - mnist_binary - INFO - MoG params
2016-02-01 18:34:23,500 - mnist_binary - DEBUG - objective:14704.7535
2016-02-01 18:34:27,478 - mnist_binary - DEBUG - objective:14523.5991
2016-02-01 18:34:31,514 - mnist_binary - DEBUG - objective:14393.9665
2016-02-01 18:34:35,669 - mnist_binary - DEBUG - objective:14365.4482
2016-02-01 18:34:39,827 - mnist_binary - DEBUG - objective:14347.1430
2016-02-01 18:34:43,935 - mnist_binary - DEBUG - objective:14339.1615
2016-02-01 18:34:48,151 - mnist_binary - DEBUG - objective:14334.4186
2016-02-01 18:34:52,106 - mnist_binary - DEBUG - objective:14331.2807
2016-02-01 18:34:56,114 - mnist_binary - DEBUG - objective:14328.5121
2016-02-01 18:35:00,060 - mnist_binary - DEBUG - objective:14326.3081
2016-02-01 18:35:04,036 - mnist_binary - DEBUG - objective:14325.2732
2016-02-01 18:35:08,086 - mnist_binary - DEBUG - objective:14324.4409
2016-02-01 18:35:12,110 - mnist_binary - DEBUG - objective:14324.0765
2016-02-01 18:35:16,183 - mnist_binary - DEBUG - objective:14323.8262
2016-02-01 18:35:20,170 - mnist_binary - DEBUG - objective:14323.6477
2016-02-01 18:35:24,278 - mnist_binary - DEBUG - objective:14323.5093
2016-02-01 18:35:28,394 - mnist_binary - DEBUG - objective:14323.1984
2016-02-01 18:35:32,370 - mnist_binary - DEBUG - objective:14322.9728
2016-02-01 18:35:36,574 - mnist_binary - DEBUG - objective:14322.6728
2016-02-01 18:35:40,744 - mnist_binary - DEBUG - objective:14322.5195
2016-02-01 18:35:44,894 - mnist_binary - DEBUG - objective:14322.4479
2016-02-01 18:35:48,973 - mnist_binary - DEBUG - objective:14322.5229
2016-02-01 18:35:53,091 - mnist_binary - DEBUG - objective:14322.4221
2016-02-01 18:35:57,154 - mnist_binary - DEBUG - objective:14322.3887
2016-02-01 18:36:01,183 - mnist_binary - DEBUG - objective:14322.3721
2016-02-01 18:36:05,338 - mnist_binary - DEBUG - objective:14322.3618
2016-02-01 18:36:09,358 - mnist_binary - DEBUG - objective:14322.3540
2016-02-01 18:36:13,398 - mnist_binary - DEBUG - objective:14322.3503
2016-02-01 18:36:17,371 - mnist_binary - DEBUG - objective:14322.3477
2016-02-01 18:36:21,366 - mnist_binary - DEBUG - objective:14322.3485
2016-02-01 18:36:25,406 - mnist_binary - DEBUG - objective:14322.3477
2016-02-01 18:36:29,442 - mnist_binary - DEBUG - objective:14322.3482
2016-02-01 18:36:33,468 - mnist_binary - DEBUG - objective:14322.3477
2016-02-01 18:36:37,470 - mnist_binary - DEBUG - objective:14322.3477
2016-02-01 18:36:41,524 - mnist_binary - DEBUG - objective:14322.3477
2016-02-01 18:36:45,608 - mnist_binary - DEBUG - objective:14322.3477
2016-02-01 18:36:49,852 - mnist_binary - DEBUG - objective:14322.3477
2016-02-01 18:36:54,116 - mnist_binary - DEBUG - objective:14322.3477
2016-02-01 18:36:58,170 - mnist_binary - DEBUG - objective:14322.3477
2016-02-01 18:37:02,198 - mnist_binary - DEBUG - objective:14322.3477
2016-02-01 18:37:06,312 - mnist_binary - DEBUG - objective:14322.3477
2016-02-01 18:37:10,211 - mnist_binary - DEBUG - objective:14322.3477
2016-02-01 18:37:14,402 - mnist_binary - DEBUG - objective:14322.3477
2016-02-01 18:37:18,463 - mnist_binary - DEBUG - objective:14322.3477
2016-02-01 18:37:22,522 - mnist_binary - DEBUG - objective:14322.3477
2016-02-01 18:37:26,495 - mnist_binary - DEBUG - objective:14322.3477
2016-02-01 18:37:30,585 - mnist_binary - DEBUG - objective:14322.3477
2016-02-01 18:37:34,646 - mnist_binary - DEBUG - objective:14322.3477
2016-02-01 18:37:38,606 - mnist_binary - DEBUG - objective:14322.3477
2016-02-01 18:37:42,723 - mnist_binary - INFO - Saving model...
2016-02-01 18:37:42,851 - mnist_binary - INFO - Model saved.
2016-02-01 18:37:42,851 - mnist_binary - DEBUG - ftol: 4272.28286076
2016-02-01 18:37:42,851 - mnist_binary - INFO - diff:m:0.488853652563 s:0.0126302736101
2016-02-01 18:37:42,851 - mnist_binary - INFO - hyp params
2016-02-01 18:37:54,085 - mnist_binary - DEBUG - objective:14322.3477
2016-02-01 18:38:05,719 - mnist_binary - DEBUG - objective:39629.2435
2016-02-01 18:38:17,374 - mnist_binary - DEBUG - objective:14276.0129
2016-02-01 18:38:28,820 - mnist_binary - DEBUG - objective:14255.1291
2016-02-01 18:38:40,516 - mnist_binary - DEBUG - objective:14254.9908
2016-02-01 18:38:52,178 - mnist_binary - DEBUG - objective:14254.8244
2016-02-01 18:39:04,365 - mnist_binary - DEBUG - objective:14254.4205
2016-02-01 18:39:16,131 - mnist_binary - DEBUG - objective:14254.0606
2016-02-01 18:39:28,120 - mnist_binary - DEBUG - objective:14253.9342
2016-02-01 18:39:39,964 - mnist_binary - DEBUG - objective:14253.9350
2016-02-01 18:39:52,150 - mnist_binary - DEBUG - objective:14253.9342
2016-02-01 18:40:04,178 - mnist_binary - DEBUG - objective:14253.9342
2016-02-01 18:40:16,046 - mnist_binary - DEBUG - objective:14253.9342
2016-02-01 18:40:27,908 - mnist_binary - DEBUG - objective:14253.9342
2016-02-01 18:40:40,370 - mnist_binary - DEBUG - objective:14253.9342
2016-02-01 18:40:52,393 - mnist_binary - DEBUG - objective:14253.9342
2016-02-01 18:41:04,391 - mnist_binary - INFO - Iteration 2 started.
2016-02-01 18:41:04,391 - mnist_binary - INFO - MoG params
2016-02-01 18:41:08,757 - mnist_binary - DEBUG - objective:14253.9342
2016-02-01 18:41:13,146 - mnist_binary - DEBUG - objective:14230.7454
2016-02-01 18:41:17,427 - mnist_binary - DEBUG - objective:14219.0339
2016-02-01 18:41:21,825 - mnist_binary - DEBUG - objective:14212.3991
2016-02-01 18:41:26,158 - mnist_binary - DEBUG - objective:14208.0329
2016-02-01 18:41:30,342 - mnist_binary - DEBUG - objective:14208.3580
2016-02-01 18:41:34,754 - mnist_binary - DEBUG - objective:14206.5851
2016-02-01 18:41:39,091 - mnist_binary - DEBUG - objective:14205.5904
2016-02-01 18:41:43,405 - mnist_binary - DEBUG - objective:14205.0481
2016-02-01 18:41:47,314 - mnist_binary - DEBUG - objective:14204.5351
2016-02-01 18:41:51,709 - mnist_binary - DEBUG - objective:14204.4155
2016-02-01 18:41:56,040 - mnist_binary - DEBUG - objective:14204.0499
2016-02-01 18:42:00,281 - mnist_binary - DEBUG - objective:14203.9936
2016-02-01 18:42:04,367 - mnist_binary - DEBUG - objective:14203.9301
2016-02-01 18:42:08,633 - mnist_binary - DEBUG - objective:14203.9194
2016-02-01 18:42:12,998 - mnist_binary - DEBUG - objective:14203.8798
2016-02-01 18:42:17,086 - mnist_binary - DEBUG - objective:14203.8700
2016-02-01 18:42:21,335 - mnist_binary - DEBUG - objective:14203.8604
2016-02-01 18:42:25,594 - mnist_binary - DEBUG - objective:14203.8445
2016-02-01 18:42:29,958 - mnist_binary - DEBUG - objective:14203.8648
2016-02-01 18:42:34,013 - mnist_binary - DEBUG - objective:14203.8354
2016-02-01 18:42:38,445 - mnist_binary - DEBUG - objective:14203.8203
2016-02-01 18:42:42,910 - mnist_binary - DEBUG - objective:14203.8119
2016-02-01 18:42:47,053 - mnist_binary - DEBUG - objective:14203.8058
2016-02-01 18:42:51,165 - mnist_binary - DEBUG - objective:14203.8055
2016-02-01 18:42:55,271 - mnist_binary - DEBUG - objective:14203.8034
2016-02-01 18:42:59,154 - mnist_binary - DEBUG - objective:14203.8020
2016-02-01 18:43:03,158 - mnist_binary - DEBUG - objective:14203.8018
2016-02-01 18:43:07,516 - mnist_binary - DEBUG - objective:14203.8016
2016-02-01 18:43:11,766 - mnist_binary - DEBUG - objective:14203.8014
2016-02-01 18:43:15,822 - mnist_binary - DEBUG - objective:14203.8012
2016-02-01 18:43:20,024 - mnist_binary - DEBUG - objective:14203.8009
2016-02-01 18:43:24,186 - mnist_binary - DEBUG - objective:14203.8012
2016-02-01 18:43:28,286 - mnist_binary - DEBUG - objective:14203.8009
2016-02-01 18:43:32,367 - mnist_binary - DEBUG - objective:14203.8009
2016-02-01 18:43:36,559 - mnist_binary - DEBUG - objective:14203.8009
2016-02-01 18:43:40,639 - mnist_binary - DEBUG - objective:14203.8009
2016-02-01 18:43:44,734 - mnist_binary - DEBUG - objective:14203.8009
2016-02-01 18:43:48,841 - mnist_binary - DEBUG - objective:14203.8009
2016-02-01 18:43:52,955 - mnist_binary - DEBUG - objective:14203.8009
2016-02-01 18:43:57,146 - mnist_binary - DEBUG - objective:14203.8009
2016-02-01 18:44:01,120 - mnist_binary - DEBUG - objective:14203.8009
2016-02-01 18:44:05,154 - mnist_binary - DEBUG - objective:14203.8009
2016-02-01 18:44:09,323 - mnist_binary - DEBUG - objective:14203.8009
2016-02-01 18:44:09,323 - mnist_binary - DEBUG - objective:14203.8009
2016-02-01 18:44:13,410 - mnist_binary - INFO - Saving model...
2016-02-01 18:44:13,605 - mnist_binary - INFO - Model saved.
2016-02-01 18:44:13,606 - mnist_binary - DEBUG - ftol: 118.546747015
2016-02-01 18:44:13,606 - mnist_binary - INFO - diff:m:0.319113343057 s:0.00313317007017
2016-02-01 18:44:13,606 - mnist_binary - INFO - hyp params
2016-02-01 18:44:25,136 - mnist_binary - DEBUG - objective:14203.8009
2016-02-01 18:44:36,608 - mnist_binary - DEBUG - objective:41051.6602
2016-02-01 18:44:48,083 - mnist_binary - DEBUG - objective:14180.0974
2016-02-01 18:44:59,536 - mnist_binary - DEBUG - objective:14168.7166
2016-02-01 18:45:10,849 - mnist_binary - DEBUG - objective:14168.6594
2016-02-01 18:45:22,300 - mnist_binary - DEBUG - objective:14168.5691
2016-02-01 18:45:33,615 - mnist_binary - DEBUG - objective:14168.4006
2016-02-01 18:45:45,018 - mnist_binary - DEBUG - objective:14168.2574
2016-02-01 18:45:56,581 - mnist_binary - DEBUG - objective:14168.2246
2016-02-01 18:46:07,732 - mnist_binary - DEBUG - objective:14168.2258
2016-02-01 18:46:19,337 - mnist_binary - DEBUG - objective:14168.2247
2016-02-01 18:46:30,919 - mnist_binary - DEBUG - objective:14168.2246
2016-02-01 18:46:42,264 - mnist_binary - DEBUG - objective:14168.2246
2016-02-01 18:46:53,832 - mnist_binary - DEBUG - objective:14168.2246
2016-02-01 18:47:05,501 - mnist_binary - DEBUG - objective:14168.2246
2016-02-01 18:47:17,314 - mnist_binary - DEBUG - objective:14168.2246
2016-02-01 18:47:29,538 - mnist_binary - INFO - Iteration 3 started.
2016-02-01 18:47:29,538 - mnist_binary - INFO - MoG params
2016-02-01 18:47:33,757 - mnist_binary - DEBUG - objective:14168.2246
2016-02-01 18:47:37,973 - mnist_binary - DEBUG - objective:14157.6923
2016-02-01 18:47:42,407 - mnist_binary - DEBUG - objective:14148.9035
2016-02-01 18:47:46,576 - mnist_binary - DEBUG - objective:14145.9906
2016-02-01 18:47:50,537 - mnist_binary - DEBUG - objective:14143.2091
2016-02-01 18:47:54,708 - mnist_binary - DEBUG - objective:14142.7476
2016-02-01 18:47:58,921 - mnist_binary - DEBUG - objective:14141.3550
2016-02-01 18:48:03,204 - mnist_binary - DEBUG - objective:14141.1893
2016-02-01 18:48:07,411 - mnist_binary - DEBUG - objective:14140.8965
2016-02-01 18:48:11,918 - mnist_binary - DEBUG - objective:14140.6788
2016-02-01 18:48:16,242 - mnist_binary - DEBUG - objective:14140.6019
2016-02-01 18:48:20,278 - mnist_binary - DEBUG - objective:14140.5546
2016-02-01 18:48:24,586 - mnist_binary - DEBUG - objective:14140.5397
2016-02-01 18:48:28,950 - mnist_binary - DEBUG - objective:14140.5239
2016-02-01 18:48:33,279 - mnist_binary - DEBUG - objective:14140.5137
2016-02-01 18:48:37,278 - mnist_binary - DEBUG - objective:14140.5078
2016-02-01 18:48:41,749 - mnist_binary - DEBUG - objective:14140.5050
2016-02-01 18:48:46,114 - mnist_binary - DEBUG - objective:14140.5005
2016-02-01 18:48:50,142 - mnist_binary - DEBUG - objective:14140.4944
2016-02-01 18:48:54,372 - mnist_binary - DEBUG - objective:14140.4885
2016-02-01 18:48:58,532 - mnist_binary - DEBUG - objective:14140.4864
2016-02-01 18:49:02,826 - mnist_binary - DEBUG - objective:14140.4851
2016-02-01 18:49:06,890 - mnist_binary - DEBUG - objective:14140.4851
2016-02-01 18:49:11,240 - mnist_binary - DEBUG - objective:14140.4849
2016-02-01 18:49:15,636 - mnist_binary - DEBUG - objective:14140.4853
2016-02-01 18:49:19,861 - mnist_binary - DEBUG - objective:14140.4849
2016-02-01 18:49:24,002 - mnist_binary - DEBUG - objective:14140.4858
2016-02-01 18:49:28,058 - mnist_binary - DEBUG - objective:14140.4848
2016-02-01 18:49:31,902 - mnist_binary - DEBUG - objective:14140.4856
2016-02-01 18:49:36,062 - mnist_binary - DEBUG - objective:14140.4848
2016-02-01 18:49:40,287 - mnist_binary - DEBUG - objective:14140.4853
2016-02-01 18:49:44,298 - mnist_binary - DEBUG - objective:14140.4848
2016-02-01 18:49:48,338 - mnist_binary - DEBUG - objective:14140.4848
2016-02-01 18:49:52,482 - mnist_binary - DEBUG - objective:14140.4848
2016-02-01 18:49:56,510 - mnist_binary - DEBUG - objective:14140.4848
2016-02-01 18:50:00,778 - mnist_binary - DEBUG - objective:14140.4848
2016-02-01 18:50:04,697 - mnist_binary - DEBUG - objective:14140.4848
2016-02-01 18:50:08,767 - mnist_binary - DEBUG - objective:14140.4848
2016-02-01 18:50:12,775 - mnist_binary - DEBUG - objective:14140.4848
2016-02-01 18:50:16,854 - mnist_binary - DEBUG - objective:14140.4848
2016-02-01 18:50:20,830 - mnist_binary - DEBUG - objective:14140.4848
2016-02-01 18:50:24,677 - mnist_binary - DEBUG - objective:14140.4848
2016-02-01 18:50:28,987 - mnist_binary - DEBUG - objective:14140.4848
2016-02-01 18:50:33,086 - mnist_binary - DEBUG - objective:14140.4848
2016-02-01 18:50:37,216 - mnist_binary - DEBUG - objective:14140.4848
2016-02-01 18:50:41,354 - mnist_binary - DEBUG - objective:14140.4848
2016-02-01 18:50:45,470 - mnist_binary - DEBUG - objective:14140.4848
2016-02-01 18:50:49,510 - mnist_binary - DEBUG - objective:14140.4848
2016-02-01 18:50:53,469 - mnist_binary - DEBUG - objective:14140.4848
2016-02-01 18:50:57,610 - mnist_binary - DEBUG - objective:14140.4848
2016-02-01 18:51:01,688 - mnist_binary - INFO - Saving model...
2016-02-01 18:51:01,816 - mnist_binary - INFO - Model saved.
2016-02-01 18:51:01,817 - mnist_binary - DEBUG - ftol: 63.31610781
2016-02-01 18:51:01,817 - mnist_binary - INFO - diff:m:0.257253657497 s:0.00222318421484
2016-02-01 18:51:01,817 - mnist_binary - INFO - hyp params
2016-02-01 18:51:12,947 - mnist_binary - DEBUG - objective:14140.4848
2016-02-01 18:51:24,518 - mnist_binary - DEBUG - objective:42038.0211
2016-02-01 18:51:36,093 - mnist_binary - DEBUG - objective:14127.2879
2016-02-01 18:51:47,496 - mnist_binary - DEBUG - objective:14120.8495
2016-02-01 18:51:58,879 - mnist_binary - DEBUG - objective:14120.8083
2016-02-01 18:52:10,238 - mnist_binary - DEBUG - objective:14120.6419
2016-02-01 18:52:21,782 - mnist_binary - DEBUG - objective:14120.4847
2016-02-01 18:52:33,247 - mnist_binary - DEBUG - objective:14120.3960
2016-02-01 18:52:44,682 - mnist_binary - DEBUG - objective:14120.3967
2016-02-01 18:52:55,986 - mnist_binary - DEBUG - objective:14120.3952
2016-02-01 18:53:07,418 - mnist_binary - DEBUG - objective:14120.3971
2016-02-01 18:53:18,500 - mnist_binary - DEBUG - objective:14120.3951
2016-02-01 18:53:29,786 - mnist_binary - DEBUG - objective:14120.3971
2016-02-01 18:53:41,111 - mnist_binary - DEBUG - objective:14120.3951
2016-02-01 18:53:52,384 - mnist_binary - DEBUG - objective:14120.3951
2016-02-01 18:54:04,314 - mnist_binary - DEBUG - objective:14120.3951
2016-02-01 18:54:04,314 - mnist_binary - INFO - Iteration 4 started.
2016-02-01 18:54:04,315 - mnist_binary - INFO - MoG params
2016-02-01 18:54:08,328 - mnist_binary - DEBUG - objective:14120.3951
2016-02-01 18:54:12,639 - mnist_binary - DEBUG - objective:14117.6889
2016-02-01 18:54:16,950 - mnist_binary - DEBUG - objective:14109.3643
2016-02-01 18:54:21,223 - mnist_binary - DEBUG - objective:14107.9700
2016-02-01 18:54:25,463 - mnist_binary - DEBUG - objective:14106.1562
2016-02-01 18:54:29,850 - mnist_binary - DEBUG - objective:14105.6729
2016-02-01 18:54:34,110 - mnist_binary - DEBUG - objective:14105.1025
2016-02-01 18:54:38,163 - mnist_binary - DEBUG - objective:14104.9986
2016-02-01 18:54:42,458 - mnist_binary - DEBUG - objective:14104.8450
2016-02-01 18:54:46,563 - mnist_binary - DEBUG - objective:14104.7310
2016-02-01 18:54:50,761 - mnist_binary - DEBUG - objective:14104.6873
2016-02-01 18:54:54,890 - mnist_binary - DEBUG - objective:14104.6669
2016-02-01 18:54:59,200 - mnist_binary - DEBUG - objective:14104.6603
2016-02-01 18:55:03,318 - mnist_binary - DEBUG - objective:14104.6513
2016-02-01 18:55:07,530 - mnist_binary - DEBUG - objective:14104.6500
2016-02-01 18:55:11,535 - mnist_binary - DEBUG - objective:14104.6432
2016-02-01 18:55:15,653 - mnist_binary - DEBUG - objective:14104.6417
2016-02-01 18:55:19,903 - mnist_binary - DEBUG - objective:14104.6390
2016-02-01 18:55:24,014 - mnist_binary - DEBUG - objective:14104.6360
2016-02-01 18:55:28,366 - mnist_binary - DEBUG - objective:14104.6337
2016-02-01 18:55:32,562 - mnist_binary - DEBUG - objective:14104.6327
2016-02-01 18:55:36,614 - mnist_binary - DEBUG - objective:14104.6323
2016-02-01 18:55:40,590 - mnist_binary - DEBUG - objective:14104.6322
2016-02-01 18:55:44,887 - mnist_binary - DEBUG - objective:14104.6326
2016-02-01 18:55:49,146 - mnist_binary - DEBUG - objective:14104.6322
2016-02-01 18:55:53,374 - mnist_binary - DEBUG - objective:14104.6322
2016-02-01 18:55:57,530 - mnist_binary - DEBUG - objective:14104.6322
2016-02-01 18:56:01,822 - mnist_binary - DEBUG - objective:14104.6322
2016-02-01 18:56:06,055 - mnist_binary - DEBUG - objective:14104.6322
2016-02-01 18:56:10,242 - mnist_binary - DEBUG - objective:14104.6322
2016-02-01 18:56:14,391 - mnist_binary - DEBUG - objective:14104.6322
2016-02-01 18:56:18,667 - mnist_binary - DEBUG - objective:14104.6322
2016-02-01 18:56:22,966 - mnist_binary - DEBUG - objective:14104.6322
2016-02-01 18:56:27,139 - mnist_binary - DEBUG - objective:14104.6322
2016-02-01 18:56:31,448 - mnist_binary - DEBUG - objective:14104.6322
2016-02-01 18:56:35,709 - mnist_binary - DEBUG - objective:14104.6322
2016-02-01 18:56:39,937 - mnist_binary - DEBUG - objective:14104.6322
2016-02-01 18:56:43,984 - mnist_binary - DEBUG - objective:14104.6322
2016-02-01 18:56:48,414 - mnist_binary - DEBUG - objective:14104.6322
2016-02-01 18:56:52,750 - mnist_binary - DEBUG - objective:14104.6322
2016-02-01 18:56:56,978 - mnist_binary - DEBUG - objective:14104.6322
2016-02-01 18:57:01,382 - mnist_binary - INFO - Saving model...
2016-02-01 18:57:01,504 - mnist_binary - INFO - Model saved.
2016-02-01 18:57:01,504 - mnist_binary - DEBUG - ftol: 35.8525869878
2016-02-01 18:57:01,504 - mnist_binary - INFO - diff:m:0.202752464137 s:0.0017037356358
2016-02-01 18:57:01,504 - mnist_binary - INFO - hyp params
2016-02-01 18:57:13,280 - mnist_binary - DEBUG - objective:14104.6322
2016-02-01 18:57:25,344 - mnist_binary - DEBUG - objective:42747.1238
2016-02-01 18:57:37,066 - mnist_binary - DEBUG - objective:14097.0803
2016-02-01 18:57:48,734 - mnist_binary - DEBUG - objective:14093.4172
2016-02-01 18:58:00,764 - mnist_binary - DEBUG - objective:14093.3909
2016-02-01 18:58:12,607 - mnist_binary - DEBUG - objective:14093.2061
2016-02-01 18:58:24,314 - mnist_binary - DEBUG - objective:14093.1204
2016-02-01 18:58:35,871 - mnist_binary - DEBUG - objective:14093.1039
2016-02-01 18:58:47,368 - mnist_binary - DEBUG - objective:14093.1048
2016-02-01 18:58:58,858 - mnist_binary - DEBUG - objective:14093.1039
2016-02-01 18:59:10,015 - mnist_binary - DEBUG - objective:14093.1039
2016-02-01 18:59:21,183 - mnist_binary - DEBUG - objective:14093.1039
2016-02-01 18:59:32,454 - mnist_binary - DEBUG - objective:14093.1039
2016-02-01 18:59:43,594 - mnist_binary - DEBUG - objective:14093.1039
2016-02-01 18:59:54,945 - mnist_binary - DEBUG - objective:14093.1039
2016-02-01 19:00:06,276 - mnist_binary - DEBUG - objective:14093.1039
2016-02-01 19:00:17,554 - mnist_binary - INFO - Iteration 5 started.
2016-02-01 19:00:17,555 - mnist_binary - INFO - MoG params
2016-02-01 19:00:21,755 - mnist_binary - DEBUG - objective:14093.1039
2016-02-01 19:00:25,870 - mnist_binary - DEBUG - objective:14095.3231
2016-02-01 19:00:30,058 - mnist_binary - DEBUG - objective:14088.7397
2016-02-01 19:00:34,202 - mnist_binary - DEBUG - objective:14086.5786
2016-02-01 19:00:38,250 - mnist_binary - DEBUG - objective:14085.1555
2016-02-01 19:00:42,230 - mnist_binary - DEBUG - objective:14084.4256
2016-02-01 19:00:46,242 - mnist_binary - DEBUG - objective:14084.2114
2016-02-01 19:00:50,529 - mnist_binary - DEBUG - objective:14084.0528
2016-02-01 19:00:54,494 - mnist_binary - DEBUG - objective:14083.9897
2016-02-01 19:00:58,566 - mnist_binary - DEBUG - objective:14083.8992
2016-02-01 19:01:02,628 - mnist_binary - DEBUG - objective:14083.8334
2016-02-01 19:01:06,522 - mnist_binary - DEBUG - objective:14083.8034
2016-02-01 19:01:10,554 - mnist_binary - DEBUG - objective:14083.7926
2016-02-01 19:01:14,506 - mnist_binary - DEBUG - objective:14083.7895
2016-02-01 19:01:18,530 - mnist_binary - DEBUG - objective:14083.7855
2016-02-01 19:01:22,471 - mnist_binary - DEBUG - objective:14083.7840
2016-02-01 19:01:26,456 - mnist_binary - DEBUG - objective:14083.7819
2016-02-01 19:01:30,349 - mnist_binary - DEBUG - objective:14083.7812
2016-02-01 19:01:34,295 - mnist_binary - DEBUG - objective:14083.7798
2016-02-01 19:01:38,408 - mnist_binary - DEBUG - objective:14083.7787
2016-02-01 19:01:42,433 - mnist_binary - DEBUG - objective:14083.7773
2016-02-01 19:01:46,219 - mnist_binary - DEBUG - objective:14083.7769
2016-02-01 19:01:50,126 - mnist_binary - DEBUG - objective:14083.7768
2016-02-01 19:01:54,198 - mnist_binary - DEBUG - objective:14083.7767
2016-02-01 19:01:58,250 - mnist_binary - DEBUG - objective:14083.7768
2016-02-01 19:02:02,115 - mnist_binary - DEBUG - objective:14083.7767
2016-02-01 19:02:06,133 - mnist_binary - DEBUG - objective:14083.7767
2016-02-01 19:02:09,238 - mnist_binary - DEBUG - objective:14083.7767
2016-02-01 19:02:11,944 - mnist_binary - DEBUG - objective:14083.7767
2016-02-01 19:02:14,579 - mnist_binary - DEBUG - objective:14083.7767
2016-02-01 19:02:17,442 - mnist_binary - DEBUG - objective:14083.7767
2016-02-01 19:02:19,998 - mnist_binary - DEBUG - objective:14083.7767
2016-02-01 19:02:22,529 - mnist_binary - DEBUG - objective:14083.7767
2016-02-01 19:02:25,138 - mnist_binary - DEBUG - objective:14083.7767
2016-02-01 19:02:27,733 - mnist_binary - DEBUG - objective:14083.7767
2016-02-01 19:02:30,097 - mnist_binary - DEBUG - objective:14083.7767
2016-02-01 19:02:32,579 - mnist_binary - DEBUG - objective:14083.7767
2016-02-01 19:02:35,008 - mnist_binary - DEBUG - objective:14083.7767
2016-02-01 19:02:35,009 - mnist_binary - INFO - Saving model...
2016-02-01 19:02:35,122 - mnist_binary - INFO - Model saved.
2016-02-01 19:02:35,122 - mnist_binary - DEBUG - ftol: 20.8554988521
2016-02-01 19:02:35,122 - mnist_binary - INFO - diff:m:0.161068866419 s:0.00132313938738
2016-02-01 19:02:35,123 - mnist_binary - INFO - hyp params
2016-02-01 19:02:42,008 - mnist_binary - DEBUG - objective:14083.7767
2016-02-01 19:02:49,139 - mnist_binary - DEBUG - objective:43280.1268
2016-02-01 19:02:56,255 - mnist_binary - DEBUG - objective:14079.4089
2016-02-01 19:03:03,021 - mnist_binary - DEBUG - objective:14077.3250
2016-02-01 19:03:09,721 - mnist_binary - DEBUG - objective:14077.3092
2016-02-01 19:03:16,573 - mnist_binary - DEBUG - objective:14077.2591
2016-02-01 19:03:23,255 - mnist_binary - DEBUG - objective:14077.1534
2016-02-01 19:03:30,028 - mnist_binary - DEBUG - objective:14077.1287
2016-02-01 19:03:36,910 - mnist_binary - DEBUG - objective:14077.1305
2016-02-01 19:03:43,670 - mnist_binary - DEBUG - objective:14077.1288
2016-02-01 19:03:50,394 - mnist_binary - DEBUG - objective:14077.1287
2016-02-01 19:03:57,366 - mnist_binary - DEBUG - objective:14077.1287
2016-02-01 19:04:04,217 - mnist_binary - DEBUG - objective:14077.1287
2016-02-01 19:04:10,988 - mnist_binary - DEBUG - objective:14077.1287
2016-02-01 19:04:17,954 - mnist_binary - DEBUG - objective:14077.1287
2016-02-01 19:04:24,720 - mnist_binary - DEBUG - objective:14077.1287
2016-02-01 19:04:31,529 - mnist_binary - INFO - Iteration 6 started.
2016-02-01 19:04:31,529 - mnist_binary - INFO - MoG params
2016-02-01 19:04:33,951 - mnist_binary - DEBUG - objective:14077.1287
2016-02-01 19:04:36,527 - mnist_binary - DEBUG - objective:14083.0384
2016-02-01 19:04:39,015 - mnist_binary - DEBUG - objective:14074.5926
2016-02-01 19:04:41,527 - mnist_binary - DEBUG - objective:14073.3314
2016-02-01 19:04:43,951 - mnist_binary - DEBUG - objective:14072.5149
2016-02-01 19:04:46,382 - mnist_binary - DEBUG - objective:14072.0848
2016-02-01 19:04:48,798 - mnist_binary - DEBUG - objective:14071.9678
2016-02-01 19:04:51,327 - mnist_binary - DEBUG - objective:14071.8745
2016-02-01 19:04:53,756 - mnist_binary - DEBUG - objective:14071.8401
2016-02-01 19:04:56,335 - mnist_binary - DEBUG - objective:14071.7890
2016-02-01 19:04:58,854 - mnist_binary - DEBUG - objective:14071.7567
2016-02-01 19:05:01,256 - mnist_binary - DEBUG - objective:14071.7331
2016-02-01 19:05:03,710 - mnist_binary - DEBUG - objective:14071.7294
2016-02-01 19:05:06,260 - mnist_binary - DEBUG - objective:14071.7264
2016-02-01 19:05:08,759 - mnist_binary - DEBUG - objective:14071.7251
2016-02-01 19:05:11,251 - mnist_binary - DEBUG - objective:14071.7242
2016-02-01 19:05:13,738 - mnist_binary - DEBUG - objective:14071.7236
2016-02-01 19:05:16,363 - mnist_binary - DEBUG - objective:14071.7233
2016-02-01 19:05:18,680 - mnist_binary - DEBUG - objective:14071.7224
2016-02-01 19:05:21,187 - mnist_binary - DEBUG - objective:14071.7221
2016-02-01 19:05:23,621 - mnist_binary - DEBUG - objective:14071.7219
2016-02-01 19:05:26,070 - mnist_binary - DEBUG - objective:14071.7212
2016-02-01 19:05:28,571 - mnist_binary - DEBUG - objective:14071.7209
2016-02-01 19:05:31,099 - mnist_binary - DEBUG - objective:14071.7209
2016-02-01 19:05:33,537 - mnist_binary - DEBUG - objective:14071.7211
2016-02-01 19:05:36,068 - mnist_binary - DEBUG - objective:14071.7209
2016-02-01 19:05:38,502 - mnist_binary - DEBUG - objective:14071.7209
2016-02-01 19:05:40,922 - mnist_binary - DEBUG - objective:14071.7209
2016-02-01 19:05:43,357 - mnist_binary - DEBUG - objective:14071.7209
2016-02-01 19:05:45,922 - mnist_binary - DEBUG - objective:14071.7209
2016-02-01 19:05:48,442 - mnist_binary - DEBUG - objective:14071.7209
2016-02-01 19:05:51,020 - mnist_binary - DEBUG - objective:14071.7209
2016-02-01 19:05:53,460 - mnist_binary - DEBUG - objective:14071.7209
2016-02-01 19:05:55,882 - mnist_binary - DEBUG - objective:14071.7209
2016-02-01 19:05:58,352 - mnist_binary - DEBUG - objective:14071.7209
2016-02-01 19:05:58,353 - mnist_binary - INFO - Saving model...
2016-02-01 19:05:58,474 - mnist_binary - INFO - Model saved.
2016-02-01 19:05:58,474 - mnist_binary - DEBUG - ftol: 12.0558214461
2016-02-01 19:05:58,474 - mnist_binary - INFO - diff:m:0.125263005357 s:0.000985269490964
2016-02-01 19:05:58,475 - mnist_binary - INFO - hyp params
2016-02-01 19:06:05,280 - mnist_binary - DEBUG - objective:14071.7209
2016-02-01 19:06:12,180 - mnist_binary - DEBUG - objective:43685.8990
2016-02-01 19:06:18,917 - mnist_binary - DEBUG - objective:14069.1707
2016-02-01 19:06:25,891 - mnist_binary - DEBUG - objective:14067.9812
2016-02-01 19:06:32,703 - mnist_binary - DEBUG - objective:14067.9716
2016-02-01 19:06:39,685 - mnist_binary - DEBUG - objective:14067.9385
2016-02-01 19:06:46,441 - mnist_binary - DEBUG - objective:14067.8595
2016-02-01 19:06:53,208 - mnist_binary - DEBUG - objective:14067.8602
2016-02-01 19:07:00,119 - mnist_binary - DEBUG - objective:14067.8582
2016-02-01 19:07:06,997 - mnist_binary - DEBUG - objective:14067.8605
2016-02-01 19:07:13,816 - mnist_binary - DEBUG - objective:14067.8581
2016-02-01 19:07:20,756 - mnist_binary - DEBUG - objective:14067.8605
2016-02-01 19:07:27,757 - mnist_binary - DEBUG - objective:14067.8582
2016-02-01 19:07:34,499 - mnist_binary - DEBUG - objective:14067.8581
2016-02-01 19:07:41,489 - mnist_binary - DEBUG - objective:14067.8581
2016-02-01 19:07:48,370 - mnist_binary - DEBUG - objective:14067.8581
2016-02-01 19:07:55,213 - mnist_binary - INFO - Iteration 7 started.
2016-02-01 19:07:55,213 - mnist_binary - INFO - MoG params
2016-02-01 19:07:57,873 - mnist_binary - DEBUG - objective:14067.8581
2016-02-01 19:08:00,607 - mnist_binary - DEBUG - objective:14076.3407
2016-02-01 19:08:03,047 - mnist_binary - DEBUG - objective:14066.3664
2016-02-01 19:08:05,626 - mnist_binary - DEBUG - objective:14065.6279
2016-02-01 19:08:08,299 - mnist_binary - DEBUG - objective:14065.1580
2016-02-01 19:08:10,724 - mnist_binary - DEBUG - objective:14064.9033
2016-02-01 19:08:13,187 - mnist_binary - DEBUG - objective:14064.8376
2016-02-01 19:08:15,671 - mnist_binary - DEBUG - objective:14064.7838
2016-02-01 19:08:18,105 - mnist_binary - DEBUG - objective:14064.7647
2016-02-01 19:08:20,713 - mnist_binary - DEBUG - objective:14064.7361
2016-02-01 19:08:23,251 - mnist_binary - DEBUG - objective:14064.7163
2016-02-01 19:08:25,762 - mnist_binary - DEBUG - objective:14064.7027
2016-02-01 19:08:28,339 - mnist_binary - DEBUG - objective:14064.7006
2016-02-01 19:08:30,774 - mnist_binary - DEBUG - objective:14064.6989
2016-02-01 19:08:33,312 - mnist_binary - DEBUG - objective:14064.6985
2016-02-01 19:08:35,784 - mnist_binary - DEBUG - objective:14064.6982
2016-02-01 19:08:38,331 - mnist_binary - DEBUG - objective:14064.6978
2016-02-01 19:08:40,710 - mnist_binary - DEBUG - objective:14064.6977
2016-02-01 19:08:43,116 - mnist_binary - DEBUG - objective:14064.6973
2016-02-01 19:08:45,724 - mnist_binary - DEBUG - objective:14064.6970
2016-02-01 19:08:48,371 - mnist_binary - DEBUG - objective:14064.6969
2016-02-01 19:08:50,776 - mnist_binary - DEBUG - objective:14064.6965
2016-02-01 19:08:53,209 - mnist_binary - DEBUG - objective:14064.6963
2016-02-01 19:08:55,653 - mnist_binary - DEBUG - objective:14064.6963
2016-02-01 19:08:58,156 - mnist_binary - DEBUG - objective:14064.6964
2016-02-01 19:09:00,751 - mnist_binary - DEBUG - objective:14064.6963
2016-02-01 19:09:03,241 - mnist_binary - DEBUG - objective:14064.6963
2016-02-01 19:09:05,674 - mnist_binary - DEBUG - objective:14064.6963
2016-02-01 19:09:08,217 - mnist_binary - DEBUG - objective:14064.6963
2016-02-01 19:09:10,605 - mnist_binary - DEBUG - objective:14064.6963
2016-02-01 19:09:13,169 - mnist_binary - DEBUG - objective:14064.6963
2016-02-01 19:09:15,678 - mnist_binary - DEBUG - objective:14064.6963
2016-02-01 19:09:18,194 - mnist_binary - DEBUG - objective:14064.6963
2016-02-01 19:09:20,606 - mnist_binary - DEBUG - objective:14064.6963
2016-02-01 19:09:23,172 - mnist_binary - DEBUG - objective:14064.6963
2016-02-01 19:09:25,627 - mnist_binary - DEBUG - objective:14064.6963
2016-02-01 19:09:28,475 - mnist_binary - DEBUG - objective:14064.6963
2016-02-01 19:09:31,014 - mnist_binary - INFO - Saving model...
2016-02-01 19:09:31,141 - mnist_binary - INFO - Model saved.
2016-02-01 19:09:31,141 - mnist_binary - DEBUG - ftol: 7.0245879004
2016-02-01 19:09:31,141 - mnist_binary - INFO - diff:m:0.0970218025435 s:0.000750045157881
2016-02-01 19:09:31,141 - mnist_binary - INFO - best obj found: 14064.6963179
2016-02-01 19:09:31,142 - mnist_binary - DEBUG - prediction started...
2016-02-01 19:09:47,918 - mnist_binary - DEBUG - prediction finished
