2016-01-31 09:42:55,224 - abalone - INFO - experiment started for:{'run_id': 9, 'max_iter': 200, 'optimization_config': {'hyp': 25, 'll': 25, 'mog': 25}, 'xtol': 0.001, 'git_hash': 'a89f7e60526a847e4cefa30be774ad3ee7bf41f8', 'model_init': None, 'ftol': 1e-05, 'latent_noise:': 0.001, 'sparsity_factor': 0.5, 'll': 'WarpLL', 'sample_num': 2000, 'experiment': 'abalone', 'git_branch': 'master', 'random_Z': True, 'method': u'full'}
2016-01-31 09:42:57,251 - abalone - INFO - Iteration 0 started.
2016-01-31 09:42:57,253 - abalone - INFO - MoG params
2016-01-31 09:42:58,920 - abalone - DEBUG - objective:8329.1545
2016-01-31 09:43:00,561 - abalone - DEBUG - objective:6497.9458
2016-01-31 09:43:02,050 - abalone - DEBUG - objective:5154.8397
2016-01-31 09:43:03,373 - abalone - DEBUG - objective:4799.6111
2016-01-31 09:43:04,877 - abalone - DEBUG - objective:2403.5143
2016-01-31 09:43:05,992 - abalone - DEBUG - objective:457.9929
2016-01-31 09:43:07,522 - abalone - DEBUG - objective:4908.2341
2016-01-31 09:43:08,691 - abalone - DEBUG - objective:30.1671
2016-01-31 09:43:09,928 - abalone - DEBUG - objective:-885.5186
2016-01-31 09:43:11,121 - abalone - DEBUG - objective:-1019.7520
2016-01-31 09:43:12,258 - abalone - DEBUG - objective:-1052.4199
2016-01-31 09:43:13,392 - abalone - DEBUG - objective:-1080.5177
2016-01-31 09:43:14,438 - abalone - DEBUG - objective:-1098.8069
2016-01-31 09:43:16,029 - abalone - DEBUG - objective:-1134.8195
2016-01-31 09:43:17,092 - abalone - DEBUG - objective:-1139.9899
2016-01-31 09:43:18,649 - abalone - DEBUG - objective:-1146.5968
2016-01-31 09:43:19,793 - abalone - DEBUG - objective:-1151.7937
2016-01-31 09:43:20,993 - abalone - DEBUG - objective:-1156.2239
2016-01-31 09:43:22,350 - abalone - DEBUG - objective:-1157.9922
2016-01-31 09:43:23,636 - abalone - DEBUG - objective:-1159.9588
2016-01-31 09:43:25,229 - abalone - DEBUG - objective:-1161.7078
2016-01-31 09:43:26,705 - abalone - DEBUG - objective:-1163.4291
2016-01-31 09:43:28,201 - abalone - DEBUG - objective:-1164.6786
2016-01-31 09:43:29,550 - abalone - DEBUG - objective:-1165.6251
2016-01-31 09:43:30,862 - abalone - DEBUG - objective:-1166.4854
2016-01-31 09:43:32,136 - abalone - DEBUG - objective:-1167.6985
2016-01-31 09:43:32,354 - abalone - INFO - Saving model...
2016-01-31 09:43:32,769 - abalone - INFO - Model saved.
2016-01-31 09:43:32,776 - abalone - INFO - ll params
2016-01-31 09:43:34,006 - abalone - DEBUG - objective:-1167.6985
2016-01-31 09:43:35,103 - abalone - DEBUG - objective:-1301.1318
2016-01-31 09:43:36,127 - abalone - DEBUG - objective:-1319.8675
2016-01-31 09:43:37,202 - abalone - DEBUG - objective:-1322.1010
2016-01-31 09:43:38,240 - abalone - DEBUG - objective:-1322.1642
2016-01-31 09:43:39,160 - abalone - DEBUG - objective:-1322.1643
2016-01-31 09:43:40,337 - abalone - DEBUG - objective:-1322.1643
2016-01-31 09:43:40,339 - abalone - INFO - hyp params
2016-01-31 09:43:44,354 - abalone - DEBUG - objective:-1322.1643
2016-01-31 09:43:48,722 - abalone - DEBUG - objective:-1213.2188
2016-01-31 09:43:52,966 - abalone - DEBUG - objective:-1329.4460
2016-01-31 09:43:56,429 - abalone - DEBUG - objective:-1331.8780
2016-01-31 09:43:59,633 - abalone - DEBUG - objective:-1335.7937
2016-01-31 09:44:03,106 - abalone - DEBUG - objective:-1339.2870
2016-01-31 09:44:06,826 - abalone - DEBUG - objective:-1349.0165
2016-01-31 09:44:10,095 - abalone - DEBUG - objective:-1350.0713
2016-01-31 09:44:13,616 - abalone - DEBUG - objective:-1350.2248
2016-01-31 09:44:17,232 - abalone - DEBUG - objective:-1350.2284
2016-01-31 09:44:20,800 - abalone - DEBUG - objective:-1350.2284
2016-01-31 09:44:24,756 - abalone - DEBUG - objective:-1350.2284
2016-01-31 09:44:28,704 - abalone - DEBUG - objective:-1350.2284
2016-01-31 09:44:28,708 - abalone - INFO - Iteration 1 started.
2016-01-31 09:44:28,712 - abalone - INFO - MoG params
2016-01-31 09:44:30,662 - abalone - DEBUG - objective:-1350.2284
2016-01-31 09:44:32,033 - abalone - DEBUG - objective:-1181.5136
2016-01-31 09:44:33,576 - abalone - DEBUG - objective:-1353.1414
2016-01-31 09:44:35,016 - abalone - DEBUG - objective:-1354.4503
2016-01-31 09:44:36,366 - abalone - DEBUG - objective:-1355.7918
2016-01-31 09:44:37,748 - abalone - DEBUG - objective:-1356.4303
2016-01-31 09:44:39,232 - abalone - DEBUG - objective:-1356.9368
2016-01-31 09:44:40,616 - abalone - DEBUG - objective:-1357.2283
2016-01-31 09:44:41,958 - abalone - DEBUG - objective:-1357.5274
2016-01-31 09:44:43,735 - abalone - DEBUG - objective:-1357.6912
2016-01-31 09:44:45,041 - abalone - DEBUG - objective:-1357.9321
2016-01-31 09:44:46,520 - abalone - DEBUG - objective:-1358.0261
2016-01-31 09:44:48,179 - abalone - DEBUG - objective:-1358.1287
2016-01-31 09:44:49,849 - abalone - DEBUG - objective:-1358.2544
2016-01-31 09:44:51,746 - abalone - DEBUG - objective:-1358.3510
2016-01-31 09:44:53,345 - abalone - DEBUG - objective:-1358.4058
2016-01-31 09:44:54,726 - abalone - DEBUG - objective:-1358.4714
2016-01-31 09:44:56,294 - abalone - DEBUG - objective:-1358.5300
2016-01-31 09:44:58,017 - abalone - DEBUG - objective:-1358.6056
2016-01-31 09:44:59,764 - abalone - DEBUG - objective:-1358.6698
2016-01-31 09:45:01,270 - abalone - DEBUG - objective:-1358.7297
2016-01-31 09:45:02,796 - abalone - DEBUG - objective:-1358.7813
2016-01-31 09:45:04,362 - abalone - DEBUG - objective:-1358.8536
2016-01-31 09:45:05,899 - abalone - DEBUG - objective:-1358.9092
2016-01-31 09:45:07,402 - abalone - DEBUG - objective:-1358.9588
2016-01-31 09:45:09,108 - abalone - DEBUG - objective:-1359.0308
2016-01-31 09:45:09,425 - abalone - INFO - Saving model...
2016-01-31 09:45:09,812 - abalone - INFO - Model saved.
2016-01-31 09:45:09,817 - abalone - DEBUG - ftol: 191.332344531
2016-01-31 09:45:09,820 - abalone - INFO - diff:m:0.0160176243519 s:0.000583597818571
2016-01-31 09:45:09,823 - abalone - INFO - ll params
2016-01-31 09:45:11,129 - abalone - DEBUG - objective:-1359.0308
2016-01-31 09:45:12,197 - abalone - DEBUG - objective:-1002.5426
2016-01-31 09:45:13,089 - abalone - DEBUG - objective:-1359.0332
2016-01-31 09:45:14,073 - abalone - DEBUG - objective:-1359.0332
2016-01-31 09:45:15,038 - abalone - DEBUG - objective:-1359.0332
2016-01-31 09:45:15,041 - abalone - INFO - hyp params
2016-01-31 09:45:19,144 - abalone - DEBUG - objective:-1359.0332
2016-01-31 09:45:23,283 - abalone - DEBUG - objective:-1188.6090
2016-01-31 09:45:27,246 - abalone - DEBUG - objective:-1359.2200
2016-01-31 09:45:31,274 - abalone - DEBUG - objective:-1359.3621
2016-01-31 09:45:35,448 - abalone - DEBUG - objective:-1359.4664
2016-01-31 09:45:39,071 - abalone - DEBUG - objective:-1359.7993
2016-01-31 09:45:43,033 - abalone - DEBUG - objective:-1360.2636
2016-01-31 09:45:47,119 - abalone - DEBUG - objective:-1360.7554
2016-01-31 09:45:51,166 - abalone - DEBUG - objective:-1360.8728
2016-01-31 09:45:54,946 - abalone - DEBUG - objective:-1360.8763
2016-01-31 09:45:58,951 - abalone - DEBUG - objective:-1360.8763
2016-01-31 09:46:02,525 - abalone - DEBUG - objective:-1360.8763
2016-01-31 09:46:06,330 - abalone - DEBUG - objective:-1360.8763
2016-01-31 09:46:09,666 - abalone - DEBUG - objective:-1360.8763
2016-01-31 09:46:13,474 - abalone - DEBUG - objective:-1360.8763
2016-01-31 09:46:17,297 - abalone - DEBUG - objective:-1360.8763
2016-01-31 09:46:20,943 - abalone - DEBUG - objective:-1360.8763
2016-01-31 09:46:24,953 - abalone - DEBUG - objective:-1360.8763
2016-01-31 09:46:28,892 - abalone - DEBUG - objective:-1360.8763
2016-01-31 09:46:32,535 - abalone - DEBUG - objective:-1360.8763
2016-01-31 09:46:36,174 - abalone - DEBUG - objective:-1360.8763
2016-01-31 09:46:40,195 - abalone - DEBUG - objective:-1360.8763
2016-01-31 09:46:44,427 - abalone - DEBUG - objective:-1360.8763
2016-01-31 09:46:48,489 - abalone - DEBUG - objective:-1360.8763
2016-01-31 09:46:52,359 - abalone - DEBUG - objective:-1360.8763
2016-01-31 09:46:56,385 - abalone - DEBUG - objective:-1360.8763
2016-01-31 09:47:00,230 - abalone - INFO - Iteration 2 started.
2016-01-31 09:47:00,232 - abalone - INFO - MoG params
2016-01-31 09:47:01,914 - abalone - DEBUG - objective:-1360.8763
2016-01-31 09:47:03,283 - abalone - DEBUG - objective:-1135.8013
2016-01-31 09:47:04,539 - abalone - DEBUG - objective:-1361.2241
2016-01-31 09:47:05,956 - abalone - DEBUG - objective:-1361.3572
2016-01-31 09:47:07,420 - abalone - DEBUG - objective:-1361.5102
2016-01-31 09:47:08,793 - abalone - DEBUG - objective:-1361.6286
2016-01-31 09:47:10,357 - abalone - DEBUG - objective:-1361.7362
2016-01-31 09:47:11,793 - abalone - DEBUG - objective:-1361.8062
2016-01-31 09:47:13,299 - abalone - DEBUG - objective:-1361.8710
2016-01-31 09:47:14,949 - abalone - DEBUG - objective:-1361.9160
2016-01-31 09:47:16,525 - abalone - DEBUG - objective:-1361.9574
2016-01-31 09:47:17,880 - abalone - DEBUG - objective:-1361.9869
2016-01-31 09:47:19,339 - abalone - DEBUG - objective:-1362.0131
2016-01-31 09:47:20,614 - abalone - DEBUG - objective:-1362.0341
2016-01-31 09:47:22,269 - abalone - DEBUG - objective:-1362.0509
2016-01-31 09:47:23,699 - abalone - DEBUG - objective:-1362.0664
2016-01-31 09:47:25,122 - abalone - DEBUG - objective:-1362.0852
2016-01-31 09:47:26,741 - abalone - DEBUG - objective:-1362.1014
2016-01-31 09:47:28,331 - abalone - DEBUG - objective:-1362.1313
2016-01-31 09:47:29,720 - abalone - DEBUG - objective:-1362.1439
2016-01-31 09:47:31,421 - abalone - DEBUG - objective:-1362.1597
2016-01-31 09:47:32,765 - abalone - DEBUG - objective:-1362.1808
2016-01-31 09:47:34,422 - abalone - DEBUG - objective:-1362.1951
2016-01-31 09:47:35,843 - abalone - DEBUG - objective:-1362.2202
2016-01-31 09:47:37,387 - abalone - DEBUG - objective:-1362.2330
2016-01-31 09:47:38,770 - abalone - DEBUG - objective:-1362.2471
2016-01-31 09:47:39,157 - abalone - INFO - Saving model...
2016-01-31 09:47:39,665 - abalone - INFO - Model saved.
2016-01-31 09:47:39,688 - abalone - DEBUG - ftol: 3.21625092156
2016-01-31 09:47:39,695 - abalone - INFO - diff:m:0.00866942717874 s:0.000196782522599
2016-01-31 09:47:39,697 - abalone - INFO - ll params
2016-01-31 09:47:40,863 - abalone - DEBUG - objective:-1362.2471
2016-01-31 09:47:41,879 - abalone - DEBUG - objective:-1008.0643
2016-01-31 09:47:43,135 - abalone - DEBUG - objective:-1362.2554
2016-01-31 09:47:44,040 - abalone - DEBUG - objective:-1362.2554
2016-01-31 09:47:45,107 - abalone - DEBUG - objective:-1362.2554
2016-01-31 09:47:45,109 - abalone - INFO - hyp params
2016-01-31 09:47:48,910 - abalone - DEBUG - objective:-1362.2554
2016-01-31 09:47:53,083 - abalone - DEBUG - objective:-1170.4950
2016-01-31 09:47:57,573 - abalone - DEBUG - objective:-1362.3192
2016-01-31 09:48:01,713 - abalone - DEBUG - objective:-1362.3684
2016-01-31 09:48:05,874 - abalone - DEBUG - objective:-1362.3861
2016-01-31 09:48:09,904 - abalone - DEBUG - objective:-1362.4869
2016-01-31 09:48:14,206 - abalone - DEBUG - objective:-1362.6132
2016-01-31 09:48:18,451 - abalone - DEBUG - objective:-1362.7594
2016-01-31 09:48:22,902 - abalone - DEBUG - objective:-1362.8044
2016-01-31 09:48:27,115 - abalone - DEBUG - objective:-1362.8063
2016-01-31 09:48:31,261 - abalone - DEBUG - objective:-1362.8064
2016-01-31 09:48:35,679 - abalone - DEBUG - objective:-1362.8064
2016-01-31 09:48:40,163 - abalone - DEBUG - objective:-1362.8064
2016-01-31 09:48:44,565 - abalone - DEBUG - objective:-1362.8064
2016-01-31 09:48:49,006 - abalone - DEBUG - objective:-1362.8064
2016-01-31 09:48:53,433 - abalone - DEBUG - objective:-1362.8064
2016-01-31 09:48:57,489 - abalone - DEBUG - objective:-1362.8064
2016-01-31 09:49:01,549 - abalone - DEBUG - objective:-1362.8064
2016-01-31 09:49:05,951 - abalone - DEBUG - objective:-1362.8064
2016-01-31 09:49:10,459 - abalone - DEBUG - objective:-1362.8064
2016-01-31 09:49:15,045 - abalone - DEBUG - objective:-1362.8064
2016-01-31 09:49:19,353 - abalone - DEBUG - objective:-1362.8064
2016-01-31 09:49:23,548 - abalone - DEBUG - objective:-1362.8064
2016-01-31 09:49:27,597 - abalone - DEBUG - objective:-1362.8064
2016-01-31 09:49:31,575 - abalone - DEBUG - objective:-1362.8064
2016-01-31 09:49:35,314 - abalone - DEBUG - objective:-1362.8064
2016-01-31 09:49:39,467 - abalone - INFO - Iteration 3 started.
2016-01-31 09:49:39,469 - abalone - INFO - MoG params
2016-01-31 09:49:40,915 - abalone - DEBUG - objective:-1362.8064
2016-01-31 09:49:42,481 - abalone - DEBUG - objective:-1120.1625
2016-01-31 09:49:43,938 - abalone - DEBUG - objective:-1362.9157
2016-01-31 09:49:45,349 - abalone - DEBUG - objective:-1362.9558
2016-01-31 09:49:46,849 - abalone - DEBUG - objective:-1362.9969
2016-01-31 09:49:48,388 - abalone - DEBUG - objective:-1363.0334
2016-01-31 09:49:49,806 - abalone - DEBUG - objective:-1363.0685
2016-01-31 09:49:51,326 - abalone - DEBUG - objective:-1363.0902
2016-01-31 09:49:52,958 - abalone - DEBUG - objective:-1363.1059
2016-01-31 09:49:54,344 - abalone - DEBUG - objective:-1363.1204
2016-01-31 09:49:55,964 - abalone - DEBUG - objective:-1363.1331
2016-01-31 09:49:57,407 - abalone - DEBUG - objective:-1363.1400
2016-01-31 09:49:58,858 - abalone - DEBUG - objective:-1363.1451
2016-01-31 09:50:00,398 - abalone - DEBUG - objective:-1363.1509
2016-01-31 09:50:01,873 - abalone - DEBUG - objective:-1363.1583
2016-01-31 09:50:03,368 - abalone - DEBUG - objective:-1363.1645
2016-01-31 09:50:04,970 - abalone - DEBUG - objective:-1363.1703
2016-01-31 09:50:06,546 - abalone - DEBUG - objective:-1363.1770
2016-01-31 09:50:08,002 - abalone - DEBUG - objective:-1363.1814
2016-01-31 09:50:09,430 - abalone - DEBUG - objective:-1363.1884
2016-01-31 09:50:10,672 - abalone - DEBUG - objective:-1363.1915
2016-01-31 09:50:11,846 - abalone - DEBUG - objective:-1363.1954
2016-01-31 09:50:13,388 - abalone - DEBUG - objective:-1363.2005
2016-01-31 09:50:14,910 - abalone - DEBUG - objective:-1363.2053
2016-01-31 09:50:16,105 - abalone - DEBUG - objective:-1363.2090
2016-01-31 09:50:17,759 - abalone - DEBUG - objective:-1363.2131
2016-01-31 09:50:18,012 - abalone - INFO - Saving model...
2016-01-31 09:50:18,558 - abalone - INFO - Model saved.
2016-01-31 09:50:18,581 - abalone - DEBUG - ftol: 0.966058520283
2016-01-31 09:50:18,582 - abalone - INFO - diff:m:0.00436267769089 s:0.000103338690064
2016-01-31 09:50:18,596 - abalone - INFO - ll params
2016-01-31 09:50:19,686 - abalone - DEBUG - objective:-1363.2131
2016-01-31 09:50:20,677 - abalone - DEBUG - objective:-1005.9797
2016-01-31 09:50:21,640 - abalone - DEBUG - objective:-1363.2143
2016-01-31 09:50:22,542 - abalone - DEBUG - objective:-1363.2144
2016-01-31 09:50:23,523 - abalone - DEBUG - objective:-1363.2144
2016-01-31 09:50:23,525 - abalone - INFO - hyp params
2016-01-31 09:50:27,550 - abalone - DEBUG - objective:-1363.2144
2016-01-31 09:50:31,759 - abalone - DEBUG - objective:-1159.5135
2016-01-31 09:50:35,955 - abalone - DEBUG - objective:-1363.2388
2016-01-31 09:50:40,153 - abalone - DEBUG - objective:-1363.2583
2016-01-31 09:50:44,561 - abalone - DEBUG - objective:-1363.2624
2016-01-31 09:50:48,706 - abalone - DEBUG - objective:-1363.2986
2016-01-31 09:50:52,687 - abalone - DEBUG - objective:-1363.3381
2016-01-31 09:50:56,494 - abalone - DEBUG - objective:-1363.3799
2016-01-31 09:51:00,926 - abalone - DEBUG - objective:-1363.3900
2016-01-31 09:51:05,232 - abalone - DEBUG - objective:-1363.3905
2016-01-31 09:51:09,628 - abalone - DEBUG - objective:-1363.3906
2016-01-31 09:51:13,937 - abalone - DEBUG - objective:-1363.3906
2016-01-31 09:51:18,144 - abalone - DEBUG - objective:-1363.3906
2016-01-31 09:51:22,609 - abalone - DEBUG - objective:-1363.3906
2016-01-31 09:51:26,782 - abalone - DEBUG - objective:-1363.3906
2016-01-31 09:51:30,923 - abalone - DEBUG - objective:-1363.3906
2016-01-31 09:51:35,421 - abalone - DEBUG - objective:-1363.3906
2016-01-31 09:51:39,754 - abalone - DEBUG - objective:-1363.3906
2016-01-31 09:51:44,042 - abalone - DEBUG - objective:-1363.3906
2016-01-31 09:51:48,240 - abalone - DEBUG - objective:-1363.3906
2016-01-31 09:51:52,375 - abalone - DEBUG - objective:-1363.3906
2016-01-31 09:51:56,456 - abalone - DEBUG - objective:-1363.3906
2016-01-31 09:52:00,638 - abalone - DEBUG - objective:-1363.3906
2016-01-31 09:52:05,391 - abalone - DEBUG - objective:-1363.3906
2016-01-31 09:52:09,403 - abalone - DEBUG - objective:-1363.3906
2016-01-31 09:52:13,451 - abalone - DEBUG - objective:-1363.3906
2016-01-31 09:52:17,691 - abalone - INFO - Iteration 4 started.
2016-01-31 09:52:17,693 - abalone - INFO - MoG params
2016-01-31 09:52:19,366 - abalone - DEBUG - objective:-1363.3906
2016-01-31 09:52:20,933 - abalone - DEBUG - objective:-1124.6031
2016-01-31 09:52:22,252 - abalone - DEBUG - objective:-1363.4234
2016-01-31 09:52:23,749 - abalone - DEBUG - objective:-1363.4354
2016-01-31 09:52:25,286 - abalone - DEBUG - objective:-1363.4475
2016-01-31 09:52:26,704 - abalone - DEBUG - objective:-1363.4583
2016-01-31 09:52:28,078 - abalone - DEBUG - objective:-1363.4692
2016-01-31 09:52:29,725 - abalone - DEBUG - objective:-1363.4758
2016-01-31 09:52:31,240 - abalone - DEBUG - objective:-1363.4803
2016-01-31 09:52:32,774 - abalone - DEBUG - objective:-1363.4849
2016-01-31 09:52:34,595 - abalone - DEBUG - objective:-1363.4893
2016-01-31 09:52:36,018 - abalone - DEBUG - objective:-1363.4915
2016-01-31 09:52:37,744 - abalone - DEBUG - objective:-1363.4928
2016-01-31 09:52:39,352 - abalone - DEBUG - objective:-1363.4946
2016-01-31 09:52:40,833 - abalone - DEBUG - objective:-1363.4966
2016-01-31 09:52:42,524 - abalone - DEBUG - objective:-1363.4986
2016-01-31 09:52:44,040 - abalone - DEBUG - objective:-1363.4998
2016-01-31 09:52:45,410 - abalone - DEBUG - objective:-1363.5014
2016-01-31 09:52:46,869 - abalone - DEBUG - objective:-1363.5035
2016-01-31 09:52:48,690 - abalone - DEBUG - objective:-1363.5055
2016-01-31 09:52:50,212 - abalone - DEBUG - objective:-1363.5066
2016-01-31 09:52:51,779 - abalone - DEBUG - objective:-1363.5075
2016-01-31 09:52:53,168 - abalone - DEBUG - objective:-1363.5082
2016-01-31 09:52:54,616 - abalone - DEBUG - objective:-1363.5092
2016-01-31 09:52:56,165 - abalone - DEBUG - objective:-1363.5098
2016-01-31 09:52:57,539 - abalone - DEBUG - objective:-1363.5106
2016-01-31 09:52:57,754 - abalone - INFO - Saving model...
2016-01-31 09:52:58,243 - abalone - INFO - Model saved.
2016-01-31 09:52:58,252 - abalone - DEBUG - ftol: 0.297453313465
2016-01-31 09:52:58,261 - abalone - INFO - diff:m:0.00229809028527 s:5.55293628137e-05
2016-01-31 09:52:58,263 - abalone - INFO - ll params
2016-01-31 09:52:59,599 - abalone - DEBUG - objective:-1363.5106
2016-01-31 09:53:00,651 - abalone - DEBUG - objective:-1005.4709
2016-01-31 09:53:01,718 - abalone - DEBUG - objective:-1363.5110
2016-01-31 09:53:02,783 - abalone - DEBUG - objective:-1363.5110
2016-01-31 09:53:03,674 - abalone - DEBUG - objective:-1363.5110
2016-01-31 09:53:03,677 - abalone - INFO - hyp params
2016-01-31 09:53:07,845 - abalone - DEBUG - objective:-1363.5110
2016-01-31 09:53:12,081 - abalone - DEBUG - objective:-1151.9675
2016-01-31 09:53:15,981 - abalone - DEBUG - objective:-1363.5208
2016-01-31 09:53:20,247 - abalone - DEBUG - objective:-1363.5289
2016-01-31 09:53:24,621 - abalone - DEBUG - objective:-1363.5299
2016-01-31 09:53:29,121 - abalone - DEBUG - objective:-1363.5328
2016-01-31 09:53:33,254 - abalone - DEBUG - objective:-1363.5427
2016-01-31 09:53:37,608 - abalone - DEBUG - objective:-1363.5586
2016-01-31 09:53:41,739 - abalone - DEBUG - objective:-1363.5647
2016-01-31 09:53:46,217 - abalone - DEBUG - objective:-1363.5647
2016-01-31 09:53:50,314 - abalone - DEBUG - objective:-1363.5647
2016-01-31 09:53:54,187 - abalone - DEBUG - objective:-1363.5647
2016-01-31 09:53:58,252 - abalone - DEBUG - objective:-1363.5647
2016-01-31 09:54:02,268 - abalone - DEBUG - objective:-1363.5647
2016-01-31 09:54:06,034 - abalone - DEBUG - objective:-1363.5647
2016-01-31 09:54:09,382 - abalone - DEBUG - objective:-1363.5647
2016-01-31 09:54:12,642 - abalone - DEBUG - objective:-1363.5647
2016-01-31 09:54:16,137 - abalone - DEBUG - objective:-1363.5647
2016-01-31 09:54:20,385 - abalone - DEBUG - objective:-1363.5647
2016-01-31 09:54:24,241 - abalone - DEBUG - objective:-1363.5647
2016-01-31 09:54:28,732 - abalone - DEBUG - objective:-1363.5647
2016-01-31 09:54:33,123 - abalone - DEBUG - objective:-1363.5647
2016-01-31 09:54:37,382 - abalone - DEBUG - objective:-1363.5647
2016-01-31 09:54:41,775 - abalone - DEBUG - objective:-1363.5647
2016-01-31 09:54:46,123 - abalone - DEBUG - objective:-1363.5647
2016-01-31 09:54:50,351 - abalone - DEBUG - objective:-1363.5647
2016-01-31 09:54:54,406 - abalone - INFO - Iteration 5 started.
2016-01-31 09:54:54,412 - abalone - INFO - MoG params
2016-01-31 09:54:56,053 - abalone - DEBUG - objective:-1363.5647
2016-01-31 09:54:57,460 - abalone - DEBUG - objective:-1132.1485
2016-01-31 09:54:58,818 - abalone - DEBUG - objective:-1363.5739
2016-01-31 09:55:00,166 - abalone - DEBUG - objective:-1363.5776
2016-01-31 09:55:01,496 - abalone - DEBUG - objective:-1363.5815
2016-01-31 09:55:02,880 - abalone - DEBUG - objective:-1363.5852
2016-01-31 09:55:04,207 - abalone - DEBUG - objective:-1363.5888
2016-01-31 09:55:05,784 - abalone - DEBUG - objective:-1363.5909
2016-01-31 09:55:07,487 - abalone - DEBUG - objective:-1363.5925
2016-01-31 09:55:08,970 - abalone - DEBUG - objective:-1363.5943
2016-01-31 09:55:10,556 - abalone - DEBUG - objective:-1363.5962
2016-01-31 09:55:12,112 - abalone - DEBUG - objective:-1363.5969
2016-01-31 09:55:13,491 - abalone - DEBUG - objective:-1363.5972
2016-01-31 09:55:15,068 - abalone - DEBUG - objective:-1363.5978
2016-01-31 09:55:16,897 - abalone - DEBUG - objective:-1363.5987
2016-01-31 09:55:18,463 - abalone - DEBUG - objective:-1363.5996
2016-01-31 09:55:20,087 - abalone - DEBUG - objective:-1363.6002
2016-01-31 09:55:21,645 - abalone - DEBUG - objective:-1363.6008
2016-01-31 09:55:23,129 - abalone - DEBUG - objective:-1363.6014
2016-01-31 09:55:24,677 - abalone - DEBUG - objective:-1363.6019
2016-01-31 09:55:26,145 - abalone - DEBUG - objective:-1363.6022
2016-01-31 09:55:27,752 - abalone - DEBUG - objective:-1363.6024
2016-01-31 09:55:29,236 - abalone - DEBUG - objective:-1363.6025
2016-01-31 09:55:30,606 - abalone - DEBUG - objective:-1363.6027
2016-01-31 09:55:32,354 - abalone - DEBUG - objective:-1363.6030
2016-01-31 09:55:34,044 - abalone - DEBUG - objective:-1363.6031
2016-01-31 09:55:34,249 - abalone - INFO - Saving model...
2016-01-31 09:55:34,666 - abalone - INFO - Model saved.
2016-01-31 09:55:34,669 - abalone - DEBUG - ftol: 0.0925732137466
2016-01-31 09:55:34,675 - abalone - INFO - diff:m:0.00126264730162 s:3.03687190328e-05
2016-01-31 09:55:34,677 - abalone - INFO - best obj found: -1363.60314456
2016-01-31 09:55:34,683 - abalone - DEBUG - prediction started...
2016-01-31 09:55:48,281 - abalone - DEBUG - prediction finished
2016-01-31 09:55:49,037 - abalone - INFO - experiment started for:{'run_id': 5, 'max_iter': 200, 'optimization_config': {'hyp': 25, 'll': 25, 'mog': 25}, 'xtol': 0.001, 'git_hash': 'a89f7e60526a847e4cefa30be774ad3ee7bf41f8', 'model_init': None, 'ftol': 1e-05, 'latent_noise:': 0.001, 'sparsity_factor': 1.0, 'll': 'WarpLL', 'sample_num': 2000, 'experiment': 'abalone', 'git_branch': 'master', 'random_Z': True, 'method': u'full'}
2016-01-31 09:55:52,584 - abalone - INFO - Iteration 0 started.
2016-01-31 09:55:52,587 - abalone - INFO - MoG params
2016-01-31 09:55:55,815 - abalone - DEBUG - objective:10280.3671
2016-01-31 09:55:58,334 - abalone - DEBUG - objective:7649.1410
2016-01-31 09:56:01,066 - abalone - DEBUG - objective:5103.4959
2016-01-31 09:56:03,759 - abalone - DEBUG - objective:4949.6599
2016-01-31 09:56:06,639 - abalone - DEBUG - objective:4448.4704
2016-01-31 09:56:09,338 - abalone - DEBUG - objective:2552.6691
2016-01-31 09:56:12,380 - abalone - DEBUG - objective:-3.4529
2016-01-31 09:56:15,452 - abalone - DEBUG - objective:4201.3023
2016-01-31 09:56:18,157 - abalone - DEBUG - objective:-472.2669
2016-01-31 09:56:21,178 - abalone - DEBUG - objective:-1297.2976
2016-01-31 09:56:24,205 - abalone - DEBUG - objective:-1435.0412
2016-01-31 09:56:27,560 - abalone - DEBUG - objective:-1461.2172
2016-01-31 09:56:30,340 - abalone - DEBUG - objective:-1496.9950
2016-01-31 09:56:33,545 - abalone - DEBUG - objective:-1501.6373
2016-01-31 09:56:36,363 - abalone - DEBUG - objective:-1522.6321
2016-01-31 09:56:39,381 - abalone - DEBUG - objective:-1526.1391
2016-01-31 09:56:42,529 - abalone - DEBUG - objective:-1532.0230
2016-01-31 09:56:45,891 - abalone - DEBUG - objective:-1537.6476
2016-01-31 09:56:49,353 - abalone - DEBUG - objective:-1538.0154
2016-01-31 09:56:52,481 - abalone - DEBUG - objective:-1540.5284
2016-01-31 09:56:55,561 - abalone - DEBUG - objective:-1542.8054
2016-01-31 09:56:58,411 - abalone - DEBUG - objective:-1544.2791
2016-01-31 09:57:01,530 - abalone - DEBUG - objective:-1546.0809
2016-01-31 09:57:04,574 - abalone - DEBUG - objective:-1547.5469
2016-01-31 09:57:07,607 - abalone - DEBUG - objective:-1549.0647
2016-01-31 09:57:10,550 - abalone - DEBUG - objective:-1550.0620
2016-01-31 09:57:11,177 - abalone - INFO - Saving model...
2016-01-31 09:57:13,226 - abalone - INFO - Model saved.
2016-01-31 09:57:13,244 - abalone - INFO - ll params
2016-01-31 09:57:14,915 - abalone - DEBUG - objective:-1550.0620
2016-01-31 09:57:16,187 - abalone - DEBUG - objective:-1687.9520
2016-01-31 09:57:17,532 - abalone - DEBUG - objective:-1705.8448
2016-01-31 09:57:19,046 - abalone - DEBUG - objective:-1708.0142
2016-01-31 09:57:20,733 - abalone - DEBUG - objective:-1708.0725
2016-01-31 09:57:22,227 - abalone - DEBUG - objective:-1708.0726
2016-01-31 09:57:23,863 - abalone - DEBUG - objective:-1708.0726
2016-01-31 09:57:23,873 - abalone - INFO - hyp params
2016-01-31 09:57:26,134 - abalone - DEBUG - objective:-1708.0726
2016-01-31 09:57:27,539 - abalone - DEBUG - objective:-1534.1412
2016-01-31 09:57:29,140 - abalone - DEBUG - objective:-1712.6319
2016-01-31 09:57:30,563 - abalone - DEBUG - objective:-1714.8859
2016-01-31 09:57:31,746 - abalone - DEBUG - objective:-1717.3077
2016-01-31 09:57:32,949 - abalone - DEBUG - objective:-1720.2083
2016-01-31 09:57:34,518 - abalone - DEBUG - objective:-1727.6371
2016-01-31 09:57:35,939 - abalone - DEBUG - objective:-1730.4248
2016-01-31 09:57:37,298 - abalone - DEBUG - objective:-1730.6564
2016-01-31 09:57:38,688 - abalone - DEBUG - objective:-1730.6834
2016-01-31 09:57:40,300 - abalone - DEBUG - objective:-1730.6835
2016-01-31 09:57:41,584 - abalone - DEBUG - objective:-1730.6835
2016-01-31 09:57:42,888 - abalone - DEBUG - objective:-1730.6835
2016-01-31 09:57:42,900 - abalone - INFO - Iteration 1 started.
2016-01-31 09:57:42,908 - abalone - INFO - MoG params
2016-01-31 09:57:45,806 - abalone - DEBUG - objective:-1731.0303
2016-01-31 09:57:48,448 - abalone - DEBUG - objective:-1557.5442
2016-01-31 09:57:51,127 - abalone - DEBUG - objective:-1733.6968
2016-01-31 09:57:53,468 - abalone - DEBUG - objective:-1734.8992
2016-01-31 09:57:56,085 - abalone - DEBUG - objective:-1736.1389
2016-01-31 09:57:58,566 - abalone - DEBUG - objective:-1736.8971
2016-01-31 09:58:01,490 - abalone - DEBUG - objective:-1737.5132
2016-01-31 09:58:04,468 - abalone - DEBUG - objective:-1737.8282
2016-01-31 09:58:07,044 - abalone - DEBUG - objective:-1738.1046
2016-01-31 09:58:09,781 - abalone - DEBUG - objective:-1738.3206
2016-01-31 09:58:12,671 - abalone - DEBUG - objective:-1738.5112
2016-01-31 09:58:15,518 - abalone - DEBUG - objective:-1738.6652
2016-01-31 09:58:18,289 - abalone - DEBUG - objective:-1738.8129
2016-01-31 09:58:21,278 - abalone - DEBUG - objective:-1738.9625
2016-01-31 09:58:24,426 - abalone - DEBUG - objective:-1739.0862
2016-01-31 09:58:27,159 - abalone - DEBUG - objective:-1739.1891
2016-01-31 09:58:30,126 - abalone - DEBUG - objective:-1739.2863
2016-01-31 09:58:32,882 - abalone - DEBUG - objective:-1739.3768
2016-01-31 09:58:35,634 - abalone - DEBUG - objective:-1739.4494
2016-01-31 09:58:38,699 - abalone - DEBUG - objective:-1739.5107
2016-01-31 09:58:41,550 - abalone - DEBUG - objective:-1739.5811
2016-01-31 09:58:44,566 - abalone - DEBUG - objective:-1739.6287
2016-01-31 09:58:47,505 - abalone - DEBUG - objective:-1739.7046
2016-01-31 09:58:50,250 - abalone - DEBUG - objective:-1739.7412
2016-01-31 09:58:53,369 - abalone - DEBUG - objective:-1739.7959
2016-01-31 09:58:56,513 - abalone - DEBUG - objective:-1739.8523
2016-01-31 09:58:57,226 - abalone - INFO - Saving model...
2016-01-31 09:58:59,306 - abalone - INFO - Model saved.
2016-01-31 09:58:59,324 - abalone - DEBUG - ftol: 189.790307865
2016-01-31 09:58:59,329 - abalone - INFO - diff:m:0.0140472237554 s:0.00026666176724
2016-01-31 09:58:59,335 - abalone - INFO - ll params
2016-01-31 09:59:01,153 - abalone - DEBUG - objective:-1739.8523
2016-01-31 09:59:02,681 - abalone - DEBUG - objective:-1387.1163
2016-01-31 09:59:03,955 - abalone - DEBUG - objective:-1739.8661
2016-01-31 09:59:05,593 - abalone - DEBUG - objective:-1739.8662
2016-01-31 09:59:06,650 - abalone - DEBUG - objective:-1739.8662
2016-01-31 09:59:06,660 - abalone - INFO - hyp params
2016-01-31 09:59:09,177 - abalone - DEBUG - objective:-1739.8662
2016-01-31 09:59:10,833 - abalone - DEBUG - objective:-1517.4839
2016-01-31 09:59:12,104 - abalone - DEBUG - objective:-1740.1012
2016-01-31 09:59:13,581 - abalone - DEBUG - objective:-1740.2862
2016-01-31 09:59:15,136 - abalone - DEBUG - objective:-1740.4326
2016-01-31 09:59:16,456 - abalone - DEBUG - objective:-1740.8775
2016-01-31 09:59:17,933 - abalone - DEBUG - objective:-1741.5089
2016-01-31 09:59:19,086 - abalone - DEBUG - objective:-1742.1801
2016-01-31 09:59:20,367 - abalone - DEBUG - objective:-1742.3421
2016-01-31 09:59:21,808 - abalone - DEBUG - objective:-1742.3468
2016-01-31 09:59:23,039 - abalone - DEBUG - objective:-1742.3469
2016-01-31 09:59:24,437 - abalone - DEBUG - objective:-1742.3469
2016-01-31 09:59:25,628 - abalone - DEBUG - objective:-1742.3469
2016-01-31 09:59:27,157 - abalone - DEBUG - objective:-1742.3469
2016-01-31 09:59:27,161 - abalone - INFO - Iteration 2 started.
2016-01-31 09:59:27,168 - abalone - INFO - MoG params
2016-01-31 09:59:30,200 - abalone - DEBUG - objective:-1742.4437
2016-01-31 09:59:32,690 - abalone - DEBUG - objective:-1508.9709
2016-01-31 09:59:35,426 - abalone - DEBUG - objective:-1742.9217
2016-01-31 09:59:38,186 - abalone - DEBUG - objective:-1743.0978
2016-01-31 09:59:41,197 - abalone - DEBUG - objective:-1743.2608
2016-01-31 09:59:44,022 - abalone - DEBUG - objective:-1743.3725
2016-01-31 09:59:46,872 - abalone - DEBUG - objective:-1743.5152
2016-01-31 09:59:50,134 - abalone - DEBUG - objective:-1743.6447
2016-01-31 09:59:53,065 - abalone - DEBUG - objective:-1743.7417
2016-01-31 09:59:55,754 - abalone - DEBUG - objective:-1743.7958
2016-01-31 09:59:58,575 - abalone - DEBUG - objective:-1743.8608
2016-01-31 10:00:01,529 - abalone - DEBUG - objective:-1743.8973
2016-01-31 10:00:04,650 - abalone - DEBUG - objective:-1743.9416
2016-01-31 10:00:07,857 - abalone - DEBUG - objective:-1743.9775
2016-01-31 10:00:10,864 - abalone - DEBUG - objective:-1744.0054
2016-01-31 10:00:13,990 - abalone - DEBUG - objective:-1744.0423
2016-01-31 10:00:17,100 - abalone - DEBUG - objective:-1744.0956
2016-01-31 10:00:20,266 - abalone - DEBUG - objective:-1744.1233
2016-01-31 10:00:23,612 - abalone - DEBUG - objective:-1744.1547
2016-01-31 10:00:26,734 - abalone - DEBUG - objective:-1744.1546
2016-01-31 10:00:29,521 - abalone - DEBUG - objective:-1744.1695
2016-01-31 10:00:32,807 - abalone - DEBUG - objective:-1744.1875
2016-01-31 10:00:35,748 - abalone - DEBUG - objective:-1744.2117
2016-01-31 10:00:38,783 - abalone - DEBUG - objective:-1744.2284
2016-01-31 10:00:41,567 - abalone - DEBUG - objective:-1744.2473
2016-01-31 10:00:44,569 - abalone - DEBUG - objective:-1744.2659
2016-01-31 10:00:45,422 - abalone - INFO - Saving model...
2016-01-31 10:00:47,187 - abalone - INFO - Model saved.
2016-01-31 10:00:47,196 - abalone - DEBUG - ftol: 4.41365612071
2016-01-31 10:00:47,214 - abalone - INFO - diff:m:0.0100158580065 s:0.000104073550357
2016-01-31 10:00:47,221 - abalone - INFO - ll params
2016-01-31 10:00:49,051 - abalone - DEBUG - objective:-1744.2659
2016-01-31 10:00:50,324 - abalone - DEBUG - objective:-1392.3873
2016-01-31 10:00:51,890 - abalone - DEBUG - objective:-1744.2838
2016-01-31 10:00:53,388 - abalone - DEBUG - objective:-1744.2839
2016-01-31 10:00:54,786 - abalone - DEBUG - objective:-1744.2839
2016-01-31 10:00:54,789 - abalone - INFO - hyp params
2016-01-31 10:00:57,334 - abalone - DEBUG - objective:-1744.2839
2016-01-31 10:00:58,740 - abalone - DEBUG - objective:-1495.8670
2016-01-31 10:01:00,243 - abalone - DEBUG - objective:-1744.3736
2016-01-31 10:01:01,747 - abalone - DEBUG - objective:-1744.4441
2016-01-31 10:01:03,378 - abalone - DEBUG - objective:-1744.4768
2016-01-31 10:01:04,540 - abalone - DEBUG - objective:-1744.6346
2016-01-31 10:01:06,083 - abalone - DEBUG - objective:-1744.8450
2016-01-31 10:01:07,074 - abalone - DEBUG - objective:-1745.0976
2016-01-31 10:01:08,463 - abalone - DEBUG - objective:-1745.1861
2016-01-31 10:01:09,923 - abalone - DEBUG - objective:-1745.1894
2016-01-31 10:01:11,531 - abalone - DEBUG - objective:-1745.1895
2016-01-31 10:01:12,792 - abalone - DEBUG - objective:-1745.1895
2016-01-31 10:01:13,725 - abalone - DEBUG - objective:-1745.1895
2016-01-31 10:01:15,267 - abalone - DEBUG - objective:-1745.1895
2016-01-31 10:01:15,270 - abalone - INFO - Iteration 3 started.
2016-01-31 10:01:15,272 - abalone - INFO - MoG params
2016-01-31 10:01:18,140 - abalone - DEBUG - objective:-1745.2452
2016-01-31 10:01:20,665 - abalone - DEBUG - objective:-1516.9914
2016-01-31 10:01:23,390 - abalone - DEBUG - objective:-1745.4165
2016-01-31 10:01:26,450 - abalone - DEBUG - objective:-1745.4779
2016-01-31 10:01:29,170 - abalone - DEBUG - objective:-1745.5284
2016-01-31 10:01:31,649 - abalone - DEBUG - objective:-1745.5686
2016-01-31 10:01:34,121 - abalone - DEBUG - objective:-1745.6160
2016-01-31 10:01:37,002 - abalone - DEBUG - objective:-1745.6536
2016-01-31 10:01:39,687 - abalone - DEBUG - objective:-1745.6848
2016-01-31 10:01:42,802 - abalone - DEBUG - objective:-1745.7076
2016-01-31 10:01:45,711 - abalone - DEBUG - objective:-1745.7258
2016-01-31 10:01:48,313 - abalone - DEBUG - objective:-1745.7380
2016-01-31 10:01:51,348 - abalone - DEBUG - objective:-1745.7467
2016-01-31 10:01:54,050 - abalone - DEBUG - objective:-1745.7602
2016-01-31 10:01:56,821 - abalone - DEBUG - objective:-1745.7723
2016-01-31 10:01:59,524 - abalone - DEBUG - objective:-1745.7888
2016-01-31 10:02:02,200 - abalone - DEBUG - objective:-1745.8061
2016-01-31 10:02:05,110 - abalone - DEBUG - objective:-1745.8190
2016-01-31 10:02:08,026 - abalone - DEBUG - objective:-1745.8220
2016-01-31 10:02:10,903 - abalone - DEBUG - objective:-1745.8404
2016-01-31 10:02:13,819 - abalone - DEBUG - objective:-1745.8448
2016-01-31 10:02:16,921 - abalone - DEBUG - objective:-1745.8529
2016-01-31 10:02:20,231 - abalone - DEBUG - objective:-1745.8595
2016-01-31 10:02:23,467 - abalone - DEBUG - objective:-1745.8694
2016-01-31 10:02:26,499 - abalone - DEBUG - objective:-1745.8755
2016-01-31 10:02:29,563 - abalone - DEBUG - objective:-1745.8810
2016-01-31 10:02:30,362 - abalone - INFO - Saving model...
2016-01-31 10:02:32,489 - abalone - INFO - Model saved.
2016-01-31 10:02:32,502 - abalone - DEBUG - ftol: 1.61502369985
2016-01-31 10:02:32,520 - abalone - INFO - diff:m:0.00519958185039 s:6.02709075907e-05
2016-01-31 10:02:32,534 - abalone - INFO - ll params
2016-01-31 10:02:34,301 - abalone - DEBUG - objective:-1745.8810
2016-01-31 10:02:35,708 - abalone - DEBUG - objective:-1389.5034
2016-01-31 10:02:36,979 - abalone - DEBUG - objective:-1745.8835
2016-01-31 10:02:38,641 - abalone - DEBUG - objective:-1745.8835
2016-01-31 10:02:40,107 - abalone - DEBUG - objective:-1745.8835
2016-01-31 10:02:40,109 - abalone - INFO - hyp params
2016-01-31 10:02:42,623 - abalone - DEBUG - objective:-1745.8835
2016-01-31 10:02:44,057 - abalone - DEBUG - objective:-1479.6895
2016-01-31 10:02:45,440 - abalone - DEBUG - objective:-1745.9240
2016-01-31 10:02:46,667 - abalone - DEBUG - objective:-1745.9555
2016-01-31 10:02:48,120 - abalone - DEBUG - objective:-1745.9638
2016-01-31 10:02:49,517 - abalone - DEBUG - objective:-1746.0262
2016-01-31 10:02:51,120 - abalone - DEBUG - objective:-1746.1007
2016-01-31 10:02:52,628 - abalone - DEBUG - objective:-1746.1874
2016-01-31 10:02:54,321 - abalone - DEBUG - objective:-1746.2149
2016-01-31 10:02:55,882 - abalone - DEBUG - objective:-1746.2163
2016-01-31 10:02:57,578 - abalone - DEBUG - objective:-1746.2163
2016-01-31 10:02:59,275 - abalone - DEBUG - objective:-1746.2163
2016-01-31 10:03:00,877 - abalone - DEBUG - objective:-1746.2163
2016-01-31 10:03:02,409 - abalone - DEBUG - objective:-1746.2163
2016-01-31 10:03:03,767 - abalone - DEBUG - objective:-1746.2163
2016-01-31 10:03:05,413 - abalone - DEBUG - objective:-1746.2163
2016-01-31 10:03:06,978 - abalone - DEBUG - objective:-1746.2163
2016-01-31 10:03:06,981 - abalone - DEBUG - objective:-1746.2163
2016-01-31 10:03:08,299 - abalone - DEBUG - objective:-1746.2163
2016-01-31 10:03:09,669 - abalone - DEBUG - objective:-1746.2163
2016-01-31 10:03:09,677 - abalone - DEBUG - objective:-1746.2163
2016-01-31 10:03:11,057 - abalone - DEBUG - objective:-1746.2163
2016-01-31 10:03:12,748 - abalone - DEBUG - objective:-1746.2163
2016-01-31 10:03:12,758 - abalone - DEBUG - objective:-1746.2163
2016-01-31 10:03:13,835 - abalone - DEBUG - objective:-1746.2163
2016-01-31 10:03:15,253 - abalone - DEBUG - objective:-1746.2163
2016-01-31 10:03:16,575 - abalone - INFO - Iteration 4 started.
2016-01-31 10:03:16,583 - abalone - INFO - MoG params
2016-01-31 10:03:19,778 - abalone - DEBUG - objective:-1746.2476
2016-01-31 10:03:22,560 - abalone - DEBUG - objective:-1519.5011
2016-01-31 10:03:25,189 - abalone - DEBUG - objective:-1746.3101
2016-01-31 10:03:27,963 - abalone - DEBUG - objective:-1746.3329
2016-01-31 10:03:30,803 - abalone - DEBUG - objective:-1746.3505
2016-01-31 10:03:33,476 - abalone - DEBUG - objective:-1746.3643
2016-01-31 10:03:36,250 - abalone - DEBUG - objective:-1746.3812
2016-01-31 10:03:38,903 - abalone - DEBUG - objective:-1746.3958
2016-01-31 10:03:41,602 - abalone - DEBUG - objective:-1746.4067
2016-01-31 10:03:44,186 - abalone - DEBUG - objective:-1746.4130
2016-01-31 10:03:47,096 - abalone - DEBUG - objective:-1746.4180
2016-01-31 10:03:50,243 - abalone - DEBUG - objective:-1746.4210
2016-01-31 10:03:53,112 - abalone - DEBUG - objective:-1746.4236
2016-01-31 10:03:55,867 - abalone - DEBUG - objective:-1746.4273
2016-01-31 10:03:59,014 - abalone - DEBUG - objective:-1746.4307
2016-01-31 10:04:02,160 - abalone - DEBUG - objective:-1746.4353
2016-01-31 10:04:05,224 - abalone - DEBUG - objective:-1746.4406
2016-01-31 10:04:08,376 - abalone - DEBUG - objective:-1746.4439
2016-01-31 10:04:11,626 - abalone - DEBUG - objective:-1746.4471
2016-01-31 10:04:14,792 - abalone - DEBUG - objective:-1746.4506
2016-01-31 10:04:17,861 - abalone - DEBUG - objective:-1746.4527
2016-01-31 10:04:20,725 - abalone - DEBUG - objective:-1746.4554
2016-01-31 10:04:24,319 - abalone - DEBUG - objective:-1746.4576
2016-01-31 10:04:27,594 - abalone - DEBUG - objective:-1746.4599
2016-01-31 10:04:30,997 - abalone - DEBUG - objective:-1746.4620
2016-01-31 10:04:33,971 - abalone - DEBUG - objective:-1746.4642
2016-01-31 10:04:34,866 - abalone - INFO - Saving model...
2016-01-31 10:04:36,951 - abalone - INFO - Model saved.
2016-01-31 10:04:36,964 - abalone - DEBUG - ftol: 0.583262091267
2016-01-31 10:04:36,989 - abalone - INFO - diff:m:0.00270915479379 s:3.61808805184e-05
2016-01-31 10:04:36,995 - abalone - INFO - ll params
2016-01-31 10:04:38,739 - abalone - DEBUG - objective:-1746.4642
2016-01-31 10:04:40,453 - abalone - DEBUG - objective:-1388.8352
2016-01-31 10:04:41,866 - abalone - DEBUG - objective:-1746.4650
2016-01-31 10:04:43,304 - abalone - DEBUG - objective:-1746.4650
2016-01-31 10:04:44,491 - abalone - DEBUG - objective:-1746.4650
2016-01-31 10:04:44,493 - abalone - INFO - hyp params
2016-01-31 10:04:46,870 - abalone - DEBUG - objective:-1746.4650
2016-01-31 10:04:48,087 - abalone - DEBUG - objective:-1468.2112
2016-01-31 10:04:49,835 - abalone - DEBUG - objective:-1746.4848
2016-01-31 10:04:51,618 - abalone - DEBUG - objective:-1746.5002
2016-01-31 10:04:52,940 - abalone - DEBUG - objective:-1746.5024
2016-01-31 10:04:54,155 - abalone - DEBUG - objective:-1746.5280
2016-01-31 10:04:55,763 - abalone - DEBUG - objective:-1746.5537
2016-01-31 10:04:57,184 - abalone - DEBUG - objective:-1746.5791
2016-01-31 10:04:58,716 - abalone - DEBUG - objective:-1746.5844
2016-01-31 10:05:00,280 - abalone - DEBUG - objective:-1746.5847
2016-01-31 10:05:01,620 - abalone - DEBUG - objective:-1746.5847
2016-01-31 10:05:02,940 - abalone - DEBUG - objective:-1746.5847
2016-01-31 10:05:04,596 - abalone - DEBUG - objective:-1746.5847
2016-01-31 10:05:04,598 - abalone - INFO - Iteration 5 started.
2016-01-31 10:05:04,608 - abalone - INFO - MoG params
2016-01-31 10:05:07,374 - abalone - DEBUG - objective:-1746.6016
2016-01-31 10:05:09,586 - abalone - DEBUG - objective:-1521.4622
2016-01-31 10:05:11,916 - abalone - DEBUG - objective:-1746.6228
2016-01-31 10:05:14,330 - abalone - DEBUG - objective:-1746.6310
2016-01-31 10:05:16,782 - abalone - DEBUG - objective:-1746.6377
2016-01-31 10:05:19,094 - abalone - DEBUG - objective:-1746.6426
2016-01-31 10:05:21,423 - abalone - DEBUG - objective:-1746.6481
2016-01-31 10:05:23,596 - abalone - DEBUG - objective:-1746.6527
2016-01-31 10:05:25,786 - abalone - DEBUG - objective:-1746.6564
2016-01-31 10:05:28,148 - abalone - DEBUG - objective:-1746.6587
2016-01-31 10:05:30,229 - abalone - DEBUG - objective:-1746.6608
2016-01-31 10:05:32,560 - abalone - DEBUG - objective:-1746.6620
2016-01-31 10:05:34,822 - abalone - DEBUG - objective:-1746.6630
2016-01-31 10:05:37,113 - abalone - DEBUG - objective:-1746.6639
2016-01-31 10:05:39,539 - abalone - DEBUG - objective:-1746.6649
2016-01-31 10:05:41,785 - abalone - DEBUG - objective:-1746.6662
2016-01-31 10:05:43,801 - abalone - DEBUG - objective:-1746.6675
2016-01-31 10:05:46,186 - abalone - DEBUG - objective:-1746.6687
2016-01-31 10:05:48,169 - abalone - DEBUG - objective:-1746.6696
2016-01-31 10:05:50,392 - abalone - DEBUG - objective:-1746.6705
2016-01-31 10:05:52,405 - abalone - DEBUG - objective:-1746.6712
2016-01-31 10:05:54,593 - abalone - DEBUG - objective:-1746.6719
2016-01-31 10:05:56,846 - abalone - DEBUG - objective:-1746.6725
2016-01-31 10:05:59,063 - abalone - DEBUG - objective:-1746.6731
2016-01-31 10:06:01,511 - abalone - DEBUG - objective:-1746.6738
2016-01-31 10:06:04,131 - abalone - DEBUG - objective:-1746.6744
2016-01-31 10:06:04,716 - abalone - INFO - Saving model...
2016-01-31 10:06:06,236 - abalone - INFO - Model saved.
2016-01-31 10:06:06,243 - abalone - DEBUG - ftol: 0.210185860617
2016-01-31 10:06:06,248 - abalone - INFO - diff:m:0.00163564776178 s:2.12079814338e-05
2016-01-31 10:06:06,252 - abalone - INFO - best obj found: -1746.67440473
2016-01-31 10:06:06,256 - abalone - DEBUG - prediction started...
2016-01-31 10:06:18,020 - abalone - DEBUG - prediction finished
