2016-07-20 15:18:03,576 - mnist - INFO - experiment started for:{'run_id': 0, 'max_iter': 300, 'optimization_config': {'hyp': 15, 'mog': 60}, 'xtol': 0.001, 'git_hash': '5edc0d6857cfb1d942b413dea0f2e297c22c9e92', 'model_init': None, 'ftol': 10, 'latent_noise:': 0.001, 'sparsity_factor': 0.02, 'll': 'SoftmaxLL', 'sample_num': 100, 'experiment': 'mnist', 'git_branch': 'master', 'random_Z': False, 'method': 'full'}
2016-07-20 15:19:54,586 - mnist - INFO - Iteration 1 started.
2016-07-20 15:19:54,586 - mnist - INFO - Optimizing: mog
2016-07-20 15:19:58,512 - mnist - DEBUG - Objective: 276048.5281
2016-07-20 15:20:50,408 - mnist - DEBUG - Objective: 270760.2043
2016-07-20 15:21:54,951 - mnist - DEBUG - Objective: 252078.8625
2016-07-20 15:22:46,868 - mnist - DEBUG - Objective: 161322.4431
2016-07-20 15:23:39,962 - mnist - DEBUG - Objective: 112761.8420
2016-07-20 15:24:32,098 - mnist - DEBUG - Objective: 82982.6536
2016-07-20 15:25:24,393 - mnist - DEBUG - Objective: 66514.7277
2016-07-20 15:26:31,421 - mnist - DEBUG - Objective: 58528.5043
2016-07-20 15:27:24,435 - mnist - DEBUG - Objective: 48446.3905
2016-07-20 15:28:18,031 - mnist - DEBUG - Objective: 44891.6840
2016-07-20 15:29:11,711 - mnist - DEBUG - Objective: 38987.9096
2016-07-20 15:30:04,896 - mnist - DEBUG - Objective: 36975.3936
2016-07-20 15:30:58,004 - mnist - DEBUG - Objective: 34778.7148
2016-07-20 15:31:52,024 - mnist - DEBUG - Objective: 32417.2649
2016-07-20 15:32:47,960 - mnist - DEBUG - Objective: 31242.0507
2016-07-20 15:33:44,128 - mnist - DEBUG - Objective: 29656.6919
2016-07-20 15:34:38,409 - mnist - DEBUG - Objective: 28989.5882
2016-07-20 15:35:31,910 - mnist - DEBUG - Objective: 28143.0160
2016-07-20 15:36:28,197 - mnist - DEBUG - Objective: 27439.0483
2016-07-20 15:37:35,499 - mnist - DEBUG - Objective: 26709.0235
2016-07-20 15:38:35,253 - mnist - DEBUG - Objective: 26317.2720
2016-07-20 15:39:44,590 - mnist - DEBUG - Objective: 25863.2025
2016-07-20 15:40:38,582 - mnist - DEBUG - Objective: 25410.1963
2016-07-20 15:41:48,274 - mnist - DEBUG - Objective: 24935.9959
2016-07-20 15:42:56,718 - mnist - DEBUG - Objective: 24549.9237
2016-07-20 15:44:04,844 - mnist - DEBUG - Objective: 24195.2579
2016-07-20 15:45:00,323 - mnist - DEBUG - Objective: 23814.2760
2016-07-20 15:46:06,629 - mnist - DEBUG - Objective: 23417.0280
2016-07-20 15:47:11,863 - mnist - DEBUG - Objective: 23096.2385
2016-07-20 15:48:21,108 - mnist - DEBUG - Objective: 22779.3474
2016-07-20 15:49:16,619 - mnist - DEBUG - Objective: 22471.8927
2016-07-20 15:50:09,118 - mnist - DEBUG - Objective: 22165.2627
2016-07-20 15:51:01,232 - mnist - DEBUG - Objective: 21939.7180
2016-07-20 15:51:53,357 - mnist - DEBUG - Objective: 21709.6814
2016-07-20 15:52:45,195 - mnist - DEBUG - Objective: 21498.3063
2016-07-20 15:53:36,637 - mnist - DEBUG - Objective: 21304.4888
2016-07-20 15:54:26,655 - mnist - DEBUG - Objective: 21155.3124
2016-07-20 15:55:16,308 - mnist - DEBUG - Objective: 21033.3543
2016-07-20 15:56:06,885 - mnist - DEBUG - Objective: 20911.5777
2016-07-20 15:56:56,745 - mnist - DEBUG - Objective: 20821.1797
2016-07-20 15:57:46,238 - mnist - DEBUG - Objective: 20727.7916
2016-07-20 15:58:35,372 - mnist - DEBUG - Objective: 20652.7767
2016-07-20 15:59:36,212 - mnist - DEBUG - Objective: 20584.2450
2016-07-20 16:00:38,964 - mnist - DEBUG - Objective: 20516.5468
2016-07-20 16:01:39,405 - mnist - DEBUG - Objective: 20470.0136
2016-07-20 16:02:43,443 - mnist - DEBUG - Objective: 20418.3068
2016-07-20 16:03:43,183 - mnist - DEBUG - Objective: 20385.0070
2016-07-20 16:04:45,280 - mnist - DEBUG - Objective: 20338.0417
2016-07-20 16:05:49,333 - mnist - DEBUG - Objective: 20327.0578
2016-07-20 16:06:53,237 - mnist - DEBUG - Objective: 20286.9752
2016-07-20 16:07:44,935 - mnist - DEBUG - Objective: 20269.7202
2016-07-20 16:08:48,534 - mnist - DEBUG - Objective: 20227.4767
2016-07-20 16:09:56,438 - mnist - DEBUG - Objective: 20196.8675
2016-07-20 16:10:48,690 - mnist - DEBUG - Objective: 20184.6843
2016-07-20 16:11:41,366 - mnist - DEBUG - Objective: 20158.4381
2016-07-20 16:12:33,421 - mnist - DEBUG - Objective: 20127.2480
2016-07-20 16:13:26,953 - mnist - DEBUG - Objective: 20104.7500
2016-07-20 16:14:35,283 - mnist - DEBUG - Objective: 20096.8708
2016-07-20 16:15:43,413 - mnist - DEBUG - Objective: 20063.0970
2016-07-20 16:16:36,232 - mnist - DEBUG - Objective: 20066.0475
2016-07-20 16:17:34,913 - mnist - DEBUG - Objective: 20071.0578
2016-07-20 16:18:26,161 - mnist - INFO - Optimizing: hyp
2016-07-20 16:26:55,977 - mnist - DEBUG - Objective: 20071.8564
2016-07-20 16:36:12,277 - mnist - DEBUG - Objective: 27324.5157
2016-07-20 16:45:15,982 - mnist - DEBUG - Objective: 20056.1324
2016-07-20 16:54:14,380 - mnist - DEBUG - Objective: 20058.0709
2016-07-20 17:08:12,758 - mnist - DEBUG - Objective: 20054.7693
2016-07-20 17:21:24,428 - mnist - DEBUG - Objective: 20056.9462
2016-07-20 17:34:58,060 - mnist - DEBUG - Objective: 20049.0954
2016-07-20 17:43:27,720 - mnist - DEBUG - Objective: 20040.7766
2016-07-20 17:55:23,144 - mnist - DEBUG - Objective: 20044.8928
2016-07-20 18:08:56,936 - mnist - DEBUG - Objective: 20072.4075
2016-07-20 18:18:03,844 - mnist - DEBUG - Objective: 20054.6387
2016-07-20 18:27:16,967 - mnist - DEBUG - Objective: 20058.9250
2016-07-20 18:36:18,262 - mnist - DEBUG - Objective: 20067.6568
2016-07-20 18:45:37,984 - mnist - DEBUG - Objective: 20043.8899
2016-07-20 18:54:37,506 - mnist - DEBUG - Objective: 20058.6925
2016-07-20 19:03:34,647 - mnist - DEBUG - Objective: 20057.9123
2016-07-20 19:12:26,877 - mnist - INFO - Iteration 2 started.
2016-07-20 19:12:26,877 - mnist - INFO - Optimizing: mog
2016-07-20 19:13:19,316 - mnist - DEBUG - Objective: 20056.6114
2016-07-20 19:14:07,790 - mnist - DEBUG - Objective: 20043.9749
2016-07-20 19:14:56,161 - mnist - DEBUG - Objective: 20029.4399
2016-07-20 19:15:57,045 - mnist - DEBUG - Objective: 20004.9425
2016-07-20 19:16:48,433 - mnist - DEBUG - Objective: 20000.9975
2016-07-20 19:17:50,976 - mnist - DEBUG - Objective: 19983.4280
2016-07-20 19:18:53,409 - mnist - DEBUG - Objective: 19994.7182
2016-07-20 19:19:51,093 - mnist - DEBUG - Objective: 19987.1645
2016-07-20 19:20:49,028 - mnist - DEBUG - Objective: 19989.7856
2016-07-20 19:21:42,430 - mnist - DEBUG - Objective: 19997.6804
2016-07-20 19:22:42,096 - mnist - DEBUG - Objective: 19988.8509
2016-07-20 19:23:40,620 - mnist - DEBUG - Objective: 19998.8663
2016-07-20 19:24:34,863 - mnist - DEBUG - Objective: 20002.7787
2016-07-20 19:24:34,989 - mnist - INFO - Optimizing: hyp
2016-07-20 19:38:20,177 - mnist - DEBUG - Objective: 19988.7082
2016-07-20 19:52:34,962 - mnist - DEBUG - Objective: 25258.8100
2016-07-20 20:05:25,854 - mnist - DEBUG - Objective: 20004.7749
2016-07-20 20:19:16,523 - mnist - DEBUG - Objective: 19986.1294
2016-07-20 20:28:55,035 - mnist - DEBUG - Objective: 19998.5758
2016-07-20 20:37:52,092 - mnist - DEBUG - Objective: 19997.1438
2016-07-20 20:37:55,019 - mnist - DEBUG - Objective difference: 47.625069
2016-07-20 20:37:55,019 - mnist - INFO - Mean difference: 0.011368
2016-07-20 20:37:55,019 - mnist - INFO - Covariance difference: 0.000308
2016-07-20 20:37:55,019 - mnist - INFO - Iteration 3 started.
2016-07-20 20:37:55,019 - mnist - INFO - Optimizing: mog
2016-07-20 20:38:55,047 - mnist - DEBUG - Objective: 20016.0961
2016-07-20 20:39:46,842 - mnist - DEBUG - Objective: 19998.1429
2016-07-20 20:40:47,707 - mnist - DEBUG - Objective: 19993.4957
2016-07-20 20:41:47,302 - mnist - DEBUG - Objective: 19991.7330
2016-07-20 20:42:42,296 - mnist - DEBUG - Objective: 19978.4730
2016-07-20 20:43:35,286 - mnist - DEBUG - Objective: 19971.7825
2016-07-20 20:44:31,147 - mnist - DEBUG - Objective: 19975.1089
2016-07-20 20:45:25,613 - mnist - DEBUG - Objective: 19958.8393
2016-07-20 20:46:12,070 - mnist - DEBUG - Objective: 19971.1677
2016-07-20 20:47:01,642 - mnist - DEBUG - Objective: 19969.5543
2016-07-20 20:47:47,310 - mnist - DEBUG - Objective: 19969.2816
2016-07-20 20:48:45,722 - mnist - DEBUG - Objective: 19971.7140
2016-07-20 20:49:43,548 - mnist - DEBUG - Objective: 19967.0270
2016-07-20 20:50:38,419 - mnist - DEBUG - Objective: 19971.3794
2016-07-20 20:50:38,514 - mnist - INFO - Optimizing: hyp
2016-07-20 21:02:51,492 - mnist - DEBUG - Objective: 19973.1912
2016-07-20 21:16:19,283 - mnist - DEBUG - Objective: 26047.4262
2016-07-20 21:27:49,777 - mnist - DEBUG - Objective: 19962.1231
2016-07-20 21:39:39,424 - mnist - DEBUG - Objective: 19978.4899
2016-07-20 21:49:21,015 - mnist - DEBUG - Objective: 19985.7508
2016-07-20 21:58:09,977 - mnist - DEBUG - Objective: 19956.2578
2016-07-20 22:06:57,798 - mnist - DEBUG - Objective: 19973.1301
2016-07-20 22:16:11,164 - mnist - DEBUG - Objective: 19965.5061
2016-07-20 22:25:10,833 - mnist - DEBUG - Objective: 19981.1249
2016-07-20 22:34:17,168 - mnist - DEBUG - Objective: 19973.1293
2016-07-20 22:34:17,169 - mnist - DEBUG - Objective: 19973.1293
2016-07-20 22:34:20,089 - mnist - DEBUG - Objective difference: 24.014465
2016-07-20 22:34:20,090 - mnist - INFO - Mean difference: 0.006263
2016-07-20 22:34:20,090 - mnist - INFO - Covariance difference: 0.000164
2016-07-20 22:34:20,090 - mnist - INFO - Iteration 4 started.
2016-07-20 22:34:20,090 - mnist - INFO - Optimizing: mog
2016-07-20 22:35:08,694 - mnist - DEBUG - Objective: 19970.6359
2016-07-20 22:35:56,668 - mnist - DEBUG - Objective: 19999.6313
2016-07-20 22:36:42,201 - mnist - DEBUG - Objective: 19966.2649
2016-07-20 22:37:39,373 - mnist - DEBUG - Objective: 19971.6454
2016-07-20 22:38:39,690 - mnist - DEBUG - Objective: 19975.1600
2016-07-20 22:39:40,535 - mnist - DEBUG - Objective: 19967.8980
2016-07-20 22:40:26,031 - mnist - DEBUG - Objective: 19971.6546
2016-07-20 22:41:23,595 - mnist - DEBUG - Objective: 19979.5465
2016-07-20 22:42:13,920 - mnist - DEBUG - Objective: 19985.2841
2016-07-20 22:42:13,974 - mnist - DEBUG - Objective: 19985.2841
2016-07-20 22:42:14,063 - mnist - INFO - Optimizing: hyp
2016-07-20 22:54:28,809 - mnist - DEBUG - Objective: 19965.2044
2016-07-20 23:03:50,822 - mnist - DEBUG - Objective: 24105.4978
2016-07-20 23:17:14,939 - mnist - DEBUG - Objective: 19973.9866
2016-07-20 23:30:45,479 - mnist - DEBUG - Objective: 19961.2533
2016-07-20 23:40:17,528 - mnist - DEBUG - Objective: 19977.9976
2016-07-20 23:49:31,762 - mnist - DEBUG - Objective: 19962.8985
2016-07-21 00:01:46,033 - mnist - DEBUG - Objective: 19970.5609
2016-07-21 00:10:25,242 - mnist - DEBUG - Objective: 19964.0085
2016-07-21 00:24:13,259 - mnist - DEBUG - Objective: 19968.5273
2016-07-21 00:32:51,684 - mnist - DEBUG - Objective: 19967.0473
2016-07-21 00:45:11,267 - mnist - DEBUG - Objective: 19959.9088
2016-07-21 00:45:11,907 - mnist - WARNING - Invalid value encountered. Optimization restarted.
2016-07-21 00:54:05,486 - mnist - DEBUG - Objective: 19979.1965
2016-07-21 01:07:36,977 - mnist - DEBUG - Objective: 24426.1292
2016-07-21 01:16:10,577 - mnist - DEBUG - Objective: 19978.1780
2016-07-21 01:25:55,483 - mnist - DEBUG - Objective: 19970.0952
2016-07-21 01:25:58,410 - mnist - DEBUG - Objective difference: 3.034119
2016-07-21 01:25:58,410 - mnist - INFO - Mean difference: 0.001201
2016-07-21 01:25:58,410 - mnist - INFO - Covariance difference: 0.000033
2016-07-21 01:25:58,411 - mnist - DEBUG - prediction started...
2016-07-21 01:27:54,524 - mnist - DEBUG - prediction finished
