2016-07-20 14:13:44,422 - sarcos_all_joints - INFO - experiment started for:{'run_id': 0, 'max_iter': 200, 'optimization_config': {'hyp': 10, 'll': 10, 'mog': 50}, 'xtol': 0.001, 'git_hash': '5edc0d6857cfb1d942b413dea0f2e297c22c9e92', 'model_init': None, 'ftol': 10, 'latent_noise:': 0.001, 'sparsity_factor': 0.02, 'll': 'CogLL', 'sample_num': 100, 'experiment': 'sarcos_all_joints', 'git_branch': 'master', 'random_Z': True, 'method': 'full'}
2016-07-20 14:14:04,753 - sarcos_all_joints - INFO - Iteration 1 started.
2016-07-20 14:14:04,754 - sarcos_all_joints - INFO - Optimizing: mog
2016-07-20 14:14:06,441 - sarcos_all_joints - DEBUG - Objective: 4641277.0806
2016-07-20 14:14:30,391 - sarcos_all_joints - DEBUG - Objective: 4250368.3384
2016-07-20 14:14:47,956 - sarcos_all_joints - DEBUG - Objective: 3666913.6494
2016-07-20 14:15:05,579 - sarcos_all_joints - DEBUG - Objective: 3385099.8091
2016-07-20 14:15:23,076 - sarcos_all_joints - DEBUG - Objective: 3211063.1797
2016-07-20 14:15:47,332 - sarcos_all_joints - DEBUG - Objective: 3001058.0562
2016-07-20 14:16:11,725 - sarcos_all_joints - DEBUG - Objective: 2915675.8579
2016-07-20 14:16:36,176 - sarcos_all_joints - DEBUG - Objective: 2822881.0713
2016-07-20 14:17:00,465 - sarcos_all_joints - DEBUG - Objective: 2781459.5391
2016-07-20 14:17:19,058 - sarcos_all_joints - DEBUG - Objective: 2695192.8560
2016-07-20 14:17:37,959 - sarcos_all_joints - DEBUG - Objective: 2665766.2007
2016-07-20 14:17:56,061 - sarcos_all_joints - DEBUG - Objective: 2632114.2241
2016-07-20 14:18:14,328 - sarcos_all_joints - DEBUG - Objective: 2590724.5264
2016-07-20 14:18:32,261 - sarcos_all_joints - DEBUG - Objective: 2582402.4668
2016-07-20 14:18:50,447 - sarcos_all_joints - DEBUG - Objective: 2526724.7202
2016-07-20 14:19:12,937 - sarcos_all_joints - DEBUG - Objective: 2513317.0679
2016-07-20 14:19:37,587 - sarcos_all_joints - DEBUG - Objective: 2486541.7842
2016-07-20 14:19:59,865 - sarcos_all_joints - DEBUG - Objective: 2461906.6687
2016-07-20 14:20:21,670 - sarcos_all_joints - DEBUG - Objective: 2454803.3977
2016-07-20 14:20:44,230 - sarcos_all_joints - DEBUG - Objective: 2415874.0173
2016-07-20 14:21:06,572 - sarcos_all_joints - DEBUG - Objective: 2405953.6533
2016-07-20 14:21:24,865 - sarcos_all_joints - DEBUG - Objective: 2392972.3689
2016-07-20 14:21:49,648 - sarcos_all_joints - DEBUG - Objective: 2374058.0037
2016-07-20 14:22:07,968 - sarcos_all_joints - DEBUG - Objective: 2363742.1986
2016-07-20 14:22:32,877 - sarcos_all_joints - DEBUG - Objective: 2340255.8059
2016-07-20 14:22:50,650 - sarcos_all_joints - DEBUG - Objective: 2331333.6158
2016-07-20 14:23:15,589 - sarcos_all_joints - DEBUG - Objective: 2318586.5146
2016-07-20 14:23:39,998 - sarcos_all_joints - DEBUG - Objective: 2304828.8204
2016-07-20 14:24:04,862 - sarcos_all_joints - DEBUG - Objective: 2290071.8275
2016-07-20 14:24:29,782 - sarcos_all_joints - DEBUG - Objective: 2280083.4287
2016-07-20 14:24:54,605 - sarcos_all_joints - DEBUG - Objective: 2268887.3663
2016-07-20 14:25:18,557 - sarcos_all_joints - DEBUG - Objective: 2259167.8714
2016-07-20 14:25:41,224 - sarcos_all_joints - DEBUG - Objective: 2250720.0777
2016-07-20 14:26:03,126 - sarcos_all_joints - DEBUG - Objective: 2243505.1003
2016-07-20 14:26:27,900 - sarcos_all_joints - DEBUG - Objective: 2237878.4324
2016-07-20 14:26:52,674 - sarcos_all_joints - DEBUG - Objective: 2231121.9987
2016-07-20 14:27:15,221 - sarcos_all_joints - DEBUG - Objective: 2222563.1271
2016-07-20 14:27:37,589 - sarcos_all_joints - DEBUG - Objective: 2213910.2032
2016-07-20 14:28:02,526 - sarcos_all_joints - DEBUG - Objective: 2212240.9442
2016-07-20 14:28:20,514 - sarcos_all_joints - DEBUG - Objective: 2206107.9156
2016-07-20 14:28:38,685 - sarcos_all_joints - DEBUG - Objective: 2200300.3655
2016-07-20 14:28:55,966 - sarcos_all_joints - DEBUG - Objective: 2196214.1846
2016-07-20 14:29:13,992 - sarcos_all_joints - DEBUG - Objective: 2191632.7643
2016-07-20 14:29:32,979 - sarcos_all_joints - DEBUG - Objective: 2187744.3416
2016-07-20 14:29:50,808 - sarcos_all_joints - DEBUG - Objective: 2181296.7668
2016-07-20 14:30:14,308 - sarcos_all_joints - DEBUG - Objective: 2180971.4612
2016-07-20 14:30:38,799 - sarcos_all_joints - DEBUG - Objective: 2176320.2883
2016-07-20 14:30:55,975 - sarcos_all_joints - DEBUG - Objective: 2171984.6401
2016-07-20 14:31:14,302 - sarcos_all_joints - DEBUG - Objective: 2167561.1858
2016-07-20 14:31:33,561 - sarcos_all_joints - DEBUG - Objective: 2166140.7422
2016-07-20 14:31:52,166 - sarcos_all_joints - DEBUG - Objective: 2164350.5657
2016-07-20 14:31:52,753 - sarcos_all_joints - INFO - Optimizing: hyp
2016-07-20 14:35:59,129 - sarcos_all_joints - DEBUG - Objective: 2163610.1790
2016-07-20 14:41:45,698 - sarcos_all_joints - DEBUG - Objective: 1605688.3220
2016-07-20 14:45:48,190 - sarcos_all_joints - DEBUG - Objective: 1462978.9641
2016-07-20 14:49:20,316 - sarcos_all_joints - DEBUG - Objective: 1321384.3469
2016-07-20 14:53:37,879 - sarcos_all_joints - DEBUG - Objective: 1233349.7043
2016-07-20 14:57:53,691 - sarcos_all_joints - DEBUG - Objective: 1208922.7004
2016-07-20 15:01:10,600 - sarcos_all_joints - DEBUG - Objective: 1204700.4094
2016-07-20 15:06:01,595 - sarcos_all_joints - DEBUG - Objective: 1201248.4065
2016-07-20 15:10:01,857 - sarcos_all_joints - DEBUG - Objective: 1197477.4377
2016-07-20 15:13:43,649 - sarcos_all_joints - DEBUG - Objective: 1197152.1858
2016-07-20 15:18:07,675 - sarcos_all_joints - DEBUG - Objective: 1196656.1731
2016-07-20 15:18:07,676 - sarcos_all_joints - INFO - Optimizing: ll
2016-07-20 15:18:22,888 - sarcos_all_joints - DEBUG - Objective: 1196625.3381
2016-07-20 15:18:40,093 - sarcos_all_joints - DEBUG - Objective: 562838.5754
2016-07-20 15:18:56,482 - sarcos_all_joints - DEBUG - Objective: 475990.8997
2016-07-20 15:19:11,867 - sarcos_all_joints - DEBUG - Objective: 434523.1721
2016-07-20 15:19:28,634 - sarcos_all_joints - DEBUG - Objective: 428087.9641
2016-07-20 15:19:44,896 - sarcos_all_joints - DEBUG - Objective: 427532.4719
2016-07-20 15:20:01,847 - sarcos_all_joints - DEBUG - Objective: 427541.8284
2016-07-20 15:20:17,057 - sarcos_all_joints - DEBUG - Objective: 427517.3147
2016-07-20 15:20:33,994 - sarcos_all_joints - DEBUG - Objective: 427518.0227
2016-07-20 15:20:46,501 - sarcos_all_joints - DEBUG - Objective: 427520.6506
2016-07-20 15:21:03,191 - sarcos_all_joints - DEBUG - Objective: 427523.5520
2016-07-20 15:21:15,632 - sarcos_all_joints - INFO - Iteration 2 started.
2016-07-20 15:21:15,632 - sarcos_all_joints - INFO - Optimizing: mog
2016-07-20 15:21:33,194 - sarcos_all_joints - DEBUG - Objective: 427519.3743
2016-07-20 15:21:48,333 - sarcos_all_joints - DEBUG - Objective: 424579.3098
2016-07-20 15:22:03,825 - sarcos_all_joints - DEBUG - Objective: 416909.5723
2016-07-20 15:22:19,457 - sarcos_all_joints - DEBUG - Objective: 410542.7480
2016-07-20 15:22:34,717 - sarcos_all_joints - DEBUG - Objective: 403429.6936
2016-07-20 15:22:50,287 - sarcos_all_joints - DEBUG - Objective: 397818.1750
2016-07-20 15:23:05,854 - sarcos_all_joints - DEBUG - Objective: 391899.1670
2016-07-20 15:23:21,808 - sarcos_all_joints - DEBUG - Objective: 383843.8455
2016-07-20 15:23:37,985 - sarcos_all_joints - DEBUG - Objective: 378385.6387
2016-07-20 15:23:55,047 - sarcos_all_joints - DEBUG - Objective: 373491.0500
2016-07-20 15:24:10,859 - sarcos_all_joints - DEBUG - Objective: 368297.1663
2016-07-20 15:24:27,484 - sarcos_all_joints - DEBUG - Objective: 363798.0017
2016-07-20 15:24:43,339 - sarcos_all_joints - DEBUG - Objective: 360514.9756
2016-07-20 15:24:58,499 - sarcos_all_joints - DEBUG - Objective: 357055.7202
2016-07-20 15:25:14,272 - sarcos_all_joints - DEBUG - Objective: 353885.2100
2016-07-20 15:25:30,236 - sarcos_all_joints - DEBUG - Objective: 351436.4741
2016-07-20 15:25:45,366 - sarcos_all_joints - DEBUG - Objective: 349282.5757
2016-07-20 15:26:01,250 - sarcos_all_joints - DEBUG - Objective: 347464.4392
2016-07-20 15:26:17,222 - sarcos_all_joints - DEBUG - Objective: 346071.0554
2016-07-20 15:26:32,430 - sarcos_all_joints - DEBUG - Objective: 344738.5613
2016-07-20 15:26:48,383 - sarcos_all_joints - DEBUG - Objective: 343681.6223
2016-07-20 15:27:03,460 - sarcos_all_joints - DEBUG - Objective: 342484.4973
2016-07-20 15:27:19,325 - sarcos_all_joints - DEBUG - Objective: 341389.1792
2016-07-20 15:27:35,240 - sarcos_all_joints - DEBUG - Objective: 340465.3818
2016-07-20 15:27:50,305 - sarcos_all_joints - DEBUG - Objective: 339749.7017
2016-07-20 15:28:06,261 - sarcos_all_joints - DEBUG - Objective: 338928.1982
2016-07-20 15:28:22,174 - sarcos_all_joints - DEBUG - Objective: 338134.3257
2016-07-20 15:28:38,264 - sarcos_all_joints - DEBUG - Objective: 337446.2896
2016-07-20 15:28:53,461 - sarcos_all_joints - DEBUG - Objective: 336891.2974
2016-07-20 15:29:09,777 - sarcos_all_joints - DEBUG - Objective: 336309.7339
2016-07-20 15:29:25,795 - sarcos_all_joints - DEBUG - Objective: 335751.5610
2016-07-20 15:29:42,758 - sarcos_all_joints - DEBUG - Objective: 335127.2578
2016-07-20 15:29:58,764 - sarcos_all_joints - DEBUG - Objective: 334610.1611
2016-07-20 15:30:14,447 - sarcos_all_joints - DEBUG - Objective: 334103.2749
2016-07-20 15:30:30,411 - sarcos_all_joints - DEBUG - Objective: 333656.1655
2016-07-20 15:30:45,533 - sarcos_all_joints - DEBUG - Objective: 333316.0830
2016-07-20 15:31:01,527 - sarcos_all_joints - DEBUG - Objective: 332950.4175
2016-07-20 15:31:17,591 - sarcos_all_joints - DEBUG - Objective: 332576.2832
2016-07-20 15:31:33,480 - sarcos_all_joints - DEBUG - Objective: 332284.1860
2016-07-20 15:31:48,487 - sarcos_all_joints - DEBUG - Objective: 332010.5708
2016-07-20 15:32:04,465 - sarcos_all_joints - DEBUG - Objective: 331718.7529
2016-07-20 15:32:20,429 - sarcos_all_joints - DEBUG - Objective: 331497.4253
2016-07-20 15:32:36,418 - sarcos_all_joints - DEBUG - Objective: 331273.0215
2016-07-20 15:32:52,507 - sarcos_all_joints - DEBUG - Objective: 331042.2485
2016-07-20 15:33:08,268 - sarcos_all_joints - DEBUG - Objective: 330777.4175
2016-07-20 15:33:24,149 - sarcos_all_joints - DEBUG - Objective: 330620.5063
2016-07-20 15:33:40,164 - sarcos_all_joints - DEBUG - Objective: 330412.6528
2016-07-20 15:33:55,878 - sarcos_all_joints - DEBUG - Objective: 330238.7314
2016-07-20 15:34:11,787 - sarcos_all_joints - DEBUG - Objective: 330069.0020
2016-07-20 15:34:27,681 - sarcos_all_joints - DEBUG - Objective: 329941.3462
2016-07-20 15:34:43,615 - sarcos_all_joints - DEBUG - Objective: 329754.1577
2016-07-20 15:34:44,134 - sarcos_all_joints - INFO - Optimizing: hyp
2016-07-20 15:38:04,247 - sarcos_all_joints - DEBUG - Objective: 329769.0171
2016-07-20 15:41:24,163 - sarcos_all_joints - DEBUG - Objective: 328846.3062
2016-07-20 15:44:41,068 - sarcos_all_joints - DEBUG - Objective: 324874.2231
2016-07-20 15:48:04,133 - sarcos_all_joints - DEBUG - Objective: 324735.1714
2016-07-20 15:51:22,611 - sarcos_all_joints - DEBUG - Objective: 324565.8696
2016-07-20 15:54:41,365 - sarcos_all_joints - DEBUG - Objective: 324452.4937
2016-07-20 15:58:05,158 - sarcos_all_joints - DEBUG - Objective: 324438.0435
2016-07-20 16:01:21,595 - sarcos_all_joints - DEBUG - Objective: 324754.8716
2016-07-20 16:04:43,782 - sarcos_all_joints - DEBUG - Objective: 324392.4937
2016-07-20 16:09:43,954 - sarcos_all_joints - DEBUG - Objective: 324443.9360
2016-07-20 16:14:21,411 - sarcos_all_joints - DEBUG - Objective: 324409.8501
2016-07-20 16:18:03,034 - sarcos_all_joints - INFO - Optimizing: ll
2016-07-20 16:18:19,893 - sarcos_all_joints - DEBUG - Objective: 324397.3853
2016-07-20 16:18:32,058 - sarcos_all_joints - DEBUG - Objective: 271578.2920
2016-07-20 16:18:48,714 - sarcos_all_joints - DEBUG - Objective: 271394.3398
2016-07-20 16:19:00,591 - sarcos_all_joints - DEBUG - Objective: 271381.9644
2016-07-20 16:19:12,497 - sarcos_all_joints - DEBUG - Objective: 271383.3774
2016-07-20 16:19:23,701 - sarcos_all_joints - DEBUG - Objective: 271558.0298
2016-07-20 16:19:34,935 - sarcos_all_joints - DEBUG - Objective: 271493.8604
2016-07-20 16:19:46,192 - sarcos_all_joints - DEBUG - Objective: 271526.3022
2016-07-20 16:19:46,192 - sarcos_all_joints - DEBUG - Objective: 271526.3022
2016-07-20 16:19:46,520 - sarcos_all_joints - DEBUG - Objective difference: 156001.547607
2016-07-20 16:19:46,521 - sarcos_all_joints - INFO - Mean difference: 1.023950
2016-07-20 16:19:46,521 - sarcos_all_joints - INFO - Covariance difference: 0.003479
2016-07-20 16:19:46,521 - sarcos_all_joints - INFO - Iteration 3 started.
2016-07-20 16:19:46,521 - sarcos_all_joints - INFO - Optimizing: mog
2016-07-20 16:20:06,069 - sarcos_all_joints - DEBUG - Objective: 271475.5254
2016-07-20 16:20:25,646 - sarcos_all_joints - DEBUG - Objective: 268060.6367
2016-07-20 16:20:45,111 - sarcos_all_joints - DEBUG - Objective: 266610.0137
2016-07-20 16:21:05,838 - sarcos_all_joints - DEBUG - Objective: 265871.1172
2016-07-20 16:21:21,817 - sarcos_all_joints - DEBUG - Objective: 265420.3555
2016-07-20 16:21:36,645 - sarcos_all_joints - DEBUG - Objective: 264691.5210
2016-07-20 16:21:51,366 - sarcos_all_joints - DEBUG - Objective: 264256.1953
2016-07-20 16:22:06,266 - sarcos_all_joints - DEBUG - Objective: 263736.2573
2016-07-20 16:22:21,105 - sarcos_all_joints - DEBUG - Objective: 263272.0732
2016-07-20 16:22:36,109 - sarcos_all_joints - DEBUG - Objective: 262766.4507
2016-07-20 16:22:51,211 - sarcos_all_joints - DEBUG - Objective: 262165.8745
2016-07-20 16:23:06,335 - sarcos_all_joints - DEBUG - Objective: 261614.1787
2016-07-20 16:23:21,469 - sarcos_all_joints - DEBUG - Objective: 261069.5312
2016-07-20 16:23:36,535 - sarcos_all_joints - DEBUG - Objective: 260498.9131
2016-07-20 16:23:51,686 - sarcos_all_joints - DEBUG - Objective: 259956.9575
2016-07-20 16:24:06,817 - sarcos_all_joints - DEBUG - Objective: 259553.7969
2016-07-20 16:24:22,726 - sarcos_all_joints - DEBUG - Objective: 259054.5391
2016-07-20 16:24:37,856 - sarcos_all_joints - DEBUG - Objective: 258681.2583
2016-07-20 16:24:53,012 - sarcos_all_joints - DEBUG - Objective: 258117.6470
2016-07-20 16:25:08,143 - sarcos_all_joints - DEBUG - Objective: 257549.5205
2016-07-20 16:25:23,281 - sarcos_all_joints - DEBUG - Objective: 257213.4302
2016-07-20 16:25:38,167 - sarcos_all_joints - DEBUG - Objective: 256735.1226
2016-07-20 16:25:53,226 - sarcos_all_joints - DEBUG - Objective: 256346.0049
2016-07-20 16:26:08,247 - sarcos_all_joints - DEBUG - Objective: 255895.3647
2016-07-20 16:26:23,257 - sarcos_all_joints - DEBUG - Objective: 255456.6255
2016-07-20 16:26:38,374 - sarcos_all_joints - DEBUG - Objective: 255145.1899
2016-07-20 16:26:53,576 - sarcos_all_joints - DEBUG - Objective: 254690.9248
2016-07-20 16:27:11,441 - sarcos_all_joints - DEBUG - Objective: 254270.7363
2016-07-20 16:27:30,738 - sarcos_all_joints - DEBUG - Objective: 253888.5156
2016-07-20 16:27:51,781 - sarcos_all_joints - DEBUG - Objective: 253491.3604
2016-07-20 16:28:07,765 - sarcos_all_joints - DEBUG - Objective: 253107.6694
2016-07-20 16:28:23,672 - sarcos_all_joints - DEBUG - Objective: 252745.6763
2016-07-20 16:28:39,804 - sarcos_all_joints - DEBUG - Objective: 252376.6411
2016-07-20 16:28:55,592 - sarcos_all_joints - DEBUG - Objective: 252074.1157
2016-07-20 16:29:11,828 - sarcos_all_joints - DEBUG - Objective: 251698.8633
2016-07-20 16:29:28,046 - sarcos_all_joints - DEBUG - Objective: 251364.5913
2016-07-20 16:29:46,137 - sarcos_all_joints - DEBUG - Objective: 251078.9692
2016-07-20 16:30:02,679 - sarcos_all_joints - DEBUG - Objective: 250825.2871
2016-07-20 16:30:18,947 - sarcos_all_joints - DEBUG - Objective: 250511.8423
2016-07-20 16:30:34,122 - sarcos_all_joints - DEBUG - Objective: 250219.8804
2016-07-20 16:30:49,340 - sarcos_all_joints - DEBUG - Objective: 250064.5244
2016-07-20 16:31:04,448 - sarcos_all_joints - DEBUG - Objective: 249736.2139
2016-07-20 16:31:25,516 - sarcos_all_joints - DEBUG - Objective: 249406.5044
2016-07-20 16:31:44,650 - sarcos_all_joints - DEBUG - Objective: 249203.5825
2016-07-20 16:32:03,839 - sarcos_all_joints - DEBUG - Objective: 248940.6382
2016-07-20 16:32:23,564 - sarcos_all_joints - DEBUG - Objective: 248794.9878
2016-07-20 16:32:44,728 - sarcos_all_joints - DEBUG - Objective: 248544.2241
2016-07-20 16:33:04,695 - sarcos_all_joints - DEBUG - Objective: 248362.0068
2016-07-20 16:33:24,073 - sarcos_all_joints - DEBUG - Objective: 248239.2505
2016-07-20 16:33:43,392 - sarcos_all_joints - DEBUG - Objective: 248041.2593
2016-07-20 16:34:02,516 - sarcos_all_joints - DEBUG - Objective: 247866.7695
2016-07-20 16:34:03,034 - sarcos_all_joints - INFO - Optimizing: hyp
2016-07-20 16:39:00,387 - sarcos_all_joints - DEBUG - Objective: 247831.7896
2016-07-20 16:43:42,041 - sarcos_all_joints - DEBUG - Objective: 246332.7246
2016-07-20 16:48:10,242 - sarcos_all_joints - DEBUG - Objective: 625110.7837
2016-07-20 16:52:50,855 - sarcos_all_joints - DEBUG - Objective: 348285.0288
2016-07-20 16:57:44,246 - sarcos_all_joints - DEBUG - Objective: 242038.7998
2016-07-20 17:02:48,661 - sarcos_all_joints - DEBUG - Objective: 240402.0244
2016-07-20 17:07:38,464 - sarcos_all_joints - DEBUG - Objective: 239601.6748
2016-07-20 17:12:46,310 - sarcos_all_joints - DEBUG - Objective: 239036.8413
2016-07-20 17:17:39,294 - sarcos_all_joints - DEBUG - Objective: 238681.7036
2016-07-20 17:20:45,541 - sarcos_all_joints - DEBUG - Objective: 238715.2124
2016-07-20 17:25:43,478 - sarcos_all_joints - DEBUG - Objective: 238680.8081
2016-07-20 17:25:43,479 - sarcos_all_joints - INFO - Optimizing: ll
2016-07-20 17:26:00,339 - sarcos_all_joints - DEBUG - Objective: 238604.0020
2016-07-20 17:26:12,317 - sarcos_all_joints - DEBUG - Objective: 276143.1653
2016-07-20 17:26:28,985 - sarcos_all_joints - DEBUG - Objective: 231345.1313
2016-07-20 17:26:40,739 - sarcos_all_joints - DEBUG - Objective: 231320.7349
2016-07-20 17:26:52,784 - sarcos_all_joints - DEBUG - Objective: 231327.0767
2016-07-20 17:27:09,575 - sarcos_all_joints - DEBUG - Objective: 231303.1313
2016-07-20 17:27:21,217 - sarcos_all_joints - DEBUG - Objective: 231256.4160
2016-07-20 17:27:38,023 - sarcos_all_joints - DEBUG - Objective: 231283.1636
2016-07-20 17:27:49,393 - sarcos_all_joints - DEBUG - Objective: 231286.4160
2016-07-20 17:28:00,551 - sarcos_all_joints - DEBUG - Objective: 231324.6245
2016-07-20 17:28:11,977 - sarcos_all_joints - DEBUG - Objective: 231251.1729
2016-07-20 17:28:12,302 - sarcos_all_joints - DEBUG - Objective difference: 40275.129395
2016-07-20 17:28:12,302 - sarcos_all_joints - INFO - Mean difference: 0.299570
2016-07-20 17:28:12,303 - sarcos_all_joints - INFO - Covariance difference: 0.002788
2016-07-20 17:28:12,303 - sarcos_all_joints - INFO - Iteration 4 started.
2016-07-20 17:28:12,303 - sarcos_all_joints - INFO - Optimizing: mog
2016-07-20 17:28:34,448 - sarcos_all_joints - DEBUG - Objective: 231292.0312
2016-07-20 17:28:49,140 - sarcos_all_joints - DEBUG - Objective: 230807.8687
2016-07-20 17:29:03,894 - sarcos_all_joints - DEBUG - Objective: 228195.8765
2016-07-20 17:29:18,558 - sarcos_all_joints - DEBUG - Objective: 227857.8613
2016-07-20 17:29:33,446 - sarcos_all_joints - DEBUG - Objective: 227450.8281
2016-07-20 17:29:48,313 - sarcos_all_joints - DEBUG - Objective: 227183.9995
2016-07-20 17:30:03,308 - sarcos_all_joints - DEBUG - Objective: 227042.3896
2016-07-20 17:30:18,452 - sarcos_all_joints - DEBUG - Objective: 226868.5894
2016-07-20 17:30:33,433 - sarcos_all_joints - DEBUG - Objective: 226720.8906
2016-07-20 17:30:48,336 - sarcos_all_joints - DEBUG - Objective: 226527.1929
2016-07-20 17:31:03,348 - sarcos_all_joints - DEBUG - Objective: 226355.2056
2016-07-20 17:31:18,476 - sarcos_all_joints - DEBUG - Objective: 226181.9419
2016-07-20 17:31:33,631 - sarcos_all_joints - DEBUG - Objective: 225931.8228
2016-07-20 17:31:48,660 - sarcos_all_joints - DEBUG - Objective: 225745.8828
2016-07-20 17:32:03,914 - sarcos_all_joints - DEBUG - Objective: 225620.1953
2016-07-20 17:32:19,114 - sarcos_all_joints - DEBUG - Objective: 225266.6533
2016-07-20 17:32:34,198 - sarcos_all_joints - DEBUG - Objective: 225145.7642
2016-07-20 17:32:49,341 - sarcos_all_joints - DEBUG - Objective: 224959.4395
2016-07-20 17:33:04,505 - sarcos_all_joints - DEBUG - Objective: 224831.4810
2016-07-20 17:33:19,549 - sarcos_all_joints - DEBUG - Objective: 224625.7856
2016-07-20 17:33:34,591 - sarcos_all_joints - DEBUG - Objective: 224398.7656
2016-07-20 17:33:49,741 - sarcos_all_joints - DEBUG - Objective: 224195.8511
2016-07-20 17:34:06,178 - sarcos_all_joints - DEBUG - Objective: 224082.4409
2016-07-20 17:34:22,643 - sarcos_all_joints - DEBUG - Objective: 223980.8145
2016-07-20 17:34:38,823 - sarcos_all_joints - DEBUG - Objective: 223739.3066
2016-07-20 17:34:54,885 - sarcos_all_joints - DEBUG - Objective: 223535.7363
2016-07-20 17:35:12,116 - sarcos_all_joints - DEBUG - Objective: 223392.3115
2016-07-20 17:35:27,672 - sarcos_all_joints - DEBUG - Objective: 223168.3911
2016-07-20 17:35:42,991 - sarcos_all_joints - DEBUG - Objective: 222962.1260
2016-07-20 17:35:59,257 - sarcos_all_joints - DEBUG - Objective: 222745.0859
2016-07-20 17:36:15,304 - sarcos_all_joints - DEBUG - Objective: 222563.3633
2016-07-20 17:36:31,378 - sarcos_all_joints - DEBUG - Objective: 222364.6211
2016-07-20 17:36:47,140 - sarcos_all_joints - DEBUG - Objective: 222160.4888
2016-07-20 17:37:02,229 - sarcos_all_joints - DEBUG - Objective: 222019.1855
2016-07-20 17:37:17,347 - sarcos_all_joints - DEBUG - Objective: 221772.3979
2016-07-20 17:37:32,369 - sarcos_all_joints - DEBUG - Objective: 221600.8765
2016-07-20 17:37:47,407 - sarcos_all_joints - DEBUG - Objective: 221373.3584
2016-07-20 17:38:02,643 - sarcos_all_joints - DEBUG - Objective: 221155.2515
2016-07-20 17:38:17,674 - sarcos_all_joints - DEBUG - Objective: 221027.6396
2016-07-20 17:38:32,860 - sarcos_all_joints - DEBUG - Objective: 220871.9956
2016-07-20 17:38:48,041 - sarcos_all_joints - DEBUG - Objective: 220705.6108
2016-07-20 17:39:03,405 - sarcos_all_joints - DEBUG - Objective: 220449.1172
2016-07-20 17:39:18,714 - sarcos_all_joints - DEBUG - Objective: 220324.3960
2016-07-20 17:39:39,737 - sarcos_all_joints - DEBUG - Objective: 220266.3418
2016-07-20 17:40:01,808 - sarcos_all_joints - DEBUG - Objective: 219906.4302
2016-07-20 17:40:17,156 - sarcos_all_joints - DEBUG - Objective: 219809.9766
2016-07-20 17:40:32,341 - sarcos_all_joints - DEBUG - Objective: 219653.8877
2016-07-20 17:40:47,505 - sarcos_all_joints - DEBUG - Objective: 219514.5107
2016-07-20 17:41:02,984 - sarcos_all_joints - DEBUG - Objective: 219403.2466
2016-07-20 17:41:18,141 - sarcos_all_joints - DEBUG - Objective: 219241.5557
2016-07-20 17:41:33,395 - sarcos_all_joints - DEBUG - Objective: 219220.0303
2016-07-20 17:41:33,891 - sarcos_all_joints - INFO - Optimizing: hyp
2016-07-20 17:44:42,138 - sarcos_all_joints - DEBUG - Objective: 219117.0068
2016-07-20 17:48:08,636 - sarcos_all_joints - DEBUG - Objective: 225196.5630
2016-07-20 17:51:35,799 - sarcos_all_joints - DEBUG - Objective: 219091.1660
2016-07-20 17:54:40,441 - sarcos_all_joints - DEBUG - Objective: 338848.4780
2016-07-20 17:59:32,479 - sarcos_all_joints - DEBUG - Objective: 215438.8706
2016-07-20 18:03:59,863 - sarcos_all_joints - DEBUG - Objective: 215117.0669
2016-07-20 18:08:44,850 - sarcos_all_joints - DEBUG - Objective: 214501.8843
2016-07-20 18:12:15,119 - sarcos_all_joints - DEBUG - Objective: 213696.8696
2016-07-20 18:15:40,993 - sarcos_all_joints - DEBUG - Objective: 213633.2070
2016-07-20 18:18:47,065 - sarcos_all_joints - DEBUG - Objective: 213709.0171
2016-07-20 18:22:14,712 - sarcos_all_joints - DEBUG - Objective: 213594.8833
2016-07-20 18:22:14,712 - sarcos_all_joints - INFO - Optimizing: ll
2016-07-20 18:22:27,365 - sarcos_all_joints - DEBUG - Objective: 213602.7676
2016-07-20 18:22:39,645 - sarcos_all_joints - DEBUG - Objective: 292485.1506
2016-07-20 18:22:50,842 - sarcos_all_joints - DEBUG - Objective: 212334.6313
2016-07-20 18:23:02,086 - sarcos_all_joints - DEBUG - Objective: 212349.0024
2016-07-20 18:23:13,376 - sarcos_all_joints - DEBUG - Objective: 212352.1401
2016-07-20 18:23:24,588 - sarcos_all_joints - DEBUG - Objective: 212310.9580
2016-07-20 18:23:35,782 - sarcos_all_joints - DEBUG - Objective: 212290.4116
2016-07-20 18:23:47,003 - sarcos_all_joints - DEBUG - Objective: 212277.3965
2016-07-20 18:23:58,333 - sarcos_all_joints - DEBUG - Objective: 212352.8784
2016-07-20 18:24:09,594 - sarcos_all_joints - DEBUG - Objective: 212304.0801
2016-07-20 18:24:20,865 - sarcos_all_joints - DEBUG - Objective: 212264.2266
2016-07-20 18:24:21,188 - sarcos_all_joints - DEBUG - Objective difference: 18986.946289
2016-07-20 18:24:21,188 - sarcos_all_joints - INFO - Mean difference: 0.207909
2016-07-20 18:24:21,189 - sarcos_all_joints - INFO - Covariance difference: 0.001825
2016-07-20 18:24:21,189 - sarcos_all_joints - INFO - Iteration 5 started.
2016-07-20 18:24:21,189 - sarcos_all_joints - INFO - Optimizing: mog
2016-07-20 18:24:37,309 - sarcos_all_joints - DEBUG - Objective: 212331.2134
2016-07-20 18:24:52,508 - sarcos_all_joints - DEBUG - Objective: 216179.1792
2016-07-20 18:25:13,009 - sarcos_all_joints - DEBUG - Objective: 210891.1665
2016-07-20 18:25:33,870 - sarcos_all_joints - DEBUG - Objective: 210580.3818
2016-07-20 18:25:48,868 - sarcos_all_joints - DEBUG - Objective: 210146.9980
2016-07-20 18:26:09,634 - sarcos_all_joints - DEBUG - Objective: 210087.6396
2016-07-20 18:26:30,609 - sarcos_all_joints - DEBUG - Objective: 209921.5879
2016-07-20 18:26:46,465 - sarcos_all_joints - DEBUG - Objective: 209781.3120
2016-07-20 18:27:01,517 - sarcos_all_joints - DEBUG - Objective: 209622.3589
2016-07-20 18:27:16,558 - sarcos_all_joints - DEBUG - Objective: 209561.4072
2016-07-20 18:27:35,543 - sarcos_all_joints - DEBUG - Objective: 209474.4819
2016-07-20 18:27:56,598 - sarcos_all_joints - DEBUG - Objective: 209410.8511
2016-07-20 18:28:11,889 - sarcos_all_joints - DEBUG - Objective: 209324.7808
2016-07-20 18:28:32,896 - sarcos_all_joints - DEBUG - Objective: 209197.8003
2016-07-20 18:28:52,021 - sarcos_all_joints - DEBUG - Objective: 209091.4937
2016-07-20 18:29:13,143 - sarcos_all_joints - DEBUG - Objective: 208967.2695
2016-07-20 18:29:34,256 - sarcos_all_joints - DEBUG - Objective: 208804.1616
2016-07-20 18:29:55,328 - sarcos_all_joints - DEBUG - Objective: 208686.9121
2016-07-20 18:30:16,265 - sarcos_all_joints - DEBUG - Objective: 208564.8101
2016-07-20 18:30:37,316 - sarcos_all_joints - DEBUG - Objective: 208589.3345
2016-07-20 18:30:52,342 - sarcos_all_joints - DEBUG - Objective: 208618.7891
2016-07-20 18:31:07,708 - sarcos_all_joints - DEBUG - Objective: 208714.2881
2016-07-20 18:31:23,356 - sarcos_all_joints - DEBUG - Objective: 208674.0044
2016-07-20 18:31:39,175 - sarcos_all_joints - DEBUG - Objective: 208547.7227
2016-07-20 18:31:56,319 - sarcos_all_joints - DEBUG - Objective: 208600.2124
2016-07-20 18:32:10,992 - sarcos_all_joints - DEBUG - Objective: 208638.5498
2016-07-20 18:32:25,718 - sarcos_all_joints - DEBUG - Objective: 208591.6074
2016-07-20 18:32:40,319 - sarcos_all_joints - DEBUG - Objective: 208629.2905
2016-07-20 18:32:56,016 - sarcos_all_joints - DEBUG - Objective: 208653.6348
2016-07-20 18:33:10,563 - sarcos_all_joints - DEBUG - Objective: 208603.6992
2016-07-20 18:33:10,599 - sarcos_all_joints - INFO - Optimizing: hyp
2016-07-20 18:36:25,355 - sarcos_all_joints - DEBUG - Objective: 208695.5215
2016-07-20 18:39:33,464 - sarcos_all_joints - DEBUG - Objective: 218559.6792
2016-07-20 18:42:54,190 - sarcos_all_joints - DEBUG - Objective: 208744.7598
2016-07-20 18:46:00,341 - sarcos_all_joints - DEBUG - Objective: 208620.5259
2016-07-20 18:50:56,425 - sarcos_all_joints - DEBUG - Objective: 208612.6812
2016-07-20 18:55:44,089 - sarcos_all_joints - DEBUG - Objective: 208710.4893
2016-07-20 19:00:34,942 - sarcos_all_joints - DEBUG - Objective: 208729.6602
2016-07-20 19:05:31,342 - sarcos_all_joints - DEBUG - Objective: 208663.0571
2016-07-20 19:10:05,912 - sarcos_all_joints - DEBUG - Objective: 208573.1387
2016-07-20 19:14:50,157 - sarcos_all_joints - DEBUG - Objective: 208931.0229
2016-07-20 19:19:49,032 - sarcos_all_joints - DEBUG - Objective: 208570.0181
2016-07-20 19:19:49,033 - sarcos_all_joints - INFO - Optimizing: ll
2016-07-20 19:20:05,812 - sarcos_all_joints - DEBUG - Objective: 208644.0044
2016-07-20 19:20:17,175 - sarcos_all_joints - DEBUG - Objective: 316816.6257
2016-07-20 19:20:28,514 - sarcos_all_joints - DEBUG - Objective: 208602.7827
2016-07-20 19:20:39,805 - sarcos_all_joints - DEBUG - Objective: 208581.9028
2016-07-20 19:20:51,090 - sarcos_all_joints - DEBUG - Objective: 208579.0674
2016-07-20 19:21:02,426 - sarcos_all_joints - DEBUG - Objective: 208564.0649
2016-07-20 19:21:13,710 - sarcos_all_joints - DEBUG - Objective: 208589.4072
2016-07-20 19:21:30,436 - sarcos_all_joints - DEBUG - Objective: 208676.7515
2016-07-20 19:21:45,238 - sarcos_all_joints - DEBUG - Objective: 208644.5537
2016-07-20 19:21:45,564 - sarcos_all_joints - DEBUG - Objective difference: 3619.672852
2016-07-20 19:21:45,565 - sarcos_all_joints - INFO - Mean difference: 0.032759
2016-07-20 19:21:45,565 - sarcos_all_joints - INFO - Covariance difference: 0.000454
2016-07-20 19:21:45,565 - sarcos_all_joints - INFO - Iteration 6 started.
2016-07-20 19:21:45,565 - sarcos_all_joints - INFO - Optimizing: mog
2016-07-20 19:22:01,803 - sarcos_all_joints - DEBUG - Objective: 208634.0342
2016-07-20 19:22:18,128 - sarcos_all_joints - DEBUG - Objective: 210973.2002
2016-07-20 19:22:32,906 - sarcos_all_joints - DEBUG - Objective: 208499.1763
2016-07-20 19:22:52,595 - sarcos_all_joints - DEBUG - Objective: 208483.3252
2016-07-20 19:23:13,261 - sarcos_all_joints - DEBUG - Objective: 208494.5513
2016-07-20 19:23:33,763 - sarcos_all_joints - DEBUG - Objective: 208512.2544
2016-07-20 19:23:54,525 - sarcos_all_joints - DEBUG - Objective: 208537.9409
2016-07-20 19:24:14,956 - sarcos_all_joints - DEBUG - Objective: 208503.9399
2016-07-20 19:24:29,680 - sarcos_all_joints - DEBUG - Objective: 208501.5693
2016-07-20 19:24:50,407 - sarcos_all_joints - DEBUG - Objective: 208439.3711
2016-07-20 19:25:11,192 - sarcos_all_joints - DEBUG - Objective: 162784840446044.3125
2016-07-20 19:25:31,634 - sarcos_all_joints - DEBUG - Objective: 2727568509.3936
2016-07-20 19:25:52,290 - sarcos_all_joints - DEBUG - Objective: 6591614.7295
2016-07-20 19:26:10,907 - sarcos_all_joints - DEBUG - Objective: 208469.5571
2016-07-20 19:26:25,603 - sarcos_all_joints - DEBUG - Objective: 208483.4688
2016-07-20 19:26:40,038 - sarcos_all_joints - DEBUG - Objective: 208476.9722
2016-07-20 19:26:58,426 - sarcos_all_joints - DEBUG - Objective: 208520.2559
2016-07-20 19:27:18,768 - sarcos_all_joints - DEBUG - Objective: 208462.5005
2016-07-20 19:27:37,310 - sarcos_all_joints - DEBUG - Objective: 208487.1763
2016-07-20 19:27:55,581 - sarcos_all_joints - DEBUG - Objective: 208480.7876
2016-07-20 19:27:55,604 - sarcos_all_joints - DEBUG - Objective: 208480.7876
2016-07-20 19:27:55,641 - sarcos_all_joints - INFO - Optimizing: hyp
2016-07-20 19:32:30,208 - sarcos_all_joints - DEBUG - Objective: 208476.6260
2016-07-20 19:35:52,152 - sarcos_all_joints - DEBUG - Objective: 218685.8843
2016-07-20 19:39:12,059 - sarcos_all_joints - DEBUG - Objective: 208596.1831
2016-07-20 19:44:18,371 - sarcos_all_joints - DEBUG - Objective: 208528.3398
2016-07-20 19:49:17,130 - sarcos_all_joints - DEBUG - Objective: 208497.4434
2016-07-20 19:54:19,465 - sarcos_all_joints - DEBUG - Objective: 208480.2554
2016-07-20 19:57:42,221 - sarcos_all_joints - DEBUG - Objective: 208485.8257
2016-07-20 20:00:59,769 - sarcos_all_joints - DEBUG - Objective: 208515.8315
2016-07-20 20:00:59,769 - sarcos_all_joints - DEBUG - Objective: 208515.8315
2016-07-20 20:00:59,770 - sarcos_all_joints - INFO - Optimizing: ll
2016-07-20 20:01:16,514 - sarcos_all_joints - DEBUG - Objective: 208501.1514
2016-07-20 20:01:31,550 - sarcos_all_joints - DEBUG - Objective: 320161.9966
2016-07-20 20:01:48,122 - sarcos_all_joints - DEBUG - Objective: 208533.7437
2016-07-20 20:02:04,926 - sarcos_all_joints - DEBUG - Objective: 208520.1318
2016-07-20 20:02:16,703 - sarcos_all_joints - DEBUG - Objective: 208514.2051
2016-07-20 20:02:33,392 - sarcos_all_joints - DEBUG - Objective: 208495.9492
2016-07-20 20:02:33,392 - sarcos_all_joints - DEBUG - Objective: 208495.9492
2016-07-20 20:02:45,059 - sarcos_all_joints - DEBUG - Objective: 208489.9351
2016-07-20 20:02:45,059 - sarcos_all_joints - DEBUG - Objective: 208489.9351
2016-07-20 20:02:45,060 - sarcos_all_joints - DEBUG - Objective: 208489.9351
2016-07-20 20:02:56,390 - sarcos_all_joints - DEBUG - Objective: 208588.2827
2016-07-20 20:03:07,961 - sarcos_all_joints - DEBUG - Objective difference: 140.501465
2016-07-20 20:03:07,962 - sarcos_all_joints - INFO - Mean difference: 0.001431
2016-07-20 20:03:07,962 - sarcos_all_joints - INFO - Covariance difference: 0.000020
2016-07-20 20:03:07,962 - sarcos_all_joints - DEBUG - prediction started...
2016-07-20 20:04:18,880 - sarcos_all_joints - DEBUG - prediction finished
