2016-02-01 07:51:20,944 - mnist_binary - INFO - experiment started for:{'run_id': 0, 'max_iter': 300, 'optimization_config': {'hyp': 15, 'mog': 60}, 'xtol': 0.001, 'git_hash': '5a20a6cbfa2bc18023bde97098007afb912d59fd', 'model_init': None, 'ftol': 10, 'latent_noise:': 0.001, 'sparsity_factor': 0.04, 'll': 'LogisticLL', 'sample_num': 2000, 'experiment': 'mnist_binary', 'git_branch': 'exp_framework', 'random_Z': False, 'method': 'full'}
2016-02-01 07:53:12,336 - mnist_binary - INFO - Iteration 0 started.
2016-02-01 07:53:12,336 - mnist_binary - INFO - MoG params
2016-02-01 07:53:30,044 - mnist_binary - DEBUG - objective:118897.9053
2016-02-01 07:53:47,520 - mnist_binary - DEBUG - objective:116464.1146
2016-02-01 07:54:05,195 - mnist_binary - DEBUG - objective:111936.7811
2016-02-01 07:54:22,515 - mnist_binary - DEBUG - objective:108996.3220
2016-02-01 07:54:40,161 - mnist_binary - DEBUG - objective:95876.6669
2016-02-01 07:54:58,651 - mnist_binary - DEBUG - objective:81470.7477
2016-02-01 07:55:17,144 - mnist_binary - DEBUG - objective:52456.7869
2016-02-01 07:55:35,435 - mnist_binary - DEBUG - objective:39682.8195
2016-02-01 07:55:54,242 - mnist_binary - DEBUG - objective:34578.9094
2016-02-01 07:56:12,524 - mnist_binary - DEBUG - objective:33351.7268
2016-02-01 07:56:30,982 - mnist_binary - DEBUG - objective:31376.7985
2016-02-01 07:56:49,681 - mnist_binary - DEBUG - objective:25491.0664
2016-02-01 07:57:08,281 - mnist_binary - DEBUG - objective:24094.4399
2016-02-01 07:57:27,065 - mnist_binary - DEBUG - objective:21748.7941
2016-02-01 07:57:46,072 - mnist_binary - DEBUG - objective:20648.1332
2016-02-01 07:58:04,654 - mnist_binary - DEBUG - objective:18874.4515
2016-02-01 07:58:23,274 - mnist_binary - DEBUG - objective:17570.0365
2016-02-01 07:58:41,776 - mnist_binary - DEBUG - objective:16838.6121
2016-02-01 07:59:00,172 - mnist_binary - DEBUG - objective:15956.6739
2016-02-01 07:59:19,210 - mnist_binary - DEBUG - objective:14942.3508
2016-02-01 07:59:38,401 - mnist_binary - DEBUG - objective:14325.0698
2016-02-01 07:59:57,479 - mnist_binary - DEBUG - objective:13594.8828
2016-02-01 08:00:16,302 - mnist_binary - DEBUG - objective:13191.3575
2016-02-01 08:00:35,219 - mnist_binary - DEBUG - objective:12250.0549
2016-02-01 08:00:53,896 - mnist_binary - DEBUG - objective:11738.8637
2016-02-01 08:01:13,028 - mnist_binary - DEBUG - objective:11143.2846
2016-02-01 08:01:31,594 - mnist_binary - DEBUG - objective:10536.7325
2016-02-01 08:01:50,495 - mnist_binary - DEBUG - objective:10024.9752
2016-02-01 08:02:09,175 - mnist_binary - DEBUG - objective:9914.1253
2016-02-01 08:02:28,013 - mnist_binary - DEBUG - objective:9320.6540
2016-02-01 08:02:46,897 - mnist_binary - DEBUG - objective:9137.3324
2016-02-01 08:03:05,815 - mnist_binary - DEBUG - objective:8807.8525
2016-02-01 08:03:24,806 - mnist_binary - DEBUG - objective:8520.1687
2016-02-01 08:03:43,652 - mnist_binary - DEBUG - objective:8256.2231
2016-02-01 08:04:02,583 - mnist_binary - DEBUG - objective:8146.0233
2016-02-01 08:04:21,205 - mnist_binary - DEBUG - objective:7997.6372
2016-02-01 08:04:39,685 - mnist_binary - DEBUG - objective:7765.1606
2016-02-01 08:04:58,487 - mnist_binary - DEBUG - objective:7613.2747
2016-02-01 08:05:17,225 - mnist_binary - DEBUG - objective:7364.8346
2016-02-01 08:05:36,077 - mnist_binary - DEBUG - objective:7226.0792
2016-02-01 08:05:54,849 - mnist_binary - DEBUG - objective:7080.9947
2016-02-01 08:06:13,494 - mnist_binary - DEBUG - objective:6887.9842
2016-02-01 08:06:32,358 - mnist_binary - DEBUG - objective:6700.2138
2016-02-01 08:06:51,320 - mnist_binary - DEBUG - objective:6614.0834
2016-02-01 08:07:10,203 - mnist_binary - DEBUG - objective:6568.8639
2016-02-01 08:07:28,755 - mnist_binary - DEBUG - objective:6509.5049
2016-02-01 08:07:50,371 - mnist_binary - DEBUG - objective:6388.3472
2016-02-01 08:08:08,530 - mnist_binary - DEBUG - objective:6270.3527
2016-02-01 08:08:27,361 - mnist_binary - DEBUG - objective:6187.6762
2016-02-01 08:08:46,445 - mnist_binary - DEBUG - objective:6132.4496
2016-02-01 08:09:04,996 - mnist_binary - DEBUG - objective:6083.8447
2016-02-01 08:09:23,530 - mnist_binary - DEBUG - objective:5973.8640
2016-02-01 08:09:42,966 - mnist_binary - DEBUG - objective:6038.8981
2016-02-01 08:10:02,499 - mnist_binary - DEBUG - objective:5932.1398
2016-02-01 08:10:21,314 - mnist_binary - DEBUG - objective:5883.3422
2016-02-01 08:10:39,915 - mnist_binary - DEBUG - objective:5838.6802
2016-02-01 08:10:58,780 - mnist_binary - DEBUG - objective:5805.5325
2016-02-01 08:11:20,083 - mnist_binary - DEBUG - objective:5754.0764
2016-02-01 08:11:39,008 - mnist_binary - DEBUG - objective:5687.3433
2016-02-01 08:11:57,759 - mnist_binary - DEBUG - objective:5631.4925
2016-02-01 08:12:16,230 - mnist_binary - DEBUG - objective:5598.6937
2016-02-01 08:12:16,858 - mnist_binary - INFO - Saving model...
2016-02-01 08:12:20,384 - mnist_binary - INFO - Model saved.
2016-02-01 08:12:20,384 - mnist_binary - INFO - hyp params
2016-02-01 08:13:38,621 - mnist_binary - DEBUG - objective:5598.6937
2016-02-01 08:14:58,570 - mnist_binary - DEBUG - objective:22515.9711
2016-02-01 08:16:17,974 - mnist_binary - DEBUG - objective:5534.1631
2016-02-01 08:17:36,847 - mnist_binary - DEBUG - objective:5526.5924
2016-02-01 08:18:56,488 - mnist_binary - DEBUG - objective:5526.5615
2016-02-01 08:20:16,244 - mnist_binary - DEBUG - objective:5526.5615
2016-02-01 08:21:35,412 - mnist_binary - DEBUG - objective:5526.5615
2016-02-01 08:22:54,938 - mnist_binary - DEBUG - objective:5526.5614
2016-02-01 08:24:14,228 - mnist_binary - DEBUG - objective:5526.5605
2016-02-01 08:25:33,796 - mnist_binary - DEBUG - objective:5526.5584
2016-02-01 08:26:52,940 - mnist_binary - DEBUG - objective:5526.5549
2016-02-01 08:28:12,168 - mnist_binary - DEBUG - objective:5526.5522
2016-02-01 08:29:31,473 - mnist_binary - DEBUG - objective:5526.5518
2016-02-01 08:30:50,811 - mnist_binary - DEBUG - objective:5526.5518
2016-02-01 08:32:10,621 - mnist_binary - DEBUG - objective:5526.5518
2016-02-01 08:33:30,224 - mnist_binary - DEBUG - objective:5526.5518
2016-02-01 08:34:48,914 - mnist_binary - INFO - Iteration 1 started.
2016-02-01 08:34:48,915 - mnist_binary - INFO - MoG params
2016-02-01 08:35:07,831 - mnist_binary - DEBUG - objective:5526.5518
2016-02-01 08:35:26,367 - mnist_binary - DEBUG - objective:5551.6702
2016-02-01 08:35:45,065 - mnist_binary - DEBUG - objective:5513.1731
2016-02-01 08:36:03,682 - mnist_binary - DEBUG - objective:5497.2428
2016-02-01 08:36:22,505 - mnist_binary - DEBUG - objective:5473.0095
2016-02-01 08:36:41,309 - mnist_binary - DEBUG - objective:5455.6851
2016-02-01 08:36:59,891 - mnist_binary - DEBUG - objective:5450.7582
2016-02-01 08:37:18,829 - mnist_binary - DEBUG - objective:5438.9390
2016-02-01 08:37:37,202 - mnist_binary - DEBUG - objective:5412.2035
2016-02-01 08:37:55,537 - mnist_binary - DEBUG - objective:5377.7418
2016-02-01 08:38:14,536 - mnist_binary - DEBUG - objective:5338.7777
2016-02-01 08:38:33,612 - mnist_binary - DEBUG - objective:5386.5882
2016-02-01 08:38:52,192 - mnist_binary - DEBUG - objective:5322.5016
2016-02-01 08:39:11,076 - mnist_binary - DEBUG - objective:5301.3038
2016-02-01 08:39:30,083 - mnist_binary - DEBUG - objective:5290.4844
2016-02-01 08:39:49,067 - mnist_binary - DEBUG - objective:5276.1015
2016-02-01 08:40:07,693 - mnist_binary - DEBUG - objective:5266.3863
2016-02-01 08:40:26,801 - mnist_binary - DEBUG - objective:5244.4527
2016-02-01 08:40:45,440 - mnist_binary - DEBUG - objective:5230.7093
2016-02-01 08:41:04,027 - mnist_binary - DEBUG - objective:5217.9656
2016-02-01 08:41:22,983 - mnist_binary - DEBUG - objective:5200.6545
2016-02-01 08:41:41,655 - mnist_binary - DEBUG - objective:5212.9072
2016-02-01 08:42:00,179 - mnist_binary - DEBUG - objective:5185.9340
2016-02-01 08:42:19,429 - mnist_binary - DEBUG - objective:5164.6094
2016-02-01 08:42:38,243 - mnist_binary - DEBUG - objective:5153.0360
2016-02-01 08:42:57,026 - mnist_binary - DEBUG - objective:5144.7004
2016-02-01 08:43:16,146 - mnist_binary - DEBUG - objective:5133.2929
2016-02-01 08:43:35,552 - mnist_binary - DEBUG - objective:5125.7972
2016-02-01 08:43:54,121 - mnist_binary - DEBUG - objective:5104.5079
2016-02-01 08:44:12,658 - mnist_binary - DEBUG - objective:5101.8008
2016-02-01 08:44:31,282 - mnist_binary - DEBUG - objective:5082.3032
2016-02-01 08:44:50,270 - mnist_binary - DEBUG - objective:5076.9482
2016-02-01 08:45:08,816 - mnist_binary - DEBUG - objective:5070.9463
2016-02-01 08:45:27,440 - mnist_binary - DEBUG - objective:5060.5138
2016-02-01 08:45:46,215 - mnist_binary - DEBUG - objective:5055.3427
2016-02-01 08:46:04,716 - mnist_binary - DEBUG - objective:5035.4846
2016-02-01 08:46:23,510 - mnist_binary - DEBUG - objective:5026.8614
2016-02-01 08:46:42,240 - mnist_binary - DEBUG - objective:5015.9711
2016-02-01 08:47:00,834 - mnist_binary - DEBUG - objective:5005.1983
2016-02-01 08:47:19,577 - mnist_binary - DEBUG - objective:5008.1406
2016-02-01 08:47:38,255 - mnist_binary - DEBUG - objective:4998.6957
2016-02-01 08:47:56,688 - mnist_binary - DEBUG - objective:4991.3484
2016-02-01 08:48:15,705 - mnist_binary - DEBUG - objective:4984.1900
2016-02-01 08:48:34,848 - mnist_binary - DEBUG - objective:4976.9365
2016-02-01 08:48:53,913 - mnist_binary - DEBUG - objective:4960.8603
2016-02-01 08:49:12,808 - mnist_binary - DEBUG - objective:4970.7614
2016-02-01 08:49:31,066 - mnist_binary - DEBUG - objective:4953.6451
2016-02-01 08:49:49,647 - mnist_binary - DEBUG - objective:4940.8955
2016-02-01 08:50:08,111 - mnist_binary - DEBUG - objective:4934.2783
2016-02-01 08:50:26,868 - mnist_binary - DEBUG - objective:4929.6380
2016-02-01 08:50:45,797 - mnist_binary - DEBUG - objective:4922.1678
2016-02-01 08:51:04,372 - mnist_binary - DEBUG - objective:4912.5513
2016-02-01 08:51:23,426 - mnist_binary - DEBUG - objective:4906.6701
2016-02-01 08:51:42,605 - mnist_binary - DEBUG - objective:4899.3958
2016-02-01 08:52:01,780 - mnist_binary - DEBUG - objective:4895.5036
2016-02-01 08:52:20,430 - mnist_binary - DEBUG - objective:4890.6097
2016-02-01 08:52:39,008 - mnist_binary - DEBUG - objective:4882.2860
2016-02-01 08:52:57,862 - mnist_binary - DEBUG - objective:4874.6940
2016-02-01 08:53:16,826 - mnist_binary - DEBUG - objective:4868.3091
2016-02-01 08:53:35,416 - mnist_binary - DEBUG - objective:4866.4710
2016-02-01 08:53:54,180 - mnist_binary - DEBUG - objective:4864.4913
2016-02-01 08:53:54,811 - mnist_binary - INFO - Saving model...
2016-02-01 08:53:59,424 - mnist_binary - INFO - Model saved.
2016-02-01 08:53:59,441 - mnist_binary - DEBUG - ftol: 734.202388624
2016-02-01 08:53:59,441 - mnist_binary - INFO - diff:m:0.8675708946 s:0.00404950111042
2016-02-01 08:53:59,441 - mnist_binary - INFO - hyp params
2016-02-01 08:55:16,866 - mnist_binary - DEBUG - objective:4864.4913
2016-02-01 08:56:36,048 - mnist_binary - DEBUG - objective:22598.8468
2016-02-01 08:57:55,113 - mnist_binary - DEBUG - objective:4851.4328
2016-02-01 08:59:14,479 - mnist_binary - DEBUG - objective:4825.8849
2016-02-01 09:00:33,879 - mnist_binary - DEBUG - objective:4825.5989
2016-02-01 09:01:53,380 - mnist_binary - DEBUG - objective:4824.7428
2016-02-01 09:03:12,227 - mnist_binary - DEBUG - objective:4822.9074
2016-02-01 09:04:32,224 - mnist_binary - DEBUG - objective:4819.5541
2016-02-01 09:05:51,875 - mnist_binary - DEBUG - objective:4815.5391
2016-02-01 09:07:10,773 - mnist_binary - DEBUG - objective:4813.6691
2016-02-01 09:08:30,518 - mnist_binary - DEBUG - objective:4813.5569
2016-02-01 09:09:50,297 - mnist_binary - DEBUG - objective:4813.5530
2016-02-01 09:11:09,958 - mnist_binary - DEBUG - objective:4813.5524
2016-02-01 09:12:29,735 - mnist_binary - DEBUG - objective:4813.5524
2016-02-01 09:13:49,194 - mnist_binary - DEBUG - objective:4813.5524
2016-02-01 09:15:08,871 - mnist_binary - DEBUG - objective:4813.5524
2016-02-01 09:15:08,871 - mnist_binary - INFO - Iteration 2 started.
2016-02-01 09:15:08,871 - mnist_binary - INFO - MoG params
2016-02-01 09:15:27,944 - mnist_binary - DEBUG - objective:4813.5524
2016-02-01 09:15:46,578 - mnist_binary - DEBUG - objective:5118.7326
2016-02-01 09:16:04,735 - mnist_binary - DEBUG - objective:4812.1675
2016-02-01 09:16:23,046 - mnist_binary - DEBUG - objective:4811.3338
2016-02-01 09:16:41,870 - mnist_binary - DEBUG - objective:4808.4719
2016-02-01 09:17:00,529 - mnist_binary - DEBUG - objective:4803.7821
2016-02-01 09:17:19,264 - mnist_binary - DEBUG - objective:4795.5044
2016-02-01 09:17:37,984 - mnist_binary - DEBUG - objective:4806.0939
2016-02-01 09:17:56,435 - mnist_binary - DEBUG - objective:4792.3432
2016-02-01 09:18:15,337 - mnist_binary - DEBUG - objective:4788.6715
2016-02-01 09:18:34,010 - mnist_binary - DEBUG - objective:4786.9230
2016-02-01 09:18:52,514 - mnist_binary - DEBUG - objective:4785.7819
2016-02-01 09:19:11,195 - mnist_binary - DEBUG - objective:4782.7906
2016-02-01 09:19:30,255 - mnist_binary - DEBUG - objective:4776.9780
2016-02-01 09:19:49,162 - mnist_binary - DEBUG - objective:4767.9689
2016-02-01 09:20:08,222 - mnist_binary - DEBUG - objective:4765.1745
2016-02-01 09:20:27,347 - mnist_binary - DEBUG - objective:4752.2926
2016-02-01 09:20:45,691 - mnist_binary - DEBUG - objective:4749.6353
2016-02-01 09:21:04,347 - mnist_binary - DEBUG - objective:4748.1914
2016-02-01 09:21:23,215 - mnist_binary - DEBUG - objective:4747.1354
2016-02-01 09:21:41,927 - mnist_binary - DEBUG - objective:4745.2818
2016-02-01 09:22:00,533 - mnist_binary - DEBUG - objective:4742.2901
2016-02-01 09:22:19,867 - mnist_binary - DEBUG - objective:4739.0679
2016-02-01 09:22:39,020 - mnist_binary - DEBUG - objective:4736.4874
2016-02-01 09:22:58,371 - mnist_binary - DEBUG - objective:4731.2400
2016-02-01 09:23:17,509 - mnist_binary - DEBUG - objective:4729.8835
2016-02-01 09:23:36,212 - mnist_binary - DEBUG - objective:4726.4669
2016-02-01 09:23:55,127 - mnist_binary - DEBUG - objective:4725.1903
2016-02-01 09:24:14,338 - mnist_binary - DEBUG - objective:4723.7943
2016-02-01 09:24:33,213 - mnist_binary - DEBUG - objective:4721.1388
2016-02-01 09:24:51,647 - mnist_binary - DEBUG - objective:4732.7391
2016-02-01 09:25:09,863 - mnist_binary - DEBUG - objective:4719.6430
2016-02-01 09:25:28,535 - mnist_binary - DEBUG - objective:4715.6298
2016-02-01 09:25:47,604 - mnist_binary - DEBUG - objective:4711.7046
2016-02-01 09:26:06,578 - mnist_binary - DEBUG - objective:4712.0757
2016-02-01 09:26:25,064 - mnist_binary - DEBUG - objective:4709.7079
2016-02-01 09:26:43,746 - mnist_binary - DEBUG - objective:4707.6826
2016-02-01 09:27:02,878 - mnist_binary - DEBUG - objective:4706.0551
2016-02-01 09:27:21,944 - mnist_binary - DEBUG - objective:4704.0270
2016-02-01 09:27:40,914 - mnist_binary - DEBUG - objective:4700.9893
2016-02-01 09:27:59,575 - mnist_binary - DEBUG - objective:4697.8562
2016-02-01 09:28:18,382 - mnist_binary - DEBUG - objective:4697.3172
2016-02-01 09:28:37,251 - mnist_binary - DEBUG - objective:4694.5156
2016-02-01 09:28:56,314 - mnist_binary - DEBUG - objective:4693.3693
2016-02-01 09:29:15,360 - mnist_binary - DEBUG - objective:4690.2244
2016-02-01 09:29:34,247 - mnist_binary - DEBUG - objective:4687.4181
2016-02-01 09:29:52,970 - mnist_binary - DEBUG - objective:4686.5133
2016-02-01 09:30:11,840 - mnist_binary - DEBUG - objective:4684.4795
2016-02-01 09:30:30,832 - mnist_binary - DEBUG - objective:4683.8080
2016-02-01 09:30:49,823 - mnist_binary - DEBUG - objective:4682.3623
2016-02-01 09:31:08,692 - mnist_binary - DEBUG - objective:4679.5605
2016-02-01 09:31:27,301 - mnist_binary - DEBUG - objective:4674.8200
2016-02-01 09:31:46,229 - mnist_binary - DEBUG - objective:4682.5657
2016-02-01 09:32:04,636 - mnist_binary - DEBUG - objective:4672.6229
2016-02-01 09:32:23,776 - mnist_binary - DEBUG - objective:4669.8566
2016-02-01 09:32:42,740 - mnist_binary - DEBUG - objective:4668.7347
2016-02-01 09:33:01,305 - mnist_binary - DEBUG - objective:4667.8260
2016-02-01 09:33:19,852 - mnist_binary - DEBUG - objective:4666.3004
2016-02-01 09:33:38,622 - mnist_binary - DEBUG - objective:4664.2700
2016-02-01 09:33:57,298 - mnist_binary - DEBUG - objective:4659.9288
2016-02-01 09:34:15,898 - mnist_binary - DEBUG - objective:4659.1681
2016-02-01 09:34:16,524 - mnist_binary - INFO - Saving model...
2016-02-01 09:34:21,100 - mnist_binary - INFO - Model saved.
2016-02-01 09:34:21,117 - mnist_binary - DEBUG - ftol: 205.323124953
2016-02-01 09:34:21,118 - mnist_binary - INFO - diff:m:0.391336224569 s:0.00165873705724
2016-02-01 09:34:21,118 - mnist_binary - INFO - hyp params
2016-02-01 09:35:39,133 - mnist_binary - DEBUG - objective:4659.1681
2016-02-01 09:36:59,122 - mnist_binary - DEBUG - objective:24381.9610
2016-02-01 09:38:18,934 - mnist_binary - DEBUG - objective:4648.6678
2016-02-01 09:39:38,393 - mnist_binary - DEBUG - objective:4642.9919
2016-02-01 09:40:57,697 - mnist_binary - DEBUG - objective:4642.8436
2016-02-01 09:42:17,226 - mnist_binary - DEBUG - objective:4641.1520
2016-02-01 09:43:36,733 - mnist_binary - DEBUG - objective:4638.9857
2016-02-01 09:44:56,523 - mnist_binary - DEBUG - objective:4635.7805
2016-02-01 09:46:16,647 - mnist_binary - DEBUG - objective:4633.8670
2016-02-01 09:47:36,483 - mnist_binary - DEBUG - objective:4633.8504
2016-02-01 09:48:55,960 - mnist_binary - DEBUG - objective:4633.8495
2016-02-01 09:50:15,869 - mnist_binary - DEBUG - objective:4633.8495
2016-02-01 09:51:35,421 - mnist_binary - DEBUG - objective:4633.8495
2016-02-01 09:52:55,280 - mnist_binary - DEBUG - objective:4633.8495
2016-02-01 09:54:14,296 - mnist_binary - DEBUG - objective:4633.8495
2016-02-01 09:55:34,136 - mnist_binary - DEBUG - objective:4633.8495
2016-02-01 09:55:34,137 - mnist_binary - INFO - Iteration 3 started.
2016-02-01 09:55:34,137 - mnist_binary - INFO - MoG params
2016-02-01 09:55:53,144 - mnist_binary - DEBUG - objective:4633.8495
2016-02-01 09:56:11,889 - mnist_binary - DEBUG - objective:5280.2696
2016-02-01 09:56:30,455 - mnist_binary - DEBUG - objective:4630.6775
2016-02-01 09:56:49,283 - mnist_binary - DEBUG - objective:4630.3529
2016-02-01 09:57:07,807 - mnist_binary - DEBUG - objective:4629.6544
2016-02-01 09:57:26,128 - mnist_binary - DEBUG - objective:4628.6534
2016-02-01 09:57:44,832 - mnist_binary - DEBUG - objective:4626.1388
2016-02-01 09:58:03,480 - mnist_binary - DEBUG - objective:4624.1533
2016-02-01 09:58:21,977 - mnist_binary - DEBUG - objective:4623.0020
2016-02-01 09:58:40,562 - mnist_binary - DEBUG - objective:4622.1958
2016-02-01 09:58:59,239 - mnist_binary - DEBUG - objective:4621.6676
2016-02-01 09:59:18,128 - mnist_binary - DEBUG - objective:4620.6458
2016-02-01 09:59:37,056 - mnist_binary - DEBUG - objective:4618.4254
2016-02-01 09:59:55,759 - mnist_binary - DEBUG - objective:4615.2770
2016-02-01 10:00:14,564 - mnist_binary - DEBUG - objective:4654.6260
2016-02-01 10:00:33,186 - mnist_binary - DEBUG - objective:4614.9037
2016-02-01 10:00:51,948 - mnist_binary - DEBUG - objective:4612.6874
2016-02-01 10:01:10,574 - mnist_binary - DEBUG - objective:4611.6318
2016-02-01 10:01:29,599 - mnist_binary - DEBUG - objective:4610.8656
2016-02-01 10:01:48,064 - mnist_binary - DEBUG - objective:4609.9307
2016-02-01 10:02:06,896 - mnist_binary - DEBUG - objective:4607.5685
2016-02-01 10:02:25,802 - mnist_binary - DEBUG - objective:4604.4296
2016-02-01 10:02:44,505 - mnist_binary - DEBUG - objective:4606.9821
2016-02-01 10:03:03,351 - mnist_binary - DEBUG - objective:4602.8543
2016-02-01 10:03:22,498 - mnist_binary - DEBUG - objective:4601.0804
2016-02-01 10:03:41,667 - mnist_binary - DEBUG - objective:4600.2845
2016-02-01 10:04:00,253 - mnist_binary - DEBUG - objective:4600.0294
2016-02-01 10:04:19,045 - mnist_binary - DEBUG - objective:4599.1262
2016-02-01 10:04:38,370 - mnist_binary - DEBUG - objective:4598.3586
2016-02-01 10:04:57,159 - mnist_binary - DEBUG - objective:4596.1326
2016-02-01 10:05:15,811 - mnist_binary - DEBUG - objective:4593.1258
2016-02-01 10:05:34,813 - mnist_binary - DEBUG - objective:4591.0472
2016-02-01 10:05:53,879 - mnist_binary - DEBUG - objective:4589.5274
2016-02-01 10:06:12,886 - mnist_binary - DEBUG - objective:4587.5776
2016-02-01 10:06:31,619 - mnist_binary - DEBUG - objective:4585.6822
2016-02-01 10:06:50,559 - mnist_binary - DEBUG - objective:4582.4048
2016-02-01 10:07:09,938 - mnist_binary - DEBUG - objective:4581.9923
2016-02-01 10:07:28,829 - mnist_binary - DEBUG - objective:4580.3806
2016-02-01 10:07:47,593 - mnist_binary - DEBUG - objective:4579.9909
2016-02-01 10:08:06,540 - mnist_binary - DEBUG - objective:4579.5026
2016-02-01 10:08:25,577 - mnist_binary - DEBUG - objective:4578.8852
2016-02-01 10:08:44,238 - mnist_binary - DEBUG - objective:4577.4654
2016-02-01 10:09:03,047 - mnist_binary - DEBUG - objective:4579.4423
2016-02-01 10:09:21,309 - mnist_binary - DEBUG - objective:4576.5655
2016-02-01 10:09:39,870 - mnist_binary - DEBUG - objective:4574.8010
2016-02-01 10:09:58,975 - mnist_binary - DEBUG - objective:4572.6917
2016-02-01 10:10:17,431 - mnist_binary - DEBUG - objective:4571.1011
2016-02-01 10:10:36,315 - mnist_binary - DEBUG - objective:4568.8387
2016-02-01 10:10:55,690 - mnist_binary - DEBUG - objective:4566.9954
2016-02-01 10:11:14,473 - mnist_binary - DEBUG - objective:4563.4909
2016-02-01 10:11:33,115 - mnist_binary - DEBUG - objective:4561.7579
2016-02-01 10:11:51,715 - mnist_binary - DEBUG - objective:4560.9202
2016-02-01 10:12:10,744 - mnist_binary - DEBUG - objective:4559.8870
2016-02-01 10:12:29,937 - mnist_binary - DEBUG - objective:4557.5857
2016-02-01 10:12:49,004 - mnist_binary - DEBUG - objective:4557.7846
2016-02-01 10:13:07,387 - mnist_binary - DEBUG - objective:4556.5582
2016-02-01 10:13:26,051 - mnist_binary - DEBUG - objective:4555.0864
2016-02-01 10:13:44,944 - mnist_binary - DEBUG - objective:4553.7030
2016-02-01 10:14:03,280 - mnist_binary - DEBUG - objective:4552.2972
2016-02-01 10:14:21,869 - mnist_binary - DEBUG - objective:4550.6968
2016-02-01 10:14:40,624 - mnist_binary - DEBUG - objective:4550.2976
2016-02-01 10:14:41,335 - mnist_binary - INFO - Saving model...
2016-02-01 10:14:45,982 - mnist_binary - INFO - Model saved.
2016-02-01 10:14:45,999 - mnist_binary - DEBUG - ftol: 108.870550588
2016-02-01 10:14:45,999 - mnist_binary - INFO - diff:m:0.338888569646 s:0.00146912901984
2016-02-01 10:14:45,999 - mnist_binary - INFO - hyp params
2016-02-01 10:16:03,872 - mnist_binary - DEBUG - objective:4550.2976
2016-02-01 10:17:23,614 - mnist_binary - DEBUG - objective:26208.1897
2016-02-01 10:18:43,165 - mnist_binary - DEBUG - objective:4539.5098
2016-02-01 10:20:03,245 - mnist_binary - DEBUG - objective:4538.2369
2016-02-01 10:21:23,032 - mnist_binary - DEBUG - objective:4538.1854
2016-02-01 10:22:41,499 - mnist_binary - DEBUG - objective:4538.0216
2016-02-01 10:24:01,402 - mnist_binary - DEBUG - objective:4537.3803
2016-02-01 10:25:21,112 - mnist_binary - DEBUG - objective:4535.9493
2016-02-01 10:26:39,781 - mnist_binary - DEBUG - objective:4534.8871
2016-02-01 10:27:59,320 - mnist_binary - DEBUG - objective:4534.5536
2016-02-01 10:29:18,609 - mnist_binary - DEBUG - objective:4534.5386
2016-02-01 10:30:38,390 - mnist_binary - DEBUG - objective:4534.5381
2016-02-01 10:31:58,411 - mnist_binary - DEBUG - objective:4534.5380
2016-02-01 10:33:18,621 - mnist_binary - DEBUG - objective:4534.5379
2016-02-01 10:34:38,255 - mnist_binary - DEBUG - objective:4534.5379
2016-02-01 10:34:38,256 - mnist_binary - INFO - Iteration 4 started.
2016-02-01 10:34:38,256 - mnist_binary - INFO - MoG params
2016-02-01 10:34:56,990 - mnist_binary - DEBUG - objective:4534.5379
2016-02-01 10:35:15,273 - mnist_binary - DEBUG - objective:5410.1142
2016-02-01 10:35:34,246 - mnist_binary - DEBUG - objective:4533.0043
2016-02-01 10:35:52,570 - mnist_binary - DEBUG - objective:4532.7573
2016-02-01 10:36:11,425 - mnist_binary - DEBUG - objective:4532.3812
2016-02-01 10:36:30,063 - mnist_binary - DEBUG - objective:4531.6076
2016-02-01 10:36:48,719 - mnist_binary - DEBUG - objective:4529.8328
2016-02-01 10:37:07,506 - mnist_binary - DEBUG - objective:4527.7768
2016-02-01 10:37:26,380 - mnist_binary - DEBUG - objective:4524.8664
2016-02-01 10:37:45,218 - mnist_binary - DEBUG - objective:4523.2893
2016-02-01 10:38:04,170 - mnist_binary - DEBUG - objective:4522.7691
2016-02-01 10:38:23,204 - mnist_binary - DEBUG - objective:4522.5515
2016-02-01 10:38:42,440 - mnist_binary - DEBUG - objective:4521.5559
2016-02-01 10:39:01,149 - mnist_binary - DEBUG - objective:4520.0223
2016-02-01 10:39:20,085 - mnist_binary - DEBUG - objective:4517.7000
2016-02-01 10:39:39,029 - mnist_binary - DEBUG - objective:4525.5809
2016-02-01 10:39:57,480 - mnist_binary - DEBUG - objective:4517.0052
2016-02-01 10:40:16,724 - mnist_binary - DEBUG - objective:4515.7236
2016-02-01 10:40:35,388 - mnist_binary - DEBUG - objective:4515.0579
2016-02-01 10:40:54,277 - mnist_binary - DEBUG - objective:4514.6076
2016-02-01 10:41:13,296 - mnist_binary - DEBUG - objective:4513.8022
2016-02-01 10:41:32,122 - mnist_binary - DEBUG - objective:4512.2710
2016-02-01 10:41:51,149 - mnist_binary - DEBUG - objective:4512.7146
2016-02-01 10:42:09,741 - mnist_binary - DEBUG - objective:4511.5376
2016-02-01 10:42:28,520 - mnist_binary - DEBUG - objective:4510.3574
2016-02-01 10:42:47,519 - mnist_binary - DEBUG - objective:4509.8824
2016-02-01 10:43:06,542 - mnist_binary - DEBUG - objective:4509.6629
2016-02-01 10:43:25,444 - mnist_binary - DEBUG - objective:4509.3150
2016-02-01 10:43:44,329 - mnist_binary - DEBUG - objective:4508.4134
2016-02-01 10:44:03,544 - mnist_binary - DEBUG - objective:4507.1361
2016-02-01 10:44:22,738 - mnist_binary - DEBUG - objective:4506.0078
2016-02-01 10:44:41,878 - mnist_binary - DEBUG - objective:4505.0107
2016-02-01 10:45:00,997 - mnist_binary - DEBUG - objective:4504.5717
2016-02-01 10:45:19,729 - mnist_binary - DEBUG - objective:4504.3206
2016-02-01 10:45:38,903 - mnist_binary - DEBUG - objective:4503.6144
2016-02-01 10:45:57,774 - mnist_binary - DEBUG - objective:4501.5300
2016-02-01 10:46:16,799 - mnist_binary - DEBUG - objective:4501.1351
2016-02-01 10:46:35,269 - mnist_binary - DEBUG - objective:4499.4573
2016-02-01 10:46:54,225 - mnist_binary - DEBUG - objective:4499.1778
2016-02-01 10:47:13,107 - mnist_binary - DEBUG - objective:4498.8200
2016-02-01 10:47:31,852 - mnist_binary - DEBUG - objective:4498.4134
2016-02-01 10:47:51,175 - mnist_binary - DEBUG - objective:4497.2181
2016-02-01 10:48:10,007 - mnist_binary - DEBUG - objective:4496.7505
2016-02-01 10:48:28,975 - mnist_binary - DEBUG - objective:4494.7113
2016-02-01 10:48:48,120 - mnist_binary - DEBUG - objective:4493.6457
2016-02-01 10:49:06,952 - mnist_binary - DEBUG - objective:4492.5397
2016-02-01 10:49:26,042 - mnist_binary - DEBUG - objective:4492.1444
2016-02-01 10:49:44,912 - mnist_binary - DEBUG - objective:4491.0222
2016-02-01 10:50:03,755 - mnist_binary - DEBUG - objective:4490.5882
2016-02-01 10:50:22,884 - mnist_binary - DEBUG - objective:4489.8382
2016-02-01 10:50:41,912 - mnist_binary - DEBUG - objective:4489.1899
2016-02-01 10:51:01,087 - mnist_binary - DEBUG - objective:4488.4034
2016-02-01 10:51:19,988 - mnist_binary - DEBUG - objective:4487.8928
2016-02-01 10:51:39,158 - mnist_binary - DEBUG - objective:4487.4981
2016-02-01 10:51:58,142 - mnist_binary - DEBUG - objective:4487.1159
2016-02-01 10:52:16,948 - mnist_binary - DEBUG - objective:4486.5985
2016-02-01 10:52:35,956 - mnist_binary - DEBUG - objective:4485.8847
2016-02-01 10:52:54,829 - mnist_binary - DEBUG - objective:4484.9046
2016-02-01 10:53:13,804 - mnist_binary - DEBUG - objective:4484.2649
2016-02-01 10:53:32,487 - mnist_binary - DEBUG - objective:4483.6884
2016-02-01 10:53:51,487 - mnist_binary - DEBUG - objective:4483.6843
2016-02-01 10:53:51,814 - mnist_binary - INFO - Saving model...
2016-02-01 10:53:56,368 - mnist_binary - INFO - Model saved.
2016-02-01 10:53:56,386 - mnist_binary - DEBUG - ftol: 66.6132649978
2016-02-01 10:53:56,386 - mnist_binary - INFO - diff:m:0.255529200873 s:0.001119456041
2016-02-01 10:53:56,386 - mnist_binary - INFO - hyp params
2016-02-01 10:55:14,600 - mnist_binary - DEBUG - objective:4483.6843
2016-02-01 10:56:34,148 - mnist_binary - DEBUG - objective:27876.6056
2016-02-01 10:57:54,613 - mnist_binary - DEBUG - objective:4475.7415
2016-02-01 10:59:14,510 - mnist_binary - DEBUG - objective:4475.3370
2016-02-01 11:00:34,816 - mnist_binary - DEBUG - objective:4475.3086
2016-02-01 11:01:54,871 - mnist_binary - DEBUG - objective:4475.2158
2016-02-01 11:03:14,702 - mnist_binary - DEBUG - objective:4474.8216
2016-02-01 11:04:34,780 - mnist_binary - DEBUG - objective:4474.0092
2016-02-01 11:05:54,870 - mnist_binary - DEBUG - objective:4473.3664
2016-02-01 11:07:14,524 - mnist_binary - DEBUG - objective:4473.1526
2016-02-01 11:08:34,808 - mnist_binary - DEBUG - objective:4473.1419
2016-02-01 11:09:53,978 - mnist_binary - DEBUG - objective:4473.1416
2016-02-01 11:11:13,713 - mnist_binary - DEBUG - objective:4473.1415
2016-02-01 11:12:32,391 - mnist_binary - DEBUG - objective:4473.1415
2016-02-01 11:13:51,323 - mnist_binary - DEBUG - objective:4473.1415
2016-02-01 11:13:51,324 - mnist_binary - INFO - Iteration 5 started.
2016-02-01 11:13:51,324 - mnist_binary - INFO - MoG params
2016-02-01 11:14:10,302 - mnist_binary - DEBUG - objective:4473.1415
2016-02-01 11:14:28,798 - mnist_binary - DEBUG - objective:5124.0283
2016-02-01 11:14:47,274 - mnist_binary - DEBUG - objective:4472.8757
2016-02-01 11:15:06,004 - mnist_binary - DEBUG - objective:4472.8262
2016-02-01 11:15:24,832 - mnist_binary - DEBUG - objective:4472.6937
2016-02-01 11:15:43,403 - mnist_binary - DEBUG - objective:4472.4667
2016-02-01 11:16:02,052 - mnist_binary - DEBUG - objective:4471.8936
2016-02-01 11:16:20,305 - mnist_binary - DEBUG - objective:4470.9530
2016-02-01 11:16:38,765 - mnist_binary - DEBUG - objective:4470.0040
2016-02-01 11:16:57,458 - mnist_binary - DEBUG - objective:4469.4139
2016-02-01 11:17:16,145 - mnist_binary - DEBUG - objective:4469.1089
2016-02-01 11:17:35,052 - mnist_binary - DEBUG - objective:4468.8777
2016-02-01 11:17:54,100 - mnist_binary - DEBUG - objective:4468.5805
2016-02-01 11:18:12,596 - mnist_binary - DEBUG - objective:4467.6615
2016-02-01 11:18:31,228 - mnist_binary - DEBUG - objective:4466.1293
2016-02-01 11:18:50,504 - mnist_binary - DEBUG - objective:4468.5658
2016-02-01 11:19:08,969 - mnist_binary - DEBUG - objective:4465.5234
2016-02-01 11:19:27,995 - mnist_binary - DEBUG - objective:4463.8965
2016-02-01 11:19:46,465 - mnist_binary - DEBUG - objective:4463.0919
2016-02-01 11:20:05,119 - mnist_binary - DEBUG - objective:4462.4760
2016-02-01 11:20:23,918 - mnist_binary - DEBUG - objective:4462.0494
2016-02-01 11:20:43,112 - mnist_binary - DEBUG - objective:4460.9813
2016-02-01 11:21:01,712 - mnist_binary - DEBUG - objective:4459.3093
2016-02-01 11:21:20,579 - mnist_binary - DEBUG - objective:4462.5503
2016-02-01 11:21:38,962 - mnist_binary - DEBUG - objective:4458.7186
2016-02-01 11:21:57,616 - mnist_binary - DEBUG - objective:4457.1300
2016-02-01 11:22:16,329 - mnist_binary - DEBUG - objective:4456.1624
2016-02-01 11:22:35,324 - mnist_binary - DEBUG - objective:4455.8822
2016-02-01 11:22:53,861 - mnist_binary - DEBUG - objective:4455.6051
2016-02-01 11:23:12,918 - mnist_binary - DEBUG - objective:4455.3060
2016-02-01 11:23:31,760 - mnist_binary - DEBUG - objective:4454.1992
2016-02-01 11:23:50,612 - mnist_binary - DEBUG - objective:4452.8633
2016-02-01 11:24:09,120 - mnist_binary - DEBUG - objective:4452.0258
2016-02-01 11:24:27,466 - mnist_binary - DEBUG - objective:4451.0326
2016-02-01 11:24:46,497 - mnist_binary - DEBUG - objective:4450.6536
2016-02-01 11:25:05,572 - mnist_binary - DEBUG - objective:4450.1534
2016-02-01 11:25:24,575 - mnist_binary - DEBUG - objective:4449.5820
2016-02-01 11:25:43,444 - mnist_binary - DEBUG - objective:4448.7858
2016-02-01 11:26:02,269 - mnist_binary - DEBUG - objective:4447.9078
2016-02-01 11:26:20,593 - mnist_binary - DEBUG - objective:4447.0467
2016-02-01 11:26:39,254 - mnist_binary - DEBUG - objective:4446.6938
2016-02-01 11:26:58,127 - mnist_binary - DEBUG - objective:4446.3262
2016-02-01 11:27:16,346 - mnist_binary - DEBUG - objective:4445.9480
2016-02-01 11:27:34,888 - mnist_binary - DEBUG - objective:4445.6422
2016-02-01 11:27:53,940 - mnist_binary - DEBUG - objective:4445.3142
2016-02-01 11:28:12,747 - mnist_binary - DEBUG - objective:4444.9348
2016-02-01 11:28:31,264 - mnist_binary - DEBUG - objective:4444.3344
2016-02-01 11:28:49,913 - mnist_binary - DEBUG - objective:4443.9768
2016-02-01 11:29:08,706 - mnist_binary - DEBUG - objective:4443.5590
2016-02-01 11:29:27,054 - mnist_binary - DEBUG - objective:4443.3922
2016-02-01 11:29:45,621 - mnist_binary - DEBUG - objective:4443.1926
2016-02-01 11:30:04,540 - mnist_binary - DEBUG - objective:4442.6934
2016-02-01 11:30:23,329 - mnist_binary - DEBUG - objective:4442.0547
2016-02-01 11:30:42,144 - mnist_binary - DEBUG - objective:4441.4740
2016-02-01 11:31:00,787 - mnist_binary - DEBUG - objective:4441.2812
2016-02-01 11:31:19,832 - mnist_binary - DEBUG - objective:4440.9561
2016-02-01 11:31:38,910 - mnist_binary - DEBUG - objective:4440.8580
2016-02-01 11:31:57,647 - mnist_binary - DEBUG - objective:4440.5695
2016-02-01 11:32:16,119 - mnist_binary - DEBUG - objective:4439.8743
2016-02-01 11:32:34,903 - mnist_binary - DEBUG - objective:4438.5403
2016-02-01 11:32:53,475 - mnist_binary - DEBUG - objective:4437.7306
2016-02-01 11:32:54,110 - mnist_binary - INFO - Saving model...
2016-02-01 11:32:58,655 - mnist_binary - INFO - Model saved.
2016-02-01 11:32:58,667 - mnist_binary - DEBUG - ftol: 45.9537168114
2016-02-01 11:32:58,667 - mnist_binary - INFO - diff:m:0.212412036759 s:0.00102455827235
2016-02-01 11:32:58,667 - mnist_binary - INFO - hyp params
2016-02-01 11:34:16,260 - mnist_binary - DEBUG - objective:4437.7306
2016-02-01 11:35:35,942 - mnist_binary - DEBUG - objective:29973.6064
2016-02-01 11:36:54,826 - mnist_binary - DEBUG - objective:4435.3369
2016-02-01 11:38:14,459 - mnist_binary - DEBUG - objective:4435.2613
2016-02-01 11:39:33,433 - mnist_binary - DEBUG - objective:4435.2497
2016-02-01 11:40:52,075 - mnist_binary - DEBUG - objective:4435.2135
2016-02-01 11:42:11,051 - mnist_binary - DEBUG - objective:4435.0944
2016-02-01 11:43:29,817 - mnist_binary - DEBUG - objective:4434.7487
2016-02-01 11:44:48,698 - mnist_binary - DEBUG - objective:4434.4917
2016-02-01 11:46:06,953 - mnist_binary - DEBUG - objective:4434.3920
2016-02-01 11:47:25,184 - mnist_binary - DEBUG - objective:4434.3873
2016-02-01 11:48:44,001 - mnist_binary - DEBUG - objective:4434.3873
2016-02-01 11:50:03,099 - mnist_binary - DEBUG - objective:4434.3872
2016-02-01 11:51:21,923 - mnist_binary - DEBUG - objective:4434.3872
2016-02-01 11:52:39,723 - mnist_binary - DEBUG - objective:4434.3872
2016-02-01 11:52:39,723 - mnist_binary - INFO - Iteration 6 started.
2016-02-01 11:52:39,723 - mnist_binary - INFO - MoG params
2016-02-01 11:52:58,414 - mnist_binary - DEBUG - objective:4434.3872
2016-02-01 11:53:16,733 - mnist_binary - DEBUG - objective:5006.9926
2016-02-01 11:53:34,696 - mnist_binary - DEBUG - objective:4432.6000
2016-02-01 11:53:53,180 - mnist_binary - DEBUG - objective:4432.4830
2016-02-01 11:54:11,543 - mnist_binary - DEBUG - objective:4432.2520
2016-02-01 11:54:29,799 - mnist_binary - DEBUG - objective:4431.7388
2016-02-01 11:54:47,820 - mnist_binary - DEBUG - objective:4430.7832
2016-02-01 11:55:06,556 - mnist_binary - DEBUG - objective:4429.6549
2016-02-01 11:55:24,805 - mnist_binary - DEBUG - objective:4431.2760
2016-02-01 11:55:43,035 - mnist_binary - DEBUG - objective:4429.4012
2016-02-01 11:56:01,265 - mnist_binary - DEBUG - objective:4428.8897
2016-02-01 11:56:19,618 - mnist_binary - DEBUG - objective:4428.6955
2016-02-01 11:56:38,204 - mnist_binary - DEBUG - objective:4428.5011
2016-02-01 11:56:56,749 - mnist_binary - DEBUG - objective:4428.0915
2016-02-01 11:57:15,352 - mnist_binary - DEBUG - objective:4427.3181
2016-02-01 11:57:33,998 - mnist_binary - DEBUG - objective:4426.3468
2016-02-01 11:57:52,981 - mnist_binary - DEBUG - objective:4426.9218
2016-02-01 11:58:11,182 - mnist_binary - DEBUG - objective:4426.0060
2016-02-01 11:58:29,737 - mnist_binary - DEBUG - objective:4425.6058
2016-02-01 11:58:48,156 - mnist_binary - DEBUG - objective:4425.4501
2016-02-01 11:59:06,901 - mnist_binary - DEBUG - objective:4425.3174
2016-02-01 11:59:24,913 - mnist_binary - DEBUG - objective:4424.9412
2016-02-01 11:59:43,668 - mnist_binary - DEBUG - objective:4424.3250
2016-02-01 12:00:02,036 - mnist_binary - DEBUG - objective:4427.4283
2016-02-01 12:00:20,260 - mnist_binary - DEBUG - objective:4424.1572
2016-02-01 12:00:38,874 - mnist_binary - DEBUG - objective:4423.5990
2016-02-01 12:00:57,436 - mnist_binary - DEBUG - objective:4423.3405
2016-02-01 12:01:15,844 - mnist_binary - DEBUG - objective:4423.2245
2016-02-01 12:01:34,787 - mnist_binary - DEBUG - objective:4423.1508
2016-02-01 12:01:53,705 - mnist_binary - DEBUG - objective:4422.9475
2016-02-01 12:02:12,157 - mnist_binary - DEBUG - objective:4422.5451
2016-02-01 12:02:31,097 - mnist_binary - DEBUG - objective:4422.4759
2016-02-01 12:02:49,565 - mnist_binary - DEBUG - objective:4421.7332
2016-02-01 12:03:07,960 - mnist_binary - DEBUG - objective:4421.4684
2016-02-01 12:03:26,998 - mnist_binary - DEBUG - objective:4421.2630
2016-02-01 12:03:45,511 - mnist_binary - DEBUG - objective:4421.0967
2016-02-01 12:04:03,937 - mnist_binary - DEBUG - objective:4420.7240
2016-02-01 12:04:22,697 - mnist_binary - DEBUG - objective:4420.3107
2016-02-01 12:04:41,004 - mnist_binary - DEBUG - objective:4419.8697
2016-02-01 12:04:59,522 - mnist_binary - DEBUG - objective:4419.6703
2016-02-01 12:05:17,712 - mnist_binary - DEBUG - objective:4419.4390
2016-02-01 12:05:36,274 - mnist_binary - DEBUG - objective:4419.3288
2016-02-01 12:05:55,003 - mnist_binary - DEBUG - objective:4419.0467
2016-02-01 12:06:13,779 - mnist_binary - DEBUG - objective:4418.3650
2016-02-01 12:06:32,541 - mnist_binary - DEBUG - objective:4417.5622
2016-02-01 12:06:51,340 - mnist_binary - DEBUG - objective:4416.6731
2016-02-01 12:07:10,121 - mnist_binary - DEBUG - objective:4416.0713
2016-02-01 12:07:28,527 - mnist_binary - DEBUG - objective:4415.8750
2016-02-01 12:07:47,120 - mnist_binary - DEBUG - objective:4415.7029
2016-02-01 12:08:05,832 - mnist_binary - DEBUG - objective:4415.3798
2016-02-01 12:08:24,502 - mnist_binary - DEBUG - objective:4414.8654
2016-02-01 12:08:43,245 - mnist_binary - DEBUG - objective:4414.8797
2016-02-01 12:09:01,287 - mnist_binary - DEBUG - objective:4414.6825
2016-02-01 12:09:19,773 - mnist_binary - DEBUG - objective:4414.4362
2016-02-01 12:09:38,700 - mnist_binary - DEBUG - objective:4414.1695
2016-02-01 12:09:57,343 - mnist_binary - DEBUG - objective:4413.8913
2016-02-01 12:10:15,707 - mnist_binary - DEBUG - objective:4413.5455
2016-02-01 12:10:34,208 - mnist_binary - DEBUG - objective:4413.1885
2016-02-01 12:10:52,763 - mnist_binary - DEBUG - objective:4412.7643
2016-02-01 12:11:10,904 - mnist_binary - DEBUG - objective:4412.5379
2016-02-01 12:11:29,607 - mnist_binary - DEBUG - objective:4412.4305
2016-02-01 12:11:30,284 - mnist_binary - INFO - Saving model...
2016-02-01 12:11:34,854 - mnist_binary - INFO - Model saved.
2016-02-01 12:11:34,872 - mnist_binary - DEBUG - ftol: 25.3000864594
2016-02-01 12:11:34,872 - mnist_binary - INFO - diff:m:0.125993530224 s:0.000593594669515
2016-02-01 12:11:34,872 - mnist_binary - INFO - hyp params
2016-02-01 12:12:51,911 - mnist_binary - DEBUG - objective:4412.4305
2016-02-01 12:14:09,547 - mnist_binary - DEBUG - objective:31030.3389
2016-02-01 12:15:27,684 - mnist_binary - DEBUG - objective:4410.3452
2016-02-01 12:16:46,208 - mnist_binary - DEBUG - objective:4410.3101
2016-02-01 12:18:04,555 - mnist_binary - DEBUG - objective:4410.3048
2016-02-01 12:19:23,688 - mnist_binary - DEBUG - objective:4410.2879
2016-02-01 12:20:42,729 - mnist_binary - DEBUG - objective:4410.2345
2016-02-01 12:22:01,480 - mnist_binary - DEBUG - objective:4410.0782
2016-02-01 12:23:19,789 - mnist_binary - DEBUG - objective:4409.9611
2016-02-01 12:24:38,873 - mnist_binary - DEBUG - objective:4409.9150
2016-02-01 12:25:57,135 - mnist_binary - DEBUG - objective:4409.9135
2016-02-01 12:27:15,754 - mnist_binary - DEBUG - objective:4409.9135
2016-02-01 12:28:34,883 - mnist_binary - DEBUG - objective:4409.9135
2016-02-01 12:29:53,497 - mnist_binary - DEBUG - objective:4409.9135
2016-02-01 12:31:11,754 - mnist_binary - DEBUG - objective:4409.9135
2016-02-01 12:32:30,600 - mnist_binary - DEBUG - objective:4409.9135
2016-02-01 12:33:48,989 - mnist_binary - INFO - Iteration 7 started.
2016-02-01 12:33:48,989 - mnist_binary - INFO - MoG params
2016-02-01 12:34:07,959 - mnist_binary - DEBUG - objective:4409.9135
2016-02-01 12:34:26,288 - mnist_binary - DEBUG - objective:4905.9180
2016-02-01 12:34:44,640 - mnist_binary - DEBUG - objective:4409.8678
2016-02-01 12:35:03,260 - mnist_binary - DEBUG - objective:4409.8274
2016-02-01 12:35:21,522 - mnist_binary - DEBUG - objective:4409.6849
2016-02-01 12:35:40,105 - mnist_binary - DEBUG - objective:4409.0265
2016-02-01 12:35:58,404 - mnist_binary - DEBUG - objective:4409.7509
2016-02-01 12:36:16,744 - mnist_binary - DEBUG - objective:4408.9281
2016-02-01 12:36:35,490 - mnist_binary - DEBUG - objective:4408.8571
2016-02-01 12:36:54,090 - mnist_binary - DEBUG - objective:4408.8234
2016-02-01 12:37:12,258 - mnist_binary - DEBUG - objective:4408.7664
2016-02-01 12:37:30,849 - mnist_binary - DEBUG - objective:4408.6152
2016-02-01 12:37:49,227 - mnist_binary - DEBUG - objective:4408.3134
2016-02-01 12:38:07,554 - mnist_binary - DEBUG - objective:4407.8143
2016-02-01 12:38:25,994 - mnist_binary - DEBUG - objective:4407.0955
2016-02-01 12:38:44,587 - mnist_binary - DEBUG - objective:4407.1426
2016-02-01 12:39:03,044 - mnist_binary - DEBUG - objective:4406.6628
2016-02-01 12:39:22,285 - mnist_binary - DEBUG - objective:4406.1590
2016-02-01 12:39:40,402 - mnist_binary - DEBUG - objective:4405.9468
2016-02-01 12:39:58,992 - mnist_binary - DEBUG - objective:4405.7195
2016-02-01 12:40:17,823 - mnist_binary - DEBUG - objective:4405.6556
2016-02-01 12:40:36,657 - mnist_binary - DEBUG - objective:4405.3225
2016-02-01 12:40:55,458 - mnist_binary - DEBUG - objective:4405.1643
2016-02-01 12:41:14,225 - mnist_binary - DEBUG - objective:4404.9747
2016-02-01 12:41:32,957 - mnist_binary - DEBUG - objective:4404.6042
2016-02-01 12:41:51,599 - mnist_binary - DEBUG - objective:4403.8783
2016-02-01 12:42:10,276 - mnist_binary - DEBUG - objective:4403.5880
2016-02-01 12:42:29,102 - mnist_binary - DEBUG - objective:4402.8224
2016-02-01 12:42:47,601 - mnist_binary - DEBUG - objective:4402.5901
2016-02-01 12:43:06,564 - mnist_binary - DEBUG - objective:4402.4531
2016-02-01 12:43:25,340 - mnist_binary - DEBUG - objective:4402.3692
2016-02-01 12:43:44,028 - mnist_binary - DEBUG - objective:4402.1271
2016-02-01 12:44:03,117 - mnist_binary - DEBUG - objective:4401.7063
2016-02-01 12:44:22,024 - mnist_binary - DEBUG - objective:4401.2008
2016-02-01 12:44:40,378 - mnist_binary - DEBUG - objective:4400.7949
2016-02-01 12:44:59,247 - mnist_binary - DEBUG - objective:4400.6025
2016-02-01 12:45:17,809 - mnist_binary - DEBUG - objective:4400.5101
2016-02-01 12:45:36,886 - mnist_binary - DEBUG - objective:4400.1801
2016-02-01 12:45:55,468 - mnist_binary - DEBUG - objective:4400.2628
2016-02-01 12:46:14,177 - mnist_binary - DEBUG - objective:4399.9824
2016-02-01 12:46:32,427 - mnist_binary - DEBUG - objective:4399.6132
2016-02-01 12:46:50,899 - mnist_binary - DEBUG - objective:4399.2897
2016-02-01 12:47:09,508 - mnist_binary - DEBUG - objective:4399.0355
2016-02-01 12:47:27,994 - mnist_binary - DEBUG - objective:4398.6673
2016-02-01 12:47:46,825 - mnist_binary - DEBUG - objective:4398.0631
2016-02-01 12:48:05,294 - mnist_binary - DEBUG - objective:4397.9581
2016-02-01 12:48:23,829 - mnist_binary - DEBUG - objective:4397.0705
2016-02-01 12:48:42,077 - mnist_binary - DEBUG - objective:4396.8929
2016-02-01 12:49:00,450 - mnist_binary - DEBUG - objective:4396.6108
2016-02-01 12:49:18,935 - mnist_binary - DEBUG - objective:4396.5524
2016-02-01 12:49:37,708 - mnist_binary - DEBUG - objective:4396.3946
2016-02-01 12:49:56,262 - mnist_binary - DEBUG - objective:4396.3302
2016-02-01 12:50:14,858 - mnist_binary - DEBUG - objective:4396.2716
2016-02-01 12:50:33,624 - mnist_binary - DEBUG - objective:4396.1068
2016-02-01 12:50:51,853 - mnist_binary - DEBUG - objective:4395.7903
2016-02-01 12:51:10,555 - mnist_binary - DEBUG - objective:4395.6321
2016-02-01 12:51:29,083 - mnist_binary - DEBUG - objective:4395.1600
2016-02-01 12:51:47,523 - mnist_binary - DEBUG - objective:4394.9171
2016-02-01 12:52:06,007 - mnist_binary - DEBUG - objective:4394.7827
2016-02-01 12:52:24,333 - mnist_binary - DEBUG - objective:4394.6075
2016-02-01 12:52:43,118 - mnist_binary - DEBUG - objective:4394.2074
2016-02-01 12:52:43,744 - mnist_binary - INFO - Saving model...
2016-02-01 12:52:48,349 - mnist_binary - INFO - Model saved.
2016-02-01 12:52:48,361 - mnist_binary - DEBUG - ftol: 18.2231688037
2016-02-01 12:52:48,362 - mnist_binary - INFO - diff:m:0.174266726858 s:0.000604666930521
2016-02-01 12:52:48,363 - mnist_binary - INFO - hyp params
2016-02-01 12:54:05,555 - mnist_binary - DEBUG - objective:4394.2074
2016-02-01 12:55:23,285 - mnist_binary - DEBUG - objective:31732.8527
2016-02-01 12:56:41,182 - mnist_binary - DEBUG - objective:4392.5046
2016-02-01 12:57:59,276 - mnist_binary - DEBUG - objective:4392.4779
2016-02-01 12:59:17,738 - mnist_binary - DEBUG - objective:4392.4700
2016-02-01 13:00:36,190 - mnist_binary - DEBUG - objective:4392.4062
2016-02-01 13:01:54,446 - mnist_binary - DEBUG - objective:4392.3114
2016-02-01 13:03:13,364 - mnist_binary - DEBUG - objective:4392.1410
2016-02-01 13:04:31,783 - mnist_binary - DEBUG - objective:4391.9947
2016-02-01 13:05:50,454 - mnist_binary - DEBUG - objective:4391.9523
2016-02-01 13:07:09,203 - mnist_binary - DEBUG - objective:4391.9503
2016-02-01 13:08:27,613 - mnist_binary - DEBUG - objective:4391.9502
2016-02-01 13:09:47,009 - mnist_binary - DEBUG - objective:4391.9502
2016-02-01 13:11:05,789 - mnist_binary - DEBUG - objective:4391.9502
2016-02-01 13:12:24,218 - mnist_binary - DEBUG - objective:4391.9502
2016-02-01 13:12:24,219 - mnist_binary - INFO - Iteration 8 started.
2016-02-01 13:12:24,219 - mnist_binary - INFO - MoG params
2016-02-01 13:12:42,700 - mnist_binary - DEBUG - objective:4391.9502
2016-02-01 13:13:00,925 - mnist_binary - DEBUG - objective:5167.6689
2016-02-01 13:13:19,164 - mnist_binary - DEBUG - objective:4391.6628
2016-02-01 13:13:37,363 - mnist_binary - DEBUG - objective:4391.5846
2016-02-01 13:13:55,331 - mnist_binary - DEBUG - objective:4391.4368
2016-02-01 13:14:13,742 - mnist_binary - DEBUG - objective:4391.2555
2016-02-01 13:14:31,879 - mnist_binary - DEBUG - objective:4390.8663
2016-02-01 13:14:50,161 - mnist_binary - DEBUG - objective:4390.5784
2016-02-01 13:15:08,808 - mnist_binary - DEBUG - objective:4390.1483
2016-02-01 13:15:27,476 - mnist_binary - DEBUG - objective:4390.0556
2016-02-01 13:15:46,087 - mnist_binary - DEBUG - objective:4390.0049
2016-02-01 13:16:04,819 - mnist_binary - DEBUG - objective:4389.9288
2016-02-01 13:16:23,182 - mnist_binary - DEBUG - objective:4389.6889
2016-02-01 13:16:41,657 - mnist_binary - DEBUG - objective:4389.2895
2016-02-01 13:17:00,173 - mnist_binary - DEBUG - objective:4389.0065
2016-02-01 13:17:18,840 - mnist_binary - DEBUG - objective:4388.6232
2016-02-01 13:17:37,455 - mnist_binary - DEBUG - objective:4388.4993
2016-02-01 13:17:55,603 - mnist_binary - DEBUG - objective:4388.4234
2016-02-01 13:18:14,007 - mnist_binary - DEBUG - objective:4388.2884
2016-02-01 13:18:32,439 - mnist_binary - DEBUG - objective:4387.9817
2016-02-01 13:18:50,918 - mnist_binary - DEBUG - objective:4387.5222
2016-02-01 13:19:09,614 - mnist_binary - DEBUG - objective:4387.1348
2016-02-01 13:19:27,893 - mnist_binary - DEBUG - objective:4386.8661
2016-02-01 13:19:46,445 - mnist_binary - DEBUG - objective:4386.7759
2016-02-01 13:20:05,428 - mnist_binary - DEBUG - objective:4386.7365
2016-02-01 13:20:23,817 - mnist_binary - DEBUG - objective:4386.5411
2016-02-01 13:20:42,214 - mnist_binary - DEBUG - objective:4386.2053
2016-02-01 13:21:00,673 - mnist_binary - DEBUG - objective:4385.7885
2016-02-01 13:21:19,474 - mnist_binary - DEBUG - objective:4385.3995
2016-02-01 13:21:38,045 - mnist_binary - DEBUG - objective:4385.2092
2016-02-01 13:21:56,193 - mnist_binary - DEBUG - objective:4385.1170
2016-02-01 13:22:14,873 - mnist_binary - DEBUG - objective:4385.0569
2016-02-01 13:22:33,800 - mnist_binary - DEBUG - objective:4384.8457
2016-02-01 13:22:52,477 - mnist_binary - DEBUG - objective:4384.4946
2016-02-01 13:23:11,221 - mnist_binary - DEBUG - objective:4384.8953
2016-02-01 13:23:29,757 - mnist_binary - DEBUG - objective:4384.3035
2016-02-01 13:23:48,480 - mnist_binary - DEBUG - objective:4384.0355
2016-02-01 13:24:07,297 - mnist_binary - DEBUG - objective:4383.8720
2016-02-01 13:24:26,217 - mnist_binary - DEBUG - objective:4383.7985
2016-02-01 13:24:44,824 - mnist_binary - DEBUG - objective:4383.6958
2016-02-01 13:25:03,545 - mnist_binary - DEBUG - objective:4383.6059
2016-02-01 13:25:22,586 - mnist_binary - DEBUG - objective:4383.4210
2016-02-01 13:25:41,420 - mnist_binary - DEBUG - objective:4383.3231
2016-02-01 13:26:00,197 - mnist_binary - DEBUG - objective:4383.1991
2016-02-01 13:26:19,053 - mnist_binary - DEBUG - objective:4383.0401
2016-02-01 13:26:37,712 - mnist_binary - DEBUG - objective:4382.7815
2016-02-01 13:26:56,212 - mnist_binary - DEBUG - objective:4382.5516
2016-02-01 13:27:15,044 - mnist_binary - DEBUG - objective:4382.4015
2016-02-01 13:27:33,730 - mnist_binary - DEBUG - objective:4382.3208
2016-02-01 13:27:52,585 - mnist_binary - DEBUG - objective:4382.1978
2016-02-01 13:28:11,558 - mnist_binary - DEBUG - objective:4381.9249
2016-02-01 13:28:30,362 - mnist_binary - DEBUG - objective:4381.7392
2016-02-01 13:28:49,080 - mnist_binary - DEBUG - objective:4381.4632
2016-02-01 13:29:07,507 - mnist_binary - DEBUG - objective:4381.3883
2016-02-01 13:29:25,833 - mnist_binary - DEBUG - objective:4381.3471
2016-02-01 13:29:44,329 - mnist_binary - DEBUG - objective:4381.2949
2016-02-01 13:30:03,228 - mnist_binary - DEBUG - objective:4381.1612
2016-02-01 13:30:22,041 - mnist_binary - DEBUG - objective:4380.8950
2016-02-01 13:30:40,555 - mnist_binary - DEBUG - objective:4380.8975
2016-02-01 13:30:59,196 - mnist_binary - DEBUG - objective:4380.7485
2016-02-01 13:31:17,885 - mnist_binary - DEBUG - objective:4380.5044
2016-02-01 13:31:18,594 - mnist_binary - INFO - Saving model...
2016-02-01 13:31:23,295 - mnist_binary - INFO - Model saved.
2016-02-01 13:31:23,307 - mnist_binary - DEBUG - ftol: 13.7030029573
2016-02-01 13:31:23,308 - mnist_binary - INFO - diff:m:0.0975278499908 s:0.000430173588858
2016-02-01 13:31:23,308 - mnist_binary - INFO - hyp params
2016-02-01 13:32:40,685 - mnist_binary - DEBUG - objective:4380.5044
2016-02-01 13:33:59,685 - mnist_binary - DEBUG - objective:33575.3384
2016-02-01 13:35:18,298 - mnist_binary - DEBUG - objective:4379.9177
2016-02-01 13:36:37,174 - mnist_binary - DEBUG - objective:4379.9101
2016-02-01 13:37:55,825 - mnist_binary - DEBUG - objective:4379.9048
2016-02-01 13:39:14,198 - mnist_binary - DEBUG - objective:4379.8834
2016-02-01 13:40:33,128 - mnist_binary - DEBUG - objective:4379.8460
2016-02-01 13:41:51,385 - mnist_binary - DEBUG - objective:4379.7762
2016-02-01 13:43:10,785 - mnist_binary - DEBUG - objective:4379.7011
2016-02-01 13:44:29,808 - mnist_binary - DEBUG - objective:4379.6662
2016-02-01 13:45:48,715 - mnist_binary - DEBUG - objective:4379.6644
2016-02-01 13:47:08,325 - mnist_binary - DEBUG - objective:4379.6644
2016-02-01 13:48:27,226 - mnist_binary - DEBUG - objective:4379.6644
2016-02-01 13:49:45,990 - mnist_binary - DEBUG - objective:4379.6644
2016-02-01 13:51:04,354 - mnist_binary - DEBUG - objective:4379.6643
2016-02-01 13:52:23,563 - mnist_binary - DEBUG - objective:4379.6643
2016-02-01 13:52:23,563 - mnist_binary - INFO - Iteration 9 started.
2016-02-01 13:52:23,563 - mnist_binary - INFO - MoG params
2016-02-01 13:52:42,413 - mnist_binary - DEBUG - objective:4379.6643
2016-02-01 13:53:01,245 - mnist_binary - DEBUG - objective:4968.9423
2016-02-01 13:53:19,719 - mnist_binary - DEBUG - objective:4379.6175
2016-02-01 13:53:38,249 - mnist_binary - DEBUG - objective:4379.5882
2016-02-01 13:53:56,642 - mnist_binary - DEBUG - objective:4379.4916
2016-02-01 13:54:15,179 - mnist_binary - DEBUG - objective:4379.1140
2016-02-01 13:54:33,497 - mnist_binary - DEBUG - objective:4379.2227
2016-02-01 13:54:51,507 - mnist_binary - DEBUG - objective:4378.9313
2016-02-01 13:55:09,934 - mnist_binary - DEBUG - objective:4378.7870
2016-02-01 13:55:28,448 - mnist_binary - DEBUG - objective:4378.7318
2016-02-01 13:55:47,007 - mnist_binary - DEBUG - objective:4378.6892
2016-02-01 13:56:05,540 - mnist_binary - DEBUG - objective:4378.5389
2016-02-01 13:56:23,867 - mnist_binary - DEBUG - objective:4378.2551
2016-02-01 13:56:42,363 - mnist_binary - DEBUG - objective:4378.2139
2016-02-01 13:57:01,362 - mnist_binary - DEBUG - objective:4377.8692
2016-02-01 13:57:19,877 - mnist_binary - DEBUG - objective:4377.8041
2016-02-01 13:57:38,559 - mnist_binary - DEBUG - objective:4377.7682
2016-02-01 13:57:57,421 - mnist_binary - DEBUG - objective:4377.7304
2016-02-01 13:58:16,033 - mnist_binary - DEBUG - objective:4377.6185
2016-02-01 13:58:34,814 - mnist_binary - DEBUG - objective:4377.4125
2016-02-01 13:58:53,865 - mnist_binary - DEBUG - objective:4377.1512
2016-02-01 13:59:12,732 - mnist_binary - DEBUG - objective:4376.9418
2016-02-01 13:59:31,428 - mnist_binary - DEBUG - objective:4376.8474
2016-02-01 13:59:50,043 - mnist_binary - DEBUG - objective:4376.8062
2016-02-01 14:00:08,340 - mnist_binary - DEBUG - objective:4376.7610
2016-02-01 14:00:27,453 - mnist_binary - DEBUG - objective:4376.4550
2016-02-01 14:00:46,288 - mnist_binary - DEBUG - objective:4376.2233
2016-02-01 14:01:04,890 - mnist_binary - DEBUG - objective:4375.9215
2016-02-01 14:01:23,630 - mnist_binary - DEBUG - objective:4375.7417
2016-02-01 14:01:42,104 - mnist_binary - DEBUG - objective:4375.6911
2016-02-01 14:02:00,599 - mnist_binary - DEBUG - objective:4375.6391
2016-02-01 14:02:19,211 - mnist_binary - DEBUG - objective:4375.5412
2016-02-01 14:02:37,915 - mnist_binary - DEBUG - objective:4375.2305
2016-02-01 14:02:56,788 - mnist_binary - DEBUG - objective:4375.0450
2016-02-01 14:03:15,407 - mnist_binary - DEBUG - objective:4374.6004
2016-02-01 14:03:34,327 - mnist_binary - DEBUG - objective:4374.3744
2016-02-01 14:03:52,994 - mnist_binary - DEBUG - objective:4374.2253
2016-02-01 14:04:11,532 - mnist_binary - DEBUG - objective:4376.3321
2016-02-01 14:04:30,107 - mnist_binary - DEBUG - objective:4374.1596
2016-02-01 14:04:48,850 - mnist_binary - DEBUG - objective:4374.0633
2016-02-01 14:05:07,562 - mnist_binary - DEBUG - objective:4373.8178
2016-02-01 14:05:26,064 - mnist_binary - DEBUG - objective:4373.4676
2016-02-01 14:05:44,975 - mnist_binary - DEBUG - objective:4373.1541
2016-02-01 14:06:03,692 - mnist_binary - DEBUG - objective:4372.8900
2016-02-01 14:06:22,861 - mnist_binary - DEBUG - objective:4372.7618
2016-02-01 14:06:41,971 - mnist_binary - DEBUG - objective:4372.6959
2016-02-01 14:07:00,694 - mnist_binary - DEBUG - objective:4372.6093
2016-02-01 14:07:19,457 - mnist_binary - DEBUG - objective:4372.4144
2016-02-01 14:07:38,203 - mnist_binary - DEBUG - objective:4372.2460
2016-02-01 14:07:56,564 - mnist_binary - DEBUG - objective:4372.2763
2016-02-01 14:08:15,043 - mnist_binary - DEBUG - objective:4372.1601
2016-02-01 14:08:34,037 - mnist_binary - DEBUG - objective:4372.0665
2016-02-01 14:08:52,424 - mnist_binary - DEBUG - objective:4371.9726
2016-02-01 14:09:11,148 - mnist_binary - DEBUG - objective:4371.8438
2016-02-01 14:09:30,055 - mnist_binary - DEBUG - objective:4371.6091
2016-02-01 14:09:48,727 - mnist_binary - DEBUG - objective:4371.5867
2016-02-01 14:10:07,104 - mnist_binary - DEBUG - objective:4371.4556
2016-02-01 14:10:26,146 - mnist_binary - DEBUG - objective:4371.2544
2016-02-01 14:10:44,714 - mnist_binary - DEBUG - objective:4371.1358
2016-02-01 14:11:03,407 - mnist_binary - DEBUG - objective:4371.0884
2016-02-01 14:11:22,194 - mnist_binary - DEBUG - objective:4370.9776
2016-02-01 14:11:22,825 - mnist_binary - INFO - Saving model...
2016-02-01 14:11:27,405 - mnist_binary - INFO - Model saved.
2016-02-01 14:11:27,423 - mnist_binary - DEBUG - ftol: 9.52677293675
2016-02-01 14:11:27,424 - mnist_binary - INFO - diff:m:0.114257313619 s:0.000416608768788
2016-02-01 14:11:27,424 - mnist_binary - INFO - best obj found: 4370.97758342
2016-02-01 14:11:27,424 - mnist_binary - DEBUG - prediction started...
2016-02-01 14:11:46,537 - mnist_binary - DEBUG - prediction finished
