2016-01-28 22:17:21,469 - mining - INFO - experiment started for:{'run_id': 1, 'max_iter': 1, 'optimization_config': {'mog': 15000}, 'xtol': 0.001, 'git_hash': 'a89f7e60526a847e4cefa30be774ad3ee7bf41f8', 'model_init': None, 'ftol': 1e-05, 'latent_noise:': 0.001, 'sparsity_factor': 0.5, 'll': 'LogGaussianCox', 'sample_num': 2000, 'experiment': 'mining', 'git_branch': 'master', 'random_Z': True, 'method': u'mix2'}
2016-01-28 22:17:26,507 - mining - INFO - Iteration 0 started.
2016-01-28 22:17:26,510 - mining - INFO - MoG params
2016-01-28 22:17:29,861 - mining - DEBUG - objective:153510.6579
2016-01-28 22:17:33,694 - mining - DEBUG - objective:145365.8780
2016-01-28 22:17:38,282 - mining - DEBUG - objective:117434.9750
2016-01-28 22:17:42,068 - mining - DEBUG - objective:131467.9150
2016-01-28 22:17:46,430 - mining - DEBUG - objective:72720.4016
2016-01-28 22:17:50,582 - mining - DEBUG - objective:54257.9406
2016-01-28 22:17:54,676 - mining - DEBUG - objective:21878.3140
2016-01-28 22:17:58,710 - mining - DEBUG - objective:26007.9569
2016-01-28 22:18:02,518 - mining - DEBUG - objective:17106.1421
2016-01-28 22:18:06,407 - mining - DEBUG - objective:8586.1602
2016-01-28 22:18:10,004 - mining - DEBUG - objective:3923.6497
2016-01-28 22:18:13,807 - mining - DEBUG - objective:2821.7210
2016-01-28 22:18:18,004 - mining - DEBUG - objective:1092.2622
2016-01-28 22:18:21,896 - mining - DEBUG - objective:625.2591
2016-01-28 22:18:25,879 - mining - DEBUG - objective:379.1430
2016-01-28 22:18:29,152 - mining - DEBUG - objective:1970.3056
2016-01-28 22:18:33,436 - mining - DEBUG - objective:341.9069
2016-01-28 22:18:37,533 - mining - DEBUG - objective:231.4238
2016-01-28 22:18:40,699 - mining - DEBUG - objective:205.2826
2016-01-28 22:18:45,181 - mining - DEBUG - objective:220.0220
2016-01-28 22:18:49,065 - mining - DEBUG - objective:203.6523
2016-01-28 22:18:53,555 - mining - DEBUG - objective:201.3837
2016-01-28 22:18:57,959 - mining - DEBUG - objective:200.9815
2016-01-28 22:19:02,699 - mining - DEBUG - objective:200.7748
2016-01-28 22:19:06,814 - mining - DEBUG - objective:200.5051
2016-01-28 22:19:10,424 - mining - DEBUG - objective:200.0626
2016-01-28 22:19:14,332 - mining - DEBUG - objective:198.1299
2016-01-28 22:19:18,231 - mining - DEBUG - objective:196.2813
2016-01-28 22:19:22,273 - mining - DEBUG - objective:192.4603
2016-01-28 22:19:26,147 - mining - DEBUG - objective:186.0095
2016-01-28 22:19:29,736 - mining - DEBUG - objective:182.9691
2016-01-28 22:19:33,063 - mining - DEBUG - objective:184.3026
2016-01-28 22:19:36,893 - mining - DEBUG - objective:182.5480
2016-01-28 22:19:40,641 - mining - DEBUG - objective:181.8064
2016-01-28 22:19:44,310 - mining - DEBUG - objective:181.7238
2016-01-28 22:19:48,369 - mining - DEBUG - objective:181.6284
2016-01-28 22:19:52,014 - mining - DEBUG - objective:181.3774
2016-01-28 22:19:55,783 - mining - DEBUG - objective:181.0076
2016-01-28 22:19:59,447 - mining - DEBUG - objective:181.6809
2016-01-28 22:20:03,377 - mining - DEBUG - objective:180.8215
2016-01-28 22:20:07,364 - mining - DEBUG - objective:180.5195
2016-01-28 22:20:11,203 - mining - DEBUG - objective:180.4435
2016-01-28 22:20:15,204 - mining - DEBUG - objective:180.4258
2016-01-28 22:20:18,963 - mining - DEBUG - objective:180.4133
2016-01-28 22:20:22,678 - mining - DEBUG - objective:180.3479
2016-01-28 22:20:26,888 - mining - DEBUG - objective:180.2440
2016-01-28 22:20:31,030 - mining - DEBUG - objective:180.0114
2016-01-28 22:20:35,156 - mining - DEBUG - objective:179.6733
2016-01-28 22:20:40,162 - mining - DEBUG - objective:181.6070
2016-01-28 22:20:44,851 - mining - DEBUG - objective:179.5781
2016-01-28 22:20:49,295 - mining - DEBUG - objective:179.3059
2016-01-28 22:20:54,129 - mining - DEBUG - objective:179.1979
2016-01-28 22:20:58,101 - mining - DEBUG - objective:179.1743
2016-01-28 22:21:01,954 - mining - DEBUG - objective:179.1641
2016-01-28 22:21:05,895 - mining - DEBUG - objective:179.1564
2016-01-28 22:21:09,948 - mining - DEBUG - objective:179.1526
2016-01-28 22:21:14,092 - mining - DEBUG - objective:179.1499
2016-01-28 22:21:17,444 - mining - DEBUG - objective:179.1469
2016-01-28 22:21:21,641 - mining - DEBUG - objective:179.1362
2016-01-28 22:21:26,119 - mining - DEBUG - objective:179.1300
2016-01-28 22:21:29,824 - mining - DEBUG - objective:179.1209
2016-01-28 22:21:33,851 - mining - DEBUG - objective:179.1139
2016-01-28 22:21:37,659 - mining - DEBUG - objective:179.1097
2016-01-28 22:21:41,686 - mining - DEBUG - objective:179.1076
2016-01-28 22:21:45,935 - mining - DEBUG - objective:179.0990
2016-01-28 22:21:49,642 - mining - DEBUG - objective:179.0815
2016-01-28 22:21:53,853 - mining - DEBUG - objective:179.0490
2016-01-28 22:21:58,019 - mining - DEBUG - objective:179.0416
2016-01-28 22:22:02,063 - mining - DEBUG - objective:178.9800
2016-01-28 22:22:06,004 - mining - DEBUG - objective:178.9649
2016-01-28 22:22:09,700 - mining - DEBUG - objective:178.9624
2016-01-28 22:22:13,419 - mining - DEBUG - objective:178.9635
2016-01-28 22:22:16,991 - mining - DEBUG - objective:178.9614
2016-01-28 22:22:21,410 - mining - DEBUG - objective:178.9609
2016-01-28 22:22:25,522 - mining - DEBUG - objective:178.9606
2016-01-28 22:22:29,478 - mining - DEBUG - objective:178.9600
2016-01-28 22:22:32,775 - mining - DEBUG - objective:178.9592
2016-01-28 22:22:37,251 - mining - DEBUG - objective:178.9585
2016-01-28 22:22:41,623 - mining - DEBUG - objective:178.9577
2016-01-28 22:22:45,615 - mining - DEBUG - objective:178.9568
2016-01-28 22:22:49,567 - mining - DEBUG - objective:178.9562
2016-01-28 22:22:54,111 - mining - DEBUG - objective:178.9560
2016-01-28 22:22:57,991 - mining - DEBUG - objective:178.9554
2016-01-28 22:23:01,979 - mining - DEBUG - objective:178.9547
2016-01-28 22:23:06,476 - mining - DEBUG - objective:178.9539
2016-01-28 22:23:10,775 - mining - DEBUG - objective:178.9536
2016-01-28 22:23:14,952 - mining - DEBUG - objective:178.9536
2016-01-28 22:23:19,282 - mining - DEBUG - objective:178.9533
2016-01-28 22:23:22,492 - mining - DEBUG - objective:178.9532
2016-01-28 22:23:26,743 - mining - DEBUG - objective:178.9527
2016-01-28 22:23:30,211 - mining - DEBUG - objective:178.9521
2016-01-28 22:23:33,683 - mining - DEBUG - objective:178.9509
2016-01-28 22:23:37,583 - mining - DEBUG - objective:178.9497
2016-01-28 22:23:41,859 - mining - DEBUG - objective:178.9485
2016-01-28 22:23:45,554 - mining - DEBUG - objective:178.9477
2016-01-28 22:23:49,772 - mining - DEBUG - objective:178.9473
2016-01-28 22:23:53,629 - mining - DEBUG - objective:178.9466
2016-01-28 22:23:57,592 - mining - DEBUG - objective:178.9489
2016-01-28 22:24:01,408 - mining - DEBUG - objective:178.9464
2016-01-28 22:24:05,378 - mining - DEBUG - objective:178.9461
2016-01-28 22:24:09,265 - mining - DEBUG - objective:178.9457
2016-01-28 22:24:13,368 - mining - DEBUG - objective:178.9455
2016-01-28 22:24:17,265 - mining - DEBUG - objective:178.9453
2016-01-28 22:24:21,551 - mining - DEBUG - objective:178.9450
2016-01-28 22:24:25,422 - mining - DEBUG - objective:178.9453
2016-01-28 22:24:29,181 - mining - DEBUG - objective:178.9449
2016-01-28 22:24:32,911 - mining - DEBUG - objective:178.9449
2016-01-28 22:24:36,711 - mining - DEBUG - objective:178.9446
2016-01-28 22:24:40,249 - mining - DEBUG - objective:178.9494
2016-01-28 22:24:43,847 - mining - DEBUG - objective:178.9445
2016-01-28 22:24:47,692 - mining - DEBUG - objective:178.9445
2016-01-28 22:24:51,311 - mining - DEBUG - objective:178.9442
2016-01-28 22:24:54,483 - mining - DEBUG - objective:178.9430
2016-01-28 22:24:58,854 - mining - DEBUG - objective:178.9420
2016-01-28 22:25:02,799 - mining - DEBUG - objective:178.9407
2016-01-28 22:25:06,655 - mining - DEBUG - objective:178.9400
2016-01-28 22:25:10,726 - mining - DEBUG - objective:178.9399
2016-01-28 22:25:15,040 - mining - DEBUG - objective:178.9398
2016-01-28 22:25:18,895 - mining - DEBUG - objective:178.9397
2016-01-28 22:25:22,589 - mining - DEBUG - objective:178.9395
2016-01-28 22:25:26,217 - mining - DEBUG - objective:178.9389
2016-01-28 22:25:29,998 - mining - DEBUG - objective:178.9377
2016-01-28 22:25:33,112 - mining - DEBUG - objective:178.9360
2016-01-28 22:25:37,474 - mining - DEBUG - objective:178.9340
2016-01-28 22:25:40,935 - mining - DEBUG - objective:178.9319
2016-01-28 22:25:44,890 - mining - DEBUG - objective:178.9306
2016-01-28 22:25:48,593 - mining - DEBUG - objective:178.9291
2016-01-28 22:25:52,522 - mining - DEBUG - objective:178.9246
2016-01-28 22:25:56,946 - mining - DEBUG - objective:178.9255
2016-01-28 22:26:01,203 - mining - DEBUG - objective:178.9228
2016-01-28 22:26:04,459 - mining - DEBUG - objective:178.9222
2016-01-28 22:26:09,083 - mining - DEBUG - objective:178.9222
2016-01-28 22:26:13,270 - mining - DEBUG - objective:178.9220
2016-01-28 22:26:17,838 - mining - DEBUG - objective:178.9215
2016-01-28 22:26:22,144 - mining - DEBUG - objective:178.9214
2016-01-28 22:26:27,126 - mining - DEBUG - objective:178.9206
2016-01-28 22:26:30,738 - mining - DEBUG - objective:178.9200
2016-01-28 22:26:35,182 - mining - DEBUG - objective:178.9200
2016-01-28 22:26:39,219 - mining - DEBUG - objective:178.9200
2016-01-28 22:26:43,594 - mining - DEBUG - objective:178.9202
2016-01-28 22:26:47,840 - mining - DEBUG - objective:178.9200
2016-01-28 22:26:51,731 - mining - DEBUG - objective:178.9200
2016-01-28 22:26:56,155 - mining - DEBUG - objective:178.9200
2016-01-28 22:27:00,199 - mining - DEBUG - objective:178.9202
2016-01-28 22:27:04,483 - mining - DEBUG - objective:178.9199
2016-01-28 22:27:08,647 - mining - DEBUG - objective:178.9208
2016-01-28 22:27:13,129 - mining - DEBUG - objective:178.9199
2016-01-28 22:27:18,023 - mining - DEBUG - objective:178.9208
2016-01-28 22:27:22,521 - mining - DEBUG - objective:178.9198
2016-01-28 22:27:25,797 - mining - DEBUG - objective:178.9202
2016-01-28 22:27:30,036 - mining - DEBUG - objective:178.9198
2016-01-28 22:27:33,981 - mining - DEBUG - objective:178.9214
2016-01-28 22:27:38,276 - mining - DEBUG - objective:178.9197
2016-01-28 22:27:42,880 - mining - DEBUG - objective:178.9199
2016-01-28 22:27:46,925 - mining - DEBUG - objective:178.9196
2016-01-28 22:27:51,186 - mining - DEBUG - objective:178.9202
2016-01-28 22:27:55,268 - mining - DEBUG - objective:178.9195
2016-01-28 22:27:59,723 - mining - DEBUG - objective:178.9195
2016-01-28 22:28:04,003 - mining - DEBUG - objective:178.9193
2016-01-28 22:28:07,729 - mining - DEBUG - objective:178.9193
2016-01-28 22:28:11,518 - mining - DEBUG - objective:178.9188
2016-01-28 22:28:16,241 - mining - DEBUG - objective:178.9183
2016-01-28 22:28:19,873 - mining - DEBUG - objective:178.9177
2016-01-28 22:28:23,942 - mining - DEBUG - objective:178.9231
2016-01-28 22:28:28,597 - mining - DEBUG - objective:178.9176
2016-01-28 22:28:32,598 - mining - DEBUG - objective:178.9176
2016-01-28 22:28:36,387 - mining - DEBUG - objective:178.9174
2016-01-28 22:28:40,224 - mining - DEBUG - objective:178.9174
2016-01-28 22:28:44,631 - mining - DEBUG - objective:178.9174
2016-01-28 22:28:48,590 - mining - DEBUG - objective:178.9171
2016-01-28 22:28:52,637 - mining - DEBUG - objective:178.9167
2016-01-28 22:28:56,946 - mining - DEBUG - objective:178.9163
2016-01-28 22:29:00,805 - mining - DEBUG - objective:178.9159
2016-01-28 22:29:05,277 - mining - DEBUG - objective:178.9157
2016-01-28 22:29:09,358 - mining - DEBUG - objective:178.9156
2016-01-28 22:29:13,138 - mining - DEBUG - objective:178.9153
2016-01-28 22:29:17,547 - mining - DEBUG - objective:178.9147
2016-01-28 22:29:21,969 - mining - DEBUG - objective:178.9135
2016-01-28 22:29:26,151 - mining - DEBUG - objective:178.9116
2016-01-28 22:29:30,779 - mining - DEBUG - objective:178.9094
2016-01-28 22:29:35,219 - mining - DEBUG - objective:178.9079
2016-01-28 22:29:39,461 - mining - DEBUG - objective:178.9078
2016-01-28 22:29:43,583 - mining - DEBUG - objective:178.9076
2016-01-28 22:29:47,844 - mining - DEBUG - objective:178.9076
2016-01-28 22:29:51,963 - mining - DEBUG - objective:178.9075
2016-01-28 22:29:56,354 - mining - DEBUG - objective:178.9076
2016-01-28 22:30:00,143 - mining - DEBUG - objective:178.9076
2016-01-28 22:30:04,311 - mining - DEBUG - objective:178.9076
2016-01-28 22:30:08,370 - mining - DEBUG - objective:178.9076
2016-01-28 22:30:12,430 - mining - DEBUG - objective:178.9075
2016-01-28 22:30:17,163 - mining - DEBUG - objective:178.9075
2016-01-28 22:30:20,691 - mining - DEBUG - objective:178.9075
2016-01-28 22:30:24,223 - mining - DEBUG - objective:178.9075
2016-01-28 22:30:28,288 - mining - DEBUG - objective:178.9075
2016-01-28 22:30:32,635 - mining - DEBUG - objective:178.9075
2016-01-28 22:30:35,770 - mining - DEBUG - objective:178.9075
2016-01-28 22:30:39,607 - mining - DEBUG - objective:178.9075
2016-01-28 22:30:43,590 - mining - DEBUG - objective:178.9075
2016-01-28 22:30:47,728 - mining - DEBUG - objective:178.9075
2016-01-28 22:30:50,312 - mining - DEBUG - objective:178.9075
2016-01-28 22:30:54,536 - mining - DEBUG - objective:178.9075
2016-01-28 22:30:58,685 - mining - DEBUG - objective:178.9075
2016-01-28 22:31:01,964 - mining - DEBUG - objective:178.9075
2016-01-28 22:31:06,017 - mining - INFO - Saving model...
2016-01-28 22:31:06,031 - mining - INFO - Model saved.
2016-01-28 22:31:06,040 - mining - DEBUG - prediction started...
2016-01-28 22:31:06,520 - mining - DEBUG - prediction finished
2016-01-28 22:31:07,129 - mining - INFO - experiment started for:{'run_id': 1, 'max_iter': 1, 'optimization_config': {'mog': 15000}, 'xtol': 0.001, 'git_hash': 'a89f7e60526a847e4cefa30be774ad3ee7bf41f8', 'model_init': None, 'ftol': 1e-05, 'latent_noise:': 0.001, 'sparsity_factor': 1.0, 'll': 'LogGaussianCox', 'sample_num': 2000, 'experiment': 'mining', 'git_branch': 'master', 'random_Z': True, 'method': u'full'}
2016-01-28 22:31:12,883 - mining - INFO - Iteration 0 started.
2016-01-28 22:31:12,884 - mining - INFO - MoG params
2016-01-28 22:31:16,879 - mining - DEBUG - objective:108568.0674
2016-01-28 22:31:20,368 - mining - DEBUG - objective:94341.0085
2016-01-28 22:31:24,618 - mining - DEBUG - objective:47426.5286
2016-01-28 22:31:28,339 - mining - DEBUG - objective:47.4877
2016-01-28 22:31:31,321 - mining - DEBUG - objective:43.1636
2016-01-28 22:31:35,317 - mining - DEBUG - objective:31.4913
2016-01-28 22:31:39,031 - mining - DEBUG - objective:25.6631
2016-01-28 22:31:42,486 - mining - DEBUG - objective:20.3180
2016-01-28 22:31:46,050 - mining - DEBUG - objective:17.9579
2016-01-28 22:31:50,050 - mining - DEBUG - objective:16.8534
2016-01-28 22:31:54,019 - mining - DEBUG - objective:11.7631
2016-01-28 22:31:58,205 - mining - DEBUG - objective:1.7694
2016-01-28 22:32:02,019 - mining - DEBUG - objective:-21.3934
2016-01-28 22:32:05,827 - mining - DEBUG - objective:-60.3025
2016-01-28 22:32:09,238 - mining - DEBUG - objective:15.6193
2016-01-28 22:32:12,525 - mining - DEBUG - objective:-71.4382
2016-01-28 22:32:16,393 - mining - DEBUG - objective:-117.0901
2016-01-28 22:32:20,820 - mining - DEBUG - objective:-126.2731
2016-01-28 22:32:24,525 - mining - DEBUG - objective:-128.3454
2016-01-28 22:32:28,455 - mining - DEBUG - objective:-129.3391
2016-01-28 22:32:32,903 - mining - DEBUG - objective:-129.5269
2016-01-28 22:32:37,110 - mining - DEBUG - objective:-130.0268
2016-01-28 22:32:40,385 - mining - DEBUG - objective:-130.7009
2016-01-28 22:32:44,705 - mining - DEBUG - objective:-131.8284
2016-01-28 22:32:48,977 - mining - DEBUG - objective:-131.3523
2016-01-28 22:32:52,126 - mining - DEBUG - objective:-132.2716
2016-01-28 22:32:56,093 - mining - DEBUG - objective:-132.8875
2016-01-28 22:33:00,227 - mining - DEBUG - objective:-133.2012
2016-01-28 22:33:04,365 - mining - DEBUG - objective:-133.7910
2016-01-28 22:33:08,789 - mining - DEBUG - objective:-134.5609
2016-01-28 22:33:13,186 - mining - DEBUG - objective:-135.3391
2016-01-28 22:33:16,899 - mining - DEBUG - objective:-135.6485
2016-01-28 22:33:20,717 - mining - DEBUG - objective:-136.0013
2016-01-28 22:33:24,473 - mining - DEBUG - objective:-136.1805
2016-01-28 22:33:28,452 - mining - DEBUG - objective:-136.4091
2016-01-28 22:33:32,593 - mining - DEBUG - objective:-136.6804
2016-01-28 22:33:36,416 - mining - DEBUG - objective:-137.0103
2016-01-28 22:33:40,073 - mining - DEBUG - objective:-137.4114
2016-01-28 22:33:43,800 - mining - DEBUG - objective:-137.6627
2016-01-28 22:33:47,484 - mining - DEBUG - objective:-138.0281
2016-01-28 22:33:51,206 - mining - DEBUG - objective:-138.2268
2016-01-28 22:33:55,305 - mining - DEBUG - objective:-138.6406
2016-01-28 22:33:59,118 - mining - DEBUG - objective:-139.0934
2016-01-28 22:34:02,645 - mining - DEBUG - objective:-139.5838
2016-01-28 22:34:06,945 - mining - DEBUG - objective:-139.8759
2016-01-28 22:34:11,090 - mining - DEBUG - objective:-140.2828
2016-01-28 22:34:14,942 - mining - DEBUG - objective:-140.4462
2016-01-28 22:34:18,284 - mining - DEBUG - objective:-140.7993
2016-01-28 22:34:22,306 - mining - DEBUG - objective:-141.2113
2016-01-28 22:34:26,108 - mining - DEBUG - objective:-141.5171
2016-01-28 22:34:30,080 - mining - DEBUG - objective:-142.1141
2016-01-28 22:34:33,664 - mining - DEBUG - objective:-142.4344
2016-01-28 22:34:37,564 - mining - DEBUG - objective:-142.7871
2016-01-28 22:34:41,908 - mining - DEBUG - objective:-143.2640
2016-01-28 22:34:46,105 - mining - DEBUG - objective:-143.7771
2016-01-28 22:34:50,060 - mining - DEBUG - objective:-144.1547
2016-01-28 22:34:54,561 - mining - DEBUG - objective:-144.3260
2016-01-28 22:34:58,790 - mining - DEBUG - objective:-144.4424
2016-01-28 22:35:02,492 - mining - DEBUG - objective:-144.6195
2016-01-28 22:35:05,967 - mining - DEBUG - objective:-144.9022
2016-01-28 22:35:09,761 - mining - DEBUG - objective:-145.2344
2016-01-28 22:35:13,645 - mining - DEBUG - objective:-145.6415
2016-01-28 22:35:17,670 - mining - DEBUG - objective:-145.8514
2016-01-28 22:35:21,868 - mining - DEBUG - objective:-146.0082
2016-01-28 22:35:25,683 - mining - DEBUG - objective:-146.1149
2016-01-28 22:35:29,725 - mining - DEBUG - objective:-146.2169
2016-01-28 22:35:33,073 - mining - DEBUG - objective:-146.3772
2016-01-28 22:35:37,496 - mining - DEBUG - objective:-146.5432
2016-01-28 22:35:41,695 - mining - DEBUG - objective:-146.6589
2016-01-28 22:35:45,030 - mining - DEBUG - objective:-146.8772
2016-01-28 22:35:48,901 - mining - DEBUG - objective:-147.0358
2016-01-28 22:35:52,542 - mining - DEBUG - objective:-147.2651
2016-01-28 22:35:56,245 - mining - DEBUG - objective:-147.4355
2016-01-28 22:36:00,073 - mining - DEBUG - objective:-147.5813
2016-01-28 22:36:03,827 - mining - DEBUG - objective:-147.6352
2016-01-28 22:36:07,314 - mining - DEBUG - objective:-147.7333
2016-01-28 22:36:10,646 - mining - DEBUG - objective:-147.7479
2016-01-28 22:36:14,342 - mining - DEBUG - objective:-147.8529
2016-01-28 22:36:18,095 - mining - DEBUG - objective:-147.8931
2016-01-28 22:36:21,522 - mining - DEBUG - objective:-147.9417
2016-01-28 22:36:25,423 - mining - DEBUG - objective:-148.0190
2016-01-28 22:36:29,523 - mining - DEBUG - objective:-147.9169
2016-01-28 22:36:32,710 - mining - DEBUG - objective:-148.0586
2016-01-28 22:36:36,333 - mining - DEBUG - objective:-148.1367
2016-01-28 22:36:40,519 - mining - DEBUG - objective:-148.1775
2016-01-28 22:36:44,333 - mining - DEBUG - objective:-148.2140
2016-01-28 22:36:48,210 - mining - DEBUG - objective:-148.2417
2016-01-28 22:36:52,176 - mining - DEBUG - objective:-148.2646
2016-01-28 22:36:56,060 - mining - DEBUG - objective:-148.3023
2016-01-28 22:36:59,501 - mining - DEBUG - objective:-148.3216
2016-01-28 22:37:01,919 - mining - DEBUG - objective:-148.3438
2016-01-28 22:37:04,733 - mining - DEBUG - objective:-148.3929
2016-01-28 22:37:07,739 - mining - DEBUG - objective:-148.4090
2016-01-28 22:37:10,830 - mining - DEBUG - objective:-148.4296
2016-01-28 22:37:13,479 - mining - DEBUG - objective:-148.4647
2016-01-28 22:37:16,250 - mining - DEBUG - objective:-148.4801
2016-01-28 22:37:19,164 - mining - DEBUG - objective:-148.5111
2016-01-28 22:37:22,162 - mining - DEBUG - objective:-148.5367
2016-01-28 22:37:25,090 - mining - DEBUG - objective:-148.5586
2016-01-28 22:37:28,076 - mining - DEBUG - objective:-148.5823
2016-01-28 22:37:31,068 - mining - DEBUG - objective:-148.6041
2016-01-28 22:37:33,373 - mining - DEBUG - objective:-148.6277
2016-01-28 22:37:36,658 - mining - DEBUG - objective:-148.6485
2016-01-28 22:37:39,617 - mining - DEBUG - objective:-148.6655
2016-01-28 22:37:42,751 - mining - DEBUG - objective:-148.6867
2016-01-28 22:37:45,974 - mining - DEBUG - objective:-148.7014
2016-01-28 22:37:48,506 - mining - DEBUG - objective:-148.7215
2016-01-28 22:37:51,158 - mining - DEBUG - objective:-148.7310
2016-01-28 22:37:54,529 - mining - DEBUG - objective:-148.7455
2016-01-28 22:37:57,423 - mining - DEBUG - objective:-148.7526
2016-01-28 22:38:00,039 - mining - DEBUG - objective:-148.7681
2016-01-28 22:38:02,890 - mining - DEBUG - objective:-148.7772
2016-01-28 22:38:05,844 - mining - DEBUG - objective:-148.7875
2016-01-28 22:38:09,006 - mining - DEBUG - objective:-148.8034
2016-01-28 22:38:12,123 - mining - DEBUG - objective:-148.8051
2016-01-28 22:38:14,821 - mining - DEBUG - objective:-148.8144
2016-01-28 22:38:17,703 - mining - DEBUG - objective:-148.8249
2016-01-28 22:38:20,696 - mining - DEBUG - objective:-148.8321
2016-01-28 22:38:23,245 - mining - DEBUG - objective:-148.8401
2016-01-28 22:38:26,057 - mining - DEBUG - objective:-148.8490
2016-01-28 22:38:29,239 - mining - DEBUG - objective:-148.8576
2016-01-28 22:38:32,487 - mining - DEBUG - objective:-148.8673
2016-01-28 22:38:35,403 - mining - DEBUG - objective:-148.8740
2016-01-28 22:38:38,408 - mining - DEBUG - objective:-148.8834
2016-01-28 22:38:41,070 - mining - DEBUG - objective:-148.8943
2016-01-28 22:38:43,844 - mining - DEBUG - objective:-148.9046
2016-01-28 22:38:46,760 - mining - DEBUG - objective:-148.9110
2016-01-28 22:38:49,729 - mining - DEBUG - objective:-148.9215
2016-01-28 22:38:52,138 - mining - DEBUG - objective:-148.9223
2016-01-28 22:38:54,961 - mining - DEBUG - objective:-148.9266
2016-01-28 22:38:58,005 - mining - DEBUG - objective:-148.9330
2016-01-28 22:39:01,221 - mining - DEBUG - objective:-148.9423
2016-01-28 22:39:04,455 - mining - DEBUG - objective:-148.9477
2016-01-28 22:39:06,068 - mining - DEBUG - objective:-148.9540
2016-01-28 22:39:07,757 - mining - DEBUG - objective:-148.9620
2016-01-28 22:39:09,462 - mining - DEBUG - objective:-148.9675
2016-01-28 22:39:11,312 - mining - DEBUG - objective:-148.9736
2016-01-28 22:39:13,165 - mining - DEBUG - objective:-148.9824
2016-01-28 22:39:14,813 - mining - DEBUG - objective:-148.9877
2016-01-28 22:39:16,598 - mining - DEBUG - objective:-148.9936
2016-01-28 22:39:18,291 - mining - DEBUG - objective:-148.9985
2016-01-28 22:39:19,881 - mining - DEBUG - objective:-149.0037
2016-01-28 22:39:21,642 - mining - DEBUG - objective:-149.0086
2016-01-28 22:39:23,341 - mining - DEBUG - objective:-149.0151
2016-01-28 22:39:25,129 - mining - DEBUG - objective:-149.0202
2016-01-28 22:39:26,848 - mining - DEBUG - objective:-149.0246
2016-01-28 22:39:28,570 - mining - DEBUG - objective:-149.0291
2016-01-28 22:39:30,377 - mining - DEBUG - objective:-149.0325
2016-01-28 22:39:32,058 - mining - DEBUG - objective:-149.0362
2016-01-28 22:39:33,762 - mining - DEBUG - objective:-149.0393
2016-01-28 22:39:35,408 - mining - DEBUG - objective:-149.0429
2016-01-28 22:39:37,076 - mining - DEBUG - objective:-149.0463
2016-01-28 22:39:38,684 - mining - DEBUG - objective:-149.0493
2016-01-28 22:39:40,605 - mining - DEBUG - objective:-149.0529
2016-01-28 22:39:42,336 - mining - DEBUG - objective:-149.0556
2016-01-28 22:39:44,319 - mining - DEBUG - objective:-149.0588
2016-01-28 22:39:46,132 - mining - DEBUG - objective:-149.0618
2016-01-28 22:39:47,822 - mining - DEBUG - objective:-149.0648
2016-01-28 22:39:49,588 - mining - DEBUG - objective:-149.0666
2016-01-28 22:39:51,364 - mining - DEBUG - objective:-149.0711
2016-01-28 22:39:52,966 - mining - DEBUG - objective:-149.0699
2016-01-28 22:39:54,593 - mining - DEBUG - objective:-149.0727
2016-01-28 22:39:56,330 - mining - DEBUG - objective:-149.0743
2016-01-28 22:39:58,199 - mining - DEBUG - objective:-149.0768
2016-01-28 22:39:59,719 - mining - DEBUG - objective:-149.0784
2016-01-28 22:40:01,616 - mining - DEBUG - objective:-149.0802
2016-01-28 22:40:03,370 - mining - DEBUG - objective:-149.0821
2016-01-28 22:40:05,214 - mining - DEBUG - objective:-149.0838
2016-01-28 22:40:07,098 - mining - DEBUG - objective:-149.0859
2016-01-28 22:40:08,840 - mining - DEBUG - objective:-149.0879
2016-01-28 22:40:10,779 - mining - DEBUG - objective:-149.0898
2016-01-28 22:40:12,712 - mining - DEBUG - objective:-149.0910
2016-01-28 22:40:14,413 - mining - DEBUG - objective:-149.0924
2016-01-28 22:40:16,071 - mining - DEBUG - objective:-149.0938
2016-01-28 22:40:17,667 - mining - DEBUG - objective:-149.0950
2016-01-28 22:40:19,426 - mining - DEBUG - objective:-149.0964
2016-01-28 22:40:21,064 - mining - DEBUG - objective:-149.0981
2016-01-28 22:40:22,721 - mining - DEBUG - objective:-149.0996
2016-01-28 22:40:24,550 - mining - DEBUG - objective:-149.1007
2016-01-28 22:40:26,318 - mining - DEBUG - objective:-149.1019
2016-01-28 22:40:28,272 - mining - DEBUG - objective:-149.1032
2016-01-28 22:40:30,050 - mining - DEBUG - objective:-149.1046
2016-01-28 22:40:31,631 - mining - DEBUG - objective:-149.1057
2016-01-28 22:40:33,618 - mining - DEBUG - objective:-149.1068
2016-01-28 22:40:35,278 - mining - DEBUG - objective:-149.1079
2016-01-28 22:40:37,214 - mining - DEBUG - objective:-149.1086
2016-01-28 22:40:38,949 - mining - DEBUG - objective:-149.1095
2016-01-28 22:40:40,542 - mining - DEBUG - objective:-149.1105
2016-01-28 22:40:42,205 - mining - DEBUG - objective:-149.1115
2016-01-28 22:40:44,005 - mining - DEBUG - objective:-149.1122
2016-01-28 22:40:45,976 - mining - DEBUG - objective:-149.1126
2016-01-28 22:40:47,816 - mining - DEBUG - objective:-149.1136
2016-01-28 22:40:49,381 - mining - DEBUG - objective:-149.1141
2016-01-28 22:40:51,354 - mining - DEBUG - objective:-149.1151
2016-01-28 22:40:53,140 - mining - DEBUG - objective:-149.1154
2016-01-28 22:40:54,953 - mining - DEBUG - objective:-149.1160
2016-01-28 22:40:56,701 - mining - DEBUG - objective:-149.1169
2016-01-28 22:40:58,245 - mining - DEBUG - objective:-149.1172
2016-01-28 22:40:59,834 - mining - DEBUG - objective:-149.1183
2016-01-28 22:41:01,621 - mining - DEBUG - objective:-149.1188
2016-01-28 22:41:03,195 - mining - DEBUG - objective:-149.1194
2016-01-28 22:41:04,939 - mining - DEBUG - objective:-149.1202
2016-01-28 22:41:06,748 - mining - DEBUG - objective:-149.1210
2016-01-28 22:41:08,439 - mining - DEBUG - objective:-149.1217
2016-01-28 22:41:10,282 - mining - DEBUG - objective:-149.1223
2016-01-28 22:41:12,066 - mining - DEBUG - objective:-149.1228
2016-01-28 22:41:14,040 - mining - DEBUG - objective:-149.1235
2016-01-28 22:41:15,868 - mining - DEBUG - objective:-149.1242
2016-01-28 22:41:17,818 - mining - DEBUG - objective:-149.1246
2016-01-28 22:41:19,506 - mining - DEBUG - objective:-149.1252
2016-01-28 22:41:21,310 - mining - DEBUG - objective:-149.1257
2016-01-28 22:41:23,153 - mining - DEBUG - objective:-149.1264
2016-01-28 22:41:24,745 - mining - DEBUG - objective:-149.1268
2016-01-28 22:41:26,353 - mining - DEBUG - objective:-149.1272
2016-01-28 22:41:27,977 - mining - DEBUG - objective:-149.1275
2016-01-28 22:41:29,800 - mining - DEBUG - objective:-149.1281
2016-01-28 22:41:31,343 - mining - DEBUG - objective:-149.1284
2016-01-28 22:41:33,248 - mining - DEBUG - objective:-149.1287
2016-01-28 22:41:34,971 - mining - DEBUG - objective:-149.1292
2016-01-28 22:41:36,697 - mining - DEBUG - objective:-149.1286
2016-01-28 22:41:38,340 - mining - DEBUG - objective:-149.1295
2016-01-28 22:41:40,009 - mining - DEBUG - objective:-149.1299
2016-01-28 22:41:42,045 - mining - DEBUG - objective:-149.1302
2016-01-28 22:41:43,406 - mining - DEBUG - objective:-149.1306
2016-01-28 22:41:45,132 - mining - DEBUG - objective:-149.1308
2016-01-28 22:41:46,588 - mining - DEBUG - objective:-149.1311
2016-01-28 22:41:48,105 - mining - DEBUG - objective:-149.1313
2016-01-28 22:41:50,029 - mining - DEBUG - objective:-149.1315
2016-01-28 22:41:51,878 - mining - DEBUG - objective:-149.1319
2016-01-28 22:41:53,522 - mining - DEBUG - objective:-149.1319
2016-01-28 22:41:55,020 - mining - DEBUG - objective:-149.1322
2016-01-28 22:41:56,779 - mining - DEBUG - objective:-149.1326
2016-01-28 22:41:58,495 - mining - DEBUG - objective:-149.1329
2016-01-28 22:42:00,291 - mining - DEBUG - objective:-149.1331
2016-01-28 22:42:02,041 - mining - DEBUG - objective:-149.1333
2016-01-28 22:42:03,818 - mining - DEBUG - objective:-149.1337
2016-01-28 22:42:05,511 - mining - DEBUG - objective:-149.1339
2016-01-28 22:42:07,317 - mining - DEBUG - objective:-149.1341
2016-01-28 22:42:08,926 - mining - DEBUG - objective:-149.1345
2016-01-28 22:42:10,979 - mining - DEBUG - objective:-149.1346
2016-01-28 22:42:12,545 - mining - DEBUG - objective:-149.1347
2016-01-28 22:42:14,312 - mining - DEBUG - objective:-149.1350
2016-01-28 22:42:16,085 - mining - DEBUG - objective:-149.1352
2016-01-28 22:42:17,700 - mining - DEBUG - objective:-149.1354
2016-01-28 22:42:19,477 - mining - DEBUG - objective:-149.1356
2016-01-28 22:42:21,315 - mining - DEBUG - objective:-149.1358
2016-01-28 22:42:23,532 - mining - DEBUG - objective:-149.1360
2016-01-28 22:42:25,339 - mining - DEBUG - objective:-149.1361
2016-01-28 22:42:27,192 - mining - DEBUG - objective:-149.1363
2016-01-28 22:42:28,916 - mining - DEBUG - objective:-149.1364
2016-01-28 22:42:30,587 - mining - DEBUG - objective:-149.1366
2016-01-28 22:42:32,343 - mining - DEBUG - objective:-149.1367
2016-01-28 22:42:34,012 - mining - DEBUG - objective:-149.1368
2016-01-28 22:42:35,660 - mining - DEBUG - objective:-149.1370
2016-01-28 22:42:37,386 - mining - DEBUG - objective:-149.1371
2016-01-28 22:42:39,159 - mining - DEBUG - objective:-149.1372
2016-01-28 22:42:40,735 - mining - DEBUG - objective:-149.1373
2016-01-28 22:42:42,404 - mining - DEBUG - objective:-149.1374
2016-01-28 22:42:44,166 - mining - DEBUG - objective:-149.1374
2016-01-28 22:42:45,710 - mining - DEBUG - objective:-149.1375
2016-01-28 22:42:47,511 - mining - DEBUG - objective:-149.1376
2016-01-28 22:42:49,324 - mining - DEBUG - objective:-149.1377
2016-01-28 22:42:51,231 - mining - DEBUG - objective:-149.1377
2016-01-28 22:42:52,855 - mining - DEBUG - objective:-149.1378
2016-01-28 22:42:54,433 - mining - DEBUG - objective:-149.1379
2016-01-28 22:42:56,143 - mining - DEBUG - objective:-149.1379
2016-01-28 22:42:57,794 - mining - DEBUG - objective:-149.1380
2016-01-28 22:42:59,625 - mining - DEBUG - objective:-149.1381
2016-01-28 22:43:01,609 - mining - DEBUG - objective:-149.1381
2016-01-28 22:43:03,627 - mining - DEBUG - objective:-149.1382
2016-01-28 22:43:05,260 - mining - DEBUG - objective:-149.1382
2016-01-28 22:43:07,095 - mining - DEBUG - objective:-149.1382
2016-01-28 22:43:08,619 - mining - DEBUG - objective:-149.1383
2016-01-28 22:43:10,437 - mining - DEBUG - objective:-149.1383
2016-01-28 22:43:12,008 - mining - DEBUG - objective:-149.1384
2016-01-28 22:43:13,552 - mining - DEBUG - objective:-149.1384
2016-01-28 22:43:15,214 - mining - DEBUG - objective:-149.1384
2016-01-28 22:43:16,977 - mining - DEBUG - objective:-149.1385
2016-01-28 22:43:18,512 - mining - DEBUG - objective:-149.1385
2016-01-28 22:43:20,266 - mining - DEBUG - objective:-149.1385
2016-01-28 22:43:22,066 - mining - DEBUG - objective:-149.1386
2016-01-28 22:43:23,723 - mining - DEBUG - objective:-149.1385
2016-01-28 22:43:25,267 - mining - DEBUG - objective:-149.1386
2016-01-28 22:43:27,294 - mining - DEBUG - objective:-149.1386
2016-01-28 22:43:29,086 - mining - DEBUG - objective:-149.1387
2016-01-28 22:43:30,902 - mining - DEBUG - objective:-149.1387
2016-01-28 22:43:32,789 - mining - DEBUG - objective:-149.1388
2016-01-28 22:43:34,284 - mining - DEBUG - objective:-149.1388
2016-01-28 22:43:35,965 - mining - DEBUG - objective:-149.1388
2016-01-28 22:43:37,655 - mining - DEBUG - objective:-149.1388
2016-01-28 22:43:39,223 - mining - DEBUG - objective:-149.1389
2016-01-28 22:43:40,965 - mining - DEBUG - objective:-149.1389
2016-01-28 22:43:42,913 - mining - DEBUG - objective:-149.1389
2016-01-28 22:43:44,676 - mining - DEBUG - objective:-149.1389
2016-01-28 22:43:46,476 - mining - DEBUG - objective:-149.1388
2016-01-28 22:43:48,219 - mining - DEBUG - objective:-149.1389
2016-01-28 22:43:49,775 - mining - DEBUG - objective:-149.1390
2016-01-28 22:43:51,301 - mining - DEBUG - objective:-149.1390
2016-01-28 22:43:53,149 - mining - DEBUG - objective:-149.1390
2016-01-28 22:43:54,929 - mining - DEBUG - objective:-149.1390
2016-01-28 22:43:56,756 - mining - DEBUG - objective:-149.1390
2016-01-28 22:43:58,384 - mining - DEBUG - objective:-149.1390
2016-01-28 22:44:00,276 - mining - DEBUG - objective:-149.1390
2016-01-28 22:44:02,038 - mining - DEBUG - objective:-149.1390
2016-01-28 22:44:03,654 - mining - DEBUG - objective:-149.1390
2016-01-28 22:44:05,244 - mining - DEBUG - objective:-149.1390
2016-01-28 22:44:07,116 - mining - DEBUG - objective:-149.1390
2016-01-28 22:44:08,888 - mining - DEBUG - objective:-149.1390
2016-01-28 22:44:10,643 - mining - DEBUG - objective:-149.1390
2016-01-28 22:44:12,464 - mining - DEBUG - objective:-149.1390
2016-01-28 22:44:14,382 - mining - DEBUG - objective:-149.1390
2016-01-28 22:44:15,810 - mining - DEBUG - objective:-149.1390
2016-01-28 22:44:17,714 - mining - DEBUG - objective:-149.1391
2016-01-28 22:44:19,466 - mining - DEBUG - objective:-149.1390
2016-01-28 22:44:21,021 - mining - DEBUG - objective:-149.1391
2016-01-28 22:44:22,670 - mining - DEBUG - objective:-149.1391
2016-01-28 22:44:24,708 - mining - DEBUG - objective:-149.1391
2016-01-28 22:44:26,557 - mining - DEBUG - objective:-149.1391
2016-01-28 22:44:28,305 - mining - DEBUG - objective:-149.1391
2016-01-28 22:44:30,013 - mining - DEBUG - objective:-149.1391
2016-01-28 22:44:31,610 - mining - DEBUG - objective:-149.1391
2016-01-28 22:44:33,479 - mining - DEBUG - objective:-149.1391
2016-01-28 22:44:35,227 - mining - DEBUG - objective:-149.1391
2016-01-28 22:44:37,170 - mining - DEBUG - objective:-149.1391
2016-01-28 22:44:38,754 - mining - DEBUG - objective:-149.1391
2016-01-28 22:44:40,423 - mining - DEBUG - objective:-149.1390
2016-01-28 22:44:42,035 - mining - DEBUG - objective:-149.1391
2016-01-28 22:44:43,851 - mining - DEBUG - objective:-149.1391
2016-01-28 22:44:45,394 - mining - DEBUG - objective:-149.1391
2016-01-28 22:44:47,022 - mining - DEBUG - objective:-149.1391
2016-01-28 22:44:48,654 - mining - DEBUG - objective:-149.1391
2016-01-28 22:44:50,383 - mining - DEBUG - objective:-149.1390
2016-01-28 22:44:51,994 - mining - DEBUG - objective:-149.1391
2016-01-28 22:44:53,477 - mining - DEBUG - objective:-149.1391
2016-01-28 22:44:55,328 - mining - DEBUG - objective:-149.1391
2016-01-28 22:44:57,026 - mining - DEBUG - objective:-149.1391
2016-01-28 22:44:58,679 - mining - DEBUG - objective:-149.1391
2016-01-28 22:45:00,286 - mining - DEBUG - objective:-149.1391
2016-01-28 22:45:02,030 - mining - DEBUG - objective:-149.1391
2016-01-28 22:45:03,534 - mining - DEBUG - objective:-149.1391
2016-01-28 22:45:05,283 - mining - DEBUG - objective:-149.1391
2016-01-28 22:45:06,821 - mining - DEBUG - objective:-149.1391
2016-01-28 22:45:08,531 - mining - DEBUG - objective:-149.1390
2016-01-28 22:45:10,188 - mining - DEBUG - objective:-149.1391
2016-01-28 22:45:11,929 - mining - DEBUG - objective:-149.1391
2016-01-28 22:45:13,363 - mining - DEBUG - objective:-149.1391
2016-01-28 22:45:15,027 - mining - DEBUG - objective:-149.1391
2016-01-28 22:45:16,809 - mining - DEBUG - objective:-149.1391
2016-01-28 22:45:18,505 - mining - DEBUG - objective:-149.1391
2016-01-28 22:45:20,018 - mining - DEBUG - objective:-149.1391
2016-01-28 22:45:21,602 - mining - DEBUG - objective:-149.1391
2016-01-28 22:45:23,233 - mining - DEBUG - objective:-149.1390
2016-01-28 22:45:24,847 - mining - DEBUG - objective:-149.1391
2016-01-28 22:45:26,402 - mining - DEBUG - objective:-149.1391
2016-01-28 22:45:27,958 - mining - DEBUG - objective:-149.1391
2016-01-28 22:45:29,753 - mining - DEBUG - objective:-149.1391
2016-01-28 22:45:31,461 - mining - DEBUG - objective:-149.1391
2016-01-28 22:45:32,938 - mining - DEBUG - objective:-149.1391
2016-01-28 22:45:34,656 - mining - DEBUG - objective:-149.1391
2016-01-28 22:45:36,352 - mining - DEBUG - objective:-149.1391
2016-01-28 22:45:38,124 - mining - DEBUG - objective:-149.1391
2016-01-28 22:45:39,737 - mining - DEBUG - objective:-149.1391
2016-01-28 22:45:41,313 - mining - DEBUG - objective:-149.1391
2016-01-28 22:45:42,898 - mining - DEBUG - objective:-149.1391
2016-01-28 22:45:44,538 - mining - DEBUG - objective:-149.1390
2016-01-28 22:45:46,308 - mining - DEBUG - objective:-149.1391
2016-01-28 22:45:48,008 - mining - DEBUG - objective:-149.1391
2016-01-28 22:45:49,852 - mining - DEBUG - objective:-149.1391
2016-01-28 22:45:51,651 - mining - DEBUG - objective:-149.1390
2016-01-28 22:45:53,157 - mining - DEBUG - objective:-149.1391
2016-01-28 22:45:54,767 - mining - DEBUG - objective:-149.1391
2016-01-28 22:45:56,217 - mining - DEBUG - objective:-149.1391
2016-01-28 22:45:57,926 - mining - DEBUG - objective:-149.1390
2016-01-28 22:45:59,454 - mining - DEBUG - objective:-149.1391
2016-01-28 22:46:01,214 - mining - DEBUG - objective:-149.1391
2016-01-28 22:46:02,737 - mining - DEBUG - objective:-149.1391
2016-01-28 22:46:04,469 - mining - DEBUG - objective:-149.1391
2016-01-28 22:46:05,971 - mining - DEBUG - objective:-149.1391
2016-01-28 22:46:07,897 - mining - DEBUG - objective:-149.1391
2016-01-28 22:46:09,601 - mining - DEBUG - objective:-149.1391
2016-01-28 22:46:11,223 - mining - DEBUG - objective:-149.1391
2016-01-28 22:46:13,077 - mining - DEBUG - objective:-149.1390
2016-01-28 22:46:14,893 - mining - DEBUG - objective:-149.1391
2016-01-28 22:46:16,398 - mining - DEBUG - objective:-149.1391
2016-01-28 22:46:18,044 - mining - DEBUG - objective:-149.1391
2016-01-28 22:46:19,514 - mining - DEBUG - objective:-149.1391
2016-01-28 22:46:21,102 - mining - DEBUG - objective:-149.1391
2016-01-28 22:46:22,702 - mining - DEBUG - objective:-149.1390
2016-01-28 22:46:24,319 - mining - DEBUG - objective:-149.1391
2016-01-28 22:46:26,125 - mining - DEBUG - objective:-149.1391
2016-01-28 22:46:27,666 - mining - DEBUG - objective:-149.1391
2016-01-28 22:46:29,360 - mining - DEBUG - objective:-149.1391
2016-01-28 22:46:31,023 - mining - DEBUG - objective:-149.1391
2016-01-28 22:46:32,761 - mining - DEBUG - objective:-149.1390
2016-01-28 22:46:34,340 - mining - DEBUG - objective:-149.1391
2016-01-28 22:46:35,971 - mining - DEBUG - objective:-149.1391
2016-01-28 22:46:37,648 - mining - DEBUG - objective:-149.1391
2016-01-28 22:46:39,251 - mining - DEBUG - objective:-149.1391
2016-01-28 22:46:40,841 - mining - DEBUG - objective:-149.1391
2016-01-28 22:46:42,613 - mining - DEBUG - objective:-149.1391
2016-01-28 22:46:44,355 - mining - DEBUG - objective:-149.1390
2016-01-28 22:46:45,914 - mining - DEBUG - objective:-149.1391
2016-01-28 22:46:47,519 - mining - DEBUG - objective:-149.1391
2016-01-28 22:46:49,106 - mining - DEBUG - objective:-149.1391
2016-01-28 22:46:50,628 - mining - DEBUG - objective:-149.1391
2016-01-28 22:46:52,124 - mining - DEBUG - objective:-149.1391
2016-01-28 22:46:53,751 - mining - DEBUG - objective:-149.1391
2016-01-28 22:46:55,369 - mining - DEBUG - objective:-149.1390
2016-01-28 22:46:56,982 - mining - DEBUG - objective:-149.1391
2016-01-28 22:46:58,678 - mining - DEBUG - objective:-149.1391
2016-01-28 22:47:00,255 - mining - DEBUG - objective:-149.1391
2016-01-28 22:47:01,768 - mining - DEBUG - objective:-149.1391
2016-01-28 22:47:03,391 - mining - DEBUG - objective:-149.1391
2016-01-28 22:47:05,203 - mining - DEBUG - objective:-149.1390
2016-01-28 22:47:06,800 - mining - DEBUG - objective:-149.1391
2016-01-28 22:47:08,213 - mining - DEBUG - objective:-149.1391
2016-01-28 22:47:09,867 - mining - DEBUG - objective:-149.1391
2016-01-28 22:47:11,436 - mining - DEBUG - objective:-149.1391
2016-01-28 22:47:13,039 - mining - DEBUG - objective:-149.1391
2016-01-28 22:47:14,746 - mining - DEBUG - objective:-149.1391
2016-01-28 22:47:16,480 - mining - DEBUG - objective:-149.1390
2016-01-28 22:47:18,084 - mining - DEBUG - objective:-149.1391
2016-01-28 22:47:19,670 - mining - DEBUG - objective:-149.1391
2016-01-28 22:47:21,110 - mining - DEBUG - objective:-149.1391
2016-01-28 22:47:22,589 - mining - DEBUG - objective:-149.1391
2016-01-28 22:47:24,101 - mining - DEBUG - objective:-149.1391
2016-01-28 22:47:25,762 - mining - DEBUG - objective:-149.1391
2016-01-28 22:47:27,309 - mining - DEBUG - objective:-149.1391
2016-01-28 22:47:28,987 - mining - DEBUG - objective:-149.1391
2016-01-28 22:47:30,552 - mining - DEBUG - objective:-149.1391
2016-01-28 22:47:30,861 - mining - DEBUG - objective:-149.1391
2016-01-28 22:47:32,343 - mining - DEBUG - objective:-149.1390
2016-01-28 22:47:33,937 - mining - DEBUG - objective:-149.1391
2016-01-28 22:47:35,604 - mining - DEBUG - objective:-149.1391
2016-01-28 22:47:37,096 - mining - DEBUG - objective:-149.1391
2016-01-28 22:47:38,792 - mining - DEBUG - objective:-149.1391
2016-01-28 22:47:40,433 - mining - DEBUG - objective:-149.1391
2016-01-28 22:47:42,102 - mining - DEBUG - objective:-149.1391
2016-01-28 22:47:43,675 - mining - DEBUG - objective:-149.1391
2016-01-28 22:47:45,414 - mining - DEBUG - objective:-149.1391
2016-01-28 22:47:47,036 - mining - DEBUG - objective:-149.1391
2016-01-28 22:47:48,370 - mining - DEBUG - objective:-149.1391
2016-01-28 22:47:49,814 - mining - DEBUG - objective:-149.1391
2016-01-28 22:47:51,612 - mining - DEBUG - objective:-149.1390
2016-01-28 22:47:53,399 - mining - DEBUG - objective:-149.1391
2016-01-28 22:47:55,013 - mining - DEBUG - objective:-149.1391
2016-01-28 22:47:56,699 - mining - DEBUG - objective:-149.1391
2016-01-28 22:47:58,282 - mining - DEBUG - objective:-149.1391
2016-01-28 22:47:59,890 - mining - DEBUG - objective:-149.1391
2016-01-28 22:48:01,412 - mining - DEBUG - objective:-149.1391
2016-01-28 22:48:03,186 - mining - DEBUG - objective:-149.1391
2016-01-28 22:48:04,854 - mining - DEBUG - objective:-149.1391
2016-01-28 22:48:06,464 - mining - DEBUG - objective:-149.1391
2016-01-28 22:48:08,168 - mining - DEBUG - objective:-149.1391
2016-01-28 22:48:09,878 - mining - DEBUG - objective:-149.1391
2016-01-28 22:48:11,462 - mining - DEBUG - objective:-149.1391
2016-01-28 22:48:13,160 - mining - DEBUG - objective:-149.1391
2016-01-28 22:48:14,648 - mining - DEBUG - objective:-149.1391
2016-01-28 22:48:16,321 - mining - DEBUG - objective:-149.1391
2016-01-28 22:48:18,033 - mining - DEBUG - objective:-149.1391
2016-01-28 22:48:19,628 - mining - DEBUG - objective:-149.1391
2016-01-28 22:48:21,073 - mining - DEBUG - objective:-149.1391
2016-01-28 22:48:22,814 - mining - DEBUG - objective:-149.1391
2016-01-28 22:48:24,277 - mining - DEBUG - objective:-149.1391
2016-01-28 22:48:25,906 - mining - DEBUG - objective:-149.1391
2016-01-28 22:48:27,526 - mining - DEBUG - objective:-149.1391
2016-01-28 22:48:29,285 - mining - DEBUG - objective:-149.1390
2016-01-28 22:48:30,701 - mining - DEBUG - objective:-149.1391
2016-01-28 22:48:32,410 - mining - DEBUG - objective:-149.1391
2016-01-28 22:48:33,901 - mining - DEBUG - objective:-149.1391
2016-01-28 22:48:35,634 - mining - DEBUG - objective:-149.1391
2016-01-28 22:48:37,247 - mining - DEBUG - objective:-149.1391
2016-01-28 22:48:38,769 - mining - DEBUG - objective:-149.1391
2016-01-28 22:48:40,422 - mining - DEBUG - objective:-149.1391
2016-01-28 22:48:42,053 - mining - DEBUG - objective:-149.1391
2016-01-28 22:48:43,579 - mining - DEBUG - objective:-149.1391
2016-01-28 22:48:45,274 - mining - DEBUG - objective:-149.1391
2016-01-28 22:48:46,928 - mining - DEBUG - objective:-149.1391
2016-01-28 22:48:48,476 - mining - DEBUG - objective:-149.1391
2016-01-28 22:48:50,057 - mining - DEBUG - objective:-149.1391
2016-01-28 22:48:51,852 - mining - DEBUG - objective:-149.1389
2016-01-28 22:48:53,512 - mining - DEBUG - objective:-149.1391
2016-01-28 22:48:55,079 - mining - DEBUG - objective:-149.1391
2016-01-28 22:48:56,683 - mining - DEBUG - objective:-149.1391
2016-01-28 22:48:58,581 - mining - DEBUG - objective:-149.1391
2016-01-28 22:49:00,337 - mining - DEBUG - objective:-149.1391
2016-01-28 22:49:01,941 - mining - DEBUG - objective:-149.1391
2016-01-28 22:49:03,482 - mining - DEBUG - objective:-149.1391
2016-01-28 22:49:05,329 - mining - DEBUG - objective:-149.1391
2016-01-28 22:49:07,108 - mining - DEBUG - objective:-149.1391
2016-01-28 22:49:08,902 - mining - DEBUG - objective:-149.1391
2016-01-28 22:49:10,532 - mining - DEBUG - objective:-149.1391
2016-01-28 22:49:12,157 - mining - DEBUG - objective:-149.1391
2016-01-28 22:49:13,766 - mining - DEBUG - objective:-149.1391
2016-01-28 22:49:15,641 - mining - DEBUG - objective:-149.1391
2016-01-28 22:49:15,922 - mining - DEBUG - objective:-149.1391
2016-01-28 22:49:17,745 - mining - DEBUG - objective:-149.1389
2016-01-28 22:49:19,365 - mining - DEBUG - objective:-149.1391
2016-01-28 22:49:20,962 - mining - DEBUG - objective:-149.1391
2016-01-28 22:49:22,874 - mining - DEBUG - objective:-149.1391
2016-01-28 22:49:24,592 - mining - DEBUG - objective:-149.1391
2016-01-28 22:49:26,171 - mining - DEBUG - objective:-149.1391
2016-01-28 22:49:27,860 - mining - DEBUG - objective:-149.1391
2016-01-28 22:49:29,677 - mining - DEBUG - objective:-149.1388
2016-01-28 22:49:31,426 - mining - DEBUG - objective:-149.1391
2016-01-28 22:49:33,197 - mining - DEBUG - objective:-149.1391
2016-01-28 22:49:34,898 - mining - DEBUG - objective:-149.1391
2016-01-28 22:49:36,499 - mining - DEBUG - objective:-149.1391
2016-01-28 22:49:38,058 - mining - DEBUG - objective:-149.1391
2016-01-28 22:49:39,922 - mining - DEBUG - objective:-149.1391
2016-01-28 22:49:41,647 - mining - DEBUG - objective:-149.1391
2016-01-28 22:49:43,267 - mining - DEBUG - objective:-149.1391
2016-01-28 22:49:44,808 - mining - DEBUG - objective:-149.1391
2016-01-28 22:49:46,572 - mining - DEBUG - objective:-149.1391
2016-01-28 22:49:48,212 - mining - DEBUG - objective:-149.1391
2016-01-28 22:49:49,725 - mining - DEBUG - objective:-149.1391
2016-01-28 22:49:51,406 - mining - DEBUG - objective:-149.1391
2016-01-28 22:49:53,079 - mining - DEBUG - objective:-149.1388
2016-01-28 22:49:54,709 - mining - DEBUG - objective:-149.1391
2016-01-28 22:49:56,364 - mining - DEBUG - objective:-149.1391
2016-01-28 22:49:58,030 - mining - DEBUG - objective:-149.1391
2016-01-28 22:49:59,698 - mining - DEBUG - objective:-149.1391
2016-01-28 22:50:01,343 - mining - DEBUG - objective:-149.1391
2016-01-28 22:50:03,065 - mining - DEBUG - objective:-149.1391
2016-01-28 22:50:04,716 - mining - DEBUG - objective:-149.1391
2016-01-28 22:50:06,487 - mining - DEBUG - objective:-149.1389
2016-01-28 22:50:08,101 - mining - DEBUG - objective:-149.1391
2016-01-28 22:50:09,608 - mining - DEBUG - objective:-149.1391
2016-01-28 22:50:11,503 - mining - DEBUG - objective:-149.1391
2016-01-28 22:50:13,088 - mining - DEBUG - objective:-149.1391
2016-01-28 22:50:14,732 - mining - DEBUG - objective:-149.1391
2016-01-28 22:50:16,224 - mining - DEBUG - objective:-149.1391
2016-01-28 22:50:17,833 - mining - DEBUG - objective:-149.1391
2016-01-28 22:50:19,338 - mining - DEBUG - objective:-149.1391
2016-01-28 22:50:20,802 - mining - DEBUG - objective:-149.1391
2016-01-28 22:50:22,320 - mining - DEBUG - objective:-149.1391
2016-01-28 22:50:23,812 - mining - DEBUG - objective:-149.1391
2016-01-28 22:50:25,530 - mining - DEBUG - objective:-149.1391
2016-01-28 22:50:27,187 - mining - DEBUG - objective:-149.1390
2016-01-28 22:50:28,744 - mining - DEBUG - objective:-149.1391
2016-01-28 22:50:30,466 - mining - DEBUG - objective:-149.1391
2016-01-28 22:50:32,218 - mining - DEBUG - objective:-149.1391
2016-01-28 22:50:33,737 - mining - DEBUG - objective:-149.1391
2016-01-28 22:50:35,290 - mining - DEBUG - objective:-149.1391
2016-01-28 22:50:36,975 - mining - DEBUG - objective:-149.1391
2016-01-28 22:50:38,534 - mining - DEBUG - objective:-149.1391
2016-01-28 22:50:40,214 - mining - DEBUG - objective:-149.1391
2016-01-28 22:50:41,770 - mining - DEBUG - objective:-149.1391
2016-01-28 22:50:43,330 - mining - DEBUG - objective:-149.1391
2016-01-28 22:50:44,800 - mining - DEBUG - objective:-149.1391
2016-01-28 22:50:46,451 - mining - DEBUG - objective:-149.1391
2016-01-28 22:50:47,929 - mining - DEBUG - objective:-149.1391
2016-01-28 22:50:49,652 - mining - DEBUG - objective:-149.1391
2016-01-28 22:50:51,186 - mining - DEBUG - objective:-149.1391
2016-01-28 22:50:52,910 - mining - DEBUG - objective:-149.1391
2016-01-28 22:50:54,432 - mining - DEBUG - objective:-149.1391
2016-01-28 22:50:56,001 - mining - DEBUG - objective:-149.1391
2016-01-28 22:50:57,550 - mining - DEBUG - objective:-149.1391
2016-01-28 22:50:59,109 - mining - DEBUG - objective:-149.1391
2016-01-28 22:51:00,733 - mining - DEBUG - objective:-149.1391
2016-01-28 22:51:02,190 - mining - DEBUG - objective:-149.1391
2016-01-28 22:51:03,808 - mining - DEBUG - objective:-149.1390
2016-01-28 22:51:05,461 - mining - DEBUG - objective:-149.1391
2016-01-28 22:51:07,012 - mining - DEBUG - objective:-149.1391
2016-01-28 22:51:08,760 - mining - DEBUG - objective:-149.1391
2016-01-28 22:51:10,540 - mining - DEBUG - objective:-149.1391
2016-01-28 22:51:12,153 - mining - DEBUG - objective:-149.1391
2016-01-28 22:51:13,902 - mining - DEBUG - objective:-149.1391
2016-01-28 22:51:15,306 - mining - DEBUG - objective:-149.1391
2016-01-28 22:51:16,941 - mining - DEBUG - objective:-149.1391
2016-01-28 22:51:18,634 - mining - DEBUG - objective:-149.1391
2016-01-28 22:51:20,057 - mining - DEBUG - objective:-149.1391
2016-01-28 22:51:21,565 - mining - DEBUG - objective:-149.1391
2016-01-28 22:51:23,553 - mining - DEBUG - objective:-149.1391
2016-01-28 22:51:24,971 - mining - DEBUG - objective:-149.1391
2016-01-28 22:51:26,684 - mining - DEBUG - objective:-149.1391
2016-01-28 22:51:28,181 - mining - DEBUG - objective:-149.1391
2016-01-28 22:51:29,843 - mining - DEBUG - objective:-149.1391
2016-01-28 22:51:31,405 - mining - DEBUG - objective:-149.1391
2016-01-28 22:51:33,393 - mining - DEBUG - objective:-149.1391
2016-01-28 22:51:35,119 - mining - DEBUG - objective:-149.1391
2016-01-28 22:51:36,690 - mining - DEBUG - objective:-149.1391
2016-01-28 22:51:38,411 - mining - DEBUG - objective:-149.1391
2016-01-28 22:51:39,956 - mining - DEBUG - objective:-149.1391
2016-01-28 22:51:41,475 - mining - DEBUG - objective:-149.1391
2016-01-28 22:51:43,091 - mining - DEBUG - objective:-149.1391
2016-01-28 22:51:44,886 - mining - DEBUG - objective:-149.1391
2016-01-28 22:51:46,406 - mining - DEBUG - objective:-149.1391
2016-01-28 22:51:48,027 - mining - DEBUG - objective:-149.1391
2016-01-28 22:51:49,705 - mining - DEBUG - objective:-149.1391
2016-01-28 22:51:51,292 - mining - DEBUG - objective:-149.1391
2016-01-28 22:51:53,013 - mining - DEBUG - objective:-149.1391
2016-01-28 22:51:54,783 - mining - DEBUG - objective:-149.1391
2016-01-28 22:51:56,321 - mining - DEBUG - objective:-149.1391
2016-01-28 22:51:57,892 - mining - DEBUG - objective:-149.1391
2016-01-28 22:51:59,569 - mining - DEBUG - objective:-149.1391
2016-01-28 22:52:00,965 - mining - DEBUG - objective:-149.1391
2016-01-28 22:52:02,743 - mining - DEBUG - objective:-149.1391
2016-01-28 22:52:04,337 - mining - DEBUG - objective:-149.1391
2016-01-28 22:52:05,940 - mining - DEBUG - objective:-149.1391
2016-01-28 22:52:07,790 - mining - DEBUG - objective:-149.1391
2016-01-28 22:52:09,442 - mining - DEBUG - objective:-149.1391
2016-01-28 22:52:10,988 - mining - DEBUG - objective:-149.1391
2016-01-28 22:52:12,696 - mining - DEBUG - objective:-149.1391
2016-01-28 22:52:14,254 - mining - DEBUG - objective:-149.1391
2016-01-28 22:52:15,636 - mining - DEBUG - objective:-149.1391
2016-01-28 22:52:17,188 - mining - DEBUG - objective:-149.1391
2016-01-28 22:52:18,936 - mining - DEBUG - objective:-149.1391
2016-01-28 22:52:20,522 - mining - DEBUG - objective:-149.1391
2016-01-28 22:52:22,238 - mining - DEBUG - objective:-149.1391
2016-01-28 22:52:24,050 - mining - DEBUG - objective:-148.5307
2016-01-28 22:52:25,566 - mining - DEBUG - objective:-149.1391
2016-01-28 22:52:27,210 - mining - DEBUG - objective:-149.1391
2016-01-28 22:52:28,809 - mining - DEBUG - objective:-149.1391
2016-01-28 22:52:30,658 - mining - DEBUG - objective:-149.1391
2016-01-28 22:52:32,253 - mining - DEBUG - objective:-149.1391
2016-01-28 22:52:33,834 - mining - DEBUG - objective:-149.1391
2016-01-28 22:52:35,202 - mining - DEBUG - objective:-149.1391
2016-01-28 22:52:36,888 - mining - DEBUG - objective:-149.1391
2016-01-28 22:52:38,575 - mining - DEBUG - objective:-149.1391
2016-01-28 22:52:40,058 - mining - DEBUG - objective:-149.1391
2016-01-28 22:52:41,750 - mining - DEBUG - objective:-149.1391
2016-01-28 22:52:43,661 - mining - DEBUG - objective:-149.1391
2016-01-28 22:52:45,389 - mining - DEBUG - objective:-149.1391
2016-01-28 22:52:47,012 - mining - DEBUG - objective:-149.1391
2016-01-28 22:52:48,672 - mining - DEBUG - objective:-149.1391
2016-01-28 22:52:50,538 - mining - DEBUG - objective:-149.1391
2016-01-28 22:52:52,352 - mining - DEBUG - objective:-149.1391
2016-01-28 22:52:54,139 - mining - DEBUG - objective:-149.1391
2016-01-28 22:52:56,177 - mining - DEBUG - objective:-149.1391
2016-01-28 22:52:57,885 - mining - DEBUG - objective:-149.1391
2016-01-28 22:52:59,524 - mining - DEBUG - objective:-149.1391
2016-01-28 22:53:01,384 - mining - DEBUG - objective:-149.1392
2016-01-28 22:53:03,158 - mining - DEBUG - objective:-149.1392
2016-01-28 22:53:04,807 - mining - DEBUG - objective:-149.1392
2016-01-28 22:53:06,620 - mining - DEBUG - objective:-149.1392
2016-01-28 22:53:08,362 - mining - DEBUG - objective:-149.1392
2016-01-28 22:53:09,961 - mining - DEBUG - objective:-149.1392
2016-01-28 22:53:11,946 - mining - DEBUG - objective:-149.1392
2016-01-28 22:53:13,650 - mining - DEBUG - objective:-149.1392
2016-01-28 22:53:15,342 - mining - DEBUG - objective:-149.1392
2016-01-28 22:53:17,001 - mining - DEBUG - objective:-149.1392
2016-01-28 22:53:18,824 - mining - DEBUG - objective:-149.1392
2016-01-28 22:53:20,290 - mining - DEBUG - objective:-149.1392
2016-01-28 22:53:21,973 - mining - DEBUG - objective:-149.1392
2016-01-28 22:53:23,808 - mining - DEBUG - objective:-149.1392
2016-01-28 22:53:25,484 - mining - DEBUG - objective:-149.1392
2016-01-28 22:53:27,421 - mining - DEBUG - objective:-149.1392
2016-01-28 22:53:29,122 - mining - DEBUG - objective:-149.1392
2016-01-28 22:53:30,917 - mining - DEBUG - objective:-149.1392
2016-01-28 22:53:32,821 - mining - DEBUG - objective:-149.1392
2016-01-28 22:53:34,487 - mining - DEBUG - objective:-149.1392
2016-01-28 22:53:36,300 - mining - DEBUG - objective:-149.1392
2016-01-28 22:53:37,973 - mining - DEBUG - objective:-149.1392
2016-01-28 22:53:39,674 - mining - DEBUG - objective:-149.1392
2016-01-28 22:53:41,216 - mining - DEBUG - objective:-149.1392
2016-01-28 22:53:42,946 - mining - DEBUG - objective:-149.1392
2016-01-28 22:53:44,603 - mining - DEBUG - objective:-149.1392
2016-01-28 22:53:46,305 - mining - DEBUG - objective:-149.1392
2016-01-28 22:53:47,976 - mining - DEBUG - objective:-149.1392
2016-01-28 22:53:49,933 - mining - DEBUG - objective:-149.1392
2016-01-28 22:53:51,725 - mining - DEBUG - objective:-149.1392
2016-01-28 22:53:53,554 - mining - DEBUG - objective:-149.1392
2016-01-28 22:53:55,146 - mining - DEBUG - objective:-149.1392
2016-01-28 22:53:57,005 - mining - DEBUG - objective:-149.1392
2016-01-28 22:53:58,778 - mining - DEBUG - objective:-149.1392
2016-01-28 22:54:00,532 - mining - DEBUG - objective:-149.1392
2016-01-28 22:54:02,170 - mining - DEBUG - objective:-149.1392
2016-01-28 22:54:03,784 - mining - DEBUG - objective:-149.1392
2016-01-28 22:54:05,398 - mining - DEBUG - objective:-149.1392
2016-01-28 22:54:07,029 - mining - DEBUG - objective:-149.1392
2016-01-28 22:54:08,630 - mining - DEBUG - objective:-149.1392
2016-01-28 22:54:10,162 - mining - DEBUG - objective:-149.1392
2016-01-28 22:54:11,751 - mining - DEBUG - objective:-149.1392
2016-01-28 22:54:13,430 - mining - DEBUG - objective:-149.1392
2016-01-28 22:54:14,946 - mining - DEBUG - objective:-149.1392
2016-01-28 22:54:16,401 - mining - DEBUG - objective:-149.1392
2016-01-28 22:54:18,076 - mining - DEBUG - objective:-149.1392
2016-01-28 22:54:19,730 - mining - DEBUG - objective:-149.1392
2016-01-28 22:54:21,363 - mining - DEBUG - objective:-149.1392
2016-01-28 22:54:22,881 - mining - DEBUG - objective:-149.1392
2016-01-28 22:54:24,370 - mining - DEBUG - objective:-149.1392
2016-01-28 22:54:26,009 - mining - DEBUG - objective:-149.1392
2016-01-28 22:54:27,652 - mining - DEBUG - objective:-149.1392
2016-01-28 22:54:29,268 - mining - DEBUG - objective:-149.1392
2016-01-28 22:54:30,909 - mining - DEBUG - objective:-149.1392
2016-01-28 22:54:32,588 - mining - DEBUG - objective:-149.1392
2016-01-28 22:54:34,130 - mining - DEBUG - objective:-149.1392
2016-01-28 22:54:35,979 - mining - DEBUG - objective:-149.1392
2016-01-28 22:54:37,804 - mining - DEBUG - objective:-149.1392
2016-01-28 22:54:39,309 - mining - DEBUG - objective:-149.1392
2016-01-28 22:54:40,837 - mining - DEBUG - objective:-149.1392
2016-01-28 22:54:42,550 - mining - DEBUG - objective:-149.1392
2016-01-28 22:54:44,132 - mining - DEBUG - objective:-149.1392
2016-01-28 22:54:45,654 - mining - DEBUG - objective:-149.1392
2016-01-28 22:54:47,466 - mining - DEBUG - objective:-149.1392
2016-01-28 22:54:49,201 - mining - DEBUG - objective:-149.1392
2016-01-28 22:54:50,896 - mining - DEBUG - objective:-149.1392
2016-01-28 22:54:52,494 - mining - DEBUG - objective:-149.1392
2016-01-28 22:54:54,221 - mining - DEBUG - objective:-149.1392
2016-01-28 22:54:55,711 - mining - DEBUG - objective:-149.1392
2016-01-28 22:54:57,309 - mining - DEBUG - objective:-149.1392
2016-01-28 22:54:58,895 - mining - DEBUG - objective:-149.1266
2016-01-28 22:55:00,539 - mining - DEBUG - objective:-149.1392
2016-01-28 22:55:02,414 - mining - DEBUG - objective:-149.1392
2016-01-28 22:55:03,969 - mining - DEBUG - objective:-149.1392
2016-01-28 22:55:05,525 - mining - DEBUG - objective:-149.1392
2016-01-28 22:55:07,285 - mining - DEBUG - objective:-149.1392
2016-01-28 22:55:09,027 - mining - DEBUG - objective:-149.1392
2016-01-28 22:55:10,707 - mining - DEBUG - objective:-149.1392
2016-01-28 22:55:12,226 - mining - DEBUG - objective:-149.1392
2016-01-28 22:55:13,908 - mining - DEBUG - objective:-149.1392
2016-01-28 22:55:15,291 - mining - DEBUG - objective:-149.1392
2016-01-28 22:55:16,848 - mining - DEBUG - objective:-149.1392
2016-01-28 22:55:18,535 - mining - DEBUG - objective:-149.1392
2016-01-28 22:55:20,436 - mining - DEBUG - objective:-149.1392
2016-01-28 22:55:22,075 - mining - DEBUG - objective:-149.1392
2016-01-28 22:55:23,738 - mining - DEBUG - objective:-149.1392
2016-01-28 22:55:25,159 - mining - DEBUG - objective:-149.1392
2016-01-28 22:55:26,964 - mining - DEBUG - objective:-149.1392
2016-01-28 22:55:28,525 - mining - DEBUG - objective:-149.1392
2016-01-28 22:55:29,995 - mining - DEBUG - objective:-149.1392
2016-01-28 22:55:31,702 - mining - DEBUG - objective:-149.1392
2016-01-28 22:55:33,397 - mining - DEBUG - objective:-149.1392
2016-01-28 22:55:34,956 - mining - DEBUG - objective:-149.1392
2016-01-28 22:55:36,654 - mining - DEBUG - objective:-149.1116
2016-01-28 22:55:38,470 - mining - DEBUG - objective:-149.1392
2016-01-28 22:55:40,096 - mining - DEBUG - objective:-149.1392
2016-01-28 22:55:41,778 - mining - DEBUG - objective:-149.1392
2016-01-28 22:55:43,338 - mining - DEBUG - objective:-149.1392
2016-01-28 22:55:44,943 - mining - DEBUG - objective:-149.1392
2016-01-28 22:55:46,710 - mining - DEBUG - objective:-149.1392
2016-01-28 22:55:48,278 - mining - DEBUG - objective:-149.1392
2016-01-28 22:55:49,787 - mining - DEBUG - objective:-149.1392
2016-01-28 22:55:51,404 - mining - DEBUG - objective:-149.1392
2016-01-28 22:55:53,210 - mining - DEBUG - objective:-149.1392
2016-01-28 22:55:54,791 - mining - DEBUG - objective:-149.1392
2016-01-28 22:55:56,387 - mining - DEBUG - objective:-149.1392
2016-01-28 22:55:58,193 - mining - DEBUG - objective:-149.1392
2016-01-28 22:55:59,890 - mining - DEBUG - objective:-149.1392
2016-01-28 22:56:01,458 - mining - DEBUG - objective:-149.1392
2016-01-28 22:56:03,090 - mining - DEBUG - objective:-149.1392
2016-01-28 22:56:04,898 - mining - DEBUG - objective:-149.1392
2016-01-28 22:56:06,631 - mining - DEBUG - objective:-149.1392
2016-01-28 22:56:08,316 - mining - DEBUG - objective:-149.1392
2016-01-28 22:56:09,849 - mining - DEBUG - objective:-149.1392
2016-01-28 22:56:11,560 - mining - DEBUG - objective:-149.1392
2016-01-28 22:56:13,310 - mining - DEBUG - objective:-149.1392
2016-01-28 22:56:15,055 - mining - DEBUG - objective:-149.1392
2016-01-28 22:56:16,799 - mining - DEBUG - objective:-149.1392
2016-01-28 22:56:18,428 - mining - DEBUG - objective:-149.1392
2016-01-28 22:56:20,314 - mining - DEBUG - objective:-149.1392
2016-01-28 22:56:21,868 - mining - DEBUG - objective:-149.1392
2016-01-28 22:56:23,521 - mining - DEBUG - objective:-149.1392
2016-01-28 22:56:25,168 - mining - DEBUG - objective:-149.1392
2016-01-28 22:56:26,824 - mining - DEBUG - objective:-149.1392
2016-01-28 22:56:28,436 - mining - DEBUG - objective:-149.1392
2016-01-28 22:56:30,162 - mining - DEBUG - objective:-149.1392
2016-01-28 22:56:31,848 - mining - DEBUG - objective:-149.1392
2016-01-28 22:56:33,509 - mining - DEBUG - objective:-149.1392
2016-01-28 22:56:35,230 - mining - DEBUG - objective:-149.1392
2016-01-28 22:56:36,812 - mining - DEBUG - objective:-149.1392
2016-01-28 22:56:38,488 - mining - DEBUG - objective:-149.1392
2016-01-28 22:56:40,029 - mining - DEBUG - objective:-149.1392
2016-01-28 22:56:41,744 - mining - DEBUG - objective:-149.1392
2016-01-28 22:56:43,385 - mining - DEBUG - objective:-149.1392
2016-01-28 22:56:45,018 - mining - DEBUG - objective:-149.1392
2016-01-28 22:56:46,584 - mining - DEBUG - objective:-149.1392
2016-01-28 22:56:48,371 - mining - DEBUG - objective:-149.1392
2016-01-28 22:56:50,099 - mining - DEBUG - objective:-149.1392
2016-01-28 22:56:51,588 - mining - DEBUG - objective:-149.1392
2016-01-28 22:56:53,409 - mining - DEBUG - objective:-149.1392
2016-01-28 22:56:55,126 - mining - DEBUG - objective:-149.1392
2016-01-28 22:56:56,732 - mining - DEBUG - objective:-149.1392
2016-01-28 22:56:58,126 - mining - DEBUG - objective:-149.1392
2016-01-28 22:56:59,660 - mining - DEBUG - objective:-149.1392
2016-01-28 22:57:01,598 - mining - DEBUG - objective:-149.1392
2016-01-28 22:57:03,289 - mining - DEBUG - objective:-149.1392
2016-01-28 22:57:04,800 - mining - DEBUG - objective:-149.1392
2016-01-28 22:57:06,344 - mining - DEBUG - objective:-149.1392
2016-01-28 22:57:08,095 - mining - DEBUG - objective:-149.1392
2016-01-28 22:57:09,852 - mining - DEBUG - objective:-149.1392
2016-01-28 22:57:11,494 - mining - DEBUG - objective:-149.1392
2016-01-28 22:57:13,247 - mining - DEBUG - objective:-149.1392
2016-01-28 22:57:14,946 - mining - DEBUG - objective:-149.1392
2016-01-28 22:57:16,614 - mining - DEBUG - objective:-149.1392
2016-01-28 22:57:18,264 - mining - DEBUG - objective:-149.1392
2016-01-28 22:57:19,987 - mining - DEBUG - objective:-149.1392
2016-01-28 22:57:21,847 - mining - DEBUG - objective:-149.1392
2016-01-28 22:57:23,443 - mining - DEBUG - objective:-149.1392
2016-01-28 22:57:24,978 - mining - DEBUG - objective:-149.1392
2016-01-28 22:57:26,698 - mining - DEBUG - objective:-149.1279
2016-01-28 22:57:28,383 - mining - DEBUG - objective:-149.1392
2016-01-28 22:57:30,139 - mining - DEBUG - objective:-149.1392
2016-01-28 22:57:31,877 - mining - DEBUG - objective:-149.1392
2016-01-28 22:57:33,554 - mining - DEBUG - objective:-149.1392
2016-01-28 22:57:35,337 - mining - DEBUG - objective:-149.1392
2016-01-28 22:57:37,006 - mining - DEBUG - objective:-149.1392
2016-01-28 22:57:38,639 - mining - DEBUG - objective:-149.1392
2016-01-28 22:57:40,205 - mining - DEBUG - objective:-149.1392
2016-01-28 22:57:41,865 - mining - DEBUG - objective:-149.1392
2016-01-28 22:57:43,484 - mining - DEBUG - objective:-149.1392
2016-01-28 22:57:45,183 - mining - DEBUG - objective:-149.1392
2016-01-28 22:57:46,819 - mining - DEBUG - objective:-149.1392
2016-01-28 22:57:48,338 - mining - DEBUG - objective:-149.1392
2016-01-28 22:57:50,057 - mining - DEBUG - objective:-149.1392
2016-01-28 22:57:51,780 - mining - DEBUG - objective:-149.1392
2016-01-28 22:57:53,409 - mining - DEBUG - objective:-149.1392
2016-01-28 22:57:55,094 - mining - DEBUG - objective:-149.1392
2016-01-28 22:57:56,863 - mining - DEBUG - objective:-149.1392
2016-01-28 22:57:58,649 - mining - DEBUG - objective:-149.1392
2016-01-28 22:58:00,256 - mining - DEBUG - objective:-149.1392
2016-01-28 22:58:01,874 - mining - DEBUG - objective:-149.1392
2016-01-28 22:58:03,515 - mining - DEBUG - objective:-149.1392
2016-01-28 22:58:05,113 - mining - DEBUG - objective:-149.1392
2016-01-28 22:58:06,741 - mining - DEBUG - objective:-149.1392
2016-01-28 22:58:08,376 - mining - DEBUG - objective:-149.1392
2016-01-28 22:58:10,093 - mining - DEBUG - objective:-149.1392
2016-01-28 22:58:11,756 - mining - DEBUG - objective:-149.1392
2016-01-28 22:58:13,305 - mining - DEBUG - objective:-149.1392
2016-01-28 22:58:14,996 - mining - DEBUG - objective:-149.1392
2016-01-28 22:58:16,783 - mining - DEBUG - objective:-149.1392
2016-01-28 22:58:18,405 - mining - DEBUG - objective:-149.1392
2016-01-28 22:58:19,979 - mining - DEBUG - objective:-149.1392
2016-01-28 22:58:21,624 - mining - DEBUG - objective:-149.1392
2016-01-28 22:58:23,331 - mining - DEBUG - objective:-149.1392
2016-01-28 22:58:24,985 - mining - DEBUG - objective:-149.1392
2016-01-28 22:58:26,428 - mining - DEBUG - objective:-149.1392
2016-01-28 22:58:28,192 - mining - DEBUG - objective:-149.1392
2016-01-28 22:58:29,650 - mining - DEBUG - objective:-149.1392
2016-01-28 22:58:31,534 - mining - DEBUG - objective:-149.1392
2016-01-28 22:58:33,133 - mining - DEBUG - objective:-149.1392
2016-01-28 22:58:34,863 - mining - DEBUG - objective:-149.1392
2016-01-28 22:58:36,657 - mining - DEBUG - objective:-149.1392
2016-01-28 22:58:38,243 - mining - DEBUG - objective:-149.1392
2016-01-28 22:58:39,875 - mining - DEBUG - objective:-149.1392
2016-01-28 22:58:41,670 - mining - DEBUG - objective:-149.1392
2016-01-28 22:58:43,233 - mining - DEBUG - objective:-149.1392
2016-01-28 22:58:44,842 - mining - DEBUG - objective:-149.1392
2016-01-28 22:58:46,301 - mining - DEBUG - objective:-149.1392
2016-01-28 22:58:47,946 - mining - DEBUG - objective:-149.1392
2016-01-28 22:58:49,518 - mining - DEBUG - objective:-149.1392
2016-01-28 22:58:51,015 - mining - DEBUG - objective:-149.1392
2016-01-28 22:58:52,607 - mining - DEBUG - objective:-149.1392
2016-01-28 22:58:54,337 - mining - DEBUG - objective:-149.1392
2016-01-28 22:58:55,857 - mining - DEBUG - objective:-149.1392
2016-01-28 22:58:57,376 - mining - DEBUG - objective:-149.1389
2016-01-28 22:58:59,113 - mining - DEBUG - objective:-149.1392
2016-01-28 22:59:00,542 - mining - DEBUG - objective:-149.1392
2016-01-28 22:59:02,223 - mining - DEBUG - objective:-149.1392
2016-01-28 22:59:03,867 - mining - DEBUG - objective:-149.1392
2016-01-28 22:59:05,395 - mining - DEBUG - objective:-149.1392
2016-01-28 22:59:06,994 - mining - DEBUG - objective:-149.1392
2016-01-28 22:59:08,533 - mining - DEBUG - objective:-149.1392
2016-01-28 22:59:10,205 - mining - DEBUG - objective:-149.1392
2016-01-28 22:59:11,993 - mining - DEBUG - objective:-149.1392
2016-01-28 22:59:13,616 - mining - DEBUG - objective:-149.1392
2016-01-28 22:59:15,232 - mining - DEBUG - objective:-149.1392
2016-01-28 22:59:16,841 - mining - DEBUG - objective:-149.1392
2016-01-28 22:59:18,574 - mining - DEBUG - objective:-149.1392
2016-01-28 22:59:20,218 - mining - DEBUG - objective:-149.1392
2016-01-28 22:59:21,814 - mining - DEBUG - objective:-149.1392
2016-01-28 22:59:23,410 - mining - DEBUG - objective:-149.1392
2016-01-28 22:59:25,233 - mining - DEBUG - objective:-149.1392
2016-01-28 22:59:26,949 - mining - DEBUG - objective:-149.1392
2016-01-28 22:59:28,481 - mining - DEBUG - objective:-149.1392
2016-01-28 22:59:30,208 - mining - INFO - Saving model...
2016-01-28 22:59:30,838 - mining - INFO - Model saved.
2016-01-28 22:59:30,838 - mining - DEBUG - prediction started...
2016-01-28 22:59:31,110 - mining - DEBUG - prediction finished
