2016-07-26 04:21:36,738 - sarcos - INFO - experiment started for:{'run_id': 0, 'max_iter': 200, 'optimization_config': {'hyp': 10, 'll': 10, 'mog': 25}, 'xtol': 0.001, 'git_hash': '831bf39c96d946b2a405d9aad5e19429592546c6', 'model_init': None, 'ftol': 1e-05, 'latent_noise:': 0.001, 'sparsity_factor': 0.02, 'll': 'CogLL', 'sample_num': 50000, 'experiment': 'sarcos', 'git_branch': 'master', 'random_Z': False, 'method': 'full'}
2016-07-26 04:25:51,906 - sarcos - INFO - Iteration 1 started.
2016-07-26 04:25:51,906 - sarcos - INFO - Optimizing: mog
2016-07-26 04:25:52,521 - sarcos - DEBUG - Objective: 1380677.0513
2016-07-26 04:30:03,462 - sarcos - DEBUG - Objective: 1318708.9912
2016-07-26 04:34:15,690 - sarcos - DEBUG - Objective: 937805.2603
2016-07-26 04:38:26,521 - sarcos - DEBUG - Objective: 787807.7126
2016-07-26 04:42:39,102 - sarcos - DEBUG - Objective: 695410.0929
2016-07-26 04:46:49,156 - sarcos - DEBUG - Objective: 648270.4244
2016-07-26 04:51:01,948 - sarcos - DEBUG - Objective: 625099.9089
2016-07-26 04:55:13,302 - sarcos - DEBUG - Objective: 606656.6264
2016-07-26 04:59:24,330 - sarcos - DEBUG - Objective: 593031.6815
2016-07-26 05:03:36,409 - sarcos - DEBUG - Objective: 584780.5223
2016-07-26 05:07:49,209 - sarcos - DEBUG - Objective: 579149.7829
2016-07-26 05:12:01,583 - sarcos - DEBUG - Objective: 575219.6911
2016-07-26 05:16:12,694 - sarcos - DEBUG - Objective: 571663.4131
2016-07-26 05:20:22,521 - sarcos - DEBUG - Objective: 568150.4127
2016-07-26 05:24:34,371 - sarcos - DEBUG - Objective: 565672.3296
2016-07-26 05:28:45,585 - sarcos - DEBUG - Objective: 564086.9269
2016-07-26 05:32:58,155 - sarcos - DEBUG - Objective: 562731.9586
2016-07-26 05:37:10,207 - sarcos - DEBUG - Objective: 561411.0125
2016-07-26 05:41:20,843 - sarcos - DEBUG - Objective: 560175.4906
2016-07-26 05:45:34,121 - sarcos - DEBUG - Objective: 559484.5879
2016-07-26 05:49:46,168 - sarcos - DEBUG - Objective: 558990.2488
2016-07-26 05:53:57,816 - sarcos - DEBUG - Objective: 558445.1157
2016-07-26 05:58:10,360 - sarcos - DEBUG - Objective: 558078.4700
2016-07-26 06:02:22,875 - sarcos - DEBUG - Objective: 557684.8687
2016-07-26 06:06:35,619 - sarcos - DEBUG - Objective: 557518.7000
2016-07-26 06:10:47,649 - sarcos - DEBUG - Objective: 557298.8662
2016-07-26 06:10:47,838 - sarcos - INFO - Optimizing: hyp
2016-07-26 06:20:14,849 - sarcos - DEBUG - Objective: 557300.9731
2016-07-26 06:29:35,670 - sarcos - DEBUG - Objective: 351620.1202
2016-07-26 06:38:32,389 - sarcos - DEBUG - Objective: 221153.3954
2016-07-26 06:47:44,175 - sarcos - DEBUG - Objective: 160354.9578
2016-07-26 06:56:16,136 - sarcos - DEBUG - Objective: 143849.9990
2016-07-26 07:05:20,259 - sarcos - DEBUG - Objective: 185820.8864
2016-07-26 07:14:08,554 - sarcos - DEBUG - Objective: 137090.9494
2016-07-26 07:22:48,633 - sarcos - DEBUG - Objective: 128891.5725
2016-07-26 07:31:59,695 - sarcos - DEBUG - Objective: 124547.7336
2016-07-26 07:40:50,892 - sarcos - DEBUG - Objective: 121440.6452
2016-07-26 07:49:57,386 - sarcos - DEBUG - Objective: 120489.6023
2016-07-26 07:49:57,386 - sarcos - INFO - Optimizing: ll
2016-07-26 07:52:02,130 - sarcos - DEBUG - Objective: 120497.3769
2016-07-26 07:54:04,722 - sarcos - DEBUG - Objective: 83671.9784
2016-07-26 07:56:07,276 - sarcos - DEBUG - Objective: 83601.0928
2016-07-26 07:58:09,744 - sarcos - DEBUG - Objective: 83584.0121
2016-07-26 08:00:12,478 - sarcos - DEBUG - Objective: 83584.6112
2016-07-26 08:02:16,901 - sarcos - DEBUG - Objective: 83583.7025
2016-07-26 08:04:19,593 - sarcos - DEBUG - Objective: 83583.7134
2016-07-26 08:06:23,866 - sarcos - DEBUG - Objective: 83584.2745
2016-07-26 08:06:23,930 - sarcos - INFO - Iteration 2 started.
2016-07-26 08:06:23,931 - sarcos - INFO - Optimizing: mog
2016-07-26 08:10:33,427 - sarcos - DEBUG - Objective: 83583.6642
2016-07-26 08:14:45,468 - sarcos - DEBUG - Objective: 79453.3364
2016-07-26 08:18:54,589 - sarcos - DEBUG - Objective: 68036.3452
2016-07-26 08:23:03,849 - sarcos - DEBUG - Objective: 65242.5903
2016-07-26 08:27:13,352 - sarcos - DEBUG - Objective: 63145.5913
2016-07-26 08:31:22,587 - sarcos - DEBUG - Objective: 60482.7181
2016-07-26 08:35:34,379 - sarcos - DEBUG - Objective: 59113.0219
2016-07-26 08:39:43,904 - sarcos - DEBUG - Objective: 57711.4105
2016-07-26 08:43:53,106 - sarcos - DEBUG - Objective: 57063.5353
2016-07-26 08:48:03,795 - sarcos - DEBUG - Objective: 55841.8536
2016-07-26 08:52:15,319 - sarcos - DEBUG - Objective: 54787.2849
2016-07-26 08:56:23,812 - sarcos - DEBUG - Objective: 54540.9403
2016-07-26 09:00:33,870 - sarcos - DEBUG - Objective: 53437.0306
2016-07-26 09:04:44,251 - sarcos - DEBUG - Objective: 53159.6611
2016-07-26 09:08:56,423 - sarcos - DEBUG - Objective: 52658.2113
2016-07-26 09:13:07,860 - sarcos - DEBUG - Objective: 52386.6289
2016-07-26 09:17:18,590 - sarcos - DEBUG - Objective: 52022.2968
2016-07-26 09:21:28,897 - sarcos - DEBUG - Objective: 51852.6549
2016-07-26 09:25:38,541 - sarcos - DEBUG - Objective: 51660.0784
2016-07-26 09:29:47,974 - sarcos - DEBUG - Objective: 51526.9836
2016-07-26 09:33:57,645 - sarcos - DEBUG - Objective: 51273.5331
2016-07-26 09:38:06,530 - sarcos - DEBUG - Objective: 51171.1169
2016-07-26 09:42:15,744 - sarcos - DEBUG - Objective: 51071.4816
2016-07-26 09:46:25,051 - sarcos - DEBUG - Objective: 50922.6829
2016-07-26 09:50:33,709 - sarcos - DEBUG - Objective: 50878.4955
2016-07-26 09:54:42,712 - sarcos - DEBUG - Objective: 50710.1056
2016-07-26 09:54:42,895 - sarcos - INFO - Optimizing: hyp
2016-07-26 10:03:20,095 - sarcos - DEBUG - Objective: 50709.4111
2016-07-26 10:11:59,399 - sarcos - DEBUG - Objective: 48808.6300
2016-07-26 10:20:26,997 - sarcos - DEBUG - Objective: 45572.5238
2016-07-26 10:28:49,680 - sarcos - DEBUG - Objective: 45274.6401
2016-07-26 10:37:18,837 - sarcos - DEBUG - Objective: 45134.7059
2016-07-26 10:45:47,764 - sarcos - DEBUG - Objective: 45125.9097
2016-07-26 10:54:18,811 - sarcos - DEBUG - Objective: 45061.3560
2016-07-26 11:02:49,470 - sarcos - DEBUG - Objective: 44982.7466
2016-07-26 11:11:24,073 - sarcos - DEBUG - Objective: 44857.0710
2016-07-26 11:20:26,546 - sarcos - DEBUG - Objective: 44725.7167
2016-07-26 11:29:00,243 - sarcos - DEBUG - Objective: 44802.5972
2016-07-26 11:37:33,240 - sarcos - INFO - Optimizing: ll
2016-07-26 11:39:35,569 - sarcos - DEBUG - Objective: 44725.4103
2016-07-26 11:41:38,836 - sarcos - DEBUG - Objective: 20695.8918
2016-07-26 11:43:42,829 - sarcos - DEBUG - Objective: 20498.6207
2016-07-26 11:45:47,924 - sarcos - DEBUG - Objective: 18704.8956
2016-07-26 11:47:51,853 - sarcos - DEBUG - Objective: 18662.0400
2016-07-26 11:49:54,655 - sarcos - DEBUG - Objective: 18659.9086
2016-07-26 11:51:59,839 - sarcos - DEBUG - Objective: 18661.0489
2016-07-26 11:54:02,726 - sarcos - DEBUG - Objective: 18657.1011
2016-07-26 11:56:06,109 - sarcos - DEBUG - Objective: 18661.1328
2016-07-26 11:58:09,004 - sarcos - DEBUG - Objective: 18659.0431
2016-07-26 12:00:13,384 - sarcos - DEBUG - Objective: 18661.8260
2016-07-26 12:00:13,477 - sarcos - DEBUG - Objective difference: 64922.448494
2016-07-26 12:00:13,477 - sarcos - INFO - Mean difference: 0.442786
2016-07-26 12:00:13,477 - sarcos - INFO - Covariance difference: 0.001442
2016-07-26 12:00:13,477 - sarcos - INFO - Iteration 3 started.
2016-07-26 12:00:13,477 - sarcos - INFO - Optimizing: mog
2016-07-26 12:04:23,020 - sarcos - DEBUG - Objective: 18661.3757
2016-07-26 12:08:35,635 - sarcos - DEBUG - Objective: 13302.2458
2016-07-26 12:12:45,793 - sarcos - DEBUG - Objective: 11300.3044
2016-07-26 12:16:55,552 - sarcos - DEBUG - Objective: 10851.1237
2016-07-26 12:21:07,683 - sarcos - DEBUG - Objective: 10507.8712
2016-07-26 12:25:19,884 - sarcos - DEBUG - Objective: 10124.5084
2016-07-26 12:29:31,691 - sarcos - DEBUG - Objective: 9852.5944
2016-07-26 12:33:42,290 - sarcos - DEBUG - Objective: 9586.6653
2016-07-26 12:37:52,974 - sarcos - DEBUG - Objective: 9218.6792
2016-07-26 12:42:03,143 - sarcos - DEBUG - Objective: 9059.3026
2016-07-26 12:46:13,343 - sarcos - DEBUG - Objective: 8801.1270
2016-07-26 12:50:23,728 - sarcos - DEBUG - Objective: 8448.7050
2016-07-26 12:54:34,108 - sarcos - DEBUG - Objective: 8235.6643
2016-07-26 12:58:47,359 - sarcos - DEBUG - Objective: 7900.5402
2016-07-26 13:02:58,147 - sarcos - DEBUG - Objective: 7704.2227
2016-07-26 13:07:08,628 - sarcos - DEBUG - Objective: 7453.7579
2016-07-26 13:11:18,461 - sarcos - DEBUG - Objective: 6992.6893
2016-07-26 13:15:29,265 - sarcos - DEBUG - Objective: 6714.8198
2016-07-26 13:19:40,038 - sarcos - DEBUG - Objective: 6386.9030
2016-07-26 13:23:51,030 - sarcos - DEBUG - Objective: 6204.4442
2016-07-26 13:28:01,139 - sarcos - DEBUG - Objective: 5971.0203
2016-07-26 13:32:11,899 - sarcos - DEBUG - Objective: 5807.9881
2016-07-26 13:36:22,363 - sarcos - DEBUG - Objective: 5442.0681
2016-07-26 13:40:32,649 - sarcos - DEBUG - Objective: 5308.2365
2016-07-26 13:44:43,116 - sarcos - DEBUG - Objective: 5125.9498
2016-07-26 13:48:53,720 - sarcos - DEBUG - Objective: 4935.8963
2016-07-26 13:48:53,937 - sarcos - INFO - Optimizing: hyp
2016-07-26 13:57:28,885 - sarcos - DEBUG - Objective: 4937.5247
2016-07-26 14:06:05,157 - sarcos - DEBUG - Objective: 4981.8472
2016-07-26 14:14:43,839 - sarcos - DEBUG - Objective: 3904.1603
2016-07-26 14:23:24,665 - sarcos - DEBUG - Objective: 73808.4742
2016-07-26 14:32:03,519 - sarcos - DEBUG - Objective: 25799.4573
2016-07-26 14:40:42,389 - sarcos - DEBUG - Objective: 5192.6054
2016-07-26 14:49:23,621 - sarcos - DEBUG - Objective: -507.5377
2016-07-26 14:58:03,980 - sarcos - DEBUG - Objective: -698.9611
2016-07-26 15:06:36,126 - sarcos - DEBUG - Objective: -1294.9461
2016-07-26 15:15:07,869 - sarcos - DEBUG - Objective: -1282.4657
2016-07-26 15:23:38,868 - sarcos - DEBUG - Objective: -1293.4246
2016-07-26 15:32:40,275 - sarcos - INFO - Optimizing: ll
2016-07-26 15:34:43,327 - sarcos - DEBUG - Objective: -1293.7585
2016-07-26 15:36:45,694 - sarcos - DEBUG - Objective: -9753.2174
2016-07-26 15:38:48,245 - sarcos - DEBUG - Objective: -11025.9600
2016-07-26 15:40:52,153 - sarcos - DEBUG - Objective: -11236.6505
2016-07-26 15:42:55,957 - sarcos - DEBUG - Objective: -11240.8360
2016-07-26 15:45:00,065 - sarcos - DEBUG - Objective: -11238.5379
2016-07-26 15:47:04,877 - sarcos - DEBUG - Objective: -11240.5728
2016-07-26 15:49:08,922 - sarcos - DEBUG - Objective: -11239.0667
2016-07-26 15:51:13,880 - sarcos - DEBUG - Objective: -11237.2334
2016-07-26 15:51:13,881 - sarcos - DEBUG - Objective: -11237.2334
2016-07-26 15:51:13,974 - sarcos - DEBUG - Objective difference: 29899.059467
2016-07-26 15:51:13,975 - sarcos - INFO - Mean difference: 0.151788
2016-07-26 15:51:13,975 - sarcos - INFO - Covariance difference: 0.001644
2016-07-26 15:51:13,975 - sarcos - INFO - Iteration 4 started.
2016-07-26 15:51:13,975 - sarcos - INFO - Optimizing: mog
2016-07-26 15:55:23,991 - sarcos - DEBUG - Objective: -11240.7747
2016-07-26 15:59:33,758 - sarcos - DEBUG - Objective: -15201.5062
2016-07-26 16:03:44,900 - sarcos - DEBUG - Objective: -15975.1729
2016-07-26 16:07:54,584 - sarcos - DEBUG - Objective: -16352.2611
2016-07-26 16:12:05,650 - sarcos - DEBUG - Objective: -16676.6742
2016-07-26 16:16:15,974 - sarcos - DEBUG - Objective: -16943.6221
2016-07-26 16:20:25,832 - sarcos - DEBUG - Objective: -17154.1538
2016-07-26 16:24:35,798 - sarcos - DEBUG - Objective: -17371.8015
2016-07-26 16:28:45,809 - sarcos - DEBUG - Objective: -17553.6545
2016-07-26 16:32:55,360 - sarcos - DEBUG - Objective: -17691.9522
2016-07-26 16:37:07,923 - sarcos - DEBUG - Objective: -17931.7729
2016-07-26 16:41:18,469 - sarcos - DEBUG - Objective: -18019.9406
2016-07-26 16:45:28,299 - sarcos - DEBUG - Objective: -18173.3190
2016-07-26 16:49:38,238 - sarcos - DEBUG - Objective: -18338.6671
2016-07-26 16:53:50,562 - sarcos - DEBUG - Objective: -18514.9837
2016-07-26 16:58:01,123 - sarcos - DEBUG - Objective: -18624.3497
2016-07-26 17:02:11,876 - sarcos - DEBUG - Objective: -18743.0154
2016-07-26 17:06:23,764 - sarcos - DEBUG - Objective: -18853.0367
2016-07-26 17:10:34,883 - sarcos - DEBUG - Objective: -18977.1083
2016-07-26 17:14:44,081 - sarcos - DEBUG - Objective: -19093.8526
2016-07-26 17:18:53,994 - sarcos - DEBUG - Objective: -19174.7624
2016-07-26 17:23:04,141 - sarcos - DEBUG - Objective: -19260.9815
2016-07-26 17:27:14,068 - sarcos - DEBUG - Objective: -19477.7405
2016-07-26 17:31:23,343 - sarcos - DEBUG - Objective: -19608.3074
2016-07-26 17:35:32,972 - sarcos - DEBUG - Objective: -19723.0790
2016-07-26 17:39:43,965 - sarcos - DEBUG - Objective: -19877.5175
2016-07-26 17:39:44,182 - sarcos - INFO - Optimizing: hyp
2016-07-26 17:48:14,765 - sarcos - DEBUG - Objective: -19872.0876
2016-07-26 17:56:49,560 - sarcos - DEBUG - Objective: -19413.6391
2016-07-26 18:05:34,112 - sarcos - DEBUG - Objective: -20925.6721
2016-07-26 18:14:09,658 - sarcos - DEBUG - Objective: 56792.7787
2016-07-26 18:22:45,323 - sarcos - DEBUG - Objective: -3265.2732
2016-07-26 18:31:54,753 - sarcos - DEBUG - Objective: -23059.6806
2016-07-26 18:41:07,161 - sarcos - DEBUG - Objective: -25724.2263
2016-07-26 18:50:15,028 - sarcos - DEBUG - Objective: -22894.0568
2016-07-26 18:58:49,586 - sarcos - DEBUG - Objective: -26901.9698
2016-07-26 19:07:25,284 - sarcos - DEBUG - Objective: -27025.8175
2016-07-26 19:16:29,707 - sarcos - DEBUG - Objective: -27141.3893
2016-07-26 19:16:29,707 - sarcos - INFO - Optimizing: ll
2016-07-26 19:18:32,060 - sarcos - DEBUG - Objective: -27143.7677
2016-07-26 19:20:34,747 - sarcos - DEBUG - Objective: -24086.2970
2016-07-26 19:22:38,323 - sarcos - DEBUG - Objective: -31435.8312
2016-07-26 19:24:41,598 - sarcos - DEBUG - Objective: -31450.3342
2016-07-26 19:26:44,387 - sarcos - DEBUG - Objective: -31449.7827
2016-07-26 19:28:47,222 - sarcos - DEBUG - Objective: -31447.9753
2016-07-26 19:30:50,457 - sarcos - DEBUG - Objective: -31451.8201
2016-07-26 19:32:55,871 - sarcos - DEBUG - Objective: -31448.7292
2016-07-26 19:35:00,469 - sarcos - DEBUG - Objective: -31451.1902
2016-07-26 19:37:04,462 - sarcos - DEBUG - Objective: -31447.1539
2016-07-26 19:39:08,851 - sarcos - DEBUG - Objective: -31450.2922
2016-07-26 19:41:11,926 - sarcos - DEBUG - Objective difference: 20210.648727
2016-07-26 19:41:11,927 - sarcos - INFO - Mean difference: 0.089877
2016-07-26 19:41:11,927 - sarcos - INFO - Covariance difference: 0.000893
2016-07-26 19:41:11,927 - sarcos - INFO - Iteration 5 started.
2016-07-26 19:41:11,927 - sarcos - INFO - Optimizing: mog
2016-07-26 19:45:21,682 - sarcos - DEBUG - Objective: -31449.3654
2016-07-26 19:49:32,504 - sarcos - DEBUG - Objective: -34284.7297
2016-07-26 19:53:41,830 - sarcos - DEBUG - Objective: -35418.8686
2016-07-26 19:57:54,838 - sarcos - DEBUG - Objective: -35687.7809
2016-07-26 20:02:06,492 - sarcos - DEBUG - Objective: -35953.6382
2016-07-26 20:06:18,563 - sarcos - DEBUG - Objective: -36137.6142
2016-07-26 20:10:29,936 - sarcos - DEBUG - Objective: -36303.8893
2016-07-26 20:14:42,789 - sarcos - DEBUG - Objective: -36426.4490
2016-07-26 20:18:52,628 - sarcos - DEBUG - Objective: -36529.6717
2016-07-26 20:23:01,753 - sarcos - DEBUG - Objective: -36682.3833
2016-07-26 20:27:11,223 - sarcos - DEBUG - Objective: -36680.8452
2016-07-26 20:31:19,530 - sarcos - DEBUG - Objective: -36748.2354
2016-07-26 20:35:28,278 - sarcos - DEBUG - Objective: -36803.5738
2016-07-26 20:39:38,951 - sarcos - DEBUG - Objective: -36859.2761
2016-07-26 20:43:50,301 - sarcos - DEBUG - Objective: -36926.1306
2016-07-26 20:48:01,096 - sarcos - DEBUG - Objective: -37022.0099
2016-07-26 20:52:10,798 - sarcos - DEBUG - Objective: -37132.5593
2016-07-26 20:56:21,023 - sarcos - DEBUG - Objective: -37285.4326
2016-07-26 21:00:29,845 - sarcos - DEBUG - Objective: -37411.7404
2016-07-26 21:04:41,715 - sarcos - DEBUG - Objective: -37557.4178
2016-07-26 21:08:51,257 - sarcos - DEBUG - Objective: -37737.0861
2016-07-26 21:13:00,703 - sarcos - DEBUG - Objective: -37869.1857
2016-07-26 21:17:09,739 - sarcos - DEBUG - Objective: -37999.5284
2016-07-26 21:21:20,308 - sarcos - DEBUG - Objective: -38188.9641
2016-07-26 21:25:28,688 - sarcos - DEBUG - Objective: -38310.8275
2016-07-26 21:29:37,248 - sarcos - DEBUG - Objective: -38455.9172
2016-07-26 21:29:37,466 - sarcos - INFO - Optimizing: hyp
2016-07-26 21:38:26,182 - sarcos - DEBUG - Objective: -38456.8065
2016-07-26 21:47:08,849 - sarcos - DEBUG - Objective: -34928.4822
2016-07-26 21:55:44,184 - sarcos - DEBUG - Objective: -38608.8399
2016-07-26 22:04:34,490 - sarcos - DEBUG - Objective: 10257.4887
2016-07-26 22:13:12,541 - sarcos - DEBUG - Objective: -39925.6069
2016-07-26 22:21:48,203 - sarcos - DEBUG - Objective: -41849.1672
2016-07-26 22:30:25,230 - sarcos - DEBUG - Objective: 188852.6931
2016-07-26 22:39:04,152 - sarcos - DEBUG - Objective: -43376.5780
2016-07-26 22:48:06,772 - sarcos - DEBUG - Objective: -43108.5214
2016-07-26 22:56:42,411 - sarcos - DEBUG - Objective: -43567.0264
2016-07-26 23:05:58,617 - sarcos - DEBUG - Objective: -43655.2785
2016-07-26 23:05:58,617 - sarcos - INFO - Optimizing: ll
2016-07-26 23:08:02,722 - sarcos - DEBUG - Objective: -43655.7466
2016-07-26 23:10:05,736 - sarcos - DEBUG - Objective: -33363.9545
2016-07-26 23:12:08,459 - sarcos - DEBUG - Objective: -45861.9454
2016-07-26 23:14:12,280 - sarcos - DEBUG - Objective: -45870.6603
2016-07-26 23:16:16,901 - sarcos - DEBUG - Objective: -45872.9771
2016-07-26 23:18:21,398 - sarcos - DEBUG - Objective: -45872.9792
2016-07-26 23:20:25,979 - sarcos - DEBUG - Objective: -45878.1083
2016-07-26 23:22:29,459 - sarcos - DEBUG - Objective: -45872.0463
2016-07-26 23:24:33,516 - sarcos - DEBUG - Objective: -45876.1166
2016-07-26 23:26:38,575 - sarcos - DEBUG - Objective: -45872.5236
2016-07-26 23:26:38,669 - sarcos - DEBUG - Objective difference: 14424.641407
2016-07-26 23:26:38,669 - sarcos - INFO - Mean difference: 0.073577
2016-07-26 23:26:38,669 - sarcos - INFO - Covariance difference: 0.000766
2016-07-26 23:26:38,669 - sarcos - INFO - Iteration 6 started.
2016-07-26 23:26:38,670 - sarcos - INFO - Optimizing: mog
2016-07-26 23:30:49,340 - sarcos - DEBUG - Objective: -45872.7459
2016-07-26 23:34:58,082 - sarcos - DEBUG - Objective: -46862.4935
2016-07-26 23:39:07,406 - sarcos - DEBUG - Objective: -49048.0585
2016-07-26 23:43:16,229 - sarcos - DEBUG - Objective: -49242.4146
2016-07-26 23:47:25,549 - sarcos - DEBUG - Objective: -49532.2667
2016-07-26 23:51:37,043 - sarcos - DEBUG - Objective: -49719.8076
2016-07-26 23:55:47,957 - sarcos - DEBUG - Objective: -49901.9352
2016-07-26 23:59:59,992 - sarcos - DEBUG - Objective: -50006.4510
2016-07-27 00:04:09,935 - sarcos - DEBUG - Objective: -50125.3434
2016-07-27 00:08:18,656 - sarcos - DEBUG - Objective: -50225.0059
2016-07-27 00:12:31,362 - sarcos - DEBUG - Objective: -50325.9152
2016-07-27 00:16:41,663 - sarcos - DEBUG - Objective: -50387.5251
2016-07-27 00:20:54,574 - sarcos - DEBUG - Objective: -50430.6429
2016-07-27 00:25:02,534 - sarcos - DEBUG - Objective: -50481.3047
2016-07-27 00:29:13,117 - sarcos - DEBUG - Objective: -50544.4192
2016-07-27 00:33:24,022 - sarcos - DEBUG - Objective: -50604.7379
2016-07-27 00:37:36,212 - sarcos - DEBUG - Objective: -50652.5907
2016-07-27 00:41:47,843 - sarcos - DEBUG - Objective: -50709.5474
2016-07-27 00:46:00,054 - sarcos - DEBUG - Objective: -50750.2154
2016-07-27 00:50:09,008 - sarcos - DEBUG - Objective: -50787.0463
2016-07-27 00:54:19,413 - sarcos - DEBUG - Objective: -50830.3214
2016-07-27 00:58:28,174 - sarcos - DEBUG - Objective: -50862.0035
2016-07-27 01:02:40,723 - sarcos - DEBUG - Objective: -50917.9951
2016-07-27 01:06:50,952 - sarcos - DEBUG - Objective: -50962.1716
2016-07-27 01:11:02,043 - sarcos - DEBUG - Objective: -51081.5656
2016-07-27 01:15:12,582 - sarcos - DEBUG - Objective: -51136.6106
2016-07-27 01:15:12,800 - sarcos - INFO - Optimizing: hyp
2016-07-27 01:23:43,331 - sarcos - DEBUG - Objective: -51136.0741
2016-07-27 01:32:28,685 - sarcos - DEBUG - Objective: -46330.9013
2016-07-27 01:41:25,733 - sarcos - DEBUG - Objective: -51139.3790
2016-07-27 01:50:04,462 - sarcos - DEBUG - Objective: -25638.5813
2016-07-27 01:58:46,279 - sarcos - DEBUG - Objective: -54026.6016
2016-07-27 02:07:20,235 - sarcos - DEBUG - Objective: -54532.5873
2016-07-27 02:15:58,773 - sarcos - DEBUG - Objective: -54701.8407
2016-07-27 02:24:33,728 - sarcos - DEBUG - Objective: -54862.5196
2016-07-27 02:33:11,354 - sarcos - DEBUG - Objective: -54856.6075
2016-07-27 02:42:17,158 - sarcos - DEBUG - Objective: -54908.8290
2016-07-27 02:50:58,131 - sarcos - DEBUG - Objective: -54880.0340
2016-07-27 02:59:38,943 - sarcos - INFO - Optimizing: ll
2016-07-27 03:01:43,521 - sarcos - DEBUG - Objective: -54906.0919
2016-07-27 03:03:47,668 - sarcos - DEBUG - Objective: -38091.9035
2016-07-27 03:05:51,835 - sarcos - DEBUG - Objective: -55903.5343
2016-07-27 03:07:55,302 - sarcos - DEBUG - Objective: -55911.3800
2016-07-27 03:09:57,926 - sarcos - DEBUG - Objective: -55911.1570
2016-07-27 03:12:00,191 - sarcos - DEBUG - Objective: -55914.3051
2016-07-27 03:14:04,208 - sarcos - DEBUG - Objective: -55913.2425
2016-07-27 03:16:08,386 - sarcos - DEBUG - Objective: -55911.8289
2016-07-27 03:18:11,200 - sarcos - DEBUG - Objective: -55914.1107
2016-07-27 03:20:15,208 - sarcos - DEBUG - Objective: -55914.8110
2016-07-27 03:20:15,209 - sarcos - DEBUG - Objective: -55914.8110
2016-07-27 03:20:15,302 - sarcos - DEBUG - Objective difference: 10042.287445
2016-07-27 03:20:15,302 - sarcos - INFO - Mean difference: 0.048681
2016-07-27 03:20:15,302 - sarcos - INFO - Covariance difference: 0.000441
2016-07-27 03:20:15,302 - sarcos - INFO - Iteration 7 started.
2016-07-27 03:20:15,302 - sarcos - INFO - Optimizing: mog
2016-07-27 03:24:26,182 - sarcos - DEBUG - Objective: -55912.7459
2016-07-27 03:28:30,832 - sarcos - DEBUG - Objective: -54938.4207
2016-07-27 03:32:33,830 - sarcos - DEBUG - Objective: -57910.7782
2016-07-27 03:36:38,333 - sarcos - DEBUG - Objective: -58261.9240
2016-07-27 03:40:41,974 - sarcos - DEBUG - Objective: -58530.8595
2016-07-27 03:44:45,631 - sarcos - DEBUG - Objective: -58707.7097
2016-07-27 03:48:51,365 - sarcos - DEBUG - Objective: -58861.6516
2016-07-27 03:53:02,929 - sarcos - DEBUG - Objective: -58965.2685
2016-07-27 03:57:14,543 - sarcos - DEBUG - Objective: -59059.8365
2016-07-27 04:01:26,086 - sarcos - DEBUG - Objective: -59129.4304
2016-07-27 04:05:35,835 - sarcos - DEBUG - Objective: -59198.5664
2016-07-27 04:09:44,211 - sarcos - DEBUG - Objective: -59239.9277
2016-07-27 04:13:53,674 - sarcos - DEBUG - Objective: -59274.7867
2016-07-27 04:18:02,961 - sarcos - DEBUG - Objective: -59308.8077
2016-07-27 04:22:11,341 - sarcos - DEBUG - Objective: -59336.0939
2016-07-27 04:26:20,029 - sarcos - DEBUG - Objective: -59388.2344
2016-07-27 04:30:31,414 - sarcos - DEBUG - Objective: -59433.0850
2016-07-27 04:34:40,097 - sarcos - DEBUG - Objective: -59479.1007
2016-07-27 04:38:49,861 - sarcos - DEBUG - Objective: -59558.2877
2016-07-27 04:42:59,038 - sarcos - DEBUG - Objective: -59591.9575
2016-07-27 04:47:07,993 - sarcos - DEBUG - Objective: -59633.5826
2016-07-27 04:51:17,625 - sarcos - DEBUG - Objective: -59697.8545
2016-07-27 04:55:27,217 - sarcos - DEBUG - Objective: -59743.4093
2016-07-27 04:59:39,832 - sarcos - DEBUG - Objective: -59808.6443
2016-07-27 05:03:50,673 - sarcos - DEBUG - Objective: -59873.4094
2016-07-27 05:07:59,929 - sarcos - DEBUG - Objective: -59963.3469
2016-07-27 05:08:00,115 - sarcos - INFO - Optimizing: hyp
2016-07-27 05:16:36,508 - sarcos - DEBUG - Objective: -59965.7623
2016-07-27 05:25:18,930 - sarcos - DEBUG - Objective: -54990.9388
2016-07-27 05:33:57,250 - sarcos - DEBUG - Objective: -59897.5416
2016-07-27 05:42:31,628 - sarcos - DEBUG - Objective: -59957.8872
2016-07-27 05:51:22,977 - sarcos - DEBUG - Objective: -59961.2911
2016-07-27 06:00:05,826 - sarcos - DEBUG - Objective: -59964.3873
2016-07-27 06:09:26,577 - sarcos - DEBUG - Objective: -59965.5813
2016-07-27 06:18:11,347 - sarcos - DEBUG - Objective: -59964.1079
2016-07-27 06:26:53,590 - sarcos - DEBUG - Objective: -59965.8543
2016-07-27 06:35:28,640 - sarcos - DEBUG - Objective: -59963.3231
2016-07-27 06:44:01,188 - sarcos - DEBUG - Objective: -59966.3637
2016-07-27 06:44:01,189 - sarcos - INFO - Optimizing: ll
2016-07-27 06:46:05,193 - sarcos - DEBUG - Objective: -59965.1802
2016-07-27 06:48:09,069 - sarcos - DEBUG - Objective: -32855.1647
2016-07-27 06:50:13,631 - sarcos - DEBUG - Objective: -60057.2938
2016-07-27 06:52:18,145 - sarcos - DEBUG - Objective: -60059.1950
2016-07-27 06:54:21,515 - sarcos - DEBUG - Objective: -60059.0994
2016-07-27 06:56:25,268 - sarcos - DEBUG - Objective: -60056.4694
2016-07-27 06:58:29,503 - sarcos - DEBUG - Objective: -60056.7760
2016-07-27 07:00:34,353 - sarcos - DEBUG - Objective: -60059.6108
2016-07-27 07:00:34,353 - sarcos - DEBUG - Objective: -60059.6108
2016-07-27 07:02:37,441 - sarcos - DEBUG - Objective: -60058.8895
2016-07-27 07:04:42,312 - sarcos - DEBUG - Objective: -60057.4088
2016-07-27 07:04:42,405 - sarcos - DEBUG - Objective difference: 4142.597809
2016-07-27 07:04:42,406 - sarcos - INFO - Mean difference: 0.048086
2016-07-27 07:04:42,406 - sarcos - INFO - Covariance difference: 0.000379
2016-07-27 07:04:42,406 - sarcos - INFO - Iteration 8 started.
2016-07-27 07:04:42,406 - sarcos - INFO - Optimizing: mog
2016-07-27 07:08:52,654 - sarcos - DEBUG - Objective: -60057.5245
2016-07-27 07:13:03,344 - sarcos - DEBUG - Objective: -56764.0526
2016-07-27 07:17:16,620 - sarcos - DEBUG - Objective: -60104.6423
2016-07-27 07:21:29,160 - sarcos - DEBUG - Objective: -60145.7609
2016-07-27 07:25:41,692 - sarcos - DEBUG - Objective: -60194.6658
2016-07-27 07:29:51,495 - sarcos - DEBUG - Objective: -60217.4355
2016-07-27 07:34:01,816 - sarcos - DEBUG - Objective: -60248.4644
2016-07-27 07:38:14,688 - sarcos - DEBUG - Objective: -60281.6938
2016-07-27 07:42:27,642 - sarcos - DEBUG - Objective: -60304.1439
2016-07-27 07:46:37,994 - sarcos - DEBUG - Objective: -60334.2491
2016-07-27 07:50:47,750 - sarcos - DEBUG - Objective: -60372.4778
2016-07-27 07:54:57,989 - sarcos - DEBUG - Objective: -60388.6296
2016-07-27 07:59:06,508 - sarcos - DEBUG - Objective: -60416.5529
2016-07-27 08:03:15,687 - sarcos - DEBUG - Objective: -60434.5064
2016-07-27 08:07:25,874 - sarcos - DEBUG - Objective: -60457.6590
2016-07-27 08:11:35,435 - sarcos - DEBUG - Objective: -60479.6146
2016-07-27 08:15:48,033 - sarcos - DEBUG - Objective: -60493.2407
2016-07-27 08:19:57,558 - sarcos - DEBUG - Objective: -60526.4669
2016-07-27 08:24:08,475 - sarcos - DEBUG - Objective: -60546.6483
2016-07-27 08:28:20,815 - sarcos - DEBUG - Objective: -60576.7962
2016-07-27 08:32:30,841 - sarcos - DEBUG - Objective: -60598.6531
2016-07-27 08:36:44,344 - sarcos - DEBUG - Objective: -60620.2538
2016-07-27 08:40:56,782 - sarcos - DEBUG - Objective: -60645.7104
2016-07-27 08:45:08,362 - sarcos - DEBUG - Objective: -60681.7148
2016-07-27 08:49:18,734 - sarcos - DEBUG - Objective: -60705.6058
2016-07-27 08:53:30,135 - sarcos - DEBUG - Objective: -60753.8195
2016-07-27 08:53:30,352 - sarcos - INFO - Optimizing: hyp
2016-07-27 09:02:09,039 - sarcos - DEBUG - Objective: -60751.7339
2016-07-27 09:10:54,217 - sarcos - DEBUG - Objective: -54985.4795
2016-07-27 09:19:33,482 - sarcos - DEBUG - Objective: -60669.3398
2016-07-27 09:28:12,573 - sarcos - DEBUG - Objective: -60745.6454
2016-07-27 09:36:54,661 - sarcos - DEBUG - Objective: -60753.2365
2016-07-27 09:45:47,299 - sarcos - DEBUG - Objective: -60747.9592
2016-07-27 09:54:51,739 - sarcos - DEBUG - Objective: -60751.3284
2016-07-27 10:03:32,906 - sarcos - DEBUG - Objective: -60752.3051
2016-07-27 10:12:10,430 - sarcos - DEBUG - Objective: -60750.5173
2016-07-27 10:12:10,431 - sarcos - INFO - Optimizing: ll
2016-07-27 10:14:14,733 - sarcos - DEBUG - Objective: -60750.6640
2016-07-27 10:16:18,856 - sarcos - DEBUG - Objective: -30316.7862
2016-07-27 10:18:23,038 - sarcos - DEBUG - Objective: -60759.0535
2016-07-27 10:20:27,370 - sarcos - DEBUG - Objective: -60760.1406
2016-07-27 10:22:31,407 - sarcos - DEBUG - Objective: -60760.9275
2016-07-27 10:24:34,897 - sarcos - DEBUG - Objective: -60761.5507
2016-07-27 10:26:39,042 - sarcos - DEBUG - Objective: -60761.0270
2016-07-27 10:28:42,980 - sarcos - DEBUG - Objective: -60758.4894
2016-07-27 10:30:45,638 - sarcos - DEBUG - Objective: -60759.2202
2016-07-27 10:30:45,639 - sarcos - DEBUG - Objective: -60759.2202
2016-07-27 10:30:45,732 - sarcos - DEBUG - Objective difference: 701.811401
2016-07-27 10:30:45,732 - sarcos - INFO - Mean difference: 0.029274
2016-07-27 10:30:45,732 - sarcos - INFO - Covariance difference: 0.000247
2016-07-27 10:30:45,732 - sarcos - INFO - Iteration 9 started.
2016-07-27 10:30:45,732 - sarcos - INFO - Optimizing: mog
2016-07-27 10:34:54,494 - sarcos - DEBUG - Objective: -60759.5473
2016-07-27 10:39:04,677 - sarcos - DEBUG - Objective: -52197.0016
2016-07-27 10:43:15,556 - sarcos - DEBUG - Objective: -60780.1859
2016-07-27 10:47:27,984 - sarcos - DEBUG - Objective: -60792.7089
2016-07-27 10:51:39,548 - sarcos - DEBUG - Objective: -60823.1266
2016-07-27 10:55:53,269 - sarcos - DEBUG - Objective: -60837.1548
2016-07-27 11:00:04,121 - sarcos - DEBUG - Objective: -60851.9282
2016-07-27 11:04:15,299 - sarcos - DEBUG - Objective: -60882.8402
2016-07-27 11:08:27,903 - sarcos - DEBUG - Objective: -60898.4447
2016-07-27 11:12:39,621 - sarcos - DEBUG - Objective: -60920.3964
2016-07-27 11:16:50,365 - sarcos - DEBUG - Objective: -60939.6966
2016-07-27 11:21:00,170 - sarcos - DEBUG - Objective: -60951.9083
2016-07-27 11:25:11,478 - sarcos - DEBUG - Objective: -60963.4366
2016-07-27 11:29:22,281 - sarcos - DEBUG - Objective: -60976.6715
2016-07-27 11:33:32,373 - sarcos - DEBUG - Objective: -60997.8165
2016-07-27 11:37:43,244 - sarcos - DEBUG - Objective: -61022.1495
2016-07-27 11:41:53,898 - sarcos - DEBUG - Objective: -61035.5811
2016-07-27 11:46:04,859 - sarcos - DEBUG - Objective: -61054.4722
2016-07-27 11:50:15,535 - sarcos - DEBUG - Objective: -61066.9226
2016-07-27 11:54:26,091 - sarcos - DEBUG - Objective: -61082.9248
2016-07-27 11:58:36,199 - sarcos - DEBUG - Objective: -61100.9163
2016-07-27 12:02:46,904 - sarcos - DEBUG - Objective: -61110.8169
2016-07-27 12:06:56,854 - sarcos - DEBUG - Objective: -61136.5936
2016-07-27 12:11:07,049 - sarcos - DEBUG - Objective: -61158.2707
2016-07-27 12:15:18,068 - sarcos - DEBUG - Objective: -61183.8159
2016-07-27 12:19:27,504 - sarcos - DEBUG - Objective: -61224.0309
2016-07-27 12:19:27,723 - sarcos - INFO - Optimizing: hyp
2016-07-27 12:28:01,146 - sarcos - DEBUG - Objective: -61219.9423
2016-07-27 12:36:37,949 - sarcos - DEBUG - Objective: -55719.4811
2016-07-27 12:45:16,459 - sarcos - DEBUG - Objective: -61142.5521
2016-07-27 12:53:51,994 - sarcos - DEBUG - Objective: -61214.1878
2016-07-27 13:02:29,455 - sarcos - DEBUG - Objective: -61221.5203
2016-07-27 13:11:05,601 - sarcos - DEBUG - Objective: -61217.2762
2016-07-27 13:19:45,917 - sarcos - DEBUG - Objective: -61218.4050
2016-07-27 13:28:26,865 - sarcos - DEBUG - Objective: -61219.8558
2016-07-27 13:37:32,919 - sarcos - DEBUG - Objective: -61221.5487
2016-07-27 13:46:20,540 - sarcos - DEBUG - Objective: -63056.0333
2016-07-27 13:55:02,232 - sarcos - DEBUG - Objective: -62070.7367
2016-07-27 14:03:39,474 - sarcos - INFO - Optimizing: ll
2016-07-27 14:05:44,088 - sarcos - DEBUG - Objective: -63054.8190
2016-07-27 14:07:47,898 - sarcos - DEBUG - Objective: -34835.3623
2016-07-27 14:09:50,593 - sarcos - DEBUG - Objective: -63110.7487
2016-07-27 14:11:54,700 - sarcos - DEBUG - Objective: -63109.8363
2016-07-27 14:13:58,446 - sarcos - DEBUG - Objective: -63109.3772
2016-07-27 14:16:02,398 - sarcos - DEBUG - Objective: -63108.8203
2016-07-27 14:18:04,739 - sarcos - DEBUG - Objective: -63111.5494
2016-07-27 14:20:07,707 - sarcos - DEBUG - Objective: -63109.7689
2016-07-27 14:22:09,931 - sarcos - DEBUG - Objective: -63110.3939
2016-07-27 14:22:09,931 - sarcos - DEBUG - Objective: -63110.3939
2016-07-27 14:22:10,024 - sarcos - DEBUG - Objective difference: 2351.173706
2016-07-27 14:22:10,024 - sarcos - INFO - Mean difference: 0.022746
2016-07-27 14:22:10,025 - sarcos - INFO - Covariance difference: 0.000215
2016-07-27 14:22:10,025 - sarcos - INFO - Iteration 10 started.
2016-07-27 14:22:10,025 - sarcos - INFO - Optimizing: mog
2016-07-27 14:26:21,087 - sarcos - DEBUG - Objective: -63109.9977
2016-07-27 14:30:32,001 - sarcos - DEBUG - Objective: -59605.8551
2016-07-27 14:34:43,158 - sarcos - DEBUG - Objective: -64238.2717
2016-07-27 14:38:53,117 - sarcos - DEBUG - Objective: -64436.5397
2016-07-27 14:43:04,302 - sarcos - DEBUG - Objective: -64589.2397
2016-07-27 14:47:15,937 - sarcos - DEBUG - Objective: -64714.6553
2016-07-27 14:51:28,513 - sarcos - DEBUG - Objective: -64806.3796
2016-07-27 14:55:39,738 - sarcos - DEBUG - Objective: -64883.6312
2016-07-27 14:59:53,137 - sarcos - DEBUG - Objective: -64931.0078
2016-07-27 15:04:04,339 - sarcos - DEBUG - Objective: -64969.2218
2016-07-27 15:08:16,171 - sarcos - DEBUG - Objective: -64996.5533
2016-07-27 15:12:27,973 - sarcos - DEBUG - Objective: -65020.0605
2016-07-27 15:16:38,695 - sarcos - DEBUG - Objective: -65029.6244
2016-07-27 15:20:52,087 - sarcos - DEBUG - Objective: -65041.0553
2016-07-27 15:25:01,102 - sarcos - DEBUG - Objective: -65052.6862
2016-07-27 15:29:12,592 - sarcos - DEBUG - Objective: -65065.8240
2016-07-27 15:33:24,704 - sarcos - DEBUG - Objective: -65077.8450
2016-07-27 15:37:36,975 - sarcos - DEBUG - Objective: -65089.3046
2016-07-27 15:41:48,560 - sarcos - DEBUG - Objective: -65109.8335
2016-07-27 15:46:00,705 - sarcos - DEBUG - Objective: -65127.0240
2016-07-27 15:50:12,655 - sarcos - DEBUG - Objective: -65144.0811
2016-07-27 15:54:24,914 - sarcos - DEBUG - Objective: -65155.3453
2016-07-27 15:58:36,907 - sarcos - DEBUG - Objective: -65168.4213
2016-07-27 16:02:50,339 - sarcos - DEBUG - Objective: -65181.0183
2016-07-27 16:07:01,571 - sarcos - DEBUG - Objective: -65197.4429
2016-07-27 16:11:14,645 - sarcos - DEBUG - Objective: -65213.7734
2016-07-27 16:11:14,835 - sarcos - INFO - Optimizing: hyp
2016-07-27 16:19:52,250 - sarcos - DEBUG - Objective: -65213.2323
2016-07-27 16:29:00,468 - sarcos - DEBUG - Objective: -61222.7499
2016-07-27 16:38:09,578 - sarcos - DEBUG - Objective: -65125.6595
2016-07-27 16:47:09,219 - sarcos - DEBUG - Objective: -65203.9417
2016-07-27 16:55:51,917 - sarcos - DEBUG - Objective: -65210.6770
2016-07-27 17:04:27,126 - sarcos - DEBUG - Objective: -65212.6952
2016-07-27 17:13:39,942 - sarcos - DEBUG - Objective: -65213.8093
2016-07-27 17:22:20,432 - sarcos - DEBUG - Objective: -65212.7570
2016-07-27 17:30:54,385 - sarcos - DEBUG - Objective: -65210.5271
2016-07-27 17:30:54,386 - sarcos - INFO - Optimizing: ll
2016-07-27 17:32:57,299 - sarcos - DEBUG - Objective: -65213.5293
2016-07-27 17:35:01,747 - sarcos - DEBUG - Objective: -35901.3531
2016-07-27 17:37:03,978 - sarcos - DEBUG - Objective: -65240.3401
2016-07-27 17:39:07,365 - sarcos - DEBUG - Objective: -65242.0651
2016-07-27 17:41:09,881 - sarcos - DEBUG - Objective: -65239.5665
2016-07-27 17:43:12,356 - sarcos - DEBUG - Objective: -65238.9515
2016-07-27 17:45:15,797 - sarcos - DEBUG - Objective: -65239.1134
2016-07-27 17:45:15,797 - sarcos - DEBUG - Objective: -65239.1134
2016-07-27 17:45:15,904 - sarcos - DEBUG - Objective difference: 2128.719482
2016-07-27 17:45:15,905 - sarcos - INFO - Mean difference: 0.028161
2016-07-27 17:45:15,905 - sarcos - INFO - Covariance difference: 0.000176
2016-07-27 17:45:15,905 - sarcos - INFO - Iteration 11 started.
2016-07-27 17:45:15,905 - sarcos - INFO - Optimizing: mog
2016-07-27 17:49:25,156 - sarcos - DEBUG - Objective: -65240.2393
2016-07-27 17:53:36,655 - sarcos - DEBUG - Objective: -57638.9802
2016-07-27 17:57:45,938 - sarcos - DEBUG - Objective: -65246.5071
2016-07-27 18:01:58,221 - sarcos - DEBUG - Objective: -65250.1948
2016-07-27 18:06:08,708 - sarcos - DEBUG - Objective: -65264.5262
2016-07-27 18:10:19,782 - sarcos - DEBUG - Objective: -65269.8363
2016-07-27 18:14:30,469 - sarcos - DEBUG - Objective: -65279.4866
2016-07-27 18:18:39,177 - sarcos - DEBUG - Objective: -65291.2129
2016-07-27 18:22:47,980 - sarcos - DEBUG - Objective: -65295.6603
2016-07-27 18:26:58,027 - sarcos - DEBUG - Objective: -65311.4218
2016-07-27 18:31:08,009 - sarcos - DEBUG - Objective: -65315.9519
2016-07-27 18:35:16,758 - sarcos - DEBUG - Objective: -65329.0316
2016-07-27 18:39:26,797 - sarcos - DEBUG - Objective: -65335.6637
2016-07-27 18:43:40,483 - sarcos - DEBUG - Objective: -65342.2538
2016-07-27 18:47:48,166 - sarcos - DEBUG - Objective: -65352.6687
2016-07-27 18:51:59,773 - sarcos - DEBUG - Objective: -65360.9569
2016-07-27 18:56:13,081 - sarcos - DEBUG - Objective: -65372.0679
2016-07-27 19:00:21,460 - sarcos - DEBUG - Objective: -65382.2405
2016-07-27 19:04:31,406 - sarcos - DEBUG - Objective: -65391.5557
2016-07-27 19:08:41,479 - sarcos - DEBUG - Objective: -65412.2921
2016-07-27 19:12:51,924 - sarcos - DEBUG - Objective: -65426.3712
2016-07-27 19:17:02,298 - sarcos - DEBUG - Objective: -65444.9543
2016-07-27 19:21:11,902 - sarcos - DEBUG - Objective: -65466.3977
2016-07-27 19:25:22,445 - sarcos - DEBUG - Objective: -65486.9310
2016-07-27 19:29:32,072 - sarcos - DEBUG - Objective: -65518.1814
2016-07-27 19:33:42,072 - sarcos - DEBUG - Objective: -65567.7472
2016-07-27 19:33:42,289 - sarcos - INFO - Optimizing: hyp
2016-07-27 19:42:14,820 - sarcos - DEBUG - Objective: -65568.1721
2016-07-27 19:50:50,107 - sarcos - DEBUG - Objective: -61205.7131
2016-07-27 19:59:25,879 - sarcos - DEBUG - Objective: -65471.7980
2016-07-27 20:08:05,912 - sarcos - DEBUG - Objective: -65557.4722
2016-07-27 20:16:41,409 - sarcos - DEBUG - Objective: -65566.6132
2016-07-27 20:25:15,182 - sarcos - DEBUG - Objective: -65567.2482
2016-07-27 20:33:48,617 - sarcos - DEBUG - Objective: -65566.4293
2016-07-27 20:42:23,775 - sarcos - DEBUG - Objective: -65567.1370
2016-07-27 20:50:58,476 - sarcos - DEBUG - Objective: -65570.1656
2016-07-27 20:50:58,476 - sarcos - DEBUG - Objective: -65570.1656
2016-07-27 20:59:33,388 - sarcos - DEBUG - Objective: -65568.9713
2016-07-27 21:08:11,459 - sarcos - INFO - Optimizing: ll
2016-07-27 21:10:13,631 - sarcos - DEBUG - Objective: -65567.7933
2016-07-27 21:12:15,806 - sarcos - DEBUG - Objective: -34424.4383
2016-07-27 21:14:20,022 - sarcos - DEBUG - Objective: -65570.3718
2016-07-27 21:16:24,946 - sarcos - DEBUG - Objective: -65571.0149
2016-07-27 21:18:27,603 - sarcos - DEBUG - Objective: -65569.9926
2016-07-27 21:20:32,338 - sarcos - DEBUG - Objective: -65568.4285
2016-07-27 21:22:34,755 - sarcos - DEBUG - Objective: -65570.8308
2016-07-27 21:22:34,755 - sarcos - DEBUG - Objective: -65570.8308
2016-07-27 21:22:34,846 - sarcos - DEBUG - Objective difference: 331.717407
2016-07-27 21:22:34,847 - sarcos - INFO - Mean difference: 0.022213
2016-07-27 21:22:34,847 - sarcos - INFO - Covariance difference: 0.000242
2016-07-27 21:22:34,847 - sarcos - INFO - Iteration 12 started.
2016-07-27 21:22:34,847 - sarcos - INFO - Optimizing: mog
2016-07-27 21:26:45,357 - sarcos - DEBUG - Objective: -65570.0453
2016-07-27 21:30:55,779 - sarcos - DEBUG - Objective: -58103.8564
2016-07-27 21:35:06,152 - sarcos - DEBUG - Objective: -65590.5959
2016-07-27 21:39:16,549 - sarcos - DEBUG - Objective: -65606.3712
2016-07-27 21:43:26,579 - sarcos - DEBUG - Objective: -65633.4930
2016-07-27 21:47:37,691 - sarcos - DEBUG - Objective: -65642.5110
2016-07-27 21:51:50,186 - sarcos - DEBUG - Objective: -65650.0428
2016-07-27 21:56:00,542 - sarcos - DEBUG - Objective: -65664.6456
2016-07-27 22:00:10,134 - sarcos - DEBUG - Objective: -65670.9380
2016-07-27 22:04:22,467 - sarcos - DEBUG - Objective: -65685.1814
2016-07-27 22:08:33,285 - sarcos - DEBUG - Objective: -65692.2174
2016-07-27 22:12:43,879 - sarcos - DEBUG - Objective: -65699.9578
2016-07-27 22:16:56,438 - sarcos - DEBUG - Objective: -65700.4039
2016-07-27 22:21:08,127 - sarcos - DEBUG - Objective: -65707.4172
2016-07-27 22:25:19,499 - sarcos - DEBUG - Objective: -65713.4218
2016-07-27 22:29:30,049 - sarcos - DEBUG - Objective: -65721.8424
2016-07-27 22:33:40,199 - sarcos - DEBUG - Objective: -65727.2046
2016-07-27 22:37:50,651 - sarcos - DEBUG - Objective: -65733.5178
2016-07-27 22:42:01,640 - sarcos - DEBUG - Objective: -65737.3579
2016-07-27 22:46:12,777 - sarcos - DEBUG - Objective: -65741.3713
2016-07-27 22:50:23,584 - sarcos - DEBUG - Objective: -65746.8370
2016-07-27 22:54:36,374 - sarcos - DEBUG - Objective: -65752.9880
2016-07-27 22:58:47,567 - sarcos - DEBUG - Objective: -65756.9771
2016-07-27 23:02:57,592 - sarcos - DEBUG - Objective: -65762.3241
2016-07-27 23:07:09,403 - sarcos - DEBUG - Objective: -65765.7386
2016-07-27 23:11:19,697 - sarcos - DEBUG - Objective: -65770.4937
2016-07-27 23:11:19,911 - sarcos - INFO - Optimizing: hyp
2016-07-27 23:20:30,721 - sarcos - DEBUG - Objective: -65771.5112
2016-07-27 23:29:10,823 - sarcos - DEBUG - Objective: -61314.8909
2016-07-27 23:37:47,561 - sarcos - DEBUG - Objective: -65675.0286
2016-07-27 23:46:28,574 - sarcos - DEBUG - Objective: -65759.6567
2016-07-27 23:55:35,801 - sarcos - DEBUG - Objective: -65769.2208
2016-07-28 00:04:18,688 - sarcos - DEBUG - Objective: -65769.4253
2016-07-28 00:13:22,728 - sarcos - DEBUG - Objective: -65772.1818
2016-07-28 00:22:01,727 - sarcos - DEBUG - Objective: -65769.5739
2016-07-28 00:30:35,474 - sarcos - DEBUG - Objective: -65770.6385
2016-07-28 00:39:47,586 - sarcos - DEBUG - Objective: -65767.8732
2016-07-28 00:39:47,586 - sarcos - INFO - Optimizing: ll
2016-07-28 00:41:51,783 - sarcos - DEBUG - Objective: -65772.0442
2016-07-28 00:43:54,180 - sarcos - DEBUG - Objective: -34119.9813
2016-07-28 00:45:57,761 - sarcos - DEBUG - Objective: -65770.4613
2016-07-28 00:48:01,636 - sarcos - DEBUG - Objective: -65770.3916
2016-07-28 00:50:05,816 - sarcos - DEBUG - Objective: -65770.1348
2016-07-28 00:52:09,890 - sarcos - DEBUG - Objective: -65771.1725
2016-07-28 00:54:13,613 - sarcos - DEBUG - Objective: -65770.6361
2016-07-28 00:54:13,614 - sarcos - DEBUG - Objective: -65770.6361
2016-07-28 00:54:13,712 - sarcos - DEBUG - Objective difference: 199.805298
2016-07-28 00:54:13,712 - sarcos - INFO - Mean difference: 0.014130
2016-07-28 00:54:13,712 - sarcos - INFO - Covariance difference: 0.000102
2016-07-28 00:54:13,712 - sarcos - INFO - Iteration 13 started.
2016-07-28 00:54:13,712 - sarcos - INFO - Optimizing: mog
2016-07-28 00:58:22,016 - sarcos - DEBUG - Objective: -65773.2054
2016-07-28 01:02:33,359 - sarcos - DEBUG - Objective: -57857.6034
2016-07-28 01:06:43,543 - sarcos - DEBUG - Objective: -65774.1449
2016-07-28 01:10:51,384 - sarcos - DEBUG - Objective: -65775.5836
2016-07-28 01:15:00,727 - sarcos - DEBUG - Objective: -65778.5916
2016-07-28 01:19:09,374 - sarcos - DEBUG - Objective: -65782.3442
2016-07-28 01:23:20,175 - sarcos - DEBUG - Objective: -65784.4875
2016-07-28 01:27:31,134 - sarcos - DEBUG - Objective: -65791.0028
2016-07-28 01:31:40,695 - sarcos - DEBUG - Objective: -65793.8646
2016-07-28 01:35:51,449 - sarcos - DEBUG - Objective: -65798.9775
2016-07-28 01:40:02,423 - sarcos - DEBUG - Objective: -65802.6896
2016-07-28 01:44:13,042 - sarcos - DEBUG - Objective: -65806.7043
2016-07-28 01:48:23,917 - sarcos - DEBUG - Objective: -65813.8984
2016-07-28 01:52:33,878 - sarcos - DEBUG - Objective: -65818.1750
2016-07-28 01:56:44,780 - sarcos - DEBUG - Objective: -65822.8510
2016-07-28 02:00:55,201 - sarcos - DEBUG - Objective: -65826.6538
2016-07-28 02:05:05,028 - sarcos - DEBUG - Objective: -65831.6431
2016-07-28 02:09:15,077 - sarcos - DEBUG - Objective: -65836.8934
2016-07-28 02:13:25,953 - sarcos - DEBUG - Objective: -65847.4832
2016-07-28 02:17:36,784 - sarcos - DEBUG - Objective: -65852.2932
2016-07-28 02:21:47,552 - sarcos - DEBUG - Objective: -65858.6371
2016-07-28 02:25:58,527 - sarcos - DEBUG - Objective: -65866.9447
2016-07-28 02:30:08,051 - sarcos - DEBUG - Objective: -65874.1327
2016-07-28 02:34:18,313 - sarcos - DEBUG - Objective: -65883.4684
2016-07-28 02:38:26,014 - sarcos - DEBUG - Objective: -65903.0803
2016-07-28 02:42:37,153 - sarcos - DEBUG - Objective: -65923.4194
2016-07-28 02:42:37,338 - sarcos - INFO - Optimizing: hyp
2016-07-28 02:51:12,412 - sarcos - DEBUG - Objective: -65923.0491
2016-07-28 02:59:41,954 - sarcos - DEBUG - Objective: -61602.6954
2016-07-28 03:08:54,244 - sarcos - DEBUG - Objective: -65823.2937
2016-07-28 03:17:26,694 - sarcos - DEBUG - Objective: -65913.3755
2016-07-28 03:26:03,915 - sarcos - DEBUG - Objective: -65920.9988
2016-07-28 03:34:32,934 - sarcos - DEBUG - Objective: -65921.0157
2016-07-28 03:42:57,775 - sarcos - DEBUG - Objective: -65922.7529
2016-07-28 03:51:27,974 - sarcos - DEBUG - Objective: -65923.0255
2016-07-28 04:00:14,334 - sarcos - DEBUG - Objective: -65923.5972
2016-07-28 04:00:14,335 - sarcos - DEBUG - Objective: -65923.5972
2016-07-28 04:09:25,267 - sarcos - DEBUG - Objective: -65921.5302
2016-07-28 04:18:00,440 - sarcos - INFO - Optimizing: ll
2016-07-28 04:20:03,147 - sarcos - DEBUG - Objective: -65924.2852
2016-07-28 04:22:07,187 - sarcos - DEBUG - Objective: -34688.7118
2016-07-28 04:24:11,702 - sarcos - DEBUG - Objective: -65925.9835
2016-07-28 04:26:15,747 - sarcos - DEBUG - Objective: -65922.6255
2016-07-28 04:28:20,716 - sarcos - DEBUG - Objective: -65925.4276
2016-07-28 04:30:23,931 - sarcos - DEBUG - Objective: -65924.0865
2016-07-28 04:32:28,502 - sarcos - DEBUG - Objective: -65924.2214
2016-07-28 04:32:28,502 - sarcos - DEBUG - Objective: -65924.2214
2016-07-28 04:32:28,596 - sarcos - DEBUG - Objective difference: 153.585327
2016-07-28 04:32:28,597 - sarcos - INFO - Mean difference: 0.014054
2016-07-28 04:32:28,597 - sarcos - INFO - Covariance difference: 0.000191
2016-07-28 04:32:28,597 - sarcos - INFO - Iteration 14 started.
2016-07-28 04:32:28,597 - sarcos - INFO - Optimizing: mog
2016-07-28 04:36:40,540 - sarcos - DEBUG - Objective: -65925.9409
2016-07-28 04:40:50,404 - sarcos - DEBUG - Objective: -61577.7527
2016-07-28 04:45:01,686 - sarcos - DEBUG - Objective: -65939.8588
2016-07-28 04:49:11,831 - sarcos - DEBUG - Objective: -65951.3666
2016-07-28 04:53:24,249 - sarcos - DEBUG - Objective: -65961.1490
2016-07-28 04:57:34,144 - sarcos - DEBUG - Objective: -65968.7235
2016-07-28 05:01:43,653 - sarcos - DEBUG - Objective: -65976.8066
2016-07-28 05:05:55,147 - sarcos - DEBUG - Objective: -65984.7864
2016-07-28 05:10:04,662 - sarcos - DEBUG - Objective: -65989.2555
2016-07-28 05:14:17,621 - sarcos - DEBUG - Objective: -65995.2172
2016-07-28 05:18:29,070 - sarcos - DEBUG - Objective: -66003.1326
2016-07-28 05:22:40,930 - sarcos - DEBUG - Objective: -66007.3097
2016-07-28 05:26:52,304 - sarcos - DEBUG - Objective: -66010.6570
2016-07-28 05:31:03,344 - sarcos - DEBUG - Objective: -66017.0632
2016-07-28 05:35:16,136 - sarcos - DEBUG - Objective: -66019.6305
2016-07-28 05:39:25,978 - sarcos - DEBUG - Objective: -66025.2006
2016-07-28 05:43:35,935 - sarcos - DEBUG - Objective: -66025.9717
2016-07-28 05:47:49,278 - sarcos - DEBUG - Objective: -66028.3910
2016-07-28 05:52:01,936 - sarcos - DEBUG - Objective: -66031.5742
2016-07-28 05:56:14,022 - sarcos - DEBUG - Objective: -66034.2704
2016-07-28 06:00:26,818 - sarcos - DEBUG - Objective: -66035.7631
2016-07-28 06:04:40,069 - sarcos - DEBUG - Objective: -66038.0793
2016-07-28 06:08:51,237 - sarcos - DEBUG - Objective: -66039.3164
2016-07-28 06:13:02,383 - sarcos - DEBUG - Objective: -66040.1189
2016-07-28 06:17:15,125 - sarcos - DEBUG - Objective: -66041.8687
2016-07-28 06:21:28,048 - sarcos - DEBUG - Objective: -66044.0073
2016-07-28 06:21:28,238 - sarcos - INFO - Optimizing: hyp
2016-07-28 06:30:36,250 - sarcos - DEBUG - Objective: -66045.2552
2016-07-28 06:39:45,255 - sarcos - DEBUG - Objective: -61626.2139
2016-07-28 06:48:33,367 - sarcos - DEBUG - Objective: -65944.0151
2016-07-28 06:57:40,343 - sarcos - DEBUG - Objective: -66034.9819
2016-07-28 07:06:51,339 - sarcos - DEBUG - Objective: -66043.1848
2016-07-28 07:16:00,969 - sarcos - DEBUG - Objective: -66047.1028
2016-07-28 07:25:11,655 - sarcos - DEBUG - Objective: -66045.3568
2016-07-28 07:34:21,775 - sarcos - DEBUG - Objective: -66046.6509
2016-07-28 07:43:30,969 - sarcos - DEBUG - Objective: -66165.0667
2016-07-28 07:52:43,232 - sarcos - DEBUG - Objective: -64345.7269
2016-07-28 08:01:52,872 - sarcos - DEBUG - Objective: -66120.8776
2016-07-28 08:11:00,691 - sarcos - INFO - Optimizing: ll
2016-07-28 08:13:04,833 - sarcos - DEBUG - Objective: -66165.4580
2016-07-28 08:15:09,346 - sarcos - DEBUG - Objective: -34893.4054
2016-07-28 08:17:13,521 - sarcos - DEBUG - Objective: -66167.3479
2016-07-28 08:19:17,050 - sarcos - DEBUG - Objective: -66166.9214
2016-07-28 08:21:19,952 - sarcos - DEBUG - Objective: -66167.4755
2016-07-28 08:23:22,786 - sarcos - DEBUG - Objective: -66166.3730
2016-07-28 08:25:26,903 - sarcos - DEBUG - Objective: -66166.1649
2016-07-28 08:25:27,001 - sarcos - DEBUG - Objective difference: 241.943481
2016-07-28 08:25:27,001 - sarcos - INFO - Mean difference: 0.011055
2016-07-28 08:25:27,002 - sarcos - INFO - Covariance difference: 0.000075
2016-07-28 08:25:27,002 - sarcos - INFO - Iteration 15 started.
2016-07-28 08:25:27,002 - sarcos - INFO - Optimizing: mog
2016-07-28 08:29:39,201 - sarcos - DEBUG - Objective: -66167.5316
2016-07-28 08:33:49,880 - sarcos - DEBUG - Objective: -57964.5256
2016-07-28 08:38:00,373 - sarcos - DEBUG - Objective: -66177.8480
2016-07-28 08:42:11,116 - sarcos - DEBUG - Objective: -66182.8455
2016-07-28 08:46:22,019 - sarcos - DEBUG - Objective: -66184.1218
2016-07-28 08:50:34,211 - sarcos - DEBUG - Objective: -66186.5615
2016-07-28 08:54:44,757 - sarcos - DEBUG - Objective: -66187.1000
2016-07-28 08:58:55,759 - sarcos - DEBUG - Objective: -66190.9962
2016-07-28 09:03:07,345 - sarcos - DEBUG - Objective: -66193.3854
2016-07-28 09:07:16,304 - sarcos - DEBUG - Objective: -66194.7010
2016-07-28 09:11:27,079 - sarcos - DEBUG - Objective: -66196.7489
2016-07-28 09:15:39,022 - sarcos - DEBUG - Objective: -66196.2401
2016-07-28 09:19:49,379 - sarcos - DEBUG - Objective: -66195.3949
2016-07-28 09:23:58,653 - sarcos - DEBUG - Objective: -66195.9255
2016-07-28 09:28:09,238 - sarcos - DEBUG - Objective: -66198.4316
2016-07-28 09:32:21,257 - sarcos - DEBUG - Objective: -66195.4476
2016-07-28 09:36:31,089 - sarcos - DEBUG - Objective: -66197.7460
2016-07-28 09:40:40,500 - sarcos - DEBUG - Objective: -66195.3850
2016-07-28 09:44:50,895 - sarcos - DEBUG - Objective: -66197.6765
2016-07-28 09:49:03,279 - sarcos - DEBUG - Objective: -66197.1167
2016-07-28 09:53:16,206 - sarcos - DEBUG - Objective: -66196.0791
2016-07-28 09:57:26,761 - sarcos - DEBUG - Objective: -66198.0562
2016-07-28 10:01:39,381 - sarcos - DEBUG - Objective: -66198.3282
2016-07-28 10:05:49,561 - sarcos - DEBUG - Objective: -66196.4729
2016-07-28 10:10:00,078 - sarcos - DEBUG - Objective: -66197.5999
2016-07-28 10:14:09,870 - sarcos - DEBUG - Objective: -66196.0033
2016-07-28 10:18:20,659 - sarcos - INFO - Optimizing: hyp
2016-07-28 10:27:00,892 - sarcos - DEBUG - Objective: -66197.1244
2016-07-28 10:35:34,422 - sarcos - DEBUG - Objective: -61740.9220
2016-07-28 10:44:17,047 - sarcos - DEBUG - Objective: -66095.8323
2016-07-28 10:52:51,714 - sarcos - DEBUG - Objective: -66187.5740
2016-07-28 11:01:27,347 - sarcos - DEBUG - Objective: -66194.5750
2016-07-28 11:10:05,361 - sarcos - DEBUG - Objective: -66197.3010
2016-07-28 11:18:41,626 - sarcos - DEBUG - Objective: -66195.9701
2016-07-28 11:27:18,915 - sarcos - DEBUG - Objective: -66198.4510
2016-07-28 11:35:58,352 - sarcos - DEBUG - Objective: -66197.3121
2016-07-28 11:44:34,291 - sarcos - DEBUG - Objective: -66198.3451
2016-07-28 11:53:03,073 - sarcos - DEBUG - Objective: 5733846.2554
2016-07-28 12:02:10,566 - sarcos - INFO - Optimizing: ll
2016-07-28 12:04:13,141 - sarcos - DEBUG - Objective: -66196.9099
2016-07-28 12:06:15,928 - sarcos - DEBUG - Objective: -34275.9318
2016-07-28 12:08:19,886 - sarcos - DEBUG - Objective: -66196.2778
2016-07-28 12:10:23,850 - sarcos - DEBUG - Objective: -66197.1672
2016-07-28 12:12:27,750 - sarcos - DEBUG - Objective: -66197.0398
2016-07-28 12:14:30,416 - sarcos - DEBUG - Objective: -66195.9448
2016-07-28 12:16:34,575 - sarcos - DEBUG - Objective: -66195.3862
2016-07-28 12:16:34,667 - sarcos - DEBUG - Objective difference: 29.221313
2016-07-28 12:16:34,668 - sarcos - INFO - Mean difference: 0.002711
2016-07-28 12:16:34,668 - sarcos - INFO - Covariance difference: 0.000029
2016-07-28 12:16:34,668 - sarcos - INFO - Iteration 16 started.
2016-07-28 12:16:34,668 - sarcos - INFO - Optimizing: mog
2016-07-28 12:20:43,959 - sarcos - DEBUG - Objective: -66195.8523
2016-07-28 12:24:54,660 - sarcos - DEBUG - Objective: -59471.7213
2016-07-28 12:29:03,879 - sarcos - DEBUG - Objective: -66198.3025
2016-07-28 12:33:16,808 - sarcos - DEBUG - Objective: -66198.2921
2016-07-28 12:37:29,887 - sarcos - DEBUG - Objective: -66198.5508
2016-07-28 12:41:39,898 - sarcos - DEBUG - Objective: -66196.6476
2016-07-28 12:45:50,205 - sarcos - DEBUG - Objective: -66199.2644
2016-07-28 12:49:59,086 - sarcos - DEBUG - Objective: -66197.4628
2016-07-28 12:54:09,278 - sarcos - DEBUG - Objective: -66199.1587
2016-07-28 12:58:18,702 - sarcos - DEBUG - Objective: -66197.7300
2016-07-28 13:02:28,033 - sarcos - DEBUG - Objective: -66196.0081
2016-07-28 13:06:37,197 - sarcos - DEBUG - Objective: -66198.3405
2016-07-28 13:10:48,781 - sarcos - DEBUG - Objective: -66197.1022
2016-07-28 13:14:59,156 - sarcos - DEBUG - Objective: -66195.4900
2016-07-28 13:14:59,170 - sarcos - INFO - Optimizing: hyp
2016-07-28 13:23:36,104 - sarcos - DEBUG - Objective: -66197.4039
2016-07-28 13:32:12,527 - sarcos - DEBUG - Objective: -61741.4163
2016-07-28 13:40:52,001 - sarcos - DEBUG - Objective: -66098.5872
2016-07-28 13:50:06,290 - sarcos - DEBUG - Objective: -66188.2322
2016-07-28 13:58:48,204 - sarcos - DEBUG - Objective: -66195.4623
2016-07-28 14:08:04,543 - sarcos - DEBUG - Objective: -66198.3074
2016-07-28 14:16:43,318 - sarcos - DEBUG - Objective: -66197.2616
2016-07-28 14:25:25,369 - sarcos - DEBUG - Objective: -66198.7986
2016-07-28 14:34:06,852 - sarcos - DEBUG - Objective: -66008.8984
2016-07-28 14:42:49,222 - sarcos - DEBUG - Objective: -66185.1632
2016-07-28 14:52:07,427 - sarcos - DEBUG - Objective: -66195.7389
2016-07-28 15:01:19,857 - sarcos - INFO - Optimizing: ll
2016-07-28 15:03:23,981 - sarcos - DEBUG - Objective: -66197.0420
2016-07-28 15:05:26,418 - sarcos - DEBUG - Objective: -34279.0210
2016-07-28 15:07:30,810 - sarcos - DEBUG - Objective: -66198.2444
2016-07-28 15:09:34,784 - sarcos - DEBUG - Objective: -66197.3928
2016-07-28 15:11:38,877 - sarcos - DEBUG - Objective: -66196.6890
2016-07-28 15:13:41,878 - sarcos - DEBUG - Objective: -66198.6852
2016-07-28 15:13:41,879 - sarcos - DEBUG - Objective: -66198.6852
2016-07-28 15:15:45,992 - sarcos - DEBUG - Objective: -66196.4716
2016-07-28 15:17:48,501 - sarcos - DEBUG - Objective: -66197.0303
2016-07-28 15:17:48,501 - sarcos - DEBUG - Objective: -66197.0303
2016-07-28 15:17:48,596 - sarcos - DEBUG - Objective difference: 1.644043
2016-07-28 15:17:48,596 - sarcos - INFO - Mean difference: 0.000141
2016-07-28 15:17:48,596 - sarcos - INFO - Covariance difference: 0.000002
2016-07-28 15:17:48,596 - sarcos - DEBUG - prediction started...
2016-07-28 15:18:17,409 - sarcos - DEBUG - prediction finished
