2016-08-02 17:34:32,617 - mnist - INFO - experiment started for:{'run_id': 0, 'max_iter': 300, 'optimization_config': {'hyp': 15, 'mog': 60}, 'xtol': 0.001, 'git_hash': '8820915af531d79870bd4d139a0872079333f5d7', 'model_init': None, 'ftol': 10, 'latent_noise:': 0.001, 'sparsity_factor': 0.04, 'll': 'SoftmaxLL', 'sample_num': 100, 'experiment': 'mnist', 'git_branch': 'master', 'random_Z': False, 'method': 'full'}
2016-08-02 17:42:33,521 - mnist - INFO - Iteration 1 started.
2016-08-02 17:42:33,521 - mnist - INFO - Optimizing: mog
2016-08-02 17:42:46,511 - mnist - DEBUG - Objective: 352662.9213
2016-08-02 17:48:46,320 - mnist - DEBUG - Objective: 346014.2052
2016-08-02 17:54:45,250 - mnist - DEBUG - Objective: 322051.5469
2016-08-02 18:00:45,552 - mnist - DEBUG - Objective: 220018.1739
2016-08-02 18:06:55,367 - mnist - DEBUG - Objective: 161854.7856
2016-08-02 18:15:02,345 - mnist - DEBUG - Objective: 132226.3111
2016-08-02 18:23:21,714 - mnist - DEBUG - Objective: 101198.1416
2016-08-02 18:31:40,308 - mnist - DEBUG - Objective: 92936.5824
2016-08-02 18:40:16,705 - mnist - DEBUG - Objective: 80832.1668
2016-08-02 18:49:32,107 - mnist - DEBUG - Objective: 71553.0997
2016-08-02 18:58:25,485 - mnist - DEBUG - Objective: 62299.5875
2016-08-02 19:08:19,463 - mnist - DEBUG - Objective: 58908.6112
2016-08-02 19:19:34,381 - mnist - DEBUG - Objective: 54422.2449
2016-08-02 19:30:25,495 - mnist - DEBUG - Objective: 51200.3878
2016-08-02 19:41:39,028 - mnist - DEBUG - Objective: 47941.8749
2016-08-02 19:52:40,724 - mnist - DEBUG - Objective: 45842.2760
2016-08-02 20:03:39,479 - mnist - DEBUG - Objective: 44053.7535
2016-08-02 20:14:41,554 - mnist - DEBUG - Objective: 42477.1272
2016-08-02 20:24:47,768 - mnist - DEBUG - Objective: 40935.7865
2016-08-02 20:34:25,321 - mnist - DEBUG - Objective: 39978.8344
2016-08-02 20:44:02,718 - mnist - DEBUG - Objective: 39027.0191
2016-08-02 20:53:45,245 - mnist - DEBUG - Objective: 38106.8309
2016-08-02 21:03:22,355 - mnist - DEBUG - Objective: 37125.9679
2016-08-02 21:13:05,467 - mnist - DEBUG - Objective: 36502.4468
2016-08-02 21:22:46,800 - mnist - DEBUG - Objective: 35806.5489
2016-08-02 21:32:35,657 - mnist - DEBUG - Objective: 35138.2201
2016-08-02 21:42:37,690 - mnist - DEBUG - Objective: 34432.3373
2016-08-02 21:52:52,723 - mnist - DEBUG - Objective: 33802.8236
2016-08-02 22:02:36,844 - mnist - DEBUG - Objective: 33261.8976
2016-08-02 22:12:06,025 - mnist - DEBUG - Objective: 32590.7189
2016-08-02 22:21:48,129 - mnist - DEBUG - Objective: 31998.2907
2016-08-02 22:30:59,772 - mnist - DEBUG - Objective: 31502.0959
2016-08-02 22:40:28,920 - mnist - DEBUG - Objective: 30997.8829
2016-08-02 22:49:48,774 - mnist - DEBUG - Objective: 30485.6067
2016-08-02 22:59:13,717 - mnist - DEBUG - Objective: 30023.1984
2016-08-02 23:08:57,454 - mnist - DEBUG - Objective: 29580.8664
2016-08-02 23:18:15,190 - mnist - DEBUG - Objective: 29244.2663
2016-08-02 23:27:35,749 - mnist - DEBUG - Objective: 28877.1539
2016-08-02 23:37:00,195 - mnist - DEBUG - Objective: 28528.6679
2016-08-02 23:46:22,154 - mnist - DEBUG - Objective: 28287.1433
2016-08-02 23:55:37,442 - mnist - DEBUG - Objective: 28044.9185
2016-08-03 00:05:01,475 - mnist - DEBUG - Objective: 27788.8968
2016-08-03 00:14:56,899 - mnist - DEBUG - Objective: 27628.5354
2016-08-03 00:25:25,030 - mnist - DEBUG - Objective: 27466.6582
2016-08-03 00:36:09,144 - mnist - DEBUG - Objective: 27301.6326
2016-08-03 00:46:36,938 - mnist - DEBUG - Objective: 27185.9410
2016-08-03 00:56:36,829 - mnist - DEBUG - Objective: 27065.1078
2016-08-03 01:06:12,992 - mnist - DEBUG - Objective: 26957.4005
2016-08-03 01:15:27,576 - mnist - DEBUG - Objective: 26863.6182
2016-08-03 01:24:47,170 - mnist - DEBUG - Objective: 26796.9090
2016-08-03 01:34:04,211 - mnist - DEBUG - Objective: 26715.6275
2016-08-03 01:43:22,365 - mnist - DEBUG - Objective: 26650.5301
2016-08-03 01:52:38,498 - mnist - DEBUG - Objective: 26574.1487
2016-08-03 02:02:16,826 - mnist - DEBUG - Objective: 26505.5219
2016-08-03 02:12:29,197 - mnist - DEBUG - Objective: 26455.3971
2016-08-03 02:22:29,715 - mnist - DEBUG - Objective: 26403.1168
2016-08-03 02:32:15,381 - mnist - DEBUG - Objective: 26346.6207
2016-08-03 02:42:19,573 - mnist - DEBUG - Objective: 26289.0702
2016-08-03 02:52:07,919 - mnist - DEBUG - Objective: 26243.6225
2016-08-03 03:02:14,689 - mnist - DEBUG - Objective: 26202.6037
2016-08-03 03:12:13,297 - mnist - DEBUG - Objective: 26156.7535
2016-08-03 03:15:18,531 - mnist - INFO - Optimizing: hyp
2016-08-03 04:02:59,666 - mnist - DEBUG - Objective: 26153.2509
2016-08-03 04:49:17,392 - mnist - DEBUG - Objective: 34925.7818
2016-08-03 05:34:11,854 - mnist - DEBUG - Objective: 26081.9369
2016-08-03 06:18:50,197 - mnist - DEBUG - Objective: 26097.4218
2016-08-03 07:05:02,660 - mnist - DEBUG - Objective: 26100.1329
2016-08-03 07:49:57,633 - mnist - DEBUG - Objective: 26092.5582
2016-08-03 08:34:41,186 - mnist - DEBUG - Objective: 26098.5531
2016-08-03 08:34:41,186 - mnist - DEBUG - Objective: 26098.5531
2016-08-03 08:34:41,186 - mnist - DEBUG - Objective: 26098.5531
2016-08-03 08:34:45,919 - mnist - INFO - Iteration 2 started.
2016-08-03 08:34:46,095 - mnist - INFO - Optimizing: mog
2016-08-03 08:41:50,101 - mnist - DEBUG - Objective: 26093.1129
2016-08-03 08:49:13,376 - mnist - DEBUG - Objective: 26057.2756
2016-08-03 08:56:24,739 - mnist - DEBUG - Objective: 26043.8111
2016-08-03 09:03:40,100 - mnist - DEBUG - Objective: 26022.8606
2016-08-03 09:11:14,378 - mnist - DEBUG - Objective: 25994.7051
2016-08-03 09:18:32,649 - mnist - DEBUG - Objective: 25992.0476
2016-08-03 09:25:44,198 - mnist - DEBUG - Objective: 25980.6187
2016-08-03 09:32:59,221 - mnist - DEBUG - Objective: 25955.5622
2016-08-03 09:40:42,349 - mnist - DEBUG - Objective: 25932.3654
2016-08-03 09:48:37,649 - mnist - DEBUG - Objective: 25920.6124
2016-08-03 09:57:26,821 - mnist - DEBUG - Objective: 25884.1232
2016-08-03 10:07:14,625 - mnist - DEBUG - Objective: 25884.8619
2016-08-03 10:14:26,654 - mnist - DEBUG - Objective: 25889.1573
2016-08-03 10:21:40,519 - mnist - DEBUG - Objective: 25903.5234
2016-08-03 10:29:38,503 - mnist - DEBUG - Objective: 25901.6119
2016-08-03 10:37:02,337 - mnist - DEBUG - Objective: 25899.9295
2016-08-03 10:44:10,442 - mnist - DEBUG - Objective: 25896.4608
2016-08-03 10:51:11,347 - mnist - DEBUG - Objective: 25902.6576
2016-08-03 10:51:11,564 - mnist - DEBUG - Objective: 25902.6576
2016-08-03 10:52:25,002 - mnist - INFO - Optimizing: hyp
2016-08-03 11:36:46,200 - mnist - DEBUG - Objective: 25899.1429
2016-08-03 12:21:20,023 - mnist - DEBUG - Objective: 35569.1868
2016-08-03 13:07:24,707 - mnist - DEBUG - Objective: 25902.5122
2016-08-03 13:52:04,284 - mnist - DEBUG - Objective: 25894.2370
2016-08-03 14:36:37,465 - mnist - DEBUG - Objective: 25899.7078
2016-08-03 15:22:31,615 - mnist - DEBUG - Objective: 25895.6570
2016-08-03 16:07:09,610 - mnist - DEBUG - Objective: 25897.8637
2016-08-03 16:51:41,142 - mnist - DEBUG - Objective: 25900.2696
2016-08-03 17:36:13,657 - mnist - DEBUG - Objective: 25905.3609
2016-08-03 17:36:13,657 - mnist - DEBUG - Objective: 25905.3609
2016-08-03 17:36:13,657 - mnist - DEBUG - Objective: 25905.3609
2016-08-03 17:36:19,123 - mnist - DEBUG - Objective difference: 193.192153
2016-08-03 17:36:19,123 - mnist - INFO - Mean difference: 0.024588
2016-08-03 17:36:19,124 - mnist - INFO - Covariance difference: 0.000494
2016-08-03 17:36:19,124 - mnist - INFO - Iteration 3 started.
2016-08-03 17:36:19,140 - mnist - INFO - Optimizing: mog
2016-08-03 17:43:21,646 - mnist - DEBUG - Objective: 25915.9729
2016-08-03 17:50:42,886 - mnist - DEBUG - Objective: 25898.4474
2016-08-03 17:57:59,726 - mnist - DEBUG - Objective: 25887.2901
2016-08-03 18:05:11,018 - mnist - DEBUG - Objective: 25864.7430
2016-08-03 18:12:33,010 - mnist - DEBUG - Objective: 25859.8774
2016-08-03 18:19:33,306 - mnist - INFO - Interrupted by the user.
2016-08-03 18:19:33,307 - mnist - INFO - Last objective value: 25853.207464
2016-08-03 18:19:45,455 - mnist - DEBUG - prediction started...
2016-08-03 18:25:46,009 - mnist - DEBUG - prediction finished
