2016-01-28 22:22:57,239 - mining - INFO - experiment started for:{'run_id': 1, 'max_iter': 1, 'optimization_config': {'mog': 15000}, 'xtol': 0.001, 'git_hash': 'a89f7e60526a847e4cefa30be774ad3ee7bf41f8', 'model_init': None, 'ftol': 1e-05, 'latent_noise:': 0.001, 'sparsity_factor': 0.1, 'll': 'LogGaussianCox', 'sample_num': 2000, 'experiment': 'mining', 'git_branch': 'master', 'random_Z': True, 'method': u'full'}
2016-01-28 22:23:00,286 - mining - INFO - Iteration 0 started.
2016-01-28 22:23:00,286 - mining - INFO - MoG params
2016-01-28 22:23:02,258 - mining - DEBUG - objective:6830.3897
2016-01-28 22:23:04,308 - mining - DEBUG - objective:3794.5731
2016-01-28 22:23:05,934 - mining - DEBUG - objective:573.8823
2016-01-28 22:23:07,776 - mining - DEBUG - objective:571.3574
2016-01-28 22:23:09,615 - mining - DEBUG - objective:562.4506
2016-01-28 22:23:11,741 - mining - DEBUG - objective:509.4195
2016-01-28 22:23:13,412 - mining - DEBUG - objective:524.5033
2016-01-28 22:23:15,464 - mining - DEBUG - objective:482.7823
2016-01-28 22:23:17,311 - mining - DEBUG - objective:452.1997
2016-01-28 22:23:18,839 - mining - DEBUG - objective:434.9304
2016-01-28 22:23:20,630 - mining - DEBUG - objective:429.7579
2016-01-28 22:23:22,919 - mining - DEBUG - objective:434.0072
2016-01-28 22:23:24,757 - mining - DEBUG - objective:428.1634
2016-01-28 22:23:26,197 - mining - DEBUG - objective:425.3767
2016-01-28 22:23:27,960 - mining - DEBUG - objective:424.2034
2016-01-28 22:23:29,472 - mining - DEBUG - objective:423.1135
2016-01-28 22:23:31,707 - mining - DEBUG - objective:421.7866
2016-01-28 22:23:33,590 - mining - DEBUG - objective:420.7082
2016-01-28 22:23:35,328 - mining - DEBUG - objective:419.3308
2016-01-28 22:23:37,021 - mining - DEBUG - objective:418.4246
2016-01-28 22:23:38,761 - mining - DEBUG - objective:416.5310
2016-01-28 22:23:40,539 - mining - DEBUG - objective:414.9465
2016-01-28 22:23:42,747 - mining - DEBUG - objective:413.7513
2016-01-28 22:23:44,226 - mining - DEBUG - objective:412.4627
2016-01-28 22:23:46,048 - mining - DEBUG - objective:412.7496
2016-01-28 22:23:47,688 - mining - DEBUG - objective:411.9532
2016-01-28 22:23:49,257 - mining - DEBUG - objective:411.7495
2016-01-28 22:23:51,153 - mining - DEBUG - objective:411.5872
2016-01-28 22:23:52,819 - mining - DEBUG - objective:411.4067
2016-01-28 22:23:54,680 - mining - DEBUG - objective:411.1787
2016-01-28 22:23:56,621 - mining - DEBUG - objective:410.9472
2016-01-28 22:23:58,860 - mining - DEBUG - objective:410.7890
2016-01-28 22:24:00,420 - mining - DEBUG - objective:410.6499
2016-01-28 22:24:02,817 - mining - DEBUG - objective:410.5868
2016-01-28 22:24:04,515 - mining - DEBUG - objective:410.5235
2016-01-28 22:24:06,733 - mining - DEBUG - objective:410.4375
2016-01-28 22:24:08,961 - mining - DEBUG - objective:410.3817
2016-01-28 22:24:10,904 - mining - DEBUG - objective:410.3232
2016-01-28 22:24:12,800 - mining - DEBUG - objective:410.2018
2016-01-28 22:24:14,778 - mining - DEBUG - objective:410.1557
2016-01-28 22:24:16,203 - mining - DEBUG - objective:410.1081
2016-01-28 22:24:18,826 - mining - DEBUG - objective:410.0500
2016-01-28 22:24:20,997 - mining - DEBUG - objective:410.0164
2016-01-28 22:24:23,305 - mining - DEBUG - objective:409.9663
2016-01-28 22:24:24,958 - mining - DEBUG - objective:409.9336
2016-01-28 22:24:26,618 - mining - DEBUG - objective:409.9123
2016-01-28 22:24:28,803 - mining - DEBUG - objective:409.9017
2016-01-28 22:24:30,495 - mining - DEBUG - objective:409.8911
2016-01-28 22:24:32,260 - mining - DEBUG - objective:409.8789
2016-01-28 22:24:34,388 - mining - DEBUG - objective:409.8676
2016-01-28 22:24:36,185 - mining - DEBUG - objective:409.8533
2016-01-28 22:24:38,929 - mining - DEBUG - objective:409.8367
2016-01-28 22:24:40,613 - mining - DEBUG - objective:409.8219
2016-01-28 22:24:42,352 - mining - DEBUG - objective:409.8113
2016-01-28 22:24:43,988 - mining - DEBUG - objective:409.8035
2016-01-28 22:24:46,006 - mining - DEBUG - objective:409.7966
2016-01-28 22:24:47,351 - mining - DEBUG - objective:409.7879
2016-01-28 22:24:50,044 - mining - DEBUG - objective:409.7821
2016-01-28 22:24:52,038 - mining - DEBUG - objective:409.7778
2016-01-28 22:24:53,811 - mining - DEBUG - objective:409.7742
2016-01-28 22:24:54,809 - mining - DEBUG - objective:409.7710
2016-01-28 22:24:57,012 - mining - DEBUG - objective:409.7687
2016-01-28 22:24:57,965 - mining - DEBUG - objective:409.7661
2016-01-28 22:24:59,613 - mining - DEBUG - objective:409.7628
2016-01-28 22:25:01,332 - mining - DEBUG - objective:409.7586
2016-01-28 22:25:03,244 - mining - DEBUG - objective:409.7551
2016-01-28 22:25:05,082 - mining - DEBUG - objective:409.7512
2016-01-28 22:25:07,015 - mining - DEBUG - objective:409.7472
2016-01-28 22:25:08,532 - mining - DEBUG - objective:409.7440
2016-01-28 22:25:10,222 - mining - DEBUG - objective:409.7408
2016-01-28 22:25:12,267 - mining - DEBUG - objective:409.7396
2016-01-28 22:25:14,258 - mining - DEBUG - objective:409.7378
2016-01-28 22:25:16,127 - mining - DEBUG - objective:409.7354
2016-01-28 22:25:18,037 - mining - DEBUG - objective:409.7334
2016-01-28 22:25:20,068 - mining - DEBUG - objective:409.7326
2016-01-28 22:25:21,748 - mining - DEBUG - objective:409.7313
2016-01-28 22:25:23,578 - mining - DEBUG - objective:409.7304
2016-01-28 22:25:25,408 - mining - DEBUG - objective:409.7294
2016-01-28 22:25:27,112 - mining - DEBUG - objective:409.7287
2016-01-28 22:25:29,197 - mining - DEBUG - objective:409.7282
2016-01-28 22:25:31,484 - mining - DEBUG - objective:409.7281
2016-01-28 22:25:33,576 - mining - DEBUG - objective:409.7276
2016-01-28 22:25:35,589 - mining - DEBUG - objective:409.7275
2016-01-28 22:25:37,415 - mining - DEBUG - objective:409.7274
2016-01-28 22:25:39,599 - mining - DEBUG - objective:409.7274
2016-01-28 22:25:41,942 - mining - DEBUG - objective:409.7273
2016-01-28 22:25:43,851 - mining - DEBUG - objective:409.7272
2016-01-28 22:25:46,146 - mining - DEBUG - objective:409.7272
2016-01-28 22:25:47,810 - mining - DEBUG - objective:409.7271
2016-01-28 22:25:49,808 - mining - DEBUG - objective:409.7270
2016-01-28 22:25:51,662 - mining - DEBUG - objective:409.7270
2016-01-28 22:25:53,803 - mining - DEBUG - objective:409.7268
2016-01-28 22:25:56,028 - mining - DEBUG - objective:409.7267
2016-01-28 22:25:58,399 - mining - DEBUG - objective:409.7266
2016-01-28 22:26:00,455 - mining - DEBUG - objective:409.7268
2016-01-28 22:26:02,800 - mining - DEBUG - objective:409.7266
2016-01-28 22:26:04,696 - mining - DEBUG - objective:409.7266
2016-01-28 22:26:06,699 - mining - DEBUG - objective:409.7266
2016-01-28 22:26:08,467 - mining - DEBUG - objective:409.7266
2016-01-28 22:26:10,456 - mining - DEBUG - objective:409.7266
2016-01-28 22:26:12,540 - mining - DEBUG - objective:409.7266
2016-01-28 22:26:14,700 - mining - DEBUG - objective:409.7266
2016-01-28 22:26:16,468 - mining - DEBUG - objective:409.7266
2016-01-28 22:26:18,716 - mining - DEBUG - objective:409.7266
2016-01-28 22:26:20,506 - mining - DEBUG - objective:409.7266
2016-01-28 22:26:22,630 - mining - DEBUG - objective:409.7266
2016-01-28 22:26:24,738 - mining - DEBUG - objective:409.7266
2016-01-28 22:26:27,185 - mining - DEBUG - objective:409.7266
2016-01-28 22:26:29,434 - mining - DEBUG - objective:409.7266
2016-01-28 22:26:31,149 - mining - DEBUG - objective:409.7266
2016-01-28 22:26:33,040 - mining - DEBUG - objective:409.7267
2016-01-28 22:26:34,362 - mining - DEBUG - objective:409.7266
2016-01-28 22:26:35,808 - mining - DEBUG - objective:409.7268
2016-01-28 22:26:37,593 - mining - DEBUG - objective:409.7266
2016-01-28 22:26:39,479 - mining - DEBUG - objective:409.7266
2016-01-28 22:26:41,367 - mining - DEBUG - objective:409.7266
2016-01-28 22:26:43,360 - mining - DEBUG - objective:409.7266
2016-01-28 22:26:45,369 - mining - DEBUG - objective:409.7266
2016-01-28 22:26:47,155 - mining - DEBUG - objective:409.7266
2016-01-28 22:26:49,376 - mining - DEBUG - objective:409.7266
2016-01-28 22:26:51,071 - mining - DEBUG - objective:409.7266
2016-01-28 22:26:53,076 - mining - DEBUG - objective:409.7266
2016-01-28 22:26:54,981 - mining - DEBUG - objective:409.7266
2016-01-28 22:26:56,947 - mining - DEBUG - objective:409.7266
2016-01-28 22:26:58,758 - mining - DEBUG - objective:409.7266
2016-01-28 22:27:00,792 - mining - DEBUG - objective:409.7266
2016-01-28 22:27:02,345 - mining - DEBUG - objective:409.7266
2016-01-28 22:27:04,175 - mining - DEBUG - objective:409.7266
2016-01-28 22:27:04,189 - mining - INFO - Saving model...
2016-01-28 22:27:04,206 - mining - INFO - Model saved.
2016-01-28 22:27:04,215 - mining - DEBUG - prediction started...
2016-01-28 22:27:04,316 - mining - DEBUG - prediction finished
2016-01-28 22:27:04,726 - mining - INFO - experiment started for:{'run_id': 1, 'max_iter': 1, 'optimization_config': {'mog': 15000}, 'xtol': 0.001, 'git_hash': 'a89f7e60526a847e4cefa30be774ad3ee7bf41f8', 'model_init': None, 'ftol': 1e-05, 'latent_noise:': 0.001, 'sparsity_factor': 0.5, 'll': 'LogGaussianCox', 'sample_num': 2000, 'experiment': 'mining', 'git_branch': 'master', 'random_Z': True, 'method': u'full'}
2016-01-28 22:27:08,417 - mining - INFO - Iteration 0 started.
2016-01-28 22:27:08,423 - mining - INFO - MoG params
2016-01-28 22:27:11,709 - mining - DEBUG - objective:52655.7040
2016-01-28 22:27:14,632 - mining - DEBUG - objective:42938.0490
2016-01-28 22:27:16,865 - mining - DEBUG - objective:14056.5374
2016-01-28 22:27:19,696 - mining - DEBUG - objective:370.9475
2016-01-28 22:27:21,982 - mining - DEBUG - objective:359.7933
2016-01-28 22:27:24,646 - mining - DEBUG - objective:337.7474
2016-01-28 22:27:27,511 - mining - DEBUG - objective:328.3986
2016-01-28 22:27:29,720 - mining - DEBUG - objective:325.5681
2016-01-28 22:27:32,352 - mining - DEBUG - objective:321.3328
2016-01-28 22:27:35,087 - mining - DEBUG - objective:313.0774
2016-01-28 22:27:37,285 - mining - DEBUG - objective:293.8858
2016-01-28 22:27:39,530 - mining - DEBUG - objective:260.8594
2016-01-28 22:27:42,173 - mining - DEBUG - objective:215.5963
2016-01-28 22:27:44,598 - mining - DEBUG - objective:245.4919
2016-01-28 22:27:47,725 - mining - DEBUG - objective:206.5767
2016-01-28 22:27:50,318 - mining - DEBUG - objective:186.0173
2016-01-28 22:27:53,358 - mining - DEBUG - objective:182.1162
2016-01-28 22:27:56,101 - mining - DEBUG - objective:180.4153
2016-01-28 22:27:58,731 - mining - DEBUG - objective:179.6211
2016-01-28 22:28:01,225 - mining - DEBUG - objective:176.9969
2016-01-28 22:28:04,293 - mining - DEBUG - objective:175.2219
2016-01-28 22:28:06,802 - mining - DEBUG - objective:174.5637
2016-01-28 22:28:09,437 - mining - DEBUG - objective:174.2512
2016-01-28 22:28:11,953 - mining - DEBUG - objective:173.9763
2016-01-28 22:28:14,214 - mining - DEBUG - objective:173.8071
2016-01-28 22:28:16,994 - mining - DEBUG - objective:173.4535
2016-01-28 22:28:19,429 - mining - DEBUG - objective:173.1680
2016-01-28 22:28:21,928 - mining - DEBUG - objective:172.8442
2016-01-28 22:28:24,802 - mining - DEBUG - objective:172.3834
2016-01-28 22:28:27,712 - mining - DEBUG - objective:173.2364
2016-01-28 22:28:30,097 - mining - DEBUG - objective:172.1401
2016-01-28 22:28:32,899 - mining - DEBUG - objective:171.7339
2016-01-28 22:28:35,138 - mining - DEBUG - objective:171.4715
2016-01-28 22:28:37,746 - mining - DEBUG - objective:170.8931
2016-01-28 22:28:40,692 - mining - DEBUG - objective:170.1389
2016-01-28 22:28:43,594 - mining - DEBUG - objective:169.2407
2016-01-28 22:28:45,989 - mining - DEBUG - objective:168.3744
2016-01-28 22:28:48,706 - mining - DEBUG - objective:167.6976
2016-01-28 22:28:51,339 - mining - DEBUG - objective:167.2929
2016-01-28 22:28:53,818 - mining - DEBUG - objective:166.7245
2016-01-28 22:28:56,024 - mining - DEBUG - objective:166.0116
2016-01-28 22:28:58,679 - mining - DEBUG - objective:165.5425
2016-01-28 22:29:00,823 - mining - DEBUG - objective:165.1365
2016-01-28 22:29:03,380 - mining - DEBUG - objective:164.6042
2016-01-28 22:29:05,733 - mining - DEBUG - objective:164.3640
2016-01-28 22:29:08,123 - mining - DEBUG - objective:164.1654
2016-01-28 22:29:10,833 - mining - DEBUG - objective:164.4355
2016-01-28 22:29:13,054 - mining - DEBUG - objective:164.0657
2016-01-28 22:29:16,290 - mining - DEBUG - objective:163.9314
2016-01-28 22:29:18,897 - mining - DEBUG - objective:163.6917
2016-01-28 22:29:21,407 - mining - DEBUG - objective:163.5615
2016-01-28 22:29:23,788 - mining - DEBUG - objective:163.3972
2016-01-28 22:29:26,141 - mining - DEBUG - objective:163.2008
2016-01-28 22:29:29,506 - mining - DEBUG - objective:163.0567
2016-01-28 22:29:32,151 - mining - DEBUG - objective:162.9344
2016-01-28 22:29:34,989 - mining - DEBUG - objective:162.8614
2016-01-28 22:29:37,479 - mining - DEBUG - objective:162.7618
2016-01-28 22:29:40,246 - mining - DEBUG - objective:162.6678
2016-01-28 22:29:43,228 - mining - DEBUG - objective:162.5603
2016-01-28 22:29:45,814 - mining - DEBUG - objective:162.5049
2016-01-28 22:29:48,582 - mining - DEBUG - objective:162.4818
2016-01-28 22:29:50,631 - mining - DEBUG - objective:162.4523
2016-01-28 22:29:53,400 - mining - DEBUG - objective:162.4150
2016-01-28 22:29:55,944 - mining - DEBUG - objective:162.3858
2016-01-28 22:29:59,061 - mining - DEBUG - objective:162.3669
2016-01-28 22:30:01,493 - mining - DEBUG - objective:162.3489
2016-01-28 22:30:03,918 - mining - DEBUG - objective:162.3150
2016-01-28 22:30:06,435 - mining - DEBUG - objective:162.2934
2016-01-28 22:30:09,552 - mining - DEBUG - objective:162.2679
2016-01-28 22:30:11,739 - mining - DEBUG - objective:162.2244
2016-01-28 22:30:14,400 - mining - DEBUG - objective:162.2236
2016-01-28 22:30:16,599 - mining - DEBUG - objective:162.1940
2016-01-28 22:30:19,414 - mining - DEBUG - objective:162.1533
2016-01-28 22:30:21,854 - mining - DEBUG - objective:162.1329
2016-01-28 22:30:23,696 - mining - DEBUG - objective:162.1081
2016-01-28 22:30:26,447 - mining - DEBUG - objective:162.0861
2016-01-28 22:30:28,892 - mining - DEBUG - objective:162.0600
2016-01-28 22:30:31,213 - mining - DEBUG - objective:162.0161
2016-01-28 22:30:33,901 - mining - DEBUG - objective:162.0097
2016-01-28 22:30:36,453 - mining - DEBUG - objective:161.9900
2016-01-28 22:30:38,566 - mining - DEBUG - objective:161.9795
2016-01-28 22:30:41,003 - mining - DEBUG - objective:161.9682
2016-01-28 22:30:43,380 - mining - DEBUG - objective:161.9522
2016-01-28 22:30:46,187 - mining - DEBUG - objective:161.9618
2016-01-28 22:30:48,714 - mining - DEBUG - objective:161.9410
2016-01-28 22:30:51,657 - mining - DEBUG - objective:161.9253
2016-01-28 22:30:53,904 - mining - DEBUG - objective:161.9171
2016-01-28 22:30:56,183 - mining - DEBUG - objective:161.9101
2016-01-28 22:30:58,466 - mining - DEBUG - objective:161.9014
2016-01-28 22:31:00,890 - mining - DEBUG - objective:161.8927
2016-01-28 22:31:02,914 - mining - DEBUG - objective:161.8786
2016-01-28 22:31:05,488 - mining - DEBUG - objective:161.8721
2016-01-28 22:31:07,990 - mining - DEBUG - objective:161.8668
2016-01-28 22:31:10,532 - mining - DEBUG - objective:161.8574
2016-01-28 22:31:12,452 - mining - DEBUG - objective:161.8507
2016-01-28 22:31:14,470 - mining - DEBUG - objective:161.8392
2016-01-28 22:31:16,483 - mining - DEBUG - objective:161.8321
2016-01-28 22:31:18,809 - mining - DEBUG - objective:161.8275
2016-01-28 22:31:20,690 - mining - DEBUG - objective:161.8242
2016-01-28 22:31:22,812 - mining - DEBUG - objective:161.8189
2016-01-28 22:31:24,645 - mining - DEBUG - objective:161.8108
2016-01-28 22:31:27,130 - mining - DEBUG - objective:161.8033
2016-01-28 22:31:29,466 - mining - DEBUG - objective:161.7984
2016-01-28 22:31:31,564 - mining - DEBUG - objective:161.7949
2016-01-28 22:31:33,830 - mining - DEBUG - objective:161.7922
2016-01-28 22:31:36,012 - mining - DEBUG - objective:161.7855
2016-01-28 22:31:38,558 - mining - DEBUG - objective:161.7850
2016-01-28 22:31:40,890 - mining - DEBUG - objective:161.7821
2016-01-28 22:31:42,734 - mining - DEBUG - objective:161.7778
2016-01-28 22:31:44,831 - mining - DEBUG - objective:161.7714
2016-01-28 22:31:47,394 - mining - DEBUG - objective:161.7690
2016-01-28 22:31:49,362 - mining - DEBUG - objective:161.7649
2016-01-28 22:31:51,854 - mining - DEBUG - objective:161.7624
2016-01-28 22:31:53,757 - mining - DEBUG - objective:161.7603
2016-01-28 22:31:56,562 - mining - DEBUG - objective:161.7563
2016-01-28 22:31:58,670 - mining - DEBUG - objective:161.7565
2016-01-28 22:32:00,673 - mining - DEBUG - objective:161.7536
2016-01-28 22:32:03,091 - mining - DEBUG - objective:161.7503
2016-01-28 22:32:05,105 - mining - DEBUG - objective:161.7466
2016-01-28 22:32:07,898 - mining - DEBUG - objective:161.7432
2016-01-28 22:32:10,210 - mining - DEBUG - objective:161.7394
2016-01-28 22:32:12,384 - mining - DEBUG - objective:161.7351
2016-01-28 22:32:14,534 - mining - DEBUG - objective:161.7333
2016-01-28 22:32:16,712 - mining - DEBUG - objective:161.7310
2016-01-28 22:32:19,134 - mining - DEBUG - objective:161.7287
2016-01-28 22:32:21,870 - mining - DEBUG - objective:161.7269
2016-01-28 22:32:24,214 - mining - DEBUG - objective:161.7248
2016-01-28 22:32:27,013 - mining - DEBUG - objective:161.7222
2016-01-28 22:32:29,218 - mining - DEBUG - objective:161.7202
2016-01-28 22:32:31,599 - mining - DEBUG - objective:161.7181
2016-01-28 22:32:33,646 - mining - DEBUG - objective:161.7163
2016-01-28 22:32:36,316 - mining - DEBUG - objective:161.7145
2016-01-28 22:32:38,524 - mining - DEBUG - objective:161.7133
2016-01-28 22:32:40,952 - mining - DEBUG - objective:161.7121
2016-01-28 22:32:43,116 - mining - DEBUG - objective:161.7112
2016-01-28 22:32:45,265 - mining - DEBUG - objective:161.7103
2016-01-28 22:32:47,542 - mining - DEBUG - objective:161.7095
2016-01-28 22:32:49,972 - mining - DEBUG - objective:161.7085
2016-01-28 22:32:52,076 - mining - DEBUG - objective:161.7088
2016-01-28 22:32:54,478 - mining - DEBUG - objective:161.7079
2016-01-28 22:32:56,478 - mining - DEBUG - objective:161.7072
2016-01-28 22:32:58,714 - mining - DEBUG - objective:161.7063
2016-01-28 22:33:00,969 - mining - DEBUG - objective:161.7060
2016-01-28 22:33:02,770 - mining - DEBUG - objective:161.7051
2016-01-28 22:33:04,906 - mining - DEBUG - objective:161.7043
2016-01-28 22:33:07,220 - mining - DEBUG - objective:161.7036
2016-01-28 22:33:09,312 - mining - DEBUG - objective:161.7026
2016-01-28 22:33:11,705 - mining - DEBUG - objective:161.7022
2016-01-28 22:33:13,769 - mining - DEBUG - objective:161.7013
2016-01-28 22:33:15,910 - mining - DEBUG - objective:161.7010
2016-01-28 22:33:18,268 - mining - DEBUG - objective:161.7004
2016-01-28 22:33:19,838 - mining - DEBUG - objective:161.7001
2016-01-28 22:33:21,952 - mining - DEBUG - objective:161.6995
2016-01-28 22:33:23,846 - mining - DEBUG - objective:161.6991
2016-01-28 22:33:26,790 - mining - DEBUG - objective:161.6987
2016-01-28 22:33:28,072 - mining - DEBUG - objective:161.6984
2016-01-28 22:33:30,234 - mining - DEBUG - objective:161.6979
2016-01-28 22:33:32,310 - mining - DEBUG - objective:161.6974
2016-01-28 22:33:35,111 - mining - DEBUG - objective:161.6970
2016-01-28 22:33:37,330 - mining - DEBUG - objective:161.6965
2016-01-28 22:33:39,788 - mining - DEBUG - objective:161.6957
2016-01-28 22:33:41,806 - mining - DEBUG - objective:161.6955
2016-01-28 22:33:44,467 - mining - DEBUG - objective:161.6950
2016-01-28 22:33:46,682 - mining - DEBUG - objective:161.6947
2016-01-28 22:33:49,356 - mining - DEBUG - objective:161.6943
2016-01-28 22:33:51,293 - mining - DEBUG - objective:161.6942
2016-01-28 22:33:53,846 - mining - DEBUG - objective:161.6939
2016-01-28 22:33:55,890 - mining - DEBUG - objective:161.6937
2016-01-28 22:33:58,339 - mining - DEBUG - objective:161.6936
2016-01-28 22:34:00,628 - mining - DEBUG - objective:161.6934
2016-01-28 22:34:02,976 - mining - DEBUG - objective:161.6932
2016-01-28 22:34:05,277 - mining - DEBUG - objective:161.6930
2016-01-28 22:34:07,326 - mining - DEBUG - objective:161.6929
2016-01-28 22:34:09,274 - mining - DEBUG - objective:161.6928
2016-01-28 22:34:11,554 - mining - DEBUG - objective:161.6927
2016-01-28 22:34:13,639 - mining - DEBUG - objective:161.6926
2016-01-28 22:34:16,013 - mining - DEBUG - objective:161.6924
2016-01-28 22:34:17,978 - mining - DEBUG - objective:161.6923
2016-01-28 22:34:20,636 - mining - DEBUG - objective:161.6922
2016-01-28 22:34:22,422 - mining - DEBUG - objective:161.6921
2016-01-28 22:34:24,686 - mining - DEBUG - objective:161.6920
2016-01-28 22:34:27,042 - mining - DEBUG - objective:161.6919
2016-01-28 22:34:29,177 - mining - DEBUG - objective:161.6918
2016-01-28 22:34:31,205 - mining - DEBUG - objective:161.6917
2016-01-28 22:34:33,698 - mining - DEBUG - objective:161.6916
2016-01-28 22:34:36,024 - mining - DEBUG - objective:161.6915
2016-01-28 22:34:38,107 - mining - DEBUG - objective:161.6914
2016-01-28 22:34:40,430 - mining - DEBUG - objective:161.6914
2016-01-28 22:34:43,035 - mining - DEBUG - objective:161.6912
2016-01-28 22:34:44,840 - mining - DEBUG - objective:161.6912
2016-01-28 22:34:46,929 - mining - DEBUG - objective:161.6911
2016-01-28 22:34:49,246 - mining - DEBUG - objective:161.6910
2016-01-28 22:34:51,148 - mining - DEBUG - objective:161.6909
2016-01-28 22:34:53,386 - mining - DEBUG - objective:161.6908
2016-01-28 22:34:55,469 - mining - DEBUG - objective:161.6908
2016-01-28 22:34:57,306 - mining - DEBUG - objective:161.6907
2016-01-28 22:34:59,796 - mining - DEBUG - objective:161.6906
2016-01-28 22:35:01,611 - mining - DEBUG - objective:161.6906
2016-01-28 22:35:04,327 - mining - DEBUG - objective:161.6905
2016-01-28 22:35:06,472 - mining - DEBUG - objective:161.6905
2016-01-28 22:35:08,812 - mining - DEBUG - objective:161.6904
2016-01-28 22:35:10,964 - mining - DEBUG - objective:161.6904
2016-01-28 22:35:13,298 - mining - DEBUG - objective:161.6904
2016-01-28 22:35:15,414 - mining - DEBUG - objective:161.6904
2016-01-28 22:35:17,598 - mining - DEBUG - objective:161.6903
2016-01-28 22:35:20,053 - mining - DEBUG - objective:161.6903
2016-01-28 22:35:21,689 - mining - DEBUG - objective:161.6903
2016-01-28 22:35:24,265 - mining - DEBUG - objective:161.6902
2016-01-28 22:35:26,323 - mining - DEBUG - objective:161.6902
2016-01-28 22:35:28,663 - mining - DEBUG - objective:161.6901
2016-01-28 22:35:30,819 - mining - DEBUG - objective:161.6901
2016-01-28 22:35:33,406 - mining - DEBUG - objective:161.6901
2016-01-28 22:35:35,479 - mining - DEBUG - objective:161.6901
2016-01-28 22:35:37,206 - mining - DEBUG - objective:161.6901
2016-01-28 22:35:39,468 - mining - DEBUG - objective:161.6901
2016-01-28 22:35:41,986 - mining - DEBUG - objective:161.6901
2016-01-28 22:35:43,698 - mining - DEBUG - objective:161.6901
2016-01-28 22:35:45,877 - mining - DEBUG - objective:161.6901
2016-01-28 22:35:48,052 - mining - DEBUG - objective:161.6901
2016-01-28 22:35:50,206 - mining - DEBUG - objective:161.6901
2016-01-28 22:35:52,145 - mining - DEBUG - objective:161.6901
2016-01-28 22:35:54,960 - mining - DEBUG - objective:161.6901
2016-01-28 22:35:56,992 - mining - DEBUG - objective:161.6901
2016-01-28 22:35:59,406 - mining - DEBUG - objective:161.6901
2016-01-28 22:36:01,308 - mining - DEBUG - objective:161.6901
2016-01-28 22:36:03,314 - mining - DEBUG - objective:161.6901
2016-01-28 22:36:05,486 - mining - DEBUG - objective:161.6901
2016-01-28 22:36:07,713 - mining - DEBUG - objective:161.6901
2016-01-28 22:36:09,619 - mining - DEBUG - objective:161.6901
2016-01-28 22:36:11,515 - mining - DEBUG - objective:161.6901
2016-01-28 22:36:13,442 - mining - DEBUG - objective:161.6901
2016-01-28 22:36:15,498 - mining - DEBUG - objective:161.6901
2016-01-28 22:36:17,461 - mining - DEBUG - objective:161.6901
2016-01-28 22:36:19,400 - mining - DEBUG - objective:161.6901
2016-01-28 22:36:21,798 - mining - DEBUG - objective:161.6901
2016-01-28 22:36:23,662 - mining - DEBUG - objective:161.6901
2016-01-28 22:36:25,498 - mining - DEBUG - objective:161.6901
2016-01-28 22:36:27,692 - mining - DEBUG - objective:161.6901
2016-01-28 22:36:29,690 - mining - DEBUG - objective:161.6901
2016-01-28 22:36:31,591 - mining - DEBUG - objective:161.6902
2016-01-28 22:36:33,786 - mining - DEBUG - objective:161.6901
2016-01-28 22:36:35,821 - mining - DEBUG - objective:161.6901
2016-01-28 22:36:37,920 - mining - DEBUG - objective:161.6901
2016-01-28 22:36:39,987 - mining - DEBUG - objective:161.6901
2016-01-28 22:36:42,069 - mining - DEBUG - objective:161.6901
2016-01-28 22:36:44,362 - mining - DEBUG - objective:161.6901
2016-01-28 22:36:46,624 - mining - DEBUG - objective:161.6901
2016-01-28 22:36:48,853 - mining - DEBUG - objective:161.6901
2016-01-28 22:36:50,729 - mining - DEBUG - objective:161.6901
2016-01-28 22:36:52,724 - mining - DEBUG - objective:161.6901
2016-01-28 22:36:54,659 - mining - DEBUG - objective:161.6901
2016-01-28 22:36:56,563 - mining - DEBUG - objective:161.6901
2016-01-28 22:36:58,505 - mining - DEBUG - objective:161.6901
2016-01-28 22:37:00,274 - mining - DEBUG - objective:161.6901
2016-01-28 22:37:02,002 - mining - DEBUG - objective:161.6901
2016-01-28 22:37:03,680 - mining - DEBUG - objective:161.6901
2016-01-28 22:37:05,187 - mining - DEBUG - objective:161.6901
2016-01-28 22:37:06,794 - mining - DEBUG - objective:161.6901
2016-01-28 22:37:08,105 - mining - DEBUG - objective:161.6901
2016-01-28 22:37:09,946 - mining - DEBUG - objective:161.9564
2016-01-28 22:37:11,461 - mining - DEBUG - objective:161.6901
2016-01-28 22:37:12,943 - mining - DEBUG - objective:161.6901
2016-01-28 22:37:14,374 - mining - DEBUG - objective:161.6901
2016-01-28 22:37:16,013 - mining - DEBUG - objective:161.6901
2016-01-28 22:37:17,914 - mining - DEBUG - objective:161.6901
2016-01-28 22:37:19,454 - mining - DEBUG - objective:161.6901
2016-01-28 22:37:21,210 - mining - DEBUG - objective:161.6901
2016-01-28 22:37:22,770 - mining - DEBUG - objective:161.6901
2016-01-28 22:37:24,179 - mining - DEBUG - objective:161.6901
2016-01-28 22:37:25,525 - mining - DEBUG - objective:161.6901
2016-01-28 22:37:27,013 - mining - DEBUG - objective:161.6901
2016-01-28 22:37:28,584 - mining - DEBUG - objective:161.6901
2016-01-28 22:37:30,188 - mining - DEBUG - objective:161.6901
2016-01-28 22:37:31,649 - mining - DEBUG - objective:161.6901
2016-01-28 22:37:31,779 - mining - DEBUG - objective:161.6901
2016-01-28 22:37:33,615 - mining - DEBUG - objective:161.6901
2016-01-28 22:37:35,420 - mining - DEBUG - objective:161.6901
2016-01-28 22:37:37,237 - mining - DEBUG - objective:161.6901
2016-01-28 22:37:38,840 - mining - DEBUG - objective:161.6901
2016-01-28 22:37:40,374 - mining - DEBUG - objective:161.6901
2016-01-28 22:37:41,925 - mining - DEBUG - objective:161.6901
2016-01-28 22:37:43,490 - mining - DEBUG - objective:161.6901
2016-01-28 22:37:45,120 - mining - DEBUG - objective:161.6901
2016-01-28 22:37:46,685 - mining - DEBUG - objective:161.6901
2016-01-28 22:37:47,944 - mining - DEBUG - objective:161.6901
2016-01-28 22:37:49,912 - mining - DEBUG - objective:161.6901
2016-01-28 22:37:51,510 - mining - DEBUG - objective:161.6901
2016-01-28 22:37:53,186 - mining - DEBUG - objective:161.6901
2016-01-28 22:37:54,844 - mining - DEBUG - objective:161.6901
2016-01-28 22:37:56,486 - mining - DEBUG - objective:161.6901
2016-01-28 22:37:58,279 - mining - DEBUG - objective:161.6901
2016-01-28 22:37:59,761 - mining - DEBUG - objective:161.6901
2016-01-28 22:38:01,537 - mining - DEBUG - objective:161.6901
2016-01-28 22:38:03,090 - mining - DEBUG - objective:161.6901
2016-01-28 22:38:04,912 - mining - DEBUG - objective:161.6901
2016-01-28 22:38:06,426 - mining - DEBUG - objective:161.6901
2016-01-28 22:38:08,125 - mining - DEBUG - objective:161.6901
2016-01-28 22:38:09,545 - mining - DEBUG - objective:161.6901
2016-01-28 22:38:11,199 - mining - DEBUG - objective:161.6901
2016-01-28 22:38:12,682 - mining - DEBUG - objective:161.6901
2016-01-28 22:38:14,182 - mining - DEBUG - objective:161.6901
2016-01-28 22:38:15,910 - mining - DEBUG - objective:161.6901
2016-01-28 22:38:17,213 - mining - DEBUG - objective:161.6901
2016-01-28 22:38:18,778 - mining - DEBUG - objective:161.6901
2016-01-28 22:38:20,129 - mining - DEBUG - objective:161.6901
2016-01-28 22:38:21,938 - mining - DEBUG - objective:161.6901
2016-01-28 22:38:23,751 - mining - DEBUG - objective:161.6901
2016-01-28 22:38:25,186 - mining - DEBUG - objective:161.6901
2016-01-28 22:38:26,606 - mining - DEBUG - objective:161.6901
2016-01-28 22:38:28,330 - mining - DEBUG - objective:161.6901
2016-01-28 22:38:29,980 - mining - DEBUG - objective:161.6901
2016-01-28 22:38:31,788 - mining - DEBUG - objective:161.6901
2016-01-28 22:38:33,401 - mining - DEBUG - objective:161.6901
2016-01-28 22:38:34,820 - mining - DEBUG - objective:162.2125
2016-01-28 22:38:36,446 - mining - DEBUG - objective:161.6901
2016-01-28 22:38:37,754 - mining - DEBUG - objective:161.6901
2016-01-28 22:38:39,230 - mining - DEBUG - objective:161.6901
2016-01-28 22:38:40,866 - mining - DEBUG - objective:161.6901
2016-01-28 22:38:42,330 - mining - DEBUG - objective:161.6901
2016-01-28 22:38:43,833 - mining - DEBUG - objective:161.6901
2016-01-28 22:38:45,525 - mining - DEBUG - objective:161.6901
2016-01-28 22:38:47,079 - mining - DEBUG - objective:161.6901
2016-01-28 22:38:48,982 - mining - DEBUG - objective:161.6901
2016-01-28 22:38:50,597 - mining - DEBUG - objective:161.6901
2016-01-28 22:38:52,086 - mining - DEBUG - objective:161.6901
2016-01-28 22:38:53,704 - mining - DEBUG - objective:161.6901
2016-01-28 22:38:55,210 - mining - DEBUG - objective:161.6901
2016-01-28 22:38:57,001 - mining - DEBUG - objective:161.6901
2016-01-28 22:38:58,502 - mining - DEBUG - objective:161.6901
2016-01-28 22:39:00,239 - mining - DEBUG - objective:161.6901
2016-01-28 22:39:01,740 - mining - DEBUG - objective:161.6901
2016-01-28 22:39:01,875 - mining - DEBUG - objective:161.6901
2016-01-28 22:39:03,505 - mining - INFO - Saving model...
2016-01-28 22:39:03,889 - mining - INFO - Model saved.
2016-01-28 22:39:03,895 - mining - DEBUG - prediction started...
2016-01-28 22:39:04,030 - mining - DEBUG - prediction finished
