2016-07-21 01:03:00,325 - sarcos - INFO - experiment started for:{'run_id': 0, 'max_iter': 200, 'optimization_config': {'hyp': 10, 'll': 10, 'mog': 50}, 'xtol': 1e-07, 'git_hash': '5edc0d6857cfb1d942b413dea0f2e297c22c9e92', 'model_init': None, 'ftol': 5, 'latent_noise:': 0.001, 'sparsity_factor': 0.001, 'll': 'CogLL', 'sample_num': 100, 'experiment': 'sarcos', 'git_branch': 'master', 'random_Z': True, 'method': 'full'}
2016-07-21 01:03:02,522 - sarcos - INFO - Iteration 1 started.
2016-07-21 01:03:02,522 - sarcos - INFO - Optimizing: mog
2016-07-21 01:03:02,527 - sarcos - DEBUG - Objective: 903143.4967
2016-07-21 01:03:04,401 - sarcos - DEBUG - Objective: 879712.3726
2016-07-21 01:03:06,555 - sarcos - DEBUG - Objective: 861102.3433
2016-07-21 01:03:08,132 - sarcos - DEBUG - Objective: 843695.4902
2016-07-21 01:03:10,164 - sarcos - DEBUG - Objective: 833839.4002
2016-07-21 01:03:12,271 - sarcos - DEBUG - Objective: 832642.7972
2016-07-21 01:03:13,850 - sarcos - DEBUG - Objective: 827418.1913
2016-07-21 01:03:15,418 - sarcos - DEBUG - Objective: 825680.5705
2016-07-21 01:03:17,020 - sarcos - DEBUG - Objective: 824811.3497
2016-07-21 01:03:19,089 - sarcos - DEBUG - Objective: 821468.6948
2016-07-21 01:03:21,163 - sarcos - DEBUG - Objective: 822852.6634
2016-07-21 01:03:23,252 - sarcos - DEBUG - Objective: 821314.5111
2016-07-21 01:03:25,366 - sarcos - DEBUG - Objective: 819954.9518
2016-07-21 01:03:27,178 - sarcos - DEBUG - Objective: 819141.1456
2016-07-21 01:03:29,248 - sarcos - DEBUG - Objective: 819634.9370
2016-07-21 01:03:31,062 - sarcos - DEBUG - Objective: 819066.4031
2016-07-21 01:03:32,946 - sarcos - DEBUG - Objective: 819539.6548
2016-07-21 01:03:34,879 - sarcos - DEBUG - Objective: 820483.0633
2016-07-21 01:03:37,021 - sarcos - DEBUG - Objective: 820297.4461
2016-07-21 01:03:37,022 - sarcos - INFO - Optimizing: hyp
2016-07-21 01:03:52,031 - sarcos - DEBUG - Objective: 819958.0389
2016-07-21 01:04:10,072 - sarcos - DEBUG - Objective: 840677.1501
2016-07-21 01:04:26,917 - sarcos - DEBUG - Objective: 836817.4399
2016-07-21 01:04:41,656 - sarcos - DEBUG - Objective: 822622.3113
2016-07-21 01:04:55,567 - sarcos - DEBUG - Objective: 820270.1938
2016-07-21 01:05:09,677 - sarcos - DEBUG - Objective: 819836.0792
2016-07-21 01:05:23,478 - sarcos - DEBUG - Objective: 820034.2317
2016-07-21 01:05:37,287 - sarcos - DEBUG - Objective: 819411.7591
2016-07-21 01:05:50,576 - sarcos - DEBUG - Objective: 820681.1690
2016-07-21 01:06:04,712 - sarcos - DEBUG - Objective: 820675.8856
2016-07-21 01:06:19,005 - sarcos - DEBUG - Objective: 820464.7977
2016-07-21 01:06:34,399 - sarcos - INFO - Optimizing: ll
2016-07-21 01:06:36,091 - sarcos - DEBUG - Objective: 820663.5941
2016-07-21 01:06:37,318 - sarcos - DEBUG - Objective: 333003.5614
2016-07-21 01:06:38,830 - sarcos - DEBUG - Objective: 233940.0477
2016-07-21 01:06:39,974 - sarcos - DEBUG - Objective: 176738.8368
2016-07-21 01:06:41,490 - sarcos - DEBUG - Objective: 159544.8802
2016-07-21 01:06:42,829 - sarcos - DEBUG - Objective: 155193.2660
2016-07-21 01:06:44,333 - sarcos - DEBUG - Objective: 154730.8680
2016-07-21 01:06:45,887 - sarcos - DEBUG - Objective: 154681.9681
2016-07-21 01:06:47,010 - sarcos - DEBUG - Objective: 154691.7093
2016-07-21 01:06:48,534 - sarcos - DEBUG - Objective: 154732.0496
2016-07-21 01:06:50,069 - sarcos - DEBUG - Objective: 154689.0423
2016-07-21 01:06:51,234 - sarcos - INFO - Iteration 2 started.
2016-07-21 01:06:51,234 - sarcos - INFO - Optimizing: mog
2016-07-21 01:06:52,601 - sarcos - DEBUG - Objective: 154683.5072
2016-07-21 01:06:54,076 - sarcos - DEBUG - Objective: 154850.2842
2016-07-21 01:06:55,583 - sarcos - DEBUG - Objective: 154706.5406
2016-07-21 01:06:57,054 - sarcos - DEBUG - Objective: 154762.7143
2016-07-21 01:06:58,497 - sarcos - DEBUG - Objective: 154681.4564
2016-07-21 01:07:00,422 - sarcos - DEBUG - Objective: 154730.6434
2016-07-21 01:07:01,975 - sarcos - DEBUG - Objective: 154701.8040
2016-07-21 01:07:01,976 - sarcos - INFO - Optimizing: hyp
2016-07-21 01:07:15,173 - sarcos - DEBUG - Objective: 154729.5702
2016-07-21 01:07:31,300 - sarcos - DEBUG - Objective: 139940.9033
2016-07-21 01:07:44,501 - sarcos - DEBUG - Objective: 154726.7586
2016-07-21 01:07:58,877 - sarcos - DEBUG - Objective: 143014.0766
2016-07-21 01:08:13,802 - sarcos - DEBUG - Objective: 140325.0803
2016-07-21 01:08:27,382 - sarcos - DEBUG - Objective: 137719.9365
2016-07-21 01:08:41,046 - sarcos - DEBUG - Objective: 135740.8828
2016-07-21 01:08:54,508 - sarcos - DEBUG - Objective: 137732.7031
2016-07-21 01:09:08,843 - sarcos - DEBUG - Objective: 136709.5988
2016-07-21 01:09:25,624 - sarcos - DEBUG - Objective: 135785.1201
2016-07-21 01:09:39,758 - sarcos - DEBUG - Objective: 134869.4885
2016-07-21 01:09:39,759 - sarcos - INFO - Optimizing: ll
2016-07-21 01:09:40,970 - sarcos - DEBUG - Objective: 134876.0842
2016-07-21 01:09:42,576 - sarcos - DEBUG - Objective: 132959.6731
2016-07-21 01:09:44,192 - sarcos - DEBUG - Objective: 128871.0669
2016-07-21 01:09:45,767 - sarcos - DEBUG - Objective: 128590.8416
2016-07-21 01:09:47,135 - sarcos - DEBUG - Objective: 128548.1650
2016-07-21 01:09:48,770 - sarcos - DEBUG - Objective: 128552.4321
2016-07-21 01:09:50,420 - sarcos - DEBUG - Objective: 128555.8435
2016-07-21 01:09:51,630 - sarcos - DEBUG - Objective: 128548.5535
2016-07-21 01:09:53,305 - sarcos - DEBUG - Objective: 128547.2712
2016-07-21 01:09:54,805 - sarcos - DEBUG - Objective: 128559.9050
2016-07-21 01:09:56,125 - sarcos - DEBUG - Objective: 128562.2839
2016-07-21 01:09:56,148 - sarcos - DEBUG - Objective difference: 26184.359951
2016-07-21 01:09:56,148 - sarcos - INFO - Mean difference: 0.000000
2016-07-21 01:09:56,148 - sarcos - INFO - Covariance difference: 0.000000
2016-07-21 01:09:56,149 - sarcos - DEBUG - prediction started...
2016-07-21 01:10:18,591 - sarcos - DEBUG - prediction finished
