2016-07-14 19:02:00,699 - usps - INFO - experiment started for:{'run_id': 5, 'max_iter': 300, 'optimization_config': {'hyp': 25, 'mog': 25}, 'xtol': 1e-07, 'git_hash': '56b400bf485c09994800ecf66753736a8f1efd98', 'model_init': None, 'ftol': 1e-05, 'latent_noise:': 0.001, 'sparsity_factor': 0.2, 'll': 'SoftmaxLL', 'sample_num': 2000, 'experiment': 'usps', 'git_branch': 'master', 'random_Z': True, 'method': 'full'}
2016-07-14 19:02:01,016 - usps - INFO - Iteration 1 started.
2016-07-14 19:02:01,017 - usps - INFO - Optimizing: mog
2016-07-14 19:02:01,427 - usps - DEBUG - Objective: 2379.3623
2016-07-14 19:02:02,435 - usps - DEBUG - Objective: 2339.5090
2016-07-14 19:02:03,435 - usps - DEBUG - Objective: 2199.9686
2016-07-14 19:02:04,438 - usps - DEBUG - Objective: 1697.2166
2016-07-14 19:02:05,448 - usps - DEBUG - Objective: 1661.6078
2016-07-14 19:02:06,458 - usps - DEBUG - Objective: 1636.3718
2016-07-14 19:02:07,464 - usps - DEBUG - Objective: 1628.7307
2016-07-14 19:02:08,474 - usps - DEBUG - Objective: 1620.9811
2016-07-14 19:02:09,493 - usps - DEBUG - Objective: 1619.9274
2016-07-14 19:02:10,324 - usps - DEBUG - Objective: 1619.2502
2016-07-14 19:02:11,341 - usps - DEBUG - Objective: 1618.7546
2016-07-14 19:02:12,175 - usps - DEBUG - Objective: 1617.9279
2016-07-14 19:02:13,191 - usps - DEBUG - Objective: 1617.1666
2016-07-14 19:02:14,191 - usps - DEBUG - Objective: 1618.2810
2016-07-14 19:02:15,023 - usps - DEBUG - Objective: 1616.9738
2016-07-14 19:02:15,859 - usps - DEBUG - Objective: 1616.5837
2016-07-14 19:02:16,866 - usps - DEBUG - Objective: 1618.2226
2016-07-14 19:02:17,874 - usps - DEBUG - Objective: 1618.7011
2016-07-14 19:02:18,057 - usps - INFO - Optimizing: hyp
2016-07-14 19:02:19,314 - usps - DEBUG - Objective: 1618.2245
2016-07-14 19:02:20,859 - usps - DEBUG - Objective: 1452.5991
2016-07-14 19:02:22,359 - usps - DEBUG - Objective: 1317.7207
2016-07-14 19:02:23,831 - usps - DEBUG - Objective: 1307.0062
2016-07-14 19:02:25,320 - usps - DEBUG - Objective: 1294.7278
2016-07-14 19:02:26,787 - usps - DEBUG - Objective: 1294.3569
2016-07-14 19:02:28,280 - usps - DEBUG - Objective: 1294.4325
2016-07-14 19:02:29,606 - usps - DEBUG - Objective: 1293.8315
2016-07-14 19:02:30,930 - usps - DEBUG - Objective: 1293.7432
2016-07-14 19:02:32,253 - usps - DEBUG - Objective: 1294.6102
2016-07-14 19:02:33,555 - usps - DEBUG - Objective: 1293.3078
2016-07-14 19:02:34,879 - usps - DEBUG - Objective: 1293.4407
2016-07-14 19:02:35,215 - usps - DEBUG - Objective: 1293.8044
2016-07-14 19:02:36,545 - usps - DEBUG - Objective: 1293.8746
2016-07-14 19:02:37,877 - usps - DEBUG - Objective: 1294.9490
2016-07-14 19:02:39,376 - usps - DEBUG - Objective: 1294.1922
2016-07-14 19:02:40,679 - usps - DEBUG - Objective: 1294.0258
2016-07-14 19:02:42,001 - usps - DEBUG - Objective: 1294.7397
2016-07-14 19:02:42,336 - usps - DEBUG - Objective: 1294.2438
2016-07-14 19:02:43,834 - usps - INFO - Iteration 2 started.
2016-07-14 19:02:43,835 - usps - INFO - Optimizing: mog
2016-07-14 19:02:44,478 - usps - DEBUG - Objective: 1292.8984
2016-07-14 19:02:45,441 - usps - DEBUG - Objective: 1267.8260
2016-07-14 19:02:46,388 - usps - DEBUG - Objective: 1171.6302
2016-07-14 19:02:47,332 - usps - DEBUG - Objective: 1144.1521
2016-07-14 19:02:48,292 - usps - DEBUG - Objective: 1131.2686
2016-07-14 19:02:49,243 - usps - DEBUG - Objective: 1119.6013
2016-07-14 19:02:50,191 - usps - DEBUG - Objective: 1115.5817
2016-07-14 19:02:51,153 - usps - DEBUG - Objective: 1113.1469
2016-07-14 19:02:52,103 - usps - DEBUG - Objective: 1110.6262
2016-07-14 19:02:53,056 - usps - DEBUG - Objective: 1109.7843
2016-07-14 19:02:54,029 - usps - DEBUG - Objective: 1109.1479
2016-07-14 19:02:54,983 - usps - DEBUG - Objective: 1108.2578
2016-07-14 19:02:55,934 - usps - DEBUG - Objective: 1107.9471
2016-07-14 19:02:56,904 - usps - DEBUG - Objective: 1107.5157
2016-07-14 19:02:57,857 - usps - DEBUG - Objective: 1106.2264
2016-07-14 19:02:58,628 - usps - DEBUG - Objective: 1106.8859
2016-07-14 19:02:59,419 - usps - DEBUG - Objective: 1106.2385
2016-07-14 19:03:00,189 - usps - DEBUG - Objective: 1107.0085
2016-07-14 19:03:00,968 - usps - DEBUG - Objective: 1106.8814
2016-07-14 19:03:01,756 - usps - DEBUG - Objective: 1106.6490
2016-07-14 19:03:02,096 - usps - DEBUG - Objective: 1106.8893
2016-07-14 19:03:02,709 - usps - INFO - Optimizing: hyp
2016-07-14 19:03:03,851 - usps - DEBUG - Objective: 1106.4593
2016-07-14 19:03:05,165 - usps - DEBUG - Objective: 1439.1348
2016-07-14 19:03:06,723 - usps - DEBUG - Objective: 1026.8757
2016-07-14 19:03:08,229 - usps - DEBUG - Objective: 1013.0977
2016-07-14 19:03:09,715 - usps - DEBUG - Objective: 1006.2987
2016-07-14 19:03:11,223 - usps - DEBUG - Objective: 999.1245
2016-07-14 19:03:12,769 - usps - DEBUG - Objective: 984.8309
2016-07-14 19:03:14,139 - usps - DEBUG - Objective: 983.9445
2016-07-14 19:03:15,689 - usps - DEBUG - Objective: 984.6273
2016-07-14 19:03:17,243 - usps - DEBUG - Objective: 983.9503
2016-07-14 19:03:18,599 - usps - DEBUG - Objective: 984.0928
2016-07-14 19:03:20,125 - usps - DEBUG - Objective: 984.2933
2016-07-14 19:03:20,468 - usps - DEBUG - Objective: 983.3282
2016-07-14 19:03:20,808 - usps - DEBUG - Objective: 984.4516
2016-07-14 19:03:22,161 - usps - DEBUG - Objective: 983.6891
2016-07-14 19:03:23,517 - usps - DEBUG - Objective: 983.3040
2016-07-14 19:03:24,894 - usps - DEBUG - Objective: 984.0519
2016-07-14 19:03:26,249 - usps - DEBUG - Objective: 983.5417
2016-07-14 19:03:26,590 - usps - DEBUG - Objective: 983.8916
2016-07-14 19:03:26,932 - usps - DEBUG - Objective: 983.8868
2016-07-14 19:03:27,280 - usps - DEBUG - Objective difference: 308.480225
2016-07-14 19:03:27,280 - usps - INFO - Mean difference: 0.593322
2016-07-14 19:03:27,280 - usps - INFO - Covariance difference: 0.011099
2016-07-14 19:03:27,280 - usps - INFO - Iteration 3 started.
2016-07-14 19:03:27,280 - usps - INFO - Optimizing: mog
2016-07-14 19:03:27,933 - usps - DEBUG - Objective: 984.0099
2016-07-14 19:03:28,898 - usps - DEBUG - Objective: 969.5163
2016-07-14 19:03:29,862 - usps - DEBUG - Objective: 937.7455
2016-07-14 19:03:30,822 - usps - DEBUG - Objective: 935.4909
2016-07-14 19:03:31,787 - usps - DEBUG - Objective: 926.8398
2016-07-14 19:03:32,768 - usps - DEBUG - Objective: 922.9536
2016-07-14 19:03:33,736 - usps - DEBUG - Objective: 918.7806
2016-07-14 19:03:34,702 - usps - DEBUG - Objective: 914.1812
2016-07-14 19:03:35,673 - usps - DEBUG - Objective: 912.1841
2016-07-14 19:03:36,651 - usps - DEBUG - Objective: 907.3818
2016-07-14 19:03:37,622 - usps - DEBUG - Objective: 906.3071
2016-07-14 19:03:38,595 - usps - DEBUG - Objective: 906.0121
2016-07-14 19:03:39,386 - usps - DEBUG - Objective: 906.0081
2016-07-14 19:03:40,173 - usps - DEBUG - Objective: 905.6776
2016-07-14 19:03:40,964 - usps - DEBUG - Objective: 905.9817
2016-07-14 19:03:41,756 - usps - DEBUG - Objective: 905.9968
2016-07-14 19:03:42,556 - usps - DEBUG - Objective: 905.8616
2016-07-14 19:03:43,348 - usps - DEBUG - Objective: 905.7911
2016-07-14 19:03:43,966 - usps - INFO - Optimizing: hyp
2016-07-14 19:03:45,153 - usps - DEBUG - Objective: 904.9870
2016-07-14 19:03:46,477 - usps - DEBUG - Objective: 1770.2057
2016-07-14 19:03:47,943 - usps - DEBUG - Objective: 876.5682
2016-07-14 19:03:49,431 - usps - DEBUG - Objective: 872.2917
2016-07-14 19:03:50,923 - usps - DEBUG - Objective: 867.0721
2016-07-14 19:03:52,419 - usps - DEBUG - Objective: 855.8699
2016-07-14 19:03:53,895 - usps - DEBUG - Objective: 854.7793
2016-07-14 19:03:55,384 - usps - DEBUG - Objective: 850.6726
2016-07-14 19:03:56,892 - usps - DEBUG - Objective: 850.6143
2016-07-14 19:03:58,226 - usps - DEBUG - Objective: 851.0518
2016-07-14 19:03:59,718 - usps - DEBUG - Objective: 851.2912
2016-07-14 19:04:01,216 - usps - DEBUG - Objective: 850.8431
2016-07-14 19:04:02,698 - usps - DEBUG - Objective: 850.6186
2016-07-14 19:04:03,033 - usps - DEBUG - Objective: 851.4439
2016-07-14 19:04:03,376 - usps - DEBUG - Objective difference: 133.700531
2016-07-14 19:04:03,377 - usps - INFO - Mean difference: 0.324594
2016-07-14 19:04:03,377 - usps - INFO - Covariance difference: 0.009000
2016-07-14 19:04:03,377 - usps - INFO - Iteration 4 started.
2016-07-14 19:04:03,377 - usps - INFO - Optimizing: mog
2016-07-14 19:04:04,016 - usps - DEBUG - Objective: 850.2441
2016-07-14 19:04:04,971 - usps - DEBUG - Objective: 841.5772
2016-07-14 19:04:05,918 - usps - DEBUG - Objective: 830.7276
2016-07-14 19:04:06,875 - usps - DEBUG - Objective: 829.8579
2016-07-14 19:04:07,821 - usps - DEBUG - Objective: 825.8983
2016-07-14 19:04:08,780 - usps - DEBUG - Objective: 823.6935
2016-07-14 19:04:09,745 - usps - DEBUG - Objective: 822.8532
2016-07-14 19:04:10,694 - usps - DEBUG - Objective: 819.3191
2016-07-14 19:04:11,646 - usps - DEBUG - Objective: 816.7704
2016-07-14 19:04:12,612 - usps - DEBUG - Objective: 813.4744
2016-07-14 19:04:13,570 - usps - DEBUG - Objective: 812.7796
2016-07-14 19:04:14,533 - usps - DEBUG - Objective: 809.7797
2016-07-14 19:04:15,489 - usps - DEBUG - Objective: 807.9284
2016-07-14 19:04:16,446 - usps - DEBUG - Objective: 807.3156
2016-07-14 19:04:17,402 - usps - DEBUG - Objective: 806.4587
2016-07-14 19:04:18,365 - usps - DEBUG - Objective: 806.7477
2016-07-14 19:04:19,317 - usps - DEBUG - Objective: 805.0898
2016-07-14 19:04:20,271 - usps - DEBUG - Objective: 803.6017
2016-07-14 19:04:21,224 - usps - DEBUG - Objective: 803.9419
2016-07-14 19:04:22,176 - usps - DEBUG - Objective: 804.1837
2016-07-14 19:04:23,122 - usps - DEBUG - Objective: 803.9186
2016-07-14 19:04:24,072 - usps - DEBUG - Objective: 803.8067
2016-07-14 19:04:24,860 - usps - DEBUG - Objective: 803.6099
2016-07-14 19:04:25,632 - usps - DEBUG - Objective: 803.7770
2016-07-14 19:04:26,406 - usps - DEBUG - Objective: 803.2363
2016-07-14 19:04:27,192 - usps - DEBUG - Objective: 804.3770
2016-07-14 19:04:27,799 - usps - INFO - Optimizing: hyp
2016-07-14 19:04:28,911 - usps - DEBUG - Objective: 803.9368
2016-07-14 19:04:30,231 - usps - DEBUG - Objective: 1997.7625
2016-07-14 19:04:31,692 - usps - DEBUG - Objective: 790.1687
2016-07-14 19:04:33,163 - usps - DEBUG - Objective: 788.2041
2016-07-14 19:04:34,655 - usps - DEBUG - Objective: 785.7260
2016-07-14 19:04:36,139 - usps - DEBUG - Objective: 783.2684
2016-07-14 19:04:37,605 - usps - DEBUG - Objective: 777.9035
2016-07-14 19:04:39,102 - usps - DEBUG - Objective: 771.6495
2016-07-14 19:04:40,431 - usps - DEBUG - Objective: 771.4319
2016-07-14 19:04:41,738 - usps - DEBUG - Objective: 772.2147
2016-07-14 19:04:43,220 - usps - DEBUG - Objective: 770.7571
2016-07-14 19:04:44,521 - usps - DEBUG - Objective: 770.7713
2016-07-14 19:04:45,844 - usps - DEBUG - Objective: 771.4299
2016-07-14 19:04:47,160 - usps - DEBUG - Objective: 771.8796
2016-07-14 19:04:48,649 - usps - DEBUG - Objective: 771.0990
2016-07-14 19:04:49,950 - usps - DEBUG - Objective: 770.2817
2016-07-14 19:04:51,267 - usps - DEBUG - Objective: 770.7554
2016-07-14 19:04:52,588 - usps - DEBUG - Objective: 770.4408
2016-07-14 19:04:53,890 - usps - DEBUG - Objective: 771.0154
2016-07-14 19:04:55,216 - usps - DEBUG - Objective: 771.0357
2016-07-14 19:04:56,530 - usps - DEBUG - Objective: 771.0873
2016-07-14 19:04:57,858 - usps - DEBUG - Objective: 770.8039
2016-07-14 19:04:58,191 - usps - DEBUG - Objective: 770.7748
2016-07-14 19:04:59,497 - usps - DEBUG - Objective difference: 80.094910
2016-07-14 19:04:59,497 - usps - INFO - Mean difference: 0.351040
2016-07-14 19:04:59,497 - usps - INFO - Covariance difference: 0.010622
2016-07-14 19:04:59,497 - usps - INFO - Iteration 5 started.
2016-07-14 19:04:59,497 - usps - INFO - Optimizing: mog
2016-07-14 19:05:00,136 - usps - DEBUG - Objective: 770.9810
2016-07-14 19:05:01,082 - usps - DEBUG - Objective: 766.1182
2016-07-14 19:05:02,024 - usps - DEBUG - Objective: 762.9789
2016-07-14 19:05:02,980 - usps - DEBUG - Objective: 760.3581
2016-07-14 19:05:03,928 - usps - DEBUG - Objective: 759.5426
2016-07-14 19:05:04,880 - usps - DEBUG - Objective: 758.0974
2016-07-14 19:05:05,833 - usps - DEBUG - Objective: 757.5246
2016-07-14 19:05:06,622 - usps - DEBUG - Objective: 757.2109
2016-07-14 19:05:07,575 - usps - DEBUG - Objective: 755.4702
2016-07-14 19:05:08,367 - usps - DEBUG - Objective: 755.5679
2016-07-14 19:05:09,324 - usps - DEBUG - Objective: 754.6761
2016-07-14 19:05:10,276 - usps - DEBUG - Objective: 753.0135
2016-07-14 19:05:11,230 - usps - DEBUG - Objective: 751.4266
2016-07-14 19:05:12,198 - usps - DEBUG - Objective: 751.0458
2016-07-14 19:05:13,156 - usps - DEBUG - Objective: 749.4252
2016-07-14 19:05:13,942 - usps - DEBUG - Objective: 748.6591
2016-07-14 19:05:14,906 - usps - DEBUG - Objective: 747.8184
2016-07-14 19:05:15,857 - usps - DEBUG - Objective: 747.3326
2016-07-14 19:05:16,811 - usps - DEBUG - Objective: 746.1671
2016-07-14 19:05:17,769 - usps - DEBUG - Objective: 746.0172
2016-07-14 19:05:18,722 - usps - DEBUG - Objective: 745.7942
2016-07-14 19:05:19,688 - usps - DEBUG - Objective: 745.6218
2016-07-14 19:05:20,642 - usps - DEBUG - Objective: 745.3401
2016-07-14 19:05:21,595 - usps - DEBUG - Objective: 744.9985
2016-07-14 19:05:22,369 - usps - DEBUG - Objective: 744.9717
2016-07-14 19:05:23,314 - usps - DEBUG - Objective: 745.0862
2016-07-14 19:05:23,488 - usps - INFO - Optimizing: hyp
2016-07-14 19:05:24,629 - usps - DEBUG - Objective: 745.0881
2016-07-14 19:05:25,952 - usps - DEBUG - Objective: 2033.5335
2016-07-14 19:05:27,442 - usps - DEBUG - Objective: 738.2491
2016-07-14 19:05:28,921 - usps - DEBUG - Objective: 736.1820
2016-07-14 19:05:30,420 - usps - DEBUG - Objective: 735.4726
2016-07-14 19:05:31,914 - usps - DEBUG - Objective: 729.3841
2016-07-14 19:05:33,391 - usps - DEBUG - Objective: 725.5944
2016-07-14 19:05:34,712 - usps - DEBUG - Objective: 726.2612
2016-07-14 19:05:36,205 - usps - DEBUG - Objective: 724.4450
2016-07-14 19:05:37,697 - usps - DEBUG - Objective: 723.8074
2016-07-14 19:05:39,174 - usps - DEBUG - Objective: 723.3734
2016-07-14 19:05:40,661 - usps - DEBUG - Objective: 723.5539
2016-07-14 19:05:41,989 - usps - DEBUG - Objective: 724.1237
2016-07-14 19:05:43,460 - usps - DEBUG - Objective: 723.9310
2016-07-14 19:05:44,779 - usps - DEBUG - Objective: 723.8384
2016-07-14 19:05:46,101 - usps - DEBUG - Objective: 724.2034
2016-07-14 19:05:47,424 - usps - DEBUG - Objective: 723.8795
2016-07-14 19:05:48,722 - usps - DEBUG - Objective: 723.5843
2016-07-14 19:05:49,057 - usps - DEBUG - Objective: 724.2959
2016-07-14 19:05:50,401 - usps - DEBUG - Objective difference: 46.222321
2016-07-14 19:05:50,402 - usps - INFO - Mean difference: 0.353764
2016-07-14 19:05:50,402 - usps - INFO - Covariance difference: 0.009522
2016-07-14 19:05:50,402 - usps - INFO - Iteration 6 started.
2016-07-14 19:05:50,402 - usps - INFO - Optimizing: mog
2016-07-14 19:05:51,055 - usps - DEBUG - Objective: 724.0879
2016-07-14 19:05:51,998 - usps - DEBUG - Objective: 722.7440
2016-07-14 19:05:52,944 - usps - DEBUG - Objective: 719.5405
2016-07-14 19:05:53,908 - usps - DEBUG - Objective: 718.2989
2016-07-14 19:05:54,855 - usps - DEBUG - Objective: 717.3977
2016-07-14 19:05:55,632 - usps - DEBUG - Objective: 716.4133
2016-07-14 19:05:56,588 - usps - DEBUG - Objective: 714.5293
2016-07-14 19:05:57,369 - usps - DEBUG - Objective: 715.1311
2016-07-14 19:05:58,144 - usps - DEBUG - Objective: 714.5611
2016-07-14 19:05:58,929 - usps - DEBUG - Objective: 715.5870
2016-07-14 19:05:59,702 - usps - DEBUG - Objective: 715.5155
2016-07-14 19:06:00,478 - usps - DEBUG - Objective: 715.5800
2016-07-14 19:06:00,819 - usps - DEBUG - Objective: 715.6326
2016-07-14 19:06:01,602 - usps - DEBUG - Objective: 715.9498
2016-07-14 19:06:02,376 - usps - DEBUG - Objective: 715.0119
2016-07-14 19:06:03,146 - usps - DEBUG - Objective: 715.0080
2016-07-14 19:06:03,933 - usps - DEBUG - Objective: 715.1260
2016-07-14 19:06:04,273 - usps - DEBUG - Objective: 714.5279
2016-07-14 19:06:04,877 - usps - INFO - Optimizing: hyp
2016-07-14 19:06:05,994 - usps - DEBUG - Objective: 714.9455
2016-07-14 19:06:07,283 - usps - DEBUG - Objective: 1836.7993
2016-07-14 19:06:08,776 - usps - DEBUG - Objective: 710.7959
2016-07-14 19:06:10,263 - usps - DEBUG - Objective: 711.1979
2016-07-14 19:06:11,598 - usps - DEBUG - Objective: 711.7066
2016-07-14 19:06:13,090 - usps - DEBUG - Objective: 711.0022
2016-07-14 19:06:14,562 - usps - DEBUG - Objective: 710.7236
2016-07-14 19:06:15,888 - usps - DEBUG - Objective: 711.1684
2016-07-14 19:06:17,210 - usps - DEBUG - Objective: 711.0632
2016-07-14 19:06:18,550 - usps - DEBUG - Objective: 710.6624
2016-07-14 19:06:19,852 - usps - DEBUG - Objective difference: 13.474945
2016-07-14 19:06:19,852 - usps - INFO - Mean difference: 0.034237
2016-07-14 19:06:19,852 - usps - INFO - Covariance difference: 0.003031
2016-07-14 19:06:19,852 - usps - INFO - Iteration 7 started.
2016-07-14 19:06:19,852 - usps - INFO - Optimizing: mog
2016-07-14 19:06:20,494 - usps - DEBUG - Objective: 711.0622
2016-07-14 19:06:21,282 - usps - DEBUG - Objective: 721.0358
2016-07-14 19:06:22,232 - usps - DEBUG - Objective: 710.5352
2016-07-14 19:06:23,181 - usps - DEBUG - Objective: 710.6106
2016-07-14 19:06:24,129 - usps - DEBUG - Objective: 709.0072
2016-07-14 19:06:25,087 - usps - DEBUG - Objective: 707.8356
2016-07-14 19:06:26,032 - usps - DEBUG - Objective: 708.9074
2016-07-14 19:06:26,975 - usps - DEBUG - Objective: 708.5752
2016-07-14 19:06:27,761 - usps - DEBUG - Objective: 709.2517
2016-07-14 19:06:28,534 - usps - DEBUG - Objective: 708.4656
2016-07-14 19:06:29,478 - usps - DEBUG - Objective: 708.8255
2016-07-14 19:06:29,820 - usps - DEBUG - Objective: 709.2565
2016-07-14 19:06:29,993 - usps - INFO - Optimizing: hyp
2016-07-14 19:06:31,133 - usps - DEBUG - Objective: 708.6665
2016-07-14 19:06:32,472 - usps - DEBUG - Objective: 2218.8419
2016-07-14 19:06:33,956 - usps - DEBUG - Objective: 708.0628
2016-07-14 19:06:35,288 - usps - DEBUG - Objective: 708.3159
2016-07-14 19:06:36,606 - usps - DEBUG - Objective: 708.1729
2016-07-14 19:06:38,072 - usps - DEBUG - Objective: 707.7185
2016-07-14 19:06:39,559 - usps - DEBUG - Objective: 708.3823
2016-07-14 19:06:41,049 - usps - DEBUG - Objective: 707.9453
2016-07-14 19:06:42,368 - usps - DEBUG - Objective: 708.4234
2016-07-14 19:06:43,664 - usps - DEBUG - Objective: 1783.9758
2016-07-14 19:06:44,992 - usps - DEBUG - Objective: 707.9398
2016-07-14 19:06:46,492 - usps - DEBUG - Objective: 708.0101
2016-07-14 19:06:47,836 - usps - DEBUG - Objective: 708.1435
2016-07-14 19:06:49,155 - usps - DEBUG - Objective: 707.0918
2016-07-14 19:06:50,644 - usps - DEBUG - Objective: 706.9102
2016-07-14 19:06:51,961 - usps - DEBUG - Objective: 707.8696
2016-07-14 19:06:53,286 - usps - DEBUG - Objective: 708.7959
2016-07-14 19:06:54,589 - usps - DEBUG - Objective: 706.5541
2016-07-14 19:06:55,909 - usps - DEBUG - Objective: 707.8382
2016-07-14 19:06:57,221 - usps - DEBUG - Objective: 708.1173
2016-07-14 19:06:58,535 - usps - DEBUG - Objective: 707.0593
2016-07-14 19:06:59,850 - usps - DEBUG - Objective: 707.9539
2016-07-14 19:07:00,185 - usps - DEBUG - Objective: 707.0990
2016-07-14 19:07:01,488 - usps - DEBUG - Objective: nan
2016-07-14 19:07:01,820 - usps - DEBUG - Objective: nan
2016-07-14 19:07:02,150 - usps - DEBUG - Objective: nan
2016-07-14 19:07:03,481 - usps - DEBUG - Objective difference: 4.221558
2016-07-14 19:07:03,481 - usps - INFO - Mean difference: 0.010189
2016-07-14 19:07:03,481 - usps - INFO - Covariance difference: 0.000932
2016-07-14 19:07:03,482 - usps - INFO - Iteration 8 started.
2016-07-14 19:07:03,482 - usps - INFO - Optimizing: mog
2016-07-14 19:07:04,118 - usps - DEBUG - Objective: 707.3221
2016-07-14 19:07:04,888 - usps - DEBUG - Objective: 716.1434
2016-07-14 19:07:05,829 - usps - DEBUG - Objective: 706.6019
2016-07-14 19:07:06,599 - usps - DEBUG - Objective: 706.6736
2016-07-14 19:07:07,375 - usps - DEBUG - Objective: 706.7911
2016-07-14 19:07:08,156 - usps - DEBUG - Objective: 706.3858
2016-07-14 19:07:08,929 - usps - DEBUG - Objective: 706.6887
2016-07-14 19:07:09,701 - usps - DEBUG - Objective: 706.6415
2016-07-14 19:07:10,472 - usps - DEBUG - Objective: 707.5490
2016-07-14 19:07:11,076 - usps - INFO - Optimizing: hyp
2016-07-14 19:07:12,181 - usps - DEBUG - Objective: 706.6039
2016-07-14 19:07:13,509 - usps - DEBUG - Objective: 2884.4126
2016-07-14 19:07:14,836 - usps - DEBUG - Objective: 707.3860
2016-07-14 19:07:16,304 - usps - DEBUG - Objective: 706.4633
2016-07-14 19:07:17,635 - usps - DEBUG - Objective: 706.5164
2016-07-14 19:07:18,930 - usps - DEBUG - Objective: 706.5583
2016-07-14 19:07:20,253 - usps - DEBUG - Objective: 706.1960
2016-07-14 19:07:21,572 - usps - DEBUG - Objective: 706.7701
2016-07-14 19:07:22,862 - usps - DEBUG - Objective: 706.0249
2016-07-14 19:07:24,159 - usps - DEBUG - Objective: 706.3751
2016-07-14 19:07:24,494 - usps - DEBUG - Objective: 706.8663
2016-07-14 19:07:25,820 - usps - DEBUG - Objective difference: 0.413773
2016-07-14 19:07:25,820 - usps - INFO - Mean difference: 0.002325
2016-07-14 19:07:25,820 - usps - INFO - Covariance difference: 0.000217
2016-07-14 19:07:25,820 - usps - INFO - Iteration 9 started.
2016-07-14 19:07:25,820 - usps - INFO - Optimizing: mog
2016-07-14 19:07:26,462 - usps - DEBUG - Objective: 706.5867
2016-07-14 19:07:27,244 - usps - DEBUG - Objective: 721.3442
2016-07-14 19:07:28,014 - usps - DEBUG - Objective: 706.2577
2016-07-14 19:07:28,784 - usps - DEBUG - Objective: 706.1758
2016-07-14 19:07:29,565 - usps - DEBUG - Objective: 705.9603
2016-07-14 19:07:30,336 - usps - DEBUG - Objective: 706.7766
2016-07-14 19:07:31,106 - usps - DEBUG - Objective: 706.0866
2016-07-14 19:07:31,882 - usps - DEBUG - Objective: 706.7862
2016-07-14 19:07:32,222 - usps - DEBUG - Objective: 705.9026
2016-07-14 19:07:32,393 - usps - INFO - Optimizing: hyp
2016-07-14 19:07:33,514 - usps - DEBUG - Objective: 706.5430
2016-07-14 19:07:34,808 - usps - DEBUG - Objective: 1253.7298
2016-07-14 19:07:36,127 - usps - DEBUG - Objective: 706.6142
2016-07-14 19:07:37,621 - usps - DEBUG - Objective: 706.9368
2016-07-14 19:07:38,910 - usps - DEBUG - Objective: 706.8809
2016-07-14 19:07:40,229 - usps - DEBUG - Objective: 706.1112
2016-07-14 19:07:41,565 - usps - DEBUG - Objective: 706.8421
2016-07-14 19:07:41,900 - usps - DEBUG - Objective: 705.8191
2016-07-14 19:07:43,202 - usps - DEBUG - Objective difference: 0.391373
2016-07-14 19:07:43,202 - usps - INFO - Mean difference: 0.000000
2016-07-14 19:07:43,202 - usps - INFO - Covariance difference: 0.000000
2016-07-14 19:07:43,202 - usps - DEBUG - prediction started...
2016-07-14 19:07:50,223 - usps - DEBUG - prediction finished
