2017-12-21 07:10:50,206 - sarcos - INFO - experiment started for:{'latent_noise:': 0.001, 'optimize_stochastic': False, 'sparsity_factor': 0.001, 'experiment': 'sarcos', 'run_id': 0, 'll': 'CogLL', 'max_iter': 200, 'sample_num': 10000, 'optimization_config': {'hyp': 10, 'll': 10, 'mog': 25}, 'git_branch': 'master', 'xtol': 0.001, 'random_Z': False, 'git_hash': 'ebdaf1c62be1ab17cd8ecf759176add231f11d31', 'method': 'diag', 'model_init': None, 'ftol': 1e-05}
2017-12-21 07:16:18,379 - sarcos - INFO - Iteration 1 started.
2017-12-21 07:16:18,379 - sarcos - INFO - Optimizing: hyp
2017-12-21 07:28:24,641 - sarcos - DEBUG - Objective: 854760.7522
2017-12-21 07:40:30,999 - sarcos - DEBUG - Objective: 557759.4227
2017-12-21 07:52:38,876 - sarcos - DEBUG - Objective: 499872.7684
2017-12-21 08:04:46,610 - sarcos - DEBUG - Objective: 456983.6010
2017-12-21 08:16:58,194 - sarcos - DEBUG - Objective: 439352.9310
2017-12-21 08:29:11,410 - sarcos - DEBUG - Objective: 429950.2039
2017-12-21 08:41:20,936 - sarcos - DEBUG - Objective: 425031.1910
2017-12-21 08:53:30,218 - sarcos - DEBUG - Objective: 422408.9772
2017-12-21 09:06:21,350 - sarcos - DEBUG - Objective: 425361.4115
2017-12-21 09:18:41,011 - sarcos - DEBUG - Objective: 422539.1064
2017-12-21 09:30:51,057 - sarcos - DEBUG - Objective: 422024.4958
2017-12-21 09:30:51,058 - sarcos - INFO - Optimizing: mog
2017-12-21 09:36:20,192 - sarcos - DEBUG - Objective: 422026.5361
2017-12-21 09:41:48,505 - sarcos - DEBUG - Objective: 418619.8507
2017-12-21 09:47:17,864 - sarcos - DEBUG - Objective: 428486.5685
2017-12-21 09:52:46,154 - sarcos - DEBUG - Objective: 409689.0224
2017-12-21 09:58:16,126 - sarcos - DEBUG - Objective: 403456.8182
2017-12-21 10:03:45,663 - sarcos - DEBUG - Objective: 399590.0181
2017-12-21 10:09:16,378 - sarcos - DEBUG - Objective: 391196.0858
2017-12-21 10:14:46,772 - sarcos - DEBUG - Objective: 459854.5791
2017-12-21 10:20:16,620 - sarcos - DEBUG - Objective: 387793.0390
2017-12-21 10:25:45,103 - sarcos - DEBUG - Objective: 383591.9233
2017-12-21 10:31:15,328 - sarcos - DEBUG - Objective: 381634.0917
2017-12-21 10:36:44,413 - sarcos - DEBUG - Objective: 380238.7041
2017-12-21 10:42:12,794 - sarcos - DEBUG - Objective: 377931.7788
2017-12-21 10:47:41,957 - sarcos - DEBUG - Objective: 376644.0737
2017-12-21 10:53:12,130 - sarcos - DEBUG - Objective: 375230.3669
2017-12-21 10:58:40,579 - sarcos - DEBUG - Objective: 374550.1794
2017-12-21 11:04:10,624 - sarcos - DEBUG - Objective: 374137.5776
2017-12-21 11:09:41,028 - sarcos - DEBUG - Objective: 373703.3005
2017-12-21 11:15:11,206 - sarcos - DEBUG - Objective: 373219.2833
2017-12-21 11:20:41,356 - sarcos - DEBUG - Objective: 372687.3827
2017-12-21 11:26:11,884 - sarcos - DEBUG - Objective: 372408.0296
2017-12-21 11:31:41,474 - sarcos - DEBUG - Objective: 372219.7870
2017-12-21 11:37:11,283 - sarcos - DEBUG - Objective: 371873.5372
2017-12-21 11:42:40,158 - sarcos - DEBUG - Objective: 371643.9531
2017-12-21 11:48:09,790 - sarcos - DEBUG - Objective: 371465.0871
2017-12-21 11:53:39,620 - sarcos - DEBUG - Objective: 371275.7609
2017-12-21 11:53:39,621 - sarcos - INFO - Optimizing: hyp
2017-12-21 12:05:49,265 - sarcos - DEBUG - Objective: 371281.2762
2017-12-21 12:18:22,459 - sarcos - DEBUG - Objective: 435166.8213
2017-12-21 12:30:33,444 - sarcos - DEBUG - Objective: 371275.5837
2017-12-21 12:42:42,741 - sarcos - DEBUG - Objective: 371271.2850
2017-12-21 12:54:51,076 - sarcos - DEBUG - Objective: 371276.8235
2017-12-21 13:06:57,909 - sarcos - DEBUG - Objective: 371277.7278
2017-12-21 13:19:04,809 - sarcos - DEBUG - Objective: 371281.2941
2017-12-21 13:31:12,821 - sarcos - DEBUG - Objective: 371271.9797
2017-12-21 13:31:12,822 - sarcos - DEBUG - Objective: 371271.9797
2017-12-21 13:31:12,822 - sarcos - DEBUG - Objective: 371271.9797
2017-12-21 13:31:12,822 - sarcos - INFO - Optimizing: ll
2017-12-21 13:33:54,350 - sarcos - DEBUG - Objective: 371270.1999
2017-12-21 13:36:35,919 - sarcos - DEBUG - Objective: 171659.9691
2017-12-21 13:39:17,426 - sarcos - DEBUG - Objective: 142625.9943
2017-12-21 13:41:58,709 - sarcos - DEBUG - Objective: 128406.9613
2017-12-21 13:44:39,872 - sarcos - DEBUG - Objective: 125983.2374
2017-12-21 13:47:21,384 - sarcos - DEBUG - Objective: 125737.4944
2017-12-21 13:50:02,875 - sarcos - DEBUG - Objective: 125731.6815
2017-12-21 13:52:44,371 - sarcos - DEBUG - Objective: 125730.7776
2017-12-21 13:55:26,013 - sarcos - DEBUG - Objective: 125731.7532
2017-12-21 13:58:07,853 - sarcos - DEBUG - Objective: 125731.8274
2017-12-21 14:00:49,516 - sarcos - DEBUG - Objective: 125730.8006
2017-12-21 14:00:49,516 - sarcos - DEBUG - Objective: 125730.8006
2017-12-21 14:00:49,530 - sarcos - INFO - Iteration 2 started.
2017-12-21 14:00:49,530 - sarcos - INFO - Optimizing: hyp
2017-12-21 14:12:59,923 - sarcos - DEBUG - Objective: 125731.6854
2017-12-21 14:25:08,909 - sarcos - DEBUG - Objective: 130535.4822
2017-12-21 14:37:19,223 - sarcos - DEBUG - Objective: 126490.7098
2017-12-21 14:49:28,417 - sarcos - DEBUG - Objective: 125955.6437
2017-12-21 15:01:37,132 - sarcos - DEBUG - Objective: 125803.1589
2017-12-21 15:13:43,994 - sarcos - DEBUG - Objective: 125748.1980
2017-12-21 15:25:55,048 - sarcos - DEBUG - Objective: 125736.7137
2017-12-21 15:38:03,561 - sarcos - DEBUG - Objective: 125734.1273
2017-12-21 15:50:12,355 - sarcos - DEBUG - Objective: 125732.5037
2017-12-21 16:02:20,895 - sarcos - DEBUG - Objective: 125732.5936
2017-12-21 16:14:30,649 - sarcos - DEBUG - Objective: 125731.4173
2017-12-21 16:14:30,650 - sarcos - INFO - Optimizing: mog
2017-12-21 16:20:02,415 - sarcos - DEBUG - Objective: 125731.4090
2017-12-21 16:25:32,274 - sarcos - DEBUG - Objective: 125217.5375
2017-12-21 16:31:00,964 - sarcos - DEBUG - Objective: 124070.6676
2017-12-21 16:36:30,181 - sarcos - DEBUG - Objective: 124013.8424
2017-12-21 16:42:00,153 - sarcos - DEBUG - Objective: 123694.6568
2017-12-21 16:47:30,164 - sarcos - DEBUG - Objective: 123608.7271
2017-12-21 16:52:59,455 - sarcos - DEBUG - Objective: 123548.4717
2017-12-21 16:58:27,425 - sarcos - DEBUG - Objective: 123437.3051
2017-12-21 17:03:55,851 - sarcos - DEBUG - Objective: 123249.0307
2017-12-21 17:09:25,332 - sarcos - DEBUG - Objective: 123265.0496
2017-12-21 17:14:54,788 - sarcos - DEBUG - Objective: 123160.8002
2017-12-21 17:20:25,171 - sarcos - DEBUG - Objective: 123107.4637
2017-12-21 17:25:55,137 - sarcos - DEBUG - Objective: 123076.8331
2017-12-21 17:31:25,636 - sarcos - DEBUG - Objective: 123054.8618
2017-12-21 17:36:55,196 - sarcos - DEBUG - Objective: 123033.7804
2017-12-21 17:42:23,361 - sarcos - DEBUG - Objective: 123020.6195
2017-12-21 17:47:55,674 - sarcos - DEBUG - Objective: 123012.6553
2017-12-21 17:53:26,970 - sarcos - DEBUG - Objective: 123006.5208
2017-12-21 17:58:56,891 - sarcos - DEBUG - Objective: 123003.1561
2017-12-21 18:04:28,481 - sarcos - DEBUG - Objective: 122996.6310
2017-12-21 18:09:59,312 - sarcos - DEBUG - Objective: 122995.5683
2017-12-21 18:15:29,885 - sarcos - DEBUG - Objective: 122990.5183
2017-12-21 18:21:01,234 - sarcos - DEBUG - Objective: 122989.1905
2017-12-21 18:26:31,523 - sarcos - DEBUG - Objective: 122988.4953
2017-12-21 18:32:03,301 - sarcos - DEBUG - Objective: 122985.3019
2017-12-21 18:37:33,629 - sarcos - DEBUG - Objective: 122982.3722
2017-12-21 18:37:33,630 - sarcos - INFO - Optimizing: hyp
2017-12-21 18:49:46,800 - sarcos - DEBUG - Objective: 122983.8097
2017-12-21 19:02:25,133 - sarcos - DEBUG - Objective: 128952.3140
2017-12-21 19:14:35,429 - sarcos - DEBUG - Objective: 122983.4386
2017-12-21 19:26:46,824 - sarcos - DEBUG - Objective: 122983.7330
2017-12-21 19:38:57,766 - sarcos - DEBUG - Objective: 122983.0641
2017-12-21 19:51:09,799 - sarcos - DEBUG - Objective: 122983.5480
2017-12-21 20:03:22,681 - sarcos - DEBUG - Objective: 122982.8458
2017-12-21 20:03:22,726 - sarcos - WARNING - Invalid value encountered. Optimization restarted.
2017-12-21 20:15:36,153 - sarcos - DEBUG - Objective: 122983.4034
2017-12-21 20:28:09,910 - sarcos - DEBUG - Objective: 128951.9537
2017-12-21 20:41:13,951 - sarcos - DEBUG - Objective: 128286.3683
2017-12-21 20:53:26,001 - sarcos - DEBUG - Objective: 122982.8715
2017-12-21 21:05:36,750 - sarcos - DEBUG - Objective: 123439.3239
2017-12-21 21:17:46,129 - sarcos - DEBUG - Objective: 123136.3201
2017-12-21 21:29:56,487 - sarcos - DEBUG - Objective: 123035.1579
2017-12-21 21:42:06,391 - sarcos - DEBUG - Objective: 123004.7512
2017-12-21 21:54:16,604 - sarcos - DEBUG - Objective: 122988.2972
2017-12-21 22:06:27,783 - sarcos - DEBUG - Objective: 122986.2500
2017-12-21 22:18:37,674 - sarcos - DEBUG - Objective: 122983.8257
2017-12-21 22:30:50,018 - sarcos - DEBUG - Objective: 122982.7009
2017-12-21 22:43:02,034 - sarcos - DEBUG - Objective: 122983.2903
2017-12-21 22:55:12,496 - sarcos - DEBUG - Objective: 122983.1387
2017-12-21 23:07:24,023 - sarcos - DEBUG - Objective: 122983.5331
2017-12-21 23:19:35,874 - sarcos - DEBUG - Objective: 122982.6997
2017-12-21 23:19:35,875 - sarcos - INFO - Optimizing: ll
2017-12-21 23:22:18,243 - sarcos - DEBUG - Objective: 122982.7070
2017-12-21 23:25:00,331 - sarcos - DEBUG - Objective: 138487.2142
2017-12-21 23:27:42,315 - sarcos - DEBUG - Objective: 122962.4900
2017-12-21 23:30:24,731 - sarcos - DEBUG - Objective: 122962.9154
2017-12-21 23:33:07,027 - sarcos - DEBUG - Objective: 122962.7771
2017-12-21 23:35:49,014 - sarcos - DEBUG - Objective: 122962.9461
2017-12-21 23:38:31,342 - sarcos - DEBUG - Objective: 122963.0467
2017-12-21 23:41:13,437 - sarcos - DEBUG - Objective: 122962.9051
2017-12-21 23:41:13,438 - sarcos - DEBUG - Objective: 122962.9051
2017-12-21 23:41:13,453 - sarcos - DEBUG - Objective difference: 2767.895518
2017-12-21 23:41:13,453 - sarcos - INFO - Mean difference: 0.191024
2017-12-21 23:41:13,453 - sarcos - INFO - Covariance difference: 0.128540
2017-12-21 23:41:13,454 - sarcos - INFO - Iteration 3 started.
2017-12-21 23:41:13,454 - sarcos - INFO - Optimizing: hyp
2017-12-21 23:53:23,930 - sarcos - DEBUG - Objective: 122962.0862
2017-12-22 00:05:34,870 - sarcos - DEBUG - Objective: 123459.3297
2017-12-22 00:17:46,909 - sarcos - DEBUG - Objective: 122957.4652
2017-12-22 00:29:59,676 - sarcos - DEBUG - Objective: 122944.6448
2017-12-22 00:42:09,657 - sarcos - DEBUG - Objective: 122953.8350
2017-12-22 00:54:22,914 - sarcos - DEBUG - Objective: 122957.5498
2017-12-22 01:06:37,187 - sarcos - DEBUG - Objective: 122962.6078
2017-12-22 01:18:51,049 - sarcos - DEBUG - Objective: 122963.6482
2017-12-22 01:31:05,608 - sarcos - DEBUG - Objective: 122962.5946
2017-12-22 01:43:16,704 - sarcos - DEBUG - Objective: 122962.6412
2017-12-22 01:55:28,329 - sarcos - DEBUG - Objective: 122962.9823
2017-12-22 02:07:37,186 - sarcos - DEBUG - Objective: 122962.6278
2017-12-22 02:19:47,529 - sarcos - DEBUG - Objective: 122962.6228
2017-12-22 02:31:58,327 - sarcos - DEBUG - Objective: 122963.2006
2017-12-22 02:44:33,950 - sarcos - DEBUG - Objective: 122962.4364
2017-12-22 02:56:43,682 - sarcos - DEBUG - Objective: 122962.5467
2017-12-22 03:08:56,081 - sarcos - DEBUG - Objective: 122962.3084
2017-12-22 03:08:56,081 - sarcos - DEBUG - Objective: 122962.3084
2017-12-22 03:08:56,082 - sarcos - DEBUG - Objective: 122962.3084
2017-12-22 03:21:10,152 - sarcos - INFO - Optimizing: mog
2017-12-22 03:26:44,417 - sarcos - DEBUG - Objective: 122943.6814
2017-12-22 03:32:14,778 - sarcos - DEBUG - Objective: 123157.7676
2017-12-22 03:37:46,640 - sarcos - DEBUG - Objective: 122939.8855
2017-12-22 03:43:17,531 - sarcos - DEBUG - Objective: 122937.0504
2017-12-22 03:48:49,043 - sarcos - DEBUG - Objective: 122933.7922
2017-12-22 03:54:20,898 - sarcos - DEBUG - Objective: 122931.7722
2017-12-22 03:59:52,137 - sarcos - DEBUG - Objective: 122929.9042
2017-12-22 04:05:22,731 - sarcos - DEBUG - Objective: 122928.8451
2017-12-22 04:10:51,924 - sarcos - DEBUG - Objective: 122927.6415
2017-12-22 04:16:22,178 - sarcos - DEBUG - Objective: 122925.9566
2017-12-22 04:21:54,823 - sarcos - DEBUG - Objective: 122925.5505
2017-12-22 04:27:27,471 - sarcos - DEBUG - Objective: 122924.5380
2017-12-22 04:32:58,540 - sarcos - DEBUG - Objective: 122924.3075
2017-12-22 04:38:29,341 - sarcos - DEBUG - Objective: 122922.5932
2017-12-22 04:44:00,610 - sarcos - DEBUG - Objective: 122922.8377
2017-12-22 04:49:30,601 - sarcos - DEBUG - Objective: 122922.1838
2017-12-22 04:55:02,597 - sarcos - DEBUG - Objective: 122921.9923
2017-12-22 05:00:34,683 - sarcos - DEBUG - Objective: 122921.0285
2017-12-22 05:06:05,038 - sarcos - DEBUG - Objective: 122920.7832
2017-12-22 05:11:35,492 - sarcos - DEBUG - Objective: 122919.0372
2017-12-22 05:17:07,557 - sarcos - DEBUG - Objective: 122917.9948
2017-12-22 05:22:39,199 - sarcos - DEBUG - Objective: 122916.7811
2017-12-22 05:28:09,300 - sarcos - DEBUG - Objective: 122915.4492
2017-12-22 05:33:41,168 - sarcos - DEBUG - Objective: 122914.3164
2017-12-22 05:39:13,177 - sarcos - DEBUG - Objective: 122915.3205
2017-12-22 05:44:44,140 - sarcos - DEBUG - Objective: 122914.9259
2017-12-22 05:50:16,205 - sarcos - DEBUG - Objective: 122914.3749
2017-12-22 05:55:47,316 - sarcos - DEBUG - Objective: 122915.0190
2017-12-22 06:01:19,519 - sarcos - DEBUG - Objective: 122915.2905
2017-12-22 06:06:50,350 - sarcos - DEBUG - Objective: 122915.8383
2017-12-22 06:06:50,350 - sarcos - DEBUG - Objective: 122915.8383
2017-12-22 06:06:50,351 - sarcos - INFO - Optimizing: hyp
2017-12-22 06:19:01,787 - sarcos - DEBUG - Objective: 122915.7856
2017-12-22 06:31:10,789 - sarcos - DEBUG - Objective: 123363.7199
2017-12-22 06:43:20,349 - sarcos - DEBUG - Objective: 122958.4546
2017-12-22 06:55:30,130 - sarcos - DEBUG - Objective: 122914.9029
2017-12-22 07:07:40,301 - sarcos - DEBUG - Objective: 122915.3745
2017-12-22 07:19:51,289 - sarcos - DEBUG - Objective: 122914.5566
2017-12-22 07:32:04,791 - sarcos - DEBUG - Objective: 122915.2204
2017-12-22 07:44:18,870 - sarcos - DEBUG - Objective: 122915.1484
2017-12-22 07:56:31,330 - sarcos - DEBUG - Objective: 120711.9609
2017-12-22 08:08:42,840 - sarcos - DEBUG - Objective: 121400.1720
2017-12-22 08:20:54,162 - sarcos - DEBUG - Objective: 119049.6443
2017-12-22 08:20:54,163 - sarcos - INFO - Optimizing: ll
2017-12-22 08:23:36,724 - sarcos - DEBUG - Objective: 119049.3025
2017-12-22 08:26:19,065 - sarcos - DEBUG - Objective: 138526.3797
2017-12-22 08:29:01,103 - sarcos - DEBUG - Objective: 118389.2029
2017-12-22 08:31:43,495 - sarcos - DEBUG - Objective: 118382.8685
2017-12-22 08:34:25,506 - sarcos - DEBUG - Objective: 118382.8049
2017-12-22 08:37:07,527 - sarcos - DEBUG - Objective: 118383.2522
2017-12-22 08:39:49,963 - sarcos - DEBUG - Objective: 118383.5066
2017-12-22 08:42:31,954 - sarcos - DEBUG - Objective: 118383.2962
2017-12-22 08:42:31,955 - sarcos - DEBUG - Objective: 118383.2962
2017-12-22 08:42:31,970 - sarcos - DEBUG - Objective difference: 4579.608920
2017-12-22 08:42:31,970 - sarcos - INFO - Mean difference: 0.018637
2017-12-22 08:42:31,970 - sarcos - INFO - Covariance difference: 0.083901
2017-12-22 08:42:31,971 - sarcos - INFO - Iteration 4 started.
2017-12-22 08:42:31,971 - sarcos - INFO - Optimizing: hyp
2017-12-22 08:54:44,101 - sarcos - DEBUG - Objective: 118383.2224
2017-12-22 09:07:05,643 - sarcos - DEBUG - Objective: 130815.9652
2017-12-22 09:19:17,972 - sarcos - DEBUG - Objective: 118397.9091
2017-12-22 09:31:30,469 - sarcos - DEBUG - Objective: 118383.7145
2017-12-22 09:43:40,912 - sarcos - DEBUG - Objective: 118383.5188
2017-12-22 09:55:51,100 - sarcos - DEBUG - Objective: 118384.6804
2017-12-22 10:08:00,773 - sarcos - DEBUG - Objective: 118383.1873
2017-12-22 10:20:12,838 - sarcos - DEBUG - Objective: 118382.9705
2017-12-22 10:32:24,190 - sarcos - DEBUG - Objective: 118383.6121
2017-12-22 10:44:35,893 - sarcos - DEBUG - Objective: 118383.2600
2017-12-22 10:56:45,780 - sarcos - DEBUG - Objective: 118383.0359
2017-12-22 11:08:55,331 - sarcos - DEBUG - Objective: 118383.5159
2017-12-22 11:08:55,332 - sarcos - INFO - Optimizing: mog
2017-12-22 11:14:26,954 - sarcos - DEBUG - Objective: 118382.4168
2017-12-22 11:20:00,298 - sarcos - DEBUG - Objective: 115937.9770
2017-12-22 11:25:31,958 - sarcos - DEBUG - Objective: 115353.3320
2017-12-22 11:31:03,325 - sarcos - DEBUG - Objective: 115269.8295
2017-12-22 11:36:35,099 - sarcos - DEBUG - Objective: 115146.2714
2017-12-22 11:42:06,057 - sarcos - DEBUG - Objective: 114976.8741
2017-12-22 11:47:38,669 - sarcos - DEBUG - Objective: 115016.0226
2017-12-22 11:53:09,575 - sarcos - DEBUG - Objective: 114869.8026
2017-12-22 11:58:39,751 - sarcos - DEBUG - Objective: 114688.3932
2017-12-22 12:04:11,278 - sarcos - DEBUG - Objective: 114593.9535
2017-12-22 12:09:43,259 - sarcos - DEBUG - Objective: 114489.9745
2017-12-22 12:15:15,125 - sarcos - DEBUG - Objective: 114411.3330
2017-12-22 12:20:47,100 - sarcos - DEBUG - Objective: 114397.9211
2017-12-22 12:26:18,302 - sarcos - DEBUG - Objective: 114373.4611
2017-12-22 12:31:48,333 - sarcos - DEBUG - Objective: 114368.6198
2017-12-22 12:37:19,816 - sarcos - DEBUG - Objective: 114358.8548
2017-12-22 12:42:50,772 - sarcos - DEBUG - Objective: 114338.3309
2017-12-22 12:48:22,802 - sarcos - DEBUG - Objective: 114342.3375
2017-12-22 12:53:52,842 - sarcos - DEBUG - Objective: 114324.9167
2017-12-22 12:59:24,767 - sarcos - DEBUG - Objective: 114308.3242
2017-12-22 13:04:56,925 - sarcos - DEBUG - Objective: 114296.5198
2017-12-22 13:10:29,237 - sarcos - DEBUG - Objective: 114287.6112
2017-12-22 13:16:01,225 - sarcos - DEBUG - Objective: 114278.7174
2017-12-22 13:21:34,216 - sarcos - DEBUG - Objective: 114265.3580
2017-12-22 13:27:05,331 - sarcos - DEBUG - Objective: 114253.8597
2017-12-22 13:32:37,419 - sarcos - DEBUG - Objective: 114248.7426
2017-12-22 13:32:37,420 - sarcos - INFO - Optimizing: hyp
2017-12-22 13:44:49,397 - sarcos - DEBUG - Objective: 114249.0057
2017-12-22 13:57:00,525 - sarcos - DEBUG - Objective: 115183.5597
2017-12-22 14:09:12,947 - sarcos - DEBUG - Objective: 114235.6193
2017-12-22 14:21:22,726 - sarcos - DEBUG - Objective: 114636.9586
2017-12-22 14:33:35,053 - sarcos - DEBUG - Objective: 114248.3750
2017-12-22 14:45:45,758 - sarcos - DEBUG - Objective: 114237.0397
2017-12-22 14:57:55,255 - sarcos - DEBUG - Objective: 114236.0055
2017-12-22 15:10:04,954 - sarcos - DEBUG - Objective: 114235.9855
2017-12-22 15:22:15,253 - sarcos - DEBUG - Objective: 365965.2201
2017-12-22 15:34:26,493 - sarcos - DEBUG - Objective: 140383.0457
2017-12-22 15:46:36,153 - sarcos - DEBUG - Objective: 113791.0570
2017-12-22 15:58:46,277 - sarcos - DEBUG - Objective: 133132.3239
2017-12-22 16:10:58,075 - sarcos - DEBUG - Objective: 114152.1438
2017-12-22 16:23:07,896 - sarcos - DEBUG - Objective: 113822.7189
2017-12-22 16:35:17,714 - sarcos - DEBUG - Objective: 113790.7303
2017-12-22 16:35:17,714 - sarcos - INFO - Optimizing: ll
2017-12-22 16:37:59,830 - sarcos - DEBUG - Objective: 113790.9783
2017-12-22 16:40:42,172 - sarcos - DEBUG - Objective: 136760.5712
2017-12-22 16:43:24,444 - sarcos - DEBUG - Objective: 113460.3137
2017-12-22 16:46:06,122 - sarcos - DEBUG - Objective: 113456.8893
2017-12-22 16:48:47,694 - sarcos - DEBUG - Objective: 113457.1124
2017-12-22 16:51:29,805 - sarcos - DEBUG - Objective: 113457.1315
2017-12-22 16:54:12,177 - sarcos - DEBUG - Objective: 113457.7438
2017-12-22 16:56:54,135 - sarcos - DEBUG - Objective: 113456.9801
2017-12-22 16:59:36,106 - sarcos - DEBUG - Objective: 113457.2360
2017-12-22 16:59:36,106 - sarcos - DEBUG - Objective: 113457.2360
2017-12-22 16:59:36,122 - sarcos - DEBUG - Objective difference: 4926.060160
2017-12-22 16:59:36,122 - sarcos - INFO - Mean difference: 0.095017
2017-12-22 16:59:36,122 - sarcos - INFO - Covariance difference: 0.026795
2017-12-22 16:59:36,122 - sarcos - INFO - Iteration 5 started.
2017-12-22 16:59:36,122 - sarcos - INFO - Optimizing: hyp
2017-12-22 17:11:46,594 - sarcos - DEBUG - Objective: 113457.3058
2017-12-22 17:23:58,336 - sarcos - DEBUG - Objective: 114329.0290
2017-12-22 17:36:10,030 - sarcos - DEBUG - Objective: 113403.7538
2017-12-22 17:48:21,051 - sarcos - DEBUG - Objective: 113413.0832
2017-12-22 18:00:28,387 - sarcos - DEBUG - Objective: 113401.9076
2017-12-22 18:12:40,035 - sarcos - DEBUG - Objective: 113401.5888
2017-12-22 18:24:50,979 - sarcos - DEBUG - Objective: 113402.3082
2017-12-22 18:37:00,782 - sarcos - DEBUG - Objective: 113401.7807
2017-12-22 18:50:33,918 - sarcos - DEBUG - Objective: 368422.8154
2017-12-22 19:02:42,732 - sarcos - DEBUG - Objective: 113401.4067
2017-12-22 19:16:31,814 - sarcos - DEBUG - Objective: 368422.8408
2017-12-22 19:28:43,354 - sarcos - DEBUG - Objective: 113401.2084
2017-12-22 19:28:43,355 - sarcos - INFO - Optimizing: mog
2017-12-22 19:34:16,257 - sarcos - DEBUG - Objective: 113401.4189
2017-12-22 19:39:47,930 - sarcos - DEBUG - Objective: 114222.8211
2017-12-22 19:45:18,900 - sarcos - DEBUG - Objective: 113285.3189
2017-12-22 19:50:50,987 - sarcos - DEBUG - Objective: 113231.1239
2017-12-22 19:56:23,172 - sarcos - DEBUG - Objective: 113141.1204
2017-12-22 20:01:55,022 - sarcos - DEBUG - Objective: 113112.2768
2017-12-22 20:07:27,060 - sarcos - DEBUG - Objective: 113023.7397
2017-12-22 20:12:58,239 - sarcos - DEBUG - Objective: 112935.2308
2017-12-22 20:18:28,817 - sarcos - DEBUG - Objective: 112846.8965
2017-12-22 20:24:00,742 - sarcos - DEBUG - Objective: 112797.5170
2017-12-22 20:29:31,942 - sarcos - DEBUG - Objective: 112783.5766
2017-12-22 20:35:02,852 - sarcos - DEBUG - Objective: 112773.7400
2017-12-22 20:40:31,785 - sarcos - DEBUG - Objective: 112768.7657
2017-12-22 20:46:02,818 - sarcos - DEBUG - Objective: 112764.8513
2017-12-22 20:51:34,044 - sarcos - DEBUG - Objective: 112759.2372
2017-12-22 20:57:02,852 - sarcos - DEBUG - Objective: 112752.4753
2017-12-22 21:02:34,969 - sarcos - DEBUG - Objective: 112736.8956
2017-12-22 21:08:05,826 - sarcos - DEBUG - Objective: 112733.6379
2017-12-22 21:13:37,651 - sarcos - DEBUG - Objective: 112720.8683
2017-12-22 21:19:09,153 - sarcos - DEBUG - Objective: 112714.3443
2017-12-22 21:24:40,560 - sarcos - DEBUG - Objective: 112699.6557
2017-12-22 21:30:12,114 - sarcos - DEBUG - Objective: 112680.1283
2017-12-22 21:35:44,292 - sarcos - DEBUG - Objective: 112667.3027
2017-12-22 21:41:17,237 - sarcos - DEBUG - Objective: 112656.4376
2017-12-22 21:46:50,140 - sarcos - DEBUG - Objective: 112652.6683
2017-12-22 21:52:20,747 - sarcos - DEBUG - Objective: 112651.4438
2017-12-22 21:52:20,747 - sarcos - INFO - Optimizing: hyp
2017-12-22 22:04:30,397 - sarcos - DEBUG - Objective: 112650.6338
2017-12-22 22:16:39,431 - sarcos - DEBUG - Objective: 114480.3168
2017-12-22 22:28:48,818 - sarcos - DEBUG - Objective: 112666.9072
2017-12-22 22:40:58,075 - sarcos - DEBUG - Objective: 112648.9720
2017-12-22 22:53:07,277 - sarcos - DEBUG - Objective: 112650.0985
2017-12-22 23:05:15,061 - sarcos - DEBUG - Objective: 112649.8924
2017-12-22 23:17:24,104 - sarcos - DEBUG - Objective: 112649.6620
2017-12-22 23:29:33,351 - sarcos - DEBUG - Objective: 112650.0926
2017-12-22 23:43:37,451 - sarcos - DEBUG - Objective: 457903.5564
2017-12-22 23:55:46,755 - sarcos - DEBUG - Objective: 112649.4857
2017-12-23 00:09:49,469 - sarcos - DEBUG - Objective: 457903.5608
2017-12-23 00:21:56,377 - sarcos - DEBUG - Objective: 112649.2821
2017-12-23 00:21:56,378 - sarcos - INFO - Optimizing: ll
2017-12-23 00:24:37,594 - sarcos - DEBUG - Objective: 112649.4056
2017-12-23 00:27:19,309 - sarcos - DEBUG - Objective: 143184.4211
2017-12-23 00:30:00,587 - sarcos - DEBUG - Objective: 112642.1334
2017-12-23 00:32:41,745 - sarcos - DEBUG - Objective: 112641.6193
2017-12-23 00:35:22,976 - sarcos - DEBUG - Objective: 112641.6189
2017-12-23 00:38:04,547 - sarcos - DEBUG - Objective: 112641.4421
2017-12-23 00:40:45,753 - sarcos - DEBUG - Objective: 112641.9865
2017-12-23 00:43:27,364 - sarcos - DEBUG - Objective: 112641.8713
2017-12-23 00:46:08,636 - sarcos - DEBUG - Objective: 112641.8352
2017-12-23 00:46:08,652 - sarcos - DEBUG - Objective difference: 815.400824
2017-12-23 00:46:08,652 - sarcos - INFO - Mean difference: 0.075668
2017-12-23 00:46:08,652 - sarcos - INFO - Covariance difference: 0.051491
2017-12-23 00:46:08,653 - sarcos - INFO - Iteration 6 started.
2017-12-23 00:46:08,653 - sarcos - INFO - Optimizing: hyp
2017-12-23 00:58:15,811 - sarcos - DEBUG - Objective: 112642.0666
2017-12-23 01:10:22,382 - sarcos - DEBUG - Objective: 114592.9894
2017-12-23 01:22:29,976 - sarcos - DEBUG - Objective: 112665.9787
2017-12-23 01:34:36,879 - sarcos - DEBUG - Objective: 112642.3136
2017-12-23 01:46:44,603 - sarcos - DEBUG - Objective: 112641.4849
2017-12-23 01:58:52,628 - sarcos - DEBUG - Objective: 112641.7856
2017-12-23 02:11:00,237 - sarcos - DEBUG - Objective: 112641.9927
2017-12-23 02:23:08,877 - sarcos - DEBUG - Objective: 112641.6842
2017-12-23 02:35:17,245 - sarcos - DEBUG - Objective: 112641.2462
2017-12-23 02:49:18,489 - sarcos - DEBUG - Objective: 458342.1111
2017-12-23 03:01:25,930 - sarcos - DEBUG - Objective: 112642.0831
2017-12-23 03:01:25,931 - sarcos - INFO - Optimizing: mog
2017-12-23 03:06:57,102 - sarcos - DEBUG - Objective: 112641.6407
2017-12-23 03:12:28,357 - sarcos - DEBUG - Objective: 115682.2861
2017-12-23 03:17:58,489 - sarcos - DEBUG - Objective: 112639.2915
2017-12-23 03:23:29,114 - sarcos - DEBUG - Objective: 112638.8957
2017-12-23 03:28:58,021 - sarcos - DEBUG - Objective: 112637.2380
2017-12-23 03:34:26,535 - sarcos - DEBUG - Objective: 112634.1071
2017-12-23 03:39:57,258 - sarcos - DEBUG - Objective: 112629.4006
2017-12-23 03:45:26,340 - sarcos - DEBUG - Objective: 112625.3194
2017-12-23 03:50:55,778 - sarcos - DEBUG - Objective: 112622.1012
2017-12-23 03:56:26,089 - sarcos - DEBUG - Objective: 112620.1921
2017-12-23 04:01:56,466 - sarcos - DEBUG - Objective: 112619.2125
2017-12-23 04:07:26,627 - sarcos - DEBUG - Objective: 112618.1556
2017-12-23 04:12:56,671 - sarcos - DEBUG - Objective: 112616.1281
2017-12-23 04:18:26,123 - sarcos - DEBUG - Objective: 112615.9304
2017-12-23 04:23:55,753 - sarcos - DEBUG - Objective: 112614.6927
2017-12-23 04:29:26,445 - sarcos - DEBUG - Objective: 112613.4185
2017-12-23 04:34:56,879 - sarcos - DEBUG - Objective: 112612.3926
2017-12-23 04:40:27,230 - sarcos - DEBUG - Objective: 112611.2879
2017-12-23 04:45:56,760 - sarcos - DEBUG - Objective: 112610.4340
2017-12-23 04:51:27,034 - sarcos - DEBUG - Objective: 112608.6653
2017-12-23 04:56:55,030 - sarcos - DEBUG - Objective: 112606.3275
2017-12-23 05:02:23,855 - sarcos - DEBUG - Objective: 112603.6120
2017-12-23 05:07:54,041 - sarcos - DEBUG - Objective: 112601.5280
2017-12-23 05:13:24,491 - sarcos - DEBUG - Objective: 112599.9238
2017-12-23 05:18:54,711 - sarcos - DEBUG - Objective: 112598.9906
2017-12-23 05:24:24,812 - sarcos - DEBUG - Objective: 112595.9372
2017-12-23 05:24:24,813 - sarcos - INFO - Optimizing: hyp
2017-12-23 05:36:31,374 - sarcos - DEBUG - Objective: 112596.0442
2017-12-23 05:48:39,114 - sarcos - DEBUG - Objective: 114403.6285
2017-12-23 06:00:46,035 - sarcos - DEBUG - Objective: 112607.7723
2017-12-23 06:12:53,272 - sarcos - DEBUG - Objective: 112594.6403
2017-12-23 06:25:02,221 - sarcos - DEBUG - Objective: 112593.8151
2017-12-23 06:37:09,164 - sarcos - DEBUG - Objective: 112595.0613
2017-12-23 06:49:15,816 - sarcos - DEBUG - Objective: 112594.4615
2017-12-23 07:01:22,798 - sarcos - DEBUG - Objective: 112594.0680
2017-12-23 07:15:25,679 - sarcos - DEBUG - Objective: 449256.4410
2017-12-23 07:27:34,418 - sarcos - DEBUG - Objective: 112593.5607
2017-12-23 07:41:37,572 - sarcos - DEBUG - Objective: 449256.4385
2017-12-23 07:53:45,852 - sarcos - DEBUG - Objective: 112593.6891
2017-12-23 07:53:45,853 - sarcos - INFO - Optimizing: ll
2017-12-23 07:56:27,433 - sarcos - DEBUG - Objective: 112594.4816
2017-12-23 07:59:08,547 - sarcos - DEBUG - Objective: 144308.6989
2017-12-23 08:01:49,766 - sarcos - DEBUG - Objective: 112593.2323
2017-12-23 08:04:30,938 - sarcos - DEBUG - Objective: 112593.4823
2017-12-23 08:07:12,467 - sarcos - DEBUG - Objective: 112593.6151
2017-12-23 08:09:53,710 - sarcos - DEBUG - Objective: 112594.2552
2017-12-23 08:12:35,214 - sarcos - DEBUG - Objective: 112593.6229
2017-12-23 08:12:35,215 - sarcos - DEBUG - Objective: 112593.6229
2017-12-23 08:12:35,230 - sarcos - DEBUG - Objective difference: 48.212258
2017-12-23 08:12:35,230 - sarcos - INFO - Mean difference: 0.017969
2017-12-23 08:12:35,230 - sarcos - INFO - Covariance difference: 0.042089
2017-12-23 08:12:35,230 - sarcos - INFO - Iteration 7 started.
2017-12-23 08:12:35,230 - sarcos - INFO - Optimizing: hyp
2017-12-23 08:24:43,787 - sarcos - DEBUG - Objective: 112593.8910
2017-12-23 08:36:52,274 - sarcos - DEBUG - Objective: 114419.9015
2017-12-23 08:49:01,024 - sarcos - DEBUG - Objective: 112607.0200
2017-12-23 09:01:07,965 - sarcos - DEBUG - Objective: 112593.2610
2017-12-23 09:13:14,404 - sarcos - DEBUG - Objective: 112592.1175
2017-12-23 09:25:23,166 - sarcos - DEBUG - Objective: 112593.2319
2017-12-23 09:37:29,825 - sarcos - DEBUG - Objective: 112592.0930
2017-12-23 09:49:37,393 - sarcos - DEBUG - Objective: 112592.5617
2017-12-23 10:01:43,577 - sarcos - DEBUG - Objective: 112591.6672
2017-12-23 10:15:45,260 - sarcos - DEBUG - Objective: 449325.1766
2017-12-23 10:27:52,141 - sarcos - DEBUG - Objective: 112591.9856
2017-12-23 10:27:52,142 - sarcos - INFO - Optimizing: mog
2017-12-23 10:33:22,625 - sarcos - DEBUG - Objective: 112592.5393
2017-12-23 10:38:54,036 - sarcos - DEBUG - Objective: 115214.1166
2017-12-23 10:44:25,010 - sarcos - DEBUG - Objective: 112588.1441
2017-12-23 10:49:55,895 - sarcos - DEBUG - Objective: 112586.4724
2017-12-23 10:55:24,242 - sarcos - DEBUG - Objective: 112584.9772
2017-12-23 11:00:55,529 - sarcos - DEBUG - Objective: 112583.9028
2017-12-23 11:06:27,317 - sarcos - DEBUG - Objective: 112582.2570
2017-12-23 11:11:58,611 - sarcos - DEBUG - Objective: 112579.1561
2017-12-23 11:17:29,090 - sarcos - DEBUG - Objective: 112576.9272
2017-12-23 11:22:57,919 - sarcos - DEBUG - Objective: 112575.0673
2017-12-23 11:28:29,063 - sarcos - DEBUG - Objective: 112574.2298
2017-12-23 11:33:59,455 - sarcos - DEBUG - Objective: 112573.7678
2017-12-23 11:39:28,211 - sarcos - DEBUG - Objective: 112572.9842
2017-12-23 11:44:59,139 - sarcos - DEBUG - Objective: 112571.2710
2017-12-23 11:50:29,619 - sarcos - DEBUG - Objective: 112572.0029
2017-12-23 11:55:58,637 - sarcos - DEBUG - Objective: 112571.7082
2017-12-23 12:01:29,428 - sarcos - DEBUG - Objective: 112571.5888
2017-12-23 12:06:58,933 - sarcos - DEBUG - Objective: 112571.5230
2017-12-23 12:12:27,102 - sarcos - DEBUG - Objective: 112571.9556
2017-12-23 12:17:57,238 - sarcos - DEBUG - Objective: 112571.7681
2017-12-23 12:23:27,694 - sarcos - DEBUG - Objective: 112572.2705
2017-12-23 12:23:27,695 - sarcos - DEBUG - Objective: 112572.2705
2017-12-23 12:23:27,695 - sarcos - INFO - Optimizing: hyp
2017-12-23 12:35:34,792 - sarcos - DEBUG - Objective: 112571.7652
2017-12-23 12:47:43,763 - sarcos - DEBUG - Objective: 114491.6353
2017-12-23 12:59:52,227 - sarcos - DEBUG - Objective: 112586.0769
2017-12-23 13:12:01,252 - sarcos - DEBUG - Objective: 112569.7128
2017-12-23 13:24:10,234 - sarcos - DEBUG - Objective: 112570.3726
2017-12-23 13:36:18,619 - sarcos - DEBUG - Objective: 112569.5189
2017-12-23 13:48:27,099 - sarcos - DEBUG - Objective: 112569.7532
2017-12-23 14:00:37,909 - sarcos - DEBUG - Objective: 112570.5545
2017-12-23 14:12:45,411 - sarcos - DEBUG - Objective: 112570.0189
2017-12-23 14:26:44,244 - sarcos - DEBUG - Objective: 462678.1211
2017-12-23 14:38:51,327 - sarcos - DEBUG - Objective: 112569.6615
2017-12-23 14:38:51,327 - sarcos - INFO - Optimizing: ll
2017-12-23 14:41:32,584 - sarcos - DEBUG - Objective: 112570.4838
2017-12-23 14:44:14,338 - sarcos - DEBUG - Objective: 144270.7031
2017-12-23 14:46:55,976 - sarcos - DEBUG - Objective: 112569.7032
2017-12-23 14:49:37,280 - sarcos - DEBUG - Objective: 112570.5704
2017-12-23 14:52:19,037 - sarcos - DEBUG - Objective: 112570.6021
2017-12-23 14:55:00,323 - sarcos - DEBUG - Objective: 112569.7383
2017-12-23 14:57:42,137 - sarcos - DEBUG - Objective: 112570.0064
2017-12-23 14:57:42,137 - sarcos - DEBUG - Objective: 112570.0064
2017-12-23 14:57:42,152 - sarcos - DEBUG - Objective difference: 23.616501
2017-12-23 14:57:42,153 - sarcos - INFO - Mean difference: 0.009606
2017-12-23 14:57:42,153 - sarcos - INFO - Covariance difference: 0.006025
2017-12-23 14:57:42,153 - sarcos - INFO - Iteration 8 started.
2017-12-23 14:57:42,153 - sarcos - INFO - Optimizing: hyp
2017-12-23 15:09:49,164 - sarcos - DEBUG - Objective: 112570.1236
2017-12-23 15:21:58,078 - sarcos - DEBUG - Objective: 114515.2944
2017-12-23 15:34:06,808 - sarcos - DEBUG - Objective: 112586.9861
2017-12-23 15:46:16,020 - sarcos - DEBUG - Objective: 112568.8081
2017-12-23 15:58:24,654 - sarcos - DEBUG - Objective: 112569.4810
2017-12-23 16:10:32,576 - sarcos - DEBUG - Objective: 112568.9882
2017-12-23 16:22:40,943 - sarcos - DEBUG - Objective: 112568.1557
2017-12-23 16:34:49,963 - sarcos - DEBUG - Objective: 112568.3847
2017-12-23 16:46:58,223 - sarcos - DEBUG - Objective: 112568.0249
2017-12-23 17:00:56,050 - sarcos - DEBUG - Objective: 462751.4563
2017-12-23 17:13:04,422 - sarcos - DEBUG - Objective: 112567.5937
2017-12-23 17:13:04,423 - sarcos - INFO - Optimizing: mog
2017-12-23 17:18:32,901 - sarcos - DEBUG - Objective: 112569.0351
2017-12-23 17:24:02,993 - sarcos - DEBUG - Objective: 115539.7415
2017-12-23 17:29:33,627 - sarcos - DEBUG - Objective: 112567.4311
2017-12-23 17:35:03,737 - sarcos - DEBUG - Objective: 112567.3398
2017-12-23 17:40:34,201 - sarcos - DEBUG - Objective: 112567.4548
2017-12-23 17:46:04,538 - sarcos - DEBUG - Objective: 112567.4343
2017-12-23 17:51:32,500 - sarcos - DEBUG - Objective: 112567.5603
2017-12-23 17:57:00,594 - sarcos - DEBUG - Objective: 112567.5469
2017-12-23 18:02:31,425 - sarcos - DEBUG - Objective: 112567.4155
2017-12-23 18:07:59,390 - sarcos - DEBUG - Objective: 112567.3892
2017-12-23 18:07:59,390 - sarcos - DEBUG - Objective: 112567.3892
2017-12-23 18:07:59,391 - sarcos - INFO - Optimizing: hyp
2017-12-23 18:20:06,865 - sarcos - DEBUG - Objective: 112567.0864
2017-12-23 18:32:14,355 - sarcos - DEBUG - Objective: 114469.9186
2017-12-23 18:44:22,169 - sarcos - DEBUG - Objective: 112579.2087
2017-12-23 18:56:29,998 - sarcos - DEBUG - Objective: 112564.8051
2017-12-23 19:08:37,742 - sarcos - DEBUG - Objective: 112564.7246
2017-12-23 19:20:45,768 - sarcos - DEBUG - Objective: 112565.8600
2017-12-23 19:32:52,558 - sarcos - DEBUG - Objective: 112564.5131
2017-12-23 19:45:00,474 - sarcos - DEBUG - Objective: 112565.6346
2017-12-23 19:57:08,586 - sarcos - DEBUG - Objective: 112565.0942
2017-12-23 20:10:57,820 - sarcos - DEBUG - Objective: 462872.2336
2017-12-23 20:23:06,314 - sarcos - DEBUG - Objective: 112565.3442
2017-12-23 20:23:06,314 - sarcos - INFO - Optimizing: ll
2017-12-23 20:25:47,995 - sarcos - DEBUG - Objective: 112565.6440
2017-12-23 20:28:29,161 - sarcos - DEBUG - Objective: 144255.9987
2017-12-23 20:31:10,768 - sarcos - DEBUG - Objective: 112564.9249
2017-12-23 20:33:52,396 - sarcos - DEBUG - Objective: 112564.5602
2017-12-23 20:36:34,019 - sarcos - DEBUG - Objective: 112565.2350
2017-12-23 20:39:15,155 - sarcos - DEBUG - Objective: 112565.0211
2017-12-23 20:41:56,803 - sarcos - DEBUG - Objective: 112564.3898
2017-12-23 20:41:56,804 - sarcos - DEBUG - Objective: 112564.3898
2017-12-23 20:44:38,585 - sarcos - DEBUG - Objective: 112564.3170
2017-12-23 20:44:38,586 - sarcos - DEBUG - Objective: 112564.3170
2017-12-23 20:44:38,586 - sarcos - DEBUG - Objective: 112564.3170
2017-12-23 20:47:20,322 - sarcos - DEBUG - Objective: 112564.2443
2017-12-23 20:47:20,323 - sarcos - DEBUG - Objective: 112564.2443
2017-12-23 20:47:20,323 - sarcos - DEBUG - Objective: 112564.2443
2017-12-23 20:50:01,517 - sarcos - DEBUG - Objective: 112564.7711
2017-12-23 20:52:42,675 - sarcos - DEBUG - Objective: 112565.1686
2017-12-23 20:52:42,676 - sarcos - DEBUG - Objective: 112565.1686
2017-12-23 20:52:42,691 - sarcos - DEBUG - Objective difference: 4.837811
2017-12-23 20:52:42,692 - sarcos - INFO - Mean difference: 0.000137
2017-12-23 20:52:42,692 - sarcos - INFO - Covariance difference: 0.000039
2017-12-23 20:52:42,692 - sarcos - DEBUG - prediction started...
2017-12-23 20:55:05,458 - sarcos - DEBUG - prediction finished
