2016-01-31 09:54:16,059 - abalone - INFO - experiment started for:{'run_id': 9, 'max_iter': 200, 'optimization_config': {'hyp': 25, 'll': 25, 'mog': 25}, 'xtol': 0.001, 'git_hash': 'a89f7e60526a847e4cefa30be774ad3ee7bf41f8', 'model_init': None, 'ftol': 1e-05, 'latent_noise:': 0.001, 'sparsity_factor': 1.0, 'll': 'WarpLL', 'sample_num': 2000, 'experiment': 'abalone', 'git_branch': 'master', 'random_Z': True, 'method': u'full'}
2016-01-31 09:54:19,698 - abalone - INFO - Iteration 0 started.
2016-01-31 09:54:19,699 - abalone - INFO - MoG params
2016-01-31 09:54:22,798 - abalone - DEBUG - objective:10259.9760
2016-01-31 09:54:25,466 - abalone - DEBUG - objective:7628.9598
2016-01-31 09:54:28,213 - abalone - DEBUG - objective:5085.5909
2016-01-31 09:54:31,346 - abalone - DEBUG - objective:4933.0619
2016-01-31 09:54:34,356 - abalone - DEBUG - objective:4435.7456
2016-01-31 09:54:37,281 - abalone - DEBUG - objective:2550.7907
2016-01-31 09:54:40,067 - abalone - DEBUG - objective:0.8739
2016-01-31 09:54:42,965 - abalone - DEBUG - objective:4231.4558
2016-01-31 09:54:45,762 - abalone - DEBUG - objective:-469.8445
2016-01-31 09:54:48,735 - abalone - DEBUG - objective:-1298.3962
2016-01-31 09:54:51,943 - abalone - DEBUG - objective:-1436.5191
2016-01-31 09:54:54,893 - abalone - DEBUG - objective:-1462.5038
2016-01-31 09:54:57,406 - abalone - DEBUG - objective:-1497.2074
2016-01-31 09:55:00,706 - abalone - DEBUG - objective:-1502.7615
2016-01-31 09:55:04,113 - abalone - DEBUG - objective:-1522.4995
2016-01-31 09:55:07,293 - abalone - DEBUG - objective:-1526.0102
2016-01-31 09:55:10,481 - abalone - DEBUG - objective:-1531.8437
2016-01-31 09:55:14,075 - abalone - DEBUG - objective:-1537.5603
2016-01-31 09:55:17,113 - abalone - DEBUG - objective:-1538.0183
2016-01-31 09:55:20,099 - abalone - DEBUG - objective:-1540.5173
2016-01-31 09:55:23,357 - abalone - DEBUG - objective:-1542.8573
2016-01-31 09:55:26,962 - abalone - DEBUG - objective:-1544.3835
2016-01-31 09:55:30,290 - abalone - DEBUG - objective:-1546.2207
2016-01-31 09:55:33,502 - abalone - DEBUG - objective:-1547.7635
2016-01-31 09:55:36,458 - abalone - DEBUG - objective:-1549.2789
2016-01-31 09:55:39,152 - abalone - DEBUG - objective:-1550.3146
2016-01-31 09:55:39,662 - abalone - INFO - Saving model...
2016-01-31 09:55:41,184 - abalone - INFO - Model saved.
2016-01-31 09:55:41,188 - abalone - INFO - ll params
2016-01-31 09:55:42,787 - abalone - DEBUG - objective:-1550.3146
2016-01-31 09:55:44,012 - abalone - DEBUG - objective:-1688.2086
2016-01-31 09:55:45,239 - abalone - DEBUG - objective:-1706.1007
2016-01-31 09:55:46,626 - abalone - DEBUG - objective:-1708.2700
2016-01-31 09:55:47,795 - abalone - DEBUG - objective:-1708.3283
2016-01-31 09:55:49,018 - abalone - DEBUG - objective:-1708.3285
2016-01-31 09:55:50,416 - abalone - DEBUG - objective:-1708.3285
2016-01-31 09:55:50,419 - abalone - INFO - hyp params
2016-01-31 09:55:52,831 - abalone - DEBUG - objective:-1708.3285
2016-01-31 09:55:54,535 - abalone - DEBUG - objective:-1534.3245
2016-01-31 09:55:55,794 - abalone - DEBUG - objective:-1712.8379
2016-01-31 09:55:57,052 - abalone - DEBUG - objective:-1715.0852
2016-01-31 09:55:58,679 - abalone - DEBUG - objective:-1717.5332
2016-01-31 09:56:00,231 - abalone - DEBUG - objective:-1720.4701
2016-01-31 09:56:01,979 - abalone - DEBUG - objective:-1727.9215
2016-01-31 09:56:03,522 - abalone - DEBUG - objective:-1730.6959
2016-01-31 09:56:05,076 - abalone - DEBUG - objective:-1730.9265
2016-01-31 09:56:06,486 - abalone - DEBUG - objective:-1730.9531
2016-01-31 09:56:08,172 - abalone - DEBUG - objective:-1730.9531
2016-01-31 09:56:09,680 - abalone - DEBUG - objective:-1730.9531
2016-01-31 09:56:11,121 - abalone - DEBUG - objective:-1730.9531
2016-01-31 09:56:11,128 - abalone - INFO - Iteration 1 started.
2016-01-31 09:56:11,134 - abalone - INFO - MoG params
2016-01-31 09:56:14,616 - abalone - DEBUG - objective:-1731.3028
2016-01-31 09:56:17,686 - abalone - DEBUG - objective:-1557.1149
2016-01-31 09:56:20,710 - abalone - DEBUG - objective:-1733.9700
2016-01-31 09:56:23,201 - abalone - DEBUG - objective:-1735.1667
2016-01-31 09:56:26,151 - abalone - DEBUG - objective:-1736.3949
2016-01-31 09:56:29,286 - abalone - DEBUG - objective:-1737.1398
2016-01-31 09:56:32,194 - abalone - DEBUG - objective:-1737.7460
2016-01-31 09:56:35,223 - abalone - DEBUG - objective:-1738.0572
2016-01-31 09:56:38,539 - abalone - DEBUG - objective:-1738.3290
2016-01-31 09:56:41,504 - abalone - DEBUG - objective:-1738.5408
2016-01-31 09:56:45,047 - abalone - DEBUG - objective:-1738.7292
2016-01-31 09:56:48,462 - abalone - DEBUG - objective:-1738.8794
2016-01-31 09:56:51,855 - abalone - DEBUG - objective:-1739.0216
2016-01-31 09:56:55,178 - abalone - DEBUG - objective:-1739.1614
2016-01-31 09:56:58,079 - abalone - DEBUG - objective:-1739.2806
2016-01-31 09:57:00,956 - abalone - DEBUG - objective:-1739.3807
2016-01-31 09:57:03,865 - abalone - DEBUG - objective:-1739.4733
2016-01-31 09:57:07,118 - abalone - DEBUG - objective:-1739.5587
2016-01-31 09:57:10,380 - abalone - DEBUG - objective:-1739.6275
2016-01-31 09:57:12,963 - abalone - DEBUG - objective:-1739.6882
2016-01-31 09:57:15,899 - abalone - DEBUG - objective:-1739.7561
2016-01-31 09:57:18,582 - abalone - DEBUG - objective:-1739.8090
2016-01-31 09:57:21,458 - abalone - DEBUG - objective:-1739.8728
2016-01-31 09:57:24,209 - abalone - DEBUG - objective:-1739.9140
2016-01-31 09:57:27,148 - abalone - DEBUG - objective:-1739.9708
2016-01-31 09:57:30,089 - abalone - DEBUG - objective:-1740.0016
2016-01-31 09:57:30,799 - abalone - INFO - Saving model...
2016-01-31 09:57:32,850 - abalone - INFO - Model saved.
2016-01-31 09:57:32,863 - abalone - DEBUG - ftol: 189.687082956
2016-01-31 09:57:32,869 - abalone - INFO - diff:m:0.0142860891475 s:0.000267336492134
2016-01-31 09:57:32,873 - abalone - INFO - ll params
2016-01-31 09:57:34,337 - abalone - DEBUG - objective:-1740.0016
2016-01-31 09:57:35,992 - abalone - DEBUG - objective:-1387.3166
2016-01-31 09:57:37,426 - abalone - DEBUG - objective:-1740.0157
2016-01-31 09:57:38,852 - abalone - DEBUG - objective:-1740.0158
2016-01-31 09:57:40,197 - abalone - DEBUG - objective:-1740.0158
2016-01-31 09:57:40,199 - abalone - INFO - hyp params
2016-01-31 09:57:42,551 - abalone - DEBUG - objective:-1740.0158
2016-01-31 09:57:44,418 - abalone - DEBUG - objective:-1517.3858
2016-01-31 09:57:45,816 - abalone - DEBUG - objective:-1740.2576
2016-01-31 09:57:47,465 - abalone - DEBUG - objective:-1740.4461
2016-01-31 09:57:48,915 - abalone - DEBUG - objective:-1740.5928
2016-01-31 09:57:50,336 - abalone - DEBUG - objective:-1741.0413
2016-01-31 09:57:51,954 - abalone - DEBUG - objective:-1741.6775
2016-01-31 09:57:53,474 - abalone - DEBUG - objective:-1742.3561
2016-01-31 09:57:55,059 - abalone - DEBUG - objective:-1742.5209
2016-01-31 09:57:56,723 - abalone - DEBUG - objective:-1742.5256
2016-01-31 09:57:58,118 - abalone - DEBUG - objective:-1742.5257
2016-01-31 09:57:59,443 - abalone - DEBUG - objective:-1742.5257
2016-01-31 09:58:00,985 - abalone - DEBUG - objective:-1742.5257
2016-01-31 09:58:02,376 - abalone - DEBUG - objective:-1742.5257
2016-01-31 09:58:02,390 - abalone - INFO - Iteration 2 started.
2016-01-31 09:58:02,394 - abalone - INFO - MoG params
2016-01-31 09:58:05,561 - abalone - DEBUG - objective:-1742.6234
2016-01-31 09:58:08,294 - abalone - DEBUG - objective:-1493.0133
2016-01-31 09:58:10,958 - abalone - DEBUG - objective:-1743.1239
2016-01-31 09:58:13,534 - abalone - DEBUG - objective:-1743.3021
2016-01-31 09:58:16,154 - abalone - DEBUG - objective:-1743.4806
2016-01-31 09:58:19,075 - abalone - DEBUG - objective:-1743.5893
2016-01-31 09:58:22,095 - abalone - DEBUG - objective:-1743.7271
2016-01-31 09:58:24,935 - abalone - DEBUG - objective:-1743.8601
2016-01-31 09:58:27,750 - abalone - DEBUG - objective:-1743.9576
2016-01-31 09:58:30,787 - abalone - DEBUG - objective:-1744.0133
2016-01-31 09:58:33,788 - abalone - DEBUG - objective:-1744.0830
2016-01-31 09:58:36,698 - abalone - DEBUG - objective:-1744.1217
2016-01-31 09:58:40,057 - abalone - DEBUG - objective:-1744.1654
2016-01-31 09:58:43,086 - abalone - DEBUG - objective:-1744.2003
2016-01-31 09:58:46,196 - abalone - DEBUG - objective:-1744.2249
2016-01-31 09:58:49,080 - abalone - DEBUG - objective:-1744.2569
2016-01-31 09:58:52,270 - abalone - DEBUG - objective:-1744.3037
2016-01-31 09:58:54,971 - abalone - DEBUG - objective:-1744.3316
2016-01-31 09:58:57,946 - abalone - DEBUG - objective:-1744.3632
2016-01-31 09:59:00,324 - abalone - DEBUG - objective:-1744.3611
2016-01-31 09:59:02,856 - abalone - DEBUG - objective:-1744.3783
2016-01-31 09:59:05,491 - abalone - DEBUG - objective:-1744.3952
2016-01-31 09:59:08,620 - abalone - DEBUG - objective:-1744.4162
2016-01-31 09:59:11,470 - abalone - DEBUG - objective:-1744.4315
2016-01-31 09:59:14,427 - abalone - DEBUG - objective:-1744.4488
2016-01-31 09:59:17,331 - abalone - DEBUG - objective:-1744.4655
2016-01-31 09:59:18,146 - abalone - INFO - Saving model...
2016-01-31 09:59:19,895 - abalone - INFO - Model saved.
2016-01-31 09:59:19,907 - abalone - DEBUG - ftol: 4.46390667483
2016-01-31 09:59:19,921 - abalone - INFO - diff:m:0.010037016622 s:0.000105822899325
2016-01-31 09:59:19,927 - abalone - INFO - ll params
2016-01-31 09:59:21,522 - abalone - DEBUG - objective:-1744.4655
2016-01-31 09:59:22,837 - abalone - DEBUG - objective:-1392.5663
2016-01-31 09:59:24,397 - abalone - DEBUG - objective:-1744.4833
2016-01-31 09:59:25,874 - abalone - DEBUG - objective:-1744.4834
2016-01-31 09:59:27,507 - abalone - DEBUG - objective:-1744.4834
2016-01-31 09:59:27,508 - abalone - INFO - hyp params
2016-01-31 09:59:29,911 - abalone - DEBUG - objective:-1744.4834
2016-01-31 09:59:31,600 - abalone - DEBUG - objective:-1496.9939
2016-01-31 09:59:32,849 - abalone - DEBUG - objective:-1744.5720
2016-01-31 09:59:34,343 - abalone - DEBUG - objective:-1744.6416
2016-01-31 09:59:36,034 - abalone - DEBUG - objective:-1744.6753
2016-01-31 09:59:37,503 - abalone - DEBUG - objective:-1744.8343
2016-01-31 09:59:38,814 - abalone - DEBUG - objective:-1745.0478
2016-01-31 09:59:40,415 - abalone - DEBUG - objective:-1745.3039
2016-01-31 09:59:42,083 - abalone - DEBUG - objective:-1745.3943
2016-01-31 09:59:43,453 - abalone - DEBUG - objective:-1745.3976
2016-01-31 09:59:45,104 - abalone - DEBUG - objective:-1745.3977
2016-01-31 09:59:46,528 - abalone - DEBUG - objective:-1745.3977
2016-01-31 09:59:48,107 - abalone - DEBUG - objective:-1745.3977
2016-01-31 09:59:49,948 - abalone - DEBUG - objective:-1745.3977
2016-01-31 09:59:49,958 - abalone - INFO - Iteration 3 started.
2016-01-31 09:59:49,979 - abalone - INFO - MoG params
2016-01-31 09:59:53,526 - abalone - DEBUG - objective:-1745.4543
2016-01-31 09:59:56,466 - abalone - DEBUG - objective:-1516.7753
2016-01-31 09:59:59,170 - abalone - DEBUG - objective:-1745.6297
2016-01-31 10:00:02,120 - abalone - DEBUG - objective:-1745.6922
2016-01-31 10:00:05,262 - abalone - DEBUG - objective:-1745.7421
2016-01-31 10:00:08,414 - abalone - DEBUG - objective:-1745.7795
2016-01-31 10:00:11,734 - abalone - DEBUG - objective:-1745.8231
2016-01-31 10:00:14,576 - abalone - DEBUG - objective:-1745.8583
2016-01-31 10:00:17,613 - abalone - DEBUG - objective:-1745.8885
2016-01-31 10:00:20,721 - abalone - DEBUG - objective:-1745.9117
2016-01-31 10:00:24,029 - abalone - DEBUG - objective:-1745.9311
2016-01-31 10:00:27,270 - abalone - DEBUG - objective:-1745.9432
2016-01-31 10:00:30,656 - abalone - DEBUG - objective:-1745.9516
2016-01-31 10:00:33,742 - abalone - DEBUG - objective:-1745.9638
2016-01-31 10:00:37,189 - abalone - DEBUG - objective:-1745.9736
2016-01-31 10:00:40,444 - abalone - DEBUG - objective:-1745.9888
2016-01-31 10:00:43,186 - abalone - DEBUG - objective:-1746.0052
2016-01-31 10:00:46,255 - abalone - DEBUG - objective:-1746.0174
2016-01-31 10:00:48,968 - abalone - DEBUG - objective:-1746.0200
2016-01-31 10:00:52,101 - abalone - DEBUG - objective:-1746.0377
2016-01-31 10:00:55,154 - abalone - DEBUG - objective:-1746.0422
2016-01-31 10:00:58,159 - abalone - DEBUG - objective:-1746.0499
2016-01-31 10:01:01,415 - abalone - DEBUG - objective:-1746.0552
2016-01-31 10:01:04,544 - abalone - DEBUG - objective:-1746.0644
2016-01-31 10:01:07,887 - abalone - DEBUG - objective:-1746.0695
2016-01-31 10:01:11,213 - abalone - DEBUG - objective:-1746.0741
2016-01-31 10:01:11,887 - abalone - INFO - Saving model...
2016-01-31 10:01:13,729 - abalone - INFO - Model saved.
2016-01-31 10:01:13,747 - abalone - DEBUG - ftol: 1.60850875369
2016-01-31 10:01:13,755 - abalone - INFO - diff:m:0.00526947711204 s:6.00136481287e-05
2016-01-31 10:01:13,759 - abalone - INFO - ll params
2016-01-31 10:01:15,605 - abalone - DEBUG - objective:-1746.0741
2016-01-31 10:01:17,094 - abalone - DEBUG - objective:-1389.7047
2016-01-31 10:01:18,251 - abalone - DEBUG - objective:-1746.0766
2016-01-31 10:01:19,923 - abalone - DEBUG - objective:-1746.0767
2016-01-31 10:01:21,421 - abalone - DEBUG - objective:-1746.0767
2016-01-31 10:01:21,422 - abalone - INFO - hyp params
2016-01-31 10:01:23,987 - abalone - DEBUG - objective:-1746.0767
2016-01-31 10:01:25,288 - abalone - DEBUG - objective:-1481.0039
2016-01-31 10:01:26,701 - abalone - DEBUG - objective:-1746.1156
2016-01-31 10:01:28,126 - abalone - DEBUG - objective:-1746.1458
2016-01-31 10:01:29,438 - abalone - DEBUG - objective:-1746.1545
2016-01-31 10:01:31,033 - abalone - DEBUG - objective:-1746.2169
2016-01-31 10:01:32,340 - abalone - DEBUG - objective:-1746.2926
2016-01-31 10:01:33,752 - abalone - DEBUG - objective:-1746.3819
2016-01-31 10:01:35,343 - abalone - DEBUG - objective:-1746.4113
2016-01-31 10:01:36,700 - abalone - DEBUG - objective:-1746.4127
2016-01-31 10:01:38,047 - abalone - DEBUG - objective:-1746.4128
2016-01-31 10:01:39,308 - abalone - DEBUG - objective:-1746.4128
2016-01-31 10:01:40,841 - abalone - DEBUG - objective:-1746.4128
2016-01-31 10:01:42,260 - abalone - DEBUG - objective:-1746.4128
2016-01-31 10:01:43,626 - abalone - DEBUG - objective:-1746.4128
2016-01-31 10:01:45,004 - abalone - DEBUG - objective:-1746.4128
2016-01-31 10:01:46,511 - abalone - DEBUG - objective:-1746.4128
2016-01-31 10:01:47,866 - abalone - DEBUG - objective:-1746.4128
2016-01-31 10:01:47,867 - abalone - DEBUG - objective:-1746.4128
2016-01-31 10:01:49,232 - abalone - DEBUG - objective:-1746.4128
2016-01-31 10:01:50,764 - abalone - DEBUG - objective:-1746.4128
2016-01-31 10:01:50,766 - abalone - DEBUG - objective:-1746.4128
2016-01-31 10:01:52,206 - abalone - DEBUG - objective:-1746.4128
2016-01-31 10:01:53,609 - abalone - DEBUG - objective:-1746.4128
2016-01-31 10:01:53,614 - abalone - DEBUG - objective:-1746.4128
2016-01-31 10:01:55,092 - abalone - DEBUG - objective:-1746.4128
2016-01-31 10:01:56,669 - abalone - INFO - Iteration 4 started.
2016-01-31 10:01:56,673 - abalone - INFO - MoG params
2016-01-31 10:01:59,734 - abalone - DEBUG - objective:-1746.4450
2016-01-31 10:02:02,157 - abalone - DEBUG - objective:-1518.4012
2016-01-31 10:02:04,876 - abalone - DEBUG - objective:-1746.5090
2016-01-31 10:02:07,810 - abalone - DEBUG - objective:-1746.5321
2016-01-31 10:02:10,446 - abalone - DEBUG - objective:-1746.5492
2016-01-31 10:02:13,039 - abalone - DEBUG - objective:-1746.5618
2016-01-31 10:02:16,086 - abalone - DEBUG - objective:-1746.5771
2016-01-31 10:02:18,683 - abalone - DEBUG - objective:-1746.5904
2016-01-31 10:02:21,415 - abalone - DEBUG - objective:-1746.6009
2016-01-31 10:02:24,057 - abalone - DEBUG - objective:-1746.6076
2016-01-31 10:02:26,833 - abalone - DEBUG - objective:-1746.6134
2016-01-31 10:02:30,070 - abalone - DEBUG - objective:-1746.6166
2016-01-31 10:02:32,621 - abalone - DEBUG - objective:-1746.6190
2016-01-31 10:02:35,685 - abalone - DEBUG - objective:-1746.6224
2016-01-31 10:02:38,725 - abalone - DEBUG - objective:-1746.6254
2016-01-31 10:02:42,016 - abalone - DEBUG - objective:-1746.6296
2016-01-31 10:02:45,015 - abalone - DEBUG - objective:-1746.6346
2016-01-31 10:02:47,768 - abalone - DEBUG - objective:-1746.6374
2016-01-31 10:02:50,726 - abalone - DEBUG - objective:-1746.6409
2016-01-31 10:02:53,555 - abalone - DEBUG - objective:-1746.6445
2016-01-31 10:02:56,576 - abalone - DEBUG - objective:-1746.6467
2016-01-31 10:02:59,739 - abalone - DEBUG - objective:-1746.6486
2016-01-31 10:03:02,963 - abalone - DEBUG - objective:-1746.6510
2016-01-31 10:03:05,554 - abalone - DEBUG - objective:-1746.6526
2016-01-31 10:03:08,394 - abalone - DEBUG - objective:-1746.6546
2016-01-31 10:03:11,293 - abalone - DEBUG - objective:-1746.6553
2016-01-31 10:03:12,120 - abalone - INFO - Saving model...
2016-01-31 10:03:13,842 - abalone - INFO - Model saved.
2016-01-31 10:03:13,849 - abalone - DEBUG - ftol: 0.581195320506
2016-01-31 10:03:13,857 - abalone - INFO - diff:m:0.00272846548176 s:3.66868319849e-05
2016-01-31 10:03:13,861 - abalone - INFO - ll params
2016-01-31 10:03:15,450 - abalone - DEBUG - objective:-1746.6553
2016-01-31 10:03:17,026 - abalone - DEBUG - objective:-1388.9885
2016-01-31 10:03:18,526 - abalone - DEBUG - objective:-1746.6560
2016-01-31 10:03:19,642 - abalone - DEBUG - objective:-1746.6560
2016-01-31 10:03:21,196 - abalone - DEBUG - objective:-1746.6560
2016-01-31 10:03:21,197 - abalone - INFO - hyp params
2016-01-31 10:03:23,785 - abalone - DEBUG - objective:-1746.6560
2016-01-31 10:03:25,051 - abalone - DEBUG - objective:-1469.1443
2016-01-31 10:03:26,403 - abalone - DEBUG - objective:-1746.6753
2016-01-31 10:03:28,207 - abalone - DEBUG - objective:-1746.6901
2016-01-31 10:03:29,661 - abalone - DEBUG - objective:-1746.6924
2016-01-31 10:03:30,858 - abalone - DEBUG - objective:-1746.7181
2016-01-31 10:03:32,605 - abalone - DEBUG - objective:-1746.7444
2016-01-31 10:03:33,955 - abalone - DEBUG - objective:-1746.7711
2016-01-31 10:03:35,359 - abalone - DEBUG - objective:-1746.7769
2016-01-31 10:03:36,826 - abalone - DEBUG - objective:-1746.7772
2016-01-31 10:03:38,268 - abalone - DEBUG - objective:-1746.7772
2016-01-31 10:03:39,643 - abalone - DEBUG - objective:-1746.7772
2016-01-31 10:03:40,896 - abalone - DEBUG - objective:-1746.7772
2016-01-31 10:03:40,901 - abalone - INFO - Iteration 5 started.
2016-01-31 10:03:40,906 - abalone - INFO - MoG params
2016-01-31 10:03:44,217 - abalone - DEBUG - objective:-1746.7947
2016-01-31 10:03:46,878 - abalone - DEBUG - objective:-1492.7351
2016-01-31 10:03:49,560 - abalone - DEBUG - objective:-1746.8175
2016-01-31 10:03:52,050 - abalone - DEBUG - objective:-1746.8259
2016-01-31 10:03:54,782 - abalone - DEBUG - objective:-1746.8333
2016-01-31 10:03:57,712 - abalone - DEBUG - objective:-1746.8375
2016-01-31 10:04:00,705 - abalone - DEBUG - objective:-1746.8421
2016-01-31 10:04:03,817 - abalone - DEBUG - objective:-1746.8462
2016-01-31 10:04:07,351 - abalone - DEBUG - objective:-1746.8494
2016-01-31 10:04:10,397 - abalone - DEBUG - objective:-1746.8519
2016-01-31 10:04:13,674 - abalone - DEBUG - objective:-1746.8543
2016-01-31 10:04:17,042 - abalone - DEBUG - objective:-1746.8555
2016-01-31 10:04:20,230 - abalone - DEBUG - objective:-1746.8566
2016-01-31 10:04:23,563 - abalone - DEBUG - objective:-1746.8571
2016-01-31 10:04:27,388 - abalone - DEBUG - objective:-1746.8578
2016-01-31 10:04:31,209 - abalone - DEBUG - objective:-1746.8582
2016-01-31 10:04:34,896 - abalone - DEBUG - objective:-1746.8594
2016-01-31 10:04:37,945 - abalone - DEBUG - objective:-1746.8604
2016-01-31 10:04:41,228 - abalone - DEBUG - objective:-1746.8612
2016-01-31 10:04:44,721 - abalone - DEBUG - objective:-1746.8613
2016-01-31 10:04:47,838 - abalone - DEBUG - objective:-1746.8624
2016-01-31 10:04:50,926 - abalone - DEBUG - objective:-1746.8631
2016-01-31 10:04:54,025 - abalone - DEBUG - objective:-1746.8635
2016-01-31 10:04:57,053 - abalone - DEBUG - objective:-1746.8641
2016-01-31 10:05:00,115 - abalone - DEBUG - objective:-1746.8645
2016-01-31 10:05:03,276 - abalone - DEBUG - objective:-1746.8649
2016-01-31 10:05:04,036 - abalone - INFO - Saving model...
2016-01-31 10:05:05,979 - abalone - INFO - Model saved.
2016-01-31 10:05:05,985 - abalone - DEBUG - ftol: 0.209641151378
2016-01-31 10:05:05,997 - abalone - INFO - diff:m:0.00165197490474 s:2.12733940296e-05
2016-01-31 10:05:05,999 - abalone - INFO - best obj found: -1746.86489205
2016-01-31 10:05:06,006 - abalone - DEBUG - prediction started...
2016-01-31 10:05:20,587 - abalone - DEBUG - prediction finished
