2016-01-28 22:11:00,676 - mining - INFO - experiment started for:{'run_id': 1, 'max_iter': 1, 'optimization_config': {'mog': 15000}, 'xtol': 0.001, 'git_hash': 'a89f7e60526a847e4cefa30be774ad3ee7bf41f8', 'model_init': None, 'ftol': 1e-05, 'latent_noise:': 0.001, 'sparsity_factor': 0.1, 'll': 'LogGaussianCox', 'sample_num': 2000, 'experiment': 'mining', 'git_branch': 'master', 'random_Z': True, 'method': u'mix1'}
2016-01-28 22:11:02,622 - mining - INFO - Iteration 0 started.
2016-01-28 22:11:02,623 - mining - INFO - MoG params
2016-01-28 22:11:03,650 - mining - DEBUG - objective:27655.8508
2016-01-28 22:11:05,505 - mining - DEBUG - objective:23400.4624
2016-01-28 22:11:06,959 - mining - DEBUG - objective:11860.9905
2016-01-28 22:11:08,371 - mining - DEBUG - objective:9334.0625
2016-01-28 22:11:10,320 - mining - DEBUG - objective:3951.9565
2016-01-28 22:11:12,130 - mining - DEBUG - objective:2262.9725
2016-01-28 22:11:13,808 - mining - DEBUG - objective:2568.8913
2016-01-28 22:11:15,575 - mining - DEBUG - objective:1733.9078
2016-01-28 22:11:17,462 - mining - DEBUG - objective:1033.9689
2016-01-28 22:11:19,233 - mining - DEBUG - objective:861.0885
2016-01-28 22:11:20,684 - mining - DEBUG - objective:573.5006
2016-01-28 22:11:22,619 - mining - DEBUG - objective:503.8370
2016-01-28 22:11:24,251 - mining - DEBUG - objective:459.9757
2016-01-28 22:11:25,475 - mining - DEBUG - objective:827.7068
2016-01-28 22:11:27,312 - mining - DEBUG - objective:453.2523
2016-01-28 22:11:28,901 - mining - DEBUG - objective:437.8541
2016-01-28 22:11:30,420 - mining - DEBUG - objective:433.7216
2016-01-28 22:11:31,902 - mining - DEBUG - objective:432.8147
2016-01-28 22:11:33,333 - mining - DEBUG - objective:432.4328
2016-01-28 22:11:35,226 - mining - DEBUG - objective:431.8562
2016-01-28 22:11:36,898 - mining - DEBUG - objective:431.1916
2016-01-28 22:11:38,645 - mining - DEBUG - objective:429.7553
2016-01-28 22:11:40,264 - mining - DEBUG - objective:427.7604
2016-01-28 22:11:41,322 - mining - DEBUG - objective:430.8367
2016-01-28 22:11:43,190 - mining - DEBUG - objective:426.6044
2016-01-28 22:11:44,833 - mining - DEBUG - objective:423.9163
2016-01-28 22:11:46,207 - mining - DEBUG - objective:422.3027
2016-01-28 22:11:47,905 - mining - DEBUG - objective:421.9202
2016-01-28 22:11:49,483 - mining - DEBUG - objective:421.8770
2016-01-28 22:11:51,431 - mining - DEBUG - objective:421.8189
2016-01-28 22:11:53,320 - mining - DEBUG - objective:421.8120
2016-01-28 22:11:55,208 - mining - DEBUG - objective:421.7870
2016-01-28 22:11:56,806 - mining - DEBUG - objective:421.7255
2016-01-28 22:11:58,637 - mining - DEBUG - objective:421.6603
2016-01-28 22:12:00,444 - mining - DEBUG - objective:421.5574
2016-01-28 22:12:01,952 - mining - DEBUG - objective:421.4899
2016-01-28 22:12:03,635 - mining - DEBUG - objective:421.4648
2016-01-28 22:12:05,423 - mining - DEBUG - objective:421.4647
2016-01-28 22:12:06,911 - mining - DEBUG - objective:421.4577
2016-01-28 22:12:08,727 - mining - DEBUG - objective:421.4484
2016-01-28 22:12:10,648 - mining - DEBUG - objective:421.4259
2016-01-28 22:12:11,974 - mining - DEBUG - objective:421.4156
2016-01-28 22:12:13,894 - mining - DEBUG - objective:421.4058
2016-01-28 22:12:14,827 - mining - DEBUG - objective:421.3833
2016-01-28 22:12:16,319 - mining - DEBUG - objective:421.3511
2016-01-28 22:12:18,079 - mining - DEBUG - objective:421.3421
2016-01-28 22:12:19,649 - mining - DEBUG - objective:421.3349
2016-01-28 22:12:21,199 - mining - DEBUG - objective:421.3339
2016-01-28 22:12:22,801 - mining - DEBUG - objective:421.3334
2016-01-28 22:12:24,602 - mining - DEBUG - objective:421.3329
2016-01-28 22:12:26,350 - mining - DEBUG - objective:421.3326
2016-01-28 22:12:27,870 - mining - DEBUG - objective:421.3324
2016-01-28 22:12:29,037 - mining - DEBUG - objective:421.3321
2016-01-28 22:12:30,882 - mining - DEBUG - objective:421.3341
2016-01-28 22:12:32,710 - mining - DEBUG - objective:421.3318
2016-01-28 22:12:34,097 - mining - DEBUG - objective:421.3313
2016-01-28 22:12:36,017 - mining - DEBUG - objective:421.3312
2016-01-28 22:12:37,581 - mining - DEBUG - objective:421.3309
2016-01-28 22:12:38,856 - mining - DEBUG - objective:421.3308
2016-01-28 22:12:40,482 - mining - DEBUG - objective:421.3307
2016-01-28 22:12:41,698 - mining - DEBUG - objective:421.3308
2016-01-28 22:12:42,996 - mining - DEBUG - objective:421.3306
2016-01-28 22:12:44,463 - mining - DEBUG - objective:421.3307
2016-01-28 22:12:46,187 - mining - DEBUG - objective:421.3306
2016-01-28 22:12:47,898 - mining - DEBUG - objective:421.3306
2016-01-28 22:12:49,787 - mining - DEBUG - objective:421.3306
2016-01-28 22:12:51,652 - mining - DEBUG - objective:421.3306
2016-01-28 22:12:52,903 - mining - DEBUG - objective:421.3306
2016-01-28 22:12:54,686 - mining - DEBUG - objective:421.3306
2016-01-28 22:12:56,157 - mining - DEBUG - objective:421.3306
2016-01-28 22:12:57,860 - mining - DEBUG - objective:421.3306
2016-01-28 22:12:59,478 - mining - DEBUG - objective:421.3306
2016-01-28 22:13:00,891 - mining - DEBUG - objective:421.3306
2016-01-28 22:13:02,390 - mining - DEBUG - objective:421.3306
2016-01-28 22:13:04,056 - mining - DEBUG - objective:421.3306
2016-01-28 22:13:05,497 - mining - DEBUG - objective:421.3306
2016-01-28 22:13:05,498 - mining - INFO - Saving model...
2016-01-28 22:13:05,500 - mining - INFO - Model saved.
2016-01-28 22:13:05,500 - mining - DEBUG - prediction started...
2016-01-28 22:13:05,808 - mining - DEBUG - prediction finished
2016-01-28 22:13:06,097 - mining - INFO - experiment started for:{'run_id': 1, 'max_iter': 1, 'optimization_config': {'mog': 15000}, 'xtol': 0.001, 'git_hash': 'a89f7e60526a847e4cefa30be774ad3ee7bf41f8', 'model_init': None, 'ftol': 1e-05, 'latent_noise:': 0.001, 'sparsity_factor': 0.1, 'll': 'LogGaussianCox', 'sample_num': 2000, 'experiment': 'mining', 'git_branch': 'master', 'random_Z': True, 'method': u'mix2'}
2016-01-28 22:13:09,687 - mining - INFO - Iteration 0 started.
2016-01-28 22:13:09,687 - mining - INFO - MoG params
2016-01-28 22:13:13,182 - mining - DEBUG - objective:28369.1687
2016-01-28 22:13:15,926 - mining - DEBUG - objective:24453.5426
2016-01-28 22:13:18,531 - mining - DEBUG - objective:14397.1602
2016-01-28 22:13:21,675 - mining - DEBUG - objective:10562.0763
2016-01-28 22:13:25,094 - mining - DEBUG - objective:7222.5042
2016-01-28 22:13:28,412 - mining - DEBUG - objective:4106.2368
2016-01-28 22:13:31,567 - mining - DEBUG - objective:2158.8926
2016-01-28 22:13:34,962 - mining - DEBUG - objective:1305.6536
2016-01-28 22:13:38,452 - mining - DEBUG - objective:955.8698
2016-01-28 22:13:42,099 - mining - DEBUG - objective:651.3480
2016-01-28 22:13:45,933 - mining - DEBUG - objective:526.2092
2016-01-28 22:13:49,446 - mining - DEBUG - objective:476.9548
2016-01-28 22:13:53,180 - mining - DEBUG - objective:479.0837
2016-01-28 22:13:56,014 - mining - DEBUG - objective:452.2838
2016-01-28 22:13:59,609 - mining - DEBUG - objective:437.9401
2016-01-28 22:14:03,197 - mining - DEBUG - objective:434.6821
2016-01-28 22:14:06,852 - mining - DEBUG - objective:433.9977
2016-01-28 22:14:10,214 - mining - DEBUG - objective:435.6399
2016-01-28 22:14:13,469 - mining - DEBUG - objective:433.7233
2016-01-28 22:14:17,154 - mining - DEBUG - objective:433.2733
2016-01-28 22:14:20,105 - mining - DEBUG - objective:432.5202
2016-01-28 22:14:23,806 - mining - DEBUG - objective:431.2224
2016-01-28 22:14:27,556 - mining - DEBUG - objective:429.6465
2016-01-28 22:14:31,367 - mining - DEBUG - objective:428.0515
2016-01-28 22:14:35,171 - mining - DEBUG - objective:424.8220
2016-01-28 22:14:37,997 - mining - DEBUG - objective:424.1961
2016-01-28 22:14:41,466 - mining - DEBUG - objective:422.4732
2016-01-28 22:14:44,613 - mining - DEBUG - objective:422.2057
2016-01-28 22:14:48,532 - mining - DEBUG - objective:422.1328
2016-01-28 22:14:51,651 - mining - DEBUG - objective:422.1130
2016-01-28 22:14:54,695 - mining - DEBUG - objective:422.0833
2016-01-28 22:14:58,230 - mining - DEBUG - objective:421.8974
2016-01-28 22:15:02,332 - mining - DEBUG - objective:421.7997
2016-01-28 22:15:05,413 - mining - DEBUG - objective:421.6346
2016-01-28 22:15:09,007 - mining - DEBUG - objective:421.5659
2016-01-28 22:15:11,997 - mining - DEBUG - objective:421.5544
2016-01-28 22:15:15,670 - mining - DEBUG - objective:421.5461
2016-01-28 22:15:19,029 - mining - DEBUG - objective:421.5330
2016-01-28 22:15:22,007 - mining - DEBUG - objective:421.5112
2016-01-28 22:15:25,216 - mining - DEBUG - objective:421.5151
2016-01-28 22:15:28,839 - mining - DEBUG - objective:421.4993
2016-01-28 22:15:32,496 - mining - DEBUG - objective:421.4888
2016-01-28 22:15:36,528 - mining - DEBUG - objective:421.4790
2016-01-28 22:15:40,813 - mining - DEBUG - objective:421.4693
2016-01-28 22:15:45,253 - mining - DEBUG - objective:421.4487
2016-01-28 22:15:48,622 - mining - DEBUG - objective:421.4682
2016-01-28 22:15:52,267 - mining - DEBUG - objective:421.4434
2016-01-28 22:15:55,911 - mining - DEBUG - objective:421.4370
2016-01-28 22:15:59,164 - mining - DEBUG - objective:421.4358
2016-01-28 22:16:02,501 - mining - DEBUG - objective:421.4350
2016-01-28 22:16:06,152 - mining - DEBUG - objective:421.4338
2016-01-28 22:16:09,789 - mining - DEBUG - objective:421.4300
2016-01-28 22:16:13,843 - mining - DEBUG - objective:421.4226
2016-01-28 22:16:17,512 - mining - DEBUG - objective:421.4127
2016-01-28 22:16:21,271 - mining - DEBUG - objective:421.4011
2016-01-28 22:16:24,517 - mining - DEBUG - objective:421.3927
2016-01-28 22:16:28,240 - mining - DEBUG - objective:421.3874
2016-01-28 22:16:31,800 - mining - DEBUG - objective:421.3850
2016-01-28 22:16:35,644 - mining - DEBUG - objective:421.3773
2016-01-28 22:16:39,102 - mining - DEBUG - objective:421.3665
2016-01-28 22:16:42,033 - mining - DEBUG - objective:421.4302
2016-01-28 22:16:45,582 - mining - DEBUG - objective:421.3641
2016-01-28 22:16:48,482 - mining - DEBUG - objective:421.3590
2016-01-28 22:16:51,891 - mining - DEBUG - objective:421.3564
2016-01-28 22:16:55,676 - mining - DEBUG - objective:421.3539
2016-01-28 22:16:58,892 - mining - DEBUG - objective:421.3499
2016-01-28 22:17:02,190 - mining - DEBUG - objective:421.3436
2016-01-28 22:17:05,864 - mining - DEBUG - objective:421.3500
2016-01-28 22:17:08,896 - mining - DEBUG - objective:421.3409
2016-01-28 22:17:11,972 - mining - DEBUG - objective:421.3373
2016-01-28 22:17:15,367 - mining - DEBUG - objective:421.3354
2016-01-28 22:17:18,810 - mining - DEBUG - objective:421.3340
2016-01-28 22:17:21,883 - mining - DEBUG - objective:421.3304
2016-01-28 22:17:25,824 - mining - DEBUG - objective:421.3242
2016-01-28 22:17:28,970 - mining - DEBUG - objective:421.3363
2016-01-28 22:17:32,493 - mining - DEBUG - objective:421.3215
2016-01-28 22:17:35,865 - mining - DEBUG - objective:421.3146
2016-01-28 22:17:38,839 - mining - DEBUG - objective:421.3087
2016-01-28 22:17:41,726 - mining - DEBUG - objective:421.3045
2016-01-28 22:17:45,805 - mining - DEBUG - objective:421.2994
2016-01-28 22:17:49,678 - mining - DEBUG - objective:421.2936
2016-01-28 22:17:52,847 - mining - DEBUG - objective:421.2865
2016-01-28 22:17:55,959 - mining - DEBUG - objective:421.2798
2016-01-28 22:17:59,759 - mining - DEBUG - objective:421.2757
2016-01-28 22:18:02,862 - mining - DEBUG - objective:421.2746
2016-01-28 22:18:05,825 - mining - DEBUG - objective:421.2735
2016-01-28 22:18:08,759 - mining - DEBUG - objective:421.2700
2016-01-28 22:18:12,297 - mining - DEBUG - objective:421.2684
2016-01-28 22:18:16,220 - mining - DEBUG - objective:421.2667
2016-01-28 22:18:19,527 - mining - DEBUG - objective:421.2648
2016-01-28 22:18:23,281 - mining - DEBUG - objective:421.2615
2016-01-28 22:18:26,405 - mining - DEBUG - objective:421.2593
2016-01-28 22:18:29,600 - mining - DEBUG - objective:421.2550
2016-01-28 22:18:33,352 - mining - DEBUG - objective:421.2513
2016-01-28 22:18:36,486 - mining - DEBUG - objective:421.2466
2016-01-28 22:18:39,829 - mining - DEBUG - objective:421.2440
2016-01-28 22:18:42,888 - mining - DEBUG - objective:421.2430
2016-01-28 22:18:46,609 - mining - DEBUG - objective:421.2425
2016-01-28 22:18:50,415 - mining - DEBUG - objective:421.2419
2016-01-28 22:18:53,292 - mining - DEBUG - objective:421.2408
2016-01-28 22:18:56,796 - mining - DEBUG - objective:421.2380
2016-01-28 22:19:00,123 - mining - DEBUG - objective:421.2325
2016-01-28 22:19:03,532 - mining - DEBUG - objective:421.2252
2016-01-28 22:19:06,836 - mining - DEBUG - objective:421.2297
2016-01-28 22:19:09,704 - mining - DEBUG - objective:421.2214
2016-01-28 22:19:13,454 - mining - DEBUG - objective:421.2177
2016-01-28 22:19:16,728 - mining - DEBUG - objective:421.2167
2016-01-28 22:19:20,131 - mining - DEBUG - objective:421.2166
2016-01-28 22:19:23,199 - mining - DEBUG - objective:421.2165
2016-01-28 22:19:26,606 - mining - DEBUG - objective:421.2161
2016-01-28 22:19:29,812 - mining - DEBUG - objective:421.2153
2016-01-28 22:19:32,815 - mining - DEBUG - objective:421.2145
2016-01-28 22:19:36,213 - mining - DEBUG - objective:421.2134
2016-01-28 22:19:39,346 - mining - DEBUG - objective:421.2118
2016-01-28 22:19:42,747 - mining - DEBUG - objective:421.2109
2016-01-28 22:19:46,203 - mining - DEBUG - objective:421.2080
2016-01-28 22:19:49,732 - mining - DEBUG - objective:421.3423
2016-01-28 22:19:53,096 - mining - DEBUG - objective:421.2076
2016-01-28 22:19:56,808 - mining - DEBUG - objective:421.2053
2016-01-28 22:19:59,013 - mining - DEBUG - objective:421.2039
2016-01-28 22:20:02,468 - mining - DEBUG - objective:421.2040
2016-01-28 22:20:06,151 - mining - DEBUG - objective:421.2036
2016-01-28 22:20:09,097 - mining - DEBUG - objective:421.2034
2016-01-28 22:20:12,959 - mining - DEBUG - objective:421.2032
2016-01-28 22:20:16,367 - mining - DEBUG - objective:421.2031
2016-01-28 22:20:19,927 - mining - DEBUG - objective:421.2023
2016-01-28 22:20:23,377 - mining - DEBUG - objective:421.2015
2016-01-28 22:20:26,410 - mining - DEBUG - objective:421.2011
2016-01-28 22:20:30,227 - mining - DEBUG - objective:421.2017
2016-01-28 22:20:33,627 - mining - DEBUG - objective:421.2010
2016-01-28 22:20:37,264 - mining - DEBUG - objective:421.2005
2016-01-28 22:20:40,591 - mining - DEBUG - objective:421.1995
2016-01-28 22:20:44,050 - mining - DEBUG - objective:421.1977
2016-01-28 22:20:47,484 - mining - DEBUG - objective:421.1946
2016-01-28 22:20:51,299 - mining - DEBUG - objective:421.1924
2016-01-28 22:20:54,625 - mining - DEBUG - objective:421.1894
2016-01-28 22:20:58,401 - mining - DEBUG - objective:421.1888
2016-01-28 22:21:01,394 - mining - DEBUG - objective:421.1887
2016-01-28 22:21:05,127 - mining - DEBUG - objective:421.1886
2016-01-28 22:21:09,255 - mining - DEBUG - objective:421.1884
2016-01-28 22:21:12,617 - mining - DEBUG - objective:421.1881
2016-01-28 22:21:15,936 - mining - DEBUG - objective:421.1876
2016-01-28 22:21:18,945 - mining - DEBUG - objective:421.1870
2016-01-28 22:21:22,177 - mining - DEBUG - objective:421.1864
2016-01-28 22:21:25,516 - mining - DEBUG - objective:421.1853
2016-01-28 22:21:29,276 - mining - DEBUG - objective:421.1846
2016-01-28 22:21:33,271 - mining - DEBUG - objective:421.1842
2016-01-28 22:21:36,583 - mining - DEBUG - objective:421.1837
2016-01-28 22:21:40,627 - mining - DEBUG - objective:421.1825
2016-01-28 22:21:43,895 - mining - DEBUG - objective:421.1821
2016-01-28 22:21:47,790 - mining - DEBUG - objective:421.1817
2016-01-28 22:21:51,559 - mining - DEBUG - objective:421.1815
2016-01-28 22:21:55,474 - mining - DEBUG - objective:421.1812
2016-01-28 22:21:58,928 - mining - DEBUG - objective:421.1801
2016-01-28 22:22:02,675 - mining - DEBUG - objective:421.1787
2016-01-28 22:22:06,717 - mining - DEBUG - objective:421.1765
2016-01-28 22:22:10,543 - mining - DEBUG - objective:421.1784
2016-01-28 22:22:14,007 - mining - DEBUG - objective:421.1758
2016-01-28 22:22:16,843 - mining - DEBUG - objective:421.1749
2016-01-28 22:22:20,521 - mining - DEBUG - objective:421.1747
2016-01-28 22:22:24,323 - mining - DEBUG - objective:421.1747
2016-01-28 22:22:27,774 - mining - DEBUG - objective:421.1746
2016-01-28 22:22:31,168 - mining - DEBUG - objective:421.1745
2016-01-28 22:22:35,115 - mining - DEBUG - objective:421.1742
2016-01-28 22:22:39,352 - mining - DEBUG - objective:421.1738
2016-01-28 22:22:43,213 - mining - DEBUG - objective:421.1733
2016-01-28 22:22:47,203 - mining - DEBUG - objective:421.1730
2016-01-28 22:22:50,283 - mining - DEBUG - objective:421.1730
2016-01-28 22:22:54,302 - mining - DEBUG - objective:421.1730
2016-01-28 22:22:57,441 - mining - DEBUG - objective:421.1730
2016-01-28 22:23:01,106 - mining - DEBUG - objective:421.1730
2016-01-28 22:23:03,687 - mining - DEBUG - objective:421.1731
2016-01-28 22:23:06,699 - mining - DEBUG - objective:421.1730
2016-01-28 22:23:10,279 - mining - DEBUG - objective:421.1730
2016-01-28 22:23:14,307 - mining - DEBUG - objective:421.1730
2016-01-28 22:23:17,829 - mining - DEBUG - objective:421.1730
2016-01-28 22:23:21,093 - mining - DEBUG - objective:421.1730
2016-01-28 22:23:24,259 - mining - DEBUG - objective:421.1730
2016-01-28 22:23:27,758 - mining - DEBUG - objective:421.1730
2016-01-28 22:23:31,193 - mining - DEBUG - objective:421.1730
2016-01-28 22:23:34,827 - mining - DEBUG - objective:421.1730
2016-01-28 22:23:38,727 - mining - DEBUG - objective:421.1730
2016-01-28 22:23:41,649 - mining - DEBUG - objective:421.1730
2016-01-28 22:23:45,140 - mining - DEBUG - objective:421.1730
2016-01-28 22:23:48,864 - mining - DEBUG - objective:421.1730
2016-01-28 22:23:52,193 - mining - DEBUG - objective:421.1730
2016-01-28 22:23:55,647 - mining - DEBUG - objective:421.1730
2016-01-28 22:23:55,648 - mining - INFO - Saving model...
2016-01-28 22:23:55,663 - mining - INFO - Model saved.
2016-01-28 22:23:55,663 - mining - DEBUG - prediction started...
2016-01-28 22:23:55,924 - mining - DEBUG - prediction finished
2016-01-28 22:23:56,215 - mining - INFO - experiment started for:{'run_id': 1, 'max_iter': 1, 'optimization_config': {'mog': 15000}, 'xtol': 0.001, 'git_hash': 'a89f7e60526a847e4cefa30be774ad3ee7bf41f8', 'model_init': None, 'ftol': 1e-05, 'latent_noise:': 0.001, 'sparsity_factor': 0.2, 'll': 'LogGaussianCox', 'sample_num': 2000, 'experiment': 'mining', 'git_branch': 'master', 'random_Z': True, 'method': u'full'}
2016-01-28 22:23:59,548 - mining - INFO - Iteration 0 started.
2016-01-28 22:23:59,549 - mining - INFO - MoG params
2016-01-28 22:24:01,591 - mining - DEBUG - objective:18890.4820
2016-01-28 22:24:03,461 - mining - DEBUG - objective:13329.9835
2016-01-28 22:24:05,112 - mining - DEBUG - objective:518.1140
2016-01-28 22:24:07,604 - mining - DEBUG - objective:516.0662
2016-01-28 22:24:09,688 - mining - DEBUG - objective:497.5165
2016-01-28 22:24:11,832 - mining - DEBUG - objective:483.3958
2016-01-28 22:24:14,071 - mining - DEBUG - objective:460.6709
2016-01-28 22:24:15,806 - mining - DEBUG - objective:411.7573
2016-01-28 22:24:17,993 - mining - DEBUG - objective:452.7496
2016-01-28 22:24:20,214 - mining - DEBUG - objective:396.7930
2016-01-28 22:24:22,505 - mining - DEBUG - objective:387.2613
2016-01-28 22:24:25,013 - mining - DEBUG - objective:381.8082
2016-01-28 22:24:26,798 - mining - DEBUG - objective:373.5798
2016-01-28 22:24:28,554 - mining - DEBUG - objective:361.8432
2016-01-28 22:24:30,813 - mining - DEBUG - objective:395.0615
2016-01-28 22:24:32,514 - mining - DEBUG - objective:359.3551
2016-01-28 22:24:34,899 - mining - DEBUG - objective:357.7772
2016-01-28 22:24:36,704 - mining - DEBUG - objective:357.2696
2016-01-28 22:24:38,348 - mining - DEBUG - objective:356.5141
2016-01-28 22:24:40,629 - mining - DEBUG - objective:355.9088
2016-01-28 22:24:43,052 - mining - DEBUG - objective:355.4416
2016-01-28 22:24:45,461 - mining - DEBUG - objective:354.7295
2016-01-28 22:24:47,533 - mining - DEBUG - objective:353.9898
2016-01-28 22:24:49,693 - mining - DEBUG - objective:352.8387
2016-01-28 22:24:51,458 - mining - DEBUG - objective:352.5150
2016-01-28 22:24:53,435 - mining - DEBUG - objective:350.9973
2016-01-28 22:24:55,647 - mining - DEBUG - objective:350.7854
2016-01-28 22:24:58,046 - mining - DEBUG - objective:350.2635
2016-01-28 22:25:00,670 - mining - DEBUG - objective:350.2646
2016-01-28 22:25:02,940 - mining - DEBUG - objective:349.9383
2016-01-28 22:25:05,117 - mining - DEBUG - objective:349.5339
2016-01-28 22:25:07,414 - mining - DEBUG - objective:349.2313
2016-01-28 22:25:09,239 - mining - DEBUG - objective:349.0065
2016-01-28 22:25:11,372 - mining - DEBUG - objective:348.7646
2016-01-28 22:25:13,455 - mining - DEBUG - objective:348.5214
2016-01-28 22:25:15,205 - mining - DEBUG - objective:348.1483
2016-01-28 22:25:17,013 - mining - DEBUG - objective:347.9149
2016-01-28 22:25:19,205 - mining - DEBUG - objective:347.6857
2016-01-28 22:25:21,044 - mining - DEBUG - objective:347.2670
2016-01-28 22:25:23,089 - mining - DEBUG - objective:347.1662
2016-01-28 22:25:25,128 - mining - DEBUG - objective:347.0514
2016-01-28 22:25:27,412 - mining - DEBUG - objective:346.9360
2016-01-28 22:25:29,155 - mining - DEBUG - objective:346.8837
2016-01-28 22:25:30,922 - mining - DEBUG - objective:346.8487
2016-01-28 22:25:32,690 - mining - DEBUG - objective:346.8029
2016-01-28 22:25:35,025 - mining - DEBUG - objective:346.7603
2016-01-28 22:25:36,744 - mining - DEBUG - objective:346.6925
2016-01-28 22:25:38,814 - mining - DEBUG - objective:346.7092
2016-01-28 22:25:40,604 - mining - DEBUG - objective:346.6587
2016-01-28 22:25:42,818 - mining - DEBUG - objective:346.6287
2016-01-28 22:25:45,290 - mining - DEBUG - objective:346.5985
2016-01-28 22:25:47,311 - mining - DEBUG - objective:346.5691
2016-01-28 22:25:49,656 - mining - DEBUG - objective:346.5530
2016-01-28 22:25:51,773 - mining - DEBUG - objective:346.5225
2016-01-28 22:25:54,176 - mining - DEBUG - objective:346.5127
2016-01-28 22:25:56,226 - mining - DEBUG - objective:346.5014
2016-01-28 22:25:57,976 - mining - DEBUG - objective:346.4866
2016-01-28 22:25:59,736 - mining - DEBUG - objective:346.4819
2016-01-28 22:26:02,204 - mining - DEBUG - objective:346.4583
2016-01-28 22:26:03,849 - mining - DEBUG - objective:346.4521
2016-01-28 22:26:06,039 - mining - DEBUG - objective:346.4462
2016-01-28 22:26:07,996 - mining - DEBUG - objective:346.4400
2016-01-28 22:26:09,952 - mining - DEBUG - objective:346.4434
2016-01-28 22:26:12,036 - mining - DEBUG - objective:346.4359
2016-01-28 22:26:13,905 - mining - DEBUG - objective:346.4287
2016-01-28 22:26:15,540 - mining - DEBUG - objective:346.4224
2016-01-28 22:26:17,520 - mining - DEBUG - objective:346.4166
2016-01-28 22:26:19,530 - mining - DEBUG - objective:346.4146
2016-01-28 22:26:21,602 - mining - DEBUG - objective:346.4097
2016-01-28 22:26:23,458 - mining - DEBUG - objective:346.4065
2016-01-28 22:26:25,314 - mining - DEBUG - objective:346.4045
2016-01-28 22:26:27,468 - mining - DEBUG - objective:346.4010
2016-01-28 22:26:28,894 - mining - DEBUG - objective:346.4071
2016-01-28 22:26:31,491 - mining - DEBUG - objective:346.3998
2016-01-28 22:26:33,988 - mining - DEBUG - objective:346.3982
2016-01-28 22:26:36,249 - mining - DEBUG - objective:346.3961
2016-01-28 22:26:38,472 - mining - DEBUG - objective:346.3946
2016-01-28 22:26:40,609 - mining - DEBUG - objective:346.3913
2016-01-28 22:26:42,340 - mining - DEBUG - objective:346.3879
2016-01-28 22:26:44,076 - mining - DEBUG - objective:346.3847
2016-01-28 22:26:45,529 - mining - DEBUG - objective:346.3810
2016-01-28 22:26:47,343 - mining - DEBUG - objective:346.3788
2016-01-28 22:26:49,444 - mining - DEBUG - objective:346.3770
2016-01-28 22:26:51,129 - mining - DEBUG - objective:346.3754
2016-01-28 22:26:53,405 - mining - DEBUG - objective:346.3742
2016-01-28 22:26:55,487 - mining - DEBUG - objective:346.3728
2016-01-28 22:26:57,597 - mining - DEBUG - objective:346.3717
2016-01-28 22:26:59,475 - mining - DEBUG - objective:346.3707
2016-01-28 22:27:01,457 - mining - DEBUG - objective:346.3697
2016-01-28 22:27:03,373 - mining - DEBUG - objective:346.3689
2016-01-28 22:27:05,592 - mining - DEBUG - objective:346.3680
2016-01-28 22:27:07,309 - mining - DEBUG - objective:346.3670
2016-01-28 22:27:09,557 - mining - DEBUG - objective:346.3660
2016-01-28 22:27:11,378 - mining - DEBUG - objective:346.3650
2016-01-28 22:27:13,397 - mining - DEBUG - objective:346.3639
2016-01-28 22:27:15,570 - mining - DEBUG - objective:346.3633
2016-01-28 22:27:17,270 - mining - DEBUG - objective:346.3629
2016-01-28 22:27:19,093 - mining - DEBUG - objective:346.3621
2016-01-28 22:27:21,855 - mining - DEBUG - objective:346.3617
2016-01-28 22:27:24,152 - mining - DEBUG - objective:346.3610
2016-01-28 22:27:26,216 - mining - DEBUG - objective:346.3604
2016-01-28 22:27:28,621 - mining - DEBUG - objective:346.3600
2016-01-28 22:27:30,936 - mining - DEBUG - objective:346.3596
2016-01-28 22:27:32,846 - mining - DEBUG - objective:346.3590
2016-01-28 22:27:34,861 - mining - DEBUG - objective:346.3587
2016-01-28 22:27:36,691 - mining - DEBUG - objective:346.3582
2016-01-28 22:27:39,022 - mining - DEBUG - objective:346.3580
2016-01-28 22:27:41,162 - mining - DEBUG - objective:346.3574
2016-01-28 22:27:42,760 - mining - DEBUG - objective:346.3571
2016-01-28 22:27:45,080 - mining - DEBUG - objective:346.3568
2016-01-28 22:27:47,674 - mining - DEBUG - objective:346.3563
2016-01-28 22:27:49,612 - mining - DEBUG - objective:346.3574
2016-01-28 22:27:51,645 - mining - DEBUG - objective:346.3561
2016-01-28 22:27:53,850 - mining - DEBUG - objective:346.3557
2016-01-28 22:27:55,671 - mining - DEBUG - objective:346.3554
2016-01-28 22:27:58,322 - mining - DEBUG - objective:346.3550
2016-01-28 22:28:00,208 - mining - DEBUG - objective:346.3547
2016-01-28 22:28:02,303 - mining - DEBUG - objective:346.3545
2016-01-28 22:28:04,385 - mining - DEBUG - objective:346.3542
2016-01-28 22:28:06,662 - mining - DEBUG - objective:346.3540
2016-01-28 22:28:08,921 - mining - DEBUG - objective:346.3537
2016-01-28 22:28:10,978 - mining - DEBUG - objective:346.3535
2016-01-28 22:28:12,993 - mining - DEBUG - objective:346.3535
2016-01-28 22:28:15,330 - mining - DEBUG - objective:346.3533
2016-01-28 22:28:17,606 - mining - DEBUG - objective:346.3531
2016-01-28 22:28:20,521 - mining - DEBUG - objective:346.3530
2016-01-28 22:28:22,304 - mining - DEBUG - objective:346.3528
2016-01-28 22:28:24,236 - mining - DEBUG - objective:346.3527
2016-01-28 22:28:26,771 - mining - DEBUG - objective:346.3526
2016-01-28 22:28:29,338 - mining - DEBUG - objective:346.3526
2016-01-28 22:28:31,539 - mining - DEBUG - objective:346.3526
2016-01-28 22:28:33,900 - mining - DEBUG - objective:346.3526
2016-01-28 22:28:36,227 - mining - DEBUG - objective:346.3526
2016-01-28 22:28:38,626 - mining - DEBUG - objective:346.3525
2016-01-28 22:28:40,405 - mining - DEBUG - objective:346.3525
2016-01-28 22:28:42,612 - mining - DEBUG - objective:346.3524
2016-01-28 22:28:44,757 - mining - DEBUG - objective:346.3525
2016-01-28 22:28:46,237 - mining - DEBUG - objective:346.3524
2016-01-28 22:28:48,127 - mining - DEBUG - objective:346.3524
2016-01-28 22:28:50,434 - mining - DEBUG - objective:346.3524
2016-01-28 22:28:52,581 - mining - DEBUG - objective:346.3525
2016-01-28 22:28:54,741 - mining - DEBUG - objective:346.3524
2016-01-28 22:28:56,375 - mining - DEBUG - objective:346.3524
2016-01-28 22:28:58,622 - mining - DEBUG - objective:346.3524
2016-01-28 22:29:00,323 - mining - DEBUG - objective:346.3524
2016-01-28 22:29:02,490 - mining - DEBUG - objective:346.3524
2016-01-28 22:29:04,639 - mining - DEBUG - objective:346.3525
2016-01-28 22:29:07,053 - mining - DEBUG - objective:346.3524
2016-01-28 22:29:09,189 - mining - DEBUG - objective:346.3524
2016-01-28 22:29:11,419 - mining - DEBUG - objective:346.3524
2016-01-28 22:29:13,608 - mining - DEBUG - objective:346.3524
2016-01-28 22:29:15,884 - mining - DEBUG - objective:346.3524
2016-01-28 22:29:18,104 - mining - DEBUG - objective:346.3524
2016-01-28 22:29:20,261 - mining - DEBUG - objective:346.3524
2016-01-28 22:29:22,560 - mining - DEBUG - objective:346.3524
2016-01-28 22:29:24,179 - mining - DEBUG - objective:346.3524
2016-01-28 22:29:26,056 - mining - DEBUG - objective:346.3524
2016-01-28 22:29:28,151 - mining - DEBUG - objective:346.3524
2016-01-28 22:29:29,921 - mining - DEBUG - objective:346.3524
2016-01-28 22:29:31,712 - mining - DEBUG - objective:346.3524
2016-01-28 22:29:33,685 - mining - DEBUG - objective:346.3524
2016-01-28 22:29:35,708 - mining - DEBUG - objective:346.3524
2016-01-28 22:29:37,963 - mining - DEBUG - objective:346.3524
2016-01-28 22:29:40,271 - mining - DEBUG - objective:346.3524
2016-01-28 22:29:41,790 - mining - DEBUG - objective:346.3524
2016-01-28 22:29:43,156 - mining - DEBUG - objective:346.3524
2016-01-28 22:29:45,162 - mining - DEBUG - objective:348.8692
2016-01-28 22:29:47,347 - mining - DEBUG - objective:346.3524
2016-01-28 22:29:49,300 - mining - DEBUG - objective:346.3524
2016-01-28 22:29:51,437 - mining - DEBUG - objective:346.3524
2016-01-28 22:29:53,551 - mining - DEBUG - objective:346.3524
2016-01-28 22:29:55,399 - mining - DEBUG - objective:346.3524
2016-01-28 22:29:58,159 - mining - DEBUG - objective:346.3524
2016-01-28 22:30:00,173 - mining - DEBUG - objective:346.3524
2016-01-28 22:30:02,425 - mining - DEBUG - objective:346.3524
2016-01-28 22:30:04,690 - mining - DEBUG - objective:346.3524
2016-01-28 22:30:06,593 - mining - DEBUG - objective:346.3524
2016-01-28 22:30:09,069 - mining - DEBUG - objective:346.3524
2016-01-28 22:30:10,466 - mining - DEBUG - objective:346.3524
2016-01-28 22:30:12,780 - mining - DEBUG - objective:346.3524
2016-01-28 22:30:15,337 - mining - DEBUG - objective:346.3524
2016-01-28 22:30:17,210 - mining - DEBUG - objective:346.3524
2016-01-28 22:30:19,452 - mining - DEBUG - objective:346.3524
2016-01-28 22:30:21,430 - mining - DEBUG - objective:346.3524
2016-01-28 22:30:23,458 - mining - DEBUG - objective:346.3524
2016-01-28 22:30:25,873 - mining - DEBUG - objective:346.3524
2016-01-28 22:30:27,765 - mining - DEBUG - objective:346.3524
2016-01-28 22:30:29,588 - mining - DEBUG - objective:346.3524
2016-01-28 22:30:31,732 - mining - DEBUG - objective:346.7780
2016-01-28 22:30:33,744 - mining - DEBUG - objective:346.3524
2016-01-28 22:30:35,755 - mining - DEBUG - objective:346.3524
2016-01-28 22:30:37,951 - mining - DEBUG - objective:346.3524
2016-01-28 22:30:40,155 - mining - DEBUG - objective:346.3524
2016-01-28 22:30:42,539 - mining - DEBUG - objective:346.3524
2016-01-28 22:30:44,721 - mining - DEBUG - objective:346.3524
2016-01-28 22:30:46,816 - mining - DEBUG - objective:346.3524
2016-01-28 22:30:48,669 - mining - DEBUG - objective:346.3524
2016-01-28 22:30:50,816 - mining - DEBUG - objective:346.3524
2016-01-28 22:30:53,138 - mining - DEBUG - objective:346.3524
2016-01-28 22:30:55,226 - mining - DEBUG - objective:346.3524
2016-01-28 22:30:57,269 - mining - DEBUG - objective:346.3524
2016-01-28 22:30:59,484 - mining - DEBUG - objective:346.3524
2016-01-28 22:31:00,872 - mining - DEBUG - objective:346.3524
2016-01-28 22:31:03,306 - mining - DEBUG - objective:346.3524
2016-01-28 22:31:05,171 - mining - DEBUG - objective:346.3524
2016-01-28 22:31:07,119 - mining - DEBUG - objective:346.3524
2016-01-28 22:31:08,703 - mining - DEBUG - objective:346.3524
2016-01-28 22:31:11,214 - mining - INFO - Saving model...
2016-01-28 22:31:11,340 - mining - INFO - Model saved.
2016-01-28 22:31:11,362 - mining - DEBUG - prediction started...
2016-01-28 22:31:11,611 - mining - DEBUG - prediction finished
