2017-12-11 21:19:44,642 - sarcos - INFO - experiment started for:{'run_id': 0, 'max_iter': 200, 'optimization_config': {'hyp': 10, 'll': 10, 'mog': 25}, 'xtol': 0.001, 'git_hash': 'e9937eb5130531ee5f0a59d3e5ee7d7157392db8', 'model_init': None, 'ftol': 1e-05, 'latent_noise:': 0.001, 'sparsity_factor': 0.001, 'll': 'CogLL', 'sample_num': 100, 'experiment': 'sarcos', 'git_branch': 'master', 'random_Z': False, 'method': 'diag'}
2017-12-11 21:19:51,004 - sarcos - INFO - Iteration 1 started.
2017-12-11 21:19:51,005 - sarcos - INFO - Optimizing: hyp
2017-12-11 21:21:08,908 - sarcos - DEBUG - Objective: 854857.1942
2017-12-11 21:22:26,719 - sarcos - DEBUG - Objective: 557586.9090
2017-12-11 21:23:44,774 - sarcos - DEBUG - Objective: 500415.9620
2017-12-11 21:25:04,111 - sarcos - DEBUG - Objective: 457877.7844
2017-12-11 21:26:24,784 - sarcos - DEBUG - Objective: 439990.3133
2017-12-11 21:27:45,150 - sarcos - DEBUG - Objective: 430845.9005
2017-12-11 21:29:04,436 - sarcos - DEBUG - Objective: 425800.1300
2017-12-11 21:30:22,310 - sarcos - DEBUG - Objective: 423155.4273
2017-12-11 21:31:41,401 - sarcos - DEBUG - Objective: 425857.9666
2017-12-11 21:32:59,528 - sarcos - DEBUG - Objective: 423861.5457
2017-12-11 21:34:33,970 - sarcos - DEBUG - Objective: 424004.1701
2017-12-11 21:35:52,266 - sarcos - DEBUG - Objective: 423782.2503
2017-12-11 21:37:10,581 - sarcos - DEBUG - Objective: 423706.6043
2017-12-11 21:38:33,702 - sarcos - DEBUG - Objective: 422814.9099
2017-12-11 21:39:51,892 - sarcos - DEBUG - Objective: 423721.8645
2017-12-11 21:41:12,065 - sarcos - DEBUG - Objective: 422888.6796
2017-12-11 21:42:34,468 - sarcos - INFO - Optimizing: mog
2017-12-11 21:42:41,857 - sarcos - DEBUG - Objective: 422873.3959
2017-12-11 21:42:49,206 - sarcos - DEBUG - Objective: 419590.5585
2017-12-11 21:42:56,562 - sarcos - DEBUG - Objective: 421324.0364
2017-12-11 21:43:03,961 - sarcos - DEBUG - Objective: 413452.7980
2017-12-11 21:43:11,342 - sarcos - DEBUG - Objective: 409344.0191
2017-12-11 21:43:18,715 - sarcos - DEBUG - Objective: 407877.0930
2017-12-11 21:43:26,076 - sarcos - DEBUG - Objective: 404019.7147
2017-12-11 21:43:33,446 - sarcos - DEBUG - Objective: 401013.9304
2017-12-11 21:43:40,837 - sarcos - DEBUG - Objective: 750504.0213
2017-12-11 21:43:48,218 - sarcos - DEBUG - Objective: 396678.1157
2017-12-11 21:43:55,602 - sarcos - DEBUG - Objective: 394936.5469
2017-12-11 21:44:03,057 - sarcos - DEBUG - Objective: 392568.4747
2017-12-11 21:44:10,477 - sarcos - DEBUG - Objective: 391679.5640
2017-12-11 21:44:17,893 - sarcos - DEBUG - Objective: 390923.2064
2017-12-11 21:44:25,284 - sarcos - DEBUG - Objective: 390075.4594
2017-12-11 21:44:32,656 - sarcos - DEBUG - Objective: 389409.4660
2017-12-11 21:44:40,088 - sarcos - DEBUG - Objective: 388308.8575
2017-12-11 21:44:47,528 - sarcos - DEBUG - Objective: 387899.1486
2017-12-11 21:44:54,926 - sarcos - DEBUG - Objective: 387525.0502
2017-12-11 21:45:02,363 - sarcos - DEBUG - Objective: 387110.0737
2017-12-11 21:45:09,788 - sarcos - DEBUG - Objective: 387133.1117
2017-12-11 21:45:17,205 - sarcos - DEBUG - Objective: 386963.5359
2017-12-11 21:45:24,608 - sarcos - DEBUG - Objective: 386748.8683
2017-12-11 21:45:31,957 - sarcos - DEBUG - Objective: 386602.3138
2017-12-11 21:45:39,365 - sarcos - DEBUG - Objective: 386351.7741
2017-12-11 21:45:46,757 - sarcos - DEBUG - Objective: 386156.5972
2017-12-11 21:45:46,758 - sarcos - INFO - Optimizing: hyp
2017-12-11 21:47:09,136 - sarcos - DEBUG - Objective: 386113.6212
2017-12-11 21:48:31,739 - sarcos - DEBUG - Objective: 388583.0744
2017-12-11 21:49:54,587 - sarcos - DEBUG - Objective: 385865.3079
2017-12-11 21:51:17,919 - sarcos - DEBUG - Objective: 386102.7882
2017-12-11 21:52:41,075 - sarcos - DEBUG - Objective: 386215.7385
2017-12-11 21:54:03,849 - sarcos - DEBUG - Objective: 386127.7333
2017-12-11 21:55:26,390 - sarcos - DEBUG - Objective: 386157.4087
2017-12-11 21:56:49,458 - sarcos - DEBUG - Objective: 386140.5533
2017-12-11 21:58:12,294 - sarcos - INFO - Optimizing: ll
2017-12-11 21:58:19,257 - sarcos - DEBUG - Objective: 385817.9547
2017-12-11 21:58:26,237 - sarcos - DEBUG - Objective: 177253.9990
2017-12-11 21:58:33,201 - sarcos - DEBUG - Objective: 146096.0028
2017-12-11 21:58:40,164 - sarcos - DEBUG - Objective: 130705.8954
2017-12-11 21:58:47,124 - sarcos - DEBUG - Objective: 127956.0807
2017-12-11 21:58:54,077 - sarcos - DEBUG - Objective: 127668.3249
2017-12-11 21:59:01,177 - sarcos - DEBUG - Objective: 127654.2495
2017-12-11 21:59:08,180 - sarcos - DEBUG - Objective: 127660.5752
2017-12-11 21:59:15,161 - sarcos - DEBUG - Objective: 127651.9222
2017-12-11 21:59:22,150 - sarcos - DEBUG - Objective: 127664.5580
2017-12-11 21:59:29,140 - sarcos - DEBUG - Objective: 127659.4545
2017-12-11 21:59:29,159 - sarcos - INFO - Iteration 2 started.
2017-12-11 21:59:29,160 - sarcos - INFO - Optimizing: hyp
2017-12-11 22:00:51,782 - sarcos - DEBUG - Objective: 127666.4131
2017-12-11 22:02:13,697 - sarcos - DEBUG - Objective: 133117.5450
2017-12-11 22:03:39,691 - sarcos - DEBUG - Objective: 128412.9389
2017-12-11 22:05:02,648 - sarcos - DEBUG - Objective: 127748.8235
2017-12-11 22:06:25,373 - sarcos - DEBUG - Objective: 127679.5089
2017-12-11 22:07:47,989 - sarcos - DEBUG - Objective: 127667.1474
2017-12-11 22:09:10,807 - sarcos - DEBUG - Objective: 127662.9090
2017-12-11 22:10:33,686 - sarcos - DEBUG - Objective: 127659.8838
2017-12-11 22:11:56,517 - sarcos - DEBUG - Objective: 127666.0970
2017-12-11 22:13:19,204 - sarcos - DEBUG - Objective: 127659.6145
2017-12-11 22:14:41,845 - sarcos - DEBUG - Objective: 127658.0392
2017-12-11 22:16:04,424 - sarcos - DEBUG - Objective: 127664.9934
2017-12-11 22:17:27,005 - sarcos - DEBUG - Objective: 127659.7403
2017-12-11 22:18:49,595 - sarcos - DEBUG - Objective: 127665.6119
2017-12-11 22:20:12,191 - sarcos - DEBUG - Objective: 127654.2720
2017-12-11 22:21:34,690 - sarcos - DEBUG - Objective: 127659.8993
2017-12-11 22:22:56,958 - sarcos - DEBUG - Objective: 127657.6667
2017-12-11 22:24:19,471 - sarcos - DEBUG - Objective: 127666.3168
2017-12-11 22:25:42,083 - sarcos - DEBUG - Objective: 127665.2045
2017-12-11 22:27:04,767 - sarcos - DEBUG - Objective: 127654.1834
2017-12-11 22:28:27,511 - sarcos - DEBUG - Objective: 127662.6855
2017-12-11 22:29:50,200 - sarcos - INFO - Optimizing: mog
2017-12-11 22:29:57,530 - sarcos - DEBUG - Objective: 127658.9111
2017-12-11 22:30:04,930 - sarcos - DEBUG - Objective: 126973.8320
2017-12-11 22:30:12,313 - sarcos - DEBUG - Objective: 124965.5283
2017-12-11 22:30:19,688 - sarcos - DEBUG - Objective: 125728.5383
2017-12-11 22:30:27,044 - sarcos - DEBUG - Objective: 124833.9051
2017-12-11 22:30:34,426 - sarcos - DEBUG - Objective: 124783.3197
2017-12-11 22:30:41,851 - sarcos - DEBUG - Objective: 124720.0937
2017-12-11 22:30:49,223 - sarcos - DEBUG - Objective: 124644.1573
2017-12-11 22:30:56,643 - sarcos - DEBUG - Objective: 124521.6791
2017-12-11 22:31:04,074 - sarcos - DEBUG - Objective: 124458.2568
2017-12-11 22:31:11,504 - sarcos - DEBUG - Objective: 124399.8046
2017-12-11 22:31:18,930 - sarcos - DEBUG - Objective: 124371.9863
2017-12-11 22:31:26,312 - sarcos - DEBUG - Objective: 124349.5426
2017-12-11 22:31:33,744 - sarcos - DEBUG - Objective: 124329.2505
2017-12-11 22:31:41,160 - sarcos - DEBUG - Objective: 124334.0022
2017-12-11 22:31:48,556 - sarcos - DEBUG - Objective: 124327.9665
2017-12-11 22:31:55,957 - sarcos - DEBUG - Objective: 124326.6983
2017-12-11 22:32:03,402 - sarcos - DEBUG - Objective: 124328.0820
2017-12-11 22:32:10,803 - sarcos - DEBUG - Objective: 124321.1520
2017-12-11 22:32:18,200 - sarcos - DEBUG - Objective: 124319.0532
2017-12-11 22:32:25,580 - sarcos - DEBUG - Objective: 124315.8948
2017-12-11 22:32:33,002 - sarcos - DEBUG - Objective: 124313.9058
2017-12-11 22:32:40,443 - sarcos - DEBUG - Objective: 124309.1516
2017-12-11 22:32:47,899 - sarcos - DEBUG - Objective: 124316.9484
2017-12-11 22:32:55,341 - sarcos - DEBUG - Objective: 124322.7196
2017-12-11 22:33:02,808 - sarcos - DEBUG - Objective: 124314.7400
2017-12-11 22:33:10,255 - sarcos - DEBUG - Objective: 124325.7254
2017-12-11 22:33:17,695 - sarcos - DEBUG - Objective: 124310.6695
2017-12-11 22:33:17,696 - sarcos - DEBUG - Objective: 124310.6695
2017-12-11 22:33:17,697 - sarcos - INFO - Optimizing: hyp
2017-12-11 22:34:40,275 - sarcos - DEBUG - Objective: 124309.7566
2017-12-11 22:35:57,512 - sarcos - DEBUG - Objective: 118583.1876
2017-12-11 22:37:15,615 - sarcos - DEBUG - Objective: 121967.8663
2017-12-11 22:38:36,069 - sarcos - DEBUG - Objective: 123603.1364
2017-12-11 22:39:57,660 - sarcos - DEBUG - Objective: 124090.1814
2017-12-11 22:41:19,792 - sarcos - DEBUG - Objective: 124243.7963
2017-12-11 22:42:42,155 - sarcos - DEBUG - Objective: 124293.2920
2017-12-11 22:44:04,503 - sarcos - DEBUG - Objective: 124312.1718
2017-12-11 22:45:26,957 - sarcos - DEBUG - Objective: 124314.0072
2017-12-11 22:46:49,495 - sarcos - DEBUG - Objective: 124314.0235
2017-12-11 22:48:11,890 - sarcos - DEBUG - Objective: 124309.5211
2017-12-11 22:49:34,218 - sarcos - DEBUG - Objective: 124317.2497
2017-12-11 22:50:56,749 - sarcos - DEBUG - Objective: 124319.1326
2017-12-11 22:52:19,385 - sarcos - DEBUG - Objective: 124313.1450
2017-12-11 22:53:41,814 - sarcos - DEBUG - Objective: 124313.4641
2017-12-11 22:55:04,329 - sarcos - DEBUG - Objective: 124318.6885
2017-12-11 22:56:26,859 - sarcos - DEBUG - Objective: 124312.6033
2017-12-11 22:57:49,573 - sarcos - DEBUG - Objective: 124310.9705
2017-12-11 22:59:12,167 - sarcos - DEBUG - Objective: 124312.0996
2017-12-11 23:00:34,695 - sarcos - DEBUG - Objective: 124330.0960
2017-12-11 23:01:57,255 - sarcos - DEBUG - Objective: 124316.1887
2017-12-11 23:03:14,679 - sarcos - INFO - Optimizing: ll
2017-12-11 23:03:20,294 - sarcos - DEBUG - Objective: 118578.4948
2017-12-11 23:03:25,887 - sarcos - DEBUG - Objective: 142890.0485
2017-12-11 23:03:31,523 - sarcos - DEBUG - Objective: 118330.8273
2017-12-11 23:03:37,164 - sarcos - DEBUG - Objective: 118342.9840
2017-12-11 23:03:42,811 - sarcos - DEBUG - Objective: 118348.5875
2017-12-11 23:03:48,554 - sarcos - DEBUG - Objective: 118345.2483
2017-12-11 23:03:54,168 - sarcos - DEBUG - Objective: 118346.7757
2017-12-11 23:03:59,717 - sarcos - DEBUG - Objective: 118338.5196
2017-12-11 23:03:59,717 - sarcos - DEBUG - Objective: 118338.5196
2017-12-11 23:03:59,739 - sarcos - DEBUG - Objective difference: 9320.934947
2017-12-11 23:03:59,739 - sarcos - INFO - Mean difference: 0.296544
2017-12-11 23:03:59,739 - sarcos - INFO - Covariance difference: 0.163769
2017-12-11 23:03:59,740 - sarcos - INFO - Iteration 3 started.
2017-12-11 23:03:59,740 - sarcos - INFO - Optimizing: hyp
2017-12-11 23:05:16,984 - sarcos - DEBUG - Objective: 118348.0466
2017-12-11 23:07:00,209 - sarcos - DEBUG - Objective: 129044.8838
2017-12-11 23:08:17,355 - sarcos - DEBUG - Objective: 118346.7253
2017-12-11 23:08:17,355 - sarcos - DEBUG - Objective: 118346.7253
2017-12-11 23:09:43,528 - sarcos - DEBUG - Objective: 125153.3601
2017-12-11 23:11:01,051 - sarcos - DEBUG - Objective: 120091.5591
2017-12-11 23:12:18,239 - sarcos - DEBUG - Objective: 118191.7709
2017-12-11 23:13:35,697 - sarcos - DEBUG - Objective: 118184.7489
2017-12-11 23:14:52,857 - sarcos - DEBUG - Objective: 118173.8615
2017-12-11 23:16:10,067 - sarcos - DEBUG - Objective: 118121.0595
2017-12-11 23:17:27,247 - sarcos - DEBUG - Objective: 118126.7923
2017-12-11 23:18:44,463 - sarcos - DEBUG - Objective: 118108.3282
2017-12-11 23:18:44,464 - sarcos - INFO - Optimizing: mog
2017-12-11 23:18:50,513 - sarcos - DEBUG - Objective: 118110.0375
2017-12-11 23:18:56,541 - sarcos - DEBUG - Objective: 116298.2958
2017-12-11 23:19:02,608 - sarcos - DEBUG - Objective: 115963.2644
2017-12-11 23:19:08,634 - sarcos - DEBUG - Objective: 115797.2593
2017-12-11 23:19:14,672 - sarcos - DEBUG - Objective: 115474.8408
2017-12-11 23:19:20,696 - sarcos - DEBUG - Objective: 115288.2754
2017-12-11 23:19:26,697 - sarcos - DEBUG - Objective: 115113.8901
2017-12-11 23:19:32,720 - sarcos - DEBUG - Objective: 114931.1949
2017-12-11 23:19:38,776 - sarcos - DEBUG - Objective: 114784.9488
2017-12-11 23:19:44,792 - sarcos - DEBUG - Objective: 114510.2469
2017-12-11 23:19:50,808 - sarcos - DEBUG - Objective: 114348.9927
2017-12-11 23:19:56,816 - sarcos - DEBUG - Objective: 114225.1956
2017-12-11 23:20:02,875 - sarcos - DEBUG - Objective: 114136.1597
2017-12-11 23:20:08,906 - sarcos - DEBUG - Objective: 114037.0509
2017-12-11 23:20:14,932 - sarcos - DEBUG - Objective: 114002.5907
2017-12-11 23:20:20,974 - sarcos - DEBUG - Objective: 113972.8016
2017-12-11 23:20:27,011 - sarcos - DEBUG - Objective: 113958.4558
2017-12-11 23:20:33,045 - sarcos - DEBUG - Objective: 113925.2242
2017-12-11 23:20:39,063 - sarcos - DEBUG - Objective: 113908.8683
2017-12-11 23:20:45,076 - sarcos - DEBUG - Objective: 113892.3499
2017-12-11 23:20:51,081 - sarcos - DEBUG - Objective: 113832.4560
2017-12-11 23:20:57,124 - sarcos - DEBUG - Objective: 113785.0831
2017-12-11 23:21:03,176 - sarcos - DEBUG - Objective: 113721.9486
2017-12-11 23:21:09,212 - sarcos - DEBUG - Objective: 113691.8026
2017-12-11 23:21:15,248 - sarcos - DEBUG - Objective: 113689.7625
2017-12-11 23:21:21,275 - sarcos - DEBUG - Objective: 113671.8072
2017-12-11 23:21:21,276 - sarcos - INFO - Optimizing: hyp
2017-12-11 23:22:38,344 - sarcos - DEBUG - Objective: 113670.2194
2017-12-11 23:23:55,571 - sarcos - DEBUG - Objective: 114537.6725
2017-12-11 23:25:12,771 - sarcos - DEBUG - Objective: 113637.0474
2017-12-11 23:26:30,001 - sarcos - DEBUG - Objective: 114001.9223
2017-12-11 23:27:47,285 - sarcos - DEBUG - Objective: 113643.9914
2017-12-11 23:29:04,507 - sarcos - DEBUG - Objective: 113648.9031
2017-12-11 23:30:21,714 - sarcos - DEBUG - Objective: 113642.9623
2017-12-11 23:31:38,896 - sarcos - DEBUG - Objective: 113644.8796
2017-12-11 23:32:56,321 - sarcos - DEBUG - Objective: 141731.9551
2017-12-11 23:34:14,060 - sarcos - DEBUG - Objective: 109611.5741
2017-12-11 23:35:31,124 - sarcos - DEBUG - Objective: 109683.4171
2017-12-11 23:36:48,250 - sarcos - DEBUG - Objective: 109644.6595
2017-12-11 23:38:05,308 - sarcos - DEBUG - Objective: 109632.3216
2017-12-11 23:39:22,394 - sarcos - DEBUG - Objective: 109609.9258
2017-12-11 23:40:39,575 - sarcos - DEBUG - Objective: 109625.3501
2017-12-11 23:41:56,830 - sarcos - DEBUG - Objective: 109615.4783
2017-12-11 23:43:13,929 - sarcos - DEBUG - Objective: 109620.8797
2017-12-11 23:43:13,930 - sarcos - INFO - Optimizing: ll
2017-12-11 23:43:19,523 - sarcos - DEBUG - Objective: 109607.9091
2017-12-11 23:43:25,172 - sarcos - DEBUG - Objective: 116275.0494
2017-12-11 23:43:30,832 - sarcos - DEBUG - Objective: 106476.9350
2017-12-11 23:43:36,418 - sarcos - DEBUG - Objective: 106464.5686
2017-12-11 23:43:41,998 - sarcos - DEBUG - Objective: 106460.2865
2017-12-11 23:43:47,583 - sarcos - DEBUG - Objective: 106445.4670
2017-12-11 23:43:53,108 - sarcos - DEBUG - Objective: 106457.2466
2017-12-11 23:43:58,700 - sarcos - DEBUG - Objective: 106447.4238
2017-12-11 23:44:04,310 - sarcos - DEBUG - Objective: 106462.1117
2017-12-11 23:44:04,332 - sarcos - DEBUG - Objective difference: 11876.407858
2017-12-11 23:44:04,333 - sarcos - INFO - Mean difference: 0.241627
2017-12-11 23:44:04,333 - sarcos - INFO - Covariance difference: 0.094753
2017-12-11 23:44:04,333 - sarcos - INFO - Iteration 4 started.
2017-12-11 23:44:04,333 - sarcos - INFO - Optimizing: hyp
2017-12-11 23:45:21,643 - sarcos - DEBUG - Objective: 106458.9439
2017-12-11 23:46:39,553 - sarcos - DEBUG - Objective: 139896.0659
2017-12-11 23:47:56,664 - sarcos - DEBUG - Objective: 105384.3428
2017-12-11 23:49:14,214 - sarcos - DEBUG - Objective: 105197.8856
2017-12-11 23:50:31,314 - sarcos - DEBUG - Objective: 104686.0247
2017-12-11 23:51:48,508 - sarcos - DEBUG - Objective: 102928.5064
2017-12-11 23:53:05,640 - sarcos - DEBUG - Objective: 102200.2183
2017-12-11 23:54:22,716 - sarcos - DEBUG - Objective: 104986.1670
2017-12-11 23:55:39,800 - sarcos - DEBUG - Objective: 102275.2242
2017-12-11 23:56:56,973 - sarcos - DEBUG - Objective: 102210.9188
2017-12-11 23:58:14,251 - sarcos - DEBUG - Objective: 102202.8797
2017-12-11 23:59:31,382 - sarcos - DEBUG - Objective: 102206.2280
2017-12-12 00:00:48,479 - sarcos - DEBUG - Objective: 102212.9920
2017-12-12 00:02:05,711 - sarcos - DEBUG - Objective: 102202.7187
2017-12-12 00:02:05,712 - sarcos - DEBUG - Objective: 102202.7187
2017-12-12 00:02:05,712 - sarcos - INFO - Optimizing: mog
2017-12-12 00:02:11,764 - sarcos - DEBUG - Objective: 102207.0867
2017-12-12 00:02:17,790 - sarcos - DEBUG - Objective: 100153.6035
2017-12-12 00:02:23,845 - sarcos - DEBUG - Objective: 99688.4761
2017-12-12 00:02:29,877 - sarcos - DEBUG - Objective: 98644.8805
2017-12-12 00:02:35,897 - sarcos - DEBUG - Objective: 98198.0686
2017-12-12 00:02:41,956 - sarcos - DEBUG - Objective: 97132.5077
2017-12-12 00:02:47,982 - sarcos - DEBUG - Objective: 96843.6016
2017-12-12 00:02:53,999 - sarcos - DEBUG - Objective: 96235.8666
2017-12-12 00:03:00,048 - sarcos - DEBUG - Objective: 95853.1916
2017-12-12 00:03:06,097 - sarcos - DEBUG - Objective: 95529.2566
2017-12-12 00:03:12,120 - sarcos - DEBUG - Objective: 94738.2968
2017-12-12 00:03:18,169 - sarcos - DEBUG - Objective: 94395.8791
2017-12-12 00:03:24,162 - sarcos - DEBUG - Objective: 93876.5843
2017-12-12 00:03:30,184 - sarcos - DEBUG - Objective: 93700.2927
2017-12-12 00:03:36,188 - sarcos - DEBUG - Objective: 93421.0533
2017-12-12 00:03:42,200 - sarcos - DEBUG - Objective: 93219.6594
2017-12-12 00:03:48,223 - sarcos - DEBUG - Objective: 93078.1773
2017-12-12 00:03:54,248 - sarcos - DEBUG - Objective: 92952.9423
2017-12-12 00:04:00,283 - sarcos - DEBUG - Objective: 92820.6360
2017-12-12 00:04:06,339 - sarcos - DEBUG - Objective: 92695.9862
2017-12-12 00:04:12,381 - sarcos - DEBUG - Objective: 92610.9799
2017-12-12 00:04:18,426 - sarcos - DEBUG - Objective: 92513.1505
2017-12-12 00:04:24,427 - sarcos - DEBUG - Objective: 92473.1255
2017-12-12 00:04:30,476 - sarcos - DEBUG - Objective: 92375.4572
2017-12-12 00:04:36,496 - sarcos - DEBUG - Objective: 92223.7112
2017-12-12 00:04:42,531 - sarcos - DEBUG - Objective: 92171.7879
2017-12-12 00:04:42,532 - sarcos - INFO - Optimizing: hyp
2017-12-12 00:05:59,664 - sarcos - DEBUG - Objective: 92183.0401
2017-12-12 00:07:16,669 - sarcos - DEBUG - Objective: 103449.5926
2017-12-12 00:08:33,836 - sarcos - DEBUG - Objective: 92312.4090
2017-12-12 00:09:50,867 - sarcos - DEBUG - Objective: 92187.9388
2017-12-12 00:11:08,209 - sarcos - DEBUG - Objective: 92193.5975
2017-12-12 00:12:25,305 - sarcos - DEBUG - Objective: 92154.3693
2017-12-12 00:13:42,403 - sarcos - DEBUG - Objective: 92171.0465
2017-12-12 00:14:59,410 - sarcos - DEBUG - Objective: 92184.6621
2017-12-12 00:14:59,411 - sarcos - INFO - Optimizing: ll
2017-12-12 00:15:05,101 - sarcos - DEBUG - Objective: 92178.5892
2017-12-12 00:15:10,813 - sarcos - DEBUG - Objective: 97908.9444
2017-12-12 00:15:16,432 - sarcos - DEBUG - Objective: 88740.0698
2017-12-12 00:15:22,120 - sarcos - DEBUG - Objective: 88732.9981
2017-12-12 00:15:27,735 - sarcos - DEBUG - Objective: 88741.7574
2017-12-12 00:15:33,331 - sarcos - DEBUG - Objective: 88748.7101
2017-12-12 00:15:38,953 - sarcos - DEBUG - Objective: 88728.4781
2017-12-12 00:15:44,557 - sarcos - DEBUG - Objective: 88760.0021
2017-12-12 00:15:50,148 - sarcos - DEBUG - Objective: 88739.6271
2017-12-12 00:15:50,170 - sarcos - DEBUG - Objective difference: 17722.484659
2017-12-12 00:15:50,170 - sarcos - INFO - Mean difference: 0.461220
2017-12-12 00:15:50,170 - sarcos - INFO - Covariance difference: 0.294999
2017-12-12 00:15:50,170 - sarcos - INFO - Iteration 5 started.
2017-12-12 00:15:50,171 - sarcos - INFO - Optimizing: hyp
2017-12-12 00:17:07,416 - sarcos - DEBUG - Objective: 88738.0819
2017-12-12 00:18:24,848 - sarcos - DEBUG - Objective: 107922.0002
2017-12-12 00:19:42,062 - sarcos - DEBUG - Objective: 88917.6276
2017-12-12 00:20:59,490 - sarcos - DEBUG - Objective: 88750.2031
2017-12-12 00:22:16,691 - sarcos - DEBUG - Objective: 88744.7797
2017-12-12 00:23:33,903 - sarcos - DEBUG - Objective: 88738.2061
2017-12-12 00:24:51,349 - sarcos - DEBUG - Objective: 88784.8399
2017-12-12 00:26:08,902 - sarcos - DEBUG - Objective: 88739.6787
2017-12-12 00:26:08,902 - sarcos - DEBUG - Objective: 88739.6787
2017-12-12 00:26:08,903 - sarcos - INFO - Optimizing: mog
2017-12-12 00:26:14,945 - sarcos - DEBUG - Objective: 88757.4726
2017-12-12 00:26:20,989 - sarcos - DEBUG - Objective: 90063.8216
2017-12-12 00:26:27,039 - sarcos - DEBUG - Objective: 88477.5847
2017-12-12 00:26:33,066 - sarcos - DEBUG - Objective: 88328.8184
2017-12-12 00:26:39,102 - sarcos - DEBUG - Objective: 88287.3083
2017-12-12 00:26:45,156 - sarcos - DEBUG - Objective: 88191.1772
2017-12-12 00:26:51,206 - sarcos - DEBUG - Objective: 88076.6656
2017-12-12 00:26:57,206 - sarcos - DEBUG - Objective: 88039.0761
2017-12-12 00:27:03,274 - sarcos - DEBUG - Objective: 88029.5816
2017-12-12 00:27:09,333 - sarcos - DEBUG - Objective: 87959.9511
2017-12-12 00:27:15,376 - sarcos - DEBUG - Objective: 87896.9520
2017-12-12 00:27:21,419 - sarcos - DEBUG - Objective: 87833.5373
2017-12-12 00:27:27,493 - sarcos - DEBUG - Objective: 87796.0070
2017-12-12 00:27:33,550 - sarcos - DEBUG - Objective: 87738.4300
2017-12-12 00:27:39,597 - sarcos - DEBUG - Objective: 87743.2911
2017-12-12 00:27:45,595 - sarcos - DEBUG - Objective: 87719.7470
2017-12-12 00:27:51,747 - sarcos - DEBUG - Objective: 87688.6353
2017-12-12 00:27:57,772 - sarcos - DEBUG - Objective: 87690.1737
2017-12-12 00:28:03,834 - sarcos - DEBUG - Objective: 87707.5856
2017-12-12 00:28:09,904 - sarcos - DEBUG - Objective: 87716.4929
2017-12-12 00:28:15,950 - sarcos - DEBUG - Objective: 87694.0252
2017-12-12 00:28:21,951 - sarcos - DEBUG - Objective: 87713.6437
2017-12-12 00:28:27,995 - sarcos - DEBUG - Objective: 87728.1922
2017-12-12 00:28:27,996 - sarcos - DEBUG - Objective: 87728.1922
2017-12-12 00:28:27,996 - sarcos - INFO - Optimizing: hyp
2017-12-12 00:29:45,134 - sarcos - DEBUG - Objective: 87701.1341
2017-12-12 00:31:02,372 - sarcos - DEBUG - Objective: 107525.1128
2017-12-12 00:32:19,723 - sarcos - DEBUG - Objective: 87869.0245
2017-12-12 00:33:37,218 - sarcos - DEBUG - Objective: 87746.5571
2017-12-12 00:34:54,563 - sarcos - DEBUG - Objective: 87711.3697
2017-12-12 00:36:11,772 - sarcos - DEBUG - Objective: 87717.5638
2017-12-12 00:37:29,035 - sarcos - DEBUG - Objective: 87728.2369
2017-12-12 00:38:46,368 - sarcos - DEBUG - Objective: 87717.9158
2017-12-12 00:38:46,368 - sarcos - DEBUG - Objective: 87717.9158
2017-12-12 00:38:46,369 - sarcos - INFO - Optimizing: ll
2017-12-12 00:38:51,991 - sarcos - DEBUG - Objective: 87721.2042
2017-12-12 00:38:57,633 - sarcos - DEBUG - Objective: 114553.1691
2017-12-12 00:39:03,315 - sarcos - DEBUG - Objective: 87622.5103
2017-12-12 00:39:09,047 - sarcos - DEBUG - Objective: 87619.2260
2017-12-12 00:39:14,779 - sarcos - DEBUG - Objective: 87619.4104
2017-12-12 00:39:20,415 - sarcos - DEBUG - Objective: 87623.2892
2017-12-12 00:39:26,030 - sarcos - DEBUG - Objective: 87614.8563
2017-12-12 00:39:31,628 - sarcos - DEBUG - Objective: 87619.3216
2017-12-12 00:39:37,304 - sarcos - DEBUG - Objective: 87623.5309
2017-12-12 00:39:37,304 - sarcos - DEBUG - Objective: 87623.5309
2017-12-12 00:39:37,326 - sarcos - DEBUG - Objective difference: 1116.096134
2017-12-12 00:39:37,326 - sarcos - INFO - Mean difference: 0.051310
2017-12-12 00:39:37,327 - sarcos - INFO - Covariance difference: 0.016035
2017-12-12 00:39:37,327 - sarcos - INFO - Iteration 6 started.
2017-12-12 00:39:37,327 - sarcos - INFO - Optimizing: hyp
2017-12-12 00:40:54,630 - sarcos - DEBUG - Objective: 87617.1580
2017-12-12 00:42:11,851 - sarcos - DEBUG - Objective: 109173.5817
2017-12-12 00:43:29,121 - sarcos - DEBUG - Objective: 87784.8408
2017-12-12 00:44:46,369 - sarcos - DEBUG - Objective: 87588.9901
2017-12-12 00:46:03,527 - sarcos - DEBUG - Objective: 87633.5053
2017-12-12 00:47:20,850 - sarcos - DEBUG - Objective: 87631.3242
2017-12-12 00:47:20,851 - sarcos - INFO - Optimizing: mog
2017-12-12 00:47:26,863 - sarcos - DEBUG - Objective: 87627.4711
2017-12-12 00:47:32,849 - sarcos - DEBUG - Objective: 92547.5375
2017-12-12 00:47:38,856 - sarcos - DEBUG - Objective: 87622.7359
2017-12-12 00:47:44,887 - sarcos - DEBUG - Objective: 87612.0276
2017-12-12 00:47:50,909 - sarcos - DEBUG - Objective: 87580.6439
2017-12-12 00:47:56,932 - sarcos - DEBUG - Objective: 87554.4722
2017-12-12 00:48:02,971 - sarcos - DEBUG - Objective: 87524.9955
2017-12-12 00:48:09,009 - sarcos - DEBUG - Objective: 87564.8942
2017-12-12 00:48:15,033 - sarcos - DEBUG - Objective: 87578.0243
2017-12-12 00:48:21,051 - sarcos - DEBUG - Objective: 87548.4466
2017-12-12 00:48:27,023 - sarcos - DEBUG - Objective: 87541.9637
2017-12-12 00:48:33,054 - sarcos - DEBUG - Objective: 87542.1974
2017-12-12 00:48:33,055 - sarcos - DEBUG - Objective: 87542.1974
2017-12-12 00:48:33,055 - sarcos - INFO - Optimizing: hyp
2017-12-12 00:49:50,414 - sarcos - DEBUG - Objective: 87533.8807
2017-12-12 00:51:07,589 - sarcos - DEBUG - Objective: 109117.4537
2017-12-12 00:52:24,837 - sarcos - DEBUG - Objective: 87694.7412
2017-12-12 00:53:41,978 - sarcos - DEBUG - Objective: 87547.5416
2017-12-12 00:54:59,325 - sarcos - DEBUG - Objective: 87565.7987
2017-12-12 00:56:16,691 - sarcos - DEBUG - Objective: 87541.1070
2017-12-12 00:57:33,742 - sarcos - DEBUG - Objective: 87581.9126
2017-12-12 00:58:50,822 - sarcos - DEBUG - Objective: 87558.8312
2017-12-12 00:58:50,822 - sarcos - DEBUG - Objective: 87558.8312
2017-12-12 00:58:50,823 - sarcos - INFO - Optimizing: ll
2017-12-12 00:58:56,439 - sarcos - DEBUG - Objective: 87542.9580
2017-12-12 00:59:01,992 - sarcos - DEBUG - Objective: 118567.0216
2017-12-12 00:59:07,611 - sarcos - DEBUG - Objective: 87553.8341
2017-12-12 00:59:13,248 - sarcos - DEBUG - Objective: 87546.4546
2017-12-12 00:59:18,881 - sarcos - DEBUG - Objective: 87549.1779
2017-12-12 00:59:24,517 - sarcos - DEBUG - Objective: 87534.2819
2017-12-12 00:59:30,221 - sarcos - DEBUG - Objective: 87587.9427
2017-12-12 00:59:35,860 - sarcos - DEBUG - Objective: 87546.1503
2017-12-12 00:59:35,860 - sarcos - DEBUG - Objective: 87546.1503
2017-12-12 00:59:35,882 - sarcos - DEBUG - Objective difference: 77.380674
2017-12-12 00:59:35,883 - sarcos - INFO - Mean difference: 0.006334
2017-12-12 00:59:35,883 - sarcos - INFO - Covariance difference: 0.001937
2017-12-12 00:59:35,883 - sarcos - INFO - Iteration 7 started.
2017-12-12 00:59:35,883 - sarcos - INFO - Optimizing: hyp
2017-12-12 01:00:53,063 - sarcos - DEBUG - Objective: 87564.0397
2017-12-12 01:02:10,444 - sarcos - DEBUG - Objective: 109143.2392
2017-12-12 01:03:27,799 - sarcos - DEBUG - Objective: 87717.8003
2017-12-12 01:04:45,146 - sarcos - DEBUG - Objective: 87546.9365
2017-12-12 01:06:02,570 - sarcos - DEBUG - Objective: 87578.9752
2017-12-12 01:07:20,129 - sarcos - DEBUG - Objective: 87562.9494
2017-12-12 01:08:37,407 - sarcos - DEBUG - Objective: 91015.7175
2017-12-12 01:09:54,636 - sarcos - DEBUG - Objective: 87631.3977
2017-12-12 01:11:12,009 - sarcos - DEBUG - Objective: 87549.0541
2017-12-12 01:12:29,374 - sarcos - DEBUG - Objective: 87575.5343
2017-12-12 01:13:46,862 - sarcos - DEBUG - Objective: 87553.4138
2017-12-12 01:15:04,412 - sarcos - DEBUG - Objective: 87570.4646
2017-12-12 01:16:21,877 - sarcos - INFO - Optimizing: mog
2017-12-12 01:16:27,878 - sarcos - DEBUG - Objective: 87545.9745
2017-12-12 01:16:33,916 - sarcos - DEBUG - Objective: 89819.1638
2017-12-12 01:16:39,975 - sarcos - DEBUG - Objective: 87571.8308
2017-12-12 01:16:46,023 - sarcos - DEBUG - Objective: 87530.7509
2017-12-12 01:16:52,090 - sarcos - DEBUG - Objective: 87530.0836
2017-12-12 01:16:58,126 - sarcos - DEBUG - Objective: 87520.5349
2017-12-12 01:17:04,199 - sarcos - DEBUG - Objective: 87550.3238
2017-12-12 01:17:10,233 - sarcos - DEBUG - Objective: 87556.5772
2017-12-12 01:17:16,243 - sarcos - DEBUG - Objective: 87573.8266
2017-12-12 01:17:22,294 - sarcos - DEBUG - Objective: 87553.0816
2017-12-12 01:17:28,326 - sarcos - DEBUG - Objective: 87546.8218
2017-12-12 01:17:28,326 - sarcos - DEBUG - Objective: 87546.8218
2017-12-12 01:17:28,327 - sarcos - INFO - Optimizing: hyp
2017-12-12 01:18:45,694 - sarcos - DEBUG - Objective: 87579.8596
2017-12-12 01:20:03,169 - sarcos - DEBUG - Objective: 109324.4057
2017-12-12 01:21:20,555 - sarcos - DEBUG - Objective: 87736.3004
2017-12-12 01:22:38,120 - sarcos - DEBUG - Objective: 87573.2392
2017-12-12 01:23:55,227 - sarcos - DEBUG - Objective: 87563.8386
2017-12-12 01:25:12,353 - sarcos - DEBUG - Objective: 87650.2259
2017-12-12 01:26:29,643 - sarcos - DEBUG - Objective: 87584.1760
2017-12-12 01:27:47,348 - sarcos - DEBUG - Objective: 87595.2595
2017-12-12 01:29:05,139 - sarcos - DEBUG - Objective: 87575.7737
2017-12-12 01:30:22,195 - sarcos - DEBUG - Objective: 952669.7550
2017-12-12 01:31:39,684 - sarcos - DEBUG - Objective: 87589.1073
2017-12-12 01:31:39,685 - sarcos - INFO - Optimizing: ll
2017-12-12 01:31:45,297 - sarcos - DEBUG - Objective: 87566.6581
2017-12-12 01:31:50,924 - sarcos - DEBUG - Objective: 118691.9999
2017-12-12 01:31:56,593 - sarcos - DEBUG - Objective: 87556.3977
2017-12-12 01:32:02,442 - sarcos - DEBUG - Objective: 87552.7862
2017-12-12 01:32:08,157 - sarcos - DEBUG - Objective: 87612.3126
2017-12-12 01:32:13,867 - sarcos - DEBUG - Objective: 87574.5573
2017-12-12 01:32:19,494 - sarcos - DEBUG - Objective: 87576.2107
2017-12-12 01:32:19,495 - sarcos - DEBUG - Objective: 87576.2107
2017-12-12 01:32:19,517 - sarcos - DEBUG - Objective difference: -30.060422
2017-12-12 01:32:19,517 - sarcos - INFO - Mean difference: 0.001199
2017-12-12 01:32:19,517 - sarcos - INFO - Covariance difference: 0.000577
2017-12-12 01:32:19,518 - sarcos - DEBUG - prediction started...
2017-12-12 01:33:40,316 - sarcos - DEBUG - prediction finished
