2016-03-10 22:36:22,269 - sarcos - INFO - experiment started for:{'run_id': 0, 'max_iter': 200, 'optimization_config': {'hyp': 10, 'inducing': 6, 'll': 10, 'mog': 50}, 'xtol': 0.001, 'git_hash': '363f8b260fcbc47f2a6291c81686221e79ff1707', 'model_init': None, 'ftol': 1e-05, 'latent_noise:': 0.001, 'sparsity_factor': 0.001, 'll': 'CogLL', 'sample_num': 2000, 'experiment': 'sarcos', 'git_branch': 'master', 'random_Z': True, 'method': 'full'}
2016-03-10 22:36:38,400 - sarcos - INFO - Iteration 1 started.
2016-03-10 22:36:38,400 - sarcos - INFO - Optimizing: mog
2016-03-10 22:36:38,402 - sarcos - DEBUG - Objective:122295817304.6471
2016-03-10 22:36:53,805 - sarcos - DEBUG - Objective:42688333559.0203
2016-03-10 22:37:09,774 - sarcos - DEBUG - Objective:29850816831.4839
2016-03-10 22:37:25,286 - sarcos - DEBUG - Objective:15920369474.6969
2016-03-10 22:37:41,116 - sarcos - DEBUG - Objective:9440649987.1969
2016-03-10 22:37:57,203 - sarcos - DEBUG - Objective:5536125353.0580
2016-03-10 22:38:13,268 - sarcos - DEBUG - Objective:3338857789.8181
2016-03-10 22:38:29,340 - sarcos - DEBUG - Objective:2056678287.8643
2016-03-10 22:38:44,910 - sarcos - DEBUG - Objective:1345899516.6245
2016-03-10 22:39:00,508 - sarcos - DEBUG - Objective:915795502.7240
2016-03-10 22:39:16,067 - sarcos - DEBUG - Objective:665903056.5378
2016-03-10 22:39:31,702 - sarcos - DEBUG - Objective:505801465.4003
2016-03-10 22:39:47,081 - sarcos - DEBUG - Objective:389398367.3146
2016-03-10 22:40:02,914 - sarcos - DEBUG - Objective:280526818.4710
2016-03-10 22:40:18,273 - sarcos - DEBUG - Objective:169432024.2626
2016-03-10 22:40:33,876 - sarcos - DEBUG - Objective:84606036.6462
2016-03-10 22:40:49,206 - sarcos - DEBUG - Objective:42243119.2095
2016-03-10 22:41:04,788 - sarcos - DEBUG - Objective:22874508.6251
2016-03-10 22:41:20,168 - sarcos - DEBUG - Objective:14129812.1173
2016-03-10 22:41:36,200 - sarcos - DEBUG - Objective:8636912.2464
2016-03-10 22:41:52,356 - sarcos - DEBUG - Objective:7196463.4754
2016-03-10 22:42:08,755 - sarcos - DEBUG - Objective:4574973.0226
2016-03-10 22:42:24,289 - sarcos - DEBUG - Objective:3531148.5089
2016-03-10 22:42:39,692 - sarcos - DEBUG - Objective:2963239.6777
2016-03-10 22:42:55,573 - sarcos - DEBUG - Objective:2635772.8643
2016-03-10 22:43:11,278 - sarcos - DEBUG - Objective:2260840.7403
2016-03-10 22:43:27,096 - sarcos - DEBUG - Objective:1992050.5331
2016-03-10 22:43:42,585 - sarcos - DEBUG - Objective:1694194.1936
2016-03-10 22:43:58,479 - sarcos - DEBUG - Objective:1559389.4615
2016-03-10 22:44:14,500 - sarcos - DEBUG - Objective:1406558.7813
2016-03-10 22:44:30,067 - sarcos - DEBUG - Objective:1338476.6621
2016-03-10 22:44:45,640 - sarcos - DEBUG - Objective:1225741.2514
2016-03-10 22:45:01,250 - sarcos - DEBUG - Objective:1173460.5033
2016-03-10 22:45:17,054 - sarcos - DEBUG - Objective:1083559.1729
2016-03-10 22:45:32,853 - sarcos - DEBUG - Objective:1041143.2657
2016-03-10 22:45:48,558 - sarcos - DEBUG - Objective:997643.7462
2016-03-10 22:46:04,179 - sarcos - DEBUG - Objective:976076.3274
2016-03-10 22:46:19,807 - sarcos - DEBUG - Objective:945696.8786
2016-03-10 22:46:35,436 - sarcos - DEBUG - Objective:934907.4169
2016-03-10 22:46:51,017 - sarcos - DEBUG - Objective:911823.1959
2016-03-10 22:47:06,899 - sarcos - DEBUG - Objective:903283.2705
2016-03-10 22:47:22,970 - sarcos - DEBUG - Objective:891321.6764
2016-03-10 22:47:39,020 - sarcos - DEBUG - Objective:878078.1643
2016-03-10 22:47:55,057 - sarcos - DEBUG - Objective:871216.3807
2016-03-10 22:48:11,032 - sarcos - DEBUG - Objective:860915.2231
2016-03-10 22:48:26,878 - sarcos - DEBUG - Objective:857236.8493
2016-03-10 22:48:42,494 - sarcos - DEBUG - Objective:850579.2531
2016-03-10 22:48:58,377 - sarcos - DEBUG - Objective:846492.5356
2016-03-10 22:49:14,925 - sarcos - DEBUG - Objective:840371.5393
2016-03-10 22:49:30,514 - sarcos - DEBUG - Objective:838051.2549
2016-03-10 22:49:46,634 - sarcos - DEBUG - Objective:835874.5440
2016-03-10 22:49:46,636 - sarcos - INFO - Optimizing: hyp
2016-03-10 22:50:05,754 - sarcos - DEBUG - Objective:836025.5937
2016-03-10 22:50:25,164 - sarcos - DEBUG - Objective:549260.3657
2016-03-10 22:50:44,485 - sarcos - DEBUG - Objective:500161.4531
2016-03-10 22:51:03,717 - sarcos - DEBUG - Objective:460634.5289
2016-03-10 22:51:23,028 - sarcos - DEBUG - Objective:444050.6717
2016-03-10 22:51:42,410 - sarcos - DEBUG - Objective:435401.8288
2016-03-10 22:52:01,751 - sarcos - DEBUG - Objective:431544.2918
2016-03-10 22:52:21,114 - sarcos - DEBUG - Objective:430030.3142
2016-03-10 22:52:40,492 - sarcos - DEBUG - Objective:429611.5929
2016-03-10 22:52:59,842 - sarcos - DEBUG - Objective:429566.8789
2016-03-10 22:53:19,231 - sarcos - DEBUG - Objective:429562.9831
2016-03-10 22:53:19,231 - sarcos - INFO - Optimizing: ll
2016-03-10 22:53:35,224 - sarcos - DEBUG - Objective:429570.5327
2016-03-10 22:53:51,073 - sarcos - DEBUG - Objective:191726.3693
2016-03-10 22:54:07,280 - sarcos - DEBUG - Objective:153783.4556
2016-03-10 22:54:23,121 - sarcos - DEBUG - Objective:134373.6717
2016-03-10 22:54:39,178 - sarcos - DEBUG - Objective:130537.2221
2016-03-10 22:54:55,010 - sarcos - DEBUG - Objective:130046.4108
2016-03-10 22:55:10,786 - sarcos - DEBUG - Objective:130030.2233
2016-03-10 22:55:26,778 - sarcos - DEBUG - Objective:130029.4703
2016-03-10 22:55:42,672 - sarcos - DEBUG - Objective:130028.4688
2016-03-10 22:55:59,097 - sarcos - DEBUG - Objective:130029.9016
2016-03-10 22:56:15,114 - sarcos - DEBUG - Objective:130029.2830
2016-03-10 22:56:31,366 - sarcos - INFO - Optimizing: inducing
2016-03-10 22:57:26,443 - sarcos - DEBUG - Objective:130029.9070
2016-03-10 22:58:17,846 - sarcos - DEBUG - Objective:130039.1438
2016-03-10 22:59:09,077 - sarcos - DEBUG - Objective:130024.0381
2016-03-10 23:00:00,501 - sarcos - DEBUG - Objective:130023.0271
2016-03-10 23:00:52,275 - sarcos - DEBUG - Objective:130022.2871
2016-03-10 23:01:43,870 - sarcos - DEBUG - Objective:130018.5060
2016-03-10 23:02:36,134 - sarcos - DEBUG - Objective:130006.1668
2016-03-10 23:02:36,158 - sarcos - INFO - Iteration 2 started.
2016-03-10 23:02:36,158 - sarcos - INFO - Optimizing: mog
2016-03-10 23:02:51,662 - sarcos - DEBUG - Objective:130006.1231
2016-03-10 23:03:07,316 - sarcos - DEBUG - Objective:129568.8244
2016-03-10 23:03:22,872 - sarcos - DEBUG - Objective:127792.4401
2016-03-10 23:03:38,601 - sarcos - DEBUG - Objective:127781.5752
2016-03-10 23:03:54,285 - sarcos - DEBUG - Objective:127628.2683
2016-03-10 23:04:09,890 - sarcos - DEBUG - Objective:127495.9525
2016-03-10 23:04:26,047 - sarcos - DEBUG - Objective:127055.9702
2016-03-10 23:04:42,105 - sarcos - DEBUG - Objective:126633.4938
2016-03-10 23:04:57,669 - sarcos - DEBUG - Objective:126818.7495
2016-03-10 23:05:13,300 - sarcos - DEBUG - Objective:126488.3914
2016-03-10 23:05:29,007 - sarcos - DEBUG - Objective:126464.9951
2016-03-10 23:05:44,995 - sarcos - DEBUG - Objective:126470.1840
2016-03-10 23:06:00,836 - sarcos - DEBUG - Objective:126463.3426
2016-03-10 23:06:16,682 - sarcos - DEBUG - Objective:126462.4395
2016-03-10 23:06:32,516 - sarcos - DEBUG - Objective:126460.2986
2016-03-10 23:06:48,235 - sarcos - DEBUG - Objective:126455.7803
2016-03-10 23:07:03,715 - sarcos - DEBUG - Objective:126448.4140
2016-03-10 23:07:19,365 - sarcos - DEBUG - Objective:126440.7231
2016-03-10 23:07:35,469 - sarcos - DEBUG - Objective:126434.2931
2016-03-10 23:07:50,993 - sarcos - DEBUG - Objective:126428.6483
2016-03-10 23:08:06,593 - sarcos - DEBUG - Objective:126426.6220
2016-03-10 23:08:22,341 - sarcos - DEBUG - Objective:126424.4408
2016-03-10 23:08:37,898 - sarcos - DEBUG - Objective:126421.0994
2016-03-10 23:08:53,491 - sarcos - DEBUG - Objective:126430.6247
2016-03-10 23:09:09,044 - sarcos - DEBUG - Objective:126419.9823
2016-03-10 23:09:25,105 - sarcos - DEBUG - Objective:126418.5542
2016-03-10 23:09:41,518 - sarcos - DEBUG - Objective:126417.3496
2016-03-10 23:09:57,420 - sarcos - DEBUG - Objective:126417.3131
2016-03-10 23:10:13,334 - sarcos - DEBUG - Objective:126416.5277
2016-03-10 23:10:29,274 - sarcos - DEBUG - Objective:126417.6168
2016-03-10 23:10:45,386 - sarcos - DEBUG - Objective:126416.4119
2016-03-10 23:11:01,054 - sarcos - DEBUG - Objective:126416.9582
2016-03-10 23:11:16,684 - sarcos - DEBUG - Objective:126416.0718
2016-03-10 23:11:32,266 - sarcos - DEBUG - Objective:126416.3094
2016-03-10 23:11:47,832 - sarcos - DEBUG - Objective:126416.2590
2016-03-10 23:12:03,920 - sarcos - DEBUG - Objective:126415.2898
2016-03-10 23:12:19,450 - sarcos - DEBUG - Objective:126415.4518
2016-03-10 23:12:35,013 - sarcos - DEBUG - Objective:126415.9394
2016-03-10 23:12:50,875 - sarcos - DEBUG - Objective:126416.2367
2016-03-10 23:13:06,863 - sarcos - DEBUG - Objective:126415.7721
2016-03-10 23:13:22,728 - sarcos - DEBUG - Objective:126415.5980
2016-03-10 23:13:22,728 - sarcos - DEBUG - Objective:126415.5980
2016-03-10 23:13:22,729 - sarcos - INFO - Optimizing: hyp
2016-03-10 23:13:41,976 - sarcos - DEBUG - Objective:126415.8924
2016-03-10 23:14:01,366 - sarcos - DEBUG - Objective:126322.0637
2016-03-10 23:14:20,699 - sarcos - DEBUG - Objective:126318.0116
2016-03-10 23:14:40,109 - sarcos - DEBUG - Objective:126317.2467
2016-03-10 23:14:59,437 - sarcos - DEBUG - Objective:126317.2557
2016-03-10 23:15:18,785 - sarcos - DEBUG - Objective:126317.2678
2016-03-10 23:15:38,106 - sarcos - DEBUG - Objective:126316.9392
2016-03-10 23:15:57,361 - sarcos - DEBUG - Objective:126317.5244
2016-03-10 23:16:16,683 - sarcos - DEBUG - Objective:126317.3777
2016-03-10 23:16:35,926 - sarcos - DEBUG - Objective:126317.3131
2016-03-10 23:16:55,247 - sarcos - DEBUG - Objective:126317.3387
2016-03-10 23:17:14,524 - sarcos - INFO - Optimizing: ll
2016-03-10 23:17:31,133 - sarcos - DEBUG - Objective:126317.1971
2016-03-10 23:17:47,550 - sarcos - DEBUG - Objective:158024.6622
2016-03-10 23:18:03,476 - sarcos - DEBUG - Objective:126316.9209
2016-03-10 23:18:19,162 - sarcos - DEBUG - Objective:126317.0977
2016-03-10 23:18:34,713 - sarcos - DEBUG - Objective:126317.0442
2016-03-10 23:18:51,001 - sarcos - DEBUG - Objective:126316.9415
2016-03-10 23:19:07,043 - sarcos - DEBUG - Objective:126316.9337
2016-03-10 23:19:07,044 - sarcos - DEBUG - Objective:126316.9337
2016-03-10 23:19:07,044 - sarcos - INFO - Optimizing: inducing
2016-03-10 23:19:59,035 - sarcos - DEBUG - Objective:126316.8655
2016-03-10 23:20:51,245 - sarcos - DEBUG - Objective:126317.3269
2016-03-10 23:21:43,258 - sarcos - DEBUG - Objective:126316.7526
2016-03-10 23:22:35,518 - sarcos - DEBUG - Objective:126316.5223
2016-03-10 23:23:27,607 - sarcos - DEBUG - Objective:126316.8872
2016-03-10 23:24:20,243 - sarcos - DEBUG - Objective:126316.6204
2016-03-10 23:25:12,358 - sarcos - DEBUG - Objective:126316.8594
2016-03-10 23:26:04,609 - sarcos - DEBUG - Objective difference: 3689.732929
2016-03-10 23:26:04,609 - sarcos - INFO - Mean difference: 0.062552
2016-03-10 23:26:04,610 - sarcos - INFO - Covariance difference: 0.302313
2016-03-10 23:26:04,610 - sarcos - INFO - Iteration 3 started.
2016-03-10 23:26:04,610 - sarcos - INFO - Optimizing: mog
2016-03-10 23:26:20,481 - sarcos - DEBUG - Objective:126316.3937
2016-03-10 23:26:36,073 - sarcos - DEBUG - Objective:126330.9926
2016-03-10 23:26:51,554 - sarcos - DEBUG - Objective:126314.8273
2016-03-10 23:27:07,459 - sarcos - DEBUG - Objective:126312.1390
2016-03-10 23:27:22,997 - sarcos - DEBUG - Objective:126304.2380
2016-03-10 23:27:38,478 - sarcos - DEBUG - Objective:126297.2981
2016-03-10 23:27:54,035 - sarcos - DEBUG - Objective:126296.5493
2016-03-10 23:28:09,969 - sarcos - DEBUG - Objective:126296.4282
2016-03-10 23:28:26,127 - sarcos - DEBUG - Objective:126295.9404
2016-03-10 23:28:41,782 - sarcos - DEBUG - Objective:126295.1181
2016-03-10 23:28:57,595 - sarcos - DEBUG - Objective:126296.2044
2016-03-10 23:29:13,149 - sarcos - DEBUG - Objective:126295.2580
2016-03-10 23:29:29,085 - sarcos - DEBUG - Objective:126295.7090
2016-03-10 23:29:44,516 - sarcos - DEBUG - Objective:126295.2157
2016-03-10 23:30:00,019 - sarcos - DEBUG - Objective:126295.3743
2016-03-10 23:30:15,499 - sarcos - DEBUG - Objective:126295.4704
2016-03-10 23:30:31,589 - sarcos - DEBUG - Objective:126295.2054
2016-03-10 23:30:31,590 - sarcos - INFO - Optimizing: hyp
2016-03-10 23:30:50,882 - sarcos - DEBUG - Objective:126295.4119
2016-03-10 23:31:10,213 - sarcos - DEBUG - Objective:126285.2912
2016-03-10 23:31:29,616 - sarcos - DEBUG - Objective:126283.4433
2016-03-10 23:31:49,043 - sarcos - DEBUG - Objective:126283.4627
2016-03-10 23:32:08,368 - sarcos - DEBUG - Objective:126283.5448
2016-03-10 23:32:27,702 - sarcos - DEBUG - Objective:126283.5694
2016-03-10 23:32:47,167 - sarcos - DEBUG - Objective:126283.5586
2016-03-10 23:33:06,588 - sarcos - DEBUG - Objective:126283.6226
2016-03-10 23:33:25,874 - sarcos - DEBUG - Objective:126283.6073
2016-03-10 23:33:25,874 - sarcos - DEBUG - Objective:126283.6073
2016-03-10 23:33:25,875 - sarcos - INFO - Optimizing: ll
2016-03-10 23:33:42,379 - sarcos - DEBUG - Objective:126283.5476
2016-03-10 23:33:58,530 - sarcos - DEBUG - Objective:158184.7234
2016-03-10 23:34:15,042 - sarcos - DEBUG - Objective:126283.4924
2016-03-10 23:34:31,462 - sarcos - DEBUG - Objective:126283.5046
2016-03-10 23:34:47,463 - sarcos - DEBUG - Objective:126283.3800
2016-03-10 23:35:03,554 - sarcos - DEBUG - Objective:126283.6160
2016-03-10 23:35:19,423 - sarcos - DEBUG - Objective:126283.4763
2016-03-10 23:35:35,627 - sarcos - DEBUG - Objective:126283.5136
2016-03-10 23:35:51,937 - sarcos - DEBUG - Objective:126283.5786
2016-03-10 23:36:08,017 - sarcos - DEBUG - Objective:126283.5932
2016-03-10 23:36:23,899 - sarcos - DEBUG - Objective:126283.6172
2016-03-10 23:36:23,899 - sarcos - INFO - Optimizing: inducing
2016-03-10 23:37:16,548 - sarcos - DEBUG - Objective:126283.3855
2016-03-10 23:38:08,858 - sarcos - DEBUG - Objective:126283.6221
2016-03-10 23:39:00,971 - sarcos - DEBUG - Objective:126283.2916
2016-03-10 23:39:53,320 - sarcos - DEBUG - Objective:126283.5376
2016-03-10 23:40:45,550 - sarcos - DEBUG - Objective:126283.4981
2016-03-10 23:41:38,091 - sarcos - DEBUG - Objective:126283.3456
2016-03-10 23:42:30,517 - sarcos - DEBUG - Objective:126283.6554
2016-03-10 23:43:23,210 - sarcos - DEBUG - Objective difference: 33.161078
2016-03-10 23:43:23,211 - sarcos - INFO - Mean difference: 0.005347
2016-03-10 23:43:23,211 - sarcos - INFO - Covariance difference: 0.015767
2016-03-10 23:43:23,211 - sarcos - INFO - Iteration 4 started.
2016-03-10 23:43:23,211 - sarcos - INFO - Optimizing: mog
2016-03-10 23:43:39,186 - sarcos - DEBUG - Objective:126283.7089
2016-03-10 23:43:54,670 - sarcos - DEBUG - Objective:126359.8671
2016-03-10 23:44:10,109 - sarcos - DEBUG - Objective:126283.2019
2016-03-10 23:44:25,605 - sarcos - DEBUG - Objective:126282.8377
2016-03-10 23:44:41,276 - sarcos - DEBUG - Objective:126282.1191
2016-03-10 23:44:56,696 - sarcos - DEBUG - Objective:126279.7373
2016-03-10 23:45:12,286 - sarcos - DEBUG - Objective:126277.5501
2016-03-10 23:45:28,285 - sarcos - DEBUG - Objective:126277.5401
2016-03-10 23:45:43,746 - sarcos - DEBUG - Objective:126277.2558
2016-03-10 23:46:00,012 - sarcos - DEBUG - Objective:126277.0855
2016-03-10 23:46:15,468 - sarcos - DEBUG - Objective:126277.0235
2016-03-10 23:46:31,263 - sarcos - DEBUG - Objective:126276.7470
2016-03-10 23:46:47,372 - sarcos - DEBUG - Objective:126276.5282
2016-03-10 23:47:03,296 - sarcos - DEBUG - Objective:126276.4931
2016-03-10 23:47:18,779 - sarcos - DEBUG - Objective:126276.6832
2016-03-10 23:47:34,287 - sarcos - DEBUG - Objective:126276.5372
2016-03-10 23:47:49,757 - sarcos - DEBUG - Objective:126276.7985
2016-03-10 23:47:49,757 - sarcos - INFO - Optimizing: hyp
2016-03-10 23:48:08,989 - sarcos - DEBUG - Objective:126276.7123
2016-03-10 23:48:28,369 - sarcos - DEBUG - Objective:126274.6271
2016-03-10 23:48:47,720 - sarcos - DEBUG - Objective:126272.0123
2016-03-10 23:49:07,087 - sarcos - DEBUG - Objective:126272.2869
2016-03-10 23:49:26,441 - sarcos - DEBUG - Objective:126272.2236
2016-03-10 23:49:45,897 - sarcos - DEBUG - Objective:126272.1428
2016-03-10 23:50:05,235 - sarcos - DEBUG - Objective:126272.1816
2016-03-10 23:50:24,681 - sarcos - DEBUG - Objective:126272.0378
2016-03-10 23:50:24,682 - sarcos - DEBUG - Objective:126272.0378
2016-03-10 23:50:24,682 - sarcos - INFO - Optimizing: ll
2016-03-10 23:50:40,561 - sarcos - DEBUG - Objective:126272.2625
2016-03-10 23:50:56,532 - sarcos - DEBUG - Objective:158208.0639
2016-03-10 23:51:12,566 - sarcos - DEBUG - Objective:126271.9969
2016-03-10 23:51:28,503 - sarcos - DEBUG - Objective:126272.1422
2016-03-10 23:51:44,200 - sarcos - DEBUG - Objective:126272.2019
2016-03-10 23:52:00,085 - sarcos - DEBUG - Objective:126272.0769
2016-03-10 23:52:15,826 - sarcos - DEBUG - Objective:126272.2148
2016-03-10 23:52:15,827 - sarcos - INFO - Optimizing: inducing
2016-03-10 23:53:08,277 - sarcos - DEBUG - Objective:126272.1776
2016-03-10 23:54:00,727 - sarcos - DEBUG - Objective:126272.2219
2016-03-10 23:54:53,644 - sarcos - DEBUG - Objective:126272.2237
2016-03-10 23:55:46,401 - sarcos - DEBUG - Objective:126272.1388
2016-03-10 23:56:39,130 - sarcos - DEBUG - Objective:126272.0472
2016-03-10 23:57:31,990 - sarcos - DEBUG - Objective:126272.1259
2016-03-10 23:58:24,820 - sarcos - DEBUG - Objective:126272.0399
2016-03-10 23:58:24,849 - sarcos - DEBUG - Objective difference: 11.232846
2016-03-10 23:58:24,849 - sarcos - INFO - Mean difference: 0.002214
2016-03-10 23:58:24,849 - sarcos - INFO - Covariance difference: 0.009722
2016-03-10 23:58:24,849 - sarcos - INFO - Iteration 5 started.
2016-03-10 23:58:24,850 - sarcos - INFO - Optimizing: mog
2016-03-10 23:58:40,668 - sarcos - DEBUG - Objective:126272.3143
2016-03-10 23:58:56,426 - sarcos - DEBUG - Objective:126418.5441
2016-03-10 23:59:11,887 - sarcos - DEBUG - Objective:126272.0019
2016-03-10 23:59:27,891 - sarcos - DEBUG - Objective:126271.9926
2016-03-10 23:59:43,783 - sarcos - DEBUG - Objective:126271.6730
2016-03-10 23:59:59,260 - sarcos - DEBUG - Objective:126271.0352
2016-03-11 00:00:14,772 - sarcos - DEBUG - Objective:126272.0759
2016-03-11 00:00:30,472 - sarcos - DEBUG - Objective:126270.6631
2016-03-11 00:00:46,439 - sarcos - DEBUG - Objective:126270.4387
2016-03-11 00:01:02,493 - sarcos - DEBUG - Objective:126270.4235
2016-03-11 00:01:17,911 - sarcos - DEBUG - Objective:126270.1504
2016-03-11 00:01:33,556 - sarcos - DEBUG - Objective:126269.8759
2016-03-11 00:01:49,223 - sarcos - DEBUG - Objective:126269.9857
2016-03-11 00:02:05,026 - sarcos - DEBUG - Objective:126269.8952
2016-03-11 00:02:20,369 - sarcos - DEBUG - Objective:126269.9070
2016-03-11 00:02:35,923 - sarcos - DEBUG - Objective:126269.8865
2016-03-11 00:02:51,739 - sarcos - DEBUG - Objective:126269.9778
2016-03-11 00:03:07,582 - sarcos - DEBUG - Objective:126269.9810
2016-03-11 00:03:22,968 - sarcos - DEBUG - Objective:126269.9521
2016-03-11 00:03:38,711 - sarcos - DEBUG - Objective:126269.7348
2016-03-11 00:03:54,119 - sarcos - DEBUG - Objective:126269.9261
2016-03-11 00:04:09,872 - sarcos - DEBUG - Objective:126269.8442
2016-03-11 00:04:25,765 - sarcos - DEBUG - Objective:126269.9531
2016-03-11 00:04:41,372 - sarcos - DEBUG - Objective:126269.9440
2016-03-11 00:04:56,937 - sarcos - DEBUG - Objective:126269.8698
2016-03-11 00:05:12,781 - sarcos - DEBUG - Objective:126269.9468
2016-03-11 00:05:12,781 - sarcos - DEBUG - Objective:126269.9468
2016-03-11 00:05:12,781 - sarcos - INFO - Optimizing: hyp
2016-03-11 00:05:31,955 - sarcos - DEBUG - Objective:126269.8462
2016-03-11 00:05:51,359 - sarcos - DEBUG - Objective:126272.4246
2016-03-11 00:06:10,786 - sarcos - DEBUG - Objective:126268.3796
2016-03-11 00:06:30,139 - sarcos - DEBUG - Objective:126268.2428
2016-03-11 00:06:49,564 - sarcos - DEBUG - Objective:126268.3869
2016-03-11 00:07:08,981 - sarcos - DEBUG - Objective:126268.3278
2016-03-11 00:07:28,387 - sarcos - DEBUG - Objective:126268.3745
2016-03-11 00:07:47,688 - sarcos - DEBUG - Objective:126268.5294
2016-03-11 00:08:07,015 - sarcos - DEBUG - Objective:126268.4854
2016-03-11 00:08:07,015 - sarcos - DEBUG - Objective:126268.4854
2016-03-11 00:08:07,015 - sarcos - INFO - Optimizing: ll
2016-03-11 00:08:22,902 - sarcos - DEBUG - Objective:126268.4247
2016-03-11 00:08:38,596 - sarcos - DEBUG - Objective:158214.8269
2016-03-11 00:08:54,373 - sarcos - DEBUG - Objective:126268.3114
2016-03-11 00:09:09,913 - sarcos - DEBUG - Objective:126268.4411
2016-03-11 00:09:25,744 - sarcos - DEBUG - Objective:126268.4481
2016-03-11 00:09:41,954 - sarcos - DEBUG - Objective:126268.3202
2016-03-11 00:09:41,954 - sarcos - DEBUG - Objective:126268.3202
2016-03-11 00:09:41,955 - sarcos - INFO - Optimizing: inducing
2016-03-11 00:10:34,412 - sarcos - DEBUG - Objective:126268.3943
2016-03-11 00:11:27,226 - sarcos - DEBUG - Objective:126268.3173
2016-03-11 00:12:20,169 - sarcos - DEBUG - Objective:126268.3955
2016-03-11 00:13:12,965 - sarcos - DEBUG - Objective:126268.3424
2016-03-11 00:14:05,704 - sarcos - DEBUG - Objective:126268.2402
2016-03-11 00:14:58,715 - sarcos - DEBUG - Objective:126268.4595
2016-03-11 00:15:51,462 - sarcos - DEBUG - Objective:126268.2494
2016-03-11 00:16:44,196 - sarcos - DEBUG - Objective difference: 3.643583
2016-03-11 00:16:44,197 - sarcos - INFO - Mean difference: 0.002606
2016-03-11 00:16:44,197 - sarcos - INFO - Covariance difference: 0.005357
2016-03-11 00:16:44,197 - sarcos - INFO - Iteration 6 started.
2016-03-11 00:16:44,197 - sarcos - INFO - Optimizing: mog
2016-03-11 00:17:00,689 - sarcos - DEBUG - Objective:126268.2632
2016-03-11 00:17:16,205 - sarcos - DEBUG - Objective:126484.0497
2016-03-11 00:17:31,595 - sarcos - DEBUG - Objective:126268.0811
2016-03-11 00:17:47,301 - sarcos - DEBUG - Objective:126268.2113
2016-03-11 00:18:03,296 - sarcos - DEBUG - Objective:126268.1460
2016-03-11 00:18:18,746 - sarcos - DEBUG - Objective:126268.1315
2016-03-11 00:18:34,394 - sarcos - DEBUG - Objective:126268.2932
2016-03-11 00:18:49,952 - sarcos - DEBUG - Objective:126268.2688
2016-03-11 00:18:49,952 - sarcos - DEBUG - Objective:126268.2688
2016-03-11 00:18:49,952 - sarcos - INFO - Optimizing: hyp
2016-03-11 00:19:09,208 - sarcos - DEBUG - Objective:126268.1930
2016-03-11 00:19:28,640 - sarcos - DEBUG - Objective:126272.1913
2016-03-11 00:19:47,948 - sarcos - DEBUG - Objective:126268.1215
2016-03-11 00:20:07,295 - sarcos - DEBUG - Objective:126268.4367
2016-03-11 00:20:26,716 - sarcos - DEBUG - Objective:126268.1595
2016-03-11 00:20:46,080 - sarcos - DEBUG - Objective:126268.1418
2016-03-11 00:21:05,407 - sarcos - DEBUG - Objective:126268.3334
2016-03-11 00:21:24,712 - sarcos - DEBUG - Objective:126268.2272
2016-03-11 00:21:24,713 - sarcos - DEBUG - Objective:126268.2272
2016-03-11 00:21:24,713 - sarcos - INFO - Optimizing: ll
2016-03-11 00:21:40,879 - sarcos - DEBUG - Objective:126268.3326
2016-03-11 00:21:56,783 - sarcos - DEBUG - Objective:158219.8668
2016-03-11 00:22:12,561 - sarcos - DEBUG - Objective:126268.3048
2016-03-11 00:22:28,230 - sarcos - DEBUG - Objective:126268.2643
2016-03-11 00:22:44,565 - sarcos - DEBUG - Objective:126268.3327
2016-03-11 00:23:00,495 - sarcos - DEBUG - Objective:126268.3024
2016-03-11 00:23:16,225 - sarcos - DEBUG - Objective:126268.3563
2016-03-11 00:23:16,225 - sarcos - DEBUG - Objective:126268.3563
2016-03-11 00:23:16,225 - sarcos - INFO - Optimizing: inducing
2016-03-11 00:24:09,207 - sarcos - DEBUG - Objective:126268.1831
2016-03-11 00:25:02,007 - sarcos - DEBUG - Objective:126268.2873
2016-03-11 00:25:55,012 - sarcos - DEBUG - Objective:126268.2215
2016-03-11 00:26:48,158 - sarcos - DEBUG - Objective:126268.2552
2016-03-11 00:27:41,119 - sarcos - DEBUG - Objective:126268.2221
2016-03-11 00:28:34,313 - sarcos - DEBUG - Objective:126268.2543
2016-03-11 00:29:27,090 - sarcos - DEBUG - Objective:126268.3461
2016-03-11 00:29:27,126 - sarcos - DEBUG - Objective difference: 0.050194
2016-03-11 00:29:27,127 - sarcos - INFO - Mean difference: 0.000430
2016-03-11 00:29:27,127 - sarcos - INFO - Covariance difference: 0.000059
2016-03-11 00:29:27,127 - sarcos - DEBUG - prediction started...
2016-03-11 00:29:48,460 - sarcos - DEBUG - prediction finished
