2016-07-26 04:22:56,783 - sarcos - INFO - experiment started for:{'run_id': 0, 'max_iter': 200, 'optimization_config': {'hyp': 10, 'll': 10, 'mog': 25}, 'xtol': 0.001, 'git_hash': '831bf39c96d946b2a405d9aad5e19429592546c6', 'model_init': None, 'ftol': 1e-05, 'latent_noise:': 0.001, 'sparsity_factor': 0.04, 'll': 'CogLL', 'sample_num': 50000, 'experiment': 'sarcos', 'git_branch': 'master', 'random_Z': False, 'method': 'full'}
2016-07-26 04:27:28,289 - sarcos - INFO - Iteration 1 started.
2016-07-26 04:27:28,290 - sarcos - INFO - Optimizing: mog
2016-07-26 04:27:30,790 - sarcos - DEBUG - Objective: 1786964.5908
2016-07-26 04:31:54,190 - sarcos - DEBUG - Objective: 1692252.9126
2016-07-26 04:36:15,609 - sarcos - DEBUG - Objective: 1578595.5601
2016-07-26 04:40:40,105 - sarcos - DEBUG - Objective: 1273316.6133
2016-07-26 04:45:04,867 - sarcos - DEBUG - Objective: 927991.3613
2016-07-26 04:49:28,570 - sarcos - DEBUG - Objective: 11423483.0730
2016-07-26 04:53:57,157 - sarcos - DEBUG - Objective: 839655.3564
2016-07-26 04:58:26,419 - sarcos - DEBUG - Objective: 727103.0959
2016-07-26 05:02:49,752 - sarcos - DEBUG - Objective: 874277.9087
2016-07-26 05:07:18,915 - sarcos - DEBUG - Objective: 706023.2793
2016-07-26 05:11:47,790 - sarcos - DEBUG - Objective: 682756.4570
2016-07-26 05:16:10,924 - sarcos - DEBUG - Objective: 666118.2012
2016-07-26 05:20:34,158 - sarcos - DEBUG - Objective: 652806.5840
2016-07-26 05:24:57,422 - sarcos - DEBUG - Objective: 612687.6572
2016-07-26 05:29:27,179 - sarcos - DEBUG - Objective: 662116.9937
2016-07-26 05:33:49,266 - sarcos - DEBUG - Objective: 572796.4509
2016-07-26 05:38:14,106 - sarcos - DEBUG - Objective: 571901.3435
2016-07-26 05:42:36,248 - sarcos - DEBUG - Objective: 570713.4365
2016-07-26 05:46:58,407 - sarcos - DEBUG - Objective: 568158.6370
2016-07-26 05:51:21,591 - sarcos - DEBUG - Objective: 566399.1472
2016-07-26 05:55:44,902 - sarcos - DEBUG - Objective: 562522.5034
2016-07-26 06:00:10,723 - sarcos - DEBUG - Objective: 558046.0242
2016-07-26 06:04:35,551 - sarcos - DEBUG - Objective: 548343.8010
2016-07-26 06:09:00,700 - sarcos - DEBUG - Objective: 537335.3704
2016-07-26 06:13:25,083 - sarcos - DEBUG - Objective: 530333.0930
2016-07-26 06:17:51,048 - sarcos - DEBUG - Objective: 522260.0082
2016-07-26 06:17:51,822 - sarcos - INFO - Optimizing: hyp
2016-07-26 06:30:24,886 - sarcos - DEBUG - Objective: 522269.4506
2016-07-26 06:43:25,098 - sarcos - DEBUG - Objective: 353922.2086
2016-07-26 06:54:09,465 - sarcos - DEBUG - Objective: 286954.1000
2016-07-26 07:04:36,767 - sarcos - DEBUG - Objective: 256938.0936
2016-07-26 07:14:48,327 - sarcos - DEBUG - Objective: 241660.8999
2016-07-26 07:25:06,150 - sarcos - DEBUG - Objective: 235532.0624
2016-07-26 07:35:22,559 - sarcos - DEBUG - Objective: 230142.8884
2016-07-26 07:46:22,367 - sarcos - DEBUG - Objective: 225287.7083
2016-07-26 07:56:34,612 - sarcos - DEBUG - Objective: 224846.8070
2016-07-26 08:06:57,812 - sarcos - DEBUG - Objective: 224660.9763
2016-07-26 08:19:04,669 - sarcos - DEBUG - Objective: 224540.5774
2016-07-26 08:19:04,670 - sarcos - INFO - Optimizing: ll
2016-07-26 08:21:23,772 - sarcos - DEBUG - Objective: 224549.2693
2016-07-26 08:23:36,851 - sarcos - DEBUG - Objective: 126490.9196
2016-07-26 08:25:48,588 - sarcos - DEBUG - Objective: 118874.1588
2016-07-26 08:28:01,568 - sarcos - DEBUG - Objective: 115941.5702
2016-07-26 08:30:20,528 - sarcos - DEBUG - Objective: 115744.0404
2016-07-26 08:32:33,738 - sarcos - DEBUG - Objective: 115741.0270
2016-07-26 08:34:51,714 - sarcos - DEBUG - Objective: 115740.3885
2016-07-26 08:37:05,736 - sarcos - DEBUG - Objective: 115740.7509
2016-07-26 08:39:25,322 - sarcos - DEBUG - Objective: 115739.3363
2016-07-26 08:41:44,608 - sarcos - DEBUG - Objective: 115739.6908
2016-07-26 08:43:55,889 - sarcos - DEBUG - Objective: 115741.6014
2016-07-26 08:43:56,117 - sarcos - INFO - Iteration 2 started.
2016-07-26 08:43:56,117 - sarcos - INFO - Optimizing: mog
2016-07-26 08:48:20,441 - sarcos - DEBUG - Objective: 115740.4203
2016-07-26 08:52:42,000 - sarcos - DEBUG - Objective: 113875.0104
2016-07-26 08:57:04,861 - sarcos - DEBUG - Objective: 104042.3579
2016-07-26 09:01:27,501 - sarcos - DEBUG - Objective: 98763.1305
2016-07-26 09:05:50,908 - sarcos - DEBUG - Objective: 95865.9018
2016-07-26 09:10:14,353 - sarcos - DEBUG - Objective: 92045.1164
2016-07-26 09:14:36,655 - sarcos - DEBUG - Objective: 90936.9269
2016-07-26 09:19:00,346 - sarcos - DEBUG - Objective: 86993.0141
2016-07-26 09:23:22,953 - sarcos - DEBUG - Objective: 84258.7311
2016-07-26 09:27:42,505 - sarcos - DEBUG - Objective: 82422.7841
2016-07-26 09:32:05,271 - sarcos - DEBUG - Objective: 81224.8749
2016-07-26 09:36:30,632 - sarcos - DEBUG - Objective: 79786.6038
2016-07-26 09:40:58,937 - sarcos - DEBUG - Objective: 79212.8265
2016-07-26 09:45:20,290 - sarcos - DEBUG - Objective: 78486.4346
2016-07-26 09:49:43,075 - sarcos - DEBUG - Objective: 77977.7996
2016-07-26 09:54:11,294 - sarcos - DEBUG - Objective: 77551.8145
2016-07-26 09:58:34,067 - sarcos - DEBUG - Objective: 76935.1406
2016-07-26 10:02:56,943 - sarcos - DEBUG - Objective: 76834.5920
2016-07-26 10:07:19,979 - sarcos - DEBUG - Objective: 76400.2803
2016-07-26 10:11:42,727 - sarcos - DEBUG - Objective: 76282.1729
2016-07-26 10:16:09,863 - sarcos - DEBUG - Objective: 76110.9207
2016-07-26 10:20:34,019 - sarcos - DEBUG - Objective: 75951.1833
2016-07-26 10:25:03,676 - sarcos - DEBUG - Objective: 75787.5232
2016-07-26 10:29:32,366 - sarcos - DEBUG - Objective: 75708.4182
2016-07-26 10:33:55,981 - sarcos - DEBUG - Objective: 75618.5476
2016-07-26 10:38:21,901 - sarcos - DEBUG - Objective: 75517.4536
2016-07-26 10:38:22,713 - sarcos - INFO - Optimizing: hyp
2016-07-26 10:48:39,923 - sarcos - DEBUG - Objective: 75518.1245
2016-07-26 10:58:57,369 - sarcos - DEBUG - Objective: 74362.7695
2016-07-26 11:09:28,610 - sarcos - DEBUG - Objective: 115637.4802
2016-07-26 11:19:57,685 - sarcos - DEBUG - Objective: 68459.0149
2016-07-26 11:30:45,998 - sarcos - DEBUG - Objective: 67748.0227
2016-07-26 11:42:33,842 - sarcos - DEBUG - Objective: 67673.8372
2016-07-26 11:54:20,097 - sarcos - DEBUG - Objective: 67608.3889
2016-07-26 12:05:57,879 - sarcos - DEBUG - Objective: 67824.7690
2016-07-26 12:17:47,389 - sarcos - DEBUG - Objective: 67587.7056
2016-07-26 12:28:00,400 - sarcos - DEBUG - Objective: 67567.8445
2016-07-26 12:39:07,247 - sarcos - DEBUG - Objective: 67566.8757
2016-07-26 12:39:07,248 - sarcos - INFO - Optimizing: ll
2016-07-26 12:41:19,089 - sarcos - DEBUG - Objective: 67566.4387
2016-07-26 12:43:33,932 - sarcos - DEBUG - Objective: 38918.0585
2016-07-26 12:45:45,226 - sarcos - DEBUG - Objective: 44747.4565
2016-07-26 12:47:56,110 - sarcos - DEBUG - Objective: 32844.1421
2016-07-26 12:50:08,145 - sarcos - DEBUG - Objective: 32814.6914
2016-07-26 12:52:21,612 - sarcos - DEBUG - Objective: 32808.9781
2016-07-26 12:54:32,342 - sarcos - DEBUG - Objective: 32813.2743
2016-07-26 12:56:43,532 - sarcos - DEBUG - Objective: 32810.4650
2016-07-26 12:58:55,756 - sarcos - DEBUG - Objective: 32815.8932
2016-07-26 13:01:07,415 - sarcos - DEBUG - Objective: 32810.8309
2016-07-26 13:01:07,415 - sarcos - DEBUG - Objective: 32810.8309
2016-07-26 13:01:08,044 - sarcos - DEBUG - Objective difference: 82930.770498
2016-07-26 13:01:08,044 - sarcos - INFO - Mean difference: 0.413124
2016-07-26 13:01:08,044 - sarcos - INFO - Covariance difference: 0.001870
2016-07-26 13:01:08,044 - sarcos - INFO - Iteration 3 started.
2016-07-26 13:01:08,045 - sarcos - INFO - Optimizing: mog
2016-07-26 13:05:35,517 - sarcos - DEBUG - Objective: 32809.2310
2016-07-26 13:09:55,311 - sarcos - DEBUG - Objective: 28015.4292
2016-07-26 13:14:18,769 - sarcos - DEBUG - Objective: 25020.5271
2016-07-26 13:18:44,905 - sarcos - DEBUG - Objective: 23870.4487
2016-07-26 13:23:10,282 - sarcos - DEBUG - Objective: 23156.5503
2016-07-26 13:27:34,685 - sarcos - DEBUG - Objective: 22590.0463
2016-07-26 13:31:58,397 - sarcos - DEBUG - Objective: 22133.3080
2016-07-26 13:36:21,680 - sarcos - DEBUG - Objective: 21523.3350
2016-07-26 13:40:46,164 - sarcos - DEBUG - Objective: 20994.1746
2016-07-26 13:45:05,112 - sarcos - DEBUG - Objective: 20279.7409
2016-07-26 13:49:30,492 - sarcos - DEBUG - Objective: 19886.0197
2016-07-26 13:53:49,258 - sarcos - DEBUG - Objective: 19449.7547
2016-07-26 13:58:07,114 - sarcos - DEBUG - Objective: 18828.7558
2016-07-26 14:02:31,409 - sarcos - DEBUG - Objective: 18629.0402
2016-07-26 14:06:51,502 - sarcos - DEBUG - Objective: 17897.0347
2016-07-26 14:11:13,233 - sarcos - DEBUG - Objective: 17630.5034
2016-07-26 14:15:30,355 - sarcos - DEBUG - Objective: 17189.3935
2016-07-26 14:19:52,281 - sarcos - DEBUG - Objective: 16859.8763
2016-07-26 14:24:15,247 - sarcos - DEBUG - Objective: 16324.4232
2016-07-26 14:28:40,267 - sarcos - DEBUG - Objective: 16050.5237
2016-07-26 14:33:04,364 - sarcos - DEBUG - Objective: 15734.1186
2016-07-26 14:37:22,355 - sarcos - DEBUG - Objective: 15486.8712
2016-07-26 14:41:47,125 - sarcos - DEBUG - Objective: 15113.7376
2016-07-26 14:46:04,725 - sarcos - DEBUG - Objective: 14831.7728
2016-07-26 14:50:23,537 - sarcos - DEBUG - Objective: 14609.9210
2016-07-26 14:54:40,871 - sarcos - DEBUG - Objective: 14192.1596
2016-07-26 14:54:41,735 - sarcos - INFO - Optimizing: hyp
2016-07-26 15:05:01,055 - sarcos - DEBUG - Objective: 14190.6177
2016-07-26 15:15:15,074 - sarcos - DEBUG - Objective: 10772.0376
2016-07-26 15:26:50,615 - sarcos - DEBUG - Objective: 11080.6999
2016-07-26 15:38:24,922 - sarcos - DEBUG - Objective: 7833.2800
2016-07-26 15:48:31,099 - sarcos - DEBUG - Objective: 7729.6388
2016-07-26 15:58:38,648 - sarcos - DEBUG - Objective: 7691.3903
2016-07-26 16:08:46,223 - sarcos - DEBUG - Objective: 7689.8847
2016-07-26 16:18:55,441 - sarcos - DEBUG - Objective: 7684.8486
2016-07-26 16:28:52,409 - sarcos - DEBUG - Objective: 7664.8857
2016-07-26 16:39:04,075 - sarcos - DEBUG - Objective: 7632.9352
2016-07-26 16:50:29,849 - sarcos - DEBUG - Objective: 7613.1290
2016-07-26 16:50:29,850 - sarcos - INFO - Optimizing: ll
2016-07-26 16:52:39,988 - sarcos - DEBUG - Objective: 7613.6268
2016-07-26 16:54:50,249 - sarcos - DEBUG - Objective: -9086.5496
2016-07-26 16:57:02,229 - sarcos - DEBUG - Objective: -9087.0939
2016-07-26 16:59:18,906 - sarcos - DEBUG - Objective: -9090.6548
2016-07-26 17:01:35,063 - sarcos - DEBUG - Objective: -9088.8386
2016-07-26 17:03:50,719 - sarcos - DEBUG - Objective: -9089.2635
2016-07-26 17:06:01,419 - sarcos - DEBUG - Objective: -9087.9594
2016-07-26 17:06:01,419 - sarcos - DEBUG - Objective: -9087.9594
2016-07-26 17:06:02,044 - sarcos - DEBUG - Objective difference: 41898.790388
2016-07-26 17:06:02,044 - sarcos - INFO - Mean difference: 0.162984
2016-07-26 17:06:02,044 - sarcos - INFO - Covariance difference: 0.000950
2016-07-26 17:06:02,045 - sarcos - INFO - Iteration 4 started.
2016-07-26 17:06:02,045 - sarcos - INFO - Optimizing: mog
2016-07-26 17:10:23,389 - sarcos - DEBUG - Objective: -9090.3131
2016-07-26 17:14:39,980 - sarcos - DEBUG - Objective: -11547.2682
2016-07-26 17:19:01,187 - sarcos - DEBUG - Objective: -12348.2679
2016-07-26 17:23:19,741 - sarcos - DEBUG - Objective: -12849.0681
2016-07-26 17:27:41,043 - sarcos - DEBUG - Objective: -13325.3293
2016-07-26 17:31:57,601 - sarcos - DEBUG - Objective: -13848.3868
2016-07-26 17:36:17,921 - sarcos - DEBUG - Objective: -14306.2760
2016-07-26 17:40:34,384 - sarcos - DEBUG - Objective: -14536.5338
2016-07-26 17:44:50,155 - sarcos - DEBUG - Objective: -14927.5797
2016-07-26 17:49:07,801 - sarcos - DEBUG - Objective: -15274.5860
2016-07-26 17:53:25,774 - sarcos - DEBUG - Objective: -15669.1007
2016-07-26 17:57:41,211 - sarcos - DEBUG - Objective: -16077.9570
2016-07-26 18:01:59,462 - sarcos - DEBUG - Objective: -16355.4618
2016-07-26 18:06:16,912 - sarcos - DEBUG - Objective: -16822.3063
2016-07-26 18:10:33,095 - sarcos - DEBUG - Objective: -17080.4380
2016-07-26 18:14:50,670 - sarcos - DEBUG - Objective: -17641.5760
2016-07-26 18:19:09,180 - sarcos - DEBUG - Objective: -18013.0119
2016-07-26 18:23:33,306 - sarcos - DEBUG - Objective: -18356.9756
2016-07-26 18:27:49,592 - sarcos - DEBUG - Objective: -18998.1992
2016-07-26 18:32:13,239 - sarcos - DEBUG - Objective: -19401.7168
2016-07-26 18:36:31,166 - sarcos - DEBUG - Objective: -19974.2041
2016-07-26 18:40:47,758 - sarcos - DEBUG - Objective: -20290.5144
2016-07-26 18:45:03,391 - sarcos - DEBUG - Objective: -20704.3912
2016-07-26 18:49:20,196 - sarcos - DEBUG - Objective: -21095.0478
2016-07-26 18:53:38,923 - sarcos - DEBUG - Objective: -21721.4143
2016-07-26 18:57:58,042 - sarcos - DEBUG - Objective: -22024.7504
2016-07-26 18:57:58,843 - sarcos - INFO - Optimizing: hyp
2016-07-26 19:09:27,183 - sarcos - DEBUG - Objective: -22024.8575
2016-07-26 19:20:57,479 - sarcos - DEBUG - Objective: -25066.6065
2016-07-26 19:31:00,938 - sarcos - DEBUG - Objective: -24238.9806
2016-07-26 19:41:37,097 - sarcos - DEBUG - Objective: -29269.6187
2016-07-26 19:53:13,596 - sarcos - DEBUG - Objective: -29391.1838
2016-07-26 20:03:46,347 - sarcos - DEBUG - Objective: -29434.8152
2016-07-26 20:13:54,636 - sarcos - DEBUG - Objective: -29432.8465
2016-07-26 20:23:58,079 - sarcos - DEBUG - Objective: -29433.2024
2016-07-26 20:33:57,569 - sarcos - DEBUG - Objective: -29435.6476
2016-07-26 20:43:53,308 - sarcos - DEBUG - Objective: -29434.4903
2016-07-26 20:53:57,151 - sarcos - DEBUG - Objective: -29433.3432
2016-07-26 21:05:20,983 - sarcos - INFO - Optimizing: ll
2016-07-26 21:07:35,835 - sarcos - DEBUG - Objective: -29432.8728
2016-07-26 21:09:51,558 - sarcos - DEBUG - Objective: -35894.6941
2016-07-26 21:12:06,767 - sarcos - DEBUG - Objective: -37880.6744
2016-07-26 21:14:17,459 - sarcos - DEBUG - Objective: -38133.6031
2016-07-26 21:16:32,480 - sarcos - DEBUG - Objective: -38140.0591
2016-07-26 21:18:42,518 - sarcos - DEBUG - Objective: -38140.0055
2016-07-26 21:20:58,658 - sarcos - DEBUG - Objective: -38138.6606
2016-07-26 21:23:14,273 - sarcos - DEBUG - Objective: -38142.7617
2016-07-26 21:25:28,623 - sarcos - DEBUG - Objective: -38140.2188
2016-07-26 21:27:38,497 - sarcos - DEBUG - Objective: -38142.2462
2016-07-26 21:29:47,838 - sarcos - DEBUG - Objective: -38137.4431
2016-07-26 21:31:58,110 - sarcos - DEBUG - Objective difference: 29051.094143
2016-07-26 21:31:58,110 - sarcos - INFO - Mean difference: 0.130467
2016-07-26 21:31:58,110 - sarcos - INFO - Covariance difference: 0.000922
2016-07-26 21:31:58,110 - sarcos - INFO - Iteration 5 started.
2016-07-26 21:31:58,110 - sarcos - INFO - Optimizing: mog
2016-07-26 21:36:16,588 - sarcos - DEBUG - Objective: -38139.8690
2016-07-26 21:40:38,253 - sarcos - DEBUG - Objective: -38795.8245
2016-07-26 21:44:56,950 - sarcos - DEBUG - Objective: -41056.8651
2016-07-26 21:49:18,407 - sarcos - DEBUG - Objective: -41437.2177
2016-07-26 21:53:37,990 - sarcos - DEBUG - Objective: -42211.8267
2016-07-26 21:57:53,143 - sarcos - DEBUG - Objective: -42828.9886
2016-07-26 22:02:11,031 - sarcos - DEBUG - Objective: -43060.7340
2016-07-26 22:06:29,463 - sarcos - DEBUG - Objective: -43600.2197
2016-07-26 22:10:51,072 - sarcos - DEBUG - Objective: -43750.8692
2016-07-26 22:15:07,851 - sarcos - DEBUG - Objective: -44012.3758
2016-07-26 22:19:27,090 - sarcos - DEBUG - Objective: -44326.5470
2016-07-26 22:23:45,361 - sarcos - DEBUG - Objective: -44373.8408
2016-07-26 22:28:02,684 - sarcos - DEBUG - Objective: -44653.2056
2016-07-26 22:32:21,681 - sarcos - DEBUG - Objective: -44739.3325
2016-07-26 22:36:39,749 - sarcos - DEBUG - Objective: -44914.1502
2016-07-26 22:40:56,865 - sarcos - DEBUG - Objective: -45069.0267
2016-07-26 22:45:13,392 - sarcos - DEBUG - Objective: -45280.8699
2016-07-26 22:49:31,001 - sarcos - DEBUG - Objective: -45430.0887
2016-07-26 22:53:47,816 - sarcos - DEBUG - Objective: -45560.3837
2016-07-26 22:58:03,735 - sarcos - DEBUG - Objective: -45743.3175
2016-07-26 23:02:20,623 - sarcos - DEBUG - Objective: -45928.9394
2016-07-26 23:06:38,341 - sarcos - DEBUG - Objective: -46083.8449
2016-07-26 23:10:55,672 - sarcos - DEBUG - Objective: -46324.9084
2016-07-26 23:15:11,537 - sarcos - DEBUG - Objective: -46513.0890
2016-07-26 23:19:32,262 - sarcos - DEBUG - Objective: -46811.3251
2016-07-26 23:23:56,819 - sarcos - DEBUG - Objective: -47126.3295
2016-07-26 23:23:57,701 - sarcos - INFO - Optimizing: hyp
2016-07-26 23:34:09,233 - sarcos - DEBUG - Objective: -47127.6736
2016-07-26 23:44:20,780 - sarcos - DEBUG - Objective: -47337.3776
2016-07-26 23:54:31,063 - sarcos - DEBUG - Objective: -47432.2859
2016-07-27 00:06:10,872 - sarcos - DEBUG - Objective: -50747.7757
2016-07-27 00:16:18,592 - sarcos - DEBUG - Objective: -50469.7850
2016-07-27 00:26:26,415 - sarcos - DEBUG - Objective: -51001.7461
2016-07-27 00:36:58,165 - sarcos - DEBUG - Objective: -50598.3823
2016-07-27 00:47:07,505 - sarcos - DEBUG - Objective: -51003.7162
2016-07-27 00:58:33,279 - sarcos - DEBUG - Objective: -50608.6196
2016-07-27 01:10:11,655 - sarcos - DEBUG - Objective: -50991.6046
2016-07-27 01:20:14,481 - sarcos - DEBUG - Objective: -51002.1964
2016-07-27 01:30:12,003 - sarcos - INFO - Optimizing: ll
2016-07-27 01:32:21,300 - sarcos - DEBUG - Objective: -51002.9086
2016-07-27 01:34:31,187 - sarcos - DEBUG - Objective: -43290.1599
2016-07-27 01:36:43,332 - sarcos - DEBUG - Objective: -53853.7045
2016-07-27 01:38:52,667 - sarcos - DEBUG - Objective: -53864.4683
2016-07-27 01:41:07,714 - sarcos - DEBUG - Objective: -53864.7601
2016-07-27 01:43:16,061 - sarcos - DEBUG - Objective: -53866.8336
2016-07-27 01:45:31,757 - sarcos - DEBUG - Objective: -53871.3027
2016-07-27 01:47:40,359 - sarcos - DEBUG - Objective: -53866.2804
2016-07-27 01:49:54,984 - sarcos - DEBUG - Objective: -53867.0009
2016-07-27 01:52:04,140 - sarcos - DEBUG - Objective: -53866.4341
2016-07-27 01:52:04,140 - sarcos - DEBUG - Objective: -53866.4341
2016-07-27 01:52:04,797 - sarcos - DEBUG - Objective difference: 15727.380524
2016-07-27 01:52:04,797 - sarcos - INFO - Mean difference: 0.071471
2016-07-27 01:52:04,797 - sarcos - INFO - Covariance difference: 0.000600
2016-07-27 01:52:04,798 - sarcos - INFO - Iteration 6 started.
2016-07-27 01:52:04,798 - sarcos - INFO - Optimizing: mog
2016-07-27 01:56:21,533 - sarcos - DEBUG - Objective: -53866.3231
2016-07-27 02:00:43,258 - sarcos - DEBUG - Objective: -51679.3442
2016-07-27 02:04:59,817 - sarcos - DEBUG - Objective: -55289.2918
2016-07-27 02:09:17,742 - sarcos - DEBUG - Objective: -55707.4709
2016-07-27 02:13:33,108 - sarcos - DEBUG - Objective: -56329.7955
2016-07-27 02:17:49,697 - sarcos - DEBUG - Objective: -56764.6206
2016-07-27 02:22:06,929 - sarcos - DEBUG - Objective: -57184.2958
2016-07-27 02:26:28,988 - sarcos - DEBUG - Objective: -57451.5296
2016-07-27 02:30:50,705 - sarcos - DEBUG - Objective: -57668.4981
2016-07-27 02:35:13,249 - sarcos - DEBUG - Objective: -57873.3748
2016-07-27 02:39:28,588 - sarcos - DEBUG - Objective: -58054.4869
2016-07-27 02:43:42,747 - sarcos - DEBUG - Objective: -58193.2878
2016-07-27 02:47:59,237 - sarcos - DEBUG - Objective: -58322.3263
2016-07-27 02:52:22,278 - sarcos - DEBUG - Objective: -58451.9901
2016-07-27 02:56:43,365 - sarcos - DEBUG - Objective: -58610.7341
2016-07-27 03:00:59,723 - sarcos - DEBUG - Objective: -58753.7361
2016-07-27 03:05:15,806 - sarcos - DEBUG - Objective: -58895.9617
2016-07-27 03:09:38,198 - sarcos - DEBUG - Objective: -59069.8531
2016-07-27 03:14:00,155 - sarcos - DEBUG - Objective: -59182.4340
2016-07-27 03:18:16,577 - sarcos - DEBUG - Objective: -59347.6009
2016-07-27 03:22:33,568 - sarcos - DEBUG - Objective: -59447.4690
2016-07-27 03:26:48,510 - sarcos - DEBUG - Objective: -59582.0928
2016-07-27 03:31:05,730 - sarcos - DEBUG - Objective: -59768.4081
2016-07-27 03:35:27,896 - sarcos - DEBUG - Objective: -60011.1270
2016-07-27 03:39:45,094 - sarcos - DEBUG - Objective: -60217.1191
2016-07-27 03:44:00,231 - sarcos - DEBUG - Objective: -60531.7029
2016-07-27 03:44:00,989 - sarcos - INFO - Optimizing: hyp
2016-07-27 03:53:58,653 - sarcos - DEBUG - Objective: -60530.6716
2016-07-27 04:03:57,190 - sarcos - DEBUG - Objective: -59415.8531
2016-07-27 04:13:56,668 - sarcos - DEBUG - Objective: -60663.8835
2016-07-27 04:24:29,426 - sarcos - DEBUG - Objective: -60024.6080
2016-07-27 04:34:32,196 - sarcos - DEBUG - Objective: -61195.9331
2016-07-27 04:44:45,650 - sarcos - DEBUG - Objective: -60730.0852
2016-07-27 04:55:02,988 - sarcos - DEBUG - Objective: -61215.6593
2016-07-27 05:05:10,422 - sarcos - DEBUG - Objective: -60706.3910
2016-07-27 05:15:14,549 - sarcos - DEBUG - Objective: -61215.7380
2016-07-27 05:25:21,334 - sarcos - DEBUG - Objective: -61219.2780
2016-07-27 05:35:36,577 - sarcos - DEBUG - Objective: -61217.9738
2016-07-27 05:45:45,227 - sarcos - INFO - Optimizing: ll
2016-07-27 05:47:57,177 - sarcos - DEBUG - Objective: -61217.7800
2016-07-27 05:50:12,840 - sarcos - DEBUG - Objective: -41038.1641
2016-07-27 05:52:29,705 - sarcos - DEBUG - Objective: -61800.0513
2016-07-27 05:54:44,652 - sarcos - DEBUG - Objective: -61804.6108
2016-07-27 05:56:55,607 - sarcos - DEBUG - Objective: -61803.7293
2016-07-27 05:59:11,502 - sarcos - DEBUG - Objective: -61806.0154
2016-07-27 06:01:28,751 - sarcos - DEBUG - Objective: -61805.9332
2016-07-27 06:03:44,708 - sarcos - DEBUG - Objective: -61804.3452
2016-07-27 06:03:45,311 - sarcos - DEBUG - Objective difference: 7937.911041
2016-07-27 06:03:45,311 - sarcos - INFO - Mean difference: 0.063772
2016-07-27 06:03:45,312 - sarcos - INFO - Covariance difference: 0.000443
2016-07-27 06:03:45,312 - sarcos - INFO - Iteration 7 started.
2016-07-27 06:03:45,312 - sarcos - INFO - Optimizing: mog
2016-07-27 06:08:08,493 - sarcos - DEBUG - Objective: -61805.8262
2016-07-27 06:12:32,925 - sarcos - DEBUG - Objective: -55805.4984
2016-07-27 06:16:53,633 - sarcos - DEBUG - Objective: -62076.0842
2016-07-27 06:21:19,195 - sarcos - DEBUG - Objective: -62209.7772
2016-07-27 06:25:38,222 - sarcos - DEBUG - Objective: -62475.0231
2016-07-27 06:30:03,068 - sarcos - DEBUG - Objective: -62616.1794
2016-07-27 06:34:29,293 - sarcos - DEBUG - Objective: -62775.6417
2016-07-27 06:38:49,297 - sarcos - DEBUG - Objective: -62933.9355
2016-07-27 06:43:13,298 - sarcos - DEBUG - Objective: -63017.4554
2016-07-27 06:47:38,937 - sarcos - DEBUG - Objective: -63081.3981
2016-07-27 06:51:58,244 - sarcos - DEBUG - Objective: -63192.4963
2016-07-27 06:56:19,396 - sarcos - DEBUG - Objective: -63245.5510
2016-07-27 07:00:40,762 - sarcos - DEBUG - Objective: -63308.1483
2016-07-27 07:05:02,387 - sarcos - DEBUG - Objective: -63417.1569
2016-07-27 07:09:25,984 - sarcos - DEBUG - Objective: -63493.3945
2016-07-27 07:13:46,400 - sarcos - DEBUG - Objective: -63612.1604
2016-07-27 07:18:06,526 - sarcos - DEBUG - Objective: -63748.4679
2016-07-27 07:22:32,802 - sarcos - DEBUG - Objective: -63902.3944
2016-07-27 07:26:57,969 - sarcos - DEBUG - Objective: -63982.0857
2016-07-27 07:31:23,331 - sarcos - DEBUG - Objective: -64116.4628
2016-07-27 07:35:47,042 - sarcos - DEBUG - Objective: -64235.6527
2016-07-27 07:40:12,488 - sarcos - DEBUG - Objective: -64406.4244
2016-07-27 07:44:35,263 - sarcos - DEBUG - Objective: -64635.5795
2016-07-27 07:49:02,910 - sarcos - DEBUG - Objective: -64808.8037
2016-07-27 07:53:29,233 - sarcos - DEBUG - Objective: -65310.5898
2016-07-27 07:57:51,479 - sarcos - DEBUG - Objective: -65431.2980
2016-07-27 07:57:52,348 - sarcos - INFO - Optimizing: hyp
2016-07-27 08:08:12,310 - sarcos - DEBUG - Objective: -65433.3098
2016-07-27 08:18:26,797 - sarcos - DEBUG - Objective: -63462.7635
2016-07-27 08:28:41,151 - sarcos - DEBUG - Objective: -65471.6893
2016-07-27 08:39:01,832 - sarcos - DEBUG - Objective: -65241.7223
2016-07-27 08:49:19,101 - sarcos - DEBUG - Objective: -66056.9517
2016-07-27 08:59:31,259 - sarcos - DEBUG - Objective: -65741.8861
2016-07-27 09:09:57,680 - sarcos - DEBUG - Objective: -66045.0870
2016-07-27 09:20:06,387 - sarcos - DEBUG - Objective: -66054.5081
2016-07-27 09:30:23,336 - sarcos - DEBUG - Objective: -66056.6853
2016-07-27 09:40:42,615 - sarcos - DEBUG - Objective: -66054.1832
2016-07-27 09:51:01,073 - sarcos - DEBUG - Objective: -66055.8055
2016-07-27 10:01:18,247 - sarcos - INFO - Optimizing: ll
2016-07-27 10:03:29,812 - sarcos - DEBUG - Objective: -66055.5743
2016-07-27 10:05:46,960 - sarcos - DEBUG - Objective: -41870.6843
2016-07-27 10:08:04,305 - sarcos - DEBUG - Objective: -66299.6851
2016-07-27 10:10:15,227 - sarcos - DEBUG - Objective: -66301.0515
2016-07-27 10:12:31,248 - sarcos - DEBUG - Objective: -66302.1056
2016-07-27 10:14:41,607 - sarcos - DEBUG - Objective: -66303.4193
2016-07-27 10:16:59,311 - sarcos - DEBUG - Objective: -66299.3088
2016-07-27 10:19:16,891 - sarcos - DEBUG - Objective: -66301.0266
2016-07-27 10:21:33,083 - sarcos - DEBUG - Objective: -66301.1294
2016-07-27 10:21:33,770 - sarcos - DEBUG - Objective difference: 4496.784241
2016-07-27 10:21:33,770 - sarcos - INFO - Mean difference: 0.072933
2016-07-27 10:21:33,770 - sarcos - INFO - Covariance difference: 0.000553
2016-07-27 10:21:33,770 - sarcos - INFO - Iteration 8 started.
2016-07-27 10:21:33,770 - sarcos - INFO - Optimizing: mog
2016-07-27 10:25:56,837 - sarcos - DEBUG - Objective: -66302.0439
2016-07-27 10:30:22,592 - sarcos - DEBUG - Objective: -60573.2220
2016-07-27 10:34:45,951 - sarcos - DEBUG - Objective: -66884.5928
2016-07-27 10:39:06,814 - sarcos - DEBUG - Objective: -67064.5601
2016-07-27 10:43:26,739 - sarcos - DEBUG - Objective: -67678.6858
2016-07-27 10:47:50,274 - sarcos - DEBUG - Objective: -67825.3037
2016-07-27 10:52:11,789 - sarcos - DEBUG - Objective: -68030.2424
2016-07-27 10:56:32,100 - sarcos - DEBUG - Objective: -68153.5190
2016-07-27 11:00:53,330 - sarcos - DEBUG - Objective: -68259.4579
2016-07-27 11:05:14,748 - sarcos - DEBUG - Objective: -68425.5903
2016-07-27 11:09:36,180 - sarcos - DEBUG - Objective: -68305.2406
2016-07-27 11:13:54,935 - sarcos - DEBUG - Objective: -68497.4305
2016-07-27 11:18:15,385 - sarcos - DEBUG - Objective: -68588.2203
2016-07-27 11:22:38,055 - sarcos - DEBUG - Objective: -68650.6154
2016-07-27 11:26:59,659 - sarcos - DEBUG - Objective: -68704.2491
2016-07-27 11:31:20,491 - sarcos - DEBUG - Objective: -68758.7532
2016-07-27 11:35:41,117 - sarcos - DEBUG - Objective: -68803.7568
2016-07-27 11:40:07,015 - sarcos - DEBUG - Objective: -68841.9462
2016-07-27 11:44:27,300 - sarcos - DEBUG - Objective: -68874.3260
2016-07-27 11:48:47,540 - sarcos - DEBUG - Objective: -68909.2511
2016-07-27 11:53:10,964 - sarcos - DEBUG - Objective: -68938.1864
2016-07-27 11:57:31,828 - sarcos - DEBUG - Objective: -68967.5192
2016-07-27 12:01:57,282 - sarcos - DEBUG - Objective: -69013.4725
2016-07-27 12:06:17,650 - sarcos - DEBUG - Objective: -69048.0370
2016-07-27 12:10:38,028 - sarcos - DEBUG - Objective: -69090.7892
2016-07-27 12:15:00,577 - sarcos - DEBUG - Objective: -69138.4083
2016-07-27 12:15:01,448 - sarcos - INFO - Optimizing: hyp
2016-07-27 12:25:59,389 - sarcos - DEBUG - Objective: -69138.6542
2016-07-27 12:37:14,711 - sarcos - DEBUG - Objective: -66430.2418
2016-07-27 12:47:20,449 - sarcos - DEBUG - Objective: -69098.5803
2016-07-27 12:57:29,366 - sarcos - DEBUG - Objective: -69134.7742
2016-07-27 13:08:20,495 - sarcos - DEBUG - Objective: -69137.9207
2016-07-27 13:18:33,816 - sarcos - DEBUG - Objective: -69139.2274
2016-07-27 13:28:31,895 - sarcos - DEBUG - Objective: -69140.2827
2016-07-27 13:38:35,959 - sarcos - DEBUG - Objective: -69139.7437
2016-07-27 13:48:34,724 - sarcos - DEBUG - Objective: -69139.7009
2016-07-27 13:59:09,016 - sarcos - DEBUG - Objective: -69138.2450
2016-07-27 13:59:09,017 - sarcos - INFO - Optimizing: ll
2016-07-27 14:01:18,818 - sarcos - DEBUG - Objective: -69137.0452
2016-07-27 14:03:35,673 - sarcos - DEBUG - Objective: -40340.9907
2016-07-27 14:05:46,581 - sarcos - DEBUG - Objective: -69178.7302
2016-07-27 14:07:56,937 - sarcos - DEBUG - Objective: -69177.6896
2016-07-27 14:10:14,313 - sarcos - DEBUG - Objective: -69177.6660
2016-07-27 14:12:24,643 - sarcos - DEBUG - Objective: -69176.7054
2016-07-27 14:14:34,302 - sarcos - DEBUG - Objective: -69177.7312
2016-07-27 14:16:44,444 - sarcos - DEBUG - Objective: -69177.2289
2016-07-27 14:16:44,444 - sarcos - DEBUG - Objective: -69177.2289
2016-07-27 14:16:45,052 - sarcos - DEBUG - Objective difference: 2876.099487
2016-07-27 14:16:45,052 - sarcos - INFO - Mean difference: 0.032635
2016-07-27 14:16:45,052 - sarcos - INFO - Covariance difference: 0.000255
2016-07-27 14:16:45,052 - sarcos - INFO - Iteration 9 started.
2016-07-27 14:16:45,052 - sarcos - INFO - Optimizing: mog
2016-07-27 14:21:06,299 - sarcos - DEBUG - Objective: -69175.7018
2016-07-27 14:25:23,562 - sarcos - DEBUG - Objective: -65250.8897
2016-07-27 14:29:42,551 - sarcos - DEBUG - Objective: -69198.3125
2016-07-27 14:34:00,962 - sarcos - DEBUG - Objective: -69220.8822
2016-07-27 14:38:19,119 - sarcos - DEBUG - Objective: -69274.1720
2016-07-27 14:42:42,096 - sarcos - DEBUG - Objective: -69289.3358
2016-07-27 14:47:05,780 - sarcos - DEBUG - Objective: -69313.6826
2016-07-27 14:51:29,404 - sarcos - DEBUG - Objective: -69337.8629
2016-07-27 14:55:52,348 - sarcos - DEBUG - Objective: -69355.6770
2016-07-27 15:00:15,699 - sarcos - DEBUG - Objective: -69387.7258
2016-07-27 15:04:34,317 - sarcos - DEBUG - Objective: -69412.4202
2016-07-27 15:08:57,001 - sarcos - DEBUG - Objective: -69445.6765
2016-07-27 15:13:13,741 - sarcos - DEBUG - Objective: -69475.6313
2016-07-27 15:17:31,296 - sarcos - DEBUG - Objective: -69510.9387
2016-07-27 15:21:49,412 - sarcos - DEBUG - Objective: -69563.6185
2016-07-27 15:26:10,405 - sarcos - DEBUG - Objective: -69630.2644
2016-07-27 15:30:34,333 - sarcos - DEBUG - Objective: -69685.4561
2016-07-27 15:34:53,011 - sarcos - DEBUG - Objective: -69761.6829
2016-07-27 15:39:14,577 - sarcos - DEBUG - Objective: -69842.6663
2016-07-27 15:43:35,803 - sarcos - DEBUG - Objective: -69936.9690
2016-07-27 15:47:59,518 - sarcos - DEBUG - Objective: -70022.9510
2016-07-27 15:52:18,514 - sarcos - DEBUG - Objective: -70127.1028
2016-07-27 15:56:38,193 - sarcos - DEBUG - Objective: -70233.4058
2016-07-27 16:00:57,113 - sarcos - DEBUG - Objective: -70436.9156
2016-07-27 16:05:21,037 - sarcos - DEBUG - Objective: -70666.0681
2016-07-27 16:09:39,448 - sarcos - DEBUG - Objective: -70944.2650
2016-07-27 16:09:40,256 - sarcos - INFO - Optimizing: hyp
2016-07-27 16:20:02,033 - sarcos - DEBUG - Objective: -70947.3659
2016-07-27 16:30:10,508 - sarcos - DEBUG - Objective: -67457.3260
2016-07-27 16:40:11,513 - sarcos - DEBUG - Objective: -70870.9376
2016-07-27 16:50:22,298 - sarcos - DEBUG - Objective: -70939.7128
2016-07-27 17:00:44,145 - sarcos - DEBUG - Objective: -70945.9590
2016-07-27 17:10:42,970 - sarcos - DEBUG - Objective: -70946.9422
2016-07-27 17:20:46,939 - sarcos - DEBUG - Objective: -70947.9647
2016-07-27 17:30:46,791 - sarcos - DEBUG - Objective: -70947.3696
2016-07-27 17:40:51,011 - sarcos - DEBUG - Objective: -70947.1040
2016-07-27 17:40:51,012 - sarcos - INFO - Optimizing: ll
2016-07-27 17:43:01,122 - sarcos - DEBUG - Objective: -70946.9233
2016-07-27 17:45:18,064 - sarcos - DEBUG - Objective: -42126.1879
2016-07-27 17:47:33,887 - sarcos - DEBUG - Objective: -70985.6974
2016-07-27 17:49:49,608 - sarcos - DEBUG - Objective: -70982.4170
2016-07-27 17:52:05,167 - sarcos - DEBUG - Objective: -70983.9910
2016-07-27 17:54:15,317 - sarcos - DEBUG - Objective: -70985.2753
2016-07-27 17:56:25,091 - sarcos - DEBUG - Objective: -70983.0731
2016-07-27 17:58:38,620 - sarcos - DEBUG - Objective: -70986.3190
2016-07-27 17:58:38,621 - sarcos - DEBUG - Objective: -70986.3190
2016-07-27 18:00:54,201 - sarcos - DEBUG - Objective: -70984.1302
2016-07-27 18:03:05,541 - sarcos - DEBUG - Objective: -70984.1039
2016-07-27 18:03:06,228 - sarcos - DEBUG - Objective difference: 1806.875000
2016-07-27 18:03:06,228 - sarcos - INFO - Mean difference: 0.074662
2016-07-27 18:03:06,229 - sarcos - INFO - Covariance difference: 0.000344
2016-07-27 18:03:06,229 - sarcos - INFO - Iteration 10 started.
2016-07-27 18:03:06,229 - sarcos - INFO - Optimizing: mog
2016-07-27 18:07:32,589 - sarcos - DEBUG - Objective: -70983.8646
2016-07-27 18:11:50,593 - sarcos - DEBUG - Objective: -67488.9796
2016-07-27 18:16:13,393 - sarcos - DEBUG - Objective: -71126.3450
2016-07-27 18:20:35,929 - sarcos - DEBUG - Objective: -71237.3660
2016-07-27 18:24:52,641 - sarcos - DEBUG - Objective: -71370.0785
2016-07-27 18:29:11,241 - sarcos - DEBUG - Objective: -71406.3584
2016-07-27 18:33:29,342 - sarcos - DEBUG - Objective: -71443.9432
2016-07-27 18:37:46,018 - sarcos - DEBUG - Objective: -71487.1447
2016-07-27 18:42:04,792 - sarcos - DEBUG - Objective: -71520.3531
2016-07-27 18:46:22,338 - sarcos - DEBUG - Objective: -71561.9130
2016-07-27 18:50:41,151 - sarcos - DEBUG - Objective: -71583.1895
2016-07-27 18:54:58,327 - sarcos - DEBUG - Objective: -71604.9704
2016-07-27 18:59:16,890 - sarcos - DEBUG - Objective: -71619.5466
2016-07-27 19:03:35,788 - sarcos - DEBUG - Objective: -71636.4088
2016-07-27 19:07:54,403 - sarcos - DEBUG - Objective: -71655.0702
2016-07-27 19:12:13,191 - sarcos - DEBUG - Objective: -71675.1080
2016-07-27 19:16:30,548 - sarcos - DEBUG - Objective: -71685.4843
2016-07-27 19:20:48,916 - sarcos - DEBUG - Objective: -71700.2357
2016-07-27 19:25:11,269 - sarcos - DEBUG - Objective: -71713.4244
2016-07-27 19:29:34,717 - sarcos - DEBUG - Objective: -71722.1838
2016-07-27 19:33:58,732 - sarcos - DEBUG - Objective: -71736.2114
2016-07-27 19:38:20,680 - sarcos - DEBUG - Objective: -71741.0970
2016-07-27 19:42:43,775 - sarcos - DEBUG - Objective: -71750.5834
2016-07-27 19:47:02,351 - sarcos - DEBUG - Objective: -71763.3701
2016-07-27 19:51:22,103 - sarcos - DEBUG - Objective: -71775.9459
2016-07-27 19:55:44,909 - sarcos - DEBUG - Objective: -71792.8668
2016-07-27 19:55:45,798 - sarcos - INFO - Optimizing: hyp
2016-07-27 20:05:46,858 - sarcos - DEBUG - Objective: -71794.1238
2016-07-27 20:16:34,695 - sarcos - DEBUG - Objective: -68571.2850
2016-07-27 20:28:08,476 - sarcos - DEBUG - Objective: -71726.9511
2016-07-27 20:38:05,359 - sarcos - DEBUG - Objective: -71786.8139
2016-07-27 20:48:27,368 - sarcos - DEBUG - Objective: -71792.5777
2016-07-27 20:58:26,108 - sarcos - DEBUG - Objective: -71791.3287
2016-07-27 21:08:24,263 - sarcos - DEBUG - Objective: -71793.1370
2016-07-27 21:18:24,917 - sarcos - DEBUG - Objective: -71793.3800
2016-07-27 21:30:03,417 - sarcos - DEBUG - Objective: -71792.0602
2016-07-27 21:40:18,103 - sarcos - DEBUG - Objective: -71793.3016
2016-07-27 21:40:18,104 - sarcos - DEBUG - Objective: -71793.3016
2016-07-27 21:40:18,104 - sarcos - INFO - Optimizing: ll
2016-07-27 21:42:29,679 - sarcos - DEBUG - Objective: -71795.1435
2016-07-27 21:44:40,757 - sarcos - DEBUG - Objective: -40986.5670
2016-07-27 21:46:53,029 - sarcos - DEBUG - Objective: -71796.0138
2016-07-27 21:49:05,812 - sarcos - DEBUG - Objective: -71799.2690
2016-07-27 21:51:16,291 - sarcos - DEBUG - Objective: -71798.1124
2016-07-27 21:53:25,995 - sarcos - DEBUG - Objective: -71798.9750
2016-07-27 21:55:40,075 - sarcos - DEBUG - Objective: -71800.1352
2016-07-27 21:55:40,076 - sarcos - DEBUG - Objective: -71800.1352
2016-07-27 21:57:50,906 - sarcos - DEBUG - Objective: -71797.6383
2016-07-27 22:00:06,530 - sarcos - DEBUG - Objective: -71798.2878
2016-07-27 22:00:06,530 - sarcos - DEBUG - Objective: -71798.2878
2016-07-27 22:00:07,167 - sarcos - DEBUG - Objective difference: 814.183952
2016-07-27 22:00:07,167 - sarcos - INFO - Mean difference: 0.019904
2016-07-27 22:00:07,168 - sarcos - INFO - Covariance difference: 0.000151
2016-07-27 22:00:07,168 - sarcos - INFO - Iteration 11 started.
2016-07-27 22:00:07,168 - sarcos - INFO - Optimizing: mog
2016-07-27 22:04:27,526 - sarcos - DEBUG - Objective: -71797.1298
2016-07-27 22:08:51,881 - sarcos - DEBUG - Objective: -66543.9205
2016-07-27 22:13:09,712 - sarcos - DEBUG - Objective: -71806.3376
2016-07-27 22:17:27,880 - sarcos - DEBUG - Objective: -71814.6944
2016-07-27 22:21:50,489 - sarcos - DEBUG - Objective: -71828.4936
2016-07-27 22:26:07,805 - sarcos - DEBUG - Objective: -71836.2931
2016-07-27 22:30:32,108 - sarcos - DEBUG - Objective: -71838.8250
2016-07-27 22:34:56,374 - sarcos - DEBUG - Objective: -71853.6028
2016-07-27 22:39:20,068 - sarcos - DEBUG - Objective: -71860.6224
2016-07-27 22:43:36,205 - sarcos - DEBUG - Objective: -71867.1141
2016-07-27 22:47:55,046 - sarcos - DEBUG - Objective: -71883.3694
2016-07-27 22:52:13,225 - sarcos - DEBUG - Objective: -71895.7117
2016-07-27 22:56:34,871 - sarcos - DEBUG - Objective: -71904.8753
2016-07-27 23:00:53,133 - sarcos - DEBUG - Objective: -71918.8223
2016-07-27 23:05:12,112 - sarcos - DEBUG - Objective: -71929.3900
2016-07-27 23:09:31,333 - sarcos - DEBUG - Objective: -71941.8450
2016-07-27 23:13:47,718 - sarcos - DEBUG - Objective: -71951.5663
2016-07-27 23:18:06,138 - sarcos - DEBUG - Objective: -71967.2769
2016-07-27 23:22:26,042 - sarcos - DEBUG - Objective: -71985.7002
2016-07-27 23:26:49,337 - sarcos - DEBUG - Objective: -72009.2907
2016-07-27 23:31:13,840 - sarcos - DEBUG - Objective: -72040.4397
2016-07-27 23:35:36,960 - sarcos - DEBUG - Objective: -72071.5702
2016-07-27 23:39:55,436 - sarcos - DEBUG - Objective: -72103.3363
2016-07-27 23:44:12,440 - sarcos - DEBUG - Objective: -72147.0748
2016-07-27 23:48:30,532 - sarcos - DEBUG - Objective: -72202.3064
2016-07-27 23:52:48,280 - sarcos - DEBUG - Objective: -72304.4127
2016-07-27 23:52:49,021 - sarcos - INFO - Optimizing: hyp
2016-07-28 00:03:06,743 - sarcos - DEBUG - Objective: -72303.4916
2016-07-28 00:14:44,065 - sarcos - DEBUG - Objective: -69105.4519
2016-07-28 00:24:50,854 - sarcos - DEBUG - Objective: -72237.0243
2016-07-28 00:35:03,039 - sarcos - DEBUG - Objective: -72296.6574
2016-07-28 00:45:08,888 - sarcos - DEBUG - Objective: -72302.6883
2016-07-28 00:55:21,854 - sarcos - DEBUG - Objective: -72304.7533
2016-07-28 01:05:58,757 - sarcos - DEBUG - Objective: -72302.2744
2016-07-28 01:16:06,442 - sarcos - DEBUG - Objective: -72302.3502
2016-07-28 01:26:33,552 - sarcos - DEBUG - Objective: -72302.7017
2016-07-28 01:36:50,908 - sarcos - DEBUG - Objective: -72305.9076
2016-07-28 01:46:53,898 - sarcos - DEBUG - Objective: -72283.1748
2016-07-28 01:56:49,899 - sarcos - INFO - Optimizing: ll
2016-07-28 01:59:04,908 - sarcos - DEBUG - Objective: -72302.5536
2016-07-28 02:01:17,080 - sarcos - DEBUG - Objective: -41541.5234
2016-07-28 02:03:31,919 - sarcos - DEBUG - Objective: -72308.7424
2016-07-28 02:05:47,075 - sarcos - DEBUG - Objective: -72309.1316
2016-07-28 02:08:02,803 - sarcos - DEBUG - Objective: -72308.1495
2016-07-28 02:10:18,289 - sarcos - DEBUG - Objective: -72307.9560
2016-07-28 02:12:33,537 - sarcos - DEBUG - Objective: -72309.9004
2016-07-28 02:12:33,537 - sarcos - DEBUG - Objective: -72309.9004
2016-07-28 02:12:33,537 - sarcos - DEBUG - Objective: -72309.9004
2016-07-28 02:14:43,606 - sarcos - DEBUG - Objective: -60354.3486
2016-07-28 02:16:58,566 - sarcos - DEBUG - Objective: -72310.6749
2016-07-28 02:16:59,358 - sarcos - DEBUG - Objective difference: 512.387062
2016-07-28 02:16:59,359 - sarcos - INFO - Mean difference: 0.030531
2016-07-28 02:16:59,359 - sarcos - INFO - Covariance difference: 0.000195
2016-07-28 02:16:59,359 - sarcos - INFO - Iteration 12 started.
2016-07-28 02:16:59,359 - sarcos - INFO - Optimizing: mog
2016-07-28 02:21:18,851 - sarcos - DEBUG - Objective: -72309.5929
2016-07-28 02:25:36,641 - sarcos - DEBUG - Objective: -69203.1222
2016-07-28 02:29:52,636 - sarcos - DEBUG - Objective: -72361.3158
2016-07-28 02:34:07,504 - sarcos - DEBUG - Objective: -72404.8730
2016-07-28 02:38:27,830 - sarcos - DEBUG - Objective: -72436.5577
2016-07-28 02:42:47,474 - sarcos - DEBUG - Objective: -72458.1912
2016-07-28 02:47:09,901 - sarcos - DEBUG - Objective: -72479.1970
2016-07-28 02:51:23,963 - sarcos - DEBUG - Objective: -72503.9475
2016-07-28 02:55:39,868 - sarcos - DEBUG - Objective: -72517.8117
2016-07-28 02:59:55,339 - sarcos - DEBUG - Objective: -72528.5658
2016-07-28 03:04:12,019 - sarcos - DEBUG - Objective: -72532.6120
2016-07-28 03:08:26,936 - sarcos - DEBUG - Objective: -72541.5864
2016-07-28 03:12:43,058 - sarcos - DEBUG - Objective: -72547.8368
2016-07-28 03:16:58,216 - sarcos - DEBUG - Objective: -72556.1237
2016-07-28 03:21:14,984 - sarcos - DEBUG - Objective: -72562.9032
2016-07-28 03:25:32,940 - sarcos - DEBUG - Objective: -72570.3372
2016-07-28 03:29:50,015 - sarcos - DEBUG - Objective: -72577.3876
2016-07-28 03:34:11,084 - sarcos - DEBUG - Objective: -72583.2268
2016-07-28 03:38:26,025 - sarcos - DEBUG - Objective: -72586.4891
2016-07-28 03:42:42,468 - sarcos - DEBUG - Objective: -72591.1149
2016-07-28 03:46:58,550 - sarcos - DEBUG - Objective: -72594.3242
2016-07-28 03:51:15,324 - sarcos - DEBUG - Objective: -72596.8836
2016-07-28 03:55:30,754 - sarcos - DEBUG - Objective: -72599.3893
2016-07-28 03:59:46,531 - sarcos - DEBUG - Objective: -72603.8177
2016-07-28 04:04:08,859 - sarcos - DEBUG - Objective: -72609.6680
2016-07-28 04:08:27,806 - sarcos - DEBUG - Objective: -72615.7914
2016-07-28 04:08:28,574 - sarcos - INFO - Optimizing: hyp
2016-07-28 04:18:35,494 - sarcos - DEBUG - Objective: -72617.1692
2016-07-28 04:28:44,454 - sarcos - DEBUG - Objective: -69562.6866
2016-07-28 04:38:52,261 - sarcos - DEBUG - Objective: -72555.6006
2016-07-28 04:48:51,487 - sarcos - DEBUG - Objective: -72609.4540
2016-07-28 04:58:56,494 - sarcos - DEBUG - Objective: -72616.1093
2016-07-28 05:08:57,480 - sarcos - DEBUG - Objective: -72614.9644
2016-07-28 05:19:48,243 - sarcos - DEBUG - Objective: -72616.7375
2016-07-28 05:29:51,891 - sarcos - DEBUG - Objective: -72613.3998
2016-07-28 05:40:01,417 - sarcos - DEBUG - Objective: -72617.6334
2016-07-28 05:49:57,617 - sarcos - DEBUG - Objective: -72616.0905
2016-07-28 06:00:00,048 - sarcos - DEBUG - Objective: -72615.4330
2016-07-28 06:00:00,048 - sarcos - INFO - Optimizing: ll
2016-07-28 06:02:10,333 - sarcos - DEBUG - Objective: -72615.8408
2016-07-28 06:04:27,971 - sarcos - DEBUG - Objective: -41076.4393
2016-07-28 06:06:38,909 - sarcos - DEBUG - Objective: -72617.0413
2016-07-28 06:08:56,073 - sarcos - DEBUG - Objective: -72616.6807
2016-07-28 06:11:07,217 - sarcos - DEBUG - Objective: -72618.8073
2016-07-28 06:13:16,590 - sarcos - DEBUG - Objective: -72616.7883
2016-07-28 06:15:29,046 - sarcos - DEBUG - Objective: -72619.0758
2016-07-28 06:17:46,596 - sarcos - DEBUG - Objective: -72617.0696
2016-07-28 06:20:03,836 - sarcos - DEBUG - Objective: -72614.9806
2016-07-28 06:20:04,681 - sarcos - DEBUG - Objective difference: 304.305695
2016-07-28 06:20:04,682 - sarcos - INFO - Mean difference: 0.012323
2016-07-28 06:20:04,682 - sarcos - INFO - Covariance difference: 0.000093
2016-07-28 06:20:04,682 - sarcos - INFO - Iteration 13 started.
2016-07-28 06:20:04,682 - sarcos - INFO - Optimizing: mog
2016-07-28 06:24:26,574 - sarcos - DEBUG - Objective: -72616.8911
2016-07-28 06:28:45,350 - sarcos - DEBUG - Objective: -68966.8535
2016-07-28 06:33:11,546 - sarcos - DEBUG - Objective: -72621.1512
2016-07-28 06:37:39,012 - sarcos - DEBUG - Objective: -72624.0206
2016-07-28 06:41:58,705 - sarcos - DEBUG - Objective: -72630.4731
2016-07-28 06:46:16,271 - sarcos - DEBUG - Objective: -72631.3267
2016-07-28 06:50:35,820 - sarcos - DEBUG - Objective: -72633.7017
2016-07-28 06:54:56,353 - sarcos - DEBUG - Objective: -72639.0395
2016-07-28 06:59:17,145 - sarcos - DEBUG - Objective: -72639.8204
2016-07-28 07:03:36,703 - sarcos - DEBUG - Objective: -72643.0701
2016-07-28 07:07:56,245 - sarcos - DEBUG - Objective: -72647.3652
2016-07-28 07:12:16,429 - sarcos - DEBUG - Objective: -72652.7733
2016-07-28 07:16:35,101 - sarcos - DEBUG - Objective: -72659.7561
2016-07-28 07:21:00,744 - sarcos - DEBUG - Objective: -72666.7205
2016-07-28 07:25:19,378 - sarcos - DEBUG - Objective: -72671.0169
2016-07-28 07:29:39,780 - sarcos - DEBUG - Objective: -72676.7758
2016-07-28 07:34:00,944 - sarcos - DEBUG - Objective: -72682.5926
2016-07-28 07:38:28,527 - sarcos - DEBUG - Objective: -72691.0240
2016-07-28 07:42:52,554 - sarcos - DEBUG - Objective: -72698.4025
2016-07-28 07:47:14,565 - sarcos - DEBUG - Objective: -72709.1604
2016-07-28 07:51:42,570 - sarcos - DEBUG - Objective: -72721.9896
2016-07-28 07:56:01,724 - sarcos - DEBUG - Objective: -72732.5353
2016-07-28 08:00:21,880 - sarcos - DEBUG - Objective: -72744.0143
2016-07-28 08:04:47,940 - sarcos - DEBUG - Objective: -72761.9590
2016-07-28 08:09:07,936 - sarcos - DEBUG - Objective: -72775.9667
2016-07-28 08:13:30,507 - sarcos - DEBUG - Objective: -72796.2657
2016-07-28 08:13:31,282 - sarcos - INFO - Optimizing: hyp
2016-07-28 08:25:07,568 - sarcos - DEBUG - Objective: -72795.5259
2016-07-28 08:36:09,979 - sarcos - DEBUG - Objective: -69803.5780
2016-07-28 08:46:34,105 - sarcos - DEBUG - Objective: -72740.0673
2016-07-28 08:57:31,868 - sarcos - DEBUG - Objective: -72793.7691
2016-07-28 09:07:38,739 - sarcos - DEBUG - Objective: -72794.6884
2016-07-28 09:17:54,565 - sarcos - DEBUG - Objective: -72797.3859
2016-07-28 09:28:32,490 - sarcos - DEBUG - Objective: -72798.4482
2016-07-28 09:38:43,482 - sarcos - DEBUG - Objective: -72797.3474
2016-07-28 09:48:57,753 - sarcos - DEBUG - Objective: -72797.8959
2016-07-28 09:59:06,620 - sarcos - DEBUG - Objective: -72794.1382
2016-07-28 09:59:06,621 - sarcos - INFO - Optimizing: ll
2016-07-28 10:01:24,310 - sarcos - DEBUG - Objective: -72797.3045
2016-07-28 10:03:40,194 - sarcos - DEBUG - Objective: -41376.4048
2016-07-28 10:05:56,244 - sarcos - DEBUG - Objective: -72797.7808
2016-07-28 10:08:07,058 - sarcos - DEBUG - Objective: -72798.3738
2016-07-28 10:10:19,045 - sarcos - DEBUG - Objective: -72798.6833
2016-07-28 10:12:28,923 - sarcos - DEBUG - Objective: -72798.1465
2016-07-28 10:14:40,467 - sarcos - DEBUG - Objective: -72796.8680
2016-07-28 10:16:58,137 - sarcos - DEBUG - Objective: -72796.8023
2016-07-28 10:16:58,137 - sarcos - DEBUG - Objective: -72796.8023
2016-07-28 10:16:58,862 - sarcos - DEBUG - Objective difference: 181.821716
2016-07-28 10:16:58,862 - sarcos - INFO - Mean difference: 0.012840
2016-07-28 10:16:58,863 - sarcos - INFO - Covariance difference: 0.000111
2016-07-28 10:16:58,863 - sarcos - INFO - Iteration 14 started.
2016-07-28 10:16:58,863 - sarcos - INFO - Optimizing: mog
2016-07-28 10:21:21,677 - sarcos - DEBUG - Objective: -72797.9810
2016-07-28 10:25:41,093 - sarcos - DEBUG - Objective: -66029.0983
2016-07-28 10:30:03,380 - sarcos - DEBUG - Objective: -72809.6290
2016-07-28 10:34:30,415 - sarcos - DEBUG - Objective: -72814.2234
2016-07-28 10:38:56,743 - sarcos - DEBUG - Objective: -72837.0130
2016-07-28 10:43:16,925 - sarcos - DEBUG - Objective: -72845.1238
2016-07-28 10:47:42,717 - sarcos - DEBUG - Objective: -72851.9982
2016-07-28 10:52:07,180 - sarcos - DEBUG - Objective: -72859.8858
2016-07-28 10:56:28,353 - sarcos - DEBUG - Objective: -72863.9073
2016-07-28 11:00:50,176 - sarcos - DEBUG - Objective: -72867.5995
2016-07-28 11:05:16,063 - sarcos - DEBUG - Objective: -72873.4313
2016-07-28 11:09:38,051 - sarcos - DEBUG - Objective: -72873.2278
2016-07-28 11:14:01,312 - sarcos - DEBUG - Objective: -72870.1396
2016-07-28 11:18:24,092 - sarcos - DEBUG - Objective: -72871.8530
2016-07-28 11:22:48,865 - sarcos - DEBUG - Objective: -72872.1191
2016-07-28 11:27:06,010 - sarcos - DEBUG - Objective: -72870.3432
2016-07-28 11:31:29,205 - sarcos - DEBUG - Objective: -72872.2197
2016-07-28 11:35:48,383 - sarcos - DEBUG - Objective: -72870.3506
2016-07-28 11:35:48,455 - sarcos - INFO - Optimizing: hyp
2016-07-28 11:45:59,124 - sarcos - DEBUG - Objective: -72871.2332
2016-07-28 11:56:09,501 - sarcos - DEBUG - Objective: -69855.6615
2016-07-28 12:06:38,702 - sarcos - DEBUG - Objective: -72810.4691
2016-07-28 12:17:38,388 - sarcos - DEBUG - Objective: -72864.9148
2016-07-28 12:27:48,819 - sarcos - DEBUG - Objective: -72868.0409
2016-07-28 12:38:00,630 - sarcos - DEBUG - Objective: -72869.5983
2016-07-28 12:48:23,734 - sarcos - DEBUG - Objective: -72869.5172
2016-07-28 12:58:34,707 - sarcos - DEBUG - Objective: -72870.4301
2016-07-28 13:08:46,920 - sarcos - DEBUG - Objective: -72871.9724
2016-07-28 13:08:46,921 - sarcos - DEBUG - Objective: -72871.9724
2016-07-28 13:18:59,146 - sarcos - DEBUG - Objective: -72871.2999
2016-07-28 13:30:39,242 - sarcos - INFO - Optimizing: ll
2016-07-28 13:32:53,243 - sarcos - DEBUG - Objective: -72871.0799
2016-07-28 13:35:03,544 - sarcos - DEBUG - Objective: -41058.3421
2016-07-28 13:37:14,010 - sarcos - DEBUG - Objective: -72870.1166
2016-07-28 13:39:24,661 - sarcos - DEBUG - Objective: -72871.4062
2016-07-28 13:41:37,331 - sarcos - DEBUG - Objective: -72870.4130
2016-07-28 13:43:46,693 - sarcos - DEBUG - Objective: -72870.8428
2016-07-28 13:43:47,323 - sarcos - DEBUG - Objective difference: 74.040527
2016-07-28 13:43:47,324 - sarcos - INFO - Mean difference: 0.004444
2016-07-28 13:43:47,324 - sarcos - INFO - Covariance difference: 0.000055
2016-07-28 13:43:47,324 - sarcos - INFO - Iteration 15 started.
2016-07-28 13:43:47,324 - sarcos - INFO - Optimizing: mog
2016-07-28 13:48:07,062 - sarcos - DEBUG - Objective: -72871.0799
2016-07-28 13:52:29,492 - sarcos - DEBUG - Objective: -64576.3304
2016-07-28 13:56:44,720 - sarcos - DEBUG - Objective: -72872.2744
2016-07-28 14:01:00,826 - sarcos - DEBUG - Objective: -72872.2460
2016-07-28 14:05:17,493 - sarcos - DEBUG - Objective: -72870.8885
2016-07-28 14:09:34,272 - sarcos - DEBUG - Objective: -72874.2636
2016-07-28 14:13:51,662 - sarcos - DEBUG - Objective: -72872.1617
2016-07-28 14:18:09,735 - sarcos - DEBUG - Objective: -72873.4857
2016-07-28 14:22:28,391 - sarcos - DEBUG - Objective: -72873.8785
2016-07-28 14:26:45,047 - sarcos - DEBUG - Objective: -72875.7958
2016-07-28 14:31:04,886 - sarcos - DEBUG - Objective: -72876.7584
2016-07-28 14:35:23,040 - sarcos - DEBUG - Objective: -72876.6117
2016-07-28 14:39:41,604 - sarcos - DEBUG - Objective: -72877.2916
2016-07-28 14:43:57,751 - sarcos - DEBUG - Objective: -72878.6810
2016-07-28 14:48:15,918 - sarcos - DEBUG - Objective: -72879.4847
2016-07-28 14:52:34,083 - sarcos - DEBUG - Objective: -72881.1666
2016-07-28 14:56:51,303 - sarcos - DEBUG - Objective: -72882.8268
2016-07-28 15:01:11,119 - sarcos - DEBUG - Objective: -72884.3168
2016-07-28 15:05:29,781 - sarcos - DEBUG - Objective: -72887.5767
2016-07-28 15:09:47,913 - sarcos - DEBUG - Objective: -72891.9315
2016-07-28 15:14:04,765 - sarcos - DEBUG - Objective: -72892.3568
2016-07-28 15:18:23,921 - sarcos - DEBUG - Objective: -72898.8361
2016-07-28 15:22:41,539 - sarcos - DEBUG - Objective: -72902.3600
2016-07-28 15:26:58,585 - sarcos - DEBUG - Objective: -72902.9520
2016-07-28 15:31:17,069 - sarcos - DEBUG - Objective: -72905.0109
2016-07-28 15:35:35,379 - sarcos - DEBUG - Objective: -72908.0096
2016-07-28 15:35:36,139 - sarcos - INFO - Optimizing: hyp
2016-07-28 15:45:37,915 - sarcos - DEBUG - Objective: -72908.5649
2016-07-28 15:57:15,367 - sarcos - DEBUG - Objective: -69929.2915
2016-07-28 16:07:27,349 - sarcos - DEBUG - Objective: -72850.9878
2016-07-28 16:19:04,947 - sarcos - DEBUG - Objective: -72903.6896
2016-07-28 16:29:13,438 - sarcos - DEBUG - Objective: -72905.9129
2016-07-28 16:40:50,222 - sarcos - DEBUG - Objective: -72907.8550
2016-07-28 16:50:57,830 - sarcos - DEBUG - Objective: -72907.3422
2016-07-28 17:01:05,728 - sarcos - DEBUG - Objective: -72906.4849
2016-07-28 17:11:24,566 - sarcos - DEBUG - Objective: -72907.8627
2016-07-28 17:21:30,742 - sarcos - DEBUG - Objective: -72908.2189
2016-07-28 17:32:15,251 - sarcos - DEBUG - Objective: -72906.1424
2016-07-28 17:32:15,251 - sarcos - INFO - Optimizing: ll
2016-07-28 17:34:25,810 - sarcos - DEBUG - Objective: -72907.2925
2016-07-28 17:36:40,639 - sarcos - DEBUG - Objective: -41121.3354
2016-07-28 17:38:52,048 - sarcos - DEBUG - Objective: -72908.6485
2016-07-28 17:41:01,933 - sarcos - DEBUG - Objective: -72908.1516
2016-07-28 17:43:15,378 - sarcos - DEBUG - Objective: -72910.2589
2016-07-28 17:45:30,712 - sarcos - DEBUG - Objective: -72908.9073
2016-07-28 17:47:45,812 - sarcos - DEBUG - Objective: -72907.5491
2016-07-28 17:50:01,757 - sarcos - DEBUG - Objective: -72907.3173
2016-07-28 17:50:02,369 - sarcos - DEBUG - Objective difference: 36.474487
2016-07-28 17:50:02,370 - sarcos - INFO - Mean difference: 0.004838
2016-07-28 17:50:02,370 - sarcos - INFO - Covariance difference: 0.000029
2016-07-28 17:50:02,370 - sarcos - INFO - Iteration 16 started.
2016-07-28 17:50:02,370 - sarcos - INFO - Optimizing: mog
2016-07-28 17:54:25,969 - sarcos - DEBUG - Objective: -72908.9339
2016-07-28 17:58:44,890 - sarcos - DEBUG - Objective: -66466.6818
2016-07-28 18:03:01,458 - sarcos - DEBUG - Objective: -72909.8940
2016-07-28 18:07:18,591 - sarcos - DEBUG - Objective: -72910.2264
2016-07-28 18:11:41,559 - sarcos - DEBUG - Objective: -72910.9049
2016-07-28 18:16:00,323 - sarcos - DEBUG - Objective: -72912.2419
2016-07-28 18:20:18,394 - sarcos - DEBUG - Objective: -72914.2341
2016-07-28 18:24:40,994 - sarcos - DEBUG - Objective: -72917.4218
2016-07-28 18:28:57,908 - sarcos - DEBUG - Objective: -72920.3666
2016-07-28 18:33:14,047 - sarcos - DEBUG - Objective: -72922.8316
2016-07-28 18:37:30,677 - sarcos - DEBUG - Objective: -72922.7554
2016-07-28 18:41:47,560 - sarcos - DEBUG - Objective: -72921.7148
2016-07-28 18:46:05,778 - sarcos - DEBUG - Objective: -72922.4614
2016-07-28 18:50:23,662 - sarcos - DEBUG - Objective: -72919.0776
2016-07-28 18:54:39,722 - sarcos - DEBUG - Objective: -72923.1116
2016-07-28 18:58:56,886 - sarcos - DEBUG - Objective: -72920.3702
2016-07-28 19:03:13,947 - sarcos - DEBUG - Objective: -72919.5040
2016-07-28 19:03:14,015 - sarcos - INFO - Optimizing: hyp
2016-07-28 19:13:34,518 - sarcos - DEBUG - Objective: -72921.6813
2016-07-28 19:25:12,607 - sarcos - DEBUG - Objective: -69935.4282
2016-07-28 19:35:23,027 - sarcos - DEBUG - Objective: -72862.2155
2016-07-28 19:45:27,212 - sarcos - DEBUG - Objective: -72914.8199
2016-07-28 19:55:31,903 - sarcos - DEBUG - Objective: -72920.0506
2016-07-28 20:05:39,712 - sarcos - DEBUG - Objective: -72922.6592
2016-07-28 20:15:49,501 - sarcos - DEBUG - Objective: -72921.2315
2016-07-28 20:26:10,367 - sarcos - DEBUG - Objective: -72919.9944
2016-07-28 20:36:36,764 - sarcos - DEBUG - Objective: -72921.6286
2016-07-28 20:46:57,196 - sarcos - DEBUG - Objective: -72921.2940
2016-07-28 20:46:57,196 - sarcos - INFO - Optimizing: ll
2016-07-28 20:49:07,147 - sarcos - DEBUG - Objective: -72923.0895
2016-07-28 20:51:21,716 - sarcos - DEBUG - Objective: -41079.5542
2016-07-28 20:53:31,200 - sarcos - DEBUG - Objective: -72921.2148
2016-07-28 20:55:40,682 - sarcos - DEBUG - Objective: -72921.0471
2016-07-28 20:57:50,478 - sarcos - DEBUG - Objective: -72921.0165
2016-07-28 21:00:00,537 - sarcos - DEBUG - Objective: -72920.5158
2016-07-28 21:00:00,538 - sarcos - DEBUG - Objective: -72920.5158
2016-07-28 21:00:01,142 - sarcos - DEBUG - Objective difference: 13.198486
2016-07-28 21:00:01,142 - sarcos - INFO - Mean difference: 0.001952
2016-07-28 21:00:01,142 - sarcos - INFO - Covariance difference: 0.000023
2016-07-28 21:00:01,143 - sarcos - DEBUG - prediction started...
2016-07-28 21:00:31,540 - sarcos - DEBUG - prediction finished
